#
# There is insufficient memory for the Java Runtime Environment to continue.
# Native memory allocation (malloc) failed to allocate 341296 bytes for Chunk::new
# Possible reasons:
#   The system is out of physical RAM or swap space
#   In 32 bit mode, the process size limit was hit
# Possible solutions:
#   Reduce memory load on the system
#   Increase physical memory or swap space
#   Check if swap backing store is full
#   Use 64 bit Java on a 64 bit OS
#   Decrease Java heap size (-Xmx/-Xms)
#   Decrease number of Java threads
#   Decrease Java thread stack sizes (-Xss)
#   Set larger code cache with -XX:ReservedCodeCacheSize=
# This output file may be truncated or incomplete.
#
#  Out of Memory Error (allocation.cpp:390), pid=3076, tid=0x00000000000010cc
#
# JRE version: OpenJDK Runtime Environment (8.0_76-b03) (build 1.8.0_76-release-b03)
# Java VM: OpenJDK 64-Bit Server VM (25.76-b03 mixed mode windows-amd64 compressed oops)
# Failed to write core dump. Minidumps are not enabled by default on client versions of Windows
#

---------------  T H R E A D  ---------------

Current thread (0x000000001462b800):  JavaThread "C2 CompilerThread1" daemon [_thread_in_native, id=4300, stack(0x0000000015d60000,0x0000000015e60000)]

Stack: [0x0000000015d60000,0x0000000015e60000]
[error occurred during error reporting (printing stack bounds), id 0xc0000005]

Native frames: (J=compiled Java code, j=interpreted, Vv=VM code, C=native code)


Current CompileTask:
C2:   4437 1204       4       com.android.dx.ssa.SCCP::simulateStmt (481 bytes)


---------------  P R O C E S S  ---------------

Java Threads: ( => current thread )
  0x00000000160d1000 JavaThread "pool-2-thread-4" [_thread_blocked, id=4904, stack(0x0000000016960000,0x0000000016a60000)]
  0x00000000160d0800 JavaThread "pool-2-thread-3" [_thread_in_vm, id=6376, stack(0x0000000016860000,0x0000000016960000)]
  0x00000000160cb800 JavaThread "pool-2-thread-2" [_thread_in_Java, id=5516, stack(0x0000000016760000,0x0000000016860000)]
  0x00000000160be800 JavaThread "pool-3-thread-1" [_thread_blocked, id=7004, stack(0x0000000016660000,0x0000000016760000)]
  0x00000000160be000 JavaThread "pool-2-thread-1" [_thread_in_Java, id=2852, stack(0x0000000016560000,0x0000000016660000)]
  0x0000000015e69000 JavaThread "Service Thread" daemon [_thread_blocked, id=7108, stack(0x0000000016360000,0x0000000016460000)]
  0x0000000015e68800 JavaThread "C1 CompilerThread2" daemon [_thread_in_native, id=6332, stack(0x0000000016260000,0x0000000016360000)]
=>0x000000001462b800 JavaThread "C2 CompilerThread1" daemon [_thread_in_native, id=4300, stack(0x0000000015d60000,0x0000000015e60000)]
  0x0000000014628000 JavaThread "C2 CompilerThread0" daemon [_thread_in_native, id=1080, stack(0x0000000015c60000,0x0000000015d60000)]
  0x0000000014626800 JavaThread "Attach Listener" daemon [_thread_blocked, id=6920, stack(0x0000000015b60000,0x0000000015c60000)]
  0x0000000014625800 JavaThread "Signal Dispatcher" daemon [_thread_blocked, id=2248, stack(0x0000000015a60000,0x0000000015b60000)]
  0x0000000001e9b000 JavaThread "Finalizer" daemon [_thread_blocked, id=6200, stack(0x0000000015880000,0x0000000015980000)]
  0x0000000001e90000 JavaThread "Reference Handler" daemon [_thread_blocked, id=2224, stack(0x0000000015780000,0x0000000015880000)]
  0x0000000001da0800 JavaThread "main" [_thread_in_Java, id=2232, stack(0x0000000000540000,0x0000000000640000)]

Other Threads:
  0x00000000145e6800 VMThread [stack: 0x0000000015680000,0x0000000015780000] [id=5056]
  0x0000000015e74800 WatcherThread [stack: 0x0000000016460000,0x0000000016560000] [id=1848]

VM state:not at safepoint (normal execution)

VM Mutex/Monitor currently owned by a thread: None

Heap:
 PSYoungGen      total 18944K, used 13823K [0x00000000eab00000, 0x00000000ec000000, 0x0000000100000000)
  eden space 16384K, 68% used [0x00000000eab00000,0x00000000eb6052c0,0x00000000ebb00000)
  from space 2560K, 99% used [0x00000000ebb00000,0x00000000ebd7aaa8,0x00000000ebd80000)
  to   space 2560K, 0% used [0x00000000ebd80000,0x00000000ebd80000,0x00000000ec000000)
 ParOldGen       total 44032K, used 1648K [0x00000000c0000000, 0x00000000c2b00000, 0x00000000eab00000)
  object space 44032K, 3% used [0x00000000c0000000,0x00000000c019c120,0x00000000c2b00000)
 Metaspace       used 5947K, capacity 6896K, committed 7040K, reserved 1056768K
  class space    used 574K, capacity 616K, committed 640K, reserved 1048576K

Card table byte_map: [0x0000000011310000,0x0000000011520000] byte_map_base: 0x0000000010d10000

Marking Bits: (ParMarkBitMap*) 0x00000000538d9d00
 Begin Bits: [0x0000000011a80000, 0x0000000012a80000)
 End Bits:   [0x0000000012a80000, 0x0000000013a80000)

Polling page: 0x0000000000640000

CodeCache: size=245760Kb used=4829Kb max_used=4829Kb free=240930Kb
 bounds [0x0000000001f50000, 0x0000000002410000, 0x0000000010f50000]
 total_blobs=1494 nmethods=1226 adapters=182
 compilation: enabled

Compilation events (10 events):
Event: 4.382 Thread 0x0000000015e68800 1226       3       com.android.dx.cf.code.BasicBlocker::visitNoArgs (298 bytes)
Event: 4.384 Thread 0x0000000015e68800 nmethod 1226 0x0000000002408290 code [0x0000000002408500, 0x00000000024092b8]
Event: 4.384 Thread 0x0000000015e68800 1230       3       com.android.dx.ssa.LocalVariableExtractor::doit (59 bytes)
Event: 4.384 Thread 0x0000000015e68800 nmethod 1230 0x0000000002409e90 code [0x000000000240a040, 0x000000000240a588]
Event: 4.384 Thread 0x0000000015e68800 1227       3       com.android.dx.cf.code.ByteCatchList::typeNotFound (47 bytes)
Event: 4.385 Thread 0x0000000015e68800 nmethod 1227 0x000000000240a790 code [0x000000000240a920, 0x000000000240ad30]
Event: 4.385 Thread 0x0000000015e68800 1229       3       com.android.dx.rop.cst.CstType::getType (4 bytes)
Event: 4.385 Thread 0x0000000015e68800 nmethod 1229 0x000000000240af50 code [0x000000000240b0a0, 0x000000000240b1f0]
Event: 4.385 Thread 0x0000000015e68800 1228       3       com.android.dx.rop.cst.TypedConstant::getBasicFrameType (8 bytes)
Event: 4.386 Thread 0x0000000015e68800 nmethod 1228 0x000000000240b290 code [0x000000000240b400, 0x000000000240b6d8]

GC Heap History (2 events):
Event: 3.001 GC heap before
{Heap before GC invocations=1 (full 0):
 PSYoungGen      total 18944K, used 16384K [0x00000000eab00000, 0x00000000ec000000, 0x0000000100000000)
  eden space 16384K, 100% used [0x00000000eab00000,0x00000000ebb00000,0x00000000ebb00000)
  from space 2560K, 0% used [0x00000000ebd80000,0x00000000ebd80000,0x00000000ec000000)
  to   space 2560K, 0% used [0x00000000ebb00000,0x00000000ebb00000,0x00000000ebd80000)
 ParOldGen       total 44032K, used 0K [0x00000000c0000000, 0x00000000c2b00000, 0x00000000eab00000)
  object space 44032K, 0% used [0x00000000c0000000,0x00000000c0000000,0x00000000c2b00000)
 Metaspace       used 5729K, capacity 6704K, committed 6784K, reserved 1056768K
  class space    used 572K, capacity 616K, committed 640K, reserved 1048576K
Event: 3.096 GC heap after
Heap after GC invocations=1 (full 0):
 PSYoungGen      total 18944K, used 2538K [0x00000000eab00000, 0x00000000ec000000, 0x0000000100000000)
  eden space 16384K, 0% used [0x00000000eab00000,0x00000000eab00000,0x00000000ebb00000)
  from space 2560K, 99% used [0x00000000ebb00000,0x00000000ebd7aaa8,0x00000000ebd80000)
  to   space 2560K, 0% used [0x00000000ebd80000,0x00000000ebd80000,0x00000000ec000000)
 ParOldGen       total 44032K, used 1648K [0x00000000c0000000, 0x00000000c2b00000, 0x00000000eab00000)
  object space 44032K, 3% used [0x00000000c0000000,0x00000000c019c120,0x00000000c2b00000)
 Metaspace       used 5729K, capacity 6704K, committed 6784K, reserved 1056768K
  class space    used 572K, capacity 616K, committed 640K, reserved 1048576K
}

Deoptimization events (8 events):
Event: 2.132 Thread 0x00000000160cb800 Uncommon trap: reason=unstable_if action=reinterpret pc=0x000000000217b1b8 method=java.util.HashMap.getNode(ILjava/lang/Object;)Ljava/util/HashMap$Node; @ 62
Event: 2.756 Thread 0x00000000160be000 Uncommon trap: reason=unstable_if action=reinterpret pc=0x00000000021805f0 method=java.util.BitSet.nextSetBit(I)I @ 87
Event: 3.160 Thread 0x00000000160be000 Uncommon trap: reason=class_check action=maybe_recompile pc=0x000000000223fa94 method=com.android.dx.ssa.NormalSsaInsn.accept(Lcom/android/dx/ssa/SsaInsn$Visitor;)V @ 9
Event: 3.160 Thread 0x00000000160be000 Uncommon trap: reason=class_check action=maybe_recompile pc=0x000000000223fa94 method=com.android.dx.ssa.NormalSsaInsn.accept(Lcom/android/dx/ssa/SsaInsn$Visitor;)V @ 9
Event: 3.160 Thread 0x00000000160be000 Uncommon trap: reason=class_check action=maybe_recompile pc=0x000000000223fa94 method=com.android.dx.ssa.NormalSsaInsn.accept(Lcom/android/dx/ssa/SsaInsn$Visitor;)V @ 9
Event: 3.161 Thread 0x00000000160be000 Uncommon trap: reason=class_check action=maybe_recompile pc=0x000000000223fa94 method=com.android.dx.ssa.NormalSsaInsn.accept(Lcom/android/dx/ssa/SsaInsn$Visitor;)V @ 9
Event: 3.162 Thread 0x00000000160be000 Uncommon trap: reason=class_check action=maybe_recompile pc=0x00000000021f1cb0 method=com.android.dx.ssa.NormalSsaInsn.accept(Lcom/android/dx/ssa/SsaInsn$Visitor;)V @ 9
Event: 4.340 Thread 0x00000000160cb800 Uncommon trap: reason=null_check action=make_not_entrant pc=0x00000000023e81a8 method=com.android.dx.rop.type.Type.equals(Ljava/lang/Object;)Z @ 8

Internal exceptions (3 events):
Event: 0.079 Thread 0x0000000001da0800 Exception <a 'java/lang/NoSuchMethodError': Method sun.misc.Unsafe.defineClass(Ljava/lang/String;[BII)Ljava/lang/Class; name or signature does not match> (0x00000000eab07cc0) thrown at [C:\src\android\AOSP-openjdk\external\jetbrains\jdk\hotspot\src\share\vvø@ŽU5´?
Event: 0.079 Thread 0x0000000001da0800 Exception <a 'java/lang/NoSuchMethodError': Method sun.misc.Unsafe.prefetchRead(Ljava/lang/Object;J)V name or signature does not match> (0x00000000eab07fa8) thrown at [C:\src\android\AOSP-openjdk\external\jetbrains\jdk\hotspot\src\share\vm\prims\jni.cpp, l¥j,Ž\@
Event: 4.340 Thread 0x00000000160cb800 Implicit null exception at 0x00000000023e80a2 to 0x00000000023e819a

Events (10 events):
Event: 3.161 Thread 0x00000000160be000 DEOPT PACKING pc=0x000000000223fa94 sp=0x000000001665ee90
Event: 3.161 Thread 0x00000000160be000 DEOPT UNPACKING pc=0x0000000001f9556a sp=0x000000001665edd0 mode 2
Event: 3.162 Thread 0x00000000160be000 Uncommon trap: trap_request=0xffffffde fr.pc=0x00000000021f1cb0
Event: 3.162 Thread 0x00000000160be000 DEOPT PACKING pc=0x00000000021f1cb0 sp=0x000000001665ee40
Event: 3.162 Thread 0x00000000160be000 DEOPT UNPACKING pc=0x0000000001f9556a sp=0x000000001665ede0 mode 2
Event: 4.241 Executing VM operation: EnableBiasedLocking
Event: 4.241 Executing VM operation: EnableBiasedLocking done
Event: 4.340 Thread 0x00000000160cb800 Uncommon trap: trap_request=0xfffffff4 fr.pc=0x00000000023e81a8
Event: 4.340 Thread 0x00000000160cb800 DEOPT PACKING pc=0x00000000023e81a8 sp=0x000000001685e460
Event: 4.340 Thread 0x00000000160cb800 DEOPT UNPACKING pc=0x0000000001f9556a sp=0x000000001685e3e8 mode 2


Dynamic libraries:
0x00007ff7bbf40000 - 0x00007ff7bbf71000 	C:\Program Files\Android\Android Studio\jre\bin\java.exe
0x00007ff80bf10000 - 0x00007ff80c0bd000 	C:\windows\SYSTEM32\ntdll.dll
0x00007ff809590000 - 0x00007ff8096ce000 	C:\windows\system32\KERNEL32.DLL
0x00007ff809100000 - 0x00007ff809215000 	C:\windows\system32\KERNELBASE.dll
0x00007ff8098e0000 - 0x00007ff80998a000 	C:\windows\system32\ADVAPI32.dll
0x00007ff80b290000 - 0x00007ff80b407000 	C:\windows\system32\USER32.dll
0x00007ff806020000 - 0x00007ff80629b000 	C:\windows\WinSxS\amd64_microsoft.windows.common-controls_6595b64144ccf1df_6.0.9600.18006_none_623f33d3ecbe86e8\COMCTL32.dll
0x00007ff80b420000 - 0x00007ff80b4ca000 	C:\windows\system32\msvcrt.dll
0x00007ff80b6b0000 - 0x00007ff80b709000 	C:\windows\SYSTEM32\sechost.dll
0x00007ff8097a0000 - 0x00007ff8098e0000 	C:\windows\system32\RPCRT4.dll
0x00007ff80b860000 - 0x00007ff80b9af000 	C:\windows\system32\GDI32.dll
0x00007ff809560000 - 0x00007ff80958e000 	C:\windows\system32\SspiCli.dll
0x00007ff80b250000 - 0x00007ff80b286000 	C:\windows\system32\IMM32.DLL
0x00007ff80bdb0000 - 0x00007ff80bf02000 	C:\windows\system32\MSCTF.dll
0x0000000052f60000 - 0x0000000053032000 	C:\Program Files\Android\Android Studio\jre\jre\bin\msvcr100.dll
0x0000000053120000 - 0x0000000053954000 	C:\Program Files\Android\Android Studio\jre\jre\bin\server\jvm.dll
0x00007ff800dc0000 - 0x00007ff800dc9000 	C:\windows\SYSTEM32\WSOCK32.dll
0x00007ff804300000 - 0x00007ff804322000 	C:\windows\SYSTEM32\WINMM.dll
0x00007ff801630000 - 0x00007ff80163a000 	C:\windows\SYSTEM32\VERSION.dll
0x00007ff80b4e0000 - 0x00007ff80b4e7000 	C:\windows\system32\PSAPI.DLL
0x00007ff80ba10000 - 0x00007ff80ba6a000 	C:\windows\system32\WS2_32.dll
0x00007ff8042d0000 - 0x00007ff8042fa000 	C:\windows\SYSTEM32\WINMMBASE.dll
0x00007ff80b4d0000 - 0x00007ff80b4d9000 	C:\windows\system32\NSI.dll
0x00007ff809220000 - 0x00007ff80926f000 	C:\windows\SYSTEM32\cfgmgr32.dll
0x00007ff807e50000 - 0x00007ff807e78000 	C:\windows\SYSTEM32\DEVOBJ.dll
0x00007ff804e20000 - 0x00007ff804e2f000 	C:\Program Files\Android\Android Studio\jre\jre\bin\verify.dll
0x00007ff803cc0000 - 0x00007ff803ce9000 	C:\Program Files\Android\Android Studio\jre\jre\bin\java.dll
0x00007ff8049d0000 - 0x00007ff8049e6000 	C:\Program Files\Android\Android Studio\jre\jre\bin\zip.dll
0x00007ff809b30000 - 0x00007ff80b058000 	C:\windows\system32\SHELL32.dll
0x00007ff80bb90000 - 0x00007ff80bda1000 	C:\windows\SYSTEM32\combase.dll
0x00007ff80b9b0000 - 0x00007ff80ba04000 	C:\windows\system32\SHLWAPI.dll
0x00007ff8073b0000 - 0x00007ff807462000 	C:\windows\SYSTEM32\SHCORE.dll
0x00007ff809030000 - 0x00007ff809045000 	C:\windows\SYSTEM32\profapi.dll

VM Arguments:
jvm_args: -Djava.awt.headless=true -Xmx1024M -Dfile.encoding=windows-1252 -Duser.country=US -Duser.language=en -Duser.variant 
java_command: com.android.dx.command.Main --dex --verbose --force-jumbo --num-threads=4 --multi-dex --output C:\Users\bruh\Desktop\COMP150-MOB\QueueR\app\build\intermediates\transforms\dex\debug\folders\1000\10\io.fabric.sdk.android-fabric-1.3.14_b5bbf973bd9b3afceb4fdb893f2c8a13ed151e9a C:\Users\bruh\Desktop\COMP150-MOB\QueueR\app\build\intermediates\exploded-aar\io.fabric.sdk.android\fabric\1.3.14\jars\classes.jar
java_class_path (initial): C:\Users\bruh\AppData\Local\Android\sdk\build-tools\24.0.1\lib\dx.jar
Launcher Type: SUN_STANDARD

Environment Variables:
PATH=C:\Program Files\Java\jdk1.8.0_101\bin\;C:\ProgramData\Oracle\Java\javapath;C:\windows\system32;C:\windows;C:\windows\System32\Wbem;C:\windows\System32\WindowsPowerShell\v1.0\;C:\Program Files\nodejs\;C:\Program Files (x86)\Heroku\bin;C:\Program Files (x86)\git\cmd;C:\Users\bruh\AppData\Roaming\npm;C:\Program Files (x86)\Skype\Phone\;C:\Program Files (x86)\GtkSharp\2.12\bin;C:\Program Files\Java\jdk1.8.0_101\bin\
USERNAME=bruh
OS=Windows_NT
PROCESSOR_IDENTIFIER=Intel64 Family 6 Model 69 Stepping 1, GenuineIntel



---------------  S Y S T E M  ---------------

OS: Windows 8.1 , 64 bit Build 9600 (6.3.9600.17415)

CPU:total 4 (2 cores per cpu, 2 threads per core) family 6 model 69 stepping 1, cmov, cx8, fxsr, mmx, sse, sse2, sse3, ssse3, sse4.1, sse4.2, popcnt, avx, avx2, aes, clmul, erms, lzcnt, ht, tsc, tscinvbit, bmi1, bmi2

Memory: 4k page, physical 4097056k(194764k free), swap 7242784k(5128k free)

vm_info: OpenJDK 64-Bit Server VM (25.76-b03) for windows-amd64 JRE (1.8.0_76-release-b03), built on Jun 29 2016 19:09:20 by "ralucas" with MS VC++ 10.0 (VS2010)

time: Wed Dec 14 23:17:01 2016
elapsed time: 4 seconds (0d 0h 0m 4s)

