#
# There is insufficient memory for the Java Runtime Environment to continue.
# Native memory allocation (malloc) failed to allocate 32744 bytes for ChunkPool::allocate
# Possible reasons:
#   The system is out of physical RAM or swap space
#   In 32 bit mode, the process size limit was hit
# Possible solutions:
#   Reduce memory load on the system
#   Increase physical memory or swap space
#   Check if swap backing store is full
#   Use 64 bit Java on a 64 bit OS
#   Decrease Java heap size (-Xmx/-Xms)
#   Decrease number of Java threads
#   Decrease Java thread stack sizes (-Xss)
#   Set larger code cache with -XX:ReservedCodeCacheSize=
# This output file may be truncated or incomplete.
#
#  Out of Memory Error (allocation.cpp:273), pid=4976, tid=0x0000000000000ddc
#
# JRE version: OpenJDK Runtime Environment (8.0_76-b03) (build 1.8.0_76-release-b03)
# Java VM: OpenJDK 64-Bit Server VM (25.76-b03 mixed mode windows-amd64 compressed oops)
# Failed to write core dump. Minidumps are not enabled by default on client versions of Windows
#

---------------  T H R E A D  ---------------

Current thread (0x00000000149e4800):  JavaThread "C2 CompilerThread1" daemon [_thread_in_native, id=3548, stack(0x00000000160d0000,0x00000000161d0000)]

Stack: [0x00000000160d0000,0x00000000161d0000]
[error occurred during error reporting (printing stack bounds), id 0xc0000005]

Native frames: (J=compiled Java code, j=interpreted, Vv=VM code, C=native code)


Current CompileTask:
C2:   6168  946   !   4       com.android.dx.cf.code.BytecodeArray::parseInstruction (2764 bytes)


---------------  P R O C E S S  ---------------

Java Threads: ( => current thread )
  0x000000001654b000 JavaThread "pool-2-thread-4" [_thread_in_Java, id=6288, stack(0x0000000016cd0000,0x0000000016dd0000)]
  0x0000000016544000 JavaThread "pool-2-thread-3" [_thread_in_Java, id=6384, stack(0x0000000016bd0000,0x0000000016cd0000)]
  0x0000000016436800 JavaThread "pool-2-thread-2" [_thread_in_Java, id=7100, stack(0x0000000016ad0000,0x0000000016bd0000)]
  0x000000001643e800 JavaThread "pool-3-thread-1" [_thread_blocked, id=3188, stack(0x00000000169d0000,0x0000000016ad0000)]
  0x000000001643e000 JavaThread "pool-2-thread-1" [_thread_in_Java, id=6536, stack(0x00000000168d0000,0x00000000169d0000)]
  0x00000000149ee000 JavaThread "Service Thread" daemon [_thread_blocked, id=6604, stack(0x00000000166d0000,0x00000000167d0000)]
  0x00000000149e7000 JavaThread "C1 CompilerThread2" daemon [_thread_blocked, id=3612, stack(0x00000000161d0000,0x00000000162d0000)]
=>0x00000000149e4800 JavaThread "C2 CompilerThread1" daemon [_thread_in_native, id=3548, stack(0x00000000160d0000,0x00000000161d0000)]
  0x0000000014996800 JavaThread "C2 CompilerThread0" daemon [_thread_blocked, id=6876, stack(0x0000000015fd0000,0x00000000160d0000)]
  0x0000000014995000 JavaThread "Attach Listener" daemon [_thread_blocked, id=4520, stack(0x0000000015ed0000,0x0000000015fd0000)]
  0x0000000014993800 JavaThread "Signal Dispatcher" daemon [_thread_blocked, id=3320, stack(0x0000000015dd0000,0x0000000015ed0000)]
  0x00000000022bb000 JavaThread "Finalizer" daemon [_thread_blocked, id=1300, stack(0x0000000015bf0000,0x0000000015cf0000)]
  0x00000000022b0000 JavaThread "Reference Handler" daemon [_thread_blocked, id=4560, stack(0x0000000015af0000,0x0000000015bf0000)]
  0x00000000021c0800 JavaThread "main" [_thread_in_Java, id=4524, stack(0x00000000020c0000,0x00000000021c0000)]

Other Threads:
  0x0000000014956800 VMThread [stack: 0x00000000159f0000,0x0000000015af0000] [id=5804]
  0x00000000162d1800 WatcherThread [stack: 0x00000000167d0000,0x00000000168d0000] [id=6236]

VM state:not at safepoint (normal execution)

VM Mutex/Monitor currently owned by a thread: None

Heap:
 PSYoungGen      total 18944K, used 9101K [0x00000000eab00000, 0x00000000ed000000, 0x0000000100000000)
  eden space 16384K, 40% used [0x00000000eab00000,0x00000000eb168d60,0x00000000ebb00000)
  from space 2560K, 99% used [0x00000000ebb00000,0x00000000ebd7a878,0x00000000ebd80000)
  to   space 2560K, 0% used [0x00000000ecd80000,0x00000000ecd80000,0x00000000ed000000)
 ParOldGen       total 44032K, used 1973K [0x00000000c0000000, 0x00000000c2b00000, 0x00000000eab00000)
  object space 44032K, 4% used [0x00000000c0000000,0x00000000c01ed5f8,0x00000000c2b00000)
 Metaspace       used 5660K, capacity 6832K, committed 7040K, reserved 1056768K
  class space    used 555K, capacity 616K, committed 640K, reserved 1048576K

Card table byte_map: [0x0000000011680000,0x0000000011890000] byte_map_base: 0x0000000011080000

Marking Bits: (ParMarkBitMap*) 0x00000000538d9d00
 Begin Bits: [0x0000000011df0000, 0x0000000012df0000)
 End Bits:   [0x0000000012df0000, 0x0000000013df0000)

Polling page: 0x0000000000720000

CodeCache: size=245760Kb used=4177Kb max_used=4188Kb free=241582Kb
 bounds [0x00000000022c0000, 0x00000000026e0000, 0x00000000112c0000]
 total_blobs=1254 nmethods=993 adapters=175
 compilation: enabled

Compilation events (10 events):
Event: 6.029 Thread 0x0000000014996800  992       4       com.android.dx.util.LabeledList::set (45 bytes)
Event: 6.030 Thread 0x00000000149e7000  993       3       com.android.dx.rop.code.RegisterSpecSet::intersect (117 bytes)
Event: 6.031 Thread 0x00000000149e7000 nmethod 993 0x00000000026d07d0 code [0x00000000026d09c0, 0x00000000026d13b8]
Event: 6.033 Thread 0x00000000149e7000  995       3       com.android.dx.ssa.DeadCodeRemover$NoSideEffectVisitor::visitPhiInsn (22 bytes)
Event: 6.034 Thread 0x00000000149e7000 nmethod 995 0x00000000026d64d0 code [0x00000000026d6680, 0x00000000026d6de8]
Event: 6.050 Thread 0x0000000014996800 nmethod 992 0x00000000026da410 code [0x00000000026da580, 0x00000000026dac98]
Event: 6.050 Thread 0x0000000014996800  991       4       com.android.dx.util.FixedSizeList::hashCode (8 bytes)
Event: 6.057 Thread 0x0000000014996800 nmethod 991 0x00000000026d01d0 code [0x00000000026d0320, 0x00000000026d0598]
Event: 6.057 Thread 0x0000000014996800  994       4       java.util.Collections$UnmodifiableCollection$1::next (10 bytes)
Event: 6.060 Thread 0x0000000014996800 nmethod 994 0x00000000026d71d0 code [0x00000000026d7320, 0x00000000026d7478]

GC Heap History (2 events):
Event: 5.325 GC heap before
{Heap before GC invocations=1 (full 0):
 PSYoungGen      total 18944K, used 16384K [0x00000000eab00000, 0x00000000ec000000, 0x0000000100000000)
  eden space 16384K, 100% used [0x00000000eab00000,0x00000000ebb00000,0x00000000ebb00000)
  from space 2560K, 0% used [0x00000000ebd80000,0x00000000ebd80000,0x00000000ec000000)
  to   space 2560K, 0% used [0x00000000ebb00000,0x00000000ebb00000,0x00000000ebd80000)
 ParOldGen       total 44032K, used 0K [0x00000000c0000000, 0x00000000c2b00000, 0x00000000eab00000)
  object space 44032K, 0% used [0x00000000c0000000,0x00000000c0000000,0x00000000c2b00000)
 Metaspace       used 5600K, capacity 6768K, committed 7040K, reserved 1056768K
  class space    used 554K, capacity 616K, committed 640K, reserved 1048576K
Event: 5.667 GC heap after
Heap after GC invocations=1 (full 0):
 PSYoungGen      total 18944K, used 2538K [0x00000000eab00000, 0x00000000ed000000, 0x0000000100000000)
  eden space 16384K, 0% used [0x00000000eab00000,0x00000000eab00000,0x00000000ebb00000)
  from space 2560K, 99% used [0x00000000ebb00000,0x00000000ebd7a878,0x00000000ebd80000)
  to   space 2560K, 0% used [0x00000000ecd80000,0x00000000ecd80000,0x00000000ed000000)
 ParOldGen       total 44032K, used 1973K [0x00000000c0000000, 0x00000000c2b00000, 0x00000000eab00000)
  object space 44032K, 4% used [0x00000000c0000000,0x00000000c01ed5f8,0x00000000c2b00000)
 Metaspace       used 5600K, capacity 6768K, committed 7040K, reserved 1056768K
  class space    used 554K, capacity 616K, committed 640K, reserved 1048576K
}

Deoptimization events (4 events):
Event: 2.190 Thread 0x00000000021c0800 Uncommon trap: reason=unstable_if action=reinterpret pc=0x00000000023f6e50 method=java.lang.String.indexOf(II)I @ 49
Event: 3.306 Thread 0x0000000016436800 Uncommon trap: reason=unstable_if action=reinterpret pc=0x00000000024e3ef8 method=java.util.HashMap.getNode(ILjava/lang/Object;)Ljava/util/HashMap$Node; @ 62
Event: 4.568 Thread 0x000000001654b000 Uncommon trap: reason=unstable_if action=reinterpret pc=0x00000000025979f0 method=java.util.BitSet.nextSetBit(I)I @ 87
Event: 4.837 Thread 0x000000001643e000 Uncommon trap: reason=null_check action=make_not_entrant pc=0x0000000002634228 method=com.android.dx.rop.type.Type.equals(Ljava/lang/Object;)Z @ 8

Internal exceptions (3 events):
Event: 0.345 Thread 0x00000000021c0800 Exception <a 'java/lang/NoSuchMethodError': Method sun.misc.Unsafe.defineClass(Ljava/lang/String;[BII)Ljava/lang/Class; name or signature does not match> (0x00000000eab07cc0) thrown at [C:\src\android\AOSP-openjdk\external\jetbrains\jdk\hotspot\src\share\vªÙ§û^÷?
Event: 0.345 Thread 0x00000000021c0800 Exception <a 'java/lang/NoSuchMethodError': Method sun.misc.Unsafe.prefetchRead(Ljava/lang/Object;J)V name or signature does not match> (0x00000000eab07fa8) thrown at [C:\src\android\AOSP-openjdk\external\jetbrains\jdk\hotspot\src\share\vm\prims\jni.cpp, l–ha∫mY@
Event: 4.837 Thread 0x000000001643e000 Implicit null exception at 0x0000000002634122 to 0x000000000263421a

Events (10 events):
Event: 4.891 loading class com/android/dx/cf/code/BytecodeArray$ConstantParserVisitor
Event: 4.891 loading class com/android/dx/cf/code/BytecodeArray$ConstantParserVisitor done
Event: 4.891 Executing VM operation: ForceSafepoint
Event: 5.316 Executing VM operation: ForceSafepoint done
Event: 5.325 Executing VM operation: ParallelGCFailedAllocation
Event: 5.667 Executing VM operation: ParallelGCFailedAllocation done
Event: 5.727 loading class com/android/dx/rop/cst/CstArray$List
Event: 5.727 loading class com/android/dx/rop/cst/CstArray$List done
Event: 5.728 loading class com/android/dx/dex/file/FieldAnnotationStruct
Event: 5.728 loading class com/android/dx/dex/file/FieldAnnotationStruct done


Dynamic libraries:
0x00007ff7bbf40000 - 0x00007ff7bbf71000 	C:\Program Files\Android\Android Studio\jre\bin\java.exe
0x00007ff80bf10000 - 0x00007ff80c0bd000 	C:\windows\SYSTEM32\ntdll.dll
0x00007ff809590000 - 0x00007ff8096ce000 	C:\windows\system32\KERNEL32.DLL
0x00007ff809100000 - 0x00007ff809215000 	C:\windows\system32\KERNELBASE.dll
0x00007ff8098e0000 - 0x00007ff80998a000 	C:\windows\system32\ADVAPI32.dll
0x00007ff80b290000 - 0x00007ff80b407000 	C:\windows\system32\USER32.dll
0x00007ff806020000 - 0x00007ff80629b000 	C:\windows\WinSxS\amd64_microsoft.windows.common-controls_6595b64144ccf1df_6.0.9600.18006_none_623f33d3ecbe86e8\COMCTL32.dll
0x00007ff80b420000 - 0x00007ff80b4ca000 	C:\windows\system32\msvcrt.dll
0x00007ff80b6b0000 - 0x00007ff80b709000 	C:\windows\SYSTEM32\sechost.dll
0x00007ff8097a0000 - 0x00007ff8098e0000 	C:\windows\system32\RPCRT4.dll
0x00007ff80b860000 - 0x00007ff80b9af000 	C:\windows\system32\GDI32.dll
0x00007ff809560000 - 0x00007ff80958e000 	C:\windows\system32\SspiCli.dll
0x00007ff80b250000 - 0x00007ff80b286000 	C:\windows\system32\IMM32.DLL
0x00007ff80bdb0000 - 0x00007ff80bf02000 	C:\windows\system32\MSCTF.dll
0x0000000052f60000 - 0x0000000053032000 	C:\Program Files\Android\Android Studio\jre\jre\bin\msvcr100.dll
0x0000000053120000 - 0x0000000053954000 	C:\Program Files\Android\Android Studio\jre\jre\bin\server\jvm.dll
0x00007ff800dc0000 - 0x00007ff800dc9000 	C:\windows\SYSTEM32\WSOCK32.dll
0x00007ff804300000 - 0x00007ff804322000 	C:\windows\SYSTEM32\WINMM.dll
0x00007ff801630000 - 0x00007ff80163a000 	C:\windows\SYSTEM32\VERSION.dll
0x00007ff80b4e0000 - 0x00007ff80b4e7000 	C:\windows\system32\PSAPI.DLL
0x00007ff80ba10000 - 0x00007ff80ba6a000 	C:\windows\system32\WS2_32.dll
0x00007ff8042d0000 - 0x00007ff8042fa000 	C:\windows\SYSTEM32\WINMMBASE.dll
0x00007ff80b4d0000 - 0x00007ff80b4d9000 	C:\windows\system32\NSI.dll
0x00007ff809220000 - 0x00007ff80926f000 	C:\windows\SYSTEM32\cfgmgr32.dll
0x00007ff807e50000 - 0x00007ff807e78000 	C:\windows\SYSTEM32\DEVOBJ.dll
0x00007ff804e20000 - 0x00007ff804e2f000 	C:\Program Files\Android\Android Studio\jre\jre\bin\verify.dll
0x00007ff8049e0000 - 0x00007ff804a09000 	C:\Program Files\Android\Android Studio\jre\jre\bin\java.dll
0x00007ff8049c0000 - 0x00007ff8049d6000 	C:\Program Files\Android\Android Studio\jre\jre\bin\zip.dll
0x00007ff809b30000 - 0x00007ff80b058000 	C:\windows\system32\SHELL32.dll
0x00007ff80bb90000 - 0x00007ff80bda1000 	C:\windows\SYSTEM32\combase.dll
0x00007ff80b9b0000 - 0x00007ff80ba04000 	C:\windows\system32\SHLWAPI.dll
0x00007ff8073b0000 - 0x00007ff807462000 	C:\windows\SYSTEM32\SHCORE.dll
0x00007ff809030000 - 0x00007ff809045000 	C:\windows\SYSTEM32\profapi.dll

VM Arguments:
jvm_args: -Djava.awt.headless=true -Xmx1024M -Dfile.encoding=windows-1252 -Duser.country=US -Duser.language=en -Duser.variant 
java_command: com.android.dx.command.Main --dex --verbose --force-jumbo --num-threads=4 --multi-dex --output C:\Users\bruh\Desktop\COMP150-MOB\QueueR\app\build\intermediates\transforms\dex\debug\folders\1000\5\slice_4 C:\Users\bruh\Desktop\COMP150-MOB\QueueR\app\build\intermediates\transforms\instantRunSlicer\debug\folders\1\5\slice_4
java_class_path (initial): C:\Users\bruh\AppData\Local\Android\sdk\build-tools\24.0.1\lib\dx.jar
Launcher Type: SUN_STANDARD

Environment Variables:
PATH=C:\Program Files\Java\jdk1.8.0_101\bin\;C:\ProgramData\Oracle\Java\javapath;C:\windows\system32;C:\windows;C:\windows\System32\Wbem;C:\windows\System32\WindowsPowerShell\v1.0\;C:\Program Files\nodejs\;C:\Program Files (x86)\Heroku\bin;C:\Program Files (x86)\git\cmd;C:\Users\bruh\AppData\Roaming\npm;C:\Program Files (x86)\Skype\Phone\;C:\Program Files (x86)\GtkSharp\2.12\bin;C:\Program Files\Java\jdk1.8.0_101\bin\
USERNAME=bruh
OS=Windows_NT
PROCESSOR_IDENTIFIER=Intel64 Family 6 Model 69 Stepping 1, GenuineIntel



---------------  S Y S T E M  ---------------

OS: Windows 8.1 , 64 bit Build 9600 (6.3.9600.17415)

CPU:total 4 (2 cores per cpu, 2 threads per core) family 6 model 69 stepping 1, cmov, cx8, fxsr, mmx, sse, sse2, sse3, ssse3, sse4.1, sse4.2, popcnt, avx, avx2, aes, clmul, erms, lzcnt, ht, tsc, tscinvbit, bmi1, bmi2

Memory: 4k page, physical 4097056k(384072k free), swap 7242784k(5116k free)

vm_info: OpenJDK 64-Bit Server VM (25.76-b03) for windows-amd64 JRE (1.8.0_76-release-b03), built on Jun 29 2016 19:09:20 by "ralucas" with MS VC++ 10.0 (VS2010)

time: Thu Dec 15 02:54:47 2016
elapsed time: 6 seconds (0d 0h 0m 6s)

