#
# There is insufficient memory for the Java Runtime Environment to continue.
# Native memory allocation (malloc) failed to allocate 195776 bytes for Chunk::new
# Possible reasons:
#   The system is out of physical RAM or swap space
#   In 32 bit mode, the process size limit was hit
# Possible solutions:
#   Reduce memory load on the system
#   Increase physical memory or swap space
#   Check if swap backing store is full
#   Use 64 bit Java on a 64 bit OS
#   Decrease Java heap size (-Xmx/-Xms)
#   Decrease number of Java threads
#   Decrease Java thread stack sizes (-Xss)
#   Set larger code cache with -XX:ReservedCodeCacheSize=
# This output file may be truncated or incomplete.
#
#  Out of Memory Error (allocation.cpp:390), pid=3664, tid=0x00000000000002c8
#
# JRE version: OpenJDK Runtime Environment (8.0_76-b03) (build 1.8.0_76-release-b03)
# Java VM: OpenJDK 64-Bit Server VM (25.76-b03 mixed mode windows-amd64 compressed oops)
# Failed to write core dump. Minidumps are not enabled by default on client versions of Windows
#

---------------  T H R E A D  ---------------

Current thread (0x00000000149e3800):  JavaThread "C2 CompilerThread1" daemon [_thread_in_native, id=712, stack(0x0000000015fe0000,0x00000000160e0000)]

Stack: [0x0000000015fe0000,0x00000000160e0000]
[error occurred during error reporting (printing stack bounds), id 0xc0000005]

Native frames: (J=compiled Java code, j=interpreted, Vv=VM code, C=native code)


Current CompileTask:
C2:   3928  997 %     4       com.android.dx.ssa.SsaMethod::deleteInsns @ 8 (239 bytes)


---------------  P R O C E S S  ---------------

Java Threads: ( => current thread )
  0x0000000016438000 JavaThread "pool-2-thread-4" [_thread_in_Java, id=6492, stack(0x0000000016be0000,0x0000000016ce0000)]
  0x0000000016435000 JavaThread "pool-2-thread-3" [_thread_blocked, id=2044, stack(0x0000000016ae0000,0x0000000016be0000)]
  0x0000000016430800 JavaThread "pool-2-thread-2" [_thread_in_Java, id=5316, stack(0x00000000169e0000,0x0000000016ae0000)]
  0x000000001642d000 JavaThread "pool-3-thread-1" [_thread_blocked, id=6176, stack(0x00000000168e0000,0x00000000169e0000)]
  0x0000000016329800 JavaThread "pool-2-thread-1" [_thread_blocked, id=6088, stack(0x00000000167e0000,0x00000000168e0000)]
  0x00000000161ea800 JavaThread "Service Thread" daemon [_thread_blocked, id=3684, stack(0x00000000165e0000,0x00000000166e0000)]
  0x00000000149ea800 JavaThread "C1 CompilerThread2" daemon [_thread_in_native, id=1936, stack(0x00000000160e0000,0x00000000161e0000)]
=>0x00000000149e3800 JavaThread "C2 CompilerThread1" daemon [_thread_in_native, id=712, stack(0x0000000015fe0000,0x00000000160e0000)]
  0x0000000014996000 JavaThread "C2 CompilerThread0" daemon [_thread_in_native, id=2704, stack(0x0000000015ee0000,0x0000000015fe0000)]
  0x0000000014994800 JavaThread "Attach Listener" daemon [_thread_blocked, id=6284, stack(0x0000000015de0000,0x0000000015ee0000)]
  0x0000000014993800 JavaThread "Signal Dispatcher" daemon [_thread_blocked, id=960, stack(0x0000000015ce0000,0x0000000015de0000)]
  0x0000000014978800 JavaThread "Finalizer" daemon [_thread_blocked, id=3080, stack(0x0000000015be0000,0x0000000015ce0000)]
  0x00000000022b0000 JavaThread "Reference Handler" daemon [_thread_blocked, id=4196, stack(0x0000000015ae0000,0x0000000015be0000)]
  0x00000000021c0800 JavaThread "main" [_thread_blocked, id=2424, stack(0x0000000001fc0000,0x00000000020c0000)]

Other Threads:
  0x0000000014956800 VMThread [stack: 0x00000000159e0000,0x0000000015ae0000] [id=1156]
  0x00000000161ec800 WatcherThread [stack: 0x00000000166e0000,0x00000000167e0000] [id=6524]

VM state:not at safepoint (normal execution)

VM Mutex/Monitor currently owned by a thread: None

Heap:
 PSYoungGen      total 18944K, used 8479K [0x00000000eab00000, 0x00000000ec000000, 0x0000000100000000)
  eden space 16384K, 36% used [0x00000000eab00000,0x00000000eb0c9308,0x00000000ebb00000)
  from space 2560K, 99% used [0x00000000ebb00000,0x00000000ebd7ea98,0x00000000ebd80000)
  to   space 2560K, 0% used [0x00000000ebd80000,0x00000000ebd80000,0x00000000ec000000)
 ParOldGen       total 44032K, used 1798K [0x00000000c0000000, 0x00000000c2b00000, 0x00000000eab00000)
  object space 44032K, 4% used [0x00000000c0000000,0x00000000c01c1b70,0x00000000c2b00000)
 Metaspace       used 5772K, capacity 6768K, committed 7040K, reserved 1056768K
  class space    used 573K, capacity 616K, committed 640K, reserved 1048576K

Card table byte_map: [0x0000000011680000,0x0000000011890000] byte_map_base: 0x0000000011080000

Marking Bits: (ParMarkBitMap*) 0x00000000538d9d00
 Begin Bits: [0x0000000011df0000, 0x0000000012df0000)
 End Bits:   [0x0000000012df0000, 0x0000000013df0000)

Polling page: 0x0000000000770000

CodeCache: size=245760Kb used=3935Kb max_used=3935Kb free=241824Kb
 bounds [0x00000000022c0000, 0x00000000026a0000, 0x00000000112c0000]
 total_blobs=1272 nmethods=1002 adapters=181
 compilation: enabled

Compilation events (10 events):
Event: 3.918 Thread 0x00000000149ea800 nmethod 1004 0x0000000002692510 code [0x0000000002692760, 0x0000000002693ff8]
Event: 3.918 Thread 0x00000000149ea800 1005       3       com.android.dx.rop.code.RopMethod::<init> (53 bytes)
Event: 3.919 Thread 0x00000000149ea800 nmethod 1005 0x000000000268ca90 code [0x000000000268cc20, 0x000000000268cff8]
Event: 3.920 Thread 0x00000000149ea800 1006       3       com.android.dx.util.MutabilityControl::isImmutable (13 bytes)
Event: 3.920 Thread 0x00000000149ea800 nmethod 1006 0x000000000268c710 code [0x000000000268c860, 0x000000000268ca10]
Event: 3.920 Thread 0x00000000149ea800 1007  s    3       com.android.dx.dex.file.MethodIdsSection::intern (55 bytes)
Event: 3.922 Thread 0x00000000149ea800 nmethod 1007 0x0000000002694510 code [0x0000000002694740, 0x0000000002695468]
Event: 3.922 Thread 0x00000000149ea800 1009       3       com.android.dx.rop.code.RegisterSpecList::withFirst (64 bytes)
Event: 3.924 Thread 0x00000000149ea800 nmethod 1009 0x0000000002695b90 code [0x0000000002695e20, 0x00000000026971a8]
Event: 3.924 Thread 0x00000000149ea800 1011       3       com.android.dx.cf.code.ByteCatchList::toTargetList (114 bytes)

GC Heap History (2 events):
Event: 3.582 GC heap before
{Heap before GC invocations=1 (full 0):
 PSYoungGen      total 18944K, used 16384K [0x00000000eab00000, 0x00000000ec000000, 0x0000000100000000)
  eden space 16384K, 100% used [0x00000000eab00000,0x00000000ebb00000,0x00000000ebb00000)
  from space 2560K, 0% used [0x00000000ebd80000,0x00000000ebd80000,0x00000000ec000000)
  to   space 2560K, 0% used [0x00000000ebb00000,0x00000000ebb00000,0x00000000ebd80000)
 ParOldGen       total 44032K, used 0K [0x00000000c0000000, 0x00000000c2b00000, 0x00000000eab00000)
  object space 44032K, 0% used [0x00000000c0000000,0x00000000c0000000,0x00000000c2b00000)
 Metaspace       used 5707K, capacity 6768K, committed 7040K, reserved 1056768K
  class space    used 572K, capacity 616K, committed 640K, reserved 1048576K
Event: 3.679 GC heap after
Heap after GC invocations=1 (full 0):
 PSYoungGen      total 18944K, used 2554K [0x00000000eab00000, 0x00000000ec000000, 0x0000000100000000)
  eden space 16384K, 0% used [0x00000000eab00000,0x00000000eab00000,0x00000000ebb00000)
  from space 2560K, 99% used [0x00000000ebb00000,0x00000000ebd7ea98,0x00000000ebd80000)
  to   space 2560K, 0% used [0x00000000ebd80000,0x00000000ebd80000,0x00000000ec000000)
 ParOldGen       total 44032K, used 1798K [0x00000000c0000000, 0x00000000c2b00000, 0x00000000eab00000)
  object space 44032K, 4% used [0x00000000c0000000,0x00000000c01c1b70,0x00000000c2b00000)
 Metaspace       used 5707K, capacity 6768K, committed 7040K, reserved 1056768K
  class space    used 572K, capacity 616K, committed 640K, reserved 1048576K
}

Deoptimization events (6 events):
Event: 2.483 Thread 0x0000000016435000 Uncommon trap: reason=unstable_if action=reinterpret pc=0x00000000024a6e10 method=java.util.HashMap.getNode(ILjava/lang/Object;)Ljava/util/HashMap$Node; @ 129
Event: 2.487 Thread 0x0000000016435000 Uncommon trap: reason=unstable_if action=reinterpret pc=0x00000000024a39d0 method=java.util.HashMap.getNode(ILjava/lang/Object;)Ljava/util/HashMap$Node; @ 129
Event: 3.452 Thread 0x00000000021c0800 Uncommon trap: reason=null_check action=make_not_entrant pc=0x00000000025f3ee8 method=com.android.dx.rop.type.Type.equals(Ljava/lang/Object;)Z @ 8
Event: 3.455 Thread 0x00000000021c0800 Uncommon trap: reason=class_check action=maybe_recompile pc=0x0000000002549b30 method=com.android.dx.ssa.NormalSsaInsn.accept(Lcom/android/dx/ssa/SsaInsn$Visitor;)V @ 9
Event: 3.902 Thread 0x0000000016435000 Uncommon trap: reason=class_check action=maybe_recompile pc=0x0000000002549b30 method=com.android.dx.ssa.NormalSsaInsn.accept(Lcom/android/dx/ssa/SsaInsn$Visitor;)V @ 9
Event: 3.902 Thread 0x0000000016435000 Uncommon trap: reason=class_check action=maybe_recompile pc=0x00000000024dd330 method=com.android.dx.ssa.NormalSsaInsn.accept(Lcom/android/dx/ssa/SsaInsn$Visitor;)V @ 9

Internal exceptions (3 events):
Event: 0.249 Thread 0x00000000021c0800 Exception <a 'java/lang/NoSuchMethodError': Method sun.misc.Unsafe.defineClass(Ljava/lang/String;[BII)Ljava/lang/Class; name or signature does not match> (0x00000000eab07cc0) thrown at [C:\src\android\AOSP-openjdk\external\jetbrains\jdk\hotspot\src\share\vﬂ{ Øﬂœ?
Event: 0.249 Thread 0x00000000021c0800 Exception <a 'java/lang/NoSuchMethodError': Method sun.misc.Unsafe.prefetchRead(Ljava/lang/Object;J)V name or signature does not match> (0x00000000eab07fa8) thrown at [C:\src\android\AOSP-openjdk\external\jetbrains\jdk\hotspot\src\share\vm\prims\jni.cpp, l8:aù@
Event: 3.452 Thread 0x00000000021c0800 Implicit null exception at 0x00000000025f3de2 to 0x00000000025f3eda

Events (10 events):
Event: 3.901 loading class java/util/TreeMap$EntrySet
Event: 3.901 loading class java/util/TreeMap$EntrySet done
Event: 3.902 loading class java/util/TreeMap$EntryIterator
Event: 3.902 loading class java/util/TreeMap$EntryIterator done
Event: 3.902 Thread 0x0000000016435000 Uncommon trap: trap_request=0xffffffde fr.pc=0x0000000002549b30
Event: 3.902 Thread 0x0000000016435000 DEOPT PACKING pc=0x0000000002549b30 sp=0x0000000016bdec80
Event: 3.902 Thread 0x0000000016435000 DEOPT UNPACKING pc=0x000000000230556a sp=0x0000000016bdebc0 mode 2
Event: 3.902 Thread 0x0000000016435000 Uncommon trap: trap_request=0xffffffde fr.pc=0x00000000024dd330
Event: 3.902 Thread 0x0000000016435000 DEOPT PACKING pc=0x00000000024dd330 sp=0x0000000016bdec10
Event: 3.902 Thread 0x0000000016435000 DEOPT UNPACKING pc=0x000000000230556a sp=0x0000000016bdebb0 mode 2


Dynamic libraries:
0x00007ff7bbf40000 - 0x00007ff7bbf71000 	C:\Program Files\Android\Android Studio\jre\bin\java.exe
0x00007ff80bf10000 - 0x00007ff80c0bd000 	C:\windows\SYSTEM32\ntdll.dll
0x00007ff809590000 - 0x00007ff8096ce000 	C:\windows\system32\KERNEL32.DLL
0x00007ff809100000 - 0x00007ff809215000 	C:\windows\system32\KERNELBASE.dll
0x00007ff8098e0000 - 0x00007ff80998a000 	C:\windows\system32\ADVAPI32.dll
0x00007ff80b290000 - 0x00007ff80b407000 	C:\windows\system32\USER32.dll
0x00007ff806020000 - 0x00007ff80629b000 	C:\windows\WinSxS\amd64_microsoft.windows.common-controls_6595b64144ccf1df_6.0.9600.18006_none_623f33d3ecbe86e8\COMCTL32.dll
0x00007ff80b420000 - 0x00007ff80b4ca000 	C:\windows\system32\msvcrt.dll
0x00007ff80b6b0000 - 0x00007ff80b709000 	C:\windows\SYSTEM32\sechost.dll
0x00007ff8097a0000 - 0x00007ff8098e0000 	C:\windows\system32\RPCRT4.dll
0x00007ff80b860000 - 0x00007ff80b9af000 	C:\windows\system32\GDI32.dll
0x00007ff809560000 - 0x00007ff80958e000 	C:\windows\system32\SspiCli.dll
0x00007ff80b250000 - 0x00007ff80b286000 	C:\windows\system32\IMM32.DLL
0x00007ff80bdb0000 - 0x00007ff80bf02000 	C:\windows\system32\MSCTF.dll
0x0000000052f60000 - 0x0000000053032000 	C:\Program Files\Android\Android Studio\jre\jre\bin\msvcr100.dll
0x0000000053120000 - 0x0000000053954000 	C:\Program Files\Android\Android Studio\jre\jre\bin\server\jvm.dll
0x00007ff800dc0000 - 0x00007ff800dc9000 	C:\windows\SYSTEM32\WSOCK32.dll
0x00007ff804300000 - 0x00007ff804322000 	C:\windows\SYSTEM32\WINMM.dll
0x00007ff801630000 - 0x00007ff80163a000 	C:\windows\SYSTEM32\VERSION.dll
0x00007ff80b4e0000 - 0x00007ff80b4e7000 	C:\windows\system32\PSAPI.DLL
0x00007ff80ba10000 - 0x00007ff80ba6a000 	C:\windows\system32\WS2_32.dll
0x00007ff8042d0000 - 0x00007ff8042fa000 	C:\windows\SYSTEM32\WINMMBASE.dll
0x00007ff80b4d0000 - 0x00007ff80b4d9000 	C:\windows\system32\NSI.dll
0x00007ff809220000 - 0x00007ff80926f000 	C:\windows\SYSTEM32\cfgmgr32.dll
0x00007ff807e50000 - 0x00007ff807e78000 	C:\windows\SYSTEM32\DEVOBJ.dll
0x00007ff804e20000 - 0x00007ff804e2f000 	C:\Program Files\Android\Android Studio\jre\jre\bin\verify.dll
0x00007ff8049e0000 - 0x00007ff804a09000 	C:\Program Files\Android\Android Studio\jre\jre\bin\java.dll
0x00007ff8049c0000 - 0x00007ff8049d6000 	C:\Program Files\Android\Android Studio\jre\jre\bin\zip.dll
0x00007ff809b30000 - 0x00007ff80b058000 	C:\windows\system32\SHELL32.dll
0x00007ff80bb90000 - 0x00007ff80bda1000 	C:\windows\SYSTEM32\combase.dll
0x00007ff80b9b0000 - 0x00007ff80ba04000 	C:\windows\system32\SHLWAPI.dll
0x00007ff8073b0000 - 0x00007ff807462000 	C:\windows\SYSTEM32\SHCORE.dll
0x00007ff809030000 - 0x00007ff809045000 	C:\windows\SYSTEM32\profapi.dll

VM Arguments:
jvm_args: -Djava.awt.headless=true -Xmx1024M -Dfile.encoding=windows-1252 -Duser.country=US -Duser.language=en -Duser.variant 
java_command: com.android.dx.command.Main --dex --verbose --force-jumbo --num-threads=4 --multi-dex --output C:\Users\bruh\Desktop\COMP150-MOB\QueueR\app\build\intermediates\transforms\dex\debug\folders\1000\10\com.google.firebase-firebase-iid-9.4.0_3c15c878de93ebf5e36b88636b5cb8076c560d73 C:\Users\bruh\Desktop\COMP150-MOB\QueueR\app\build\intermediates\exploded-aar\com.google.firebase\firebase-iid\9.4.0\jars\classes.jar
java_class_path (initial): C:\Users\bruh\AppData\Local\Android\sdk\build-tools\24.0.1\lib\dx.jar
Launcher Type: SUN_STANDARD

Environment Variables:
PATH=C:\Program Files\Java\jdk1.8.0_101\bin\;C:\ProgramData\Oracle\Java\javapath;C:\windows\system32;C:\windows;C:\windows\System32\Wbem;C:\windows\System32\WindowsPowerShell\v1.0\;C:\Program Files\nodejs\;C:\Program Files (x86)\Heroku\bin;C:\Program Files (x86)\git\cmd;C:\Users\bruh\AppData\Roaming\npm;C:\Program Files (x86)\Skype\Phone\;C:\Program Files (x86)\GtkSharp\2.12\bin;C:\Program Files\Java\jdk1.8.0_101\bin\
USERNAME=bruh
OS=Windows_NT
PROCESSOR_IDENTIFIER=Intel64 Family 6 Model 69 Stepping 1, GenuineIntel



---------------  S Y S T E M  ---------------

OS: Windows 8.1 , 64 bit Build 9600 (6.3.9600.17415)

CPU:total 4 (2 cores per cpu, 2 threads per core) family 6 model 69 stepping 1, cmov, cx8, fxsr, mmx, sse, sse2, sse3, ssse3, sse4.1, sse4.2, popcnt, avx, avx2, aes, clmul, erms, lzcnt, ht, tsc, tscinvbit, bmi1, bmi2

Memory: 4k page, physical 4097056k(517180k free), swap 7242784k(5076k free)

vm_info: OpenJDK 64-Bit Server VM (25.76-b03) for windows-amd64 JRE (1.8.0_76-release-b03), built on Jun 29 2016 19:09:20 by "ralucas" with MS VC++ 10.0 (VS2010)

time: Thu Dec 15 02:55:08 2016
elapsed time: 3 seconds (0d 0h 0m 3s)

