#
# There is insufficient memory for the Java Runtime Environment to continue.
# Native memory allocation (malloc) failed to allocate 628176 bytes for Chunk::new
# Possible reasons:
#   The system is out of physical RAM or swap space
#   In 32 bit mode, the process size limit was hit
# Possible solutions:
#   Reduce memory load on the system
#   Increase physical memory or swap space
#   Check if swap backing store is full
#   Use 64 bit Java on a 64 bit OS
#   Decrease Java heap size (-Xmx/-Xms)
#   Decrease number of Java threads
#   Decrease Java thread stack sizes (-Xss)
#   Set larger code cache with -XX:ReservedCodeCacheSize=
# This output file may be truncated or incomplete.
#
#  Out of Memory Error (allocation.cpp:390), pid=5328, tid=0x0000000000000fec
#
# JRE version: OpenJDK Runtime Environment (8.0_76-b03) (build 1.8.0_76-release-b03)
# Java VM: OpenJDK 64-Bit Server VM (25.76-b03 mixed mode windows-amd64 compressed oops)
# Failed to write core dump. Minidumps are not enabled by default on client versions of Windows
#

---------------  T H R E A D  ---------------

Current thread (0x0000000014ed4800):  JavaThread "C2 CompilerThread1" daemon [_thread_in_native, id=4076, stack(0x00000000165c0000,0x00000000166c0000)]

Stack: [0x00000000165c0000,0x00000000166c0000]
[error occurred during error reporting (printing stack bounds), id 0xc0000005]

Native frames: (J=compiled Java code, j=interpreted, Vv=VM code, C=native code)


Current CompileTask:
C2:   6456 1200       4       com.android.dx.ssa.SCCP::simulateStmt (481 bytes)


---------------  P R O C E S S  ---------------

Java Threads: ( => current thread )
  0x0000000016a11000 JavaThread "pool-2-thread-4" [_thread_in_vm, id=4712, stack(0x00000000171c0000,0x00000000172c0000)]
  0x0000000016a10800 JavaThread "pool-2-thread-3" [_thread_in_Java, id=4716, stack(0x00000000170c0000,0x00000000171c0000)]
  0x0000000016a0f800 JavaThread "pool-2-thread-2" [_thread_in_Java, id=3468, stack(0x0000000016fc0000,0x00000000170c0000)]
  0x0000000016a01800 JavaThread "pool-3-thread-1" [_thread_blocked, id=7028, stack(0x0000000016ec0000,0x0000000016fc0000)]
  0x0000000016a01000 JavaThread "pool-2-thread-1" [_thread_in_vm, id=4956, stack(0x0000000016dc0000,0x0000000016ec0000)]
  0x00000000167cb000 JavaThread "Service Thread" daemon [_thread_blocked, id=6496, stack(0x0000000016bc0000,0x0000000016cc0000)]
  0x0000000014ed7000 JavaThread "C1 CompilerThread2" daemon [_thread_blocked, id=1756, stack(0x00000000166c0000,0x00000000167c0000)]
=>0x0000000014ed4800 JavaThread "C2 CompilerThread1" daemon [_thread_in_native, id=4076, stack(0x00000000165c0000,0x00000000166c0000)]
  0x0000000014e86800 JavaThread "C2 CompilerThread0" daemon [_thread_blocked, id=4972, stack(0x00000000164c0000,0x00000000165c0000)]
  0x0000000014e85000 JavaThread "Attach Listener" daemon [_thread_blocked, id=6924, stack(0x00000000163c0000,0x00000000164c0000)]
  0x0000000014e84000 JavaThread "Signal Dispatcher" daemon [_thread_blocked, id=7136, stack(0x00000000162c0000,0x00000000163c0000)]
  0x00000000027ab000 JavaThread "Finalizer" daemon [_thread_blocked, id=5680, stack(0x00000000160e0000,0x00000000161e0000)]
  0x00000000027a0000 JavaThread "Reference Handler" daemon [_thread_blocked, id=4444, stack(0x0000000015fe0000,0x00000000160e0000)]
  0x00000000026b0800 JavaThread "main" [_thread_in_Java, id=288, stack(0x00000000025b0000,0x00000000026b0000)]

Other Threads:
  0x0000000014e46800 VMThread [stack: 0x0000000015ee0000,0x0000000015fe0000] [id=1532]
  0x00000000167c2800 WatcherThread [stack: 0x0000000016cc0000,0x0000000016dc0000] [id=1904]

VM state:not at safepoint (normal execution)

VM Mutex/Monitor currently owned by a thread: None

Heap:
 PSYoungGen      total 18944K, used 12578K [0x00000000eab00000, 0x00000000ed000000, 0x0000000100000000)
  eden space 16384K, 61% used [0x00000000eab00000,0x00000000eb4cedb0,0x00000000ebb00000)
  from space 2560K, 99% used [0x00000000ebb00000,0x00000000ebd79c70,0x00000000ebd80000)
  to   space 2560K, 0% used [0x00000000ecd80000,0x00000000ecd80000,0x00000000ed000000)
 ParOldGen       total 44032K, used 1896K [0x00000000c0000000, 0x00000000c2b00000, 0x00000000eab00000)
  object space 44032K, 4% used [0x00000000c0000000,0x00000000c01da0c0,0x00000000c2b00000)
 Metaspace       used 5930K, capacity 6896K, committed 7040K, reserved 1056768K
  class space    used 573K, capacity 616K, committed 640K, reserved 1048576K

Card table byte_map: [0x0000000011b70000,0x0000000011d80000] byte_map_base: 0x0000000011570000

Marking Bits: (ParMarkBitMap*) 0x00000000538d9d00
 Begin Bits: [0x00000000122e0000, 0x00000000132e0000)
 End Bits:   [0x00000000132e0000, 0x00000000142e0000)

Polling page: 0x0000000000d60000

CodeCache: size=245760Kb used=4895Kb max_used=4909Kb free=240864Kb
 bounds [0x00000000027b0000, 0x0000000002c90000, 0x00000000117b0000]
 total_blobs=1476 nmethods=1209 adapters=181
 compilation: enabled

Compilation events (10 events):
Event: 6.241 Thread 0x0000000014ed7000 nmethod 1207 0x0000000002c739d0 code [0x0000000002c73b20, 0x0000000002c73c30]
Event: 6.242 Thread 0x0000000014ed7000 1208       3       java.io.PrintStream::ensureOpen (18 bytes)
Event: 6.242 Thread 0x0000000014ed7000 nmethod 1208 0x0000000002c73510 code [0x0000000002c73680, 0x0000000002c738e8]
Event: 6.242 Thread 0x0000000014ed7000 1209       3       com.android.dx.rop.type.Type::isReference (15 bytes)
Event: 6.242 Thread 0x0000000014ed7000 nmethod 1209 0x0000000002c73190 code [0x0000000002c732e0, 0x0000000002c73490]
Event: 6.245 Thread 0x0000000014e86800 nmethod 1186 0x0000000002c7db10 code [0x0000000002c7dd20, 0x0000000002c7f1b0]
Event: 6.246 Thread 0x0000000014e86800 1187       4       com.android.dx.ssa.SsaMethod$1::visitNonMoveInsn (26 bytes)
Event: 6.248 Thread 0x0000000014e86800 nmethod 1187 0x0000000002c715d0 code [0x0000000002c71720, 0x0000000002c71818]
Event: 6.278 Thread 0x0000000014e86800 1210       4       com.android.dx.rop.code.ThrowingCstInsn::<init> (51 bytes)
Event: 6.281 Thread 0x0000000014e86800 nmethod 1210 0x0000000002c710d0 code [0x0000000002c71220, 0x0000000002c713d8]

GC Heap History (2 events):
Event: 4.596 GC heap before
{Heap before GC invocations=1 (full 0):
 PSYoungGen      total 18944K, used 16384K [0x00000000eab00000, 0x00000000ec000000, 0x0000000100000000)
  eden space 16384K, 100% used [0x00000000eab00000,0x00000000ebb00000,0x00000000ebb00000)
  from space 2560K, 0% used [0x00000000ebd80000,0x00000000ebd80000,0x00000000ec000000)
  to   space 2560K, 0% used [0x00000000ebb00000,0x00000000ebb00000,0x00000000ebd80000)
 ParOldGen       total 44032K, used 0K [0x00000000c0000000, 0x00000000c2b00000, 0x00000000eab00000)
  object space 44032K, 0% used [0x00000000c0000000,0x00000000c0000000,0x00000000c2b00000)
 Metaspace       used 5733K, capacity 6768K, committed 7040K, reserved 1056768K
  class space    used 572K, capacity 616K, committed 640K, reserved 1048576K
Event: 5.670 GC heap after
Heap after GC invocations=1 (full 0):
 PSYoungGen      total 18944K, used 2535K [0x00000000eab00000, 0x00000000ed000000, 0x0000000100000000)
  eden space 16384K, 0% used [0x00000000eab00000,0x00000000eab00000,0x00000000ebb00000)
  from space 2560K, 99% used [0x00000000ebb00000,0x00000000ebd79c70,0x00000000ebd80000)
  to   space 2560K, 0% used [0x00000000ecd80000,0x00000000ecd80000,0x00000000ed000000)
 ParOldGen       total 44032K, used 1896K [0x00000000c0000000, 0x00000000c2b00000, 0x00000000eab00000)
  object space 44032K, 4% used [0x00000000c0000000,0x00000000c01da0c0,0x00000000c2b00000)
 Metaspace       used 5733K, capacity 6768K, committed 7040K, reserved 1056768K
  class space    used 572K, capacity 616K, committed 640K, reserved 1048576K
}

Deoptimization events (10 events):
Event: 4.285 Thread 0x0000000016a0f800 Uncommon trap: reason=class_check action=maybe_recompile pc=0x0000000002a1bcf0 method=com.android.dx.ssa.NormalSsaInsn.accept(Lcom/android/dx/ssa/SsaInsn$Visitor;)V @ 9
Event: 4.286 Thread 0x0000000016a0f800 Uncommon trap: reason=class_check action=maybe_recompile pc=0x0000000002a1bcf0 method=com.android.dx.ssa.NormalSsaInsn.accept(Lcom/android/dx/ssa/SsaInsn$Visitor;)V @ 9
Event: 4.286 Thread 0x0000000016a0f800 Uncommon trap: reason=class_check action=maybe_recompile pc=0x0000000002a1bcf0 method=com.android.dx.ssa.NormalSsaInsn.accept(Lcom/android/dx/ssa/SsaInsn$Visitor;)V @ 9
Event: 4.293 Thread 0x0000000016a0f800 Uncommon trap: reason=unstable_if action=reinterpret pc=0x0000000002b02818 method=java.util.HashMap.getNode(ILjava/lang/Object;)Ljava/util/HashMap$Node; @ 62
Event: 4.293 Thread 0x0000000016a0f800 Uncommon trap: reason=unstable_if action=reinterpret pc=0x0000000002a0ccb0 method=java.util.HashMap.getNode(ILjava/lang/Object;)Ljava/util/HashMap$Node; @ 62
Event: 4.306 Thread 0x0000000016a11000 Uncommon trap: reason=unstable_if action=reinterpret pc=0x00000000029bb730 method=java.util.BitSet.nextSetBit(I)I @ 87
Event: 4.573 Thread 0x0000000016a0f800 Uncommon trap: reason=unstable_if action=reinterpret pc=0x0000000002b34e80 method=com.android.dx.ssa.SsaMethod.onSourcesChanged(Lcom/android/dx/ssa/SsaInsn;Lcom/android/dx/rop/code/RegisterSpecList;)V @ 4
Event: 5.974 Thread 0x0000000016a01000 Uncommon trap: reason=unstable_if action=reinterpret pc=0x0000000002a1b6b4 method=java.util.BitSet.ensureCapacity(I)V @ 6
Event: 6.136 Thread 0x0000000016a11000 Uncommon trap: reason=class_check action=maybe_recompile pc=0x0000000002a6d000 method=com.android.dx.ssa.NormalSsaInsn.accept(Lcom/android/dx/ssa/SsaInsn$Visitor;)V @ 9
Event: 6.208 Thread 0x0000000016a11000 Uncommon trap: reason=null_check action=make_not_entrant pc=0x0000000002b2eea8 method=com.android.dx.rop.type.Type.equals(Ljava/lang/Object;)Z @ 8

Internal exceptions (3 events):
Event: 0.143 Thread 0x00000000026b0800 Exception <a 'java/lang/NoSuchMethodError': Method sun.misc.Unsafe.defineClass(Ljava/lang/String;[BII)Ljava/lang/Class; name or signature does not match> (0x00000000eab07cc0) thrown at [C:\src\android\AOSP-openjdk\external\jetbrains\jdk\hotspot\src\share\v€±Uk¼RÂ?
Event: 0.143 Thread 0x00000000026b0800 Exception <a 'java/lang/NoSuchMethodError': Method sun.misc.Unsafe.prefetchRead(Ljava/lang/Object;J)V name or signature does not match> (0x00000000eab07fa8) thrown at [C:\src\android\AOSP-openjdk\external\jetbrains\jdk\hotspot\src\share\vm\prims\jni.cpp, l …þ|©Ô@
Event: 6.208 Thread 0x0000000016a11000 Implicit null exception at 0x0000000002b2eda2 to 0x0000000002b2ee9a

Events (10 events):
Event: 6.066 loading class com/android/dx/cf/attrib/AttEnclosingMethod
Event: 6.066 loading class com/android/dx/cf/attrib/AttEnclosingMethod done
Event: 6.136 Thread 0x0000000016a11000 Uncommon trap: trap_request=0xffffffde fr.pc=0x0000000002a6d000
Event: 6.136 Thread 0x0000000016a11000 DEOPT PACKING pc=0x0000000002a6d000 sp=0x00000000172be780
Event: 6.136 Thread 0x0000000016a11000 DEOPT UNPACKING pc=0x00000000027f556a sp=0x00000000172be6d0 mode 2
Event: 6.185 Thread 0x0000000016a11000 DEOPT PACKING pc=0x00000000029f7c2d sp=0x00000000172be750
Event: 6.185 Thread 0x0000000016a11000 DEOPT UNPACKING pc=0x00000000027f75bf sp=0x00000000172be530 mode 0
Event: 6.208 Thread 0x0000000016a11000 Uncommon trap: trap_request=0xfffffff4 fr.pc=0x0000000002b2eea8
Event: 6.208 Thread 0x0000000016a11000 DEOPT PACKING pc=0x0000000002b2eea8 sp=0x00000000172be400
Event: 6.208 Thread 0x0000000016a11000 DEOPT UNPACKING pc=0x00000000027f556a sp=0x00000000172be388 mode 2


Dynamic libraries:
0x00007ff7bbf40000 - 0x00007ff7bbf71000 	C:\Program Files\Android\Android Studio\jre\bin\java.exe
0x00007ff80bf10000 - 0x00007ff80c0bd000 	C:\windows\SYSTEM32\ntdll.dll
0x00007ff809590000 - 0x00007ff8096ce000 	C:\windows\system32\KERNEL32.DLL
0x00007ff809100000 - 0x00007ff809215000 	C:\windows\system32\KERNELBASE.dll
0x00007ff8098e0000 - 0x00007ff80998a000 	C:\windows\system32\ADVAPI32.dll
0x00007ff80b290000 - 0x00007ff80b407000 	C:\windows\system32\USER32.dll
0x00007ff806020000 - 0x00007ff80629b000 	C:\windows\WinSxS\amd64_microsoft.windows.common-controls_6595b64144ccf1df_6.0.9600.18006_none_623f33d3ecbe86e8\COMCTL32.dll
0x00007ff80b420000 - 0x00007ff80b4ca000 	C:\windows\system32\msvcrt.dll
0x00007ff80b6b0000 - 0x00007ff80b709000 	C:\windows\SYSTEM32\sechost.dll
0x00007ff8097a0000 - 0x00007ff8098e0000 	C:\windows\system32\RPCRT4.dll
0x00007ff80b860000 - 0x00007ff80b9af000 	C:\windows\system32\GDI32.dll
0x00007ff809560000 - 0x00007ff80958e000 	C:\windows\system32\SspiCli.dll
0x00007ff80b250000 - 0x00007ff80b286000 	C:\windows\system32\IMM32.DLL
0x00007ff80bdb0000 - 0x00007ff80bf02000 	C:\windows\system32\MSCTF.dll
0x0000000052f60000 - 0x0000000053032000 	C:\Program Files\Android\Android Studio\jre\jre\bin\msvcr100.dll
0x0000000053120000 - 0x0000000053954000 	C:\Program Files\Android\Android Studio\jre\jre\bin\server\jvm.dll
0x00007ff800dc0000 - 0x00007ff800dc9000 	C:\windows\SYSTEM32\WSOCK32.dll
0x00007ff804300000 - 0x00007ff804322000 	C:\windows\SYSTEM32\WINMM.dll
0x00007ff801630000 - 0x00007ff80163a000 	C:\windows\SYSTEM32\VERSION.dll
0x00007ff80b4e0000 - 0x00007ff80b4e7000 	C:\windows\system32\PSAPI.DLL
0x00007ff80ba10000 - 0x00007ff80ba6a000 	C:\windows\system32\WS2_32.dll
0x00007ff8042d0000 - 0x00007ff8042fa000 	C:\windows\SYSTEM32\WINMMBASE.dll
0x00007ff80b4d0000 - 0x00007ff80b4d9000 	C:\windows\system32\NSI.dll
0x00007ff809220000 - 0x00007ff80926f000 	C:\windows\SYSTEM32\cfgmgr32.dll
0x00007ff807e50000 - 0x00007ff807e78000 	C:\windows\SYSTEM32\DEVOBJ.dll
0x00007ff804e20000 - 0x00007ff804e2f000 	C:\Program Files\Android\Android Studio\jre\jre\bin\verify.dll
0x00007ff8049e0000 - 0x00007ff804a09000 	C:\Program Files\Android\Android Studio\jre\jre\bin\java.dll
0x00007ff8049c0000 - 0x00007ff8049d6000 	C:\Program Files\Android\Android Studio\jre\jre\bin\zip.dll
0x00007ff809b30000 - 0x00007ff80b058000 	C:\windows\system32\SHELL32.dll
0x00007ff80bb90000 - 0x00007ff80bda1000 	C:\windows\SYSTEM32\combase.dll
0x00007ff80b9b0000 - 0x00007ff80ba04000 	C:\windows\system32\SHLWAPI.dll
0x00007ff8073b0000 - 0x00007ff807462000 	C:\windows\SYSTEM32\SHCORE.dll
0x00007ff809030000 - 0x00007ff809045000 	C:\windows\SYSTEM32\profapi.dll

VM Arguments:
jvm_args: -Djava.awt.headless=true -Xmx1024M -Dfile.encoding=windows-1252 -Duser.country=US -Duser.language=en -Duser.variant 
java_command: com.android.dx.command.Main --dex --verbose --force-jumbo --num-threads=4 --multi-dex --output C:\Users\bruh\Desktop\COMP150-MOB\QueueR\app\build\intermediates\transforms\dex\debug\folders\1000\10\com.google.firebase-firebase-auth-9.4.0_09f7e06766c8e3d5e7f5c61b040a940c02662c44 C:\Users\bruh\Desktop\COMP150-MOB\QueueR\app\build\intermediates\exploded-aar\com.google.firebase\firebase-auth\9.4.0\jars\classes.jar
java_class_path (initial): C:\Users\bruh\AppData\Local\Android\sdk\build-tools\24.0.1\lib\dx.jar
Launcher Type: SUN_STANDARD

Environment Variables:
PATH=C:\Program Files\Java\jdk1.8.0_101\bin\;C:\ProgramData\Oracle\Java\javapath;C:\windows\system32;C:\windows;C:\windows\System32\Wbem;C:\windows\System32\WindowsPowerShell\v1.0\;C:\Program Files\nodejs\;C:\Program Files (x86)\Heroku\bin;C:\Program Files (x86)\git\cmd;C:\Users\bruh\AppData\Roaming\npm;C:\Program Files (x86)\Skype\Phone\;C:\Program Files (x86)\GtkSharp\2.12\bin;C:\Program Files\Java\jdk1.8.0_101\bin\
USERNAME=bruh
OS=Windows_NT
PROCESSOR_IDENTIFIER=Intel64 Family 6 Model 69 Stepping 1, GenuineIntel



---------------  S Y S T E M  ---------------

OS: Windows 8.1 , 64 bit Build 9600 (6.3.9600.17415)

CPU:total 4 (2 cores per cpu, 2 threads per core) family 6 model 69 stepping 1, cmov, cx8, fxsr, mmx, sse, sse2, sse3, ssse3, sse4.1, sse4.2, popcnt, avx, avx2, aes, clmul, erms, lzcnt, ht, tsc, tscinvbit, bmi1, bmi2

Memory: 4k page, physical 4097056k(345468k free), swap 7242784k(5084k free)

vm_info: OpenJDK 64-Bit Server VM (25.76-b03) for windows-amd64 JRE (1.8.0_76-release-b03), built on Jun 29 2016 19:09:20 by "ralucas" with MS VC++ 10.0 (VS2010)

time: Thu Dec 15 02:57:28 2016
elapsed time: 6 seconds (0d 0h 0m 6s)

