#
# There is insufficient memory for the Java Runtime Environment to continue.
# Native memory allocation (malloc) failed to allocate 65552 bytes for Chunk::new
# Possible reasons:
#   The system is out of physical RAM or swap space
#   In 32 bit mode, the process size limit was hit
# Possible solutions:
#   Reduce memory load on the system
#   Increase physical memory or swap space
#   Check if swap backing store is full
#   Use 64 bit Java on a 64 bit OS
#   Decrease Java heap size (-Xmx/-Xms)
#   Decrease number of Java threads
#   Decrease Java thread stack sizes (-Xss)
#   Set larger code cache with -XX:ReservedCodeCacheSize=
# This output file may be truncated or incomplete.
#
#  Out of Memory Error (allocation.cpp:390), pid=2140, tid=0x000000000000111c
#
# JRE version: OpenJDK Runtime Environment (8.0_76-b03) (build 1.8.0_76-release-b03)
# Java VM: OpenJDK 64-Bit Server VM (25.76-b03 mixed mode windows-amd64 compressed oops)
# Failed to write core dump. Minidumps are not enabled by default on client versions of Windows
#

---------------  T H R E A D  ---------------

Current thread (0x00000000146c7800):  JavaThread "C2 CompilerThread0" daemon [_thread_in_native, id=4380, stack(0x0000000015d00000,0x0000000015e00000)]

Stack: [0x0000000015d00000,0x0000000015e00000]
[error occurred during error reporting (printing stack bounds), id 0xc0000005]

Native frames: (J=compiled Java code, j=interpreted, Vv=VM code, C=native code)


Current CompileTask:
C2:   9502 1375       4       com.android.dx.ssa.MoveParamCombiner$1::visitNonMoveInsn (213 bytes)


---------------  P R O C E S S  ---------------

Java Threads: ( => current thread )
  0x000000001626f000 JavaThread "pool-2-thread-4" [_thread_in_Java, id=4280, stack(0x0000000016a00000,0x0000000016b00000)]
  0x000000001626e000 JavaThread "pool-2-thread-3" [_thread_blocked, id=5812, stack(0x0000000016900000,0x0000000016a00000)]
  0x0000000016268000 JavaThread "pool-2-thread-2" [_thread_blocked, id=3048, stack(0x0000000016800000,0x0000000016900000)]
  0x000000001625f800 JavaThread "pool-3-thread-1" [_thread_blocked, id=5972, stack(0x0000000016700000,0x0000000016800000)]
  0x000000001625e800 JavaThread "pool-2-thread-1" [_thread_blocked, id=2692, stack(0x0000000016600000,0x0000000016700000)]
  0x0000000016001800 JavaThread "Service Thread" daemon [_thread_blocked, id=1472, stack(0x0000000016400000,0x0000000016500000)]
  0x000000001471b800 JavaThread "C1 CompilerThread2" daemon [_thread_blocked, id=4956, stack(0x0000000015f00000,0x0000000016000000)]
  0x0000000014715800 JavaThread "C2 CompilerThread1" daemon [_thread_in_native, id=348, stack(0x0000000015e00000,0x0000000015f00000)]
=>0x00000000146c7800 JavaThread "C2 CompilerThread0" daemon [_thread_in_native, id=4380, stack(0x0000000015d00000,0x0000000015e00000)]
  0x00000000146c6000 JavaThread "Attach Listener" daemon [_thread_blocked, id=6052, stack(0x0000000015c00000,0x0000000015d00000)]
  0x00000000146c5000 JavaThread "Signal Dispatcher" daemon [_thread_blocked, id=5416, stack(0x0000000015b00000,0x0000000015c00000)]
  0x0000000001feb000 JavaThread "Finalizer" daemon [_thread_blocked, id=5984, stack(0x0000000015920000,0x0000000015a20000)]
  0x0000000001fe0000 JavaThread "Reference Handler" daemon [_thread_blocked, id=1196, stack(0x0000000015820000,0x0000000015920000)]
  0x0000000001ef0800 JavaThread "main" [_thread_blocked, id=5724, stack(0x0000000001d80000,0x0000000001e80000)]

Other Threads:
  0x0000000014686800 VMThread [stack: 0x0000000015720000,0x0000000015820000] [id=5428]
  0x0000000016003800 WatcherThread [stack: 0x0000000016500000,0x0000000016600000] [id=5700]

VM state:not at safepoint (normal execution)

VM Mutex/Monitor currently owned by a thread: None

Heap:
 PSYoungGen      total 35328K, used 3994K [0x00000000eab00000, 0x00000000ed000000, 0x0000000100000000)
  eden space 32768K, 4% used [0x00000000eab00000,0x00000000eac6ce90,0x00000000ecb00000)
  from space 2560K, 99% used [0x00000000ecd80000,0x00000000ecff9c78,0x00000000ed000000)
  to   space 2560K, 0% used [0x00000000ecb00000,0x00000000ecb00000,0x00000000ecd80000)
 ParOldGen       total 44032K, used 3828K [0x00000000c0000000, 0x00000000c2b00000, 0x00000000eab00000)
  object space 44032K, 8% used [0x00000000c0000000,0x00000000c03bd390,0x00000000c2b00000)
 Metaspace       used 6034K, capacity 7024K, committed 7296K, reserved 1056768K
  class space    used 573K, capacity 616K, committed 640K, reserved 1048576K

Card table byte_map: [0x00000000113b0000,0x00000000115c0000] byte_map_base: 0x0000000010db0000

Marking Bits: (ParMarkBitMap*) 0x00000000538d9d00
 Begin Bits: [0x0000000011b20000, 0x0000000012b20000)
 End Bits:   [0x0000000012b20000, 0x0000000013b20000)

Polling page: 0x0000000000600000

CodeCache: size=245760Kb used=5627Kb max_used=5627Kb free=240132Kb
 bounds [0x0000000001ff0000, 0x0000000002580000, 0x0000000010ff0000]
 total_blobs=1639 nmethods=1371 adapters=182
 compilation: enabled

Compilation events (10 events):
Event: 9.415 Thread 0x000000001471b800 nmethod 1370 0x000000000256ded0 code [0x000000000256e040, 0x000000000256e2f8]
Event: 9.415 Thread 0x000000001471b800 1371       3       com.android.dx.rop.cst.CstBaseMethodRef::getParameterWordCount (12 bytes)
Event: 9.416 Thread 0x000000001471b800 nmethod 1371 0x000000000256e410 code [0x000000000256e5c0, 0x000000000256ee28]
Event: 9.416 Thread 0x000000001471b800 1372       3       sun.misc.SharedSecrets::getJavaLangAccess (4 bytes)
Event: 9.417 Thread 0x000000001471b800 nmethod 1372 0x000000000256f150 code [0x000000000256f2a0, 0x000000000256f3d0]
Event: 9.417 Thread 0x000000001471b800 1373       3       com.android.dx.ssa.SsaConverter::convertToSsaMethod (41 bytes)
Event: 9.418 Thread 0x000000001471b800 nmethod 1373 0x000000000256f450 code [0x000000000256f6a0, 0x0000000002570248]
Event: 9.419 Thread 0x000000001471b800 1374       3       com.android.dx.ssa.SsaBasicBlock::insertNewSuccessor (228 bytes)
Event: 9.421 Thread 0x000000001471b800 nmethod 1374 0x0000000002570850 code [0x0000000002570b80, 0x00000000025720a8]
Event: 9.425 Thread 0x00000000146c7800 1375       4       com.android.dx.ssa.MoveParamCombiner$1::visitNonMoveInsn (213 bytes)

GC Heap History (4 events):
Event: 3.775 GC heap before
{Heap before GC invocations=1 (full 0):
 PSYoungGen      total 18944K, used 16384K [0x00000000eab00000, 0x00000000ec000000, 0x0000000100000000)
  eden space 16384K, 100% used [0x00000000eab00000,0x00000000ebb00000,0x00000000ebb00000)
  from space 2560K, 0% used [0x00000000ebd80000,0x00000000ebd80000,0x00000000ec000000)
  to   space 2560K, 0% used [0x00000000ebb00000,0x00000000ebb00000,0x00000000ebd80000)
 ParOldGen       total 44032K, used 0K [0x00000000c0000000, 0x00000000c2b00000, 0x00000000eab00000)
  object space 44032K, 0% used [0x00000000c0000000,0x00000000c0000000,0x00000000c2b00000)
 Metaspace       used 5684K, capacity 6704K, committed 6784K, reserved 1056768K
  class space    used 571K, capacity 616K, committed 640K, reserved 1048576K
Event: 4.736 GC heap after
Heap after GC invocations=1 (full 0):
 PSYoungGen      total 18944K, used 2551K [0x00000000eab00000, 0x00000000ed000000, 0x0000000100000000)
  eden space 16384K, 0% used [0x00000000eab00000,0x00000000eab00000,0x00000000ebb00000)
  from space 2560K, 99% used [0x00000000ebb00000,0x00000000ebd7dc78,0x00000000ebd80000)
  to   space 2560K, 0% used [0x00000000ecd80000,0x00000000ecd80000,0x00000000ed000000)
 ParOldGen       total 44032K, used 1483K [0x00000000c0000000, 0x00000000c2b00000, 0x00000000eab00000)
  object space 44032K, 3% used [0x00000000c0000000,0x00000000c0172e20,0x00000000c2b00000)
 Metaspace       used 5684K, capacity 6704K, committed 6784K, reserved 1056768K
  class space    used 571K, capacity 616K, committed 640K, reserved 1048576K
}
Event: 8.517 GC heap before
{Heap before GC invocations=2 (full 0):
 PSYoungGen      total 18944K, used 18935K [0x00000000eab00000, 0x00000000ed000000, 0x0000000100000000)
  eden space 16384K, 100% used [0x00000000eab00000,0x00000000ebb00000,0x00000000ebb00000)
  from space 2560K, 99% used [0x00000000ebb00000,0x00000000ebd7dc78,0x00000000ebd80000)
  to   space 2560K, 0% used [0x00000000ecd80000,0x00000000ecd80000,0x00000000ed000000)
 ParOldGen       total 44032K, used 1483K [0x00000000c0000000, 0x00000000c2b00000, 0x00000000eab00000)
  object space 44032K, 3% used [0x00000000c0000000,0x00000000c0172e20,0x00000000c2b00000)
 Metaspace       used 5980K, capacity 6960K, committed 7040K, reserved 1056768K
  class space    used 573K, capacity 616K, committed 640K, reserved 1048576K
Event: 9.246 GC heap after
Heap after GC invocations=2 (full 0):
 PSYoungGen      total 35328K, used 2535K [0x00000000eab00000, 0x00000000ed000000, 0x0000000100000000)
  eden space 32768K, 0% used [0x00000000eab00000,0x00000000eab00000,0x00000000ecb00000)
  from space 2560K, 99% used [0x00000000ecd80000,0x00000000ecff9c78,0x00000000ed000000)
  to   space 2560K, 0% used [0x00000000ecb00000,0x00000000ecb00000,0x00000000ecd80000)
 ParOldGen       total 44032K, used 3828K [0x00000000c0000000, 0x00000000c2b00000, 0x00000000eab00000)
  object space 44032K, 8% used [0x00000000c0000000,0x00000000c03bd390,0x00000000c2b00000)
 Metaspace       used 5980K, capacity 6960K, committed 7040K, reserved 1056768K
  class space    used 573K, capacity 616K, committed 640K, reserved 1048576K
}

Deoptimization events (10 events):
Event: 2.496 Thread 0x0000000001ef0800 Uncommon trap: reason=unstable_if action=reinterpret pc=0x00000000021f7c00 method=java.util.HashMap.getNode(ILjava/lang/Object;)Ljava/util/HashMap$Node; @ 62
Event: 3.172 Thread 0x000000001625e800 Uncommon trap: reason=unstable_if action=reinterpret pc=0x0000000002213db0 method=java.util.BitSet.nextSetBit(I)I @ 87
Event: 4.779 Thread 0x0000000001ef0800 Uncommon trap: reason=class_check action=maybe_recompile pc=0x000000000225b9d4 method=com.android.dx.ssa.NormalSsaInsn.accept(Lcom/android/dx/ssa/SsaInsn$Visitor;)V @ 9
Event: 4.779 Thread 0x0000000001ef0800 Uncommon trap: reason=class_check action=maybe_recompile pc=0x000000000225b9d4 method=com.android.dx.ssa.NormalSsaInsn.accept(Lcom/android/dx/ssa/SsaInsn$Visitor;)V @ 9
Event: 4.779 Thread 0x0000000001ef0800 Uncommon trap: reason=class_check action=maybe_recompile pc=0x000000000225b9d4 method=com.android.dx.ssa.NormalSsaInsn.accept(Lcom/android/dx/ssa/SsaInsn$Visitor;)V @ 9
Event: 4.779 Thread 0x0000000001ef0800 Uncommon trap: reason=class_check action=maybe_recompile pc=0x000000000225b9d4 method=com.android.dx.ssa.NormalSsaInsn.accept(Lcom/android/dx/ssa/SsaInsn$Visitor;)V @ 9
Event: 4.780 Thread 0x0000000001ef0800 Uncommon trap: reason=class_check action=maybe_recompile pc=0x0000000002248030 method=com.android.dx.ssa.NormalSsaInsn.accept(Lcom/android/dx/ssa/SsaInsn$Visitor;)V @ 9
Event: 6.357 Thread 0x000000001625e800 Uncommon trap: reason=unstable_if action=reinterpret pc=0x000000000232f79c method=com.android.dx.rop.cst.Constant.compareTo(Lcom/android/dx/rop/cst/Constant;)I @ 12
Event: 6.587 Thread 0x0000000001ef0800 Uncommon trap: reason=null_check action=make_not_entrant pc=0x00000000023a2044 method=com.android.dx.ssa.SsaRenamer.getLocalForNewReg(I)Lcom/android/dx/rop/code/LocalItem; @ 19
Event: 7.982 Thread 0x000000001626e000 Uncommon trap: reason=unstable_if action=reinterpret pc=0x000000000231399c method=com.android.dx.ssa.SsaMethod.updateOneDefinition(Lcom/android/dx/ssa/SsaInsn;Lcom/android/dx/rop/code/RegisterSpec;)V @ 4

Internal exceptions (3 events):
Event: 0.125 Thread 0x0000000001ef0800 Exception <a 'java/lang/NoSuchMethodError': Method sun.misc.Unsafe.defineClass(Ljava/lang/String;[BII)Ljava/lang/Class; name or signature does not match> (0x00000000eab07cc0) thrown at [C:\src\android\AOSP-openjdk\external\jetbrains\jdk\hotspot\src\share\vDÏ§(À?
Event: 0.125 Thread 0x0000000001ef0800 Exception <a 'java/lang/NoSuchMethodError': Method sun.misc.Unsafe.prefetchRead(Ljava/lang/Object;J)V name or signature does not match> (0x00000000eab07fa8) thrown at [C:\src\android\AOSP-openjdk\external\jetbrains\jdk\hotspot\src\share\vm\prims\jni.cpp, lœÞ´>—X@
Event: 6.587 Thread 0x0000000001ef0800 Implicit null exception at 0x00000000023a07f8 to 0x00000000023a200d

Events (10 events):
Event: 6.587 Thread 0x0000000001ef0800 Uncommon trap: trap_request=0xfffffff4 fr.pc=0x00000000023a2044
Event: 6.587 Thread 0x0000000001ef0800 DEOPT PACKING pc=0x00000000023a2044 sp=0x0000000001e7e410
Event: 6.587 Thread 0x0000000001ef0800 DEOPT UNPACKING pc=0x000000000203556a sp=0x0000000001e7e218 mode 2
Event: 7.981 loading class com/android/dx/rop/code/RegOps
Event: 7.981 loading class com/android/dx/rop/code/RegOps done
Event: 7.982 Thread 0x000000001626e000 Uncommon trap: trap_request=0xffffff65 fr.pc=0x000000000231399c
Event: 7.982 Thread 0x000000001626e000 DEOPT PACKING pc=0x000000000231399c sp=0x00000000169fe9b0
Event: 7.982 Thread 0x000000001626e000 DEOPT UNPACKING pc=0x000000000203556a sp=0x00000000169fe958 mode 2
Event: 7.988 Executing VM operation: ParallelGCFailedAllocation
Event: 9.246 Executing VM operation: ParallelGCFailedAllocation done


Dynamic libraries:
0x00007ff7bbf40000 - 0x00007ff7bbf71000 	C:\Program Files\Android\Android Studio\jre\bin\java.exe
0x00007ff80bf10000 - 0x00007ff80c0bd000 	C:\windows\SYSTEM32\ntdll.dll
0x00007ff809590000 - 0x00007ff8096ce000 	C:\windows\system32\KERNEL32.DLL
0x00007ff809100000 - 0x00007ff809215000 	C:\windows\system32\KERNELBASE.dll
0x00007ff8098e0000 - 0x00007ff80998a000 	C:\windows\system32\ADVAPI32.dll
0x00007ff80b290000 - 0x00007ff80b407000 	C:\windows\system32\USER32.dll
0x00007ff806020000 - 0x00007ff80629b000 	C:\windows\WinSxS\amd64_microsoft.windows.common-controls_6595b64144ccf1df_6.0.9600.18006_none_623f33d3ecbe86e8\COMCTL32.dll
0x00007ff80b420000 - 0x00007ff80b4ca000 	C:\windows\system32\msvcrt.dll
0x00007ff80b6b0000 - 0x00007ff80b709000 	C:\windows\SYSTEM32\sechost.dll
0x00007ff8097a0000 - 0x00007ff8098e0000 	C:\windows\system32\RPCRT4.dll
0x00007ff80b860000 - 0x00007ff80b9af000 	C:\windows\system32\GDI32.dll
0x00007ff809560000 - 0x00007ff80958e000 	C:\windows\system32\SspiCli.dll
0x00007ff80b250000 - 0x00007ff80b286000 	C:\windows\system32\IMM32.DLL
0x00007ff80bdb0000 - 0x00007ff80bf02000 	C:\windows\system32\MSCTF.dll
0x0000000052f60000 - 0x0000000053032000 	C:\Program Files\Android\Android Studio\jre\jre\bin\msvcr100.dll
0x0000000053120000 - 0x0000000053954000 	C:\Program Files\Android\Android Studio\jre\jre\bin\server\jvm.dll
0x00007ff800dc0000 - 0x00007ff800dc9000 	C:\windows\SYSTEM32\WSOCK32.dll
0x00007ff804300000 - 0x00007ff804322000 	C:\windows\SYSTEM32\WINMM.dll
0x00007ff801630000 - 0x00007ff80163a000 	C:\windows\SYSTEM32\VERSION.dll
0x00007ff80b4e0000 - 0x00007ff80b4e7000 	C:\windows\system32\PSAPI.DLL
0x00007ff80ba10000 - 0x00007ff80ba6a000 	C:\windows\system32\WS2_32.dll
0x00007ff8042d0000 - 0x00007ff8042fa000 	C:\windows\SYSTEM32\WINMMBASE.dll
0x00007ff80b4d0000 - 0x00007ff80b4d9000 	C:\windows\system32\NSI.dll
0x00007ff809220000 - 0x00007ff80926f000 	C:\windows\SYSTEM32\cfgmgr32.dll
0x00007ff807e50000 - 0x00007ff807e78000 	C:\windows\SYSTEM32\DEVOBJ.dll
0x00007ff8049b0000 - 0x00007ff8049bf000 	C:\Program Files\Android\Android Studio\jre\jre\bin\verify.dll
0x00007ff803cc0000 - 0x00007ff803ce9000 	C:\Program Files\Android\Android Studio\jre\jre\bin\java.dll
0x00007ff802750000 - 0x00007ff802766000 	C:\Program Files\Android\Android Studio\jre\jre\bin\zip.dll
0x00007ff809b30000 - 0x00007ff80b058000 	C:\windows\system32\SHELL32.dll
0x00007ff80bb90000 - 0x00007ff80bda1000 	C:\windows\SYSTEM32\combase.dll
0x00007ff80b9b0000 - 0x00007ff80ba04000 	C:\windows\system32\SHLWAPI.dll
0x00007ff8073b0000 - 0x00007ff807462000 	C:\windows\SYSTEM32\SHCORE.dll
0x00007ff809030000 - 0x00007ff809045000 	C:\windows\SYSTEM32\profapi.dll

VM Arguments:
jvm_args: -Djava.awt.headless=true -Xmx1024M -Dfile.encoding=windows-1252 -Duser.country=US -Duser.language=en -Duser.variant 
java_command: com.android.dx.command.Main --dex --verbose --force-jumbo --num-threads=4 --multi-dex --output C:\Users\bruh\Desktop\COMP150-MOB\QueueR\app\build\intermediates\transforms\dex\debug\folders\1000\10\io.fabric.sdk.android-fabric-1.3.14_b5bbf973bd9b3afceb4fdb893f2c8a13ed151e9a C:\Users\bruh\Desktop\COMP150-MOB\QueueR\app\build\intermediates\exploded-aar\io.fabric.sdk.android\fabric\1.3.14\jars\classes.jar
java_class_path (initial): C:\Users\bruh\AppData\Local\Android\sdk\build-tools\24.0.1\lib\dx.jar
Launcher Type: SUN_STANDARD

Environment Variables:
PATH=C:\Program Files\Java\jdk1.8.0_101\bin\;C:\ProgramData\Oracle\Java\javapath;C:\windows\system32;C:\windows;C:\windows\System32\Wbem;C:\windows\System32\WindowsPowerShell\v1.0\;C:\Program Files\nodejs\;C:\Program Files (x86)\Heroku\bin;C:\Program Files (x86)\git\cmd;C:\Users\bruh\AppData\Roaming\npm;C:\Program Files (x86)\Skype\Phone\;C:\Program Files (x86)\GtkSharp\2.12\bin;C:\Program Files\Java\jdk1.8.0_101\bin\
USERNAME=bruh
OS=Windows_NT
PROCESSOR_IDENTIFIER=Intel64 Family 6 Model 69 Stepping 1, GenuineIntel



---------------  S Y S T E M  ---------------

OS: Windows 8.1 , 64 bit Build 9600 (6.3.9600.17415)

CPU:total 4 (2 cores per cpu, 2 threads per core) family 6 model 69 stepping 1, cmov, cx8, fxsr, mmx, sse, sse2, sse3, ssse3, sse4.1, sse4.2, popcnt, avx, avx2, aes, clmul, erms, lzcnt, ht, tsc, tscinvbit, bmi1, bmi2

Memory: 4k page, physical 4097056k(210224k free), swap 7242784k(5124k free)

vm_info: OpenJDK 64-Bit Server VM (25.76-b03) for windows-amd64 JRE (1.8.0_76-release-b03), built on Jun 29 2016 19:09:20 by "ralucas" with MS VC++ 10.0 (VS2010)

time: Wed Dec 14 18:01:28 2016
elapsed time: 9 seconds (0d 0h 0m 9s)

