#
# There is insufficient memory for the Java Runtime Environment to continue.
# Native memory allocation (malloc) failed to allocate 36176 bytes for Chunk::new
# Possible reasons:
#   The system is out of physical RAM or swap space
#   In 32 bit mode, the process size limit was hit
# Possible solutions:
#   Reduce memory load on the system
#   Increase physical memory or swap space
#   Check if swap backing store is full
#   Use 64 bit Java on a 64 bit OS
#   Decrease Java heap size (-Xmx/-Xms)
#   Decrease number of Java threads
#   Decrease Java thread stack sizes (-Xss)
#   Set larger code cache with -XX:ReservedCodeCacheSize=
# This output file may be truncated or incomplete.
#
#  Out of Memory Error (allocation.cpp:390), pid=4176, tid=0x0000000000001230
#
# JRE version: OpenJDK Runtime Environment (8.0_76-b03) (build 1.8.0_76-release-b03)
# Java VM: OpenJDK 64-Bit Server VM (25.76-b03 mixed mode windows-amd64 compressed oops)
# Failed to write core dump. Minidumps are not enabled by default on client versions of Windows
#

---------------  T H R E A D  ---------------

Current thread (0x00000000151c5800):  JavaThread "C2 CompilerThread1" daemon [_thread_in_native, id=4656, stack(0x00000000168c0000,0x00000000169c0000)]

Stack: [0x00000000168c0000,0x00000000169c0000]
[error occurred during error reporting (printing stack bounds), id 0xc0000005]

Native frames: (J=compiled Java code, j=interpreted, Vv=VM code, C=native code)


Current CompileTask:
C2:   4438 1154       4       com.android.dx.util.FixedSizeList::hashCode (8 bytes)


---------------  P R O C E S S  ---------------

Java Threads: ( => current thread )
  0x0000000016d48000 JavaThread "pool-2-thread-4" [_thread_blocked, id=7148, stack(0x00000000174c0000,0x00000000175c0000)]
  0x0000000016d42800 JavaThread "pool-2-thread-3" [_thread_in_Java, id=4184, stack(0x00000000173c0000,0x00000000174c0000)]
  0x0000000016d26800 JavaThread "pool-2-thread-2" [_thread_in_Java, id=664, stack(0x00000000172c0000,0x00000000173c0000)]
  0x0000000016d23000 JavaThread "pool-3-thread-1" [_thread_blocked, id=4680, stack(0x00000000171c0000,0x00000000172c0000)]
  0x0000000016d12800 JavaThread "pool-2-thread-1" [_thread_blocked, id=5840, stack(0x00000000170c0000,0x00000000171c0000)]
  0x0000000016acc800 JavaThread "Service Thread" daemon [_thread_blocked, id=4040, stack(0x0000000016ec0000,0x0000000016fc0000)]
  0x00000000151cc000 JavaThread "C1 CompilerThread2" daemon [_thread_in_vm, id=5508, stack(0x00000000169c0000,0x0000000016ac0000)]
=>0x00000000151c5800 JavaThread "C2 CompilerThread1" daemon [_thread_in_native, id=4656, stack(0x00000000168c0000,0x00000000169c0000)]
  0x0000000015178000 JavaThread "C2 CompilerThread0" daemon [_thread_blocked, id=5612, stack(0x00000000167c0000,0x00000000168c0000)]
  0x0000000015177000 JavaThread "Attach Listener" daemon [_thread_blocked, id=2976, stack(0x00000000166c0000,0x00000000167c0000)]
  0x0000000015174000 JavaThread "Signal Dispatcher" daemon [_thread_blocked, id=5732, stack(0x00000000165c0000,0x00000000166c0000)]
  0x0000000002a9b000 JavaThread "Finalizer" daemon [_thread_blocked, id=4264, stack(0x00000000163e0000,0x00000000164e0000)]
  0x0000000002a90000 JavaThread "Reference Handler" daemon [_thread_blocked, id=6712, stack(0x00000000162e0000,0x00000000163e0000)]
  0x00000000029a0800 JavaThread "main" [_thread_blocked, id=6472, stack(0x0000000002880000,0x0000000002980000)]

Other Threads:
  0x0000000015136800 VMThread [stack: 0x00000000161e0000,0x00000000162e0000] [id=1920]
  0x0000000016ac2000 WatcherThread [stack: 0x0000000016fc0000,0x00000000170c0000] [id=2476]

VM state:not at safepoint (normal execution)

VM Mutex/Monitor currently owned by a thread: None

Heap:
 PSYoungGen      total 18944K, used 12441K [0x00000000eab00000, 0x00000000ed000000, 0x0000000100000000)
  eden space 16384K, 60% used [0x00000000eab00000,0x00000000eb4a7ae8,0x00000000ebb00000)
  from space 2560K, 99% used [0x00000000ebb00000,0x00000000ebd7ea98,0x00000000ebd80000)
  to   space 2560K, 0% used [0x00000000ecd80000,0x00000000ecd80000,0x00000000ed000000)
 ParOldGen       total 44032K, used 1425K [0x00000000c0000000, 0x00000000c2b00000, 0x00000000eab00000)
  object space 44032K, 3% used [0x00000000c0000000,0x00000000c01645d0,0x00000000c2b00000)
 Metaspace       used 5732K, capacity 6832K, committed 7040K, reserved 1056768K
  class space    used 561K, capacity 616K, committed 640K, reserved 1048576K

Card table byte_map: [0x0000000011e60000,0x0000000012070000] byte_map_base: 0x0000000011860000

Marking Bits: (ParMarkBitMap*) 0x00000000538d9d00
 Begin Bits: [0x00000000125d0000, 0x00000000135d0000)
 End Bits:   [0x00000000135d0000, 0x00000000145d0000)

Polling page: 0x0000000001050000

CodeCache: size=245760Kb used=4613Kb max_used=4613Kb free=241146Kb
 bounds [0x0000000002aa0000, 0x0000000002f30000, 0x0000000011aa0000]
 total_blobs=1397 nmethods=1135 adapters=176
 compilation: enabled

Compilation events (10 events):
Event: 4.135 Thread 0x00000000151c5800 nmethod 1134 0x0000000002f16b10 code [0x0000000002f16c80, 0x0000000002f16e08]
Event: 4.136 Thread 0x00000000151c5800 1130       4       java.util.ArrayList::grow (45 bytes)
Event: 4.140 Thread 0x00000000151c5800 nmethod 1130 0x0000000002f16610 code [0x0000000002f16760, 0x0000000002f169b8]
Event: 4.140 Thread 0x00000000151c5800 1148       4       com.android.dx.rop.code.LocalItem::compareTo (32 bytes)
Event: 4.144 Thread 0x00000000151c5800 nmethod 1148 0x0000000002f15e50 code [0x0000000002f15fa0, 0x0000000002f16318]
Event: 4.429 Thread 0x00000000151cc000 nmethod 1144 0x0000000002f206d0 code [0x0000000002f20840, 0x0000000002f20b68]
Event: 4.429 Thread 0x00000000151cc000 1149       3       com.android.dx.ssa.LocalVariableInfo::getStarts (19 bytes)
Event: 4.430 Thread 0x00000000151cc000 nmethod 1149 0x0000000002f20010 code [0x0000000002f201a0, 0x0000000002f204c8]
Event: 4.430 Thread 0x00000000151cc000 1150       3       com.android.dx.ssa.Dominators::run (506 bytes)
Event: 4.433 Thread 0x00000000151c5800 1154       4       com.android.dx.util.FixedSizeList::hashCode (8 bytes)

GC Heap History (2 events):
Event: 3.026 GC heap before
{Heap before GC invocations=1 (full 0):
 PSYoungGen      total 18944K, used 16384K [0x00000000eab00000, 0x00000000ec000000, 0x0000000100000000)
  eden space 16384K, 100% used [0x00000000eab00000,0x00000000ebb00000,0x00000000ebb00000)
  from space 2560K, 0% used [0x00000000ebd80000,0x00000000ebd80000,0x00000000ec000000)
  to   space 2560K, 0% used [0x00000000ebb00000,0x00000000ebb00000,0x00000000ebd80000)
 ParOldGen       total 44032K, used 0K [0x00000000c0000000, 0x00000000c2b00000, 0x00000000eab00000)
  object space 44032K, 0% used [0x00000000c0000000,0x00000000c0000000,0x00000000c2b00000)
 Metaspace       used 5571K, capacity 6704K, committed 6784K, reserved 1056768K
  class space    used 558K, capacity 616K, committed 640K, reserved 1048576K
Event: 3.266 GC heap after
Heap after GC invocations=1 (full 0):
 PSYoungGen      total 18944K, used 2554K [0x00000000eab00000, 0x00000000ed000000, 0x0000000100000000)
  eden space 16384K, 0% used [0x00000000eab00000,0x00000000eab00000,0x00000000ebb00000)
  from space 2560K, 99% used [0x00000000ebb00000,0x00000000ebd7ea98,0x00000000ebd80000)
  to   space 2560K, 0% used [0x00000000ecd80000,0x00000000ecd80000,0x00000000ed000000)
 ParOldGen       total 44032K, used 1425K [0x00000000c0000000, 0x00000000c2b00000, 0x00000000eab00000)
  object space 44032K, 3% used [0x00000000c0000000,0x00000000c01645d0,0x00000000c2b00000)
 Metaspace       used 5571K, capacity 6704K, committed 6784K, reserved 1056768K
  class space    used 558K, capacity 616K, committed 640K, reserved 1048576K
}

Deoptimization events (10 events):
Event: 3.273 Thread 0x0000000016d12800 Uncommon trap: reason=unstable_if action=reinterpret pc=0x0000000002d1bfb8 method=java.util.HashMap.getNode(ILjava/lang/Object;)Ljava/util/HashMap$Node; @ 129
Event: 3.273 Thread 0x0000000016d12800 Uncommon trap: reason=unstable_if action=reinterpret pc=0x0000000002dd9a60 method=java.util.HashMap.putVal(ILjava/lang/Object;Ljava/lang/Object;ZZ)Ljava/lang/Object; @ 193
Event: 3.292 Thread 0x00000000029a0800 Uncommon trap: reason=unstable_if action=reinterpret pc=0x0000000002cf0534 method=java.util.BitSet.ensureCapacity(I)V @ 6
Event: 3.697 Thread 0x0000000016d26800 Uncommon trap: reason=class_check action=maybe_recompile pc=0x0000000002e39764 method=com.android.dx.rop.type.Type.equals(Ljava/lang/Object;)Z @ 8
Event: 3.697 Thread 0x0000000016d26800 Uncommon trap: reason=unstable_if action=reinterpret pc=0x0000000002d7ecf0 method=com.android.dx.rop.code.RegisterSpec.equals(ILcom/android/dx/rop/type/TypeBearer;Lcom/android/dx/rop/code/LocalItem;)Z @ 16
Event: 3.697 Thread 0x0000000016d26800 Uncommon trap: reason=class_check action=maybe_recompile pc=0x0000000002e39764 method=com.android.dx.rop.type.Type.equals(Ljava/lang/Object;)Z @ 8
Event: 3.697 Thread 0x0000000016d26800 Uncommon trap: reason=class_check action=maybe_recompile pc=0x0000000002e39764 method=com.android.dx.rop.type.Type.equals(Ljava/lang/Object;)Z @ 8
Event: 3.698 Thread 0x0000000016d26800 Uncommon trap: reason=class_check action=maybe_recompile pc=0x0000000002e39764 method=com.android.dx.rop.type.Type.equals(Ljava/lang/Object;)Z @ 8
Event: 3.698 Thread 0x0000000016d26800 Uncommon trap: reason=class_check action=maybe_recompile pc=0x0000000002dfd138 method=com.android.dx.rop.type.Type.equals(Ljava/lang/Object;)Z @ 8
Event: 3.707 Thread 0x0000000016d26800 Uncommon trap: reason=null_check action=make_not_entrant pc=0x0000000002d3ce6c method=com.android.dx.ssa.SsaRenamer.getLocalForNewReg(I)Lcom/android/dx/rop/code/LocalItem; @ 19

Internal exceptions (3 events):
Event: 0.208 Thread 0x00000000029a0800 Exception <a 'java/lang/NoSuchMethodError': Method sun.misc.Unsafe.defineClass(Ljava/lang/String;[BII)Ljava/lang/Class; name or signature does not match> (0x00000000eab07cc0) thrown at [C:\src\android\AOSP-openjdk\external\jetbrains\jdk\hotspot\src\share\v£Ôÿ*¬Ê?
Event: 0.208 Thread 0x00000000029a0800 Exception <a 'java/lang/NoSuchMethodError': Method sun.misc.Unsafe.prefetchRead(Ljava/lang/Object;J)V name or signature does not match> (0x00000000eab07fa8) thrown at [C:\src\android\AOSP-openjdk\external\jetbrains\jdk\hotspot\src\share\vm\prims\jni.cpp, l¯•
Event: 3.707 Thread 0x0000000016d26800 Implicit null exception at 0x0000000002d3aa0d to 0x0000000002d3ce4d

Events (10 events):
Event: 3.698 Thread 0x0000000016d26800 DEOPT UNPACKING pc=0x0000000002ae556a sp=0x00000000173be320 mode 2
Event: 3.698 loading class java/util/HashMap$Values
Event: 3.699 loading class java/util/HashMap$Values done
Event: 3.699 loading class java/util/HashMap$ValueIterator
Event: 3.699 loading class java/util/HashMap$ValueIterator done
Event: 3.707 Thread 0x0000000016d26800 Uncommon trap: trap_request=0xfffffff4 fr.pc=0x0000000002d3ce6c
Event: 3.707 Thread 0x0000000016d26800 DEOPT PACKING pc=0x0000000002d3ce6c sp=0x00000000173bed70
Event: 3.707 Thread 0x0000000016d26800 DEOPT UNPACKING pc=0x0000000002ae556a sp=0x00000000173bec28 mode 2
Event: 3.741 loading class com/android/dx/cf/attrib/AttExceptions
Event: 3.741 loading class com/android/dx/cf/attrib/AttExceptions done


Dynamic libraries:
0x00007ff7bbf40000 - 0x00007ff7bbf71000 	C:\Program Files\Android\Android Studio\jre\bin\java.exe
0x00007ff80bf10000 - 0x00007ff80c0bd000 	C:\windows\SYSTEM32\ntdll.dll
0x00007ff809590000 - 0x00007ff8096ce000 	C:\windows\system32\KERNEL32.DLL
0x00007ff809100000 - 0x00007ff809215000 	C:\windows\system32\KERNELBASE.dll
0x00007ff8098e0000 - 0x00007ff80998a000 	C:\windows\system32\ADVAPI32.dll
0x00007ff80b290000 - 0x00007ff80b407000 	C:\windows\system32\USER32.dll
0x00007ff806020000 - 0x00007ff80629b000 	C:\windows\WinSxS\amd64_microsoft.windows.common-controls_6595b64144ccf1df_6.0.9600.18006_none_623f33d3ecbe86e8\COMCTL32.dll
0x00007ff80b420000 - 0x00007ff80b4ca000 	C:\windows\system32\msvcrt.dll
0x00007ff80b6b0000 - 0x00007ff80b709000 	C:\windows\SYSTEM32\sechost.dll
0x00007ff8097a0000 - 0x00007ff8098e0000 	C:\windows\system32\RPCRT4.dll
0x00007ff80b860000 - 0x00007ff80b9af000 	C:\windows\system32\GDI32.dll
0x00007ff809560000 - 0x00007ff80958e000 	C:\windows\system32\SspiCli.dll
0x00007ff80b250000 - 0x00007ff80b286000 	C:\windows\system32\IMM32.DLL
0x00007ff80bdb0000 - 0x00007ff80bf02000 	C:\windows\system32\MSCTF.dll
0x0000000052f60000 - 0x0000000053032000 	C:\Program Files\Android\Android Studio\jre\jre\bin\msvcr100.dll
0x0000000053120000 - 0x0000000053954000 	C:\Program Files\Android\Android Studio\jre\jre\bin\server\jvm.dll
0x00007ff800dc0000 - 0x00007ff800dc9000 	C:\windows\SYSTEM32\WSOCK32.dll
0x00007ff804300000 - 0x00007ff804322000 	C:\windows\SYSTEM32\WINMM.dll
0x00007ff801630000 - 0x00007ff80163a000 	C:\windows\SYSTEM32\VERSION.dll
0x00007ff80b4e0000 - 0x00007ff80b4e7000 	C:\windows\system32\PSAPI.DLL
0x00007ff80ba10000 - 0x00007ff80ba6a000 	C:\windows\system32\WS2_32.dll
0x00007ff8042d0000 - 0x00007ff8042fa000 	C:\windows\SYSTEM32\WINMMBASE.dll
0x00007ff80b4d0000 - 0x00007ff80b4d9000 	C:\windows\system32\NSI.dll
0x00007ff809220000 - 0x00007ff80926f000 	C:\windows\SYSTEM32\cfgmgr32.dll
0x00007ff807e50000 - 0x00007ff807e78000 	C:\windows\SYSTEM32\DEVOBJ.dll
0x00007ff804e20000 - 0x00007ff804e2f000 	C:\Program Files\Android\Android Studio\jre\jre\bin\verify.dll
0x00007ff803cc0000 - 0x00007ff803ce9000 	C:\Program Files\Android\Android Studio\jre\jre\bin\java.dll
0x00007ff802cb0000 - 0x00007ff802cc6000 	C:\Program Files\Android\Android Studio\jre\jre\bin\zip.dll
0x00007ff809b30000 - 0x00007ff80b058000 	C:\windows\system32\SHELL32.dll
0x00007ff80bb90000 - 0x00007ff80bda1000 	C:\windows\SYSTEM32\combase.dll
0x00007ff80b9b0000 - 0x00007ff80ba04000 	C:\windows\system32\SHLWAPI.dll
0x00007ff8073b0000 - 0x00007ff807462000 	C:\windows\SYSTEM32\SHCORE.dll
0x00007ff809030000 - 0x00007ff809045000 	C:\windows\SYSTEM32\profapi.dll

VM Arguments:
jvm_args: -Djava.awt.headless=true -Xmx1024M -Dfile.encoding=windows-1252 -Duser.country=US -Duser.language=en -Duser.variant 
java_command: com.android.dx.command.Main --dex --verbose --force-jumbo --num-threads=4 --multi-dex --output C:\Users\bruh\Desktop\COMP150-MOB\QueueR\app\build\intermediates\transforms\dex\debug\folders\1000\10\com.android.support-recyclerview-v7-25.1.0_b7b8363b976b6526bc848b42d7cafc8f71dee540 C:\Users\bruh\Desktop\COMP150-MOB\QueueR\app\build\intermediates\exploded-aar\com.android.support\recyclerview-v7\25.1.0\jars\classes.jar
java_class_path (initial): C:\Users\bruh\AppData\Local\Android\sdk\build-tools\24.0.1\lib\dx.jar
Launcher Type: SUN_STANDARD

Environment Variables:
PATH=C:\Program Files\Java\jdk1.8.0_101\bin\;C:\ProgramData\Oracle\Java\javapath;C:\windows\system32;C:\windows;C:\windows\System32\Wbem;C:\windows\System32\WindowsPowerShell\v1.0\;C:\Program Files\nodejs\;C:\Program Files (x86)\Heroku\bin;C:\Program Files (x86)\git\cmd;C:\Users\bruh\AppData\Roaming\npm;C:\Program Files (x86)\Skype\Phone\;C:\Program Files (x86)\GtkSharp\2.12\bin;C:\Program Files\Java\jdk1.8.0_101\bin\
USERNAME=bruh
OS=Windows_NT
PROCESSOR_IDENTIFIER=Intel64 Family 6 Model 69 Stepping 1, GenuineIntel



---------------  S Y S T E M  ---------------

OS: Windows 8.1 , 64 bit Build 9600 (6.3.9600.17415)

CPU:total 4 (2 cores per cpu, 2 threads per core) family 6 model 69 stepping 1, cmov, cx8, fxsr, mmx, sse, sse2, sse3, ssse3, sse4.1, sse4.2, popcnt, avx, avx2, aes, clmul, erms, lzcnt, ht, tsc, tscinvbit, bmi1, bmi2

Memory: 4k page, physical 4097056k(611564k free), swap 7242784k(5676k free)

vm_info: OpenJDK 64-Bit Server VM (25.76-b03) for windows-amd64 JRE (1.8.0_76-release-b03), built on Jun 29 2016 19:09:20 by "ralucas" with MS VC++ 10.0 (VS2010)

time: Wed Dec 14 21:54:08 2016
elapsed time: 4 seconds (0d 0h 0m 4s)

