#
# There is insufficient memory for the Java Runtime Environment to continue.
# Native memory allocation (malloc) failed to allocate 32744 bytes for ChunkPool::allocate
# Possible reasons:
#   The system is out of physical RAM or swap space
#   In 32 bit mode, the process size limit was hit
# Possible solutions:
#   Reduce memory load on the system
#   Increase physical memory or swap space
#   Check if swap backing store is full
#   Use 64 bit Java on a 64 bit OS
#   Decrease Java heap size (-Xmx/-Xms)
#   Decrease number of Java threads
#   Decrease Java thread stack sizes (-Xss)
#   Set larger code cache with -XX:ReservedCodeCacheSize=
# This output file may be truncated or incomplete.
#
#  Out of Memory Error (allocation.cpp:273), pid=5892, tid=0x0000000000001928
#
# JRE version: OpenJDK Runtime Environment (8.0_76-b03) (build 1.8.0_76-release-b03)
# Java VM: OpenJDK 64-Bit Server VM (25.76-b03 mixed mode windows-amd64 compressed oops)
# Failed to write core dump. Minidumps are not enabled by default on client versions of Windows
#

---------------  T H R E A D  ---------------

Current thread (0x00000000147e7800):  JavaThread "C2 CompilerThread0" daemon [_thread_in_native, id=6440, stack(0x0000000015e10000,0x0000000015f10000)]

Stack: [0x0000000015e10000,0x0000000015f10000]
[error occurred during error reporting (printing stack bounds), id 0xc0000005]

Native frames: (J=compiled Java code, j=interpreted, Vv=VM code, C=native code)


Current CompileTask:
C2:   4528 1288   !   4       com.android.dx.cf.cst.ConstantPoolParser::parse0 (731 bytes)


---------------  P R O C E S S  ---------------

Java Threads: ( => current thread )
  0x00000000163f7800 JavaThread "pool-2-thread-4" [_thread_blocked, id=5396, stack(0x0000000016b10000,0x0000000016c10000)]
  0x00000000163f2800 JavaThread "pool-2-thread-3" [_thread_blocked, id=4972, stack(0x0000000016a10000,0x0000000016b10000)]
  0x00000000163ed800 JavaThread "pool-2-thread-2" [_thread_blocked, id=2144, stack(0x0000000016910000,0x0000000016a10000)]
  0x00000000163ed000 JavaThread "pool-3-thread-1" [_thread_blocked, id=5116, stack(0x0000000016810000,0x0000000016910000)]
  0x00000000163ec000 JavaThread "pool-2-thread-1" [_thread_blocked, id=2492, stack(0x0000000016710000,0x0000000016810000)]
  0x0000000016111800 JavaThread "Service Thread" daemon [_thread_blocked, id=476, stack(0x0000000016510000,0x0000000016610000)]
  0x000000001483b800 JavaThread "C1 CompilerThread2" daemon [_thread_blocked, id=3280, stack(0x0000000016010000,0x0000000016110000)]
  0x0000000014835800 JavaThread "C2 CompilerThread1" daemon [_thread_blocked, id=2156, stack(0x0000000015f10000,0x0000000016010000)]
=>0x00000000147e7800 JavaThread "C2 CompilerThread0" daemon [_thread_in_native, id=6440, stack(0x0000000015e10000,0x0000000015f10000)]
  0x00000000147e6000 JavaThread "Attach Listener" daemon [_thread_blocked, id=2012, stack(0x0000000015d10000,0x0000000015e10000)]
  0x00000000147e5000 JavaThread "Signal Dispatcher" daemon [_thread_blocked, id=2168, stack(0x0000000015c10000,0x0000000015d10000)]
  0x000000000210b000 JavaThread "Finalizer" daemon [_thread_blocked, id=2148, stack(0x0000000015a30000,0x0000000015b30000)]
  0x0000000002100000 JavaThread "Reference Handler" daemon [_thread_blocked, id=5688, stack(0x0000000015930000,0x0000000015a30000)]
  0x0000000002010800 JavaThread "main" [_thread_blocked, id=6508, stack(0x0000000001e40000,0x0000000001f40000)]

Other Threads:
  0x00000000147a5800 VMThread [stack: 0x0000000015830000,0x0000000015930000] [id=6304]
  0x0000000016113800 WatcherThread [stack: 0x0000000016610000,0x0000000016710000] [id=6652]

VM state:at safepoint (normal execution)

VM Mutex/Monitor currently owned by a thread:  ([mutex/lock_event])
[0x000000000200c490] Threads_lock - owner thread: 0x00000000147a5800
[0x000000000200c790] Heap_lock - owner thread: 0x00000000163ec000

Heap:
 PSYoungGen      total 18944K, used 18935K [0x00000000eab00000, 0x00000000ed000000, 0x0000000100000000)
  eden space 16384K, 100% used [0x00000000eab00000,0x00000000ebb00000,0x00000000ebb00000)
  from space 2560K, 99% used [0x00000000ebd80000,0x00000000ebffdc78,0x00000000ec000000)
  to   space 2560K, 98% used [0x00000000ebb00000,0x00000000ebd78728,0x00000000ebd80000)
 ParOldGen       total 44032K, used 7123K [0x00000000c0000000, 0x00000000c2b00000, 0x00000000eab00000)
  object space 44032K, 16% used [0x00000000c0000000,0x00000000c06f4c78,0x00000000c2b00000)
 Metaspace       used 6044K, capacity 7024K, committed 7296K, reserved 1056768K
  class space    used 573K, capacity 616K, committed 640K, reserved 1048576K

Card table byte_map: [0x00000000114d0000,0x00000000116e0000] byte_map_base: 0x0000000010ed0000

Marking Bits: (ParMarkBitMap*) 0x00000000538d9d00
 Begin Bits: [0x0000000011c40000, 0x0000000012c40000)
 End Bits:   [0x0000000012c40000, 0x0000000013c40000)

Polling page: 0x0000000000660000

CodeCache: size=245760Kb used=5608Kb max_used=5613Kb free=240151Kb
 bounds [0x0000000002110000, 0x0000000002690000, 0x0000000011110000]
 total_blobs=1624 nmethods=1356 adapters=181
 compilation: enabled

Compilation events (10 events):
Event: 4.197 Thread 0x000000001483b800 1364       3       com.android.dx.ssa.SsaConverter::convertToSsaMethod (41 bytes)
Event: 4.198 Thread 0x000000001483b800 nmethod 1364 0x000000000268aa90 code [0x000000000268ace0, 0x000000000268b888]
Event: 4.199 Thread 0x000000001483b800 1365       3       com.android.dx.ssa.Optimizer::runSsaFormSteps (117 bytes)
Event: 4.200 Thread 0x0000000014835800 nmethod 1336 0x000000000268be90 code [0x000000000268c160, 0x000000000268dd28]
Event: 4.200 Thread 0x0000000014835800 1352       4       com.android.dx.cf.code.Ropper::getAvailableLabel (54 bytes)
Event: 4.202 Thread 0x000000001483b800 nmethod 1365 0x0000000002688050 code [0x0000000002688400, 0x0000000002689d98]
Event: 4.202 Thread 0x000000001483b800 1366       3       com.android.dx.ssa.MoveParamCombiner$1::<init> (20 bytes)
Event: 4.202 Thread 0x000000001483b800 nmethod 1366 0x0000000002687c50 code [0x0000000002687da0, 0x0000000002687f90]
Event: 4.203 Thread 0x000000001483b800 1367       3       com.android.dx.ssa.back.SsaToRop::convertToRopMethod (13 bytes)
Event: 4.203 Thread 0x000000001483b800 nmethod 1367 0x0000000002687690 code [0x0000000002687820, 0x0000000002687af8]

GC Heap History (5 events):
Event: 1.903 GC heap before
{Heap before GC invocations=1 (full 0):
 PSYoungGen      total 18944K, used 16384K [0x00000000eab00000, 0x00000000ec000000, 0x0000000100000000)
  eden space 16384K, 100% used [0x00000000eab00000,0x00000000ebb00000,0x00000000ebb00000)
  from space 2560K, 0% used [0x00000000ebd80000,0x00000000ebd80000,0x00000000ec000000)
  to   space 2560K, 0% used [0x00000000ebb00000,0x00000000ebb00000,0x00000000ebd80000)
 ParOldGen       total 44032K, used 0K [0x00000000c0000000, 0x00000000c2b00000, 0x00000000eab00000)
  object space 44032K, 0% used [0x00000000c0000000,0x00000000c0000000,0x00000000c2b00000)
 Metaspace       used 5710K, capacity 6704K, committed 6784K, reserved 1056768K
  class space    used 570K, capacity 616K, committed 640K, reserved 1048576K
Event: 1.913 GC heap after
Heap after GC invocations=1 (full 0):
 PSYoungGen      total 18944K, used 2535K [0x00000000eab00000, 0x00000000ec000000, 0x0000000100000000)
  eden space 16384K, 0% used [0x00000000eab00000,0x00000000eab00000,0x00000000ebb00000)
  from space 2560K, 99% used [0x00000000ebb00000,0x00000000ebd79c88,0x00000000ebd80000)
  to   space 2560K, 0% used [0x00000000ebd80000,0x00000000ebd80000,0x00000000ec000000)
 ParOldGen       total 44032K, used 1481K [0x00000000c0000000, 0x00000000c2b00000, 0x00000000eab00000)
  object space 44032K, 3% used [0x00000000c0000000,0x00000000c0172590,0x00000000c2b00000)
 Metaspace       used 5710K, capacity 6704K, committed 6784K, reserved 1056768K
  class space    used 570K, capacity 616K, committed 640K, reserved 1048576K
}
Event: 3.522 GC heap before
{Heap before GC invocations=2 (full 0):
 PSYoungGen      total 18944K, used 18919K [0x00000000eab00000, 0x00000000ec000000, 0x0000000100000000)
  eden space 16384K, 100% used [0x00000000eab00000,0x00000000ebb00000,0x00000000ebb00000)
  from space 2560K, 99% used [0x00000000ebb00000,0x00000000ebd79c88,0x00000000ebd80000)
  to   space 2560K, 0% used [0x00000000ebd80000,0x00000000ebd80000,0x00000000ec000000)
 ParOldGen       total 44032K, used 1481K [0x00000000c0000000, 0x00000000c2b00000, 0x00000000eab00000)
  object space 44032K, 3% used [0x00000000c0000000,0x00000000c0172590,0x00000000c2b00000)
 Metaspace       used 5991K, capacity 6960K, committed 7040K, reserved 1056768K
  class space    used 573K, capacity 616K, committed 640K, reserved 1048576K
Event: 3.563 GC heap after
Heap after GC invocations=2 (full 0):
 PSYoungGen      total 18944K, used 2551K [0x00000000eab00000, 0x00000000ed000000, 0x0000000100000000)
  eden space 16384K, 0% used [0x00000000eab00000,0x00000000eab00000,0x00000000ebb00000)
  from space 2560K, 99% used [0x00000000ebd80000,0x00000000ebffdc78,0x00000000ec000000)
  to   space 2560K, 0% used [0x00000000ebb00000,0x00000000ebb00000,0x00000000ebd80000)
 ParOldGen       total 44032K, used 3553K [0x00000000c0000000, 0x00000000c2b00000, 0x00000000eab00000)
  object space 44032K, 8% used [0x00000000c0000000,0x00000000c0378550,0x00000000c2b00000)
 Metaspace       used 5991K, capacity 6960K, committed 7040K, reserved 1056768K
  class space    used 573K, capacity 616K, committed 640K, reserved 1048576K
}
Event: 4.338 GC heap before
{Heap before GC invocations=3 (full 0):
 PSYoungGen      total 18944K, used 18935K [0x00000000eab00000, 0x00000000ed000000, 0x0000000100000000)
  eden space 16384K, 100% used [0x00000000eab00000,0x00000000ebb00000,0x00000000ebb00000)
  from space 2560K, 99% used [0x00000000ebd80000,0x00000000ebffdc78,0x00000000ec000000)
  to   space 2560K, 0% used [0x00000000ebb00000,0x00000000ebb00000,0x00000000ebd80000)
 ParOldGen       total 44032K, used 3553K [0x00000000c0000000, 0x00000000c2b00000, 0x00000000eab00000)
  object space 44032K, 8% used [0x00000000c0000000,0x00000000c0378550,0x00000000c2b00000)
 Metaspace       used 6044K, capacity 7024K, committed 7296K, reserved 1056768K
  class space    used 573K, capacity 616K, committed 640K, reserved 1048576K

Deoptimization events (10 events):
Event: 2.345 Thread 0x00000000163f2800 Uncommon trap: reason=unstable_if action=reinterpret pc=0x0000000002452bb4 method=com.android.dx.rop.code.RegisterSpec.equals(ILcom/android/dx/rop/type/TypeBearer;Lcom/android/dx/rop/code/LocalItem;)Z @ 16
Event: 2.345 Thread 0x00000000163f2800 Uncommon trap: reason=unstable_if action=reinterpret pc=0x0000000002419dc0 method=com.android.dx.rop.code.RegisterSpec.equals(ILcom/android/dx/rop/type/TypeBearer;Lcom/android/dx/rop/code/LocalItem;)Z @ 16
Event: 2.355 Thread 0x00000000163f2800 Uncommon trap: reason=unstable_if action=reinterpret pc=0x0000000002447e60 method=com.android.dx.rop.code.RegisterSpec.equals(ILcom/android/dx/rop/type/TypeBearer;Lcom/android/dx/rop/code/LocalItem;)Z @ 16
Event: 3.415 Thread 0x00000000163ed800 Uncommon trap: reason=unstable_if action=reinterpret pc=0x00000000024fa97c method=com.android.dx.util.IntList.binarysearch(I)I @ 105
Event: 3.604 Thread 0x0000000002010800 Uncommon trap: reason=unstable_if action=reinterpret pc=0x00000000025b982c method=com.android.dx.ssa.SCCP.simulateStmt(Lcom/android/dx/ssa/SsaInsn;)V @ 418
Event: 3.614 Thread 0x0000000002010800 Uncommon trap: reason=unstable_if action=reinterpret pc=0x00000000022c8c90 method=java.lang.String.<init>([CII)V @ 18
Event: 3.675 Thread 0x00000000163ed800 Uncommon trap: reason=class_check action=maybe_recompile pc=0x00000000025f2dc4 method=java.util.HashMap.putVal(ILjava/lang/Object;Ljava/lang/Object;ZZ)Ljava/lang/Object; @ 203
Event: 3.676 Thread 0x00000000163ed800 Uncommon trap: reason=bimorphic action=maybe_recompile pc=0x000000000237817c method=java.util.HashMap.getNode(ILjava/lang/Object;)Ljava/util/HashMap$Node; @ 126
Event: 3.676 Thread 0x00000000163ed800 Uncommon trap: reason=bimorphic action=maybe_recompile pc=0x000000000237817c method=java.util.HashMap.getNode(ILjava/lang/Object;)Ljava/util/HashMap$Node; @ 126
Event: 3.676 Thread 0x00000000163ed800 Uncommon trap: reason=bimorphic action=maybe_recompile pc=0x000000000237817c method=java.util.HashMap.getNode(ILjava/lang/Object;)Ljava/util/HashMap$Node; @ 126

Internal exceptions (2 events):
Event: 0.172 Thread 0x0000000002010800 Exception <a 'java/lang/NoSuchMethodError': Method sun.misc.Unsafe.defineClass(Ljava/lang/String;[BII)Ljava/lang/Class; name or signature does not match> (0x00000000eab07cc0) thrown at [C:\src\android\AOSP-openjdk\external\jetbrains\jdk\hotspot\src\share\v˜'ÜnÆ?
Event: 0.172 Thread 0x0000000002010800 Exception <a 'java/lang/NoSuchMethodError': Method sun.misc.Unsafe.prefetchRead(Ljava/lang/Object;J)V name or signature does not match> (0x00000000eab07fa8) thrown at [C:\src\android\AOSP-openjdk\external\jetbrains\jdk\hotspot\src\share\vm\prims\jni.cpp, l

Events (10 events):
Event: 3.676 Thread 0x00000000163ed800 Uncommon trap: trap_request=0xffffffc6 fr.pc=0x000000000237817c
Event: 3.676 Thread 0x00000000163ed800 DEOPT PACKING pc=0x000000000237817c sp=0x0000000016a0e6e0
Event: 3.676 Thread 0x00000000163ed800 DEOPT UNPACKING pc=0x000000000215556a sp=0x0000000016a0e5f8 mode 2
Event: 3.676 Thread 0x00000000163ed800 Uncommon trap: trap_request=0xffffffc6 fr.pc=0x000000000237817c
Event: 3.676 Thread 0x00000000163ed800 DEOPT PACKING pc=0x000000000237817c sp=0x0000000016a0e6e0
Event: 3.676 Thread 0x00000000163ed800 DEOPT UNPACKING pc=0x000000000215556a sp=0x0000000016a0e5f8 mode 2
Event: 3.676 Thread 0x00000000163ed800 Uncommon trap: trap_request=0xffffffc6 fr.pc=0x000000000237817c
Event: 3.676 Thread 0x00000000163ed800 DEOPT PACKING pc=0x000000000237817c sp=0x0000000016a0e6e0
Event: 3.676 Thread 0x00000000163ed800 DEOPT UNPACKING pc=0x000000000215556a sp=0x0000000016a0e5f8 mode 2
Event: 4.207 Executing VM operation: ParallelGCFailedAllocation


Dynamic libraries:
0x00007ff7bbf40000 - 0x00007ff7bbf71000 	C:\Program Files\Android\Android Studio\jre\bin\java.exe
0x00007ff80bf10000 - 0x00007ff80c0bd000 	C:\windows\SYSTEM32\ntdll.dll
0x00007ff809590000 - 0x00007ff8096ce000 	C:\windows\system32\KERNEL32.DLL
0x00007ff809100000 - 0x00007ff809215000 	C:\windows\system32\KERNELBASE.dll
0x00007ff8098e0000 - 0x00007ff80998a000 	C:\windows\system32\ADVAPI32.dll
0x00007ff80b290000 - 0x00007ff80b407000 	C:\windows\system32\USER32.dll
0x00007ff806020000 - 0x00007ff80629b000 	C:\windows\WinSxS\amd64_microsoft.windows.common-controls_6595b64144ccf1df_6.0.9600.18006_none_623f33d3ecbe86e8\COMCTL32.dll
0x00007ff80b420000 - 0x00007ff80b4ca000 	C:\windows\system32\msvcrt.dll
0x00007ff80b6b0000 - 0x00007ff80b709000 	C:\windows\SYSTEM32\sechost.dll
0x00007ff8097a0000 - 0x00007ff8098e0000 	C:\windows\system32\RPCRT4.dll
0x00007ff80b860000 - 0x00007ff80b9af000 	C:\windows\system32\GDI32.dll
0x00007ff809560000 - 0x00007ff80958e000 	C:\windows\system32\SspiCli.dll
0x00007ff80b250000 - 0x00007ff80b286000 	C:\windows\system32\IMM32.DLL
0x00007ff80bdb0000 - 0x00007ff80bf02000 	C:\windows\system32\MSCTF.dll
0x0000000052f60000 - 0x0000000053032000 	C:\Program Files\Android\Android Studio\jre\jre\bin\msvcr100.dll
0x0000000053120000 - 0x0000000053954000 	C:\Program Files\Android\Android Studio\jre\jre\bin\server\jvm.dll
0x00007ff800dc0000 - 0x00007ff800dc9000 	C:\windows\SYSTEM32\WSOCK32.dll
0x00007ff804300000 - 0x00007ff804322000 	C:\windows\SYSTEM32\WINMM.dll
0x00007ff801630000 - 0x00007ff80163a000 	C:\windows\SYSTEM32\VERSION.dll
0x00007ff80b4e0000 - 0x00007ff80b4e7000 	C:\windows\system32\PSAPI.DLL
0x00007ff80ba10000 - 0x00007ff80ba6a000 	C:\windows\system32\WS2_32.dll
0x00007ff8042d0000 - 0x00007ff8042fa000 	C:\windows\SYSTEM32\WINMMBASE.dll
0x00007ff80b4d0000 - 0x00007ff80b4d9000 	C:\windows\system32\NSI.dll
0x00007ff809220000 - 0x00007ff80926f000 	C:\windows\SYSTEM32\cfgmgr32.dll
0x00007ff807e50000 - 0x00007ff807e78000 	C:\windows\SYSTEM32\DEVOBJ.dll
0x00007ff804e20000 - 0x00007ff804e2f000 	C:\Program Files\Android\Android Studio\jre\jre\bin\verify.dll
0x00007ff8049c0000 - 0x00007ff8049e9000 	C:\Program Files\Android\Android Studio\jre\jre\bin\java.dll
0x00007ff803cd0000 - 0x00007ff803ce6000 	C:\Program Files\Android\Android Studio\jre\jre\bin\zip.dll
0x00007ff809b30000 - 0x00007ff80b058000 	C:\windows\system32\SHELL32.dll
0x00007ff80bb90000 - 0x00007ff80bda1000 	C:\windows\SYSTEM32\combase.dll
0x00007ff80b9b0000 - 0x00007ff80ba04000 	C:\windows\system32\SHLWAPI.dll
0x00007ff8073b0000 - 0x00007ff807462000 	C:\windows\SYSTEM32\SHCORE.dll
0x00007ff809030000 - 0x00007ff809045000 	C:\windows\SYSTEM32\profapi.dll

VM Arguments:
jvm_args: -Djava.awt.headless=true -Xmx1024M -Dfile.encoding=windows-1252 -Duser.country=US -Duser.language=en -Duser.variant 
java_command: com.android.dx.command.Main --dex --verbose --force-jumbo --num-threads=4 --multi-dex --output C:\Users\bruh\Desktop\COMP150-MOB\QueueR\app\build\intermediates\transforms\dex\debug\folders\1000\10\com.google.firebase-firebase-analytics-impl-9.4.0_f2863fb056a0e806e110b907d1d2e788a0590a6d C:\Users\bruh\Desktop\COMP150-MOB\QueueR\app\build\intermediates\exploded-aar\com.google.firebase\firebase-analytics-impl\9.4.0\jars\classes.jar
java_class_path (initial): C:\Users\bruh\AppData\Local\Android\sdk\build-tools\24.0.1\lib\dx.jar
Launcher Type: SUN_STANDARD

Environment Variables:
PATH=C:\Program Files\Java\jdk1.8.0_101\bin\;C:\ProgramData\Oracle\Java\javapath;C:\windows\system32;C:\windows;C:\windows\System32\Wbem;C:\windows\System32\WindowsPowerShell\v1.0\;C:\Program Files\nodejs\;C:\Program Files (x86)\Heroku\bin;C:\Program Files (x86)\git\cmd;C:\Users\bruh\AppData\Roaming\npm;C:\Program Files (x86)\Skype\Phone\;C:\Program Files (x86)\GtkSharp\2.12\bin;C:\Program Files\Java\jdk1.8.0_101\bin\
USERNAME=bruh
OS=Windows_NT
PROCESSOR_IDENTIFIER=Intel64 Family 6 Model 69 Stepping 1, GenuineIntel



---------------  S Y S T E M  ---------------

OS: Windows 8.1 , 64 bit Build 9600 (6.3.9600.17415)

CPU:total 4 (2 cores per cpu, 2 threads per core) family 6 model 69 stepping 1, cmov, cx8, fxsr, mmx, sse, sse2, sse3, ssse3, sse4.1, sse4.2, popcnt, avx, avx2, aes, clmul, erms, lzcnt, ht, tsc, tscinvbit, bmi1, bmi2

Memory: 4k page, physical 4097056k(186764k free), swap 7242784k(5108k free)

vm_info: OpenJDK 64-Bit Server VM (25.76-b03) for windows-amd64 JRE (1.8.0_76-release-b03), built on Jun 29 2016 19:09:20 by "ralucas" with MS VC++ 10.0 (VS2010)

time: Wed Dec 14 23:41:12 2016
elapsed time: 4 seconds (0d 0h 0m 4s)

