#
# There is insufficient memory for the Java Runtime Environment to continue.
# Native memory allocation (malloc) failed to allocate 174512 bytes for Chunk::new
# Possible reasons:
#   The system is out of physical RAM or swap space
#   In 32 bit mode, the process size limit was hit
# Possible solutions:
#   Reduce memory load on the system
#   Increase physical memory or swap space
#   Check if swap backing store is full
#   Use 64 bit Java on a 64 bit OS
#   Decrease Java heap size (-Xmx/-Xms)
#   Decrease number of Java threads
#   Decrease Java thread stack sizes (-Xss)
#   Set larger code cache with -XX:ReservedCodeCacheSize=
# This output file may be truncated or incomplete.
#
#  Out of Memory Error (allocation.cpp:390), pid=7016, tid=0x0000000000000af0
#
# JRE version: OpenJDK Runtime Environment (8.0_76-b03) (build 1.8.0_76-release-b03)
# Java VM: OpenJDK 64-Bit Server VM (25.76-b03 mixed mode windows-amd64 compressed oops)
# Failed to write core dump. Minidumps are not enabled by default on client versions of Windows
#

---------------  T H R E A D  ---------------

Current thread (0x00000000149fd800):  JavaThread "C2 CompilerThread1" daemon [_thread_in_native, id=2800, stack(0x0000000016070000,0x0000000016170000)]

Stack: [0x0000000016070000,0x0000000016170000]
[error occurred during error reporting (printing stack bounds), id 0xc0000005]

Native frames: (J=compiled Java code, j=interpreted, Vv=VM code, C=native code)


Current CompileTask:
C2:   2079  953       4       com.android.dx.ssa.back.LivenessAnalyzer::handleTailRecursion (94 bytes)


---------------  P R O C E S S  ---------------

Java Threads: ( => current thread )
  0x00000000164c1800 JavaThread "pool-2-thread-4" [_thread_in_Java, id=7012, stack(0x0000000016c70000,0x0000000016d70000)]
  0x00000000164b7000 JavaThread "pool-2-thread-3" [_thread_in_Java, id=2716, stack(0x0000000016b70000,0x0000000016c70000)]
  0x00000000163d8000 JavaThread "pool-2-thread-2" [_thread_in_Java, id=6224, stack(0x0000000016a70000,0x0000000016b70000)]
  0x00000000163d5000 JavaThread "pool-3-thread-1" [_thread_blocked, id=6700, stack(0x0000000016970000,0x0000000016a70000)]
  0x00000000163d4000 JavaThread "pool-2-thread-1" [_thread_in_vm_trans, id=2992, stack(0x0000000016870000,0x0000000016970000)]
  0x0000000014a02800 JavaThread "Service Thread" daemon [_thread_blocked, id=2144, stack(0x0000000016670000,0x0000000016770000)]
  0x0000000014a2b000 JavaThread "C1 CompilerThread2" daemon [_thread_in_native, id=6252, stack(0x0000000016170000,0x0000000016270000)]
=>0x00000000149fd800 JavaThread "C2 CompilerThread1" daemon [_thread_in_native, id=2800, stack(0x0000000016070000,0x0000000016170000)]
  0x00000000149fa800 JavaThread "C2 CompilerThread0" daemon [_thread_in_native, id=1392, stack(0x0000000015f70000,0x0000000016070000)]
  0x0000000014a07000 JavaThread "Attach Listener" daemon [_thread_blocked, id=3528, stack(0x0000000015e70000,0x0000000015f70000)]
  0x0000000014a06000 JavaThread "Signal Dispatcher" daemon [_thread_blocked, id=3996, stack(0x0000000015d70000,0x0000000015e70000)]
  0x000000000232b000 JavaThread "Finalizer" daemon [_thread_blocked, id=5676, stack(0x0000000015c70000,0x0000000015d70000)]
  0x0000000002320000 JavaThread "Reference Handler" daemon [_thread_blocked, id=4836, stack(0x0000000015b70000,0x0000000015c70000)]
  0x0000000002230800 JavaThread "main" [_thread_blocked, id=4748, stack(0x0000000002130000,0x0000000002230000)]

Other Threads:
  0x00000000149c5800 VMThread [stack: 0x0000000015a70000,0x0000000015b70000] [id=5916]
  0x0000000016292800 WatcherThread [stack: 0x0000000016770000,0x0000000016870000] [id=6416]

VM state:not at safepoint (normal execution)

VM Mutex/Monitor currently owned by a thread: None

Heap:
 PSYoungGen      total 18944K, used 6568K [0x00000000eab00000, 0x00000000ed000000, 0x0000000100000000)
  eden space 16384K, 24% used [0x00000000eab00000,0x00000000eaef2048,0x00000000ebb00000)
  from space 2560K, 98% used [0x00000000ebb00000,0x00000000ebd78038,0x00000000ebd80000)
  to   space 2560K, 0% used [0x00000000ecd80000,0x00000000ecd80000,0x00000000ed000000)
 ParOldGen       total 44032K, used 2228K [0x00000000c0000000, 0x00000000c2b00000, 0x00000000eab00000)
  object space 44032K, 5% used [0x00000000c0000000,0x00000000c022d058,0x00000000c2b00000)
 Metaspace       used 5842K, capacity 6832K, committed 7040K, reserved 1056768K
  class space    used 577K, capacity 616K, committed 640K, reserved 1048576K

Card table byte_map: [0x00000000116f0000,0x0000000011900000] byte_map_base: 0x00000000110f0000

Marking Bits: (ParMarkBitMap*) 0x00000000538d9d00
 Begin Bits: [0x0000000011e60000, 0x0000000012e60000)
 End Bits:   [0x0000000012e60000, 0x0000000013e60000)

Polling page: 0x0000000000870000

CodeCache: size=245760Kb used=3949Kb max_used=3962Kb free=241810Kb
 bounds [0x0000000002330000, 0x0000000002720000, 0x0000000011330000]
 total_blobs=1248 nmethods=980 adapters=182
 compilation: enabled

Compilation events (10 events):
Event: 2.061 Thread 0x0000000014a2b000 nmethod 958 0x000000000270aad0 code [0x000000000270ac20, 0x000000000270ad30]
Event: 2.061 Thread 0x0000000014a2b000  983       1       java.util.TreeMap$Entry::getValue (5 bytes)
Event: 2.061 Thread 0x0000000014a2b000 nmethod 983 0x000000000270ad90 code [0x000000000270aee0, 0x000000000270aff0]
Event: 2.062 Thread 0x0000000014a2b000  984       3       java.util.ArrayList::<init> (61 bytes)
Event: 2.063 Thread 0x0000000014a2b000 nmethod 984 0x000000000270b050 code [0x000000000270b260, 0x000000000270bcd8]
Event: 2.063 Thread 0x0000000014a2b000  985       3       com.android.dx.cf.code.BasicBlocker::visitNoArgs (298 bytes)
Event: 2.066 Thread 0x0000000014a2b000 nmethod 985 0x000000000270c150 code [0x000000000270c3c0, 0x000000000270d178]
Event: 2.066 Thread 0x0000000014a2b000  986       3       com.android.dx.cf.code.Simulator$SimVisitor::visitNoArgs (2136 bytes)
Event: 2.072 Thread 0x00000000149fa800 nmethod 954 0x0000000002711050 code [0x00000000027111e0, 0x00000000027118c8]
Event: 2.072 Thread 0x00000000149fa800  956       4       com.android.dx.ssa.back.LivenessAnalyzer::liveOutAtStatement (61 bytes)

GC Heap History (2 events):
Event: 1.908 GC heap before
{Heap before GC invocations=1 (full 0):
 PSYoungGen      total 18944K, used 16384K [0x00000000eab00000, 0x00000000ec000000, 0x0000000100000000)
  eden space 16384K, 100% used [0x00000000eab00000,0x00000000ebb00000,0x00000000ebb00000)
  from space 2560K, 0% used [0x00000000ebd80000,0x00000000ebd80000,0x00000000ec000000)
  to   space 2560K, 0% used [0x00000000ebb00000,0x00000000ebb00000,0x00000000ebd80000)
 ParOldGen       total 44032K, used 0K [0x00000000c0000000, 0x00000000c2b00000, 0x00000000eab00000)
  object space 44032K, 0% used [0x00000000c0000000,0x00000000c0000000,0x00000000c2b00000)
 Metaspace       used 5785K, capacity 6832K, committed 7040K, reserved 1056768K
  class space    used 575K, capacity 616K, committed 640K, reserved 1048576K
Event: 1.954 GC heap after
Heap after GC invocations=1 (full 0):
 PSYoungGen      total 18944K, used 2528K [0x00000000eab00000, 0x00000000ed000000, 0x0000000100000000)
  eden space 16384K, 0% used [0x00000000eab00000,0x00000000eab00000,0x00000000ebb00000)
  from space 2560K, 98% used [0x00000000ebb00000,0x00000000ebd78038,0x00000000ebd80000)
  to   space 2560K, 0% used [0x00000000ecd80000,0x00000000ecd80000,0x00000000ed000000)
 ParOldGen       total 44032K, used 2228K [0x00000000c0000000, 0x00000000c2b00000, 0x00000000eab00000)
  object space 44032K, 5% used [0x00000000c0000000,0x00000000c022d058,0x00000000c2b00000)
 Metaspace       used 5785K, capacity 6832K, committed 7040K, reserved 1056768K
  class space    used 575K, capacity 616K, committed 640K, reserved 1048576K
}

Deoptimization events (3 events):
Event: 1.399 Thread 0x00000000164b7000 Uncommon trap: reason=unstable_if action=reinterpret pc=0x0000000002534f20 method=java.util.HashMap.getNode(ILjava/lang/Object;)Ljava/util/HashMap$Node; @ 129
Event: 1.790 Thread 0x00000000163d8000 Uncommon trap: reason=unstable_if action=reinterpret pc=0x000000000257b830 method=java.util.BitSet.nextSetBit(I)I @ 87
Event: 1.975 Thread 0x00000000163d8000 Uncommon trap: reason=unstable_if action=reinterpret pc=0x000000000262735c method=com.android.dx.rop.cst.Constant.compareTo(Lcom/android/dx/rop/cst/Constant;)I @ 12

Internal exceptions (2 events):
Event: 0.059 Thread 0x0000000002230800 Exception <a 'java/lang/NoSuchMethodError': Method sun.misc.Unsafe.defineClass(Ljava/lang/String;[BII)Ljava/lang/Class; name or signature does not match> (0x00000000eab07cc0) thrown at [C:\src\android\AOSP-openjdk\external\jetbrains\jdk\hotspot\src\share\vöM“8W®?
Event: 0.059 Thread 0x0000000002230800 Exception <a 'java/lang/NoSuchMethodError': Method sun.misc.Unsafe.prefetchRead(Ljava/lang/Object;J)V name or signature does not match> (0x00000000eab07fa8) thrown at [C:\src\android\AOSP-openjdk\external\jetbrains\jdk\hotspot\src\share\vm\prims\jni.cpp, l

Events (10 events):
Event: 2.002 loading class com/android/dx/dex/file/FieldAnnotationStruct
Event: 2.002 loading class com/android/dx/dex/file/FieldAnnotationStruct done
Event: 2.014 Thread 0x00000000163d4000 DEOPT PACKING pc=0x000000000262a782 sp=0x000000001696e6e0
Event: 2.014 Thread 0x00000000163d4000 DEOPT UNPACKING pc=0x00000000023775bf sp=0x000000001696e458 mode 0
Event: 2.025 loading class java/util/TreeMap$EntrySet
Event: 2.046 loading class java/util/TreeMap$EntrySet done
Event: 2.046 loading class java/util/TreeMap$EntryIterator
Event: 2.046 loading class java/util/TreeMap$EntryIterator done
Event: 2.046 Executing VM operation: Deoptimize
Event: 2.049 Executing VM operation: Deoptimize done


Dynamic libraries:
0x00007ff7bbf40000 - 0x00007ff7bbf71000 	C:\Program Files\Android\Android Studio\jre\bin\java.exe
0x00007ff80bf10000 - 0x00007ff80c0bd000 	C:\windows\SYSTEM32\ntdll.dll
0x00007ff809590000 - 0x00007ff8096ce000 	C:\windows\system32\KERNEL32.DLL
0x00007ff809100000 - 0x00007ff809215000 	C:\windows\system32\KERNELBASE.dll
0x00007ff8098e0000 - 0x00007ff80998a000 	C:\windows\system32\ADVAPI32.dll
0x00007ff80b290000 - 0x00007ff80b407000 	C:\windows\system32\USER32.dll
0x00007ff806020000 - 0x00007ff80629b000 	C:\windows\WinSxS\amd64_microsoft.windows.common-controls_6595b64144ccf1df_6.0.9600.18006_none_623f33d3ecbe86e8\COMCTL32.dll
0x00007ff80b420000 - 0x00007ff80b4ca000 	C:\windows\system32\msvcrt.dll
0x00007ff80b6b0000 - 0x00007ff80b709000 	C:\windows\SYSTEM32\sechost.dll
0x00007ff8097a0000 - 0x00007ff8098e0000 	C:\windows\system32\RPCRT4.dll
0x00007ff80b860000 - 0x00007ff80b9af000 	C:\windows\system32\GDI32.dll
0x00007ff809560000 - 0x00007ff80958e000 	C:\windows\system32\SspiCli.dll
0x00007ff80b250000 - 0x00007ff80b286000 	C:\windows\system32\IMM32.DLL
0x00007ff80bdb0000 - 0x00007ff80bf02000 	C:\windows\system32\MSCTF.dll
0x0000000052f60000 - 0x0000000053032000 	C:\Program Files\Android\Android Studio\jre\jre\bin\msvcr100.dll
0x0000000053120000 - 0x0000000053954000 	C:\Program Files\Android\Android Studio\jre\jre\bin\server\jvm.dll
0x00007ff800dc0000 - 0x00007ff800dc9000 	C:\windows\SYSTEM32\WSOCK32.dll
0x00007ff804300000 - 0x00007ff804322000 	C:\windows\SYSTEM32\WINMM.dll
0x00007ff801630000 - 0x00007ff80163a000 	C:\windows\SYSTEM32\VERSION.dll
0x00007ff80b4e0000 - 0x00007ff80b4e7000 	C:\windows\system32\PSAPI.DLL
0x00007ff80ba10000 - 0x00007ff80ba6a000 	C:\windows\system32\WS2_32.dll
0x00007ff8042d0000 - 0x00007ff8042fa000 	C:\windows\SYSTEM32\WINMMBASE.dll
0x00007ff80b4d0000 - 0x00007ff80b4d9000 	C:\windows\system32\NSI.dll
0x00007ff809220000 - 0x00007ff80926f000 	C:\windows\SYSTEM32\cfgmgr32.dll
0x00007ff807e50000 - 0x00007ff807e78000 	C:\windows\SYSTEM32\DEVOBJ.dll
0x00007ff804e20000 - 0x00007ff804e2f000 	C:\Program Files\Android\Android Studio\jre\jre\bin\verify.dll
0x00007ff803cc0000 - 0x00007ff803ce9000 	C:\Program Files\Android\Android Studio\jre\jre\bin\java.dll
0x00007ff802cb0000 - 0x00007ff802cc6000 	C:\Program Files\Android\Android Studio\jre\jre\bin\zip.dll
0x00007ff809b30000 - 0x00007ff80b058000 	C:\windows\system32\SHELL32.dll
0x00007ff80bb90000 - 0x00007ff80bda1000 	C:\windows\SYSTEM32\combase.dll
0x00007ff80b9b0000 - 0x00007ff80ba04000 	C:\windows\system32\SHLWAPI.dll
0x00007ff8073b0000 - 0x00007ff807462000 	C:\windows\SYSTEM32\SHCORE.dll
0x00007ff809030000 - 0x00007ff809045000 	C:\windows\SYSTEM32\profapi.dll

VM Arguments:
jvm_args: -Djava.awt.headless=true -Xmx1024M -Dfile.encoding=windows-1252 -Duser.country=US -Duser.language=en -Duser.variant 
java_command: com.android.dx.command.Main --dex --verbose --force-jumbo --num-threads=4 --multi-dex --output C:\Users\bruh\Desktop\COMP150-MOB\QueueR\app\build\intermediates\transforms\dex\debug\folders\1000\10\com.android.support-support-vector-drawable-24.1.1_368c2354eb4a71000bee3188e9b830873f712687 C:\Users\bruh\Desktop\COMP150-MOB\QueueR\app\build\intermediates\exploded-aar\com.android.support\support-vector-drawable\24.1.1\jars\classes.jar
java_class_path (initial): C:\Users\bruh\AppData\Local\Android\sdk\build-tools\24.0.1\lib\dx.jar
Launcher Type: SUN_STANDARD

Environment Variables:
PATH=C:\Program Files\Java\jdk1.8.0_101\bin\;C:\ProgramData\Oracle\Java\javapath;C:\windows\system32;C:\windows;C:\windows\System32\Wbem;C:\windows\System32\WindowsPowerShell\v1.0\;C:\Program Files\nodejs\;C:\Program Files (x86)\Heroku\bin;C:\Program Files (x86)\git\cmd;C:\Users\bruh\AppData\Roaming\npm;C:\Program Files (x86)\Skype\Phone\;C:\Program Files (x86)\GtkSharp\2.12\bin;C:\Program Files\Java\jdk1.8.0_101\bin\
USERNAME=bruh
OS=Windows_NT
PROCESSOR_IDENTIFIER=Intel64 Family 6 Model 69 Stepping 1, GenuineIntel



---------------  S Y S T E M  ---------------

OS: Windows 8.1 , 64 bit Build 9600 (6.3.9600.17415)

CPU:total 4 (2 cores per cpu, 2 threads per core) family 6 model 69 stepping 1, cmov, cx8, fxsr, mmx, sse, sse2, sse3, ssse3, sse4.1, sse4.2, popcnt, avx, avx2, aes, clmul, erms, lzcnt, ht, tsc, tscinvbit, bmi1, bmi2

Memory: 4k page, physical 4097056k(136644k free), swap 7242784k(5484k free)

vm_info: OpenJDK 64-Bit Server VM (25.76-b03) for windows-amd64 JRE (1.8.0_76-release-b03), built on Jun 29 2016 19:09:20 by "ralucas" with MS VC++ 10.0 (VS2010)

time: Wed Dec 14 22:43:29 2016
elapsed time: 2 seconds (0d 0h 0m 2s)

