#
# There is insufficient memory for the Java Runtime Environment to continue.
# Native memory allocation (malloc) failed to allocate 32744 bytes for ChunkPool::allocate
# Possible reasons:
#   The system is out of physical RAM or swap space
#   In 32 bit mode, the process size limit was hit
# Possible solutions:
#   Reduce memory load on the system
#   Increase physical memory or swap space
#   Check if swap backing store is full
#   Use 64 bit Java on a 64 bit OS
#   Decrease Java heap size (-Xmx/-Xms)
#   Decrease number of Java threads
#   Decrease Java thread stack sizes (-Xss)
#   Set larger code cache with -XX:ReservedCodeCacheSize=
# This output file may be truncated or incomplete.
#
#  Out of Memory Error (allocation.cpp:273), pid=4404, tid=0x00000000000007fc
#
# JRE version: OpenJDK Runtime Environment (8.0_76-b03) (build 1.8.0_76-release-b03)
# Java VM: OpenJDK 64-Bit Server VM (25.76-b03 mixed mode windows-amd64 compressed oops)
# Failed to write core dump. Minidumps are not enabled by default on client versions of Windows
#

---------------  T H R E A D  ---------------

Current thread (0x0000000015444800):  JavaThread "C2 CompilerThread1" daemon [_thread_in_native, id=2044, stack(0x0000000016a40000,0x0000000016b40000)]

Stack: [0x0000000016a40000,0x0000000016b40000]
[error occurred during error reporting (printing stack bounds), id 0xc0000005]

Native frames: (J=compiled Java code, j=interpreted, Vv=VM code, C=native code)


Current CompileTask:
C2:  10164  648       4       com.android.dx.util.IntList::add (65 bytes)


---------------  P R O C E S S  ---------------

Java Threads: ( => current thread )
  0x0000000016e8d800 JavaThread "pool-2-thread-4" [_thread_blocked, id=6668, stack(0x0000000017640000,0x0000000017740000)]
  0x0000000016e8c800 JavaThread "pool-2-thread-3" [_thread_in_Java, id=6824, stack(0x0000000017540000,0x0000000017640000)]
  0x0000000016e83800 JavaThread "pool-2-thread-2" [_thread_blocked, id=6800, stack(0x0000000017440000,0x0000000017540000)]
  0x0000000016e82800 JavaThread "pool-3-thread-1" [_thread_blocked, id=6568, stack(0x0000000017340000,0x0000000017440000)]
  0x0000000016e85800 JavaThread "pool-2-thread-1" [_thread_blocked, id=5472, stack(0x0000000017240000,0x0000000017340000)]
  0x000000001544e800 JavaThread "Service Thread" daemon [_thread_blocked, id=4068, stack(0x0000000017040000,0x0000000017140000)]
  0x0000000015447800 JavaThread "C1 CompilerThread2" daemon [_thread_in_native, id=1936, stack(0x0000000016b40000,0x0000000016c40000)]
=>0x0000000015444800 JavaThread "C2 CompilerThread1" daemon [_thread_in_native, id=2044, stack(0x0000000016a40000,0x0000000016b40000)]
  0x00000000153f6800 JavaThread "C2 CompilerThread0" daemon [_thread_blocked, id=4072, stack(0x0000000016940000,0x0000000016a40000)]
  0x00000000153f5000 JavaThread "Attach Listener" daemon [_thread_blocked, id=4832, stack(0x0000000016840000,0x0000000016940000)]
  0x00000000153f4000 JavaThread "Signal Dispatcher" daemon [_thread_blocked, id=5080, stack(0x0000000016740000,0x0000000016840000)]
  0x0000000002d1b000 JavaThread "Finalizer" daemon [_thread_blocked, id=136, stack(0x0000000016640000,0x0000000016740000)]
  0x0000000002d10000 JavaThread "Reference Handler" daemon [_thread_blocked, id=2704, stack(0x0000000016540000,0x0000000016640000)]
  0x0000000002c20800 JavaThread "main" [_thread_in_vm, id=3092, stack(0x0000000002b10000,0x0000000002c10000)]

Other Threads:
  0x00000000153b5800 VMThread [stack: 0x0000000016440000,0x0000000016540000] [id=2964]
  0x0000000016c42800 WatcherThread [stack: 0x0000000017140000,0x0000000017240000] [id=2824]

VM state:not at safepoint (normal execution)

VM Mutex/Monitor currently owned by a thread: None

Heap:
 PSYoungGen      total 18944K, used 5267K [0x00000000eab00000, 0x00000000ec000000, 0x0000000100000000)
  eden space 16384K, 16% used [0x00000000eab00000,0x00000000eadac708,0x00000000ebb00000)
  from space 2560K, 98% used [0x00000000ebb00000,0x00000000ebd788a8,0x00000000ebd80000)
  to   space 2560K, 0% used [0x00000000ebd80000,0x00000000ebd80000,0x00000000ec000000)
 ParOldGen       total 44032K, used 617K [0x00000000c0000000, 0x00000000c2b00000, 0x00000000eab00000)
  object space 44032K, 1% used [0x00000000c0000000,0x00000000c009a638,0x00000000c2b00000)
 Metaspace       used 5493K, capacity 6512K, committed 6784K, reserved 1058816K
  class space    used 570K, capacity 616K, committed 640K, reserved 1048576K

Card table byte_map: [0x00000000120e0000,0x00000000122f0000] byte_map_base: 0x0000000011ae0000

Marking Bits: (ParMarkBitMap*) 0x00000000538d9d00
 Begin Bits: [0x0000000012850000, 0x0000000013850000)
 End Bits:   [0x0000000013850000, 0x0000000014850000)

Polling page: 0x0000000001180000

CodeCache: size=245760Kb used=2346Kb max_used=2357Kb free=243413Kb
 bounds [0x0000000002d20000, 0x0000000002f90000, 0x0000000011d20000]
 total_blobs=898 nmethods=631 adapters=181
 compilation: enabled

Compilation events (10 events):
Event: 10.152 Thread 0x0000000015447800 nmethod 635 0x0000000002f6b250 code [0x0000000002f6b3c0, 0x0000000002f6b6c8]
Event: 10.152 Thread 0x0000000015447800  632       3       com.android.dx.dex.code.CodeAddress::<init> (11 bytes)
Event: 10.152 Thread 0x0000000015447800 nmethod 632 0x0000000002f6add0 code [0x0000000002f6af40, 0x0000000002f6b168]
Event: 10.152 Thread 0x0000000015447800  633   !   3       com.android.dx.rop.code.LocalVariableInfo::getStarts0 (18 bytes)
Event: 10.152 Thread 0x0000000015447800 nmethod 633 0x0000000002f639d0 code [0x0000000002f63b40, 0x0000000002f63da8]
Event: 10.152 Thread 0x0000000015447800  625       3       com.android.dx.rop.code.RegisterSpec::equals (60 bytes)
Event: 10.153 Thread 0x0000000015447800 nmethod 625 0x0000000002f63050 code [0x0000000002f63200, 0x0000000002f63858]
Event: 10.153 Thread 0x0000000015447800  638   !   3       com.android.dx.cf.code.BytecodeArray::parseInstruction (2764 bytes)
Event: 10.156 Thread 0x00000000153f6800  647       4       com.android.dx.util.IntList::growIfNeeded (46 bytes)
Event: 10.159 Thread 0x0000000015444800  648       4       com.android.dx.util.IntList::add (65 bytes)

GC Heap History (2 events):
Event: 9.752 GC heap before
{Heap before GC invocations=1 (full 0):
 PSYoungGen      total 18944K, used 16384K [0x00000000eab00000, 0x00000000ec000000, 0x0000000100000000)
  eden space 16384K, 100% used [0x00000000eab00000,0x00000000ebb00000,0x00000000ebb00000)
  from space 2560K, 0% used [0x00000000ebd80000,0x00000000ebd80000,0x00000000ec000000)
  to   space 2560K, 0% used [0x00000000ebb00000,0x00000000ebb00000,0x00000000ebd80000)
 ParOldGen       total 44032K, used 0K [0x00000000c0000000, 0x00000000c2b00000, 0x00000000eab00000)
  object space 44032K, 0% used [0x00000000c0000000,0x00000000c0000000,0x00000000c2b00000)
 Metaspace       used 5324K, capacity 6384K, committed 6528K, reserved 1056768K
  class space    used 562K, capacity 616K, committed 640K, reserved 1048576K
Event: 9.957 GC heap after
Heap after GC invocations=1 (full 0):
 PSYoungGen      total 18944K, used 2530K [0x00000000eab00000, 0x00000000ec000000, 0x0000000100000000)
  eden space 16384K, 0% used [0x00000000eab00000,0x00000000eab00000,0x00000000ebb00000)
  from space 2560K, 98% used [0x00000000ebb00000,0x00000000ebd788a8,0x00000000ebd80000)
  to   space 2560K, 0% used [0x00000000ebd80000,0x00000000ebd80000,0x00000000ec000000)
 ParOldGen       total 44032K, used 617K [0x00000000c0000000, 0x00000000c2b00000, 0x00000000eab00000)
  object space 44032K, 1% used [0x00000000c0000000,0x00000000c009a638,0x00000000c2b00000)
 Metaspace       used 5324K, capacity 6384K, committed 6528K, reserved 1056768K
  class space    used 562K, capacity 616K, committed 640K, reserved 1048576K
}

Deoptimization events (0 events):
No events

Internal exceptions (2 events):
Event: 1.299 Thread 0x0000000002c20800 Exception <a 'java/lang/NoSuchMethodError': Method sun.misc.Unsafe.defineClass(Ljava/lang/String;[BII)Ljava/lang/Class; name or signature does not match> (0x00000000eab07cc0) thrown at [C:\src\android\AOSP-openjdk\external\jetbrains\jdk\hotspot\src\share\v#-KÓ Çô?
Event: 1.299 Thread 0x0000000002c20800 Exception <a 'java/lang/NoSuchMethodError': Method sun.misc.Unsafe.prefetchRead(Ljava/lang/Object;J)V name or signature does not match> (0x00000000eab07fa8) thrown at [C:\src\android\AOSP-openjdk\external\jetbrains\jdk\hotspot\src\share\vm\prims\jni.cpp, l

Events (10 events):
Event: 9.980 loading class java/util/HashMap$ValueIterator
Event: 9.980 loading class java/util/HashMap$ValueIterator done
Event: 9.989 loading class com/android/dx/ssa/back/FirstFitLocalCombiningAllocator$Multiset
Event: 9.989 loading class com/android/dx/ssa/back/FirstFitLocalCombiningAllocator$Multiset done
Event: 10.022 loading class java/util/TreeMap$EntrySet
Event: 10.022 loading class java/util/TreeMap$EntrySet done
Event: 10.022 loading class java/util/TreeMap$EntryIterator
Event: 10.022 loading class java/util/TreeMap$EntryIterator done
Event: 10.057 Executing VM operation: CollectForMetadataAllocation
Event: 10.106 Executing VM operation: CollectForMetadataAllocation done


Dynamic libraries:
0x00007ff7bbf40000 - 0x00007ff7bbf71000 	C:\Program Files\Android\Android Studio\jre\bin\java.exe
0x00007ff80bf10000 - 0x00007ff80c0bd000 	C:\windows\SYSTEM32\ntdll.dll
0x00007ff809590000 - 0x00007ff8096ce000 	C:\windows\system32\KERNEL32.DLL
0x00007ff809100000 - 0x00007ff809215000 	C:\windows\system32\KERNELBASE.dll
0x00007ff8098e0000 - 0x00007ff80998a000 	C:\windows\system32\ADVAPI32.dll
0x00007ff80b290000 - 0x00007ff80b407000 	C:\windows\system32\USER32.dll
0x00007ff806020000 - 0x00007ff80629b000 	C:\windows\WinSxS\amd64_microsoft.windows.common-controls_6595b64144ccf1df_6.0.9600.18006_none_623f33d3ecbe86e8\COMCTL32.dll
0x00007ff80b420000 - 0x00007ff80b4ca000 	C:\windows\system32\msvcrt.dll
0x00007ff80b6b0000 - 0x00007ff80b709000 	C:\windows\SYSTEM32\sechost.dll
0x00007ff8097a0000 - 0x00007ff8098e0000 	C:\windows\system32\RPCRT4.dll
0x00007ff80b860000 - 0x00007ff80b9af000 	C:\windows\system32\GDI32.dll
0x00007ff809560000 - 0x00007ff80958e000 	C:\windows\system32\SspiCli.dll
0x00007ff80b250000 - 0x00007ff80b286000 	C:\windows\system32\IMM32.DLL
0x00007ff80bdb0000 - 0x00007ff80bf02000 	C:\windows\system32\MSCTF.dll
0x0000000052f60000 - 0x0000000053032000 	C:\Program Files\Android\Android Studio\jre\jre\bin\msvcr100.dll
0x0000000053120000 - 0x0000000053954000 	C:\Program Files\Android\Android Studio\jre\jre\bin\server\jvm.dll
0x00007ff800dc0000 - 0x00007ff800dc9000 	C:\windows\SYSTEM32\WSOCK32.dll
0x00007ff804300000 - 0x00007ff804322000 	C:\windows\SYSTEM32\WINMM.dll
0x00007ff801630000 - 0x00007ff80163a000 	C:\windows\SYSTEM32\VERSION.dll
0x00007ff80b4e0000 - 0x00007ff80b4e7000 	C:\windows\system32\PSAPI.DLL
0x00007ff80ba10000 - 0x00007ff80ba6a000 	C:\windows\system32\WS2_32.dll
0x00007ff8042d0000 - 0x00007ff8042fa000 	C:\windows\SYSTEM32\WINMMBASE.dll
0x00007ff80b4d0000 - 0x00007ff80b4d9000 	C:\windows\system32\NSI.dll
0x00007ff809220000 - 0x00007ff80926f000 	C:\windows\SYSTEM32\cfgmgr32.dll
0x00007ff807e50000 - 0x00007ff807e78000 	C:\windows\SYSTEM32\DEVOBJ.dll
0x00007ff804e20000 - 0x00007ff804e2f000 	C:\Program Files\Android\Android Studio\jre\jre\bin\verify.dll
0x00007ff8049e0000 - 0x00007ff804a09000 	C:\Program Files\Android\Android Studio\jre\jre\bin\java.dll
0x00007ff8049c0000 - 0x00007ff8049d6000 	C:\Program Files\Android\Android Studio\jre\jre\bin\zip.dll
0x00007ff809b30000 - 0x00007ff80b058000 	C:\windows\system32\SHELL32.dll
0x00007ff80bb90000 - 0x00007ff80bda1000 	C:\windows\SYSTEM32\combase.dll
0x00007ff80b9b0000 - 0x00007ff80ba04000 	C:\windows\system32\SHLWAPI.dll
0x00007ff8073b0000 - 0x00007ff807462000 	C:\windows\SYSTEM32\SHCORE.dll
0x00007ff809030000 - 0x00007ff809045000 	C:\windows\SYSTEM32\profapi.dll

VM Arguments:
jvm_args: -Djava.awt.headless=true -Xmx1024M -Dfile.encoding=windows-1252 -Duser.country=US -Duser.language=en -Duser.variant 
java_command: com.android.dx.command.Main --dex --verbose --force-jumbo --num-threads=4 --multi-dex --output C:\Users\bruh\Desktop\COMP150-MOB\QueueR\app\build\intermediates\transforms\dex\debug\folders\1000\10\com.google.android.gms-play-services-basement-9.4.0_c1800132397cb01a147e158f3562b31c0ea61309 C:\Users\bruh\Desktop\COMP150-MOB\QueueR\app\build\intermediates\exploded-aar\com.google.android.gms\play-services-basement\9.4.0\jars\classes.jar
java_class_path (initial): C:\Users\bruh\AppData\Local\Android\sdk\build-tools\24.0.1\lib\dx.jar
Launcher Type: SUN_STANDARD

Environment Variables:
PATH=C:\Program Files\Java\jdk1.8.0_101\bin\;C:\ProgramData\Oracle\Java\javapath;C:\windows\system32;C:\windows;C:\windows\System32\Wbem;C:\windows\System32\WindowsPowerShell\v1.0\;C:\Program Files\nodejs\;C:\Program Files (x86)\Heroku\bin;C:\Program Files (x86)\git\cmd;C:\Users\bruh\AppData\Roaming\npm;C:\Program Files (x86)\Skype\Phone\;C:\Program Files (x86)\GtkSharp\2.12\bin;C:\Program Files\Java\jdk1.8.0_101\bin\
USERNAME=bruh
OS=Windows_NT
PROCESSOR_IDENTIFIER=Intel64 Family 6 Model 69 Stepping 1, GenuineIntel



---------------  S Y S T E M  ---------------

OS: Windows 8.1 , 64 bit Build 9600 (6.3.9600.17415)

CPU:total 4 (2 cores per cpu, 2 threads per core) family 6 model 69 stepping 1, cmov, cx8, fxsr, mmx, sse, sse2, sse3, ssse3, sse4.1, sse4.2, popcnt, avx, avx2, aes, clmul, erms, lzcnt, ht, tsc, tscinvbit, bmi1, bmi2

Memory: 4k page, physical 4097056k(371392k free), swap 7242784k(5016k free)

vm_info: OpenJDK 64-Bit Server VM (25.76-b03) for windows-amd64 JRE (1.8.0_76-release-b03), built on Jun 29 2016 19:09:20 by "ralucas" with MS VC++ 10.0 (VS2010)

time: Thu Dec 15 02:58:39 2016
elapsed time: 10 seconds (0d 0h 0m 10s)

