#
# There is insufficient memory for the Java Runtime Environment to continue.
# Native memory allocation (malloc) failed to allocate 32744 bytes for ChunkPool::allocate
# Possible reasons:
#   The system is out of physical RAM or swap space
#   In 32 bit mode, the process size limit was hit
# Possible solutions:
#   Reduce memory load on the system
#   Increase physical memory or swap space
#   Check if swap backing store is full
#   Use 64 bit Java on a 64 bit OS
#   Decrease Java heap size (-Xmx/-Xms)
#   Decrease number of Java threads
#   Decrease Java thread stack sizes (-Xss)
#   Set larger code cache with -XX:ReservedCodeCacheSize=
# This output file may be truncated or incomplete.
#
#  Out of Memory Error (allocation.cpp:273), pid=6820, tid=0x0000000000000940
#
# JRE version: OpenJDK Runtime Environment (8.0_76-b03) (build 1.8.0_76-release-b03)
# Java VM: OpenJDK 64-Bit Server VM (25.76-b03 mixed mode windows-amd64 compressed oops)
# Failed to write core dump. Minidumps are not enabled by default on client versions of Windows
#

---------------  T H R E A D  ---------------

Current thread (0x0000000014e77000):  JavaThread "C2 CompilerThread1" daemon [_thread_in_native, id=2368, stack(0x00000000165b0000,0x00000000166b0000)]

Stack: [0x00000000165b0000,0x00000000166b0000]
[error occurred during error reporting (printing stack bounds), id 0xc0000005]

Native frames: (J=compiled Java code, j=interpreted, Vv=VM code, C=native code)


Current CompileTask:
C2:  32732 2135   !   4       com.android.dx.cf.code.Ropper::processBlock (1101 bytes)


---------------  P R O C E S S  ---------------

Java Threads: ( => current thread )
  0x00000000167b1000 JavaThread "Service Thread" daemon [_thread_blocked, id=4956, stack(0x0000000016bb0000,0x0000000016cb0000)]
  0x0000000014e80000 JavaThread "C1 CompilerThread2" daemon [_thread_blocked, id=2588, stack(0x00000000166b0000,0x00000000167b0000)]
=>0x0000000014e77000 JavaThread "C2 CompilerThread1" daemon [_thread_in_native, id=2368, stack(0x00000000165b0000,0x00000000166b0000)]
  0x0000000014e86800 JavaThread "C2 CompilerThread0" daemon [_thread_blocked, id=5740, stack(0x00000000164b0000,0x00000000165b0000)]
  0x0000000014e85000 JavaThread "Attach Listener" daemon [_thread_blocked, id=5400, stack(0x00000000163b0000,0x00000000164b0000)]
  0x0000000014e84000 JavaThread "Signal Dispatcher" daemon [_thread_blocked, id=5348, stack(0x00000000162b0000,0x00000000163b0000)]
  0x0000000014e68000 JavaThread "Finalizer" daemon [_thread_blocked, id=320, stack(0x00000000160d0000,0x00000000161d0000)]
  0x00000000027a0000 JavaThread "Reference Handler" daemon [_thread_blocked, id=1604, stack(0x0000000015fd0000,0x00000000160d0000)]
  0x00000000026b0800 JavaThread "main" [_thread_in_native, id=6520, stack(0x0000000002530000,0x0000000002630000)]

Other Threads:
  0x0000000014e46800 VMThread [stack: 0x0000000015ed0000,0x0000000015fd0000] [id=5248]
  0x00000000167b3000 WatcherThread [stack: 0x0000000016cb0000,0x0000000016db0000] [id=6216]

VM state:not at safepoint (normal execution)

VM Mutex/Monitor currently owned by a thread: None

Heap:
 PSYoungGen      total 202752K, used 127047K [0x00000000eab00000, 0x00000000fde00000, 0x0000000100000000)
  eden space 175104K, 57% used [0x00000000eab00000,0x00000000f0c8fe58,0x00000000f5600000)
  from space 27648K, 98% used [0x00000000fc300000,0x00000000fdd81df0,0x00000000fde00000)
  to   space 33280K, 0% used [0x00000000f9d00000,0x00000000f9d00000,0x00000000fbd80000)
 ParOldGen       total 87040K, used 43631K [0x00000000c0000000, 0x00000000c5500000, 0x00000000eab00000)
  object space 87040K, 50% used [0x00000000c0000000,0x00000000c2a9be70,0x00000000c5500000)
 Metaspace       used 7297K, capacity 7704K, committed 7936K, reserved 1056768K
  class space    used 649K, capacity 656K, committed 768K, reserved 1048576K

Card table byte_map: [0x0000000011b70000,0x0000000011d80000] byte_map_base: 0x0000000011570000

Marking Bits: (ParMarkBitMap*) 0x00000000538d9d00
 Begin Bits: [0x00000000122e0000, 0x00000000132e0000)
 End Bits:   [0x00000000132e0000, 0x00000000142e0000)

Polling page: 0x0000000000d20000

CodeCache: size=245760Kb used=10792Kb max_used=10957Kb free=234967Kb
 bounds [0x00000000027b0000, 0x0000000003270000, 0x00000000117b0000]
 total_blobs=2956 nmethods=2680 adapters=189
 compilation: enabled

Compilation events (10 events):
Event: 29.459 Thread 0x0000000014e80000 3076       3       sun.security.provider.ByteArrayAccess::b2iBig64 (614 bytes)
Event: 29.461 Thread 0x0000000014e80000 nmethod 3076 0x0000000002b2a790 code [0x0000000002b2a9a0, 0x0000000002b2b768]
Event: 29.462 Thread 0x0000000014e86800 3077 %     4       sun.security.provider.SHA::implCompress @ 12 (491 bytes)
Event: 29.511 Thread 0x0000000014e86800 nmethod 3077% 0x0000000002b26150 code [0x0000000002b262a0, 0x0000000002b26d78]
Event: 29.626 Thread 0x0000000014e86800 3078 %     4       sun.security.provider.SHA::implCompress @ 122 (491 bytes)
Event: 29.668 Thread 0x0000000014e86800 nmethod 3078% 0x0000000002b25410 code [0x0000000002b25560, 0x0000000002b25ed8]
Event: 29.668 Thread 0x0000000014e86800 3079       4       sun.security.provider.ByteArrayAccess::b2iBig64 (614 bytes)
Event: 29.674 Thread 0x0000000014e86800 nmethod 3079 0x0000000002b27410 code [0x0000000002b27560, 0x0000000002b277b8]
Event: 29.674 Thread 0x0000000014e86800 3080       4       sun.security.provider.SHA::implCompress (491 bytes)
Event: 29.709 Thread 0x0000000014e86800 nmethod 3080 0x0000000002b28590 code [0x0000000002b286e0, 0x0000000002b29068]

GC Heap History (10 events):
Event: 8.893 GC heap before
{Heap before GC invocations=5 (full 0):
 PSYoungGen      total 68096K, used 68088K [0x00000000eab00000, 0x00000000ef000000, 0x0000000100000000)
  eden space 65536K, 100% used [0x00000000eab00000,0x00000000eeb00000,0x00000000eeb00000)
  from space 2560K, 99% used [0x00000000eed80000,0x00000000eeffe2a8,0x00000000ef000000)
  to   space 2560K, 0% used [0x00000000eeb00000,0x00000000eeb00000,0x00000000eed80000)
 ParOldGen       total 44032K, used 13664K [0x00000000c0000000, 0x00000000c2b00000, 0x00000000eab00000)
  object space 44032K, 31% used [0x00000000c0000000,0x00000000c0d58120,0x00000000c2b00000)
 Metaspace       used 6258K, capacity 7152K, committed 7296K, reserved 1056768K
  class space    used 578K, capacity 616K, committed 640K, reserved 1048576K
Event: 8.970 GC heap after
Heap after GC invocations=5 (full 0):
 PSYoungGen      total 68096K, used 2536K [0x00000000eab00000, 0x00000000f4900000, 0x0000000100000000)
  eden space 65536K, 0% used [0x00000000eab00000,0x00000000eab00000,0x00000000eeb00000)
  from space 2560K, 99% used [0x00000000eeb00000,0x00000000eed7a2a8,0x00000000eed80000)
  to   space 15360K, 0% used [0x00000000f3a00000,0x00000000f3a00000,0x00000000f4900000)
 ParOldGen       total 44032K, used 23900K [0x00000000c0000000, 0x00000000c2b00000, 0x00000000eab00000)
  object space 44032K, 54% used [0x00000000c0000000,0x00000000c1757058,0x00000000c2b00000)
 Metaspace       used 6258K, capacity 7152K, committed 7296K, reserved 1056768K
  class space    used 578K, capacity 616K, committed 640K, reserved 1048576K
}
Event: 10.459 GC heap before
{Heap before GC invocations=6 (full 0):
 PSYoungGen      total 68096K, used 68072K [0x00000000eab00000, 0x00000000f4900000, 0x0000000100000000)
  eden space 65536K, 100% used [0x00000000eab00000,0x00000000eeb00000,0x00000000eeb00000)
  from space 2560K, 99% used [0x00000000eeb00000,0x00000000eed7a2a8,0x00000000eed80000)
  to   space 15360K, 0% used [0x00000000f3a00000,0x00000000f3a00000,0x00000000f4900000)
 ParOldGen       total 44032K, used 23900K [0x00000000c0000000, 0x00000000c2b00000, 0x00000000eab00000)
  object space 44032K, 54% used [0x00000000c0000000,0x00000000c1757058,0x00000000c2b00000)
 Metaspace       used 6354K, capacity 7152K, committed 7296K, reserved 1056768K
  class space    used 578K, capacity 616K, committed 640K, reserved 1048576K
Event: 10.568 GC heap after
Heap after GC invocations=6 (full 0):
 PSYoungGen      total 144384K, used 12812K [0x00000000eab00000, 0x00000000f4d00000, 0x0000000100000000)
  eden space 129024K, 0% used [0x00000000eab00000,0x00000000eab00000,0x00000000f2900000)
  from space 15360K, 83% used [0x00000000f3a00000,0x00000000f4683030,0x00000000f4900000)
  to   space 17408K, 0% used [0x00000000f2900000,0x00000000f2900000,0x00000000f3a00000)
 ParOldGen       total 44032K, used 23900K [0x00000000c0000000, 0x00000000c2b00000, 0x00000000eab00000)
  object space 44032K, 54% used [0x00000000c0000000,0x00000000c1757058,0x00000000c2b00000)
 Metaspace       used 6354K, capacity 7152K, committed 7296K, reserved 1056768K
  class space    used 578K, capacity 616K, committed 640K, reserved 1048576K
}
Event: 12.847 GC heap before
{Heap before GC invocations=7 (full 0):
 PSYoungGen      total 144384K, used 141836K [0x00000000eab00000, 0x00000000f4d00000, 0x0000000100000000)
  eden space 129024K, 100% used [0x00000000eab00000,0x00000000f2900000,0x00000000f2900000)
  from space 15360K, 83% used [0x00000000f3a00000,0x00000000f4683030,0x00000000f4900000)
  to   space 17408K, 0% used [0x00000000f2900000,0x00000000f2900000,0x00000000f3a00000)
 ParOldGen       total 44032K, used 23900K [0x00000000c0000000, 0x00000000c2b00000, 0x00000000eab00000)
  object space 44032K, 54% used [0x00000000c0000000,0x00000000c1757058,0x00000000c2b00000)
 Metaspace       used 6506K, capacity 7218K, committed 7296K, reserved 1056768K
  class space    used 597K, capacity 618K, committed 640K, reserved 1048576K
Event: 13.063 GC heap after
Heap after GC invocations=7 (full 0):
 PSYoungGen      total 146432K, used 17402K [0x00000000eab00000, 0x00000000fdf00000, 0x0000000100000000)
  eden space 129024K, 0% used [0x00000000eab00000,0x00000000eab00000,0x00000000f2900000)
  from space 17408K, 99% used [0x00000000f2900000,0x00000000f39fea38,0x00000000f3a00000)
  to   space 28672K, 0% used [0x00000000fc300000,0x00000000fc300000,0x00000000fdf00000)
 ParOldGen       total 44032K, used 39425K [0x00000000c0000000, 0x00000000c2b00000, 0x00000000eab00000)
  object space 44032K, 89% used [0x00000000c0000000,0x00000000c2680420,0x00000000c2b00000)
 Metaspace       used 6506K, capacity 7218K, committed 7296K, reserved 1056768K
  class space    used 597K, capacity 618K, committed 640K, reserved 1048576K
}
Event: 13.064 GC heap before
{Heap before GC invocations=8 (full 1):
 PSYoungGen      total 146432K, used 17402K [0x00000000eab00000, 0x00000000fdf00000, 0x0000000100000000)
  eden space 129024K, 0% used [0x00000000eab00000,0x00000000eab00000,0x00000000f2900000)
  from space 17408K, 99% used [0x00000000f2900000,0x00000000f39fea38,0x00000000f3a00000)
  to   space 28672K, 0% used [0x00000000fc300000,0x00000000fc300000,0x00000000fdf00000)
 ParOldGen       total 44032K, used 39425K [0x00000000c0000000, 0x00000000c2b00000, 0x00000000eab00000)
  object space 44032K, 89% used [0x00000000c0000000,0x00000000c2680420,0x00000000c2b00000)
 Metaspace       used 6506K, capacity 7218K, committed 7296K, reserved 1056768K
  class space    used 597K, capacity 618K, committed 640K, reserved 1048576K
Event: 14.730 GC heap after
Heap after GC invocations=8 (full 1):
 PSYoungGen      total 146432K, used 8143K [0x00000000eab00000, 0x00000000fdf00000, 0x0000000100000000)
  eden space 129024K, 0% used [0x00000000eab00000,0x00000000eab00000,0x00000000f2900000)
  from space 17408K, 46% used [0x00000000f2900000,0x00000000f30f3c20,0x00000000f3a00000)
  to   space 28672K, 0% used [0x00000000fc300000,0x00000000fc300000,0x00000000fdf00000)
 ParOldGen       total 87040K, used 43607K [0x00000000c0000000, 0x00000000c5500000, 0x00000000eab00000)
  object space 87040K, 50% used [0x00000000c0000000,0x00000000c2a95e70,0x00000000c5500000)
 Metaspace       used 6506K, capacity 7218K, committed 7296K, reserved 1056768K
  class space    used 597K, capacity 618K, committed 640K, reserved 1048576K
}
Event: 16.256 GC heap before
{Heap before GC invocations=9 (full 1):
 PSYoungGen      total 146432K, used 137167K [0x00000000eab00000, 0x00000000fdf00000, 0x0000000100000000)
  eden space 129024K, 100% used [0x00000000eab00000,0x00000000f2900000,0x00000000f2900000)
  from space 17408K, 46% used [0x00000000f2900000,0x00000000f30f3c20,0x00000000f3a00000)
  to   space 28672K, 0% used [0x00000000fc300000,0x00000000fc300000,0x00000000fdf00000)
 ParOldGen       total 87040K, used 43607K [0x00000000c0000000, 0x00000000c5500000, 0x00000000eab00000)
  object space 87040K, 50% used [0x00000000c0000000,0x00000000c2a95e70,0x00000000c5500000)
 Metaspace       used 6518K, capacity 7218K, committed 7296K, reserved 1056768K
  class space    used 597K, capacity 618K, committed 640K, reserved 1048576K
Event: 16.481 GC heap after
Heap after GC invocations=9 (full 1):
 PSYoungGen      total 202752K, used 27143K [0x00000000eab00000, 0x00000000fde00000, 0x0000000100000000)
  eden space 175104K, 0% used [0x00000000eab00000,0x00000000eab00000,0x00000000f5600000)
  from space 27648K, 98% used [0x00000000fc300000,0x00000000fdd81df0,0x00000000fde00000)
  to   space 33280K, 0% used [0x00000000f9d00000,0x00000000f9d00000,0x00000000fbd80000)
 ParOldGen       total 87040K, used 43631K [0x00000000c0000000, 0x00000000c5500000, 0x00000000eab00000)
  object space 87040K, 50% used [0x00000000c0000000,0x00000000c2a9be70,0x00000000c5500000)
 Metaspace       used 6518K, capacity 7218K, committed 7296K, reserved 1056768K
  class space    used 597K, capacity 618K, committed 640K, reserved 1048576K
}

Deoptimization events (10 events):
Event: 22.836 Thread 0x0000000016a74800 Uncommon trap: reason=unstable_if action=reinterpret pc=0x0000000003253844 method=com.android.dx.rop.code.LocalItem.hashCode()I @ 25
Event: 22.845 Thread 0x0000000016a74800 Uncommon trap: reason=unstable_if action=reinterpret pc=0x0000000002948754 method=com.android.dx.dex.code.LocalList$MakeState.filterSpec(Lcom/android/dx/rop/code/RegisterSpec;)Lcom/android/dx/rop/code/RegisterSpec; @ 11
Event: 22.845 Thread 0x0000000016a74800 Uncommon trap: reason=unstable_if action=reinterpret pc=0x0000000002e92cb8 method=com.android.dx.dex.code.LocalList$MakeState.filterSpec(Lcom/android/dx/rop/code/RegisterSpec;)Lcom/android/dx/rop/code/RegisterSpec; @ 11
Event: 24.175 Thread 0x0000000016a74800 Uncommon trap: reason=unstable_if action=reinterpret pc=0x000000000323b1e4 method=java.util.ArrayList.<init>(I)V @ 5
Event: 24.794 Thread 0x0000000016a74800 Uncommon trap: reason=unstable_if action=reinterpret pc=0x0000000002aa15bc method=com.android.dx.dex.file.DebugInfoEncoder.emitLocalsAtAddress(I)I @ 137
Event: 25.748 Thread 0x0000000016a74800 Uncommon trap: reason=unstable_if action=reinterpret pc=0x0000000002be597c method=java.lang.Long.numberOfTrailingZeros(J)I @ 3
Event: 26.429 Thread 0x0000000016a74800 Uncommon trap: reason=unstable_if action=reinterpret pc=0x0000000002a1dcc4 method=com.android.dx.util.ByteArrayAnnotatedOutput.writeByte(I)V @ 13
Event: 28.715 Thread 0x0000000016a74800 Uncommon trap: reason=unstable_if action=reinterpret pc=0x0000000002d462b8 method=com.android.dx.util.ByteArrayAnnotatedOutput.writeUleb128(I)I @ 4
Event: 28.716 Thread 0x0000000016a74800 Uncommon trap: reason=unstable_if action=reinterpret pc=0x0000000002dfab08 method=com.android.dx.util.ByteArrayAnnotatedOutput.writeByte(I)V @ 13
Event: 29.361 Thread 0x0000000016a74800 Uncommon trap: reason=unstable_if action=reinterpret pc=0x0000000002b34f6c method=java.util.Arrays.copyOf([Ljava/lang/Object;ILjava/lang/Class;)[Ljava/lang/Object; @ 3

Internal exceptions (9 events):
Event: 0.595 Thread 0x00000000026b0800 Exception <a 'java/lang/NoSuchMethodError': Method sun.misc.Unsafe.defineClass(Ljava/lang/String;[BII)Ljava/lang/Class; name or signature does not match> (0x00000000eab07cc0) thrown at [C:\src\android\AOSP-openjdk\external\jetbrains\jdk\hotspot\src\share\vJ©$Y„?
Event: 0.595 Thread 0x00000000026b0800 Exception <a 'java/lang/NoSuchMethodError': Method sun.misc.Unsafe.prefetchRead(Ljava/lang/Object;J)V name or signature does not match> (0x00000000eab07fa8) thrown at [C:\src\android\AOSP-openjdk\external\jetbrains\jdk\hotspot\src\share\vm\prims\jni.cpp, l‹vE0ﬂf@
Event: 5.600 Thread 0x0000000016a6f000 Implicit null exception at 0x0000000002b92462 to 0x0000000002b92569
Event: 7.206 Thread 0x0000000016a74800 Implicit null exception at 0x0000000002a90f2c to 0x0000000002a93eb9
Event: 7.207 Thread 0x0000000016a74800 Implicit null exception at 0x0000000002aa792d to 0x0000000002aaa02d
Event: 10.759 Thread 0x0000000016a6f000 Implicit null exception at 0x0000000002d95190 to 0x0000000002d964f9
Event: 11.313 Thread 0x0000000016a69000 Exception <a 'java/lang/ArrayIndexOutOfBoundsException': 18> (0x00000000eda01cc0) thrown at [C:\src\android\AOSP-openjdk\external\jetbrains\jdk\hotspot\src\share\vm\interpreter\interpreterRuntime.cpp, line 366]
Event: 11.313 Thread 0x0000000016a69000 Exception <a 'java/lang/ArrayIndexOutOfBoundsException': 145> (0x00000000eda03840) thrown at [C:\src\android\AOSP-openjdk\external\jetbrains\jdk\hotspot\src\share\vm\interpreter\interpreterRuntime.cpp, line 366]
Event: 11.315 Thread 0x0000000016a69000 Exception <a 'java/lang/ArrayIndexOutOfBoundsException'> (0x00000000eda04b28) thrown at [C:\src\android\AOSP-openjdk\external\jetbrains\jdk\hotspot\src\share\vm\runtime\sharedRuntime.cpp, line 605]

Events (10 events):
Event: 29.673 Thread 0x0000000016a74800 DEOPT UNPACKING pc=0x00000000027f75bf sp=0x0000000016eaeb28 mode 0
Event: 29.675 Thread 0x0000000016a74800 DEOPT PACKING pc=0x0000000002f5b83e sp=0x0000000016eaee10
Event: 29.675 Thread 0x0000000016a74800 DEOPT UNPACKING pc=0x00000000027f75bf sp=0x0000000016eaeb28 mode 0
Event: 30.208 loading class java/util/zip/Adler32
Event: 30.208 loading class java/util/zip/Adler32 done
Event: 30.210 Executing VM operation: RevokeBias
Event: 30.210 Executing VM operation: RevokeBias done
Event: 30.210 Thread 0x0000000016a74800 Thread exited: 0x0000000016a74800
Event: 30.760 loading class java/io/FileOutputStream$1
Event: 30.760 loading class java/io/FileOutputStream$1 done


Dynamic libraries:
0x00007ff7bbf40000 - 0x00007ff7bbf71000 	C:\Program Files\Android\Android Studio\jre\bin\java.exe
0x00007ff80bf10000 - 0x00007ff80c0bd000 	C:\windows\SYSTEM32\ntdll.dll
0x00007ff809590000 - 0x00007ff8096ce000 	C:\windows\system32\KERNEL32.DLL
0x00007ff809100000 - 0x00007ff809215000 	C:\windows\system32\KERNELBASE.dll
0x00007ff8098e0000 - 0x00007ff80998a000 	C:\windows\system32\ADVAPI32.dll
0x00007ff80b290000 - 0x00007ff80b407000 	C:\windows\system32\USER32.dll
0x00007ff806020000 - 0x00007ff80629b000 	C:\windows\WinSxS\amd64_microsoft.windows.common-controls_6595b64144ccf1df_6.0.9600.18006_none_623f33d3ecbe86e8\COMCTL32.dll
0x00007ff80b420000 - 0x00007ff80b4ca000 	C:\windows\system32\msvcrt.dll
0x00007ff80b6b0000 - 0x00007ff80b709000 	C:\windows\SYSTEM32\sechost.dll
0x00007ff8097a0000 - 0x00007ff8098e0000 	C:\windows\system32\RPCRT4.dll
0x00007ff80b860000 - 0x00007ff80b9af000 	C:\windows\system32\GDI32.dll
0x00007ff809560000 - 0x00007ff80958e000 	C:\windows\system32\SspiCli.dll
0x00007ff80b250000 - 0x00007ff80b286000 	C:\windows\system32\IMM32.DLL
0x00007ff80bdb0000 - 0x00007ff80bf02000 	C:\windows\system32\MSCTF.dll
0x0000000052f60000 - 0x0000000053032000 	C:\Program Files\Android\Android Studio\jre\jre\bin\msvcr100.dll
0x0000000053120000 - 0x0000000053954000 	C:\Program Files\Android\Android Studio\jre\jre\bin\server\jvm.dll
0x00007ff800dc0000 - 0x00007ff800dc9000 	C:\windows\SYSTEM32\WSOCK32.dll
0x00007ff804300000 - 0x00007ff804322000 	C:\windows\SYSTEM32\WINMM.dll
0x00007ff801630000 - 0x00007ff80163a000 	C:\windows\SYSTEM32\VERSION.dll
0x00007ff80b4e0000 - 0x00007ff80b4e7000 	C:\windows\system32\PSAPI.DLL
0x00007ff80ba10000 - 0x00007ff80ba6a000 	C:\windows\system32\WS2_32.dll
0x00007ff8042d0000 - 0x00007ff8042fa000 	C:\windows\SYSTEM32\WINMMBASE.dll
0x00007ff80b4d0000 - 0x00007ff80b4d9000 	C:\windows\system32\NSI.dll
0x00007ff809220000 - 0x00007ff80926f000 	C:\windows\SYSTEM32\cfgmgr32.dll
0x00007ff807e50000 - 0x00007ff807e78000 	C:\windows\SYSTEM32\DEVOBJ.dll
0x00007ff804e20000 - 0x00007ff804e2f000 	C:\Program Files\Android\Android Studio\jre\jre\bin\verify.dll
0x00007ff8049c0000 - 0x00007ff8049e9000 	C:\Program Files\Android\Android Studio\jre\jre\bin\java.dll
0x00007ff803cd0000 - 0x00007ff803ce6000 	C:\Program Files\Android\Android Studio\jre\jre\bin\zip.dll
0x00007ff809b30000 - 0x00007ff80b058000 	C:\windows\system32\SHELL32.dll
0x00007ff80bb90000 - 0x00007ff80bda1000 	C:\windows\SYSTEM32\combase.dll
0x00007ff80b9b0000 - 0x00007ff80ba04000 	C:\windows\system32\SHLWAPI.dll
0x00007ff8073b0000 - 0x00007ff807462000 	C:\windows\SYSTEM32\SHCORE.dll
0x00007ff809030000 - 0x00007ff809045000 	C:\windows\SYSTEM32\profapi.dll

VM Arguments:
jvm_args: -Djava.awt.headless=true -Xmx1024M -Dfile.encoding=windows-1252 -Duser.country=US -Duser.language=en -Duser.variant 
java_command: com.android.dx.command.Main --dex --verbose --force-jumbo --num-threads=4 --multi-dex --output C:\Users\bruh\Desktop\COMP150-MOB\QueueR\app\build\intermediates\transforms\dex\debug\folders\1000\10\com.android.support-support-v4-24.1.1_a4154e86e981b836301da22e84ff1ec295ebe468 C:\Users\bruh\Desktop\COMP150-MOB\QueueR\app\build\intermediates\exploded-aar\com.android.support\support-v4\24.1.1\jars\classes.jar
java_class_path (initial): C:\Users\bruh\AppData\Local\Android\sdk\build-tools\24.0.1\lib\dx.jar
Launcher Type: SUN_STANDARD

Environment Variables:
PATH=C:\Program Files\Java\jdk1.8.0_101\bin\;C:\ProgramData\Oracle\Java\javapath;C:\windows\system32;C:\windows;C:\windows\System32\Wbem;C:\windows\System32\WindowsPowerShell\v1.0\;C:\Program Files\nodejs\;C:\Program Files (x86)\Heroku\bin;C:\Program Files (x86)\git\cmd;C:\Users\bruh\AppData\Roaming\npm;C:\Program Files (x86)\Skype\Phone\;C:\Program Files (x86)\GtkSharp\2.12\bin;C:\Program Files\Java\jdk1.8.0_101\bin\
USERNAME=bruh
OS=Windows_NT
PROCESSOR_IDENTIFIER=Intel64 Family 6 Model 69 Stepping 1, GenuineIntel



---------------  S Y S T E M  ---------------

OS: Windows 8.1 , 64 bit Build 9600 (6.3.9600.17415)

CPU:total 4 (2 cores per cpu, 2 threads per core) family 6 model 69 stepping 1, cmov, cx8, fxsr, mmx, sse, sse2, sse3, ssse3, sse4.1, sse4.2, popcnt, avx, avx2, aes, clmul, erms, lzcnt, ht, tsc, tscinvbit, bmi1, bmi2

Memory: 4k page, physical 4097056k(178748k free), swap 7242784k(5196k free)

vm_info: OpenJDK 64-Bit Server VM (25.76-b03) for windows-amd64 JRE (1.8.0_76-release-b03), built on Jun 29 2016 19:09:20 by "ralucas" with MS VC++ 10.0 (VS2010)

time: Thu Dec 15 01:05:29 2016
elapsed time: 32 seconds (0d 0h 0m 32s)

