#
# There is insufficient memory for the Java Runtime Environment to continue.
# Native memory allocation (malloc) failed to allocate 219536 bytes for Chunk::new
# Possible reasons:
#   The system is out of physical RAM or swap space
#   In 32 bit mode, the process size limit was hit
# Possible solutions:
#   Reduce memory load on the system
#   Increase physical memory or swap space
#   Check if swap backing store is full
#   Use 64 bit Java on a 64 bit OS
#   Decrease Java heap size (-Xmx/-Xms)
#   Decrease number of Java threads
#   Decrease Java thread stack sizes (-Xss)
#   Set larger code cache with -XX:ReservedCodeCacheSize=
# This output file may be truncated or incomplete.
#
#  Out of Memory Error (allocation.cpp:390), pid=4248, tid=0x0000000000000fec
#
# JRE version: OpenJDK Runtime Environment (8.0_76-b03) (build 1.8.0_76-release-b03)
# Java VM: OpenJDK 64-Bit Server VM (25.76-b03 mixed mode windows-amd64 compressed oops)
# Failed to write core dump. Minidumps are not enabled by default on client versions of Windows
#

---------------  T H R E A D  ---------------

Current thread (0x0000000014b47800):  JavaThread "C2 CompilerThread1" daemon [_thread_in_native, id=4076, stack(0x00000000162a0000,0x00000000163a0000)]

Stack: [0x00000000162a0000,0x00000000163a0000]
[error occurred during error reporting (printing stack bounds), id 0xc0000005]

Native frames: (J=compiled Java code, j=interpreted, Vv=VM code, C=native code)


Current CompileTask:
C2:  13339 1624       4       com.android.dx.ssa.SsaBasicBlock::newFromRop (183 bytes)


---------------  P R O C E S S  ---------------

Java Threads: ( => current thread )
  0x0000000016717000 JavaThread "pool-2-thread-4" [_thread_in_Java, id=3204, stack(0x0000000016ea0000,0x0000000016fa0000)]
  0x0000000016715800 JavaThread "pool-2-thread-3" [_thread_in_Java, id=1044, stack(0x0000000016da0000,0x0000000016ea0000)]
  0x00000000166fe800 JavaThread "pool-2-thread-2" [_thread_in_Java, id=5652, stack(0x0000000016ca0000,0x0000000016da0000)]
  0x00000000166f4800 JavaThread "pool-3-thread-1" [_thread_blocked, id=3408, stack(0x0000000016ba0000,0x0000000016ca0000)]
  0x00000000166dc000 JavaThread "pool-2-thread-1" [_thread_in_Java, id=1756, stack(0x0000000016aa0000,0x0000000016ba0000)]
  0x0000000014bae800 JavaThread "Service Thread" daemon [_thread_blocked, id=6912, stack(0x00000000168a0000,0x00000000169a0000)]
  0x0000000014ba0000 JavaThread "C1 CompilerThread2" daemon [_thread_blocked, id=3220, stack(0x00000000163a0000,0x00000000164a0000)]
=>0x0000000014b47800 JavaThread "C2 CompilerThread1" daemon [_thread_in_native, id=4076, stack(0x00000000162a0000,0x00000000163a0000)]
  0x0000000014b57800 JavaThread "C2 CompilerThread0" daemon [_thread_in_native, id=7016, stack(0x00000000161a0000,0x00000000162a0000)]
  0x0000000014b56000 JavaThread "Attach Listener" daemon [_thread_blocked, id=3076, stack(0x00000000160a0000,0x00000000161a0000)]
  0x0000000014b55000 JavaThread "Signal Dispatcher" daemon [_thread_blocked, id=3056, stack(0x0000000015fa0000,0x00000000160a0000)]
  0x0000000014b38000 JavaThread "Finalizer" daemon [_thread_blocked, id=4408, stack(0x0000000015dc0000,0x0000000015ec0000)]
  0x0000000002471000 JavaThread "Reference Handler" daemon [_thread_blocked, id=4364, stack(0x0000000015cc0000,0x0000000015dc0000)]
  0x0000000002380800 JavaThread "main" [_thread_in_Java, id=6716, stack(0x0000000002280000,0x0000000002380000)]

Other Threads:
  0x0000000014b16800 VMThread [stack: 0x0000000015bc0000,0x0000000015cc0000] [id=4972]
  0x00000000164a3800 WatcherThread [stack: 0x00000000169a0000,0x0000000016aa0000] [id=1752]

VM state:not at safepoint (normal execution)

VM Mutex/Monitor currently owned by a thread: None

Heap:
 PSYoungGen      total 35328K, used 12466K [0x00000000eab00000, 0x00000000ed000000, 0x0000000100000000)
  eden space 32768K, 30% used [0x00000000eab00000,0x00000000eb4b0998,0x00000000ecb00000)
  from space 2560K, 99% used [0x00000000ecb00000,0x00000000ecd7bfd0,0x00000000ecd80000)
  to   space 2560K, 0% used [0x00000000ecd80000,0x00000000ecd80000,0x00000000ed000000)
 ParOldGen       total 44032K, used 8762K [0x00000000c0000000, 0x00000000c2b00000, 0x00000000eab00000)
  object space 44032K, 19% used [0x00000000c0000000,0x00000000c088e8a0,0x00000000c2b00000)
 Metaspace       used 6160K, capacity 7088K, committed 7296K, reserved 1056768K
  class space    used 578K, capacity 616K, committed 640K, reserved 1048576K

Card table byte_map: [0x0000000011840000,0x0000000011a50000] byte_map_base: 0x0000000011240000

Marking Bits: (ParMarkBitMap*) 0x00000000538d9d00
 Begin Bits: [0x0000000011fb0000, 0x0000000012fb0000)
 End Bits:   [0x0000000012fb0000, 0x0000000013fb0000)

Polling page: 0x0000000000930000

CodeCache: size=245760Kb used=7067Kb max_used=7079Kb free=238692Kb
 bounds [0x0000000002480000, 0x0000000002b70000, 0x0000000011480000]
 total_blobs=1911 nmethods=1643 adapters=182
 compilation: enabled

Compilation events (10 events):
Event: 13.321 Thread 0x0000000014ba0000 1667       3       com.android.dx.util.Hex::u2 (44 bytes)
Event: 13.322 Thread 0x0000000014ba0000 nmethod 1667 0x0000000002b68590 code [0x0000000002b68740, 0x0000000002b68db8]
Event: 13.323 Thread 0x0000000014ba0000 1669       3       java.util.concurrent.locks.AbstractQueuedSynchronizer::compareAndSetState (13 bytes)
Event: 13.323 Thread 0x0000000014ba0000 nmethod 1669 0x0000000002b69090 code [0x0000000002b691e0, 0x0000000002b69350]
Event: 13.323 Thread 0x0000000014ba0000 1670       3       com.android.dx.dex.file.ClassDataItem::addDirectMethod (24 bytes)
Event: 13.324 Thread 0x0000000014ba0000 nmethod 1670 0x0000000002b693d0 code [0x0000000002b695a0, 0x0000000002b69c38]
Event: 13.324 Thread 0x0000000014ba0000 1671       3       com.android.dx.dex.file.ClassDefItem::addDirectMethod (9 bytes)
Event: 13.325 Thread 0x0000000014ba0000 nmethod 1671 0x0000000002b69fd0 code [0x0000000002b6a180, 0x0000000002b6a818]
Event: 13.325 Thread 0x0000000014ba0000 1672       3       com.android.dx.rop.annotation.Annotation::<init> (54 bytes)
Event: 13.326 Thread 0x0000000014ba0000 nmethod 1672 0x0000000002b6abd0 code [0x0000000002b6ad80, 0x0000000002b6b338]

GC Heap History (6 events):
Event: 3.054 GC heap before
{Heap before GC invocations=1 (full 0):
 PSYoungGen      total 18944K, used 16384K [0x00000000eab00000, 0x00000000ec000000, 0x0000000100000000)
  eden space 16384K, 100% used [0x00000000eab00000,0x00000000ebb00000,0x00000000ebb00000)
  from space 2560K, 0% used [0x00000000ebd80000,0x00000000ebd80000,0x00000000ec000000)
  to   space 2560K, 0% used [0x00000000ebb00000,0x00000000ebb00000,0x00000000ebd80000)
 ParOldGen       total 44032K, used 0K [0x00000000c0000000, 0x00000000c2b00000, 0x00000000eab00000)
  object space 44032K, 0% used [0x00000000c0000000,0x00000000c0000000,0x00000000c2b00000)
 Metaspace       used 5691K, capacity 6704K, committed 6784K, reserved 1056768K
  class space    used 569K, capacity 616K, committed 640K, reserved 1048576K
Event: 3.471 GC heap after
Heap after GC invocations=1 (full 0):
 PSYoungGen      total 18944K, used 2551K [0x00000000eab00000, 0x00000000ed000000, 0x0000000100000000)
  eden space 16384K, 0% used [0x00000000eab00000,0x00000000eab00000,0x00000000ebb00000)
  from space 2560K, 99% used [0x00000000ebb00000,0x00000000ebd7dc98,0x00000000ebd80000)
  to   space 2560K, 0% used [0x00000000ecd80000,0x00000000ecd80000,0x00000000ed000000)
 ParOldGen       total 44032K, used 1403K [0x00000000c0000000, 0x00000000c2b00000, 0x00000000eab00000)
  object space 44032K, 3% used [0x00000000c0000000,0x00000000c015ee30,0x00000000c2b00000)
 Metaspace       used 5691K, capacity 6704K, committed 6784K, reserved 1056768K
  class space    used 569K, capacity 616K, committed 640K, reserved 1048576K
}
Event: 4.842 GC heap before
{Heap before GC invocations=2 (full 0):
 PSYoungGen      total 18944K, used 18935K [0x00000000eab00000, 0x00000000ed000000, 0x0000000100000000)
  eden space 16384K, 100% used [0x00000000eab00000,0x00000000ebb00000,0x00000000ebb00000)
  from space 2560K, 99% used [0x00000000ebb00000,0x00000000ebd7dc98,0x00000000ebd80000)
  to   space 2560K, 0% used [0x00000000ecd80000,0x00000000ecd80000,0x00000000ed000000)
 ParOldGen       total 44032K, used 1403K [0x00000000c0000000, 0x00000000c2b00000, 0x00000000eab00000)
  object space 44032K, 3% used [0x00000000c0000000,0x00000000c015ee30,0x00000000c2b00000)
 Metaspace       used 5976K, capacity 6960K, committed 7040K, reserved 1056768K
  class space    used 576K, capacity 616K, committed 640K, reserved 1048576K
Event: 5.188 GC heap after
Heap after GC invocations=2 (full 0):
 PSYoungGen      total 35328K, used 2528K [0x00000000eab00000, 0x00000000ed000000, 0x0000000100000000)
  eden space 32768K, 0% used [0x00000000eab00000,0x00000000eab00000,0x00000000ecb00000)
  from space 2560K, 98% used [0x00000000ecd80000,0x00000000ecff8048,0x00000000ed000000)
  to   space 2560K, 0% used [0x00000000ecb00000,0x00000000ecb00000,0x00000000ecd80000)
 ParOldGen       total 44032K, used 3637K [0x00000000c0000000, 0x00000000c2b00000, 0x00000000eab00000)
  object space 44032K, 8% used [0x00000000c0000000,0x00000000c038d580,0x00000000c2b00000)
 Metaspace       used 5976K, capacity 6960K, committed 7040K, reserved 1056768K
  class space    used 576K, capacity 616K, committed 640K, reserved 1048576K
}
Event: 10.314 GC heap before
{Heap before GC invocations=3 (full 0):
 PSYoungGen      total 35328K, used 35296K [0x00000000eab00000, 0x00000000ed000000, 0x0000000100000000)
  eden space 32768K, 100% used [0x00000000eab00000,0x00000000ecb00000,0x00000000ecb00000)
  from space 2560K, 98% used [0x00000000ecd80000,0x00000000ecff8048,0x00000000ed000000)
  to   space 2560K, 0% used [0x00000000ecb00000,0x00000000ecb00000,0x00000000ecd80000)
 ParOldGen       total 44032K, used 3637K [0x00000000c0000000, 0x00000000c2b00000, 0x00000000eab00000)
  object space 44032K, 8% used [0x00000000c0000000,0x00000000c038d580,0x00000000c2b00000)
 Metaspace       used 6153K, capacity 7088K, committed 7296K, reserved 1056768K
  class space    used 578K, capacity 616K, committed 640K, reserved 1048576K
Event: 13.277 GC heap after
Heap after GC invocations=3 (full 0):
 PSYoungGen      total 35328K, used 2543K [0x00000000eab00000, 0x00000000ed000000, 0x0000000100000000)
  eden space 32768K, 0% used [0x00000000eab00000,0x00000000eab00000,0x00000000ecb00000)
  from space 2560K, 99% used [0x00000000ecb00000,0x00000000ecd7bfd0,0x00000000ecd80000)
  to   space 2560K, 0% used [0x00000000ecd80000,0x00000000ecd80000,0x00000000ed000000)
 ParOldGen       total 44032K, used 8762K [0x00000000c0000000, 0x00000000c2b00000, 0x00000000eab00000)
  object space 44032K, 19% used [0x00000000c0000000,0x00000000c088e8a0,0x00000000c2b00000)
 Metaspace       used 6153K, capacity 7088K, committed 7296K, reserved 1056768K
  class space    used 578K, capacity 616K, committed 640K, reserved 1048576K
}

Deoptimization events (10 events):
Event: 9.613 Thread 0x0000000016717000 Uncommon trap: reason=class_check action=maybe_recompile pc=0x0000000002a89bc4 method=java.util.HashMap.putVal(ILjava/lang/Object;Ljava/lang/Object;ZZ)Ljava/lang/Object; @ 203
Event: 9.614 Thread 0x0000000016717000 Uncommon trap: reason=bimorphic action=maybe_recompile pc=0x000000000293c2a0 method=java.util.HashMap.getNode(ILjava/lang/Object;)Ljava/util/HashMap$Node; @ 126
Event: 9.614 Thread 0x0000000016717000 Uncommon trap: reason=class_check action=maybe_recompile pc=0x0000000002a89bc4 method=java.util.HashMap.putVal(ILjava/lang/Object;Ljava/lang/Object;ZZ)Ljava/lang/Object; @ 203
Event: 9.614 Thread 0x0000000016717000 Uncommon trap: reason=class_check action=maybe_recompile pc=0x0000000002a89bc4 method=java.util.HashMap.putVal(ILjava/lang/Object;Ljava/lang/Object;ZZ)Ljava/lang/Object; @ 203
Event: 9.998 Thread 0x00000000166dc000 Uncommon trap: reason=bimorphic action=maybe_recompile pc=0x0000000002aef3f0 method=com.android.dx.ssa.LiteralOpUpgrader.tryReplacingWithConstant(Lcom/android/dx/ssa/NormalSsaInsn;)Z @ 52
Event: 9.998 Thread 0x00000000166dc000 Uncommon trap: reason=bimorphic action=maybe_recompile pc=0x0000000002aef3f0 method=com.android.dx.ssa.LiteralOpUpgrader.tryReplacingWithConstant(Lcom/android/dx/ssa/NormalSsaInsn;)Z @ 52
Event: 10.002 Thread 0x00000000166dc000 Uncommon trap: reason=bimorphic action=maybe_recompile pc=0x0000000002aef3f0 method=com.android.dx.ssa.LiteralOpUpgrader.tryReplacingWithConstant(Lcom/android/dx/ssa/NormalSsaInsn;)Z @ 52
Event: 13.295 Thread 0x00000000166dc000 Uncommon trap: reason=unstable_if action=reinterpret pc=0x0000000002ab3994 method=com.android.dx.rop.cst.CstNat.equals(Ljava/lang/Object;)Z @ 25
Event: 13.311 Thread 0x0000000002380800 Uncommon trap: reason=unstable_if action=reinterpret pc=0x0000000002b302c0 method=com.android.dx.util.BitIntSet.has(I)Z @ 8
Event: 13.315 Thread 0x00000000166fe800 Uncommon trap: reason=bimorphic action=maybe_recompile pc=0x0000000002aef3f0 method=com.android.dx.ssa.LiteralOpUpgrader.tryReplacingWithConstant(Lcom/android/dx/ssa/NormalSsaInsn;)Z @ 52

Internal exceptions (4 events):
Event: 0.077 Thread 0x0000000002380800 Exception <a 'java/lang/NoSuchMethodError': Method sun.misc.Unsafe.defineClass(Ljava/lang/String;[BII)Ljava/lang/Class; name or signature does not match> (0x00000000eab07cc0) thrown at [C:\src\android\AOSP-openjdk\external\jetbrains\jdk\hotspot\src\share\ví=_¸°³?
Event: 0.077 Thread 0x0000000002380800 Exception <a 'java/lang/NoSuchMethodError': Method sun.misc.Unsafe.prefetchRead(Ljava/lang/Object;J)V name or signature does not match> (0x00000000eab07fa8) thrown at [C:\src\android\AOSP-openjdk\external\jetbrains\jdk\hotspot\src\share\vm\prims\jni.cpp, lÓœx‡œ@
Event: 5.402 Thread 0x00000000166dc000 Implicit null exception at 0x00000000028ff2e2 to 0x00000000028ff3da
Event: 6.059 Thread 0x0000000016717000 Implicit null exception at 0x0000000002819384 to 0x000000000281b749

Events (10 events):
Event: 13.278 Executing VM operation: ParallelGCFailedAllocation done
Event: 13.295 Thread 0x00000000166dc000 Uncommon trap: trap_request=0xffffff65 fr.pc=0x0000000002ab3994
Event: 13.295 Thread 0x00000000166dc000 DEOPT PACKING pc=0x0000000002ab3994 sp=0x0000000016b9e400
Event: 13.295 Thread 0x00000000166dc000 DEOPT UNPACKING pc=0x00000000024c556a sp=0x0000000016b9e320 mode 2
Event: 13.311 Thread 0x0000000002380800 Uncommon trap: trap_request=0xffffff65 fr.pc=0x0000000002b302c0
Event: 13.311 Thread 0x0000000002380800 DEOPT PACKING pc=0x0000000002b302c0 sp=0x000000000237e410
Event: 13.311 Thread 0x0000000002380800 DEOPT UNPACKING pc=0x00000000024c556a sp=0x000000000237e348 mode 2
Event: 13.315 Thread 0x00000000166fe800 Uncommon trap: trap_request=0xffffffc6 fr.pc=0x0000000002aef3f0
Event: 13.315 Thread 0x00000000166fe800 DEOPT PACKING pc=0x0000000002aef3f0 sp=0x0000000016d9e7d0
Event: 13.315 Thread 0x00000000166fe800 DEOPT UNPACKING pc=0x00000000024c556a sp=0x0000000016d9e6d8 mode 2


Dynamic libraries:
0x00007ff7bbf40000 - 0x00007ff7bbf71000 	C:\Program Files\Android\Android Studio\jre\bin\java.exe
0x00007ff80bf10000 - 0x00007ff80c0bd000 	C:\windows\SYSTEM32\ntdll.dll
0x00007ff809590000 - 0x00007ff8096ce000 	C:\windows\system32\KERNEL32.DLL
0x00007ff809100000 - 0x00007ff809215000 	C:\windows\system32\KERNELBASE.dll
0x00007ff8098e0000 - 0x00007ff80998a000 	C:\windows\system32\ADVAPI32.dll
0x00007ff80b290000 - 0x00007ff80b407000 	C:\windows\system32\USER32.dll
0x00007ff806020000 - 0x00007ff80629b000 	C:\windows\WinSxS\amd64_microsoft.windows.common-controls_6595b64144ccf1df_6.0.9600.18006_none_623f33d3ecbe86e8\COMCTL32.dll
0x00007ff80b420000 - 0x00007ff80b4ca000 	C:\windows\system32\msvcrt.dll
0x00007ff80b6b0000 - 0x00007ff80b709000 	C:\windows\SYSTEM32\sechost.dll
0x00007ff8097a0000 - 0x00007ff8098e0000 	C:\windows\system32\RPCRT4.dll
0x00007ff80b860000 - 0x00007ff80b9af000 	C:\windows\system32\GDI32.dll
0x00007ff809560000 - 0x00007ff80958e000 	C:\windows\system32\SspiCli.dll
0x00007ff80b250000 - 0x00007ff80b286000 	C:\windows\system32\IMM32.DLL
0x00007ff80bdb0000 - 0x00007ff80bf02000 	C:\windows\system32\MSCTF.dll
0x0000000052f60000 - 0x0000000053032000 	C:\Program Files\Android\Android Studio\jre\jre\bin\msvcr100.dll
0x0000000053120000 - 0x0000000053954000 	C:\Program Files\Android\Android Studio\jre\jre\bin\server\jvm.dll
0x00007ff800dc0000 - 0x00007ff800dc9000 	C:\windows\SYSTEM32\WSOCK32.dll
0x00007ff804300000 - 0x00007ff804322000 	C:\windows\SYSTEM32\WINMM.dll
0x00007ff801630000 - 0x00007ff80163a000 	C:\windows\SYSTEM32\VERSION.dll
0x00007ff80b4e0000 - 0x00007ff80b4e7000 	C:\windows\system32\PSAPI.DLL
0x00007ff80ba10000 - 0x00007ff80ba6a000 	C:\windows\system32\WS2_32.dll
0x00007ff8042d0000 - 0x00007ff8042fa000 	C:\windows\SYSTEM32\WINMMBASE.dll
0x00007ff80b4d0000 - 0x00007ff80b4d9000 	C:\windows\system32\NSI.dll
0x00007ff809220000 - 0x00007ff80926f000 	C:\windows\SYSTEM32\cfgmgr32.dll
0x00007ff807e50000 - 0x00007ff807e78000 	C:\windows\SYSTEM32\DEVOBJ.dll
0x00007ff804e20000 - 0x00007ff804e2f000 	C:\Program Files\Android\Android Studio\jre\jre\bin\verify.dll
0x00007ff8049e0000 - 0x00007ff804a09000 	C:\Program Files\Android\Android Studio\jre\jre\bin\java.dll
0x00007ff8049c0000 - 0x00007ff8049d6000 	C:\Program Files\Android\Android Studio\jre\jre\bin\zip.dll
0x00007ff809b30000 - 0x00007ff80b058000 	C:\windows\system32\SHELL32.dll
0x00007ff80bb90000 - 0x00007ff80bda1000 	C:\windows\SYSTEM32\combase.dll
0x00007ff80b9b0000 - 0x00007ff80ba04000 	C:\windows\system32\SHLWAPI.dll
0x00007ff8073b0000 - 0x00007ff807462000 	C:\windows\SYSTEM32\SHCORE.dll
0x00007ff809030000 - 0x00007ff809045000 	C:\windows\SYSTEM32\profapi.dll

VM Arguments:
jvm_args: -Djava.awt.headless=true -Xmx1024M -Dfile.encoding=windows-1252 -Duser.country=US -Duser.language=en -Duser.variant 
java_command: com.android.dx.command.Main --dex --verbose --force-jumbo --num-threads=4 --multi-dex --output C:\Users\bruh\Desktop\COMP150-MOB\QueueR\app\build\intermediates\transforms\dex\debug\folders\1000\10\com.android.support-design-24.1.1_5885dcf3118afcd057586c4678ea449063f2f86f C:\Users\bruh\Desktop\COMP150-MOB\QueueR\app\build\intermediates\exploded-aar\com.android.support\design\24.1.1\jars\classes.jar
java_class_path (initial): C:\Users\bruh\AppData\Local\Android\sdk\build-tools\24.0.1\lib\dx.jar
Launcher Type: SUN_STANDARD

Environment Variables:
PATH=C:\Program Files\Java\jdk1.8.0_101\bin\;C:\ProgramData\Oracle\Java\javapath;C:\windows\system32;C:\windows;C:\windows\System32\Wbem;C:\windows\System32\WindowsPowerShell\v1.0\;C:\Program Files\nodejs\;C:\Program Files (x86)\Heroku\bin;C:\Program Files (x86)\git\cmd;C:\Users\bruh\AppData\Roaming\npm;C:\Program Files (x86)\Skype\Phone\;C:\Program Files (x86)\GtkSharp\2.12\bin;C:\Program Files\Java\jdk1.8.0_101\bin\
USERNAME=bruh
OS=Windows_NT
PROCESSOR_IDENTIFIER=Intel64 Family 6 Model 69 Stepping 1, GenuineIntel



---------------  S Y S T E M  ---------------

OS: Windows 8.1 , 64 bit Build 9600 (6.3.9600.17415)

CPU:total 4 (2 cores per cpu, 2 threads per core) family 6 model 69 stepping 1, cmov, cx8, fxsr, mmx, sse, sse2, sse3, ssse3, sse4.1, sse4.2, popcnt, avx, avx2, aes, clmul, erms, lzcnt, ht, tsc, tscinvbit, bmi1, bmi2

Memory: 4k page, physical 4097056k(617184k free), swap 7242784k(5132k free)

vm_info: OpenJDK 64-Bit Server VM (25.76-b03) for windows-amd64 JRE (1.8.0_76-release-b03), built on Jun 29 2016 19:09:20 by "ralucas" with MS VC++ 10.0 (VS2010)

time: Thu Dec 15 02:55:22 2016
elapsed time: 13 seconds (0d 0h 0m 13s)

