#
# There is insufficient memory for the Java Runtime Environment to continue.
# Native memory allocation (malloc) failed to allocate 32744 bytes for ChunkPool::allocate
# Possible reasons:
#   The system is out of physical RAM or swap space
#   In 32 bit mode, the process size limit was hit
# Possible solutions:
#   Reduce memory load on the system
#   Increase physical memory or swap space
#   Check if swap backing store is full
#   Use 64 bit Java on a 64 bit OS
#   Decrease Java heap size (-Xmx/-Xms)
#   Decrease number of Java threads
#   Decrease Java thread stack sizes (-Xss)
#   Set larger code cache with -XX:ReservedCodeCacheSize=
# This output file may be truncated or incomplete.
#
#  Out of Memory Error (allocation.cpp:273), pid=5828, tid=0x0000000000000bc8
#
# JRE version: OpenJDK Runtime Environment (8.0_76-b03) (build 1.8.0_76-release-b03)
# Java VM: OpenJDK 64-Bit Server VM (25.76-b03 mixed mode windows-amd64 compressed oops)
# Failed to write core dump. Minidumps are not enabled by default on client versions of Windows
#

---------------  T H R E A D  ---------------

Current thread (0x000000001539b000):  JavaThread "C1 CompilerThread2" daemon [_thread_in_native, id=3016, stack(0x0000000016b70000,0x0000000016c70000)]

Stack: [0x0000000016b70000,0x0000000016c70000]
[error occurred during error reporting (printing stack bounds), id 0xc0000005]

Native frames: (J=compiled Java code, j=interpreted, Vv=VM code, C=native code)


Current CompileTask:
C1:   4562 1260       3       com.android.dx.cf.code.Simulator$SimVisitor::visitNoArgs (2136 bytes)


---------------  P R O C E S S  ---------------

Java Threads: ( => current thread )
  0x0000000016ebe800 JavaThread "pool-2-thread-4" [_thread_blocked, id=2544, stack(0x0000000017670000,0x0000000017770000)]
  0x0000000016eba800 JavaThread "pool-2-thread-3" [_thread_blocked, id=4896, stack(0x0000000017570000,0x0000000017670000)]
  0x0000000016eba000 JavaThread "pool-2-thread-2" [_thread_in_Java, id=5464, stack(0x0000000017470000,0x0000000017570000)]
  0x0000000016eb7000 JavaThread "pool-3-thread-1" [_thread_blocked, id=6912, stack(0x0000000017370000,0x0000000017470000)]
  0x0000000016eb3000 JavaThread "pool-2-thread-1" [_thread_blocked, id=2944, stack(0x0000000017270000,0x0000000017370000)]
  0x0000000016c93000 JavaThread "Service Thread" daemon [_thread_blocked, id=6268, stack(0x0000000017070000,0x0000000017170000)]
=>0x000000001539b000 JavaThread "C1 CompilerThread2" daemon [_thread_in_native, id=3016, stack(0x0000000016b70000,0x0000000016c70000)]
  0x0000000015337000 JavaThread "C2 CompilerThread1" daemon [_thread_blocked, id=6316, stack(0x0000000016a70000,0x0000000016b70000)]
  0x0000000015346800 JavaThread "C2 CompilerThread0" daemon [_thread_in_native, id=4984, stack(0x0000000016970000,0x0000000016a70000)]
  0x0000000015345000 JavaThread "Attach Listener" daemon [_thread_blocked, id=1312, stack(0x0000000016870000,0x0000000016970000)]
  0x0000000015344000 JavaThread "Signal Dispatcher" daemon [_thread_blocked, id=2284, stack(0x0000000016770000,0x0000000016870000)]
  0x0000000002c65000 JavaThread "Finalizer" daemon [_thread_blocked, id=2260, stack(0x0000000016590000,0x0000000016690000)]
  0x0000000002c60000 JavaThread "Reference Handler" daemon [_thread_blocked, id=940, stack(0x0000000016490000,0x0000000016590000)]
  0x0000000002b70800 JavaThread "main" [_thread_blocked, id=3668, stack(0x0000000002a70000,0x0000000002b70000)]

Other Threads:
  0x0000000015306800 VMThread [stack: 0x0000000016390000,0x0000000016490000] [id=980]
  0x0000000016c89000 WatcherThread [stack: 0x0000000017170000,0x0000000017270000] [id=4944]

VM state:not at safepoint (normal execution)

VM Mutex/Monitor currently owned by a thread: None

Heap:
 PSYoungGen      total 18944K, used 14302K [0x00000000eab00000, 0x00000000ec000000, 0x0000000100000000)
  eden space 16384K, 71% used [0x00000000eab00000,0x00000000eb679c08,0x00000000ebb00000)
  from space 2560K, 99% used [0x00000000ebb00000,0x00000000ebd7dc80,0x00000000ebd80000)
  to   space 2560K, 0% used [0x00000000ebd80000,0x00000000ebd80000,0x00000000ec000000)
 ParOldGen       total 44032K, used 1700K [0x00000000c0000000, 0x00000000c2b00000, 0x00000000eab00000)
  object space 44032K, 3% used [0x00000000c0000000,0x00000000c01a91b8,0x00000000c2b00000)
 Metaspace       used 5956K, capacity 6896K, committed 7040K, reserved 1056768K
  class space    used 575K, capacity 616K, committed 640K, reserved 1048576K

Card table byte_map: [0x0000000012030000,0x0000000012240000] byte_map_base: 0x0000000011a30000

Marking Bits: (ParMarkBitMap*) 0x00000000538d9d00
 Begin Bits: [0x00000000127a0000, 0x00000000137a0000)
 End Bits:   [0x00000000137a0000, 0x00000000147a0000)

Polling page: 0x00000000012f0000

CodeCache: size=245760Kb used=5030Kb max_used=5030Kb free=240729Kb
 bounds [0x0000000002c70000, 0x0000000003160000, 0x0000000011c70000]
 total_blobs=1520 nmethods=1253 adapters=181
 compilation: enabled

Compilation events (10 events):
Event: 4.233 Thread 0x000000001539b000 nmethod 1253 0x0000000003158090 code [0x0000000003158420, 0x000000000315a348]
Event: 4.233 Thread 0x000000001539b000 1255       3       com.android.dx.cf.code.OneLocalsArray::getMaxLocals (6 bytes)
Event: 4.233 Thread 0x000000001539b000 nmethod 1255 0x000000000314d110 code [0x000000000314d260, 0x000000000314d3b0]
Event: 4.233 Thread 0x000000001539b000 1254       3       com.android.dx.util.LabeledList::removeLabel (10 bytes)
Event: 4.233 Thread 0x000000001539b000 nmethod 1254 0x0000000003155590 code [0x0000000003155700, 0x0000000003155928]
Event: 4.234 Thread 0x000000001539b000 1258       3       com.android.dx.cf.code.BasicBlocker::visitNoArgs (298 bytes)
Event: 4.236 Thread 0x000000001539b000 nmethod 1258 0x000000000315b910 code [0x000000000315bb80, 0x000000000315c938]
Event: 4.237 Thread 0x000000001539b000 1259       3       com.android.dx.util.FixedSizeList::shrinkToFit (103 bytes)
Event: 4.238 Thread 0x000000001539b000 nmethod 1259 0x000000000315d510 code [0x000000000315d6c0, 0x000000000315df48]
Event: 4.558 Thread 0x000000001539b000 1260       3       com.android.dx.cf.code.Simulator$SimVisitor::visitNoArgs (2136 bytes)

GC Heap History (2 events):
Event: 3.083 GC heap before
{Heap before GC invocations=1 (full 0):
 PSYoungGen      total 18944K, used 16384K [0x00000000eab00000, 0x00000000ec000000, 0x0000000100000000)
  eden space 16384K, 100% used [0x00000000eab00000,0x00000000ebb00000,0x00000000ebb00000)
  from space 2560K, 0% used [0x00000000ebd80000,0x00000000ebd80000,0x00000000ec000000)
  to   space 2560K, 0% used [0x00000000ebb00000,0x00000000ebb00000,0x00000000ebd80000)
 ParOldGen       total 44032K, used 0K [0x00000000c0000000, 0x00000000c2b00000, 0x00000000eab00000)
  object space 44032K, 0% used [0x00000000c0000000,0x00000000c0000000,0x00000000c2b00000)
 Metaspace       used 5699K, capacity 6704K, committed 6784K, reserved 1056768K
  class space    used 570K, capacity 616K, committed 640K, reserved 1048576K
Event: 3.099 GC heap after
Heap after GC invocations=1 (full 0):
 PSYoungGen      total 18944K, used 2551K [0x00000000eab00000, 0x00000000ec000000, 0x0000000100000000)
  eden space 16384K, 0% used [0x00000000eab00000,0x00000000eab00000,0x00000000ebb00000)
  from space 2560K, 99% used [0x00000000ebb00000,0x00000000ebd7dc80,0x00000000ebd80000)
  to   space 2560K, 0% used [0x00000000ebd80000,0x00000000ebd80000,0x00000000ec000000)
 ParOldGen       total 44032K, used 1700K [0x00000000c0000000, 0x00000000c2b00000, 0x00000000eab00000)
  object space 44032K, 3% used [0x00000000c0000000,0x00000000c01a91b8,0x00000000c2b00000)
 Metaspace       used 5699K, capacity 6704K, committed 6784K, reserved 1056768K
  class space    used 570K, capacity 616K, committed 640K, reserved 1048576K
}

Deoptimization events (10 events):
Event: 2.489 Thread 0x0000000002b70800 Uncommon trap: reason=class_check action=maybe_recompile pc=0x0000000002f02f30 method=com.android.dx.ssa.NormalSsaInsn.accept(Lcom/android/dx/ssa/SsaInsn$Visitor;)V @ 9
Event: 2.489 Thread 0x0000000002b70800 Uncommon trap: reason=class_check action=maybe_recompile pc=0x0000000002f02f30 method=com.android.dx.ssa.NormalSsaInsn.accept(Lcom/android/dx/ssa/SsaInsn$Visitor;)V @ 9
Event: 2.489 Thread 0x0000000002b70800 Uncommon trap: reason=class_check action=maybe_recompile pc=0x0000000002f02f30 method=com.android.dx.ssa.NormalSsaInsn.accept(Lcom/android/dx/ssa/SsaInsn$Visitor;)V @ 9
Event: 2.514 Thread 0x0000000002b70800 Uncommon trap: reason=unstable_if action=reinterpret pc=0x0000000002e8f270 method=java.util.BitSet.nextSetBit(I)I @ 87
Event: 2.519 Thread 0x0000000002b70800 Uncommon trap: reason=unstable_if action=reinterpret pc=0x0000000002e78fa8 method=java.util.HashMap.getNode(ILjava/lang/Object;)Ljava/util/HashMap$Node; @ 62
Event: 2.874 Thread 0x0000000016eb3000 Uncommon trap: reason=unstable_if action=reinterpret pc=0x0000000002f595a4 method=com.android.dx.rop.code.RegisterSpec.equals(ILcom/android/dx/rop/type/TypeBearer;Lcom/android/dx/rop/code/LocalItem;)Z @ 16
Event: 3.115 Thread 0x0000000016eb3000 Uncommon trap: reason=unstable_if action=reinterpret pc=0x0000000002f013b4 method=java.util.BitSet.ensureCapacity(I)V @ 6
Event: 3.540 Thread 0x0000000016eb3000 Uncommon trap: reason=unstable_if action=reinterpret pc=0x0000000002fa8d38 method=com.android.dx.rop.code.RegisterSpec.equals(ILcom/android/dx/rop/type/TypeBearer;Lcom/android/dx/rop/code/LocalItem;)Z @ 16
Event: 3.540 Thread 0x0000000016eb3000 Uncommon trap: reason=unstable_if action=reinterpret pc=0x0000000002f02770 method=java.util.HashMap.getNode(ILjava/lang/Object;)Ljava/util/HashMap$Node; @ 62
Event: 3.541 Thread 0x0000000016eb3000 Uncommon trap: reason=unstable_if action=reinterpret pc=0x0000000003053938 method=com.android.dx.cf.code.Ropper.labelToResultIndex(I)I @ 34

Internal exceptions (2 events):
Event: 0.076 Thread 0x0000000002b70800 Exception <a 'java/lang/NoSuchMethodError': Method sun.misc.Unsafe.defineClass(Ljava/lang/String;[BII)Ljava/lang/Class; name or signature does not match> (0x00000000eab07cc0) thrown at [C:\src\android\AOSP-openjdk\external\jetbrains\jdk\hotspot\src\share\vJ*‡Š³?
Event: 0.076 Thread 0x0000000002b70800 Exception <a 'java/lang/NoSuchMethodError': Method sun.misc.Unsafe.prefetchRead(Ljava/lang/Object;J)V name or signature does not match> (0x00000000eab07fa8) thrown at [C:\src\android\AOSP-openjdk\external\jetbrains\jdk\hotspot\src\share\vm\prims\jni.cpp, l

Events (10 events):
Event: 3.541 Thread 0x0000000016eb3000 Uncommon trap: trap_request=0xffffff65 fr.pc=0x0000000003053938
Event: 3.541 Thread 0x0000000016eb3000 DEOPT PACKING pc=0x0000000003053938 sp=0x000000001736ee80
Event: 3.541 Thread 0x0000000016eb3000 DEOPT UNPACKING pc=0x0000000002cb556a sp=0x000000001736ee28 mode 2
Event: 3.712 loading class com/android/dx/cf/attrib/AttEnclosingMethod
Event: 3.712 loading class com/android/dx/cf/attrib/AttEnclosingMethod done
Event: 4.226 loading class java/util/HashMap$KeySet
Event: 4.238 Executing VM operation: EnableBiasedLocking
Event: 4.557 Executing VM operation: EnableBiasedLocking done
Event: 4.558 loading class java/util/HashMap$KeySet done
Event: 4.558 loading class java/util/HashMap$KeyIterator


Dynamic libraries:
0x00007ff7bbf40000 - 0x00007ff7bbf71000 	C:\Program Files\Android\Android Studio\jre\bin\java.exe
0x00007ff80bf10000 - 0x00007ff80c0bd000 	C:\windows\SYSTEM32\ntdll.dll
0x00007ff809590000 - 0x00007ff8096ce000 	C:\windows\system32\KERNEL32.DLL
0x00007ff809100000 - 0x00007ff809215000 	C:\windows\system32\KERNELBASE.dll
0x00007ff8098e0000 - 0x00007ff80998a000 	C:\windows\system32\ADVAPI32.dll
0x00007ff80b290000 - 0x00007ff80b407000 	C:\windows\system32\USER32.dll
0x00007ff806020000 - 0x00007ff80629b000 	C:\windows\WinSxS\amd64_microsoft.windows.common-controls_6595b64144ccf1df_6.0.9600.18006_none_623f33d3ecbe86e8\COMCTL32.dll
0x00007ff80b420000 - 0x00007ff80b4ca000 	C:\windows\system32\msvcrt.dll
0x00007ff80b6b0000 - 0x00007ff80b709000 	C:\windows\SYSTEM32\sechost.dll
0x00007ff8097a0000 - 0x00007ff8098e0000 	C:\windows\system32\RPCRT4.dll
0x00007ff80b860000 - 0x00007ff80b9af000 	C:\windows\system32\GDI32.dll
0x00007ff809560000 - 0x00007ff80958e000 	C:\windows\system32\SspiCli.dll
0x00007ff80b250000 - 0x00007ff80b286000 	C:\windows\system32\IMM32.DLL
0x00007ff80bdb0000 - 0x00007ff80bf02000 	C:\windows\system32\MSCTF.dll
0x0000000052f60000 - 0x0000000053032000 	C:\Program Files\Android\Android Studio\jre\jre\bin\msvcr100.dll
0x0000000053120000 - 0x0000000053954000 	C:\Program Files\Android\Android Studio\jre\jre\bin\server\jvm.dll
0x00007ff800dc0000 - 0x00007ff800dc9000 	C:\windows\SYSTEM32\WSOCK32.dll
0x00007ff804300000 - 0x00007ff804322000 	C:\windows\SYSTEM32\WINMM.dll
0x00007ff801630000 - 0x00007ff80163a000 	C:\windows\SYSTEM32\VERSION.dll
0x00007ff80b4e0000 - 0x00007ff80b4e7000 	C:\windows\system32\PSAPI.DLL
0x00007ff80ba10000 - 0x00007ff80ba6a000 	C:\windows\system32\WS2_32.dll
0x00007ff8042d0000 - 0x00007ff8042fa000 	C:\windows\SYSTEM32\WINMMBASE.dll
0x00007ff80b4d0000 - 0x00007ff80b4d9000 	C:\windows\system32\NSI.dll
0x00007ff809220000 - 0x00007ff80926f000 	C:\windows\SYSTEM32\cfgmgr32.dll
0x00007ff807e50000 - 0x00007ff807e78000 	C:\windows\SYSTEM32\DEVOBJ.dll
0x00007ff804e20000 - 0x00007ff804e2f000 	C:\Program Files\Android\Android Studio\jre\jre\bin\verify.dll
0x00007ff803cc0000 - 0x00007ff803ce9000 	C:\Program Files\Android\Android Studio\jre\jre\bin\java.dll
0x00007ff8049d0000 - 0x00007ff8049e6000 	C:\Program Files\Android\Android Studio\jre\jre\bin\zip.dll
0x00007ff809b30000 - 0x00007ff80b058000 	C:\windows\system32\SHELL32.dll
0x00007ff80bb90000 - 0x00007ff80bda1000 	C:\windows\SYSTEM32\combase.dll
0x00007ff80b9b0000 - 0x00007ff80ba04000 	C:\windows\system32\SHLWAPI.dll
0x00007ff8073b0000 - 0x00007ff807462000 	C:\windows\SYSTEM32\SHCORE.dll
0x00007ff809030000 - 0x00007ff809045000 	C:\windows\SYSTEM32\profapi.dll

VM Arguments:
jvm_args: -Djava.awt.headless=true -Xmx1024M -Dfile.encoding=windows-1252 -Duser.country=US -Duser.language=en -Duser.variant 
java_command: com.android.dx.command.Main --dex --verbose --force-jumbo --num-threads=4 --multi-dex --output C:\Users\bruh\Desktop\COMP150-MOB\QueueR\app\build\intermediates\transforms\dex\debug\folders\1000\10\com.google.firebase-firebase-auth-9.4.0_09f7e06766c8e3d5e7f5c61b040a940c02662c44 C:\Users\bruh\Desktop\COMP150-MOB\QueueR\app\build\intermediates\exploded-aar\com.google.firebase\firebase-auth\9.4.0\jars\classes.jar
java_class_path (initial): C:\Users\bruh\AppData\Local\Android\sdk\build-tools\24.0.1\lib\dx.jar
Launcher Type: SUN_STANDARD

Environment Variables:
PATH=C:\Program Files\Java\jdk1.8.0_101\bin\;C:\ProgramData\Oracle\Java\javapath;C:\windows\system32;C:\windows;C:\windows\System32\Wbem;C:\windows\System32\WindowsPowerShell\v1.0\;C:\Program Files\nodejs\;C:\Program Files (x86)\Heroku\bin;C:\Program Files (x86)\git\cmd;C:\Users\bruh\AppData\Roaming\npm;C:\Program Files (x86)\Skype\Phone\;C:\Program Files (x86)\GtkSharp\2.12\bin;C:\Program Files\Java\jdk1.8.0_101\bin\
USERNAME=bruh
OS=Windows_NT
PROCESSOR_IDENTIFIER=Intel64 Family 6 Model 69 Stepping 1, GenuineIntel



---------------  S Y S T E M  ---------------

OS: Windows 8.1 , 64 bit Build 9600 (6.3.9600.17415)

CPU:total 4 (2 cores per cpu, 2 threads per core) family 6 model 69 stepping 1, cmov, cx8, fxsr, mmx, sse, sse2, sse3, ssse3, sse4.1, sse4.2, popcnt, avx, avx2, aes, clmul, erms, lzcnt, ht, tsc, tscinvbit, bmi1, bmi2

Memory: 4k page, physical 4097056k(191316k free), swap 7242784k(5012k free)

vm_info: OpenJDK 64-Bit Server VM (25.76-b03) for windows-amd64 JRE (1.8.0_76-release-b03), built on Jun 29 2016 19:09:20 by "ralucas" with MS VC++ 10.0 (VS2010)

time: Wed Dec 14 23:17:01 2016
elapsed time: 4 seconds (0d 0h 0m 4s)

