#
# There is insufficient memory for the Java Runtime Environment to continue.
# Native memory allocation (malloc) failed to allocate 888576 bytes for Chunk::new
# Possible reasons:
#   The system is out of physical RAM or swap space
#   In 32 bit mode, the process size limit was hit
# Possible solutions:
#   Reduce memory load on the system
#   Increase physical memory or swap space
#   Check if swap backing store is full
#   Use 64 bit Java on a 64 bit OS
#   Decrease Java heap size (-Xmx/-Xms)
#   Decrease number of Java threads
#   Decrease Java thread stack sizes (-Xss)
#   Set larger code cache with -XX:ReservedCodeCacheSize=
# This output file may be truncated or incomplete.
#
#  Out of Memory Error (allocation.cpp:390), pid=5780, tid=0x00000000000012fc
#
# JRE version: OpenJDK Runtime Environment (8.0_76-b03) (build 1.8.0_76-release-b03)
# Java VM: OpenJDK 64-Bit Server VM (25.76-b03 mixed mode windows-amd64 compressed oops)
# Failed to write core dump. Minidumps are not enabled by default on client versions of Windows
#

---------------  T H R E A D  ---------------

Current thread (0x0000000015168000):  JavaThread "C2 CompilerThread0" daemon [_thread_in_native, id=4860, stack(0x0000000016790000,0x0000000016890000)]

Stack: [0x0000000016790000,0x0000000016890000]
[error occurred during error reporting (printing stack bounds), id 0xc0000005]

Native frames: (J=compiled Java code, j=interpreted, Vv=VM code, C=native code)


Current CompileTask:
C2:   9412 1442       4       com.android.dx.dex.code.OutputFinisher::addConstants (93 bytes)


---------------  P R O C E S S  ---------------

Java Threads: ( => current thread )
  0x0000000016c0a000 JavaThread "pool-1-thread-1" [_thread_in_vm, id=7092, stack(0x0000000017090000,0x0000000017190000)]
  0x0000000016a9c000 JavaThread "Service Thread" daemon [_thread_blocked, id=1044, stack(0x0000000016e90000,0x0000000016f90000)]
  0x00000000151b9000 JavaThread "C1 CompilerThread2" daemon [_thread_blocked, id=5892, stack(0x0000000016990000,0x0000000016a90000)]
  0x00000000151b5800 JavaThread "C2 CompilerThread1" daemon [_thread_in_native, id=5608, stack(0x0000000016890000,0x0000000016990000)]
=>0x0000000015168000 JavaThread "C2 CompilerThread0" daemon [_thread_in_native, id=4860, stack(0x0000000016790000,0x0000000016890000)]
  0x0000000015167000 JavaThread "Attach Listener" daemon [_thread_blocked, id=2796, stack(0x0000000016690000,0x0000000016790000)]
  0x0000000015164000 JavaThread "Signal Dispatcher" daemon [_thread_blocked, id=1972, stack(0x0000000016590000,0x0000000016690000)]
  0x0000000002a8b000 JavaThread "Finalizer" daemon [_thread_blocked, id=624, stack(0x00000000163b0000,0x00000000164b0000)]
  0x0000000002a80000 JavaThread "Reference Handler" daemon [_thread_blocked, id=4876, stack(0x00000000162b0000,0x00000000163b0000)]
  0x0000000002990800 JavaThread "main" [_thread_blocked, id=4748, stack(0x0000000002890000,0x0000000002990000)]

Other Threads:
  0x0000000015126800 VMThread [stack: 0x00000000161b0000,0x00000000162b0000] [id=6660]
  0x0000000016a92000 WatcherThread [stack: 0x0000000016f90000,0x0000000017090000] [id=6780]

VM state:not at safepoint (normal execution)

VM Mutex/Monitor currently owned by a thread: None

Heap:
 PSYoungGen      total 35328K, used 28343K [0x00000000eab00000, 0x00000000ed000000, 0x0000000100000000)
  eden space 32768K, 78% used [0x00000000eab00000,0x00000000ec434360,0x00000000ecb00000)
  from space 2560K, 99% used [0x00000000ecd80000,0x00000000ecff9c70,0x00000000ed000000)
  to   space 2560K, 0% used [0x00000000ecb00000,0x00000000ecb00000,0x00000000ecd80000)
 ParOldGen       total 44032K, used 4621K [0x00000000c0000000, 0x00000000c2b00000, 0x00000000eab00000)
  object space 44032K, 10% used [0x00000000c0000000,0x00000000c0483758,0x00000000c2b00000)
 Metaspace       used 6048K, capacity 7024K, committed 7296K, reserved 1056768K
  class space    used 579K, capacity 616K, committed 640K, reserved 1048576K

Card table byte_map: [0x0000000011e50000,0x0000000012060000] byte_map_base: 0x0000000011850000

Marking Bits: (ParMarkBitMap*) 0x00000000538d9d00
 Begin Bits: [0x00000000125c0000, 0x00000000135c0000)
 End Bits:   [0x00000000135c0000, 0x00000000145c0000)

Polling page: 0x0000000002810000

CodeCache: size=245760Kb used=6047Kb max_used=6059Kb free=239712Kb
 bounds [0x0000000002a90000, 0x0000000003080000, 0x0000000011a90000]
 total_blobs=1692 nmethods=1424 adapters=182
 compilation: enabled

Compilation events (10 events):
Event: 9.215 Thread 0x0000000015168000 1442       4       com.android.dx.dex.code.OutputFinisher::addConstants (93 bytes)
Event: 9.265 Thread 0x00000000151b9000 1443       3       java.util.HashMap::tableSizeFor (59 bytes)
Event: 9.266 Thread 0x00000000151b9000 nmethod 1443 0x00000000030723d0 code [0x0000000003072540, 0x0000000003072750]
Event: 9.266 Thread 0x00000000151b9000 1444       3       com.android.dx.rop.cst.CstType::<init> (46 bytes)
Event: 9.267 Thread 0x00000000151b9000 nmethod 1444 0x000000000307ad10 code [0x000000000307aec0, 0x000000000307b358]
Event: 9.267 Thread 0x00000000151b5800 1445       4       java.util.HashMap::putVal (300 bytes)
Event: 9.286 Thread 0x00000000151b5800 nmethod 1445 0x000000000307e950 code [0x000000000307eb00, 0x000000000307f2d8]
Event: 9.286 Thread 0x00000000151b5800 1446       4       com.android.dx.dex.code.OutputFinisher::addConstants (68 bytes)
Event: 9.392 Thread 0x00000000151b9000 1449       1       com.android.dx.dex.file.DexFile::getByteData (5 bytes)
Event: 9.392 Thread 0x00000000151b9000 nmethod 1449 0x000000000307e690 code [0x000000000307e7e0, 0x000000000307e8f0]

GC Heap History (4 events):
Event: 2.154 GC heap before
{Heap before GC invocations=1 (full 0):
 PSYoungGen      total 18944K, used 16384K [0x00000000eab00000, 0x00000000ec000000, 0x0000000100000000)
  eden space 16384K, 100% used [0x00000000eab00000,0x00000000ebb00000,0x00000000ebb00000)
  from space 2560K, 0% used [0x00000000ebd80000,0x00000000ebd80000,0x00000000ec000000)
  to   space 2560K, 0% used [0x00000000ebb00000,0x00000000ebb00000,0x00000000ebd80000)
 ParOldGen       total 44032K, used 0K [0x00000000c0000000, 0x00000000c2b00000, 0x00000000eab00000)
  object space 44032K, 0% used [0x00000000c0000000,0x00000000c0000000,0x00000000c2b00000)
 Metaspace       used 5676K, capacity 6704K, committed 6784K, reserved 1056768K
  class space    used 570K, capacity 616K, committed 640K, reserved 1048576K
Event: 2.270 GC heap after
Heap after GC invocations=1 (full 0):
 PSYoungGen      total 18944K, used 2551K [0x00000000eab00000, 0x00000000ed000000, 0x0000000100000000)
  eden space 16384K, 0% used [0x00000000eab00000,0x00000000eab00000,0x00000000ebb00000)
  from space 2560K, 99% used [0x00000000ebb00000,0x00000000ebd7dc60,0x00000000ebd80000)
  to   space 2560K, 0% used [0x00000000ecd80000,0x00000000ecd80000,0x00000000ed000000)
 ParOldGen       total 44032K, used 1864K [0x00000000c0000000, 0x00000000c2b00000, 0x00000000eab00000)
  object space 44032K, 4% used [0x00000000c0000000,0x00000000c01d22f8,0x00000000c2b00000)
 Metaspace       used 5676K, capacity 6704K, committed 6784K, reserved 1056768K
  class space    used 570K, capacity 616K, committed 640K, reserved 1048576K
}
Event: 3.489 GC heap before
{Heap before GC invocations=2 (full 0):
 PSYoungGen      total 18944K, used 18935K [0x00000000eab00000, 0x00000000ed000000, 0x0000000100000000)
  eden space 16384K, 100% used [0x00000000eab00000,0x00000000ebb00000,0x00000000ebb00000)
  from space 2560K, 99% used [0x00000000ebb00000,0x00000000ebd7dc60,0x00000000ebd80000)
  to   space 2560K, 0% used [0x00000000ecd80000,0x00000000ecd80000,0x00000000ed000000)
 ParOldGen       total 44032K, used 1864K [0x00000000c0000000, 0x00000000c2b00000, 0x00000000eab00000)
  object space 44032K, 4% used [0x00000000c0000000,0x00000000c01d22f8,0x00000000c2b00000)
 Metaspace       used 5908K, capacity 6896K, committed 7040K, reserved 1056768K
  class space    used 572K, capacity 616K, committed 640K, reserved 1048576K
Event: 3.744 GC heap after
Heap after GC invocations=2 (full 0):
 PSYoungGen      total 35328K, used 2535K [0x00000000eab00000, 0x00000000ed000000, 0x0000000100000000)
  eden space 32768K, 0% used [0x00000000eab00000,0x00000000eab00000,0x00000000ecb00000)
  from space 2560K, 99% used [0x00000000ecd80000,0x00000000ecff9c70,0x00000000ed000000)
  to   space 2560K, 0% used [0x00000000ecb00000,0x00000000ecb00000,0x00000000ecd80000)
 ParOldGen       total 44032K, used 4621K [0x00000000c0000000, 0x00000000c2b00000, 0x00000000eab00000)
  object space 44032K, 10% used [0x00000000c0000000,0x00000000c0483758,0x00000000c2b00000)
 Metaspace       used 5908K, capacity 6896K, committed 7040K, reserved 1056768K
  class space    used 572K, capacity 616K, committed 640K, reserved 1048576K
}

Deoptimization events (10 events):
Event: 8.309 Thread 0x0000000016c0a000 Uncommon trap: reason=bimorphic action=maybe_recompile pc=0x000000000302d94c method=com.android.dx.cf.code.BytecodeArray.parseInstruction(ILcom/android/dx/cf/code/BytecodeArray$Visitor;)I @ 2281
Event: 8.310 Thread 0x0000000016c0a000 Uncommon trap: reason=bimorphic action=maybe_recompile pc=0x000000000302d94c method=com.android.dx.cf.code.BytecodeArray.parseInstruction(ILcom/android/dx/cf/code/BytecodeArray$Visitor;)I @ 2281
Event: 9.024 Thread 0x0000000016c0a000 Uncommon trap: reason=class_check action=maybe_recompile pc=0x0000000002ff47c8 method=java.util.Arrays.hashCode([Ljava/lang/Object;)I @ 43
Event: 9.024 Thread 0x0000000016c0a000 Uncommon trap: reason=class_check action=maybe_recompile pc=0x0000000002ff47c8 method=java.util.Arrays.hashCode([Ljava/lang/Object;)I @ 43
Event: 9.024 Thread 0x0000000016c0a000 Uncommon trap: reason=class_check action=maybe_recompile pc=0x0000000002ff47c8 method=java.util.Arrays.hashCode([Ljava/lang/Object;)I @ 43
Event: 9.025 Thread 0x0000000016c0a000 Uncommon trap: reason=class_check action=maybe_recompile pc=0x0000000002ff47c8 method=java.util.Arrays.hashCode([Ljava/lang/Object;)I @ 43
Event: 9.027 Thread 0x0000000016c0a000 Uncommon trap: reason=class_check action=maybe_recompile pc=0x0000000003000db4 method=java.util.Arrays.hashCode([Ljava/lang/Object;)I @ 43
Event: 9.062 Thread 0x0000000016c0a000 Uncommon trap: reason=bimorphic action=maybe_recompile pc=0x0000000002cc8628 method=java.util.HashMap.getNode(ILjava/lang/Object;)Ljava/util/HashMap$Node; @ 126
Event: 9.062 Thread 0x0000000016c0a000 Uncommon trap: reason=class_check action=maybe_recompile pc=0x0000000002ea3b38 method=java.util.HashMap.putVal(ILjava/lang/Object;Ljava/lang/Object;ZZ)Ljava/lang/Object; @ 203
Event: 9.076 Thread 0x0000000016c0a000 Uncommon trap: reason=unstable_if action=reinterpret pc=0x0000000002ea3594 method=java.util.HashMap.putVal(ILjava/lang/Object;Ljava/lang/Object;ZZ)Ljava/lang/Object; @ 94

Internal exceptions (3 events):
Event: 0.225 Thread 0x0000000002990800 Exception <a 'java/lang/NoSuchMethodError': Method sun.misc.Unsafe.defineClass(Ljava/lang/String;[BII)Ljava/lang/Class; name or signature does not match> (0x00000000eab07cc0) thrown at [C:\src\android\AOSP-openjdk\external\jetbrains\jdk\hotspot\src\share\v3"дdкл?
Event: 0.225 Thread 0x0000000002990800 Exception <a 'java/lang/NoSuchMethodError': Method sun.misc.Unsafe.prefetchRead(Ljava/lang/Object;J)V name or signature does not match> (0x00000000eab07fa8) thrown at [C:\src\android\AOSP-openjdk\external\jetbrains\jdk\hotspot\src\share\vm\prims\jni.cpp, lИ1┐Ч{@
Event: 2.311 Thread 0x0000000016c20000 Implicit null exception at 0x0000000002d8b5eb to 0x0000000002d8df1d

Events (10 events):
Event: 9.062 Thread 0x0000000016c0a000 DEOPT PACKING pc=0x0000000002cc8628 sp=0x000000001718e840
Event: 9.062 Thread 0x0000000016c0a000 DEOPT UNPACKING pc=0x0000000002ad556a sp=0x000000001718e768 mode 2
Event: 9.062 Thread 0x0000000016c0a000 Uncommon trap: trap_request=0xffffffde fr.pc=0x0000000002ea3b38
Event: 9.062 Thread 0x0000000016c0a000 DEOPT PACKING pc=0x0000000002ea3b38 sp=0x000000001718e7e0
Event: 9.062 Thread 0x0000000016c0a000 DEOPT UNPACKING pc=0x0000000002ad556a sp=0x000000001718e758 mode 2
Event: 9.067 loading class com/android/dx/dex/file/CatchStructs
Event: 9.067 loading class com/android/dx/dex/file/CatchStructs done
Event: 9.076 Thread 0x0000000016c0a000 Uncommon trap: trap_request=0xffffff65 fr.pc=0x0000000002ea3594
Event: 9.076 Thread 0x0000000016c0a000 DEOPT PACKING pc=0x0000000002ea3594 sp=0x000000001718e640
Event: 9.076 Thread 0x0000000016c0a000 DEOPT UNPACKING pc=0x0000000002ad556a sp=0x000000001718e5c0 mode 2


Dynamic libraries:
0x00007ff7bbf40000 - 0x00007ff7bbf71000 	C:\Program Files\Android\Android Studio\jre\bin\java.exe
0x00007ff80bf10000 - 0x00007ff80c0bd000 	C:\windows\SYSTEM32\ntdll.dll
0x00007ff809590000 - 0x00007ff8096ce000 	C:\windows\system32\KERNEL32.DLL
0x00007ff809100000 - 0x00007ff809215000 	C:\windows\system32\KERNELBASE.dll
0x00007ff8098e0000 - 0x00007ff80998a000 	C:\windows\system32\ADVAPI32.dll
0x00007ff80b290000 - 0x00007ff80b407000 	C:\windows\system32\USER32.dll
0x00007ff806020000 - 0x00007ff80629b000 	C:\windows\WinSxS\amd64_microsoft.windows.common-controls_6595b64144ccf1df_6.0.9600.18006_none_623f33d3ecbe86e8\COMCTL32.dll
0x00007ff80b420000 - 0x00007ff80b4ca000 	C:\windows\system32\msvcrt.dll
0x00007ff80b6b0000 - 0x00007ff80b709000 	C:\windows\SYSTEM32\sechost.dll
0x00007ff8097a0000 - 0x00007ff8098e0000 	C:\windows\system32\RPCRT4.dll
0x00007ff80b860000 - 0x00007ff80b9af000 	C:\windows\system32\GDI32.dll
0x00007ff809560000 - 0x00007ff80958e000 	C:\windows\system32\SspiCli.dll
0x00007ff80b250000 - 0x00007ff80b286000 	C:\windows\system32\IMM32.DLL
0x00007ff80bdb0000 - 0x00007ff80bf02000 	C:\windows\system32\MSCTF.dll
0x0000000052f60000 - 0x0000000053032000 	C:\Program Files\Android\Android Studio\jre\jre\bin\msvcr100.dll
0x0000000053120000 - 0x0000000053954000 	C:\Program Files\Android\Android Studio\jre\jre\bin\server\jvm.dll
0x00007ff800dc0000 - 0x00007ff800dc9000 	C:\windows\SYSTEM32\WSOCK32.dll
0x00007ff804300000 - 0x00007ff804322000 	C:\windows\SYSTEM32\WINMM.dll
0x00007ff801630000 - 0x00007ff80163a000 	C:\windows\SYSTEM32\VERSION.dll
0x00007ff80b4e0000 - 0x00007ff80b4e7000 	C:\windows\system32\PSAPI.DLL
0x00007ff80ba10000 - 0x00007ff80ba6a000 	C:\windows\system32\WS2_32.dll
0x00007ff8042d0000 - 0x00007ff8042fa000 	C:\windows\SYSTEM32\WINMMBASE.dll
0x00007ff80b4d0000 - 0x00007ff80b4d9000 	C:\windows\system32\NSI.dll
0x00007ff809220000 - 0x00007ff80926f000 	C:\windows\SYSTEM32\cfgmgr32.dll
0x00007ff807e50000 - 0x00007ff807e78000 	C:\windows\SYSTEM32\DEVOBJ.dll
0x00007ff804e20000 - 0x00007ff804e2f000 	C:\Program Files\Android\Android Studio\jre\jre\bin\verify.dll
0x00007ff803cc0000 - 0x00007ff803ce9000 	C:\Program Files\Android\Android Studio\jre\jre\bin\java.dll
0x00007ff802cb0000 - 0x00007ff802cc6000 	C:\Program Files\Android\Android Studio\jre\jre\bin\zip.dll
0x00007ff809b30000 - 0x00007ff80b058000 	C:\windows\system32\SHELL32.dll
0x00007ff80bb90000 - 0x00007ff80bda1000 	C:\windows\SYSTEM32\combase.dll
0x00007ff80b9b0000 - 0x00007ff80ba04000 	C:\windows\system32\SHLWAPI.dll
0x00007ff8073b0000 - 0x00007ff807462000 	C:\windows\SYSTEM32\SHCORE.dll
0x00007ff809030000 - 0x00007ff809045000 	C:\windows\SYSTEM32\profapi.dll

VM Arguments:
jvm_args: -Djava.awt.headless=true -Xmx1024M -Dfile.encoding=windows-1252 -Duser.country=US -Duser.language=en -Duser.variant 
java_command: com.android.dx.command.Main --dex --verbose --force-jumbo --num-threads=4 --multi-dex --output C:\Users\bruh\Desktop\COMP150-MOB\QueueR\app\build\intermediates\transforms\dex\debug\folders\1000\10\instant-run_6796f74e1e2d7dabc351866961815c48910f57d5 C:\Users\bruh\Desktop\COMP150-MOB\QueueR\app\build\intermediates\incremental-runtime-classes\debug\instant-run.jar
java_class_path (initial): C:\Users\bruh\AppData\Local\Android\sdk\build-tools\24.0.1\lib\dx.jar
Launcher Type: SUN_STANDARD

Environment Variables:
PATH=C:\Program Files\Java\jdk1.8.0_101\bin\;C:\ProgramData\Oracle\Java\javapath;C:\windows\system32;C:\windows;C:\windows\System32\Wbem;C:\windows\System32\WindowsPowerShell\v1.0\;C:\Program Files\nodejs\;C:\Program Files (x86)\Heroku\bin;C:\Program Files (x86)\git\cmd;C:\Users\bruh\AppData\Roaming\npm;C:\Program Files (x86)\Skype\Phone\;C:\Program Files (x86)\GtkSharp\2.12\bin;C:\Program Files\Java\jdk1.8.0_101\bin\
USERNAME=bruh
OS=Windows_NT
PROCESSOR_IDENTIFIER=Intel64 Family 6 Model 69 Stepping 1, GenuineIntel



---------------  S Y S T E M  ---------------

OS: Windows 8.1 , 64 bit Build 9600 (6.3.9600.17415)

CPU:total 4 (2 cores per cpu, 2 threads per core) family 6 model 69 stepping 1, cmov, cx8, fxsr, mmx, sse, sse2, sse3, ssse3, sse4.1, sse4.2, popcnt, avx, avx2, aes, clmul, erms, lzcnt, ht, tsc, tscinvbit, bmi1, bmi2

Memory: 4k page, physical 4097056k(193532k free), swap 7242784k(10020k free)

vm_info: OpenJDK 64-Bit Server VM (25.76-b03) for windows-amd64 JRE (1.8.0_76-release-b03), built on Jun 29 2016 19:09:20 by "ralucas" with MS VC++ 10.0 (VS2010)

time: Wed Dec 14 21:50:54 2016
elapsed time: 9 seconds (0d 0h 0m 9s)

