#
# There is insufficient memory for the Java Runtime Environment to continue.
# Native memory allocation (malloc) failed to allocate 106496 bytes for Chunk::new
# Possible reasons:
#   The system is out of physical RAM or swap space
#   In 32 bit mode, the process size limit was hit
# Possible solutions:
#   Reduce memory load on the system
#   Increase physical memory or swap space
#   Check if swap backing store is full
#   Use 64 bit Java on a 64 bit OS
#   Decrease Java heap size (-Xmx/-Xms)
#   Decrease number of Java threads
#   Decrease Java thread stack sizes (-Xss)
#   Set larger code cache with -XX:ReservedCodeCacheSize=
# This output file may be truncated or incomplete.
#
#  Out of Memory Error (allocation.cpp:390), pid=2752, tid=0x0000000000000238
#
# JRE version: OpenJDK Runtime Environment (8.0_76-b03) (build 1.8.0_76-release-b03)
# Java VM: OpenJDK 64-Bit Server VM (25.76-b03 mixed mode windows-amd64 compressed oops)
# Failed to write core dump. Minidumps are not enabled by default on client versions of Windows
#

---------------  T H R E A D  ---------------

Current thread (0x0000000014805800):  JavaThread "C2 CompilerThread1" daemon [_thread_in_native, id=568, stack(0x0000000015f00000,0x0000000016000000)]

Stack: [0x0000000015f00000,0x0000000016000000]
[error occurred during error reporting (printing stack bounds), id 0xc0000005]

Native frames: (J=compiled Java code, j=interpreted, Vv=VM code, C=native code)


Current CompileTask:
C2:   3837  876       4       com.android.dx.util.FixedSizeList::equals (41 bytes)


---------------  P R O C E S S  ---------------

Java Threads: ( => current thread )
  0x0000000016346800 JavaThread "pool-2-thread-4" [_thread_in_Java, id=2816, stack(0x0000000016b00000,0x0000000016c00000)]
  0x0000000016338800 JavaThread "pool-2-thread-2" [_thread_in_Java, id=3164, stack(0x0000000016900000,0x0000000016a00000)]
  0x0000000016338000 JavaThread "pool-3-thread-1" [_thread_blocked, id=5328, stack(0x0000000016800000,0x0000000016900000)]
  0x0000000016101800 JavaThread "Service Thread" daemon [_thread_blocked, id=6744, stack(0x0000000016500000,0x0000000016600000)]
  0x000000001480c000 JavaThread "C1 CompilerThread2" daemon [_thread_in_native, id=5188, stack(0x0000000016000000,0x0000000016100000)]
=>0x0000000014805800 JavaThread "C2 CompilerThread1" daemon [_thread_in_native, id=568, stack(0x0000000015f00000,0x0000000016000000)]
  0x00000000147b7800 JavaThread "C2 CompilerThread0" daemon [_thread_in_native, id=5196, stack(0x0000000015e00000,0x0000000015f00000)]
  0x00000000147b6000 JavaThread "Attach Listener" daemon [_thread_blocked, id=6048, stack(0x0000000015d00000,0x0000000015e00000)]
  0x00000000147b5000 JavaThread "Signal Dispatcher" daemon [_thread_blocked, id=5980, stack(0x0000000015c00000,0x0000000015d00000)]
  0x00000000020bb000 JavaThread "Finalizer" daemon [_thread_blocked, id=6724, stack(0x0000000015a20000,0x0000000015b20000)]
  0x00000000020b0000 JavaThread "Reference Handler" daemon [_thread_blocked, id=940, stack(0x0000000015920000,0x0000000015a20000)]
  0x0000000001fc0800 JavaThread "main" [_thread_blocked, id=6436, stack(0x0000000001ec0000,0x0000000001fc0000)]

Other Threads:
  0x0000000014776800 VMThread [stack: 0x0000000015820000,0x0000000015920000] [id=1760]
  0x0000000016103800 WatcherThread [stack: 0x0000000016600000,0x0000000016700000] [id=3788]

VM state:not at safepoint (normal execution)

VM Mutex/Monitor currently owned by a thread: None

Heap:
 PSYoungGen      total 18944K, used 14094K [0x00000000eab00000, 0x00000000ec000000, 0x0000000100000000)
  eden space 16384K, 86% used [0x00000000eab00000,0x00000000eb8c3970,0x00000000ebb00000)
  from space 2560K, 0% used [0x00000000ebd80000,0x00000000ebd80000,0x00000000ec000000)
  to   space 2560K, 0% used [0x00000000ebb00000,0x00000000ebb00000,0x00000000ebd80000)
 ParOldGen       total 44032K, used 0K [0x00000000c0000000, 0x00000000c2b00000, 0x00000000eab00000)
  object space 44032K, 0% used [0x00000000c0000000,0x00000000c0000000,0x00000000c2b00000)
 Metaspace       used 5680K, capacity 6768K, committed 7040K, reserved 1056768K
  class space    used 570K, capacity 616K, committed 640K, reserved 1048576K

Card table byte_map: [0x0000000011480000,0x0000000011690000] byte_map_base: 0x0000000010e80000

Marking Bits: (ParMarkBitMap*) 0x00000000538d9d00
 Begin Bits: [0x0000000011bf0000, 0x0000000012bf0000)
 End Bits:   [0x0000000012bf0000, 0x0000000013bf0000)

Polling page: 0x0000000001e60000

CodeCache: size=245760Kb used=3721Kb max_used=3721Kb free=242038Kb
 bounds [0x00000000020c0000, 0x0000000002470000, 0x00000000110c0000]
 total_blobs=1142 nmethods=874 adapters=182
 compilation: enabled

Compilation events (10 events):
Event: 3.829 Thread 0x000000001480c000 nmethod 869 0x0000000002460150 code [0x00000000024605c0, 0x0000000002462cd8]
Event: 3.829 Thread 0x000000001480c000  871       3       com.android.dx.ssa.InterferenceRegisterMapper::addInterfence (62 bytes)
Event: 3.832 Thread 0x000000001480c000 nmethod 871 0x0000000002457f90 code [0x0000000002458260, 0x0000000002459548]
Event: 3.832 Thread 0x000000001480c000  870       3       java.util.BitSet::set (124 bytes)
Event: 3.833 Thread 0x000000001480c000 nmethod 870 0x000000000245d050 code [0x000000000245d220, 0x000000000245d7e8]
Event: 3.833 Thread 0x000000001480c000  872       3       java.util.BitSet::nextClearBit (116 bytes)
Event: 3.834 Thread 0x000000001480c000 nmethod 872 0x000000000245ee90 code [0x000000000245f0a0, 0x000000000245fb98]
Event: 3.834 Thread 0x000000001480c000  873       3       com.android.dx.ssa.back.FirstFitLocalCombiningAllocator::getAlignment (32 bytes)
Event: 3.834 Thread 0x000000001480c000 nmethod 873 0x000000000245e990 code [0x000000000245eb00, 0x000000000245edd0]
Event: 3.834 Thread 0x000000001480c000  874       3       com.android.dx.ssa.back.FirstFitLocalCombiningAllocator::findNextUnreservedRopReg (12 bytes)

GC Heap History (0 events):
No events

Deoptimization events (8 events):
Event: 3.222 Thread 0x0000000016346800 Uncommon trap: reason=unstable_if action=reinterpret pc=0x00000000022bbea4 method=java.util.HashMap.getNode(ILjava/lang/Object;)Ljava/util/HashMap$Node; @ 129
Event: 3.222 Thread 0x0000000016346800 Uncommon trap: reason=unstable_if action=reinterpret pc=0x0000000002363434 method=java.util.BitSet.ensureCapacity(I)V @ 6
Event: 3.223 Thread 0x0000000016346800 Uncommon trap: reason=unstable_if action=reinterpret pc=0x00000000022e8130 method=java.util.BitSet.nextSetBit(I)I @ 87
Event: 3.816 Thread 0x0000000016346800 Uncommon trap: reason=class_check action=maybe_recompile pc=0x00000000024135ac method=com.android.dx.ssa.NormalSsaInsn.accept(Lcom/android/dx/ssa/SsaInsn$Visitor;)V @ 9
Event: 3.816 Thread 0x0000000016346800 Uncommon trap: reason=class_check action=maybe_recompile pc=0x000000000235d5f0 method=com.android.dx.ssa.NormalSsaInsn.accept(Lcom/android/dx/ssa/SsaInsn$Visitor;)V @ 9
Event: 3.816 Thread 0x0000000016346800 Uncommon trap: reason=class_check action=maybe_recompile pc=0x000000000235d5f0 method=com.android.dx.ssa.NormalSsaInsn.accept(Lcom/android/dx/ssa/SsaInsn$Visitor;)V @ 9
Event: 3.817 Thread 0x0000000016346800 Uncommon trap: reason=class_check action=maybe_recompile pc=0x00000000024135ac method=com.android.dx.ssa.NormalSsaInsn.accept(Lcom/android/dx/ssa/SsaInsn$Visitor;)V @ 9
Event: 3.817 Thread 0x0000000016346800 Uncommon trap: reason=class_check action=maybe_recompile pc=0x000000000235d5f0 method=com.android.dx.ssa.NormalSsaInsn.accept(Lcom/android/dx/ssa/SsaInsn$Visitor;)V @ 9

Internal exceptions (2 events):
Event: 0.299 Thread 0x0000000001fc0800 Exception <a 'java/lang/NoSuchMethodError': Method sun.misc.Unsafe.defineClass(Ljava/lang/String;[BII)Ljava/lang/Class; name or signature does not match> (0x00000000eab07cc0) thrown at [C:\src\android\AOSP-openjdk\external\jetbrains\jdk\hotspot\src\share\vaÜc¡»”?
Event: 0.299 Thread 0x0000000001fc0800 Exception <a 'java/lang/NoSuchMethodError': Method sun.misc.Unsafe.prefetchRead(Ljava/lang/Object;J)V name or signature does not match> (0x00000000eab07fa8) thrown at [C:\src\android\AOSP-openjdk\external\jetbrains\jdk\hotspot\src\share\vm\prims\jni.cpp, l

Events (10 events):
Event: 3.816 Thread 0x0000000016346800 DEOPT UNPACKING pc=0x000000000210556a sp=0x0000000016bfe7c0 mode 2
Event: 3.816 Thread 0x0000000016346800 Uncommon trap: trap_request=0xffffffde fr.pc=0x000000000235d5f0
Event: 3.816 Thread 0x0000000016346800 DEOPT PACKING pc=0x000000000235d5f0 sp=0x0000000016bfe820
Event: 3.817 Thread 0x0000000016346800 DEOPT UNPACKING pc=0x000000000210556a sp=0x0000000016bfe7c0 mode 2
Event: 3.817 Thread 0x0000000016346800 Uncommon trap: trap_request=0xffffffde fr.pc=0x00000000024135ac
Event: 3.817 Thread 0x0000000016346800 DEOPT PACKING pc=0x00000000024135ac sp=0x0000000016bfe7f0
Event: 3.817 Thread 0x0000000016346800 DEOPT UNPACKING pc=0x000000000210556a sp=0x0000000016bfe7d0 mode 2
Event: 3.817 Thread 0x0000000016346800 Uncommon trap: trap_request=0xffffffde fr.pc=0x000000000235d5f0
Event: 3.817 Thread 0x0000000016346800 DEOPT PACKING pc=0x000000000235d5f0 sp=0x0000000016bfe820
Event: 3.817 Thread 0x0000000016346800 DEOPT UNPACKING pc=0x000000000210556a sp=0x0000000016bfe7c0 mode 2


Dynamic libraries:
0x00007ff7bbf40000 - 0x00007ff7bbf71000 	C:\Program Files\Android\Android Studio\jre\bin\java.exe
0x00007ff80bf10000 - 0x00007ff80c0bd000 	C:\windows\SYSTEM32\ntdll.dll
0x00007ff809590000 - 0x00007ff8096ce000 	C:\windows\system32\KERNEL32.DLL
0x00007ff809100000 - 0x00007ff809215000 	C:\windows\system32\KERNELBASE.dll
0x00007ff8098e0000 - 0x00007ff80998a000 	C:\windows\system32\ADVAPI32.dll
0x00007ff80b290000 - 0x00007ff80b407000 	C:\windows\system32\USER32.dll
0x00007ff806020000 - 0x00007ff80629b000 	C:\windows\WinSxS\amd64_microsoft.windows.common-controls_6595b64144ccf1df_6.0.9600.18006_none_623f33d3ecbe86e8\COMCTL32.dll
0x00007ff80b420000 - 0x00007ff80b4ca000 	C:\windows\system32\msvcrt.dll
0x00007ff80b6b0000 - 0x00007ff80b709000 	C:\windows\SYSTEM32\sechost.dll
0x00007ff8097a0000 - 0x00007ff8098e0000 	C:\windows\system32\RPCRT4.dll
0x00007ff80b860000 - 0x00007ff80b9af000 	C:\windows\system32\GDI32.dll
0x00007ff809560000 - 0x00007ff80958e000 	C:\windows\system32\SspiCli.dll
0x00007ff80b250000 - 0x00007ff80b286000 	C:\windows\system32\IMM32.DLL
0x00007ff80bdb0000 - 0x00007ff80bf02000 	C:\windows\system32\MSCTF.dll
0x0000000052f60000 - 0x0000000053032000 	C:\Program Files\Android\Android Studio\jre\jre\bin\msvcr100.dll
0x0000000053120000 - 0x0000000053954000 	C:\Program Files\Android\Android Studio\jre\jre\bin\server\jvm.dll
0x00007ff800dc0000 - 0x00007ff800dc9000 	C:\windows\SYSTEM32\WSOCK32.dll
0x00007ff804300000 - 0x00007ff804322000 	C:\windows\SYSTEM32\WINMM.dll
0x00007ff801630000 - 0x00007ff80163a000 	C:\windows\SYSTEM32\VERSION.dll
0x00007ff80b4e0000 - 0x00007ff80b4e7000 	C:\windows\system32\PSAPI.DLL
0x00007ff80ba10000 - 0x00007ff80ba6a000 	C:\windows\system32\WS2_32.dll
0x00007ff8042d0000 - 0x00007ff8042fa000 	C:\windows\SYSTEM32\WINMMBASE.dll
0x00007ff80b4d0000 - 0x00007ff80b4d9000 	C:\windows\system32\NSI.dll
0x00007ff809220000 - 0x00007ff80926f000 	C:\windows\SYSTEM32\cfgmgr32.dll
0x00007ff807e50000 - 0x00007ff807e78000 	C:\windows\SYSTEM32\DEVOBJ.dll
0x00007ff804e20000 - 0x00007ff804e2f000 	C:\Program Files\Android\Android Studio\jre\jre\bin\verify.dll
0x00007ff8049e0000 - 0x00007ff804a09000 	C:\Program Files\Android\Android Studio\jre\jre\bin\java.dll
0x00007ff8049c0000 - 0x00007ff8049d6000 	C:\Program Files\Android\Android Studio\jre\jre\bin\zip.dll
0x00007ff809b30000 - 0x00007ff80b058000 	C:\windows\system32\SHELL32.dll
0x00007ff80bb90000 - 0x00007ff80bda1000 	C:\windows\SYSTEM32\combase.dll
0x00007ff80b9b0000 - 0x00007ff80ba04000 	C:\windows\system32\SHLWAPI.dll
0x00007ff8073b0000 - 0x00007ff807462000 	C:\windows\SYSTEM32\SHCORE.dll
0x00007ff809030000 - 0x00007ff809045000 	C:\windows\SYSTEM32\profapi.dll

VM Arguments:
jvm_args: -Djava.awt.headless=true -Xmx1024M -Dfile.encoding=windows-1252 -Duser.country=US -Duser.language=en -Duser.variant 
java_command: com.android.dx.command.Main --dex --verbose --force-jumbo --num-threads=4 --multi-dex --output C:\Users\bruh\Desktop\COMP150-MOB\QueueR\app\build\intermediates\transforms\dex\debug\folders\1000\10\me.dm7.barcodescanner-core-1.8.4_bd2824d29e4eed88291c37e53b72499b5716e6cf C:\Users\bruh\Desktop\COMP150-MOB\QueueR\app\build\intermediates\exploded-aar\me.dm7.barcodescanner\core\1.8.4\jars\classes.jar
java_class_path (initial): C:\Users\bruh\AppData\Local\Android\sdk\build-tools\24.0.1\lib\dx.jar
Launcher Type: SUN_STANDARD

Environment Variables:
PATH=C:\Program Files\Java\jdk1.8.0_101\bin\;C:\ProgramData\Oracle\Java\javapath;C:\windows\system32;C:\windows;C:\windows\System32\Wbem;C:\windows\System32\WindowsPowerShell\v1.0\;C:\Program Files\nodejs\;C:\Program Files (x86)\Heroku\bin;C:\Program Files (x86)\git\cmd;C:\Users\bruh\AppData\Roaming\npm;C:\Program Files (x86)\Skype\Phone\;C:\Program Files (x86)\GtkSharp\2.12\bin;C:\Program Files\Java\jdk1.8.0_101\bin\
USERNAME=bruh
OS=Windows_NT
PROCESSOR_IDENTIFIER=Intel64 Family 6 Model 69 Stepping 1, GenuineIntel



---------------  S Y S T E M  ---------------

OS: Windows 8.1 , 64 bit Build 9600 (6.3.9600.17415)

CPU:total 4 (2 cores per cpu, 2 threads per core) family 6 model 69 stepping 1, cmov, cx8, fxsr, mmx, sse, sse2, sse3, ssse3, sse4.1, sse4.2, popcnt, avx, avx2, aes, clmul, erms, lzcnt, ht, tsc, tscinvbit, bmi1, bmi2

Memory: 4k page, physical 4097056k(514292k free), swap 7242784k(5244k free)

vm_info: OpenJDK 64-Bit Server VM (25.76-b03) for windows-amd64 JRE (1.8.0_76-release-b03), built on Jun 29 2016 19:09:20 by "ralucas" with MS VC++ 10.0 (VS2010)

time: Thu Dec 15 02:55:08 2016
elapsed time: 3 seconds (0d 0h 0m 3s)

