#
# There is insufficient memory for the Java Runtime Environment to continue.
# Native memory allocation (malloc) failed to allocate 222576 bytes for Chunk::new
# Possible reasons:
#   The system is out of physical RAM or swap space
#   In 32 bit mode, the process size limit was hit
# Possible solutions:
#   Reduce memory load on the system
#   Increase physical memory or swap space
#   Check if swap backing store is full
#   Use 64 bit Java on a 64 bit OS
#   Decrease Java heap size (-Xmx/-Xms)
#   Decrease number of Java threads
#   Decrease Java thread stack sizes (-Xss)
#   Set larger code cache with -XX:ReservedCodeCacheSize=
# This output file may be truncated or incomplete.
#
#  Out of Memory Error (allocation.cpp:390), pid=5520, tid=0x0000000000001b8c
#
# JRE version: OpenJDK Runtime Environment (8.0_76-b03) (build 1.8.0_76-release-b03)
# Java VM: OpenJDK 64-Bit Server VM (25.76-b03 mixed mode windows-amd64 compressed oops)
# Failed to write core dump. Minidumps are not enabled by default on client versions of Windows
#

---------------  T H R E A D  ---------------

Current thread (0x00000000144a6800):  JavaThread "C2 CompilerThread0" daemon [_thread_in_native, id=7052, stack(0x0000000015ae0000,0x0000000015be0000)]

Stack: [0x0000000015ae0000,0x0000000015be0000]
[error occurred during error reporting (printing stack bounds), id 0xc0000005]

Native frames: (J=compiled Java code, j=interpreted, Vv=VM code, C=native code)


Current CompileTask:
C2:   3511  136       4       java.util.regex.Pattern::compile (406 bytes)


---------------  P R O C E S S  ---------------

Java Threads: ( => current thread )
  0x0000000015deb000 JavaThread "Service Thread" daemon [_thread_blocked, id=3924, stack(0x00000000161e0000,0x00000000162e0000)]
  0x00000000144fa800 JavaThread "C1 CompilerThread2" daemon [_thread_blocked, id=5040, stack(0x0000000015ce0000,0x0000000015de0000)]
  0x00000000144f4800 JavaThread "C2 CompilerThread1" daemon [_thread_in_native, id=5232, stack(0x0000000015be0000,0x0000000015ce0000)]
=>0x00000000144a6800 JavaThread "C2 CompilerThread0" daemon [_thread_in_native, id=7052, stack(0x0000000015ae0000,0x0000000015be0000)]
  0x00000000144a5000 JavaThread "Attach Listener" daemon [_thread_blocked, id=4340, stack(0x00000000159e0000,0x0000000015ae0000)]
  0x00000000144a4000 JavaThread "Signal Dispatcher" daemon [_thread_blocked, id=3212, stack(0x00000000158e0000,0x00000000159e0000)]
  0x0000000001dcb000 JavaThread "Finalizer" daemon [_thread_blocked, id=5528, stack(0x0000000015700000,0x0000000015800000)]
  0x0000000001dc0000 JavaThread "Reference Handler" daemon [_thread_blocked, id=1804, stack(0x0000000015600000,0x0000000015700000)]
  0x0000000001cd0800 JavaThread "main" [_thread_in_vm, id=5560, stack(0x0000000001bd0000,0x0000000001cd0000)]

Other Threads:
  0x0000000014465800 VMThread [stack: 0x0000000015500000,0x0000000015600000] [id=2952]
  0x0000000015de0800 WatcherThread [stack: 0x00000000162e0000,0x00000000163e0000] [id=1968]

VM state:not at safepoint (normal execution)

VM Mutex/Monitor currently owned by a thread: None

Heap:
 PSYoungGen      total 18944K, used 3985K [0x00000000eab00000, 0x00000000ec000000, 0x0000000100000000)
  eden space 16384K, 24% used [0x00000000eab00000,0x00000000eaee44e8,0x00000000ebb00000)
  from space 2560K, 0% used [0x00000000ebd80000,0x00000000ebd80000,0x00000000ec000000)
  to   space 2560K, 0% used [0x00000000ebb00000,0x00000000ebb00000,0x00000000ebd80000)
 ParOldGen       total 44032K, used 0K [0x00000000c0000000, 0x00000000c2b00000, 0x00000000eab00000)
  object space 44032K, 0% used [0x00000000c0000000,0x00000000c0000000,0x00000000c2b00000)
 Metaspace       used 3319K, capacity 4720K, committed 4864K, reserved 1056768K
  class space    used 350K, capacity 424K, committed 512K, reserved 1048576K

Card table byte_map: [0x0000000011190000,0x00000000113a0000] byte_map_base: 0x0000000010b90000

Marking Bits: (ParMarkBitMap*) 0x00000000538d9d00
 Begin Bits: [0x0000000011900000, 0x0000000012900000)
 End Bits:   [0x0000000012900000, 0x0000000013900000)

Polling page: 0x0000000000290000

CodeCache: size=245760Kb used=1347Kb max_used=1359Kb free=244412Kb
 bounds [0x0000000001dd0000, 0x0000000002040000, 0x0000000010dd0000]
 total_blobs=378 nmethods=136 adapters=156
 compilation: enabled

Compilation events (10 events):
Event: 3.446 Thread 0x00000000144a6800  134       4       java.util.regex.Pattern$BnM::optimize (179 bytes)
Event: 3.447 Thread 0x00000000144fa800 nmethod 133 0x0000000001f1ff90 code [0x0000000001f201e0, 0x0000000001f20e48]
Event: 3.457 Thread 0x00000000144f4800 nmethod 130% 0x0000000001f1ac10 code [0x0000000001f1ad60, 0x0000000001f1b1f8]
Event: 3.457 Thread 0x00000000144f4800  135       4       java.util.regex.Matcher::search (109 bytes)
Event: 3.464 Thread 0x00000000144a6800 nmethod 134 0x0000000001f1c1d0 code [0x0000000001f1c340, 0x0000000001f1c8f8]
Event: 3.482 Thread 0x00000000144f4800 nmethod 135 0x0000000001f22310 code [0x0000000001f22480, 0x0000000001f22a98]
Event: 3.491 Thread 0x00000000144a6800  136       4       java.util.regex.Pattern::compile (406 bytes)
Event: 3.491 Thread 0x00000000144f4800  137       4       java.util.regex.Pattern::newSlice (181 bytes)
Event: 3.501 Thread 0x00000000144f4800 nmethod 137 0x0000000001f186d0 code [0x0000000001f18820, 0x0000000001f18b18]
Event: 3.505 Thread 0x00000000144f4800  138 %     4       java.lang.String::replace @ 20 (127 bytes)

GC Heap History (0 events):
No events

Deoptimization events (0 events):
No events

Internal exceptions (2 events):
Event: 1.193 Thread 0x0000000001cd0800 Exception <a 'java/lang/NoSuchMethodError': Method sun.misc.Unsafe.defineClass(Ljava/lang/String;[BII)Ljava/lang/Class; name or signature does not match> (0x00000000eab07cc0) thrown at [C:\src\android\AOSP-openjdk\external\jetbrains\jdk\hotspot\src\share\vN5גדף?
Event: 1.193 Thread 0x0000000001cd0800 Exception <a 'java/lang/NoSuchMethodError': Method sun.misc.Unsafe.prefetchRead(Ljava/lang/Object;J)V name or signature does not match> (0x00000000eab07fa8) thrown at [C:\src\android\AOSP-openjdk\external\jetbrains\jdk\hotspot\src\share\vm\prims\jni.cpp, l

Events (10 events):
Event: 3.419 loading class java/util/regex/Pattern$SliceNode done
Event: 3.419 loading class java/util/regex/Pattern$Slice done
Event: 3.419 loading class java/util/regex/Pattern$BnM
Event: 3.420 loading class java/util/regex/Pattern$BnM done
Event: 3.420 loading class java/util/regex/Pattern$SliceS
Event: 3.420 loading class java/util/regex/Pattern$SliceS done
Event: 3.420 loading class java/util/regex/Matcher
Event: 3.420 loading class java/util/regex/MatchResult
Event: 3.420 loading class java/util/regex/MatchResult done
Event: 3.420 loading class java/util/regex/Matcher done


Dynamic libraries:
0x00007ff7bbf40000 - 0x00007ff7bbf71000 	C:\Program Files\Android\Android Studio\jre\bin\java.exe
0x00007ff80bf10000 - 0x00007ff80c0bd000 	C:\windows\SYSTEM32\ntdll.dll
0x00007ff809590000 - 0x00007ff8096ce000 	C:\windows\system32\KERNEL32.DLL
0x00007ff809100000 - 0x00007ff809215000 	C:\windows\system32\KERNELBASE.dll
0x00007ff8098e0000 - 0x00007ff80998a000 	C:\windows\system32\ADVAPI32.dll
0x00007ff80b290000 - 0x00007ff80b407000 	C:\windows\system32\USER32.dll
0x00007ff806020000 - 0x00007ff80629b000 	C:\windows\WinSxS\amd64_microsoft.windows.common-controls_6595b64144ccf1df_6.0.9600.18006_none_623f33d3ecbe86e8\COMCTL32.dll
0x00007ff80b420000 - 0x00007ff80b4ca000 	C:\windows\system32\msvcrt.dll
0x00007ff80b6b0000 - 0x00007ff80b709000 	C:\windows\SYSTEM32\sechost.dll
0x00007ff8097a0000 - 0x00007ff8098e0000 	C:\windows\system32\RPCRT4.dll
0x00007ff80b860000 - 0x00007ff80b9af000 	C:\windows\system32\GDI32.dll
0x00007ff809560000 - 0x00007ff80958e000 	C:\windows\system32\SspiCli.dll
0x00007ff80b250000 - 0x00007ff80b286000 	C:\windows\system32\IMM32.DLL
0x00007ff80bdb0000 - 0x00007ff80bf02000 	C:\windows\system32\MSCTF.dll
0x0000000052f60000 - 0x0000000053032000 	C:\Program Files\Android\Android Studio\jre\jre\bin\msvcr100.dll
0x0000000053120000 - 0x0000000053954000 	C:\Program Files\Android\Android Studio\jre\jre\bin\server\jvm.dll
0x00007ff800dc0000 - 0x00007ff800dc9000 	C:\windows\SYSTEM32\WSOCK32.dll
0x00007ff804300000 - 0x00007ff804322000 	C:\windows\SYSTEM32\WINMM.dll
0x00007ff801630000 - 0x00007ff80163a000 	C:\windows\SYSTEM32\VERSION.dll
0x00007ff80b4e0000 - 0x00007ff80b4e7000 	C:\windows\system32\PSAPI.DLL
0x00007ff80ba10000 - 0x00007ff80ba6a000 	C:\windows\system32\WS2_32.dll
0x00007ff8042d0000 - 0x00007ff8042fa000 	C:\windows\SYSTEM32\WINMMBASE.dll
0x00007ff80b4d0000 - 0x00007ff80b4d9000 	C:\windows\system32\NSI.dll
0x00007ff809220000 - 0x00007ff80926f000 	C:\windows\SYSTEM32\cfgmgr32.dll
0x00007ff807e50000 - 0x00007ff807e78000 	C:\windows\SYSTEM32\DEVOBJ.dll
0x00007ff804e20000 - 0x00007ff804e2f000 	C:\Program Files\Android\Android Studio\jre\jre\bin\verify.dll
0x00007ff803cc0000 - 0x00007ff803ce9000 	C:\Program Files\Android\Android Studio\jre\jre\bin\java.dll
0x00007ff802cb0000 - 0x00007ff802cc6000 	C:\Program Files\Android\Android Studio\jre\jre\bin\zip.dll
0x00007ff809b30000 - 0x00007ff80b058000 	C:\windows\system32\SHELL32.dll
0x00007ff80bb90000 - 0x00007ff80bda1000 	C:\windows\SYSTEM32\combase.dll
0x00007ff80b9b0000 - 0x00007ff80ba04000 	C:\windows\system32\SHLWAPI.dll
0x00007ff8073b0000 - 0x00007ff807462000 	C:\windows\SYSTEM32\SHCORE.dll
0x00007ff809030000 - 0x00007ff809045000 	C:\windows\SYSTEM32\profapi.dll

VM Arguments:
jvm_args: -Djava.awt.headless=true -Xmx1024M -Dfile.encoding=windows-1252 -Duser.country=US -Duser.language=en -Duser.variant 
java_command: com.android.dx.command.Main --dex --verbose --force-jumbo --num-threads=4 --multi-dex --output C:\Users\bruh\Desktop\COMP150-MOB\QueueR\app\build\intermediates\transforms\dex\debug\folders\1000\10\com.google.android.gms-play-services-base-9.4.0_8c3a882b0aa098eaa383041662f076c4ae922b2e C:\Users\bruh\Desktop\COMP150-MOB\QueueR\app\build\intermediates\exploded-aar\com.google.android.gms\play-services-base\9.4.0\jars\classes.jar
java_class_path (initial): C:\Users\bruh\AppData\Local\Android\sdk\build-tools\24.0.1\lib\dx.jar
Launcher Type: SUN_STANDARD

Environment Variables:
PATH=C:\Program Files\Java\jdk1.8.0_101\bin\;C:\ProgramData\Oracle\Java\javapath;C:\windows\system32;C:\windows;C:\windows\System32\Wbem;C:\windows\System32\WindowsPowerShell\v1.0\;C:\Program Files\nodejs\;C:\Program Files (x86)\Heroku\bin;C:\Program Files (x86)\git\cmd;C:\Users\bruh\AppData\Roaming\npm;C:\Program Files (x86)\Skype\Phone\;C:\Program Files (x86)\GtkSharp\2.12\bin;C:\Program Files\Java\jdk1.8.0_101\bin\
USERNAME=bruh
OS=Windows_NT
PROCESSOR_IDENTIFIER=Intel64 Family 6 Model 69 Stepping 1, GenuineIntel



---------------  S Y S T E M  ---------------

OS: Windows 8.1 , 64 bit Build 9600 (6.3.9600.17415)

CPU:total 4 (2 cores per cpu, 2 threads per core) family 6 model 69 stepping 1, cmov, cx8, fxsr, mmx, sse, sse2, sse3, ssse3, sse4.1, sse4.2, popcnt, avx, avx2, aes, clmul, erms, lzcnt, ht, tsc, tscinvbit, bmi1, bmi2

Memory: 4k page, physical 4097056k(306112k free), swap 7242784k(5104k free)

vm_info: OpenJDK 64-Bit Server VM (25.76-b03) for windows-amd64 JRE (1.8.0_76-release-b03), built on Jun 29 2016 19:09:20 by "ralucas" with MS VC++ 10.0 (VS2010)

time: Wed Dec 14 22:43:42 2016
elapsed time: 3 seconds (0d 0h 0m 3s)

