#
# There is insufficient memory for the Java Runtime Environment to continue.
# Native memory allocation (malloc) failed to allocate 798896 bytes for Chunk::new
# Possible reasons:
#   The system is out of physical RAM or swap space
#   In 32 bit mode, the process size limit was hit
# Possible solutions:
#   Reduce memory load on the system
#   Increase physical memory or swap space
#   Check if swap backing store is full
#   Use 64 bit Java on a 64 bit OS
#   Decrease Java heap size (-Xmx/-Xms)
#   Decrease number of Java threads
#   Decrease Java thread stack sizes (-Xss)
#   Set larger code cache with -XX:ReservedCodeCacheSize=
# This output file may be truncated or incomplete.
#
#  Out of Memory Error (allocation.cpp:390), pid=4396, tid=0x00000000000014a0
#
# JRE version: OpenJDK Runtime Environment (8.0_76-b03) (build 1.8.0_76-release-b03)
# Java VM: OpenJDK 64-Bit Server VM (25.76-b03 mixed mode windows-amd64 compressed oops)
# Failed to write core dump. Minidumps are not enabled by default on client versions of Windows
#

---------------  T H R E A D  ---------------

Current thread (0x0000000015056800):  JavaThread "C2 CompilerThread0" daemon [_thread_in_native, id=5280, stack(0x0000000016690000,0x0000000016790000)]

Stack: [0x0000000016690000,0x0000000016790000]
[error occurred during error reporting (printing stack bounds), id 0xc0000005]

Native frames: (J=compiled Java code, j=interpreted, Vv=VM code, C=native code)


Current CompileTask:
C2:  11654 1616   !   4       com.android.dx.cf.code.BytecodeArray::parseInstruction (2764 bytes)


---------------  P R O C E S S  ---------------

Java Threads: ( => current thread )
  0x0000000016afc800 JavaThread "pool-2-thread-4" [_thread_in_Java, id=7068, stack(0x0000000017390000,0x0000000017490000)]
  0x0000000016afb800 JavaThread "pool-2-thread-3" [_thread_in_Java, id=2896, stack(0x0000000017290000,0x0000000017390000)]
  0x0000000016af2800 JavaThread "pool-2-thread-2" [_thread_in_Java, id=1516, stack(0x0000000017190000,0x0000000017290000)]
  0x0000000016acf000 JavaThread "pool-3-thread-1" [_thread_blocked, id=5352, stack(0x0000000017090000,0x0000000017190000)]
  0x0000000016ae7800 JavaThread "pool-2-thread-1" [_thread_in_Java, id=6092, stack(0x0000000016f90000,0x0000000017090000)]
  0x00000000150ae800 JavaThread "Service Thread" daemon [_thread_blocked, id=6828, stack(0x0000000016d90000,0x0000000016e90000)]
  0x0000000016898800 JavaThread "C1 CompilerThread2" daemon [_thread_blocked, id=4792, stack(0x0000000016c90000,0x0000000016d90000)]
  0x000000001509c800 JavaThread "C2 CompilerThread1" daemon [_thread_blocked, id=2332, stack(0x0000000016790000,0x0000000016890000)]
=>0x0000000015056800 JavaThread "C2 CompilerThread0" daemon [_thread_in_native, id=5280, stack(0x0000000016690000,0x0000000016790000)]
  0x0000000015055000 JavaThread "Attach Listener" daemon [_thread_blocked, id=5408, stack(0x0000000016590000,0x0000000016690000)]
  0x0000000015054000 JavaThread "Signal Dispatcher" daemon [_thread_blocked, id=6968, stack(0x0000000016490000,0x0000000016590000)]
  0x000000000297b000 JavaThread "Finalizer" daemon [_thread_blocked, id=3048, stack(0x00000000162b0000,0x00000000163b0000)]
  0x0000000002970000 JavaThread "Reference Handler" daemon [_thread_blocked, id=6620, stack(0x00000000161b0000,0x00000000162b0000)]
  0x0000000002880800 JavaThread "main" [_thread_in_Java, id=7136, stack(0x0000000002780000,0x0000000002880000)]

Other Threads:
  0x0000000015015800 VMThread [stack: 0x00000000160b0000,0x00000000161b0000] [id=4744]
  0x0000000016899000 WatcherThread [stack: 0x0000000016e90000,0x0000000016f90000] [id=656]

VM state:not at safepoint (normal execution)

VM Mutex/Monitor currently owned by a thread: None

Heap:
 PSYoungGen      total 35328K, used 34599K [0x00000000eab00000, 0x00000000ed000000, 0x0000000100000000)
  eden space 32768K, 97% used [0x00000000eab00000,0x00000000eca4b2a0,0x00000000ecb00000)
  from space 2560K, 99% used [0x00000000ecd80000,0x00000000ecffeac8,0x00000000ed000000)
  to   space 2560K, 0% used [0x00000000ecb00000,0x00000000ecb00000,0x00000000ecd80000)
 ParOldGen       total 44032K, used 4118K [0x00000000c0000000, 0x00000000c2b00000, 0x00000000eab00000)
  object space 44032K, 9% used [0x00000000c0000000,0x00000000c0405a28,0x00000000c2b00000)
 Metaspace       used 6153K, capacity 7088K, committed 7296K, reserved 1056768K
  class space    used 576K, capacity 616K, committed 640K, reserved 1048576K

Card table byte_map: [0x0000000011d40000,0x0000000011f50000] byte_map_base: 0x0000000011740000

Marking Bits: (ParMarkBitMap*) 0x00000000538d9d00
 Begin Bits: [0x00000000124b0000, 0x00000000134b0000)
 End Bits:   [0x00000000134b0000, 0x00000000144b0000)

Polling page: 0x0000000000f00000

CodeCache: size=245760Kb used=6938Kb max_used=6959Kb free=238821Kb
 bounds [0x0000000002980000, 0x0000000003060000, 0x0000000011980000]
 total_blobs=1889 nmethods=1621 adapters=182
 compilation: enabled

Compilation events (10 events):
Event: 11.041 Thread 0x0000000016898800 nmethod 1638 0x0000000003036850 code [0x00000000030369c0, 0x0000000003036c50]
Event: 11.041 Thread 0x0000000016898800 1639       3       java.util.RegularEnumSet::addAll (23 bytes)
Event: 11.041 Thread 0x0000000016898800 nmethod 1639 0x0000000003036d90 code [0x0000000003036ee0, 0x0000000003037090]
Event: 11.041 Thread 0x0000000016898800 1640       3       com.android.dx.ssa.Optimizer::optimize (67 bytes)
Event: 11.043 Thread 0x0000000016898800 nmethod 1640 0x0000000003037150 code [0x0000000003037360, 0x0000000003037c78]
Event: 11.086 Thread 0x000000001509c800 nmethod 1582 0x000000000303e950 code [0x000000000303f340, 0x0000000003044818]
Event: 11.086 Thread 0x000000001509c800 1618       4       com.android.dx.ssa.SsaMethod::forEachBlockDepthFirst (194 bytes)
Event: 11.383 Thread 0x000000001509c800 nmethod 1618 0x000000000304add0 code [0x000000000304b0e0, 0x000000000304da30]
Event: 11.383 Thread 0x000000001509c800 1613       4       java.util.ArrayList::removeRange (75 bytes)
Event: 11.388 Thread 0x000000001509c800 nmethod 1613 0x000000000303b810 code [0x000000000303b960, 0x000000000303bad8]

GC Heap History (4 events):
Event: 3.370 GC heap before
{Heap before GC invocations=1 (full 0):
 PSYoungGen      total 18944K, used 16384K [0x00000000eab00000, 0x00000000ec000000, 0x0000000100000000)
  eden space 16384K, 100% used [0x00000000eab00000,0x00000000ebb00000,0x00000000ebb00000)
  from space 2560K, 0% used [0x00000000ebd80000,0x00000000ebd80000,0x00000000ec000000)
  to   space 2560K, 0% used [0x00000000ebb00000,0x00000000ebb00000,0x00000000ebd80000)
 ParOldGen       total 44032K, used 0K [0x00000000c0000000, 0x00000000c2b00000, 0x00000000eab00000)
  object space 44032K, 0% used [0x00000000c0000000,0x00000000c0000000,0x00000000c2b00000)
 Metaspace       used 5754K, capacity 6768K, committed 7040K, reserved 1056768K
  class space    used 572K, capacity 616K, committed 640K, reserved 1048576K
Event: 4.112 GC heap after
Heap after GC invocations=1 (full 0):
 PSYoungGen      total 18944K, used 2538K [0x00000000eab00000, 0x00000000ed000000, 0x0000000100000000)
  eden space 16384K, 0% used [0x00000000eab00000,0x00000000eab00000,0x00000000ebb00000)
  from space 2560K, 99% used [0x00000000ebb00000,0x00000000ebd7aaa8,0x00000000ebd80000)
  to   space 2560K, 0% used [0x00000000ecd80000,0x00000000ecd80000,0x00000000ed000000)
 ParOldGen       total 44032K, used 1635K [0x00000000c0000000, 0x00000000c2b00000, 0x00000000eab00000)
  object space 44032K, 3% used [0x00000000c0000000,0x00000000c0198ed0,0x00000000c2b00000)
 Metaspace       used 5754K, capacity 6768K, committed 7040K, reserved 1056768K
  class space    used 572K, capacity 616K, committed 640K, reserved 1048576K
}
Event: 5.879 GC heap before
{Heap before GC invocations=2 (full 0):
 PSYoungGen      total 18944K, used 18922K [0x00000000eab00000, 0x00000000ed000000, 0x0000000100000000)
  eden space 16384K, 100% used [0x00000000eab00000,0x00000000ebb00000,0x00000000ebb00000)
  from space 2560K, 99% used [0x00000000ebb00000,0x00000000ebd7aaa8,0x00000000ebd80000)
  to   space 2560K, 0% used [0x00000000ecd80000,0x00000000ecd80000,0x00000000ed000000)
 ParOldGen       total 44032K, used 1635K [0x00000000c0000000, 0x00000000c2b00000, 0x00000000eab00000)
  object space 44032K, 3% used [0x00000000c0000000,0x00000000c0198ed0,0x00000000c2b00000)
 Metaspace       used 6011K, capacity 6960K, committed 7040K, reserved 1056768K
  class space    used 574K, capacity 616K, committed 640K, reserved 1048576K
Event: 6.885 GC heap after
Heap after GC invocations=2 (full 0):
 PSYoungGen      total 35328K, used 2554K [0x00000000eab00000, 0x00000000ed000000, 0x0000000100000000)
  eden space 32768K, 0% used [0x00000000eab00000,0x00000000eab00000,0x00000000ecb00000)
  from space 2560K, 99% used [0x00000000ecd80000,0x00000000ecffeac8,0x00000000ed000000)
  to   space 2560K, 0% used [0x00000000ecb00000,0x00000000ecb00000,0x00000000ecd80000)
 ParOldGen       total 44032K, used 4118K [0x00000000c0000000, 0x00000000c2b00000, 0x00000000eab00000)
  object space 44032K, 9% used [0x00000000c0000000,0x00000000c0405a28,0x00000000c2b00000)
 Metaspace       used 6011K, capacity 6960K, committed 7040K, reserved 1056768K
  class space    used 574K, capacity 616K, committed 640K, reserved 1048576K
}

Deoptimization events (10 events):
Event: 7.329 Thread 0x0000000016af2800 Uncommon trap: reason=bimorphic action=maybe_recompile pc=0x0000000002ecb854 method=com.android.dx.rop.code.RegisterSpec.withSimpleType()Lcom/android/dx/rop/code/RegisterSpec; @ 21
Event: 7.361 Thread 0x0000000016ae7800 Uncommon trap: reason=bimorphic action=maybe_recompile pc=0x0000000002ecb854 method=com.android.dx.rop.code.RegisterSpec.withSimpleType()Lcom/android/dx/rop/code/RegisterSpec; @ 21
Event: 8.791 Thread 0x0000000016ae7800 Uncommon trap: reason=bimorphic action=maybe_recompile pc=0x0000000002f30800 method=com.android.dx.cf.code.BytecodeArray.parseInstruction(ILcom/android/dx/cf/code/BytecodeArray$Visitor;)I @ 2135
Event: 8.791 Thread 0x0000000016ae7800 Uncommon trap: reason=bimorphic action=maybe_recompile pc=0x0000000002f30800 method=com.android.dx.cf.code.BytecodeArray.parseInstruction(ILcom/android/dx/cf/code/BytecodeArray$Visitor;)I @ 2135
Event: 8.794 Thread 0x0000000016ae7800 Uncommon trap: reason=bimorphic action=maybe_recompile pc=0x0000000002f30800 method=com.android.dx.cf.code.BytecodeArray.parseInstruction(ILcom/android/dx/cf/code/BytecodeArray$Visitor;)I @ 2135
Event: 8.832 Thread 0x0000000016afc800 Uncommon trap: reason=bimorphic action=maybe_recompile pc=0x0000000002f30abc method=com.android.dx.cf.code.BytecodeArray.parseInstruction(ILcom/android/dx/cf/code/BytecodeArray$Visitor;)I @ 1501
Event: 8.832 Thread 0x0000000016afc800 Uncommon trap: reason=bimorphic action=maybe_recompile pc=0x0000000002f30abc method=com.android.dx.cf.code.BytecodeArray.parseInstruction(ILcom/android/dx/cf/code/BytecodeArray$Visitor;)I @ 1501
Event: 9.798 Thread 0x0000000016ae7800 Uncommon trap: reason=unstable_if action=reinterpret pc=0x0000000002eb00c8 method=com.android.dx.ssa.SCCP.simulateStmt(Lcom/android/dx/ssa/SsaInsn;)V @ 53
Event: 10.994 Thread 0x0000000016ae7800 Uncommon trap: reason=bimorphic action=maybe_recompile pc=0x0000000002fb10c8 method=com.android.dx.cf.code.BytecodeArray.parseInstruction(ILcom/android/dx/cf/code/BytecodeArray$Visitor;)I @ 987
Event: 10.994 Thread 0x0000000016ae7800 Uncommon trap: reason=bimorphic action=maybe_recompile pc=0x0000000002fb10c8 method=com.android.dx.cf.code.BytecodeArray.parseInstruction(ILcom/android/dx/cf/code/BytecodeArray$Visitor;)I @ 987

Internal exceptions (2 events):
Event: 0.083 Thread 0x0000000002880800 Exception <a 'java/lang/NoSuchMethodError': Method sun.misc.Unsafe.defineClass(Ljava/lang/String;[BII)Ljava/lang/Class; name or signature does not match> (0x00000000eab07cc0) thrown at [C:\src\android\AOSP-openjdk\external\jetbrains\jdk\hotspot\src\share\v|²¨èy?µ?
Event: 0.083 Thread 0x0000000002880800 Exception <a 'java/lang/NoSuchMethodError': Method sun.misc.Unsafe.prefetchRead(Ljava/lang/Object;J)V name or signature does not match> (0x00000000eab07fa8) thrown at [C:\src\android\AOSP-openjdk\external\jetbrains\jdk\hotspot\src\share\vm\prims\jni.cpp, l

Events (10 events):
Event: 8.832 Thread 0x0000000016afc800 DEOPT UNPACKING pc=0x00000000029c556a sp=0x000000001748e400 mode 2
Event: 9.798 Thread 0x0000000016ae7800 Uncommon trap: trap_request=0xffffff65 fr.pc=0x0000000002eb00c8
Event: 9.798 Thread 0x0000000016ae7800 DEOPT PACKING pc=0x0000000002eb00c8 sp=0x000000001708e8f0
Event: 9.798 Thread 0x0000000016ae7800 DEOPT UNPACKING pc=0x00000000029c556a sp=0x000000001708e8e8 mode 2
Event: 10.994 Thread 0x0000000016ae7800 Uncommon trap: trap_request=0xffffffc6 fr.pc=0x0000000002fb10c8
Event: 10.994 Thread 0x0000000016ae7800 DEOPT PACKING pc=0x0000000002fb10c8 sp=0x000000001708e720
Event: 10.994 Thread 0x0000000016ae7800 DEOPT UNPACKING pc=0x00000000029c556a sp=0x000000001708e6f8 mode 2
Event: 10.994 Thread 0x0000000016ae7800 Uncommon trap: trap_request=0xffffffc6 fr.pc=0x0000000002fb10c8
Event: 10.994 Thread 0x0000000016ae7800 DEOPT PACKING pc=0x0000000002fb10c8 sp=0x000000001708e580
Event: 10.994 Thread 0x0000000016ae7800 DEOPT UNPACKING pc=0x00000000029c556a sp=0x000000001708e558 mode 2


Dynamic libraries:
0x00007ff7bbf40000 - 0x00007ff7bbf71000 	C:\Program Files\Android\Android Studio\jre\bin\java.exe
0x00007ff80bf10000 - 0x00007ff80c0bd000 	C:\windows\SYSTEM32\ntdll.dll
0x00007ff809590000 - 0x00007ff8096ce000 	C:\windows\system32\KERNEL32.DLL
0x00007ff809100000 - 0x00007ff809215000 	C:\windows\system32\KERNELBASE.dll
0x00007ff8098e0000 - 0x00007ff80998a000 	C:\windows\system32\ADVAPI32.dll
0x00007ff80b290000 - 0x00007ff80b407000 	C:\windows\system32\USER32.dll
0x00007ff806020000 - 0x00007ff80629b000 	C:\windows\WinSxS\amd64_microsoft.windows.common-controls_6595b64144ccf1df_6.0.9600.18006_none_623f33d3ecbe86e8\COMCTL32.dll
0x00007ff80b420000 - 0x00007ff80b4ca000 	C:\windows\system32\msvcrt.dll
0x00007ff80b6b0000 - 0x00007ff80b709000 	C:\windows\SYSTEM32\sechost.dll
0x00007ff8097a0000 - 0x00007ff8098e0000 	C:\windows\system32\RPCRT4.dll
0x00007ff80b860000 - 0x00007ff80b9af000 	C:\windows\system32\GDI32.dll
0x00007ff809560000 - 0x00007ff80958e000 	C:\windows\system32\SspiCli.dll
0x00007ff80b250000 - 0x00007ff80b286000 	C:\windows\system32\IMM32.DLL
0x00007ff80bdb0000 - 0x00007ff80bf02000 	C:\windows\system32\MSCTF.dll
0x0000000052f60000 - 0x0000000053032000 	C:\Program Files\Android\Android Studio\jre\jre\bin\msvcr100.dll
0x0000000053120000 - 0x0000000053954000 	C:\Program Files\Android\Android Studio\jre\jre\bin\server\jvm.dll
0x00007ff800dc0000 - 0x00007ff800dc9000 	C:\windows\SYSTEM32\WSOCK32.dll
0x00007ff804300000 - 0x00007ff804322000 	C:\windows\SYSTEM32\WINMM.dll
0x00007ff801630000 - 0x00007ff80163a000 	C:\windows\SYSTEM32\VERSION.dll
0x00007ff80b4e0000 - 0x00007ff80b4e7000 	C:\windows\system32\PSAPI.DLL
0x00007ff80ba10000 - 0x00007ff80ba6a000 	C:\windows\system32\WS2_32.dll
0x00007ff8042d0000 - 0x00007ff8042fa000 	C:\windows\SYSTEM32\WINMMBASE.dll
0x00007ff80b4d0000 - 0x00007ff80b4d9000 	C:\windows\system32\NSI.dll
0x00007ff809220000 - 0x00007ff80926f000 	C:\windows\SYSTEM32\cfgmgr32.dll
0x00007ff807e50000 - 0x00007ff807e78000 	C:\windows\SYSTEM32\DEVOBJ.dll
0x00007ff804e20000 - 0x00007ff804e2f000 	C:\Program Files\Android\Android Studio\jre\jre\bin\verify.dll
0x00007ff8049c0000 - 0x00007ff8049e9000 	C:\Program Files\Android\Android Studio\jre\jre\bin\java.dll
0x00007ff803cd0000 - 0x00007ff803ce6000 	C:\Program Files\Android\Android Studio\jre\jre\bin\zip.dll
0x00007ff809b30000 - 0x00007ff80b058000 	C:\windows\system32\SHELL32.dll
0x00007ff80bb90000 - 0x00007ff80bda1000 	C:\windows\SYSTEM32\combase.dll
0x00007ff80b9b0000 - 0x00007ff80ba04000 	C:\windows\system32\SHLWAPI.dll
0x00007ff8073b0000 - 0x00007ff807462000 	C:\windows\SYSTEM32\SHCORE.dll
0x00007ff809030000 - 0x00007ff809045000 	C:\windows\SYSTEM32\profapi.dll

VM Arguments:
jvm_args: -Djava.awt.headless=true -Xmx1024M -Dfile.encoding=windows-1252 -Duser.country=US -Duser.language=en -Duser.variant 
java_command: com.android.dx.command.Main --dex --verbose --force-jumbo --num-threads=4 --multi-dex --output C:\Users\bruh\Desktop\COMP150-MOB\QueueR\app\build\intermediates\transforms\dex\debug\folders\1000\10\io.fabric.sdk.android-fabric-1.3.14_b5bbf973bd9b3afceb4fdb893f2c8a13ed151e9a C:\Users\bruh\Desktop\COMP150-MOB\QueueR\app\build\intermediates\exploded-aar\io.fabric.sdk.android\fabric\1.3.14\jars\classes.jar
java_class_path (initial): C:\Users\bruh\AppData\Local\Android\sdk\build-tools\24.0.1\lib\dx.jar
Launcher Type: SUN_STANDARD

Environment Variables:
PATH=C:\Program Files\Java\jdk1.8.0_101\bin\;C:\ProgramData\Oracle\Java\javapath;C:\windows\system32;C:\windows;C:\windows\System32\Wbem;C:\windows\System32\WindowsPowerShell\v1.0\;C:\Program Files\nodejs\;C:\Program Files (x86)\Heroku\bin;C:\Program Files (x86)\git\cmd;C:\Users\bruh\AppData\Roaming\npm;C:\Program Files (x86)\Skype\Phone\;C:\Program Files (x86)\GtkSharp\2.12\bin;C:\Program Files\Java\jdk1.8.0_101\bin\
USERNAME=bruh
OS=Windows_NT
PROCESSOR_IDENTIFIER=Intel64 Family 6 Model 69 Stepping 1, GenuineIntel



---------------  S Y S T E M  ---------------

OS: Windows 8.1 , 64 bit Build 9600 (6.3.9600.17415)

CPU:total 4 (2 cores per cpu, 2 threads per core) family 6 model 69 stepping 1, cmov, cx8, fxsr, mmx, sse, sse2, sse3, ssse3, sse4.1, sse4.2, popcnt, avx, avx2, aes, clmul, erms, lzcnt, ht, tsc, tscinvbit, bmi1, bmi2

Memory: 4k page, physical 4097056k(186464k free), swap 7242784k(5756k free)

vm_info: OpenJDK 64-Bit Server VM (25.76-b03) for windows-amd64 JRE (1.8.0_76-release-b03), built on Jun 29 2016 19:09:20 by "ralucas" with MS VC++ 10.0 (VS2010)

time: Thu Dec 15 01:04:22 2016
elapsed time: 11 seconds (0d 0h 0m 11s)

