#
# There is insufficient memory for the Java Runtime Environment to continue.
# Native memory allocation (malloc) failed to allocate 379776 bytes for Chunk::new
# Possible reasons:
#   The system is out of physical RAM or swap space
#   In 32 bit mode, the process size limit was hit
# Possible solutions:
#   Reduce memory load on the system
#   Increase physical memory or swap space
#   Check if swap backing store is full
#   Use 64 bit Java on a 64 bit OS
#   Decrease Java heap size (-Xmx/-Xms)
#   Decrease number of Java threads
#   Decrease Java thread stack sizes (-Xss)
#   Set larger code cache with -XX:ReservedCodeCacheSize=
# This output file may be truncated or incomplete.
#
#  Out of Memory Error (allocation.cpp:390), pid=6552, tid=0x00000000000013f0
#
# JRE version: OpenJDK Runtime Environment (8.0_76-b03) (build 1.8.0_76-release-b03)
# Java VM: OpenJDK 64-Bit Server VM (25.76-b03 mixed mode windows-amd64 compressed oops)
# Failed to write core dump. Minidumps are not enabled by default on client versions of Windows
#

---------------  T H R E A D  ---------------

Current thread (0x00000000150a8000):  JavaThread "C2 CompilerThread0" daemon [_thread_in_native, id=5104, stack(0x00000000166e0000,0x00000000167e0000)]

Stack: [0x00000000166e0000,0x00000000167e0000]
[error occurred during error reporting (printing stack bounds), id 0xc0000005]

Native frames: (J=compiled Java code, j=interpreted, Vv=VM code, C=native code)


Current CompileTask:
C2:  20068 2102 %     4       com.android.dx.ssa.SsaConverter::placePhiFunctions @ 103 (394 bytes)


---------------  P R O C E S S  ---------------

Java Threads: ( => current thread )
  0x0000000016d00000 JavaThread "pool-1-thread-1" [_thread_in_vm, id=5420, stack(0x0000000016fe0000,0x00000000170e0000)]
  0x00000000169ec800 JavaThread "Service Thread" daemon [_thread_blocked, id=2952, stack(0x0000000016de0000,0x0000000016ee0000)]
  0x00000000150fc000 JavaThread "C1 CompilerThread2" daemon [_thread_blocked, id=6164, stack(0x00000000168e0000,0x00000000169e0000)]
  0x00000000150f5800 JavaThread "C2 CompilerThread1" daemon [_thread_in_native, id=7060, stack(0x00000000167e0000,0x00000000168e0000)]
=>0x00000000150a8000 JavaThread "C2 CompilerThread0" daemon [_thread_in_native, id=5104, stack(0x00000000166e0000,0x00000000167e0000)]
  0x00000000150a7000 JavaThread "Attach Listener" daemon [_thread_blocked, id=5720, stack(0x00000000165e0000,0x00000000166e0000)]
  0x00000000150a4000 JavaThread "Signal Dispatcher" daemon [_thread_blocked, id=6728, stack(0x00000000164e0000,0x00000000165e0000)]
  0x00000000029cb000 JavaThread "Finalizer" daemon [_thread_blocked, id=7152, stack(0x0000000016300000,0x0000000016400000)]
  0x00000000029c0000 JavaThread "Reference Handler" daemon [_thread_blocked, id=1712, stack(0x0000000016200000,0x0000000016300000)]
  0x00000000028d0800 JavaThread "main" [_thread_blocked, id=2944, stack(0x00000000027d0000,0x00000000028d0000)]

Other Threads:
  0x0000000015066800 VMThread [stack: 0x0000000016100000,0x0000000016200000] [id=2696]
  0x00000000169e2000 WatcherThread [stack: 0x0000000016ee0000,0x0000000016fe0000] [id=2256]

VM state:not at safepoint (normal execution)

VM Mutex/Monitor currently owned by a thread: None

Heap:
 PSYoungGen      total 128000K, used 95736K [0x00000000eab00000, 0x00000000f8a00000, 0x0000000100000000)
  eden space 113152K, 71% used [0x00000000eab00000,0x00000000efa045f8,0x00000000f1980000)
  from space 14848K, 99% used [0x00000000f3980000,0x00000000f47f9c08,0x00000000f4800000)
  to   space 32768K, 0% used [0x00000000f1980000,0x00000000f1980000,0x00000000f3980000)
 ParOldGen       total 88064K, used 55559K [0x00000000c0000000, 0x00000000c5600000, 0x00000000eab00000)
  object space 88064K, 63% used [0x00000000c0000000,0x00000000c3641e50,0x00000000c5600000)
 Metaspace       used 6850K, capacity 7480K, committed 7552K, reserved 1056768K
  class space    used 617K, capacity 624K, committed 640K, reserved 1048576K

Card table byte_map: [0x0000000011d90000,0x0000000011fa0000] byte_map_base: 0x0000000011790000

Marking Bits: (ParMarkBitMap*) 0x00000000538d9d00
 Begin Bits: [0x0000000012500000, 0x0000000013500000)
 End Bits:   [0x0000000013500000, 0x0000000014500000)

Polling page: 0x0000000000da0000

CodeCache: size=245760Kb used=10524Kb max_used=10533Kb free=235235Kb
 bounds [0x00000000029d0000, 0x0000000003430000, 0x00000000119d0000]
 total_blobs=2840 nmethods=2571 adapters=182
 compilation: enabled

Compilation events (10 events):
Event: 19.954 Thread 0x00000000150a8000 nmethod 2217 0x0000000003403690 code [0x00000000034037e0, 0x00000000034038d8]
Event: 19.954 Thread 0x00000000150a8000 2230       4       com.android.dx.cf.code.ExecutionStack::<init> (34 bytes)
Event: 19.958 Thread 0x00000000150a8000 nmethod 2230 0x000000000341d150 code [0x000000000341d2a0, 0x000000000341d4b8]
Event: 19.958 Thread 0x00000000150a8000 2238       4       com.android.dx.rop.code.RegisterSpec::<init> (48 bytes)
Event: 19.959 Thread 0x00000000150a8000 nmethod 2238 0x0000000003409d10 code [0x0000000003409e40, 0x0000000003409f18]
Event: 19.959 Thread 0x00000000150a8000 2562       4       java.util.ArrayList::<init> (61 bytes)
Event: 19.962 Thread 0x00000000150a8000 nmethod 2562 0x000000000341ce10 code [0x000000000341cf60, 0x000000000341d098]
Event: 19.962 Thread 0x00000000150a8000 1872       4       com.android.dx.cf.code.RopperMachine::jopToRopOpcode (1103 bytes)
Event: 19.997 Thread 0x00000000150a8000 nmethod 1872 0x0000000003420a90 code [0x0000000003421400, 0x0000000003421d18]
Event: 19.997 Thread 0x00000000150a8000 2102 %     4       com.android.dx.ssa.SsaConverter::placePhiFunctions @ 103 (394 bytes)

GC Heap History (10 events):
Event: 5.677 GC heap before
{Heap before GC invocations=5 (full 0):
 PSYoungGen      total 68096K, used 68082K [0x00000000eab00000, 0x00000000ef000000, 0x0000000100000000)
  eden space 65536K, 100% used [0x00000000eab00000,0x00000000eeb00000,0x00000000eeb00000)
  from space 2560K, 99% used [0x00000000eed80000,0x00000000eeffc8c8,0x00000000ef000000)
  to   space 2560K, 0% used [0x00000000eeb00000,0x00000000eeb00000,0x00000000eed80000)
 ParOldGen       total 44032K, used 12851K [0x00000000c0000000, 0x00000000c2b00000, 0x00000000eab00000)
  object space 44032K, 29% used [0x00000000c0000000,0x00000000c0c8ced8,0x00000000c2b00000)
 Metaspace       used 6235K, capacity 7152K, committed 7296K, reserved 1056768K
  class space    used 579K, capacity 616K, committed 640K, reserved 1048576K
Event: 5.746 GC heap after
Heap after GC invocations=5 (full 0):
 PSYoungGen      total 68096K, used 2536K [0x00000000eab00000, 0x00000000f4800000, 0x0000000100000000)
  eden space 65536K, 0% used [0x00000000eab00000,0x00000000eab00000,0x00000000eeb00000)
  from space 2560K, 99% used [0x00000000eeb00000,0x00000000eed7a298,0x00000000eed80000)
  to   space 14848K, 0% used [0x00000000f3980000,0x00000000f3980000,0x00000000f4800000)
 ParOldGen       total 44032K, used 22812K [0x00000000c0000000, 0x00000000c2b00000, 0x00000000eab00000)
  object space 44032K, 51% used [0x00000000c0000000,0x00000000c16470b0,0x00000000c2b00000)
 Metaspace       used 6235K, capacity 7152K, committed 7296K, reserved 1056768K
  class space    used 579K, capacity 616K, committed 640K, reserved 1048576K
}
Event: 6.473 GC heap before
{Heap before GC invocations=6 (full 0):
 PSYoungGen      total 68096K, used 68072K [0x00000000eab00000, 0x00000000f4800000, 0x0000000100000000)
  eden space 65536K, 100% used [0x00000000eab00000,0x00000000eeb00000,0x00000000eeb00000)
  from space 2560K, 99% used [0x00000000eeb00000,0x00000000eed7a298,0x00000000eed80000)
  to   space 14848K, 0% used [0x00000000f3980000,0x00000000f3980000,0x00000000f4800000)
 ParOldGen       total 44032K, used 22812K [0x00000000c0000000, 0x00000000c2b00000, 0x00000000eab00000)
  object space 44032K, 51% used [0x00000000c0000000,0x00000000c16470b0,0x00000000c2b00000)
 Metaspace       used 6324K, capacity 7216K, committed 7296K, reserved 1056768K
  class space    used 579K, capacity 616K, committed 640K, reserved 1048576K
Event: 6.619 GC heap after
Heap after GC invocations=6 (full 0):
 PSYoungGen      total 143360K, used 13082K [0x00000000eab00000, 0x00000000f4d00000, 0x0000000100000000)
  eden space 128512K, 0% used [0x00000000eab00000,0x00000000eab00000,0x00000000f2880000)
  from space 14848K, 88% used [0x00000000f3980000,0x00000000f4646968,0x00000000f4800000)
  to   space 17408K, 0% used [0x00000000f2880000,0x00000000f2880000,0x00000000f3980000)
 ParOldGen       total 44032K, used 22820K [0x00000000c0000000, 0x00000000c2b00000, 0x00000000eab00000)
  object space 44032K, 51% used [0x00000000c0000000,0x00000000c16490b0,0x00000000c2b00000)
 Metaspace       used 6324K, capacity 7216K, committed 7296K, reserved 1056768K
  class space    used 579K, capacity 616K, committed 640K, reserved 1048576K
}
Event: 8.378 GC heap before
{Heap before GC invocations=7 (full 0):
 PSYoungGen      total 143360K, used 141594K [0x00000000eab00000, 0x00000000f4d00000, 0x0000000100000000)
  eden space 128512K, 100% used [0x00000000eab00000,0x00000000f2880000,0x00000000f2880000)
  from space 14848K, 88% used [0x00000000f3980000,0x00000000f4646968,0x00000000f4800000)
  to   space 17408K, 0% used [0x00000000f2880000,0x00000000f2880000,0x00000000f3980000)
 ParOldGen       total 44032K, used 22820K [0x00000000c0000000, 0x00000000c2b00000, 0x00000000eab00000)
  object space 44032K, 51% used [0x00000000c0000000,0x00000000c16490b0,0x00000000c2b00000)
 Metaspace       used 6509K, capacity 7218K, committed 7296K, reserved 1056768K
  class space    used 598K, capacity 618K, committed 640K, reserved 1048576K
Event: 8.817 GC heap after
Heap after GC invocations=7 (full 0):
 PSYoungGen      total 145920K, used 17402K [0x00000000eab00000, 0x00000000f4d00000, 0x0000000100000000)
  eden space 128512K, 0% used [0x00000000eab00000,0x00000000eab00000,0x00000000f2880000)
  from space 17408K, 99% used [0x00000000f2880000,0x00000000f397eaa0,0x00000000f3980000)
  to   space 14848K, 0% used [0x00000000f3980000,0x00000000f3980000,0x00000000f4800000)
 ParOldGen       total 44032K, used 37639K [0x00000000c0000000, 0x00000000c2b00000, 0x00000000eab00000)
  object space 44032K, 85% used [0x00000000c0000000,0x00000000c24c1d38,0x00000000c2b00000)
 Metaspace       used 6509K, capacity 7218K, committed 7296K, reserved 1056768K
  class space    used 598K, capacity 618K, committed 640K, reserved 1048576K
}
Event: 8.817 GC heap before
{Heap before GC invocations=8 (full 1):
 PSYoungGen      total 145920K, used 17402K [0x00000000eab00000, 0x00000000f4d00000, 0x0000000100000000)
  eden space 128512K, 0% used [0x00000000eab00000,0x00000000eab00000,0x00000000f2880000)
  from space 17408K, 99% used [0x00000000f2880000,0x00000000f397eaa0,0x00000000f3980000)
  to   space 14848K, 0% used [0x00000000f3980000,0x00000000f3980000,0x00000000f4800000)
 ParOldGen       total 44032K, used 37639K [0x00000000c0000000, 0x00000000c2b00000, 0x00000000eab00000)
  object space 44032K, 85% used [0x00000000c0000000,0x00000000c24c1d38,0x00000000c2b00000)
 Metaspace       used 6509K, capacity 7218K, committed 7296K, reserved 1056768K
  class space    used 598K, capacity 618K, committed 640K, reserved 1048576K
Event: 12.240 GC heap after
Heap after GC invocations=8 (full 1):
 PSYoungGen      total 145920K, used 7118K [0x00000000eab00000, 0x00000000f4d00000, 0x0000000100000000)
  eden space 128512K, 0% used [0x00000000eab00000,0x00000000eab00000,0x00000000f2880000)
  from space 17408K, 40% used [0x00000000f2880000,0x00000000f2f73b10,0x00000000f3980000)
  to   space 14848K, 0% used [0x00000000f3980000,0x00000000f3980000,0x00000000f4800000)
 ParOldGen       total 88064K, used 43999K [0x00000000c0000000, 0x00000000c5600000, 0x00000000eab00000)
  object space 88064K, 49% used [0x00000000c0000000,0x00000000c2af7c10,0x00000000c5600000)
 Metaspace       used 6509K, capacity 7218K, committed 7296K, reserved 1056768K
  class space    used 598K, capacity 618K, committed 640K, reserved 1048576K
}
Event: 14.856 GC heap before
{Heap before GC invocations=9 (full 1):
 PSYoungGen      total 145920K, used 135630K [0x00000000eab00000, 0x00000000f4d00000, 0x0000000100000000)
  eden space 128512K, 100% used [0x00000000eab00000,0x00000000f2880000,0x00000000f2880000)
  from space 17408K, 40% used [0x00000000f2880000,0x00000000f2f73b10,0x00000000f3980000)
  to   space 14848K, 0% used [0x00000000f3980000,0x00000000f3980000,0x00000000f4800000)
 ParOldGen       total 88064K, used 43999K [0x00000000c0000000, 0x00000000c5600000, 0x00000000eab00000)
  object space 88064K, 49% used [0x00000000c0000000,0x00000000c2af7c10,0x00000000c5600000)
 Metaspace       used 6520K, capacity 7218K, committed 7296K, reserved 1056768K
  class space    used 598K, capacity 618K, committed 640K, reserved 1048576K
Event: 15.167 GC heap after
Heap after GC invocations=9 (full 1):
 PSYoungGen      total 128000K, used 14823K [0x00000000eab00000, 0x00000000f8a00000, 0x0000000100000000)
  eden space 113152K, 0% used [0x00000000eab00000,0x00000000eab00000,0x00000000f1980000)
  from space 14848K, 99% used [0x00000000f3980000,0x00000000f47f9c08,0x00000000f4800000)
  to   space 32768K, 0% used [0x00000000f1980000,0x00000000f1980000,0x00000000f3980000)
 ParOldGen       total 88064K, used 55559K [0x00000000c0000000, 0x00000000c5600000, 0x00000000eab00000)
  object space 88064K, 63% used [0x00000000c0000000,0x00000000c3641e50,0x00000000c5600000)
 Metaspace       used 6520K, capacity 7218K, committed 7296K, reserved 1056768K
  class space    used 598K, capacity 618K, committed 640K, reserved 1048576K
}

Deoptimization events (10 events):
Event: 16.400 Thread 0x0000000016d00000 Uncommon trap: reason=class_check action=maybe_recompile pc=0x0000000002ed2688 method=java.util.Arrays.hashCode([Ljava/lang/Object;)I @ 43
Event: 16.400 Thread 0x0000000016d00000 Uncommon trap: reason=class_check action=maybe_recompile pc=0x0000000002ed2688 method=java.util.Arrays.hashCode([Ljava/lang/Object;)I @ 43
Event: 16.400 Thread 0x0000000016d00000 Uncommon trap: reason=class_check action=maybe_recompile pc=0x0000000002ed2688 method=java.util.Arrays.hashCode([Ljava/lang/Object;)I @ 43
Event: 16.400 Thread 0x0000000016d00000 Uncommon trap: reason=class_check action=maybe_recompile pc=0x0000000002ed2688 method=java.util.Arrays.hashCode([Ljava/lang/Object;)I @ 43
Event: 16.401 Thread 0x0000000016d00000 Uncommon trap: reason=class_check action=maybe_recompile pc=0x0000000002ed20e8 method=java.util.Arrays.hashCode([Ljava/lang/Object;)I @ 43
Event: 17.673 Thread 0x0000000016d00000 Uncommon trap: reason=speculate_class_check action=maybe_recompile pc=0x0000000002d06fd0 method=com.android.dx.util.FixedSizeList.equals(Ljava/lang/Object;)Z @ 25
Event: 17.673 Thread 0x0000000016d00000 Uncommon trap: reason=speculate_class_check action=maybe_recompile pc=0x0000000002d06fd0 method=com.android.dx.util.FixedSizeList.equals(Ljava/lang/Object;)Z @ 25
Event: 17.673 Thread 0x0000000016d00000 Uncommon trap: reason=speculate_class_check action=maybe_recompile pc=0x0000000002d06fd0 method=com.android.dx.util.FixedSizeList.equals(Ljava/lang/Object;)Z @ 25
Event: 17.674 Thread 0x0000000016d00000 Uncommon trap: reason=speculate_class_check action=maybe_recompile pc=0x0000000002d06fd0 method=com.android.dx.util.FixedSizeList.equals(Ljava/lang/Object;)Z @ 25
Event: 17.674 Thread 0x0000000016d00000 Uncommon trap: reason=unstable_if action=reinterpret pc=0x0000000003266aac method=java.util.TreeMap.put(Ljava/lang/Object;Ljava/lang/Object;)Ljava/lang/Object; @ 163

Internal exceptions (6 events):
Event: 0.076 Thread 0x00000000028d0800 Exception <a 'java/lang/NoSuchMethodError': Method sun.misc.Unsafe.defineClass(Ljava/lang/String;[BII)Ljava/lang/Class; name or signature does not match> (0x00000000eab07cc0) thrown at [C:\src\android\AOSP-openjdk\external\jetbrains\jdk\hotspot\src\share\vM§šá
Event: 0.076 Thread 0x00000000028d0800 Exception <a 'java/lang/NoSuchMethodError': Method sun.misc.Unsafe.prefetchRead(Ljava/lang/Object;J)V name or signature does not match> (0x00000000eab07fa8) thrown at [C:\src\android\AOSP-openjdk\external\jetbrains\jdk\hotspot\src\share\vm\prims\jni.cpp, la¥ìœÍ@
Event: 6.701 Thread 0x0000000016d24800 Implicit null exception at 0x00000000030956e3 to 0x0000000003096f75
Event: 7.105 Thread 0x0000000016d05800 Exception <a 'java/lang/ArrayIndexOutOfBoundsException': 18> (0x00000000edde0ef8) thrown at [C:\src\android\AOSP-openjdk\external\jetbrains\jdk\hotspot\src\share\vm\interpreter\interpreterRuntime.cpp, line 366]
Event: 7.106 Thread 0x0000000016d05800 Exception <a 'java/lang/ArrayIndexOutOfBoundsException': 145> (0x00000000edde2a78) thrown at [C:\src\android\AOSP-openjdk\external\jetbrains\jdk\hotspot\src\share\vm\interpreter\interpreterRuntime.cpp, line 366]
Event: 7.107 Thread 0x0000000016d05800 Exception <a 'java/lang/ArrayIndexOutOfBoundsException': 40> (0x00000000edde3d60) thrown at [C:\src\android\AOSP-openjdk\external\jetbrains\jdk\hotspot\src\share\vm\interpreter\interpreterRuntime.cpp, line 366]

Events (10 events):
Event: 18.201 Thread 0x00000000150fc000 flushing nmethod 0x0000000002b24e90
Event: 18.201 Thread 0x00000000150fc000 flushing nmethod 0x0000000002b25490
Event: 18.201 Thread 0x00000000150fc000 flushing nmethod 0x0000000002b27290
Event: 18.201 Thread 0x00000000150fc000 flushing nmethod 0x0000000002b29c90
Event: 19.758 Thread 0x0000000016d00000 DEOPT PACKING pc=0x000000000338e719 sp=0x00000000170deee0
Event: 19.758 Thread 0x0000000016d00000 DEOPT UNPACKING pc=0x0000000002a175bf sp=0x00000000170dec58 mode 0
Event: 19.824 Thread 0x0000000016d00000 DEOPT PACKING pc=0x0000000003392bd0 sp=0x00000000170dedf0
Event: 19.824 Thread 0x0000000016d00000 DEOPT UNPACKING pc=0x0000000002a175bf sp=0x00000000170dec38 mode 0
Event: 19.875 Thread 0x0000000016d00000 DEOPT PACKING pc=0x0000000003396466 sp=0x00000000170deec0
Event: 19.875 Thread 0x0000000016d00000 DEOPT UNPACKING pc=0x0000000002a175bf sp=0x00000000170dec88 mode 0


Dynamic libraries:
0x00007ff7bbf40000 - 0x00007ff7bbf71000 	C:\Program Files\Android\Android Studio\jre\bin\java.exe
0x00007ff80bf10000 - 0x00007ff80c0bd000 	C:\windows\SYSTEM32\ntdll.dll
0x00007ff809590000 - 0x00007ff8096ce000 	C:\windows\system32\KERNEL32.DLL
0x00007ff809100000 - 0x00007ff809215000 	C:\windows\system32\KERNELBASE.dll
0x00007ff8098e0000 - 0x00007ff80998a000 	C:\windows\system32\ADVAPI32.dll
0x00007ff80b290000 - 0x00007ff80b407000 	C:\windows\system32\USER32.dll
0x00007ff806020000 - 0x00007ff80629b000 	C:\windows\WinSxS\amd64_microsoft.windows.common-controls_6595b64144ccf1df_6.0.9600.18006_none_623f33d3ecbe86e8\COMCTL32.dll
0x00007ff80b420000 - 0x00007ff80b4ca000 	C:\windows\system32\msvcrt.dll
0x00007ff80b6b0000 - 0x00007ff80b709000 	C:\windows\SYSTEM32\sechost.dll
0x00007ff8097a0000 - 0x00007ff8098e0000 	C:\windows\system32\RPCRT4.dll
0x00007ff80b860000 - 0x00007ff80b9af000 	C:\windows\system32\GDI32.dll
0x00007ff809560000 - 0x00007ff80958e000 	C:\windows\system32\SspiCli.dll
0x00007ff80b250000 - 0x00007ff80b286000 	C:\windows\system32\IMM32.DLL
0x00007ff80bdb0000 - 0x00007ff80bf02000 	C:\windows\system32\MSCTF.dll
0x0000000052f60000 - 0x0000000053032000 	C:\Program Files\Android\Android Studio\jre\jre\bin\msvcr100.dll
0x0000000053120000 - 0x0000000053954000 	C:\Program Files\Android\Android Studio\jre\jre\bin\server\jvm.dll
0x00007ff800dc0000 - 0x00007ff800dc9000 	C:\windows\SYSTEM32\WSOCK32.dll
0x00007ff804300000 - 0x00007ff804322000 	C:\windows\SYSTEM32\WINMM.dll
0x00007ff801630000 - 0x00007ff80163a000 	C:\windows\SYSTEM32\VERSION.dll
0x00007ff80b4e0000 - 0x00007ff80b4e7000 	C:\windows\system32\PSAPI.DLL
0x00007ff80ba10000 - 0x00007ff80ba6a000 	C:\windows\system32\WS2_32.dll
0x00007ff8042d0000 - 0x00007ff8042fa000 	C:\windows\SYSTEM32\WINMMBASE.dll
0x00007ff80b4d0000 - 0x00007ff80b4d9000 	C:\windows\system32\NSI.dll
0x00007ff809220000 - 0x00007ff80926f000 	C:\windows\SYSTEM32\cfgmgr32.dll
0x00007ff807e50000 - 0x00007ff807e78000 	C:\windows\SYSTEM32\DEVOBJ.dll
0x00007ff804e20000 - 0x00007ff804e2f000 	C:\Program Files\Android\Android Studio\jre\jre\bin\verify.dll
0x00007ff8049e0000 - 0x00007ff804a09000 	C:\Program Files\Android\Android Studio\jre\jre\bin\java.dll
0x00007ff8049c0000 - 0x00007ff8049d6000 	C:\Program Files\Android\Android Studio\jre\jre\bin\zip.dll
0x00007ff809b30000 - 0x00007ff80b058000 	C:\windows\system32\SHELL32.dll
0x00007ff80bb90000 - 0x00007ff80bda1000 	C:\windows\SYSTEM32\combase.dll
0x00007ff80b9b0000 - 0x00007ff80ba04000 	C:\windows\system32\SHLWAPI.dll
0x00007ff8073b0000 - 0x00007ff807462000 	C:\windows\SYSTEM32\SHCORE.dll
0x00007ff809030000 - 0x00007ff809045000 	C:\windows\SYSTEM32\profapi.dll

VM Arguments:
jvm_args: -Djava.awt.headless=true -Xmx1024M -Dfile.encoding=windows-1252 -Duser.country=US -Duser.language=en -Duser.variant 
java_command: com.android.dx.command.Main --dex --verbose --force-jumbo --num-threads=4 --multi-dex --output C:\Users\bruh\Desktop\COMP150-MOB\QueueR\app\build\intermediates\transforms\dex\debug\folders\1000\10\com.android.support-support-v4-24.1.1_a4154e86e981b836301da22e84ff1ec295ebe468 C:\Users\bruh\Desktop\COMP150-MOB\QueueR\app\build\intermediates\exploded-aar\com.android.support\support-v4\24.1.1\jars\classes.jar
java_class_path (initial): C:\Users\bruh\AppData\Local\Android\sdk\build-tools\24.0.1\lib\dx.jar
Launcher Type: SUN_STANDARD

Environment Variables:
PATH=C:\Program Files\Java\jdk1.8.0_101\bin\;C:\ProgramData\Oracle\Java\javapath;C:\windows\system32;C:\windows;C:\windows\System32\Wbem;C:\windows\System32\WindowsPowerShell\v1.0\;C:\Program Files\nodejs\;C:\Program Files (x86)\Heroku\bin;C:\Program Files (x86)\git\cmd;C:\Users\bruh\AppData\Roaming\npm;C:\Program Files (x86)\Skype\Phone\;C:\Program Files (x86)\GtkSharp\2.12\bin;C:\Program Files\Java\jdk1.8.0_101\bin\
USERNAME=bruh
OS=Windows_NT
PROCESSOR_IDENTIFIER=Intel64 Family 6 Model 69 Stepping 1, GenuineIntel



---------------  S Y S T E M  ---------------

OS: Windows 8.1 , 64 bit Build 9600 (6.3.9600.17415)

CPU:total 4 (2 cores per cpu, 2 threads per core) family 6 model 69 stepping 1, cmov, cx8, fxsr, mmx, sse, sse2, sse3, ssse3, sse4.1, sse4.2, popcnt, avx, avx2, aes, clmul, erms, lzcnt, ht, tsc, tscinvbit, bmi1, bmi2

Memory: 4k page, physical 4097056k(523648k free), swap 7242784k(5240k free)

vm_info: OpenJDK 64-Bit Server VM (25.76-b03) for windows-amd64 JRE (1.8.0_76-release-b03), built on Jun 29 2016 19:09:20 by "ralucas" with MS VC++ 10.0 (VS2010)

time: Thu Dec 15 02:55:08 2016
elapsed time: 20 seconds (0d 0h 0m 20s)

