#
# There is insufficient memory for the Java Runtime Environment to continue.
# Native memory allocation (malloc) failed to allocate 617696 bytes for Chunk::new
# Possible reasons:
#   The system is out of physical RAM or swap space
#   In 32 bit mode, the process size limit was hit
# Possible solutions:
#   Reduce memory load on the system
#   Increase physical memory or swap space
#   Check if swap backing store is full
#   Use 64 bit Java on a 64 bit OS
#   Decrease Java heap size (-Xmx/-Xms)
#   Decrease number of Java threads
#   Decrease Java thread stack sizes (-Xss)
#   Set larger code cache with -XX:ReservedCodeCacheSize=
# This output file may be truncated or incomplete.
#
#  Out of Memory Error (allocation.cpp:390), pid=5788, tid=0x00000000000009e8
#
# JRE version: Java(TM) SE Runtime Environment (8.0_101-b13) (build 1.8.0_101-b13)
# Java VM: Java HotSpot(TM) 64-Bit Server VM (25.101-b13 mixed mode windows-amd64 compressed oops)
# Failed to write core dump. Minidumps are not enabled by default on client versions of Windows
#

---------------  T H R E A D  ---------------

Current thread (0x0000000014c4c000):  JavaThread "C2 CompilerThread0" daemon [_thread_in_native, id=2536, stack(0x0000000016280000,0x0000000016380000)]

Stack: [0x0000000016280000,0x0000000016380000]
[error occurred during error reporting (printing stack bounds), id 0xc0000005]

Native frames: (J=compiled Java code, j=interpreted, Vv=VM code, C=native code)


Current CompileTask:
C2:  25610 2333       4       com.android.dx.ssa.ConstCollector::updateConstUses (248 bytes)


---------------  P R O C E S S  ---------------

Java Threads: ( => current thread )
  0x00000000167f3000 JavaThread "pool-2-thread-4" [_thread_blocked, id=6700, stack(0x0000000016f80000,0x0000000017080000)]
  0x00000000167f1000 JavaThread "pool-2-thread-3" [_thread_blocked, id=704, stack(0x0000000016e80000,0x0000000016f80000)]
  0x00000000167f0800 JavaThread "pool-2-thread-2" [_thread_in_Java, id=6948, stack(0x0000000016d80000,0x0000000016e80000)]
  0x00000000167e3800 JavaThread "pool-3-thread-1" [_thread_blocked, id=6636, stack(0x0000000016c80000,0x0000000016d80000)]
  0x00000000167e1000 JavaThread "pool-2-thread-1" [_thread_blocked, id=2076, stack(0x0000000016b80000,0x0000000016c80000)]
  0x0000000016585000 JavaThread "Service Thread" daemon [_thread_blocked, id=6644, stack(0x0000000016980000,0x0000000016a80000)]
  0x0000000014cab800 JavaThread "C1 CompilerThread2" daemon [_thread_blocked, id=1080, stack(0x0000000016480000,0x0000000016580000)]
  0x0000000014ca5800 JavaThread "C2 CompilerThread1" daemon [_thread_in_native, id=5816, stack(0x0000000016380000,0x0000000016480000)]
=>0x0000000014c4c000 JavaThread "C2 CompilerThread0" daemon [_thread_in_native, id=2536, stack(0x0000000016280000,0x0000000016380000)]
  0x0000000014c4a000 JavaThread "Attach Listener" daemon [_thread_blocked, id=5160, stack(0x0000000016180000,0x0000000016280000)]
  0x0000000014c49000 JavaThread "Signal Dispatcher" daemon [_thread_blocked, id=2272, stack(0x0000000016080000,0x0000000016180000)]
  0x0000000014c3a800 JavaThread "Finalizer" daemon [_thread_blocked, id=6064, stack(0x0000000015ea0000,0x0000000015fa0000)]
  0x000000000256f000 JavaThread "Reference Handler" daemon [_thread_blocked, id=4992, stack(0x0000000015da0000,0x0000000015ea0000)]
  0x0000000002480800 JavaThread "main" [_thread_blocked, id=6500, stack(0x0000000002330000,0x0000000002430000)]

Other Threads:
  0x0000000014c18000 VMThread [stack: 0x0000000015ca0000,0x0000000015da0000] [id=4136]
  0x0000000016588800 WatcherThread [stack: 0x0000000016a80000,0x0000000016b80000] [id=5268]

VM state:not at safepoint (normal execution)

VM Mutex/Monitor currently owned by a thread: None

Heap:
 PSYoungGen      total 75264K, used 54008K [0x00000000eab00000, 0x00000000f2c00000, 0x0000000100000000)
  eden space 54272K, 96% used [0x00000000eab00000,0x00000000ede57ad8,0x00000000ee000000)
  from space 20992K, 6% used [0x00000000ee000000,0x00000000ee166868,0x00000000ef480000)
  to   space 22528K, 0% used [0x00000000f1600000,0x00000000f1600000,0x00000000f2c00000)
 ParOldGen       total 79872K, used 43704K [0x00000000c0000000, 0x00000000c4e00000, 0x00000000eab00000)
  object space 79872K, 54% used [0x00000000c0000000,0x00000000c2aae028,0x00000000c4e00000)
 Metaspace       used 6557K, capacity 7256K, committed 7424K, reserved 1056768K
  class space    used 625K, capacity 656K, committed 768K, reserved 1048576K

Card table byte_map: [0x0000000011940000,0x0000000011b50000] byte_map_base: 0x0000000011340000

Marking Bits: (ParMarkBitMap*) 0x00000000615aa6d0
 Begin Bits: [0x00000000120b0000, 0x00000000130b0000)
 End Bits:   [0x00000000130b0000, 0x00000000140b0000)

Polling page: 0x0000000000b90000

CodeCache: size=245760Kb used=9363Kb max_used=9363Kb free=236396Kb
 bounds [0x0000000002580000, 0x0000000002eb0000, 0x0000000011580000]
 total_blobs=2415 nmethods=2145 adapters=182
 compilation: enabled

Compilation events (10 events):
Event: 25.230 Thread 0x0000000014cab800 2391       2       java.io.DataInputStream::readUnsignedByte (22 bytes)
Event: 25.231 Thread 0x0000000014cab800 nmethod 2391 0x0000000002ea6c50 code [0x0000000002ea6dc0, 0x0000000002ea6f98]
Event: 25.253 Thread 0x0000000014cab800 2392       2       java.util.Arrays::sort (19 bytes)
Event: 25.254 Thread 0x0000000014cab800 nmethod 2392 0x0000000002ea7090 code [0x0000000002ea7200, 0x0000000002ea73b8]
Event: 25.254 Thread 0x0000000014cab800 2393       2       java.util.DualPivotQuicksort::sort (1195 bytes)
Event: 25.258 Thread 0x0000000014cab800 nmethod 2393 0x0000000002ea7490 code [0x0000000002ea7780, 0x0000000002ea8c68]
Event: 25.372 Thread 0x0000000014cab800 2394       2       java.util.DualPivotQuicksort::sort (614 bytes)
Event: 25.375 Thread 0x0000000014cab800 nmethod 2394 0x0000000002eaae90 code [0x0000000002eab0e0, 0x0000000002eabe38]
Event: 25.509 Thread 0x0000000014cab800 2396       2       java.util.HashMap$TreeNode::getTreeNode (22 bytes)
Event: 25.510 Thread 0x0000000014cab800 nmethod 2396 0x0000000002ead210 code [0x0000000002ead380, 0x0000000002ead568]

GC Heap History (10 events):
Event: 6.614 GC heap before
{Heap before GC invocations=6 (full 0):
 PSYoungGen      total 35328K, used 35308K [0x00000000eab00000, 0x00000000efe00000, 0x0000000100000000)
  eden space 32768K, 100% used [0x00000000eab00000,0x00000000ecb00000,0x00000000ecb00000)
  from space 2560K, 99% used [0x00000000ecb00000,0x00000000ecd7b078,0x00000000ecd80000)
  to   space 9728K, 0% used [0x00000000ef480000,0x00000000ef480000,0x00000000efe00000)
 ParOldGen       total 44032K, used 13310K [0x00000000c0000000, 0x00000000c2b00000, 0x00000000eab00000)
  object space 44032K, 30% used [0x00000000c0000000,0x00000000c0cff8f0,0x00000000c2b00000)
 Metaspace       used 6275K, capacity 7154K, committed 7296K, reserved 1056768K
  class space    used 605K, capacity 618K, committed 640K, reserved 1048576K
Event: 6.696 GC heap after
Heap after GC invocations=6 (full 0):
 PSYoungGen      total 74240K, used 7768K [0x00000000eab00000, 0x00000000f0000000, 0x0000000100000000)
  eden space 64512K, 0% used [0x00000000eab00000,0x00000000eab00000,0x00000000eea00000)
  from space 9728K, 79% used [0x00000000ef480000,0x00000000efc162d8,0x00000000efe00000)
  to   space 10752K, 0% used [0x00000000eea00000,0x00000000eea00000,0x00000000ef480000)
 ParOldGen       total 44032K, used 13310K [0x00000000c0000000, 0x00000000c2b00000, 0x00000000eab00000)
  object space 44032K, 30% used [0x00000000c0000000,0x00000000c0cff8f0,0x00000000c2b00000)
 Metaspace       used 6275K, capacity 7154K, committed 7296K, reserved 1056768K
  class space    used 605K, capacity 618K, committed 640K, reserved 1048576K
}
Event: 9.315 GC heap before
{Heap before GC invocations=7 (full 0):
 PSYoungGen      total 74240K, used 72280K [0x00000000eab00000, 0x00000000f0000000, 0x0000000100000000)
  eden space 64512K, 100% used [0x00000000eab00000,0x00000000eea00000,0x00000000eea00000)
  from space 9728K, 79% used [0x00000000ef480000,0x00000000efc162d8,0x00000000efe00000)
  to   space 10752K, 0% used [0x00000000eea00000,0x00000000eea00000,0x00000000ef480000)
 ParOldGen       total 44032K, used 13310K [0x00000000c0000000, 0x00000000c2b00000, 0x00000000eab00000)
  object space 44032K, 30% used [0x00000000c0000000,0x00000000c0cff8f0,0x00000000c2b00000)
 Metaspace       used 6335K, capacity 7154K, committed 7296K, reserved 1056768K
  class space    used 605K, capacity 618K, committed 640K, reserved 1048576K
Event: 9.592 GC heap after
Heap after GC invocations=7 (full 0):
 PSYoungGen      total 75264K, used 10725K [0x00000000eab00000, 0x00000000f0000000, 0x0000000100000000)
  eden space 64512K, 0% used [0x00000000eab00000,0x00000000eab00000,0x00000000eea00000)
  from space 10752K, 99% used [0x00000000eea00000,0x00000000ef479650,0x00000000ef480000)
  to   space 9728K, 0% used [0x00000000ef480000,0x00000000ef480000,0x00000000efe00000)
 ParOldGen       total 44032K, used 19389K [0x00000000c0000000, 0x00000000c2b00000, 0x00000000eab00000)
  object space 44032K, 44% used [0x00000000c0000000,0x00000000c12ef568,0x00000000c2b00000)
 Metaspace       used 6335K, capacity 7154K, committed 7296K, reserved 1056768K
  class space    used 605K, capacity 618K, committed 640K, reserved 1048576K
}
Event: 10.983 GC heap before
{Heap before GC invocations=8 (full 0):
 PSYoungGen      total 75264K, used 75237K [0x00000000eab00000, 0x00000000f0000000, 0x0000000100000000)
  eden space 64512K, 100% used [0x00000000eab00000,0x00000000eea00000,0x00000000eea00000)
  from space 10752K, 99% used [0x00000000eea00000,0x00000000ef479650,0x00000000ef480000)
  to   space 9728K, 0% used [0x00000000ef480000,0x00000000ef480000,0x00000000efe00000)
 ParOldGen       total 44032K, used 19389K [0x00000000c0000000, 0x00000000c2b00000, 0x00000000eab00000)
  object space 44032K, 44% used [0x00000000c0000000,0x00000000c12ef568,0x00000000c2b00000)
 Metaspace       used 6402K, capacity 7218K, committed 7296K, reserved 1056768K
  class space    used 605K, capacity 618K, committed 640K, reserved 1048576K
Event: 12.509 GC heap after
Heap after GC invocations=8 (full 0):
 PSYoungGen      total 64000K, used 9702K [0x00000000eab00000, 0x00000000f5200000, 0x0000000100000000)
  eden space 54272K, 0% used [0x00000000eab00000,0x00000000eab00000,0x00000000ee000000)
  from space 9728K, 99% used [0x00000000ef480000,0x00000000efdf9820,0x00000000efe00000)
  to   space 20992K, 0% used [0x00000000ee000000,0x00000000ee000000,0x00000000ef480000)
 ParOldGen       total 44032K, used 31521K [0x00000000c0000000, 0x00000000c2b00000, 0x00000000eab00000)
  object space 44032K, 71% used [0x00000000c0000000,0x00000000c1ec8470,0x00000000c2b00000)
 Metaspace       used 6402K, capacity 7218K, committed 7296K, reserved 1056768K
  class space    used 605K, capacity 618K, committed 640K, reserved 1048576K
}
Event: 15.975 GC heap before
{Heap before GC invocations=9 (full 0):
 PSYoungGen      total 64000K, used 63974K [0x00000000eab00000, 0x00000000f5200000, 0x0000000100000000)
  eden space 54272K, 100% used [0x00000000eab00000,0x00000000ee000000,0x00000000ee000000)
  from space 9728K, 99% used [0x00000000ef480000,0x00000000efdf9820,0x00000000efe00000)
  to   space 20992K, 0% used [0x00000000ee000000,0x00000000ee000000,0x00000000ef480000)
 ParOldGen       total 44032K, used 31521K [0x00000000c0000000, 0x00000000c2b00000, 0x00000000eab00000)
  object space 44032K, 71% used [0x00000000c0000000,0x00000000c1ec8470,0x00000000c2b00000)
 Metaspace       used 6541K, capacity 7256K, committed 7424K, reserved 1056768K
  class space    used 625K, capacity 656K, committed 768K, reserved 1048576K
Event: 17.524 GC heap after
Heap after GC invocations=9 (full 0):
 PSYoungGen      total 75264K, used 15894K [0x00000000eab00000, 0x00000000f2c00000, 0x0000000100000000)
  eden space 54272K, 0% used [0x00000000eab00000,0x00000000eab00000,0x00000000ee000000)
  from space 20992K, 75% used [0x00000000ee000000,0x00000000eef85bb0,0x00000000ef480000)
  to   space 22528K, 0% used [0x00000000f1600000,0x00000000f1600000,0x00000000f2c00000)
 ParOldGen       total 44032K, used 33702K [0x00000000c0000000, 0x00000000c2b00000, 0x00000000eab00000)
  object space 44032K, 76% used [0x00000000c0000000,0x00000000c20e9ab8,0x00000000c2b00000)
 Metaspace       used 6541K, capacity 7256K, committed 7424K, reserved 1056768K
  class space    used 625K, capacity 656K, committed 768K, reserved 1048576K
}
Event: 17.524 GC heap before
{Heap before GC invocations=10 (full 1):
 PSYoungGen      total 75264K, used 15894K [0x00000000eab00000, 0x00000000f2c00000, 0x0000000100000000)
  eden space 54272K, 0% used [0x00000000eab00000,0x00000000eab00000,0x00000000ee000000)
  from space 20992K, 75% used [0x00000000ee000000,0x00000000eef85bb0,0x00000000ef480000)
  to   space 22528K, 0% used [0x00000000f1600000,0x00000000f1600000,0x00000000f2c00000)
 ParOldGen       total 44032K, used 33702K [0x00000000c0000000, 0x00000000c2b00000, 0x00000000eab00000)
  object space 44032K, 76% used [0x00000000c0000000,0x00000000c20e9ab8,0x00000000c2b00000)
 Metaspace       used 6541K, capacity 7256K, committed 7424K, reserved 1056768K
  class space    used 625K, capacity 656K, committed 768K, reserved 1048576K
Event: 24.053 GC heap after
Heap after GC invocations=10 (full 1):
 PSYoungGen      total 75264K, used 1434K [0x00000000eab00000, 0x00000000f2c00000, 0x0000000100000000)
  eden space 54272K, 0% used [0x00000000eab00000,0x00000000eab00000,0x00000000ee000000)
  from space 20992K, 6% used [0x00000000ee000000,0x00000000ee166868,0x00000000ef480000)
  to   space 22528K, 0% used [0x00000000f1600000,0x00000000f1600000,0x00000000f2c00000)
 ParOldGen       total 79872K, used 43704K [0x00000000c0000000, 0x00000000c4e00000, 0x00000000eab00000)
  object space 79872K, 54% used [0x00000000c0000000,0x00000000c2aae028,0x00000000c4e00000)
 Metaspace       used 6541K, capacity 7256K, committed 7424K, reserved 1056768K
  class space    used 625K, capacity 656K, committed 768K, reserved 1048576K
}

Deoptimization events (10 events):
Event: 13.787 Thread 0x00000000167f0800 Uncommon trap: reason=unstable_if action=reinterpret pc=0x0000000002bee69c method=java.util.HashMap.getNode(ILjava/lang/Object;)Ljava/util/HashMap$Node; @ 84
Event: 15.547 Thread 0x00000000167f3000 Uncommon trap: reason=unstable_if action=reinterpret pc=0x0000000002e59260 method=java.util.HashMap.putVal(ILjava/lang/Object;Ljava/lang/Object;ZZ)Ljava/lang/Object; @ 109
Event: 15.926 Thread 0x00000000167f0800 Uncommon trap: reason=unstable_if action=reinterpret pc=0x0000000002b6a68c method=com.android.dx.ssa.MoveParamCombiner$1.visitNonMoveInsn(Lcom/android/dx/ssa/NormalSsaInsn;)V @ 27
Event: 24.499 Thread 0x00000000167f3000 Uncommon trap: reason=bimorphic action=maybe_recompile pc=0x0000000002c09ec0 method=com.android.dx.ssa.LiteralOpUpgrader.tryReplacingWithConstant(Lcom/android/dx/ssa/NormalSsaInsn;)Z @ 62
Event: 24.500 Thread 0x00000000167f3000 Uncommon trap: reason=unstable_if action=reinterpret pc=0x0000000002c061c0 method=com.android.dx.ssa.LiteralOpUpgrader$1.visitNonMoveInsn(Lcom/android/dx/ssa/NormalSsaInsn;)V @ 24
Event: 24.514 Thread 0x00000000167f3000 Uncommon trap: reason=bimorphic action=maybe_recompile pc=0x0000000002c09ec0 method=com.android.dx.ssa.LiteralOpUpgrader.tryReplacingWithConstant(Lcom/android/dx/ssa/NormalSsaInsn;)Z @ 62
Event: 24.675 Thread 0x00000000167f3000 Uncommon trap: reason=unstable_if action=reinterpret pc=0x00000000029b7108 method=com.android.dx.ssa.SsaMethod.getExitBlock()Lcom/android/dx/ssa/SsaBasicBlock; @ 4
Event: 24.675 Thread 0x00000000167f3000 Uncommon trap: reason=unstable_if action=reinterpret pc=0x0000000002a90734 method=com.android.dx.ssa.SsaMethod.getExitBlock()Lcom/android/dx/ssa/SsaBasicBlock; @ 4
Event: 24.680 Thread 0x00000000167f3000 Uncommon trap: reason=unstable_if action=reinterpret pc=0x0000000002dfb3f0 method=com.android.dx.ssa.SsaMethod.getExitBlock()Lcom/android/dx/ssa/SsaBasicBlock; @ 4
Event: 25.188 Thread 0x00000000167e1000 Uncommon trap: reason=bimorphic action=maybe_recompile pc=0x0000000002e711ec method=java.util.HashMap.getNode(ILjava/lang/Object;)Ljava/util/HashMap$Node; @ 126

Internal exceptions (7 events):
Event: 0.298 Thread 0x0000000002480800 Exception <a 'java/lang/NoSuchMethodError': Method sun.misc.Unsafe.defineClass(Ljava/lang/String;[BII)Ljava/lang/Class; name or signature does not match> (0x00000000eab07cc0) thrown at [C:\re\workspace\8-2-build-windows-amd64-cygwin\jdk8u101\7261\hotspot\sMú—P Ó?
Event: 0.298 Thread 0x0000000002480800 Exception <a 'java/lang/NoSuchMethodError': Method sun.misc.Unsafe.prefetchRead(Ljava/lang/Object;J)V name or signature does not match> (0x00000000eab07fa8) thrown at [C:\re\workspace\8-2-build-windows-amd64-cygwin\jdk8u101\7261\hotspot\src\share\vm\prims\“àn¢”å@
Event: 3.487 Thread 0x00000000167f0800 Implicit null exception at 0x0000000002850fe2 to 0x00000000028510e9
Event: 10.627 Thread 0x00000000167e1000 Implicit null exception at 0x0000000002c10364 to 0x0000000002c11c2d
Event: 13.374 Thread 0x00000000167f0800 Exception <a 'java/lang/ArrayIndexOutOfBoundsException': 18> (0x00000000ebb7bd40) thrown at [C:\re\workspace\8-2-build-windows-amd64-cygwin\jdk8u101\7261\hotspot\src\share\vm\interpreter\interpreterRuntime.cpp, line 366]
Event: 13.374 Thread 0x00000000167f0800 Exception <a 'java/lang/ArrayIndexOutOfBoundsException': 145> (0x00000000ebb7d8c0) thrown at [C:\re\workspace\8-2-build-windows-amd64-cygwin\jdk8u101\7261\hotspot\src\share\vm\interpreter\interpreterRuntime.cpp, line 366]
Event: 13.377 Thread 0x00000000167f0800 Exception <a 'java/lang/ArrayIndexOutOfBoundsException': 40> (0x00000000ebb7eba8) thrown at [C:\re\workspace\8-2-build-windows-amd64-cygwin\jdk8u101\7261\hotspot\src\share\vm\interpreter\interpreterRuntime.cpp, line 366]

Events (10 events):
Event: 24.984 Thread 0x00000000167f0800 DEOPT UNPACKING pc=0x00000000025c787f sp=0x0000000016e7e350 mode 0
Event: 25.188 Thread 0x00000000167e1000 Uncommon trap: trap_request=0xffffffc6 fr.pc=0x0000000002e711ec
Event: 25.188 Thread 0x00000000167e1000 DEOPT PACKING pc=0x0000000002e711ec sp=0x0000000016c7e6d0
Event: 25.188 Thread 0x00000000167e1000 DEOPT UNPACKING pc=0x00000000025c582a sp=0x0000000016c7e650 mode 2
Event: 25.273 Thread 0x00000000167f1000 DEOPT PACKING pc=0x0000000002a11838 sp=0x0000000016f7eac0
Event: 25.274 Thread 0x00000000167f1000 DEOPT UNPACKING pc=0x00000000025c787f sp=0x0000000016f7e8f0 mode 0
Event: 25.277 Thread 0x00000000167f1000 DEOPT PACKING pc=0x0000000002a7c2a9 sp=0x0000000016f7eb20
Event: 25.277 Thread 0x00000000167f1000 DEOPT UNPACKING pc=0x00000000025c787f sp=0x0000000016f7e8b0 mode 0
Event: 25.499 Thread 0x00000000167e1000 DEOPT PACKING pc=0x0000000002a11838 sp=0x0000000016c7e910
Event: 25.499 Thread 0x00000000167e1000 DEOPT UNPACKING pc=0x00000000025c787f sp=0x0000000016c7e740 mode 0


Dynamic libraries:
0x00007ff7f8700000 - 0x00007ff7f8737000 	C:\Program Files\Java\jdk1.8.0_101\bin\java.exe
0x00007ffdf6070000 - 0x00007ffdf621d000 	C:\windows\SYSTEM32\ntdll.dll
0x00007ffdf3860000 - 0x00007ffdf399e000 	C:\windows\system32\KERNEL32.DLL
0x00007ffdf34b0000 - 0x00007ffdf35c5000 	C:\windows\system32\KERNELBASE.dll
0x00007ffdf1d70000 - 0x00007ffdf1dfe000 	C:\windows\system32\apphelp.dll
0x00007ffde7ce0000 - 0x00007ffde7d33000 	C:\windows\AppPatch\AppPatch64\AcGenral.DLL
0x00007ffdf4150000 - 0x00007ffdf41fa000 	C:\windows\system32\msvcrt.dll
0x00007ffdf3620000 - 0x00007ffdf364e000 	C:\windows\system32\SspiCli.dll
0x00007ffdf4540000 - 0x00007ffdf4594000 	C:\windows\system32\SHLWAPI.dll
0x00007ffdf3fd0000 - 0x00007ffdf4147000 	C:\windows\system32\USER32.dll
0x00007ffdf3e20000 - 0x00007ffdf3fb4000 	C:\windows\system32\ole32.dll
0x00007ffdf47a0000 - 0x00007ffdf5cc9000 	C:\windows\system32\SHELL32.dll
0x00007ffdf2a80000 - 0x00007ffdf2aa1000 	C:\windows\SYSTEM32\USERENV.dll
0x00007ffdf46f0000 - 0x00007ffdf479a000 	C:\windows\system32\ADVAPI32.dll
0x00007ffde8b00000 - 0x00007ffde8b1e000 	C:\windows\SYSTEM32\MPR.dll
0x00007ffdf45a0000 - 0x00007ffdf46e0000 	C:\windows\system32\RPCRT4.dll
0x00007ffdf6010000 - 0x00007ffdf6069000 	C:\windows\SYSTEM32\sechost.dll
0x00007ffdf5d30000 - 0x00007ffdf5f41000 	C:\windows\SYSTEM32\combase.dll
0x00007ffdf42c0000 - 0x00007ffdf440f000 	C:\windows\system32\GDI32.dll
0x00007ffdf31a0000 - 0x00007ffdf31b5000 	C:\windows\SYSTEM32\profapi.dll
0x00007ffdf1520000 - 0x00007ffdf15d2000 	C:\windows\SYSTEM32\SHCORE.dll
0x00007ffdf4500000 - 0x00007ffdf4536000 	C:\windows\system32\IMM32.DLL
0x00007ffdf3700000 - 0x00007ffdf3852000 	C:\windows\system32\MSCTF.dll
0x00007ffdf0310000 - 0x00007ffdf058b000 	C:\windows\WinSxS\amd64_microsoft.windows.common-controls_6595b64144ccf1df_6.0.9600.18006_none_623f33d3ecbe86e8\COMCTL32.dll
0x0000000060770000 - 0x0000000060842000 	C:\Program Files\Java\jdk1.8.0_101\jre\bin\msvcr100.dll
0x0000000060d90000 - 0x000000006162a000 	C:\Program Files\Java\jdk1.8.0_101\jre\bin\server\jvm.dll
0x00007ffdea6e0000 - 0x00007ffdea6e9000 	C:\windows\SYSTEM32\WSOCK32.dll
0x00007ffde9e00000 - 0x00007ffde9e22000 	C:\windows\SYSTEM32\WINMM.dll
0x00007ffdeb300000 - 0x00007ffdeb30a000 	C:\windows\SYSTEM32\VERSION.dll
0x00007ffdf3fc0000 - 0x00007ffdf3fc7000 	C:\windows\system32\PSAPI.DLL
0x00007ffdf39a0000 - 0x00007ffdf39fa000 	C:\windows\system32\WS2_32.dll
0x00007ffde6ba0000 - 0x00007ffde6bca000 	C:\windows\SYSTEM32\WINMMBASE.dll
0x00007ffdf44f0000 - 0x00007ffdf44f9000 	C:\windows\system32\NSI.dll
0x00007ffdf35d0000 - 0x00007ffdf361f000 	C:\windows\SYSTEM32\cfgmgr32.dll
0x00007ffdf1fc0000 - 0x00007ffdf1fe8000 	C:\windows\SYSTEM32\DEVOBJ.dll
0x0000000060ca0000 - 0x0000000060caf000 	C:\Program Files\Java\jdk1.8.0_101\jre\bin\verify.dll
0x0000000060c70000 - 0x0000000060c99000 	C:\Program Files\Java\jdk1.8.0_101\jre\bin\java.dll
0x0000000060c50000 - 0x0000000060c66000 	C:\Program Files\Java\jdk1.8.0_101\jre\bin\zip.dll

VM Arguments:
jvm_args: -Djava.awt.headless=true -Xmx1024M -Dfile.encoding=windows-1252 -Duser.country=US -Duser.language=en -Duser.variant 
java_command: com.android.dx.command.Main --dex --force-jumbo --num-threads=4 --multi-dex --output C:\Users\bruh\Desktop\COMP150-MOB\QueueR\app\build\intermediates\transforms\dex\debug\folders\1000\10\com.android.support-support-v4-24.1.1_a4154e86e981b836301da22e84ff1ec295ebe468 C:\Users\bruh\Desktop\COMP150-MOB\QueueR\app\build\intermediates\exploded-aar\com.android.support\support-v4\24.1.1\jars\classes.jar
java_class_path (initial): C:\Users\bruh\AppData\Local\Android\sdk\build-tools\24.0.1\lib\dx.jar
Launcher Type: SUN_STANDARD

Environment Variables:
PATH=C:\Program Files\Java\jdk1.8.0_101\bin\;C:\Program Files (x86)\Skype\Phone\;C:\Program Files\Java\jdk1.8.0_101\bin\
USERNAME=bruh
OS=Windows_NT
PROCESSOR_IDENTIFIER=Intel64 Family 6 Model 69 Stepping 1, GenuineIntel



---------------  S Y S T E M  ---------------

OS: Windows 8.1 , 64 bit Build 9600 (6.3.9600.17415)

CPU:total 4 (2 cores per cpu, 2 threads per core) family 6 model 69 stepping 1, cmov, cx8, fxsr, mmx, sse, sse2, sse3, ssse3, sse4.1, sse4.2, popcnt, avx, avx2, aes, clmul, erms, lzcnt, ht, tsc, tscinvbit, bmi1, bmi2

Memory: 4k page, physical 4097056k(177408k free), swap 7117088k(5524k free)

vm_info: Java HotSpot(TM) 64-Bit Server VM (25.101-b13) for windows-amd64 JRE (1.8.0_101-b13), built on Jun 22 2016 01:21:29 by "java_re" with MS VC++ 10.0 (VS2010)

time: Wed Sep 28 12:05:34 2016
elapsed time: 25 seconds (0d 0h 0m 25s)

