#
# There is insufficient memory for the Java Runtime Environment to continue.
# Native memory allocation (malloc) failed to allocate 317296 bytes for Chunk::new
# Possible reasons:
#   The system is out of physical RAM or swap space
#   In 32 bit mode, the process size limit was hit
# Possible solutions:
#   Reduce memory load on the system
#   Increase physical memory or swap space
#   Check if swap backing store is full
#   Use 64 bit Java on a 64 bit OS
#   Decrease Java heap size (-Xmx/-Xms)
#   Decrease number of Java threads
#   Decrease Java thread stack sizes (-Xss)
#   Set larger code cache with -XX:ReservedCodeCacheSize=
# This output file may be truncated or incomplete.
#
#  Out of Memory Error (allocation.cpp:390), pid=5948, tid=0x000000000000155c
#
# JRE version: Java(TM) SE Runtime Environment (8.0_101-b13) (build 1.8.0_101-b13)
# Java VM: Java HotSpot(TM) 64-Bit Server VM (25.101-b13 mixed mode windows-amd64 compressed oops)
# Failed to write core dump. Minidumps are not enabled by default on client versions of Windows
#

---------------  T H R E A D  ---------------

Current thread (0x0000000015246800):  JavaThread "C2 CompilerThread1" daemon [_thread_in_native, id=5468, stack(0x0000000016920000,0x0000000016a20000)]

Stack: [0x0000000016920000,0x0000000016a20000]
[error occurred during error reporting (printing stack bounds), id 0xc0000005]

Native frames: (J=compiled Java code, j=interpreted, Vv=VM code, C=native code)


Current CompileTask:
C2:  10635 1686   !   4       com.android.dx.cf.code.BytecodeArray::parseInstruction (2764 bytes)


---------------  P R O C E S S  ---------------

Java Threads: ( => current thread )
  0x0000000016dfd000 JavaThread "pool-2-thread-4" [_thread_in_vm, id=7124, stack(0x0000000017520000,0x0000000017620000)]
  0x0000000016df9000 JavaThread "pool-2-thread-3" [_thread_in_vm, id=2084, stack(0x0000000017420000,0x0000000017520000)]
  0x0000000016de3800 JavaThread "pool-2-thread-2" [_thread_in_vm, id=5876, stack(0x0000000017320000,0x0000000017420000)]
  0x0000000016de1000 JavaThread "pool-3-thread-1" [_thread_blocked, id=2840, stack(0x0000000017220000,0x0000000017320000)]
  0x0000000016de0000 JavaThread "pool-2-thread-1" [_thread_in_Java, id=2196, stack(0x0000000017120000,0x0000000017220000)]
  0x0000000016b22800 JavaThread "Service Thread" daemon [_thread_blocked, id=5180, stack(0x0000000016f20000,0x0000000017020000)]
  0x0000000015249000 JavaThread "C1 CompilerThread2" daemon [_thread_blocked, id=4216, stack(0x0000000016a20000,0x0000000016b20000)]
=>0x0000000015246800 JavaThread "C2 CompilerThread1" daemon [_thread_in_native, id=5468, stack(0x0000000016920000,0x0000000016a20000)]
  0x00000000151ed800 JavaThread "C2 CompilerThread0" daemon [_thread_in_native, id=5284, stack(0x0000000016820000,0x0000000016920000)]
  0x00000000151ec000 JavaThread "Attach Listener" daemon [_thread_blocked, id=5504, stack(0x0000000016720000,0x0000000016820000)]
  0x00000000151ea800 JavaThread "Signal Dispatcher" daemon [_thread_blocked, id=5188, stack(0x0000000016620000,0x0000000016720000)]
  0x00000000151da800 JavaThread "Finalizer" daemon [_thread_blocked, id=7120, stack(0x0000000016440000,0x0000000016540000)]
  0x0000000002a5f000 JavaThread "Reference Handler" daemon [_thread_blocked, id=6792, stack(0x0000000016340000,0x0000000016440000)]
  0x0000000002970800 JavaThread "main" [_thread_in_vm, id=5152, stack(0x00000000010f0000,0x00000000011f0000)]

Other Threads:
  0x00000000151b8000 VMThread [stack: 0x0000000016240000,0x0000000016340000] [id=5720]
  0x0000000016b52800 WatcherThread [stack: 0x0000000017020000,0x0000000017120000] [id=1616]

VM state:synchronizing (normal execution)

VM Mutex/Monitor currently owned by a thread:  ([mutex/lock_event])
[0x0000000000fdc480] Safepoint_lock - owner thread: 0x00000000151b8000
[0x0000000000fdbb00] Threads_lock - owner thread: 0x00000000151b8000
[0x0000000000fdc780] Heap_lock - owner thread: 0x0000000016df9000

Heap:
 PSYoungGen      total 35328K, used 35316K [0x00000000eab00000, 0x00000000ef000000, 0x0000000100000000)
  eden space 32768K, 100% used [0x00000000eab00000,0x00000000ecb00000,0x00000000ecb00000)
  from space 2560K, 99% used [0x00000000ecb00000,0x00000000ecd7d0b0,0x00000000ecd80000)
  to   space 2560K, 0% used [0x00000000eed80000,0x00000000eed80000,0x00000000ef000000)
 ParOldGen       total 44032K, used 7944K [0x00000000c0000000, 0x00000000c2b00000, 0x00000000eab00000)
  object space 44032K, 18% used [0x00000000c0000000,0x00000000c07c22e8,0x00000000c2b00000)
 Metaspace       used 6266K, capacity 7154K, committed 7296K, reserved 1056768K
  class space    used 604K, capacity 618K, committed 640K, reserved 1048576K

Card table byte_map: [0x0000000011ee0000,0x00000000120f0000] byte_map_base: 0x00000000118e0000

Marking Bits: (ParMarkBitMap*) 0x00000000615aa6d0
 Begin Bits: [0x0000000012650000, 0x0000000013650000)
 End Bits:   [0x0000000013650000, 0x0000000014650000)

Polling page: 0x0000000000fe0000

CodeCache: size=245760Kb used=7580Kb max_used=7580Kb free=238179Kb
 bounds [0x0000000002b20000, 0x0000000003290000, 0x0000000011b20000]
 total_blobs=1958 nmethods=1688 adapters=182
 compilation: enabled

Compilation events (10 events):
Event: 10.535 Thread 0x0000000015249000 1716       3       com.android.dx.ssa.back.FirstFitLocalCombiningAllocator::processPhiInsn (255 bytes)
Event: 10.540 Thread 0x0000000015249000 nmethod 1716 0x0000000003285e50 code [0x0000000003286220, 0x0000000003288658]
Event: 10.550 Thread 0x0000000015249000 1717       1       com.android.dx.rop.cst.CstFloat::getType (4 bytes)
Event: 10.550 Thread 0x0000000015249000 nmethod 1717 0x0000000003289e50 code [0x0000000003289fa0, 0x000000000328a0b0]
Event: 10.551 Thread 0x0000000015249000 1718       1       com.android.dx.ssa.PhiInsn::canThrow (2 bytes)
Event: 10.551 Thread 0x0000000015249000 nmethod 1718 0x000000000328a110 code [0x000000000328a260, 0x000000000328a370]
Event: 10.562 Thread 0x0000000015249000 1720       2       java.util.concurrent.locks.AbstractQueuedSynchronizer::setState (6 bytes)
Event: 10.562 Thread 0x0000000015249000 nmethod 1720 0x000000000328a3d0 code [0x000000000328a520, 0x000000000328a670]
Event: 10.569 Thread 0x0000000015249000 1721       2       com.android.dx.ssa.PhiTypeResolver::resolveResultType (308 bytes)
Event: 10.573 Thread 0x0000000015249000 nmethod 1721 0x000000000328a6d0 code [0x000000000328a9c0, 0x000000000328b838]

GC Heap History (6 events):
Event: 2.421 GC heap before
{Heap before GC invocations=1 (full 0):
 PSYoungGen      total 18944K, used 16384K [0x00000000eab00000, 0x00000000ec000000, 0x0000000100000000)
  eden space 16384K, 100% used [0x00000000eab00000,0x00000000ebb00000,0x00000000ebb00000)
  from space 2560K, 0% used [0x00000000ebd80000,0x00000000ebd80000,0x00000000ec000000)
  to   space 2560K, 0% used [0x00000000ebb00000,0x00000000ebb00000,0x00000000ebd80000)
 ParOldGen       total 44032K, used 0K [0x00000000c0000000, 0x00000000c2b00000, 0x00000000eab00000)
  object space 44032K, 0% used [0x00000000c0000000,0x00000000c0000000,0x00000000c2b00000)
 Metaspace       used 5485K, capacity 6448K, committed 6528K, reserved 1056768K
  class space    used 598K, capacity 616K, committed 640K, reserved 1048576K
Event: 2.521 GC heap after
Heap after GC invocations=1 (full 0):
 PSYoungGen      total 18944K, used 2536K [0x00000000eab00000, 0x00000000ed000000, 0x0000000100000000)
  eden space 16384K, 0% used [0x00000000eab00000,0x00000000eab00000,0x00000000ebb00000)
  from space 2560K, 99% used [0x00000000ebb00000,0x00000000ebd7a078,0x00000000ebd80000)
  to   space 2560K, 0% used [0x00000000ecd80000,0x00000000ecd80000,0x00000000ed000000)
 ParOldGen       total 44032K, used 788K [0x00000000c0000000, 0x00000000c2b00000, 0x00000000eab00000)
  object space 44032K, 1% used [0x00000000c0000000,0x00000000c00c53b8,0x00000000c2b00000)
 Metaspace       used 5485K, capacity 6448K, committed 6528K, reserved 1056768K
  class space    used 598K, capacity 616K, committed 640K, reserved 1048576K
}
Event: 4.725 GC heap before
{Heap before GC invocations=2 (full 0):
 PSYoungGen      total 18944K, used 18920K [0x00000000eab00000, 0x00000000ed000000, 0x0000000100000000)
  eden space 16384K, 100% used [0x00000000eab00000,0x00000000ebb00000,0x00000000ebb00000)
  from space 2560K, 99% used [0x00000000ebb00000,0x00000000ebd7a078,0x00000000ebd80000)
  to   space 2560K, 0% used [0x00000000ecd80000,0x00000000ecd80000,0x00000000ed000000)
 ParOldGen       total 44032K, used 788K [0x00000000c0000000, 0x00000000c2b00000, 0x00000000eab00000)
  object space 44032K, 1% used [0x00000000c0000000,0x00000000c00c53b8,0x00000000c2b00000)
 Metaspace       used 6040K, capacity 6962K, committed 7040K, reserved 1056768K
  class space    used 603K, capacity 618K, committed 640K, reserved 1048576K
Event: 5.703 GC heap after
Heap after GC invocations=2 (full 0):
 PSYoungGen      total 35328K, used 2552K [0x00000000eab00000, 0x00000000ed000000, 0x0000000100000000)
  eden space 32768K, 0% used [0x00000000eab00000,0x00000000eab00000,0x00000000ecb00000)
  from space 2560K, 99% used [0x00000000ecd80000,0x00000000ecffe3c8,0x00000000ed000000)
  to   space 2560K, 0% used [0x00000000ecb00000,0x00000000ecb00000,0x00000000ecd80000)
 ParOldGen       total 44032K, used 2703K [0x00000000c0000000, 0x00000000c2b00000, 0x00000000eab00000)
  object space 44032K, 6% used [0x00000000c0000000,0x00000000c02a3ee8,0x00000000c2b00000)
 Metaspace       used 6040K, capacity 6962K, committed 7040K, reserved 1056768K
  class space    used 603K, capacity 618K, committed 640K, reserved 1048576K
}
Event: 8.513 GC heap before
{Heap before GC invocations=3 (full 0):
 PSYoungGen      total 35328K, used 35320K [0x00000000eab00000, 0x00000000ed000000, 0x0000000100000000)
  eden space 32768K, 100% used [0x00000000eab00000,0x00000000ecb00000,0x00000000ecb00000)
  from space 2560K, 99% used [0x00000000ecd80000,0x00000000ecffe3c8,0x00000000ed000000)
  to   space 2560K, 0% used [0x00000000ecb00000,0x00000000ecb00000,0x00000000ecd80000)
 ParOldGen       total 44032K, used 2703K [0x00000000c0000000, 0x00000000c2b00000, 0x00000000eab00000)
  object space 44032K, 6% used [0x00000000c0000000,0x00000000c02a3ee8,0x00000000c2b00000)
 Metaspace       used 6219K, capacity 7090K, committed 7296K, reserved 1056768K
  class space    used 604K, capacity 618K, committed 640K, reserved 1048576K
Event: 9.184 GC heap after
Heap after GC invocations=3 (full 0):
 PSYoungGen      total 35328K, used 2548K [0x00000000eab00000, 0x00000000ef000000, 0x0000000100000000)
  eden space 32768K, 0% used [0x00000000eab00000,0x00000000eab00000,0x00000000ecb00000)
  from space 2560K, 99% used [0x00000000ecb00000,0x00000000ecd7d0b0,0x00000000ecd80000)
  to   space 2560K, 0% used [0x00000000eed80000,0x00000000eed80000,0x00000000ef000000)
 ParOldGen       total 44032K, used 7944K [0x00000000c0000000, 0x00000000c2b00000, 0x00000000eab00000)
  object space 44032K, 18% used [0x00000000c0000000,0x00000000c07c22e8,0x00000000c2b00000)
 Metaspace       used 6219K, capacity 7090K, committed 7296K, reserved 1056768K
  class space    used 604K, capacity 618K, committed 640K, reserved 1048576K
}

Deoptimization events (10 events):
Event: 9.581 Thread 0x0000000002970800 Uncommon trap: reason=unstable_if action=reinterpret pc=0x0000000002d08678 method=java.lang.String.<init>([CII)V @ 18
Event: 10.131 Thread 0x0000000002970800 Uncommon trap: reason=bimorphic action=maybe_recompile pc=0x00000000032476ac method=com.android.dx.ssa.SCCP.setLatticeValueTo(IILcom/android/dx/rop/cst/Constant;)Z @ 43
Event: 10.273 Thread 0x0000000016de3800 Uncommon trap: reason=bimorphic action=maybe_recompile pc=0x00000000032476ac method=com.android.dx.ssa.SCCP.setLatticeValueTo(IILcom/android/dx/rop/cst/Constant;)Z @ 43
Event: 10.273 Thread 0x0000000016de3800 Uncommon trap: reason=bimorphic action=maybe_recompile pc=0x00000000032476ac method=com.android.dx.ssa.SCCP.setLatticeValueTo(IILcom/android/dx/rop/cst/Constant;)Z @ 43
Event: 10.273 Thread 0x0000000016df9000 Uncommon trap: reason=unstable_if action=reinterpret pc=0x0000000003231360 method=com.android.dx.cf.code.RopperMachine.run(Lcom/android/dx/cf/code/Frame;II)V @ 1500
Event: 10.288 Thread 0x0000000002970800 Uncommon trap: reason=unstable_if action=reinterpret pc=0x000000000300f7d8 method=com.android.dx.ssa.SCCP.simulateStmt(Lcom/android/dx/ssa/SsaInsn;)V @ 53
Event: 10.288 Thread 0x0000000002970800 Uncommon trap: reason=bimorphic action=maybe_recompile pc=0x000000000324759c method=com.android.dx.ssa.SCCP.simulatePhi(Lcom/android/dx/ssa/PhiInsn;)V @ 124
Event: 10.288 Thread 0x0000000002970800 Uncommon trap: reason=bimorphic action=maybe_recompile pc=0x000000000324759c method=com.android.dx.ssa.SCCP.simulatePhi(Lcom/android/dx/ssa/PhiInsn;)V @ 124
Event: 10.294 Thread 0x0000000002970800 Uncommon trap: reason=bimorphic action=maybe_recompile pc=0x000000000324759c method=com.android.dx.ssa.SCCP.simulatePhi(Lcom/android/dx/ssa/PhiInsn;)V @ 124
Event: 10.294 Thread 0x0000000002970800 Uncommon trap: reason=bimorphic action=maybe_recompile pc=0x000000000324759c method=com.android.dx.ssa.SCCP.simulatePhi(Lcom/android/dx/ssa/PhiInsn;)V @ 124

Internal exceptions (2 events):
Event: 0.224 Thread 0x0000000002970800 Exception <a 'java/lang/NoSuchMethodError': Method sun.misc.Unsafe.defineClass(Ljava/lang/String;[BII)Ljava/lang/Class; name or signature does not match> (0x00000000eab07cc0) thrown at [C:\re\workspace\8-2-build-windows-amd64-cygwin\jdk8u101\7261\hotspot\sÓjj«Ì?
Event: 0.224 Thread 0x0000000002970800 Exception <a 'java/lang/NoSuchMethodError': Method sun.misc.Unsafe.prefetchRead(Ljava/lang/Object;J)V name or signature does not match> (0x00000000eab07fa8) thrown at [C:\re\workspace\8-2-build-windows-amd64-cygwin\jdk8u101\7261\hotspot\src\share\vm\prims\

Events (10 events):
Event: 10.292 Thread 0x0000000016dfd000 DEOPT UNPACKING pc=0x0000000002b6787f sp=0x000000001761e890 mode 0
Event: 10.294 Thread 0x0000000002970800 Uncommon trap: trap_request=0xffffffc6 fr.pc=0x000000000324759c
Event: 10.294 Thread 0x0000000002970800 DEOPT PACKING pc=0x000000000324759c sp=0x00000000011ee280
Event: 10.294 Thread 0x0000000002970800 DEOPT UNPACKING pc=0x0000000002b6582a sp=0x00000000011ee248 mode 2
Event: 10.294 Thread 0x0000000002970800 Uncommon trap: trap_request=0xffffffc6 fr.pc=0x000000000324759c
Event: 10.294 Thread 0x0000000002970800 DEOPT PACKING pc=0x000000000324759c sp=0x00000000011ee280
Event: 10.294 Thread 0x0000000002970800 DEOPT UNPACKING pc=0x0000000002b6582a sp=0x00000000011ee248 mode 2
Event: 10.555 Thread 0x0000000016df9000 DEOPT PACKING pc=0x0000000002d569f9 sp=0x000000001751ed10
Event: 10.555 Thread 0x0000000016df9000 DEOPT UNPACKING pc=0x0000000002b6787f sp=0x000000001751ea40 mode 0
Event: 10.582 Executing VM operation: ParallelGCFailedAllocation


Dynamic libraries:
0x00007ff7f8700000 - 0x00007ff7f8737000 	C:\Program Files\Java\jdk1.8.0_101\bin\java.exe
0x00007ffdf6070000 - 0x00007ffdf621d000 	C:\windows\SYSTEM32\ntdll.dll
0x00007ffdf3860000 - 0x00007ffdf399e000 	C:\windows\system32\KERNEL32.DLL
0x00007ffdf34b0000 - 0x00007ffdf35c5000 	C:\windows\system32\KERNELBASE.dll
0x00007ffdf1d70000 - 0x00007ffdf1dfe000 	C:\windows\system32\apphelp.dll
0x00007ffde7ce0000 - 0x00007ffde7d33000 	C:\windows\AppPatch\AppPatch64\AcGenral.DLL
0x00007ffdf4150000 - 0x00007ffdf41fa000 	C:\windows\system32\msvcrt.dll
0x00007ffdf3620000 - 0x00007ffdf364e000 	C:\windows\system32\SspiCli.dll
0x00007ffdf4540000 - 0x00007ffdf4594000 	C:\windows\system32\SHLWAPI.dll
0x00007ffdf3fd0000 - 0x00007ffdf4147000 	C:\windows\system32\USER32.dll
0x00007ffdf3e20000 - 0x00007ffdf3fb4000 	C:\windows\system32\ole32.dll
0x00007ffdf47a0000 - 0x00007ffdf5cc9000 	C:\windows\system32\SHELL32.dll
0x00007ffdf2a80000 - 0x00007ffdf2aa1000 	C:\windows\SYSTEM32\USERENV.dll
0x00007ffdf46f0000 - 0x00007ffdf479a000 	C:\windows\system32\ADVAPI32.dll
0x00007ffde8b00000 - 0x00007ffde8b1e000 	C:\windows\SYSTEM32\MPR.dll
0x00007ffdf45a0000 - 0x00007ffdf46e0000 	C:\windows\system32\RPCRT4.dll
0x00007ffdf6010000 - 0x00007ffdf6069000 	C:\windows\SYSTEM32\sechost.dll
0x00007ffdf5d30000 - 0x00007ffdf5f41000 	C:\windows\SYSTEM32\combase.dll
0x00007ffdf42c0000 - 0x00007ffdf440f000 	C:\windows\system32\GDI32.dll
0x00007ffdf31a0000 - 0x00007ffdf31b5000 	C:\windows\SYSTEM32\profapi.dll
0x00007ffdf1520000 - 0x00007ffdf15d2000 	C:\windows\SYSTEM32\SHCORE.dll
0x00007ffdf4500000 - 0x00007ffdf4536000 	C:\windows\system32\IMM32.DLL
0x00007ffdf3700000 - 0x00007ffdf3852000 	C:\windows\system32\MSCTF.dll
0x00007ffdf0310000 - 0x00007ffdf058b000 	C:\windows\WinSxS\amd64_microsoft.windows.common-controls_6595b64144ccf1df_6.0.9600.18006_none_623f33d3ecbe86e8\COMCTL32.dll
0x0000000060770000 - 0x0000000060842000 	C:\Program Files\Java\jdk1.8.0_101\jre\bin\msvcr100.dll
0x0000000060d90000 - 0x000000006162a000 	C:\Program Files\Java\jdk1.8.0_101\jre\bin\server\jvm.dll
0x00007ffdea6e0000 - 0x00007ffdea6e9000 	C:\windows\SYSTEM32\WSOCK32.dll
0x00007ffde9e00000 - 0x00007ffde9e22000 	C:\windows\SYSTEM32\WINMM.dll
0x00007ffdeb300000 - 0x00007ffdeb30a000 	C:\windows\SYSTEM32\VERSION.dll
0x00007ffdf3fc0000 - 0x00007ffdf3fc7000 	C:\windows\system32\PSAPI.DLL
0x00007ffdf39a0000 - 0x00007ffdf39fa000 	C:\windows\system32\WS2_32.dll
0x00007ffde6ba0000 - 0x00007ffde6bca000 	C:\windows\SYSTEM32\WINMMBASE.dll
0x00007ffdf44f0000 - 0x00007ffdf44f9000 	C:\windows\system32\NSI.dll
0x00007ffdf35d0000 - 0x00007ffdf361f000 	C:\windows\SYSTEM32\cfgmgr32.dll
0x00007ffdf1fc0000 - 0x00007ffdf1fe8000 	C:\windows\SYSTEM32\DEVOBJ.dll
0x0000000060ca0000 - 0x0000000060caf000 	C:\Program Files\Java\jdk1.8.0_101\jre\bin\verify.dll
0x0000000060c70000 - 0x0000000060c99000 	C:\Program Files\Java\jdk1.8.0_101\jre\bin\java.dll
0x0000000060c50000 - 0x0000000060c66000 	C:\Program Files\Java\jdk1.8.0_101\jre\bin\zip.dll

VM Arguments:
jvm_args: -Djava.awt.headless=true -Xmx1024M -Dfile.encoding=windows-1252 -Duser.country=US -Duser.language=en -Duser.variant 
java_command: com.android.dx.command.Main --dex --force-jumbo --num-threads=4 --multi-dex --output C:\Users\bruh\Desktop\COMP150-MOB\QueueR\app\build\intermediates\transforms\dex\debug\folders\1000\10\com.android.support-appcompat-v7-24.1.1_ebbed52b42f6f05cd04bdfd5166f527c4e1fc9ac C:\Users\bruh\Desktop\COMP150-MOB\QueueR\app\build\intermediates\exploded-aar\com.android.support\appcompat-v7\24.1.1\jars\classes.jar
java_class_path (initial): C:\Users\bruh\AppData\Local\Android\sdk\build-tools\24.0.1\lib\dx.jar
Launcher Type: SUN_STANDARD

Environment Variables:
PATH=C:\Program Files\Java\jdk1.8.0_101\bin\;C:\Program Files (x86)\Skype\Phone\;C:\Program Files\Java\jdk1.8.0_101\bin\
USERNAME=bruh
OS=Windows_NT
PROCESSOR_IDENTIFIER=Intel64 Family 6 Model 69 Stepping 1, GenuineIntel



---------------  S Y S T E M  ---------------

OS: Windows 8.1 , 64 bit Build 9600 (6.3.9600.17415)

CPU:total 4 (2 cores per cpu, 2 threads per core) family 6 model 69 stepping 1, cmov, cx8, fxsr, mmx, sse, sse2, sse3, ssse3, sse4.1, sse4.2, popcnt, avx, avx2, aes, clmul, erms, lzcnt, ht, tsc, tscinvbit, bmi1, bmi2

Memory: 4k page, physical 4097056k(204188k free), swap 7117088k(5400k free)

vm_info: Java HotSpot(TM) 64-Bit Server VM (25.101-b13) for windows-amd64 JRE (1.8.0_101-b13), built on Jun 22 2016 01:21:29 by "java_re" with MS VC++ 10.0 (VS2010)

time: Wed Sep 28 12:05:46 2016
elapsed time: 10 seconds (0d 0h 0m 10s)

