#
# There is insufficient memory for the Java Runtime Environment to continue.
# Native memory allocation (malloc) failed to allocate 549456 bytes for Chunk::new
# Possible reasons:
#   The system is out of physical RAM or swap space
#   In 32 bit mode, the process size limit was hit
# Possible solutions:
#   Reduce memory load on the system
#   Increase physical memory or swap space
#   Check if swap backing store is full
#   Use 64 bit Java on a 64 bit OS
#   Decrease Java heap size (-Xmx/-Xms)
#   Decrease number of Java threads
#   Decrease Java thread stack sizes (-Xss)
#   Set larger code cache with -XX:ReservedCodeCacheSize=
# This output file may be truncated or incomplete.
#
#  Out of Memory Error (allocation.cpp:390), pid=7100, tid=0x0000000000001198
#
# JRE version: Java(TM) SE Runtime Environment (8.0_101-b13) (build 1.8.0_101-b13)
# Java VM: Java HotSpot(TM) 64-Bit Server VM (25.101-b13 mixed mode windows-amd64 compressed oops)
# Failed to write core dump. Minidumps are not enabled by default on client versions of Windows
#

---------------  T H R E A D  ---------------

Current thread (0x0000000015166800):  JavaThread "C2 CompilerThread1" daemon [_thread_in_native, id=4504, stack(0x0000000016850000,0x0000000016950000)]

Stack: [0x0000000016850000,0x0000000016950000]
[error occurred during error reporting (printing stack bounds), id 0xc0000005]

Native frames: (J=compiled Java code, j=interpreted, Vv=VM code, C=native code)


Current CompileTask:
C2:  30933 2477       4       com.android.dx.dex.file.DexFile::internIfAppropriate (128 bytes)


---------------  P R O C E S S  ---------------

Java Threads: ( => current thread )
  0x0000000016c58800 JavaThread "pool-1-thread-1" [_thread_in_Java, id=6732, stack(0x0000000017050000,0x0000000017150000)]
  0x0000000016955800 JavaThread "Service Thread" daemon [_thread_blocked, id=6296, stack(0x0000000016e50000,0x0000000016f50000)]
  0x000000001516c800 JavaThread "C1 CompilerThread2" daemon [_thread_in_vm, id=6560, stack(0x0000000016d50000,0x0000000016e50000)]
=>0x0000000015166800 JavaThread "C2 CompilerThread1" daemon [_thread_in_native, id=4504, stack(0x0000000016850000,0x0000000016950000)]
  0x000000001510d000 JavaThread "C2 CompilerThread0" daemon [_thread_in_native, id=1384, stack(0x0000000016750000,0x0000000016850000)]
  0x000000001510b000 JavaThread "Attach Listener" daemon [_thread_blocked, id=5456, stack(0x0000000016650000,0x0000000016750000)]
  0x000000001510a000 JavaThread "Signal Dispatcher" daemon [_thread_blocked, id=6620, stack(0x0000000016550000,0x0000000016650000)]
  0x00000000150fa800 JavaThread "Finalizer" daemon [_thread_blocked, id=3436, stack(0x0000000016370000,0x0000000016470000)]
  0x0000000002a2f000 JavaThread "Reference Handler" daemon [_thread_blocked, id=2552, stack(0x0000000016270000,0x0000000016370000)]
  0x0000000002940800 JavaThread "main" [_thread_blocked, id=7064, stack(0x00000000027a0000,0x00000000028a0000)]

Other Threads:
  0x00000000150d8000 VMThread [stack: 0x0000000016170000,0x0000000016270000] [id=5032]
  0x000000001697a800 WatcherThread [stack: 0x0000000016f50000,0x0000000017050000] [id=1276]

VM state:not at safepoint (normal execution)

VM Mutex/Monitor currently owned by a thread: None

Heap:
 PSYoungGen      total 194560K, used 80119K [0x00000000eab00000, 0x00000000fa100000, 0x0000000100000000)
  eden space 168960K, 32% used [0x00000000eab00000,0x00000000ee0b2cc0,0x00000000f5000000)
  from space 25600K, 98% used [0x00000000f8800000,0x00000000fa08b328,0x00000000fa100000)
  to   space 32768K, 0% used [0x00000000f6100000,0x00000000f6100000,0x00000000f8100000)
 ParOldGen       total 78336K, used 47683K [0x00000000c0000000, 0x00000000c4c80000, 0x00000000eab00000)
  object space 78336K, 60% used [0x00000000c0000000,0x00000000c2e90d10,0x00000000c4c80000)
 Metaspace       used 6864K, capacity 7544K, committed 7680K, reserved 1056768K
  class space    used 643K, capacity 688K, committed 768K, reserved 1048576K

Card table byte_map: [0x0000000011e00000,0x0000000012010000] byte_map_base: 0x0000000011800000

Marking Bits: (ParMarkBitMap*) 0x00000000615aa6d0
 Begin Bits: [0x0000000012570000, 0x0000000013570000)
 End Bits:   [0x0000000013570000, 0x0000000014570000)

Polling page: 0x00000000011f0000

CodeCache: size=245760Kb used=9373Kb max_used=11050Kb free=236387Kb
 bounds [0x0000000002a40000, 0x0000000003520000, 0x0000000011a40000]
 total_blobs=2390 nmethods=2120 adapters=182
 compilation: enabled

Compilation events (10 events):
Event: 30.906 Thread 0x000000001516c800 2644       2       com.android.dx.rop.code.RegisterSpecList::access$400 (7 bytes)
Event: 30.907 Thread 0x000000001516c800 nmethod 2644 0x0000000002bda0d0 code [0x0000000002bda280, 0x0000000002bda6a8]
Event: 30.907 Thread 0x000000001516c800 2646       2       com.android.dx.dex.code.DalvInsn::hasResult (8 bytes)
Event: 30.907 Thread 0x000000001516c800 nmethod 2646 0x0000000002e21a50 code [0x0000000002e21ba0, 0x0000000002e21cf0]
Event: 30.907 Thread 0x000000001516c800 2645       2       com.android.dx.dex.code.form.Form11x::isCompatible (40 bytes)
Event: 30.908 Thread 0x000000001516c800 nmethod 2645 0x0000000002cc6d90 code [0x0000000002cc6f00, 0x0000000002cc7168]
Event: 30.908 Thread 0x000000001516c800 2647       2       com.android.dx.rop.code.RegisterSpecList$Expander::expandRegister (85 bytes)
Event: 30.909 Thread 0x000000001516c800 nmethod 2647 0x0000000002d62790 code [0x0000000002d62980, 0x0000000002d62f68]
Event: 30.909 Thread 0x000000001516c800 2649       2       com.android.dx.dex.code.InsnFormat::signedFitsInShort (12 bytes)
Event: 30.909 Thread 0x000000001516c800 nmethod 2649 0x0000000002cc6a50 code [0x0000000002cc6ba0, 0x0000000002cc6cf0]

GC Heap History (10 events):
Event: 9.140 GC heap before
{Heap before GC invocations=7 (full 0):
 PSYoungGen      total 72704K, used 71735K [0x00000000eab00000, 0x00000000eff00000, 0x0000000100000000)
  eden space 64000K, 100% used [0x00000000eab00000,0x00000000ee980000,0x00000000ee980000)
  from space 8704K, 88% used [0x00000000ef380000,0x00000000efb0df38,0x00000000efc00000)
  to   space 10240K, 0% used [0x00000000ee980000,0x00000000ee980000,0x00000000ef380000)
 ParOldGen       total 44032K, used 11705K [0x00000000c0000000, 0x00000000c2b00000, 0x00000000eab00000)
  object space 44032K, 26% used [0x00000000c0000000,0x00000000c0b6e7e0,0x00000000c2b00000)
 Metaspace       used 6338K, capacity 7154K, committed 7296K, reserved 1056768K
  class space    used 604K, capacity 618K, committed 640K, reserved 1048576K
Event: 9.436 GC heap after
Heap after GC invocations=7 (full 0):
 PSYoungGen      total 74240K, used 10229K [0x00000000eab00000, 0x00000000f4600000, 0x0000000100000000)
  eden space 64000K, 0% used [0x00000000eab00000,0x00000000eab00000,0x00000000ee980000)
  from space 10240K, 99% used [0x00000000ee980000,0x00000000ef37d660,0x00000000ef380000)
  to   space 15360K, 0% used [0x00000000f3700000,0x00000000f3700000,0x00000000f4600000)
 ParOldGen       total 44032K, used 17980K [0x00000000c0000000, 0x00000000c2b00000, 0x00000000eab00000)
  object space 44032K, 40% used [0x00000000c0000000,0x00000000c118f1a8,0x00000000c2b00000)
 Metaspace       used 6338K, capacity 7154K, committed 7296K, reserved 1056768K
  class space    used 604K, capacity 618K, committed 640K, reserved 1048576K
}
Event: 11.336 GC heap before
{Heap before GC invocations=8 (full 0):
 PSYoungGen      total 74240K, used 74229K [0x00000000eab00000, 0x00000000f4600000, 0x0000000100000000)
  eden space 64000K, 100% used [0x00000000eab00000,0x00000000ee980000,0x00000000ee980000)
  from space 10240K, 99% used [0x00000000ee980000,0x00000000ef37d660,0x00000000ef380000)
  to   space 15360K, 0% used [0x00000000f3700000,0x00000000f3700000,0x00000000f4600000)
 ParOldGen       total 44032K, used 17980K [0x00000000c0000000, 0x00000000c2b00000, 0x00000000eab00000)
  object space 44032K, 40% used [0x00000000c0000000,0x00000000c118f1a8,0x00000000c2b00000)
 Metaspace       used 6453K, capacity 7218K, committed 7296K, reserved 1056768K
  class space    used 604K, capacity 618K, committed 640K, reserved 1048576K
Event: 13.266 GC heap after
Heap after GC invocations=8 (full 0):
 PSYoungGen      total 138240K, used 15328K [0x00000000eab00000, 0x00000000f5000000, 0x0000000100000000)
  eden space 122880K, 0% used [0x00000000eab00000,0x00000000eab00000,0x00000000f2300000)
  from space 15360K, 99% used [0x00000000f3700000,0x00000000f45f8338,0x00000000f4600000)
  to   space 20480K, 0% used [0x00000000f2300000,0x00000000f2300000,0x00000000f3700000)
 ParOldGen       total 44032K, used 23609K [0x00000000c0000000, 0x00000000c2b00000, 0x00000000eab00000)
  object space 44032K, 53% used [0x00000000c0000000,0x00000000c170e6b0,0x00000000c2b00000)
 Metaspace       used 6453K, capacity 7218K, committed 7296K, reserved 1056768K
  class space    used 604K, capacity 618K, committed 640K, reserved 1048576K
}
Event: 23.923 GC heap before
{Heap before GC invocations=9 (full 0):
 PSYoungGen      total 138240K, used 138208K [0x00000000eab00000, 0x00000000f5000000, 0x0000000100000000)
  eden space 122880K, 100% used [0x00000000eab00000,0x00000000f2300000,0x00000000f2300000)
  from space 15360K, 99% used [0x00000000f3700000,0x00000000f45f8338,0x00000000f4600000)
  to   space 20480K, 0% used [0x00000000f2300000,0x00000000f2300000,0x00000000f3700000)
 ParOldGen       total 44032K, used 23609K [0x00000000c0000000, 0x00000000c2b00000, 0x00000000eab00000)
  object space 44032K, 53% used [0x00000000c0000000,0x00000000c170e6b0,0x00000000c2b00000)
 Metaspace       used 6574K, capacity 7256K, committed 7424K, reserved 1056768K
  class space    used 624K, capacity 656K, committed 768K, reserved 1048576K
Event: 24.855 GC heap after
Heap after GC invocations=9 (full 0):
 PSYoungGen      total 143360K, used 20458K [0x00000000eab00000, 0x00000000fa500000, 0x0000000100000000)
  eden space 122880K, 0% used [0x00000000eab00000,0x00000000eab00000,0x00000000f2300000)
  from space 20480K, 99% used [0x00000000f2300000,0x00000000f36fab50,0x00000000f3700000)
  to   space 29696K, 0% used [0x00000000f8800000,0x00000000f8800000,0x00000000fa500000)
 ParOldGen       total 44032K, used 37762K [0x00000000c0000000, 0x00000000c2b00000, 0x00000000eab00000)
  object space 44032K, 85% used [0x00000000c0000000,0x00000000c24e09a8,0x00000000c2b00000)
 Metaspace       used 6574K, capacity 7256K, committed 7424K, reserved 1056768K
  class space    used 624K, capacity 656K, committed 768K, reserved 1048576K
}
Event: 24.855 GC heap before
{Heap before GC invocations=10 (full 1):
 PSYoungGen      total 143360K, used 20458K [0x00000000eab00000, 0x00000000fa500000, 0x0000000100000000)
  eden space 122880K, 0% used [0x00000000eab00000,0x00000000eab00000,0x00000000f2300000)
  from space 20480K, 99% used [0x00000000f2300000,0x00000000f36fab50,0x00000000f3700000)
  to   space 29696K, 0% used [0x00000000f8800000,0x00000000f8800000,0x00000000fa500000)
 ParOldGen       total 44032K, used 37762K [0x00000000c0000000, 0x00000000c2b00000, 0x00000000eab00000)
  object space 44032K, 85% used [0x00000000c0000000,0x00000000c24e09a8,0x00000000c2b00000)
 Metaspace       used 6574K, capacity 7256K, committed 7424K, reserved 1056768K
  class space    used 624K, capacity 656K, committed 768K, reserved 1048576K
Event: 27.039 GC heap after
Heap after GC invocations=10 (full 1):
 PSYoungGen      total 143360K, used 9690K [0x00000000eab00000, 0x00000000fa500000, 0x0000000100000000)
  eden space 122880K, 0% used [0x00000000eab00000,0x00000000eab00000,0x00000000f2300000)
  from space 20480K, 47% used [0x00000000f2300000,0x00000000f2c76a40,0x00000000f3700000)
  to   space 29696K, 0% used [0x00000000f8800000,0x00000000f8800000,0x00000000fa500000)
 ParOldGen       total 78336K, used 43875K [0x00000000c0000000, 0x00000000c4c80000, 0x00000000eab00000)
  object space 78336K, 56% used [0x00000000c0000000,0x00000000c2ad8d10,0x00000000c4c80000)
 Metaspace       used 6574K, capacity 7256K, committed 7424K, reserved 1056768K
  class space    used 624K, capacity 656K, committed 768K, reserved 1048576K
}
Event: 28.714 GC heap before
{Heap before GC invocations=11 (full 1):
 PSYoungGen      total 143360K, used 132570K [0x00000000eab00000, 0x00000000fa500000, 0x0000000100000000)
  eden space 122880K, 100% used [0x00000000eab00000,0x00000000f2300000,0x00000000f2300000)
  from space 20480K, 47% used [0x00000000f2300000,0x00000000f2c76a40,0x00000000f3700000)
  to   space 29696K, 0% used [0x00000000f8800000,0x00000000f8800000,0x00000000fa500000)
 ParOldGen       total 78336K, used 43875K [0x00000000c0000000, 0x00000000c4c80000, 0x00000000eab00000)
  object space 78336K, 56% used [0x00000000c0000000,0x00000000c2ad8d10,0x00000000c4c80000)
 Metaspace       used 6580K, capacity 7256K, committed 7424K, reserved 1056768K
  class space    used 624K, capacity 656K, committed 768K, reserved 1048576K
Event: 28.925 GC heap after
Heap after GC invocations=11 (full 1):
 PSYoungGen      total 194560K, used 25132K [0x00000000eab00000, 0x00000000fa100000, 0x0000000100000000)
  eden space 168960K, 0% used [0x00000000eab00000,0x00000000eab00000,0x00000000f5000000)
  from space 25600K, 98% used [0x00000000f8800000,0x00000000fa08b328,0x00000000fa100000)
  to   space 32768K, 0% used [0x00000000f6100000,0x00000000f6100000,0x00000000f8100000)
 ParOldGen       total 78336K, used 47683K [0x00000000c0000000, 0x00000000c4c80000, 0x00000000eab00000)
  object space 78336K, 60% used [0x00000000c0000000,0x00000000c2e90d10,0x00000000c4c80000)
 Metaspace       used 6580K, capacity 7256K, committed 7424K, reserved 1056768K
  class space    used 624K, capacity 656K, committed 768K, reserved 1048576K
}

Deoptimization events (10 events):
Event: 29.402 Thread 0x0000000016c58800 Uncommon trap: reason=class_check action=maybe_recompile pc=0x0000000002fef388 method=java.util.Arrays.hashCode([Ljava/lang/Object;)I @ 43
Event: 29.402 Thread 0x0000000016c58800 Uncommon trap: reason=class_check action=maybe_recompile pc=0x0000000002fef388 method=java.util.Arrays.hashCode([Ljava/lang/Object;)I @ 43
Event: 29.402 Thread 0x0000000016c58800 Uncommon trap: reason=class_check action=maybe_recompile pc=0x0000000002fef388 method=java.util.Arrays.hashCode([Ljava/lang/Object;)I @ 43
Event: 29.402 Thread 0x0000000016c58800 Uncommon trap: reason=class_check action=maybe_recompile pc=0x0000000002f49df4 method=java.util.Arrays.hashCode([Ljava/lang/Object;)I @ 43
Event: 29.489 Thread 0x0000000016c58800 Uncommon trap: reason=class_check action=maybe_recompile pc=0x0000000002f44cc4 method=java.util.HashMap.putVal(ILjava/lang/Object;Ljava/lang/Object;ZZ)Ljava/lang/Object; @ 203
Event: 30.739 Thread 0x0000000016c58800 Uncommon trap: reason=speculate_class_check action=maybe_recompile pc=0x0000000002e1ed90 method=com.android.dx.util.FixedSizeList.equals(Ljava/lang/Object;)Z @ 25
Event: 30.739 Thread 0x0000000016c58800 Uncommon trap: reason=speculate_class_check action=maybe_recompile pc=0x0000000002e1ed90 method=com.android.dx.util.FixedSizeList.equals(Ljava/lang/Object;)Z @ 25
Event: 30.739 Thread 0x0000000016c58800 Uncommon trap: reason=speculate_class_check action=maybe_recompile pc=0x0000000002e1ed90 method=com.android.dx.util.FixedSizeList.equals(Ljava/lang/Object;)Z @ 25
Event: 30.740 Thread 0x0000000016c58800 Uncommon trap: reason=speculate_class_check action=maybe_recompile pc=0x0000000002e1ed90 method=com.android.dx.util.FixedSizeList.equals(Ljava/lang/Object;)Z @ 25
Event: 30.740 Thread 0x0000000016c58800 Uncommon trap: reason=unstable_if action=reinterpret pc=0x00000000032f3b2c method=java.util.TreeMap.put(Ljava/lang/Object;Ljava/lang/Object;)Ljava/lang/Object; @ 163

Internal exceptions (8 events):
Event: 0.198 Thread 0x0000000002940800 Exception <a 'java/lang/NoSuchMethodError': Method sun.misc.Unsafe.defineClass(Ljava/lang/String;[BII)Ljava/lang/Class; name or signature does not match> (0x00000000eab07cc0) thrown at [C:\re\workspace\8-2-build-windows-amd64-cygwin\jdk8u101\7261\hotspot\sp¢9›πN…?
Event: 0.198 Thread 0x0000000002940800 Exception <a 'java/lang/NoSuchMethodError': Method sun.misc.Unsafe.prefetchRead(Ljava/lang/Object;J)V name or signature does not match> (0x00000000eab07fa8) thrown at [C:\re\workspace\8-2-build-windows-amd64-cygwin\jdk8u101\7261\hotspot\src\share\vm\prims\˙ê∑Îw†@
Event: 4.657 Thread 0x0000000016c58800 Implicit null exception at 0x00000000030b9b5a to 0x00000000030bc5c9
Event: 10.850 Thread 0x0000000016c58800 Implicit null exception at 0x000000000310973a to 0x000000000310af7d
Event: 14.505 Thread 0x0000000002940800 Exception <a 'java/lang/ArrayIndexOutOfBoundsException': 18> (0x00000000ec504430) thrown at [C:\re\workspace\8-2-build-windows-amd64-cygwin\jdk8u101\7261\hotspot\src\share\vm\interpreter\interpreterRuntime.cpp, line 366]
Event: 14.506 Thread 0x0000000002940800 Exception <a 'java/lang/ArrayIndexOutOfBoundsException': 145> (0x00000000ec505fb0) thrown at [C:\re\workspace\8-2-build-windows-amd64-cygwin\jdk8u101\7261\hotspot\src\share\vm\interpreter\interpreterRuntime.cpp, line 366]
Event: 14.508 Thread 0x0000000002940800 Exception <a 'java/lang/ArrayIndexOutOfBoundsException'> (0x00000000ec507298) thrown at [C:\re\workspace\8-2-build-windows-amd64-cygwin\jdk8u101\7261\hotspot\src\share\vm\runtime\sharedRuntime.cpp, line 605]
Event: 23.132 Thread 0x0000000016c5a000 Implicit null exception at 0x0000000003428fa8 to 0x00000000034300c5

Events (10 events):
Event: 30.740 Thread 0x0000000016c58800 Uncommon trap: trap_request=0xffffff76 fr.pc=0x0000000002e1ed90
Event: 30.740 Thread 0x0000000016c58800 DEOPT PACKING pc=0x0000000002e1ed90 sp=0x000000001714e940
Event: 30.740 Thread 0x0000000016c58800 DEOPT UNPACKING pc=0x0000000002a8582a sp=0x000000001714e900 mode 2
Event: 30.740 Thread 0x0000000016c58800 Uncommon trap: trap_request=0xffffff65 fr.pc=0x00000000032f3b2c
Event: 30.740 Thread 0x0000000016c58800 DEOPT PACKING pc=0x00000000032f3b2c sp=0x000000001714eb60
Event: 30.740 Thread 0x0000000016c58800 DEOPT UNPACKING pc=0x0000000002a8582a sp=0x000000001714eb00 mode 2
Event: 30.741 loading class com/android/dx/util/ByteArrayAnnotatedOutput
Event: 30.741 loading class com/android/dx/util/ByteArrayAnnotatedOutput done
Event: 30.874 loading class com/android/dx/rop/code/RegisterSpecList$Expander
Event: 30.874 loading class com/android/dx/rop/code/RegisterSpecList$Expander done


Dynamic libraries:
0x00007ff7f8700000 - 0x00007ff7f8737000 	C:\Program Files\Java\jdk1.8.0_101\bin\java.exe
0x00007ffdf6070000 - 0x00007ffdf621d000 	C:\windows\SYSTEM32\ntdll.dll
0x00007ffdf3860000 - 0x00007ffdf399e000 	C:\windows\system32\KERNEL32.DLL
0x00007ffdf34b0000 - 0x00007ffdf35c5000 	C:\windows\system32\KERNELBASE.dll
0x00007ffdf1d70000 - 0x00007ffdf1dfe000 	C:\windows\system32\apphelp.dll
0x00007ffde7dd0000 - 0x00007ffde7e23000 	C:\windows\AppPatch\AppPatch64\AcGenral.DLL
0x00007ffdf4150000 - 0x00007ffdf41fa000 	C:\windows\system32\msvcrt.dll
0x00007ffdf3620000 - 0x00007ffdf364e000 	C:\windows\system32\SspiCli.dll
0x00007ffdf4540000 - 0x00007ffdf4594000 	C:\windows\system32\SHLWAPI.dll
0x00007ffdf3fd0000 - 0x00007ffdf4147000 	C:\windows\system32\USER32.dll
0x00007ffdf3e20000 - 0x00007ffdf3fb4000 	C:\windows\system32\ole32.dll
0x00007ffdf47a0000 - 0x00007ffdf5cc9000 	C:\windows\system32\SHELL32.dll
0x00007ffdf2a80000 - 0x00007ffdf2aa1000 	C:\windows\SYSTEM32\USERENV.dll
0x00007ffdf46f0000 - 0x00007ffdf479a000 	C:\windows\system32\ADVAPI32.dll
0x00007ffde8b00000 - 0x00007ffde8b1e000 	C:\windows\SYSTEM32\MPR.dll
0x00007ffdf45a0000 - 0x00007ffdf46e0000 	C:\windows\system32\RPCRT4.dll
0x00007ffdf6010000 - 0x00007ffdf6069000 	C:\windows\SYSTEM32\sechost.dll
0x00007ffdf5d30000 - 0x00007ffdf5f41000 	C:\windows\SYSTEM32\combase.dll
0x00007ffdf42c0000 - 0x00007ffdf440f000 	C:\windows\system32\GDI32.dll
0x00007ffdf31a0000 - 0x00007ffdf31b5000 	C:\windows\SYSTEM32\profapi.dll
0x00007ffdf1520000 - 0x00007ffdf15d2000 	C:\windows\SYSTEM32\SHCORE.dll
0x00007ffdf4500000 - 0x00007ffdf4536000 	C:\windows\system32\IMM32.DLL
0x00007ffdf3700000 - 0x00007ffdf3852000 	C:\windows\system32\MSCTF.dll
0x00007ffdf0310000 - 0x00007ffdf058b000 	C:\windows\WinSxS\amd64_microsoft.windows.common-controls_6595b64144ccf1df_6.0.9600.18006_none_623f33d3ecbe86e8\COMCTL32.dll
0x0000000060770000 - 0x0000000060842000 	C:\Program Files\Java\jdk1.8.0_101\jre\bin\msvcr100.dll
0x0000000060d90000 - 0x000000006162a000 	C:\Program Files\Java\jdk1.8.0_101\jre\bin\server\jvm.dll
0x00007ffdea6e0000 - 0x00007ffdea6e9000 	C:\windows\SYSTEM32\WSOCK32.dll
0x00007ffde9e00000 - 0x00007ffde9e22000 	C:\windows\SYSTEM32\WINMM.dll
0x00007ffdeb300000 - 0x00007ffdeb30a000 	C:\windows\SYSTEM32\VERSION.dll
0x00007ffdf3fc0000 - 0x00007ffdf3fc7000 	C:\windows\system32\PSAPI.DLL
0x00007ffdf39a0000 - 0x00007ffdf39fa000 	C:\windows\system32\WS2_32.dll
0x00007ffde6ba0000 - 0x00007ffde6bca000 	C:\windows\SYSTEM32\WINMMBASE.dll
0x00007ffdf44f0000 - 0x00007ffdf44f9000 	C:\windows\system32\NSI.dll
0x00007ffdf35d0000 - 0x00007ffdf361f000 	C:\windows\SYSTEM32\cfgmgr32.dll
0x00007ffdf1fc0000 - 0x00007ffdf1fe8000 	C:\windows\SYSTEM32\DEVOBJ.dll
0x0000000060ca0000 - 0x0000000060caf000 	C:\Program Files\Java\jdk1.8.0_101\jre\bin\verify.dll
0x0000000060c70000 - 0x0000000060c99000 	C:\Program Files\Java\jdk1.8.0_101\jre\bin\java.dll
0x0000000060c50000 - 0x0000000060c66000 	C:\Program Files\Java\jdk1.8.0_101\jre\bin\zip.dll

VM Arguments:
jvm_args: -Djava.awt.headless=true -Xmx1024M -Dfile.encoding=windows-1252 -Duser.country=US -Duser.language=en -Duser.variant 
java_command: com.android.dx.command.Main --dex --force-jumbo --num-threads=4 --multi-dex --output C:\Users\bruh\Desktop\COMP150-MOB\QueueR\app\build\intermediates\transforms\dex\debug\folders\1000\10\com.android.support-support-v4-24.1.1_a4154e86e981b836301da22e84ff1ec295ebe468 C:\Users\bruh\Desktop\COMP150-MOB\QueueR\app\build\intermediates\exploded-aar\com.android.support\support-v4\24.1.1\jars\classes.jar
java_class_path (initial): C:\Users\bruh\AppData\Local\Android\sdk\build-tools\24.0.1\lib\dx.jar
Launcher Type: SUN_STANDARD

Environment Variables:
PATH=C:\Program Files\Java\jdk1.8.0_101\bin\;C:\Program Files (x86)\Skype\Phone\;C:\Program Files\Java\jdk1.8.0_101\bin\
USERNAME=bruh
OS=Windows_NT
PROCESSOR_IDENTIFIER=Intel64 Family 6 Model 69 Stepping 1, GenuineIntel



---------------  S Y S T E M  ---------------

OS: Windows 8.1 , 64 bit Build 9600 (6.3.9600.17415)

CPU:total 4 (2 cores per cpu, 2 threads per core) family 6 model 69 stepping 1, cmov, cx8, fxsr, mmx, sse, sse2, sse3, ssse3, sse4.1, sse4.2, popcnt, avx, avx2, aes, clmul, erms, lzcnt, ht, tsc, tscinvbit, bmi1, bmi2

Memory: 4k page, physical 4097056k(274556k free), swap 7117088k(5264k free)

vm_info: Java HotSpot(TM) 64-Bit Server VM (25.101-b13) for windows-amd64 JRE (1.8.0_101-b13), built on Jun 22 2016 01:21:29 by "java_re" with MS VC++ 10.0 (VS2010)

time: Wed Sep 28 10:58:37 2016
elapsed time: 30 seconds (0d 0h 0m 30s)

