#
# There is insufficient memory for the Java Runtime Environment to continue.
# Native memory allocation (malloc) failed to allocate 32784 bytes for Chunk::new
# Possible reasons:
#   The system is out of physical RAM or swap space
#   In 32 bit mode, the process size limit was hit
# Possible solutions:
#   Reduce memory load on the system
#   Increase physical memory or swap space
#   Check if swap backing store is full
#   Use 64 bit Java on a 64 bit OS
#   Decrease Java heap size (-Xmx/-Xms)
#   Decrease number of Java threads
#   Decrease Java thread stack sizes (-Xss)
#   Set larger code cache with -XX:ReservedCodeCacheSize=
# This output file may be truncated or incomplete.
#
#  Out of Memory Error (allocation.cpp:390), pid=2044, tid=0x0000000000000bf0
#
# JRE version: OpenJDK Runtime Environment (8.0_76-b03) (build 1.8.0_76-release-b03)
# Java VM: OpenJDK 64-Bit Server VM (25.76-b03 mixed mode windows-amd64 compressed oops)
# Failed to write core dump. Minidumps are not enabled by default on client versions of Windows
#

---------------  T H R E A D  ---------------

Current thread (0x0000000014526800):  JavaThread "C2 CompilerThread0" daemon [_thread_in_native, id=3056, stack(0x0000000015b80000,0x0000000015c80000)]

Stack: [0x0000000015b80000,0x0000000015c80000]
[error occurred during error reporting (printing stack bounds), id 0xc0000005]

Native frames: (J=compiled Java code, j=interpreted, Vv=VM code, C=native code)


Current CompileTask:
C2:   6433 1312       4       com.android.dx.ssa.SCCP::simulateBranch (666 bytes)


---------------  P R O C E S S  ---------------

Java Threads: ( => current thread )
  0x00000000160d5800 JavaThread "pool-2-thread-4" [_thread_blocked, id=3316, stack(0x0000000016880000,0x0000000016980000)]
  0x00000000160d4800 JavaThread "pool-2-thread-3" [_thread_blocked, id=2988, stack(0x0000000016780000,0x0000000016880000)]
  0x00000000160d4000 JavaThread "pool-2-thread-2" [_thread_blocked, id=1196, stack(0x0000000016680000,0x0000000016780000)]
  0x00000000160c8800 JavaThread "pool-3-thread-1" [_thread_blocked, id=6404, stack(0x0000000016580000,0x0000000016680000)]
  0x00000000160c0800 JavaThread "pool-2-thread-1" [_thread_blocked, id=4616, stack(0x0000000016480000,0x0000000016580000)]
  0x0000000015e8b000 JavaThread "Service Thread" daemon [_thread_blocked, id=664, stack(0x0000000016280000,0x0000000016380000)]
  0x0000000014577000 JavaThread "C1 CompilerThread2" daemon [_thread_blocked, id=3408, stack(0x0000000015d80000,0x0000000015e80000)]
  0x0000000014574800 JavaThread "C2 CompilerThread1" daemon [_thread_in_native, id=3220, stack(0x0000000015c80000,0x0000000015d80000)]
=>0x0000000014526800 JavaThread "C2 CompilerThread0" daemon [_thread_in_native, id=3056, stack(0x0000000015b80000,0x0000000015c80000)]
  0x0000000014525000 JavaThread "Attach Listener" daemon [_thread_blocked, id=4408, stack(0x0000000015a80000,0x0000000015b80000)]
  0x0000000014524000 JavaThread "Signal Dispatcher" daemon [_thread_blocked, id=4364, stack(0x0000000015980000,0x0000000015a80000)]
  0x0000000001e4b000 JavaThread "Finalizer" daemon [_thread_blocked, id=4904, stack(0x00000000157a0000,0x00000000158a0000)]
  0x0000000001e40000 JavaThread "Reference Handler" daemon [_thread_blocked, id=4660, stack(0x00000000156a0000,0x00000000157a0000)]
  0x0000000001d50800 JavaThread "main" [_thread_in_Java, id=3752, stack(0x0000000001bc0000,0x0000000001cc0000)]

Other Threads:
  0x00000000144e6800 VMThread [stack: 0x00000000155a0000,0x00000000156a0000] [id=6512]
  0x0000000015e80800 WatcherThread [stack: 0x0000000016380000,0x0000000016480000] [id=4300]

VM state:not at safepoint (normal execution)

VM Mutex/Monitor currently owned by a thread: None

Heap:
 PSYoungGen      total 35328K, used 12534K [0x00000000eab00000, 0x00000000ed000000, 0x0000000100000000)
  eden space 32768K, 30% used [0x00000000eab00000,0x00000000eb4c3c38,0x00000000ecb00000)
  from space 2560K, 99% used [0x00000000ecd80000,0x00000000ecff9c98,0x00000000ed000000)
  to   space 2560K, 0% used [0x00000000ecb00000,0x00000000ecb00000,0x00000000ecd80000)
 ParOldGen       total 44032K, used 2543K [0x00000000c0000000, 0x00000000c2b00000, 0x00000000eab00000)
  object space 44032K, 5% used [0x00000000c0000000,0x00000000c027bf30,0x00000000c2b00000)
 Metaspace       used 5992K, capacity 6960K, committed 7040K, reserved 1056768K
  class space    used 576K, capacity 616K, committed 640K, reserved 1048576K

Card table byte_map: [0x0000000011210000,0x0000000011420000] byte_map_base: 0x0000000010c10000

Marking Bits: (ParMarkBitMap*) 0x00000000538d9d00
 Begin Bits: [0x0000000011980000, 0x0000000012980000)
 End Bits:   [0x0000000012980000, 0x0000000013980000)

Polling page: 0x00000000002b0000

CodeCache: size=245760Kb used=5426Kb max_used=5443Kb free=240333Kb
 bounds [0x0000000001e50000, 0x00000000023b0000, 0x0000000010e50000]
 total_blobs=1585 nmethods=1317 adapters=182
 compilation: enabled

Compilation events (10 events):
Event: 5.659 Thread 0x0000000014577000 1328       3       com.android.dx.ssa.PhiTypeResolver::equalsHandlesNulls (23 bytes)
Event: 5.660 Thread 0x0000000014577000 nmethod 1328 0x0000000002392310 code [0x00000000023924a0, 0x00000000023928e8]
Event: 5.661 Thread 0x0000000014577000 1330       3       com.android.dx.ssa.SsaMethod::getCountReachableBlocks (44 bytes)
Event: 5.662 Thread 0x0000000014577000 nmethod 1330 0x0000000002392a10 code [0x0000000002392be0, 0x0000000002393478]
Event: 5.664 Thread 0x0000000014577000 1331       3       com.android.dx.cf.code.Frame::mergeWith (80 bytes)
Event: 5.666 Thread 0x0000000014577000 nmethod 1331 0x0000000002393850 code [0x0000000002393a80, 0x0000000002394a68]
Event: 6.296 Thread 0x0000000014574800 nmethod 1314 0x000000000239b910 code [0x000000000239bda0, 0x000000000239fa50]
Event: 6.296 Thread 0x0000000014574800 1319       4       com.android.dx.rop.code.RopMethod::labelToPredecessors (54 bytes)
Event: 6.362 Thread 0x0000000014574800 nmethod 1319 0x00000000023a5e10 code [0x00000000023a6000, 0x00000000023a7518]
Event: 6.362 Thread 0x0000000014574800 1329       4       com.android.dx.ssa.back.FirstFitLocalCombiningAllocator$1::processInsn (169 bytes)

GC Heap History (4 events):
Event: 1.994 GC heap before
{Heap before GC invocations=1 (full 0):
 PSYoungGen      total 18944K, used 16384K [0x00000000eab00000, 0x00000000ec000000, 0x0000000100000000)
  eden space 16384K, 100% used [0x00000000eab00000,0x00000000ebb00000,0x00000000ebb00000)
  from space 2560K, 0% used [0x00000000ebd80000,0x00000000ebd80000,0x00000000ec000000)
  to   space 2560K, 0% used [0x00000000ebb00000,0x00000000ebb00000,0x00000000ebd80000)
 ParOldGen       total 44032K, used 0K [0x00000000c0000000, 0x00000000c2b00000, 0x00000000eab00000)
  object space 44032K, 0% used [0x00000000c0000000,0x00000000c0000000,0x00000000c2b00000)
 Metaspace       used 5364K, capacity 6448K, committed 6528K, reserved 1056768K
  class space    used 565K, capacity 616K, committed 640K, reserved 1048576K
Event: 2.065 GC heap after
Heap after GC invocations=1 (full 0):
 PSYoungGen      total 18944K, used 2536K [0x00000000eab00000, 0x00000000ed000000, 0x0000000100000000)
  eden space 16384K, 0% used [0x00000000eab00000,0x00000000eab00000,0x00000000ebb00000)
  from space 2560K, 99% used [0x00000000ebb00000,0x00000000ebd7a078,0x00000000ebd80000)
  to   space 2560K, 0% used [0x00000000ecd80000,0x00000000ecd80000,0x00000000ed000000)
 ParOldGen       total 44032K, used 677K [0x00000000c0000000, 0x00000000c2b00000, 0x00000000eab00000)
  object space 44032K, 1% used [0x00000000c0000000,0x00000000c00a9428,0x00000000c2b00000)
 Metaspace       used 5364K, capacity 6448K, committed 6528K, reserved 1056768K
  class space    used 565K, capacity 616K, committed 640K, reserved 1048576K
}
Event: 4.325 GC heap before
{Heap before GC invocations=2 (full 0):
 PSYoungGen      total 18944K, used 18920K [0x00000000eab00000, 0x00000000ed000000, 0x0000000100000000)
  eden space 16384K, 100% used [0x00000000eab00000,0x00000000ebb00000,0x00000000ebb00000)
  from space 2560K, 99% used [0x00000000ebb00000,0x00000000ebd7a078,0x00000000ebd80000)
  to   space 2560K, 0% used [0x00000000ecd80000,0x00000000ecd80000,0x00000000ed000000)
 ParOldGen       total 44032K, used 677K [0x00000000c0000000, 0x00000000c2b00000, 0x00000000eab00000)
  object space 44032K, 1% used [0x00000000c0000000,0x00000000c00a9428,0x00000000c2b00000)
 Metaspace       used 5930K, capacity 6896K, committed 7040K, reserved 1056768K
  class space    used 576K, capacity 616K, committed 640K, reserved 1048576K
Event: 4.686 GC heap after
Heap after GC invocations=2 (full 0):
 PSYoungGen      total 35328K, used 2535K [0x00000000eab00000, 0x00000000ed000000, 0x0000000100000000)
  eden space 32768K, 0% used [0x00000000eab00000,0x00000000eab00000,0x00000000ecb00000)
  from space 2560K, 99% used [0x00000000ecd80000,0x00000000ecff9c98,0x00000000ed000000)
  to   space 2560K, 0% used [0x00000000ecb00000,0x00000000ecb00000,0x00000000ecd80000)
 ParOldGen       total 44032K, used 2543K [0x00000000c0000000, 0x00000000c2b00000, 0x00000000eab00000)
  object space 44032K, 5% used [0x00000000c0000000,0x00000000c027bf30,0x00000000c2b00000)
 Metaspace       used 5930K, capacity 6896K, committed 7040K, reserved 1056768K
  class space    used 576K, capacity 616K, committed 640K, reserved 1048576K
}

Deoptimization events (10 events):
Event: 2.189 Thread 0x00000000160d4000 Uncommon trap: reason=unstable_if action=reinterpret pc=0x000000000207c348 method=com.android.dx.rop.code.RegisterSpec.equals(ILcom/android/dx/rop/type/TypeBearer;Lcom/android/dx/rop/code/LocalItem;)Z @ 16
Event: 2.405 Thread 0x00000000160c0800 Uncommon trap: reason=class_check action=maybe_recompile pc=0x00000000020fc514 method=com.android.dx.ssa.NormalSsaInsn.accept(Lcom/android/dx/ssa/SsaInsn$Visitor;)V @ 9
Event: 2.405 Thread 0x00000000160c0800 Uncommon trap: reason=class_check action=maybe_recompile pc=0x00000000020fc514 method=com.android.dx.ssa.NormalSsaInsn.accept(Lcom/android/dx/ssa/SsaInsn$Visitor;)V @ 9
Event: 2.405 Thread 0x00000000160c0800 Uncommon trap: reason=class_check action=maybe_recompile pc=0x00000000020fc514 method=com.android.dx.ssa.NormalSsaInsn.accept(Lcom/android/dx/ssa/SsaInsn$Visitor;)V @ 9
Event: 2.406 Thread 0x00000000160c0800 Uncommon trap: reason=class_check action=maybe_recompile pc=0x00000000020fc514 method=com.android.dx.ssa.NormalSsaInsn.accept(Lcom/android/dx/ssa/SsaInsn$Visitor;)V @ 9
Event: 2.406 Thread 0x00000000160c0800 Uncommon trap: reason=class_check action=maybe_recompile pc=0x00000000020be970 method=com.android.dx.ssa.NormalSsaInsn.accept(Lcom/android/dx/ssa/SsaInsn$Visitor;)V @ 9
Event: 2.860 Thread 0x00000000160c0800 Uncommon trap: reason=unstable_if action=reinterpret pc=0x000000000216ad80 method=com.android.dx.rop.code.LocalItem.hashCode()I @ 25
Event: 2.860 Thread 0x00000000160c0800 Uncommon trap: reason=unstable_if action=reinterpret pc=0x000000000219e3d0 method=com.android.dx.rop.code.LocalItem.hashCode()I @ 25
Event: 2.894 Thread 0x00000000160d5800 Uncommon trap: reason=unstable_if action=reinterpret pc=0x00000000021b911c method=com.android.dx.rop.cst.Constant.compareTo(Lcom/android/dx/rop/cst/Constant;)I @ 12
Event: 4.874 Thread 0x0000000001d50800 Uncommon trap: reason=null_check action=make_not_entrant pc=0x0000000002265b44 method=com.android.dx.ssa.SsaRenamer.getLocalForNewReg(I)Lcom/android/dx/rop/code/LocalItem; @ 19

Internal exceptions (3 events):
Event: 0.138 Thread 0x0000000001d50800 Exception <a 'java/lang/NoSuchMethodError': Method sun.misc.Unsafe.defineClass(Ljava/lang/String;[BII)Ljava/lang/Class; name or signature does not match> (0x00000000eab07cc0) thrown at [C:\src\android\AOSP-openjdk\external\jetbrains\jdk\hotspot\src\share\vš‰!¬!²Á?
Event: 0.138 Thread 0x0000000001d50800 Exception <a 'java/lang/NoSuchMethodError': Method sun.misc.Unsafe.prefetchRead(Ljava/lang/Object;J)V name or signature does not match> (0x00000000eab07fa8) thrown at [C:\src\android\AOSP-openjdk\external\jetbrains\jdk\hotspot\src\share\vm\prims\jni.cpp, l‚¢Yš•~@
Event: 4.874 Thread 0x0000000001d50800 Implicit null exception at 0x00000000022645ad to 0x0000000002265b11

Events (10 events):
Event: 3.553 loading class java/util/TreeMap$EntrySet done
Event: 3.553 loading class java/util/TreeMap$EntryIterator
Event: 3.553 loading class java/util/TreeMap$EntryIterator done
Event: 3.553 Executing VM operation: Deoptimize
Event: 3.554 Executing VM operation: Deoptimize done
Event: 3.809 Executing VM operation: ParallelGCFailedAllocation
Event: 4.687 Executing VM operation: ParallelGCFailedAllocation done
Event: 4.874 Thread 0x0000000001d50800 Uncommon trap: trap_request=0xfffffff4 fr.pc=0x0000000002265b44
Event: 4.874 Thread 0x0000000001d50800 DEOPT PACKING pc=0x0000000002265b44 sp=0x0000000001cbe4a0
Event: 4.874 Thread 0x0000000001d50800 DEOPT UNPACKING pc=0x0000000001e9556a sp=0x0000000001cbe2f8 mode 2


Dynamic libraries:
0x00007ff7bbf40000 - 0x00007ff7bbf71000 	C:\Program Files\Android\Android Studio\jre\bin\java.exe
0x00007ff80bf10000 - 0x00007ff80c0bd000 	C:\windows\SYSTEM32\ntdll.dll
0x00007ff809590000 - 0x00007ff8096ce000 	C:\windows\system32\KERNEL32.DLL
0x00007ff809100000 - 0x00007ff809215000 	C:\windows\system32\KERNELBASE.dll
0x00007ff8098e0000 - 0x00007ff80998a000 	C:\windows\system32\ADVAPI32.dll
0x00007ff80b290000 - 0x00007ff80b407000 	C:\windows\system32\USER32.dll
0x00007ff806020000 - 0x00007ff80629b000 	C:\windows\WinSxS\amd64_microsoft.windows.common-controls_6595b64144ccf1df_6.0.9600.18006_none_623f33d3ecbe86e8\COMCTL32.dll
0x00007ff80b420000 - 0x00007ff80b4ca000 	C:\windows\system32\msvcrt.dll
0x00007ff80b6b0000 - 0x00007ff80b709000 	C:\windows\SYSTEM32\sechost.dll
0x00007ff8097a0000 - 0x00007ff8098e0000 	C:\windows\system32\RPCRT4.dll
0x00007ff80b860000 - 0x00007ff80b9af000 	C:\windows\system32\GDI32.dll
0x00007ff809560000 - 0x00007ff80958e000 	C:\windows\system32\SspiCli.dll
0x00007ff80b250000 - 0x00007ff80b286000 	C:\windows\system32\IMM32.DLL
0x00007ff80bdb0000 - 0x00007ff80bf02000 	C:\windows\system32\MSCTF.dll
0x0000000052f60000 - 0x0000000053032000 	C:\Program Files\Android\Android Studio\jre\jre\bin\msvcr100.dll
0x0000000053120000 - 0x0000000053954000 	C:\Program Files\Android\Android Studio\jre\jre\bin\server\jvm.dll
0x00007ff800dc0000 - 0x00007ff800dc9000 	C:\windows\SYSTEM32\WSOCK32.dll
0x00007ff804300000 - 0x00007ff804322000 	C:\windows\SYSTEM32\WINMM.dll
0x00007ff801630000 - 0x00007ff80163a000 	C:\windows\SYSTEM32\VERSION.dll
0x00007ff80b4e0000 - 0x00007ff80b4e7000 	C:\windows\system32\PSAPI.DLL
0x00007ff80ba10000 - 0x00007ff80ba6a000 	C:\windows\system32\WS2_32.dll
0x00007ff8042d0000 - 0x00007ff8042fa000 	C:\windows\SYSTEM32\WINMMBASE.dll
0x00007ff80b4d0000 - 0x00007ff80b4d9000 	C:\windows\system32\NSI.dll
0x00007ff809220000 - 0x00007ff80926f000 	C:\windows\SYSTEM32\cfgmgr32.dll
0x00007ff807e50000 - 0x00007ff807e78000 	C:\windows\SYSTEM32\DEVOBJ.dll
0x00007ff804e20000 - 0x00007ff804e2f000 	C:\Program Files\Android\Android Studio\jre\jre\bin\verify.dll
0x00007ff8049e0000 - 0x00007ff804a09000 	C:\Program Files\Android\Android Studio\jre\jre\bin\java.dll
0x00007ff8049c0000 - 0x00007ff8049d6000 	C:\Program Files\Android\Android Studio\jre\jre\bin\zip.dll
0x00007ff809b30000 - 0x00007ff80b058000 	C:\windows\system32\SHELL32.dll
0x00007ff80bb90000 - 0x00007ff80bda1000 	C:\windows\SYSTEM32\combase.dll
0x00007ff80b9b0000 - 0x00007ff80ba04000 	C:\windows\system32\SHLWAPI.dll
0x00007ff8073b0000 - 0x00007ff807462000 	C:\windows\SYSTEM32\SHCORE.dll
0x00007ff809030000 - 0x00007ff809045000 	C:\windows\SYSTEM32\profapi.dll

VM Arguments:
jvm_args: -Djava.awt.headless=true -Xmx1024M -Dfile.encoding=windows-1252 -Duser.country=US -Duser.language=en -Duser.variant 
java_command: com.android.dx.command.Main --dex --verbose --force-jumbo --num-threads=4 --multi-dex --output C:\Users\bruh\Desktop\COMP150-MOB\QueueR\app\build\intermediates\transforms\dex\debug\folders\1000\10\internal_impl-24.1.1_114bff3452e597ac8d6e45ad76bd2520d9cc42a6 C:\Users\bruh\Desktop\COMP150-MOB\QueueR\app\build\intermediates\exploded-aar\com.android.support\support-v4\24.1.1\jars\libs\internal_impl-24.1.1.jar
java_class_path (initial): C:\Users\bruh\AppData\Local\Android\sdk\build-tools\24.0.1\lib\dx.jar
Launcher Type: SUN_STANDARD

Environment Variables:
PATH=C:\Program Files\Java\jdk1.8.0_101\bin\;C:\ProgramData\Oracle\Java\javapath;C:\windows\system32;C:\windows;C:\windows\System32\Wbem;C:\windows\System32\WindowsPowerShell\v1.0\;C:\Program Files\nodejs\;C:\Program Files (x86)\Heroku\bin;C:\Program Files (x86)\git\cmd;C:\Users\bruh\AppData\Roaming\npm;C:\Program Files (x86)\Skype\Phone\;C:\Program Files (x86)\GtkSharp\2.12\bin;C:\Program Files\Java\jdk1.8.0_101\bin\
USERNAME=bruh
OS=Windows_NT
PROCESSOR_IDENTIFIER=Intel64 Family 6 Model 69 Stepping 1, GenuineIntel



---------------  S Y S T E M  ---------------

OS: Windows 8.1 , 64 bit Build 9600 (6.3.9600.17415)

CPU:total 4 (2 cores per cpu, 2 threads per core) family 6 model 69 stepping 1, cmov, cx8, fxsr, mmx, sse, sse2, sse3, ssse3, sse4.1, sse4.2, popcnt, avx, avx2, aes, clmul, erms, lzcnt, ht, tsc, tscinvbit, bmi1, bmi2

Memory: 4k page, physical 4097056k(345712k free), swap 7242784k(5116k free)

vm_info: OpenJDK 64-Bit Server VM (25.76-b03) for windows-amd64 JRE (1.8.0_76-release-b03), built on Jun 29 2016 19:09:20 by "ralucas" with MS VC++ 10.0 (VS2010)

time: Thu Dec 15 02:57:28 2016
elapsed time: 6 seconds (0d 0h 0m 6s)

