#
# There is insufficient memory for the Java Runtime Environment to continue.
# Native memory allocation (malloc) failed to allocate 32744 bytes for ChunkPool::allocate
# Possible reasons:
#   The system is out of physical RAM or swap space
#   In 32 bit mode, the process size limit was hit
# Possible solutions:
#   Reduce memory load on the system
#   Increase physical memory or swap space
#   Check if swap backing store is full
#   Use 64 bit Java on a 64 bit OS
#   Decrease Java heap size (-Xmx/-Xms)
#   Decrease number of Java threads
#   Decrease Java thread stack sizes (-Xss)
#   Set larger code cache with -XX:ReservedCodeCacheSize=
# This output file may be truncated or incomplete.
#
#  Out of Memory Error (allocation.cpp:273), pid=4296, tid=0x00000000000011e4
#
# JRE version: OpenJDK Runtime Environment (8.0_76-b03) (build 1.8.0_76-release-b03)
# Java VM: OpenJDK 64-Bit Server VM (25.76-b03 mixed mode windows-amd64 compressed oops)
# Failed to write core dump. Minidumps are not enabled by default on client versions of Windows
#

---------------  T H R E A D  ---------------

Current thread (0x0000000002940800):  JavaThread "main" [_thread_in_vm, id=4580, stack(0x00000000027a0000,0x00000000028a0000)]

Stack: [0x00000000027a0000,0x00000000028a0000]
[error occurred during error reporting (printing stack bounds), id 0xc0000005]

Native frames: (J=compiled Java code, j=interpreted, Vv=VM code, C=native code)

Java frames: (J=compiled Java code, j=interpreted, Vv=VM code)
j  java.lang.ClassLoader.findBootstrapClass(Ljava/lang/String;)Ljava/lang/Class;+0
j  java.lang.ClassLoader.findBootstrapClassOrNull(Ljava/lang/String;)Ljava/lang/Class;+12
j  java.lang.ClassLoader.loadClass(Ljava/lang/String;Z)Ljava/lang/Class;+48
j  java.lang.ClassLoader.loadClass(Ljava/lang/String;Z)Ljava/lang/Class;+38
j  sun.misc.Launcher$AppClassLoader.loadClass(Ljava/lang/String;Z)Ljava/lang/Class;+81
j  java.lang.ClassLoader.loadClass(Ljava/lang/String;)Ljava/lang/Class;+3
v  ~StubRoutines::call_stub
j  com.android.dx.command.Main.main([Ljava/lang/String;)V+61
v  ~StubRoutines::call_stub

---------------  P R O C E S S  ---------------

Java Threads: ( => current thread )
  0x000000001516e800 JavaThread "Service Thread" daemon [_thread_blocked, id=5336, stack(0x0000000016e60000,0x0000000016f60000)]
  0x0000000016968800 JavaThread "C1 CompilerThread2" daemon [_thread_blocked, id=5276, stack(0x0000000016d60000,0x0000000016e60000)]
  0x000000001515c800 JavaThread "C2 CompilerThread1" daemon [_thread_blocked, id=1236, stack(0x0000000016860000,0x0000000016960000)]
  0x0000000015116800 JavaThread "C2 CompilerThread0" daemon [_thread_blocked, id=6644, stack(0x0000000016760000,0x0000000016860000)]
  0x0000000015115000 JavaThread "Attach Listener" daemon [_thread_blocked, id=800, stack(0x0000000016660000,0x0000000016760000)]
  0x0000000015114000 JavaThread "Signal Dispatcher" daemon [_thread_blocked, id=3500, stack(0x0000000016560000,0x0000000016660000)]
  0x0000000002a3b000 JavaThread "Finalizer" daemon [_thread_blocked, id=1880, stack(0x0000000016380000,0x0000000016480000)]
  0x0000000002a30000 JavaThread "Reference Handler" daemon [_thread_blocked, id=5112, stack(0x0000000016280000,0x0000000016380000)]
=>0x0000000002940800 JavaThread "main" [_thread_in_vm, id=4580, stack(0x00000000027a0000,0x00000000028a0000)]

Other Threads:
  0x00000000150d6800 VMThread [stack: 0x0000000016180000,0x0000000016280000] [id=4756]
  0x0000000016969000 WatcherThread [stack: 0x0000000016f60000,0x0000000017060000] [id=2432]

VM state:not at safepoint (normal execution)

VM Mutex/Monitor currently owned by a thread: None

Heap:
 PSYoungGen      total 18944K, used 1342K [0x00000000eab00000, 0x00000000ec000000, 0x0000000100000000)
  eden space 16384K, 8% used [0x00000000eab00000,0x00000000eac4fb90,0x00000000ebb00000)
  from space 2560K, 0% used [0x00000000ebd80000,0x00000000ebd80000,0x00000000ec000000)
  to   space 2560K, 0% used [0x00000000ebb00000,0x00000000ebb00000,0x00000000ebd80000)
 ParOldGen       total 44032K, used 0K [0x00000000c0000000, 0x00000000c2b00000, 0x00000000eab00000)
  object space 44032K, 0% used [0x00000000c0000000,0x00000000c0000000,0x00000000c2b00000)
 Metaspace       used 2759K, capacity 4558K, committed 4864K, reserved 1060864K
  class space    used 291K, capacity 390K, committed 512K, reserved 1048576K

Card table byte_map: [0x0000000011e00000,0x0000000012010000] byte_map_base: 0x0000000011800000

Marking Bits: (ParMarkBitMap*) 0x00000000538d9d00
 Begin Bits: [0x0000000012570000, 0x0000000013570000)
 End Bits:   [0x0000000013570000, 0x0000000014570000)

Polling page: 0x0000000000ef0000

CodeCache: size=245760Kb used=1110Kb max_used=1110Kb free=244649Kb
 bounds [0x0000000002a40000, 0x0000000002cb0000, 0x0000000011a40000]
 total_blobs=266 nmethods=33 adapters=147
 compilation: enabled

Compilation events (10 events):
Event: 0.468 Thread 0x0000000016968800 nmethod 26 0x0000000002b50c10 code [0x0000000002b50d60, 0x0000000002b50f90]
Event: 0.469 Thread 0x0000000016968800   28       3       java.lang.AbstractStringBuilder::append (50 bytes)
Event: 0.470 Thread 0x0000000016968800 nmethod 28 0x0000000002b53690 code [0x0000000002b53820, 0x0000000002b53d28]
Event: 0.470 Thread 0x0000000016968800   29       3       java.lang.String::startsWith (72 bytes)
Event: 0.471 Thread 0x0000000016968800 nmethod 29 0x0000000002b53f10 code [0x0000000002b54080, 0x0000000002b543b0]
Event: 0.471 Thread 0x0000000016968800   30       1       java.util.ArrayList::size (5 bytes)
Event: 0.471 Thread 0x0000000016968800 nmethod 30 0x0000000002b50950 code [0x0000000002b50aa0, 0x0000000002b50bb0]
Event: 0.474 Thread 0x0000000016968800   31       3       java.util.HashMap::hash (20 bytes)
Event: 0.474 Thread 0x0000000016968800 nmethod 31 0x0000000002b54590 code [0x0000000002b54700, 0x0000000002b54948]
Event: 0.475 Thread 0x0000000016968800   32       3       java.lang.String::lastIndexOf (52 bytes)

GC Heap History (0 events):
No events

Deoptimization events (0 events):
No events

Internal exceptions (2 events):
Event: 0.129 Thread 0x0000000002940800 Exception <a 'java/lang/NoSuchMethodError': Method sun.misc.Unsafe.defineClass(Ljava/lang/String;[BII)Ljava/lang/Class; name or signature does not match> (0x00000000eab07cc0) thrown at [C:\src\android\AOSP-openjdk\external\jetbrains\jdk\hotspot\src\share\v¸Œ€Fx¿?
Event: 0.129 Thread 0x0000000002940800 Exception <a 'java/lang/NoSuchMethodError': Method sun.misc.Unsafe.prefetchRead(Ljava/lang/Object;J)V name or signature does not match> (0x00000000eab07fa8) thrown at [C:\src\android\AOSP-openjdk\external\jetbrains\jdk\hotspot\src\share\vm\prims\jni.cpp, l

Events (10 events):
Event: 0.469 loading class com/android/dx/cf/direct/AttributeFactory done
Event: 0.470 loading class com/android/dx/cf/direct/StdAttributeFactory
Event: 0.470 loading class com/android/dx/cf/direct/StdAttributeFactory done
Event: 0.475 loading class com/android/dx/command/dexer/Main$StopProcessing
Event: 0.475 loading class com/android/dx/command/dexer/Main$StopProcessing done
Event: 0.475 loading class java/util/concurrent/ExecutionException
Event: 0.475 loading class java/util/concurrent/ExecutionException done
Event: 0.476 loading class java/util/concurrent/RejectedExecutionHandler
Event: 0.476 loading class java/util/concurrent/RejectedExecutionHandler done
Event: 0.476 loading class java/util/concurrent/BlockingQueue


Dynamic libraries:
0x00007ff7bbf40000 - 0x00007ff7bbf71000 	C:\Program Files\Android\Android Studio\jre\bin\java.exe
0x00007ff80bf10000 - 0x00007ff80c0bd000 	C:\windows\SYSTEM32\ntdll.dll
0x00007ff809590000 - 0x00007ff8096ce000 	C:\windows\system32\KERNEL32.DLL
0x00007ff809100000 - 0x00007ff809215000 	C:\windows\system32\KERNELBASE.dll
0x00007ff8098e0000 - 0x00007ff80998a000 	C:\windows\system32\ADVAPI32.dll
0x00007ff80b290000 - 0x00007ff80b407000 	C:\windows\system32\USER32.dll
0x00007ff806020000 - 0x00007ff80629b000 	C:\windows\WinSxS\amd64_microsoft.windows.common-controls_6595b64144ccf1df_6.0.9600.18006_none_623f33d3ecbe86e8\COMCTL32.dll
0x00007ff80b420000 - 0x00007ff80b4ca000 	C:\windows\system32\msvcrt.dll
0x00007ff80b6b0000 - 0x00007ff80b709000 	C:\windows\SYSTEM32\sechost.dll
0x00007ff8097a0000 - 0x00007ff8098e0000 	C:\windows\system32\RPCRT4.dll
0x00007ff80b860000 - 0x00007ff80b9af000 	C:\windows\system32\GDI32.dll
0x00007ff809560000 - 0x00007ff80958e000 	C:\windows\system32\SspiCli.dll
0x00007ff80b250000 - 0x00007ff80b286000 	C:\windows\system32\IMM32.DLL
0x00007ff80bdb0000 - 0x00007ff80bf02000 	C:\windows\system32\MSCTF.dll
0x0000000052f60000 - 0x0000000053032000 	C:\Program Files\Android\Android Studio\jre\jre\bin\msvcr100.dll
0x0000000053120000 - 0x0000000053954000 	C:\Program Files\Android\Android Studio\jre\jre\bin\server\jvm.dll
0x00007ff800dc0000 - 0x00007ff800dc9000 	C:\windows\SYSTEM32\WSOCK32.dll
0x00007ff804300000 - 0x00007ff804322000 	C:\windows\SYSTEM32\WINMM.dll
0x00007ff801630000 - 0x00007ff80163a000 	C:\windows\SYSTEM32\VERSION.dll
0x00007ff80b4e0000 - 0x00007ff80b4e7000 	C:\windows\system32\PSAPI.DLL
0x00007ff80ba10000 - 0x00007ff80ba6a000 	C:\windows\system32\WS2_32.dll
0x00007ff8042d0000 - 0x00007ff8042fa000 	C:\windows\SYSTEM32\WINMMBASE.dll
0x00007ff80b4d0000 - 0x00007ff80b4d9000 	C:\windows\system32\NSI.dll
0x00007ff809220000 - 0x00007ff80926f000 	C:\windows\SYSTEM32\cfgmgr32.dll
0x00007ff807e50000 - 0x00007ff807e78000 	C:\windows\SYSTEM32\DEVOBJ.dll
0x00007ff804e20000 - 0x00007ff804e2f000 	C:\Program Files\Android\Android Studio\jre\jre\bin\verify.dll
0x00007ff8049c0000 - 0x00007ff8049e9000 	C:\Program Files\Android\Android Studio\jre\jre\bin\java.dll
0x00007ff803cd0000 - 0x00007ff803ce6000 	C:\Program Files\Android\Android Studio\jre\jre\bin\zip.dll
0x00007ff809b30000 - 0x00007ff80b058000 	C:\windows\system32\SHELL32.dll
0x00007ff80bb90000 - 0x00007ff80bda1000 	C:\windows\SYSTEM32\combase.dll
0x00007ff80b9b0000 - 0x00007ff80ba04000 	C:\windows\system32\SHLWAPI.dll
0x00007ff8073b0000 - 0x00007ff807462000 	C:\windows\SYSTEM32\SHCORE.dll
0x00007ff809030000 - 0x00007ff809045000 	C:\windows\SYSTEM32\profapi.dll

VM Arguments:
jvm_args: -Djava.awt.headless=true -Xmx1024M -Dfile.encoding=windows-1252 -Duser.country=US -Duser.language=en -Duser.variant 
java_command: com.android.dx.command.Main --dex --verbose --force-jumbo --num-threads=4 --multi-dex --output C:\Users\bruh\Desktop\COMP150-MOB\QueueR\app\build\intermediates\transforms\dex\debug\folders\1000\5\slice_9 C:\Users\bruh\Desktop\COMP150-MOB\QueueR\app\build\intermediates\transforms\instantRunSlicer\debug\folders\1\5\slice_9
java_class_path (initial): C:\Users\bruh\AppData\Local\Android\sdk\build-tools\24.0.1\lib\dx.jar
Launcher Type: SUN_STANDARD

Environment Variables:
PATH=C:\Program Files\Java\jdk1.8.0_101\bin\;C:\ProgramData\Oracle\Java\javapath;C:\windows\system32;C:\windows;C:\windows\System32\Wbem;C:\windows\System32\WindowsPowerShell\v1.0\;C:\Program Files\nodejs\;C:\Program Files (x86)\Heroku\bin;C:\Program Files (x86)\git\cmd;C:\Users\bruh\AppData\Roaming\npm;C:\Program Files (x86)\Skype\Phone\;C:\Program Files (x86)\GtkSharp\2.12\bin;C:\Program Files\Java\jdk1.8.0_101\bin\
USERNAME=bruh
OS=Windows_NT
PROCESSOR_IDENTIFIER=Intel64 Family 6 Model 69 Stepping 1, GenuineIntel



---------------  S Y S T E M  ---------------

OS: Windows 8.1 , 64 bit Build 9600 (6.3.9600.17415)

CPU:total 4 (2 cores per cpu, 2 threads per core) family 6 model 69 stepping 1, cmov, cx8, fxsr, mmx, sse, sse2, sse3, ssse3, sse4.1, sse4.2, popcnt, avx, avx2, aes, clmul, erms, lzcnt, ht, tsc, tscinvbit, bmi1, bmi2

Memory: 4k page, physical 4097056k(135524k free), swap 7242784k(5060k free)

vm_info: OpenJDK 64-Bit Server VM (25.76-b03) for windows-amd64 JRE (1.8.0_76-release-b03), built on Jun 29 2016 19:09:20 by "ralucas" with MS VC++ 10.0 (VS2010)

time: Wed Dec 14 23:36:27 2016
elapsed time: 0 seconds (0d 0h 0m 0s)

