#
# There is insufficient memory for the Java Runtime Environment to continue.
# Native memory allocation (malloc) failed to allocate 1075216 bytes for Chunk::new
# Possible reasons:
#   The system is out of physical RAM or swap space
#   In 32 bit mode, the process size limit was hit
# Possible solutions:
#   Reduce memory load on the system
#   Increase physical memory or swap space
#   Check if swap backing store is full
#   Use 64 bit Java on a 64 bit OS
#   Decrease Java heap size (-Xmx/-Xms)
#   Decrease number of Java threads
#   Decrease Java thread stack sizes (-Xss)
#   Set larger code cache with -XX:ReservedCodeCacheSize=
# This output file may be truncated or incomplete.
#
#  Out of Memory Error (allocation.cpp:390), pid=1548, tid=0x0000000000001b0c
#
# JRE version: OpenJDK Runtime Environment (8.0_76-b03) (build 1.8.0_76-release-b03)
# Java VM: OpenJDK 64-Bit Server VM (25.76-b03 mixed mode windows-amd64 compressed oops)
# Failed to write core dump. Minidumps are not enabled by default on client versions of Windows
#

---------------  T H R E A D  ---------------

Current thread (0x0000000015476000):  JavaThread "C2 CompilerThread0" daemon [_thread_in_native, id=6924, stack(0x0000000016aa0000,0x0000000016ba0000)]

Stack: [0x0000000016aa0000,0x0000000016ba0000]
[error occurred during error reporting (printing stack bounds), id 0xc0000005]

Native frames: (J=compiled Java code, j=interpreted, Vv=VM code, C=native code)


Current CompileTask:
C2:   3836 1580       4       com.android.dx.ssa.LocalVariableExtractor::processBlock (383 bytes)


---------------  P R O C E S S  ---------------

Java Threads: ( => current thread )
  0x0000000017041000 JavaThread "pool-2-thread-4" [_thread_in_Java, id=624, stack(0x00000000177a0000,0x00000000178a0000)]
  0x0000000017039800 JavaThread "pool-2-thread-3" [_thread_in_Java, id=4712, stack(0x00000000176a0000,0x00000000177a0000)]
  0x0000000017038800 JavaThread "pool-2-thread-2" [_thread_blocked, id=6912, stack(0x00000000175a0000,0x00000000176a0000)]
  0x000000001701a800 JavaThread "pool-3-thread-1" [_thread_blocked, id=4176, stack(0x00000000174a0000,0x00000000175a0000)]
  0x0000000016fff800 JavaThread "pool-2-thread-1" [_thread_in_vm, id=6800, stack(0x00000000173a0000,0x00000000174a0000)]
  0x0000000016daa800 JavaThread "Service Thread" daemon [_thread_blocked, id=5076, stack(0x00000000171a0000,0x00000000172a0000)]
  0x00000000154ca800 JavaThread "C1 CompilerThread2" daemon [_thread_blocked, id=4432, stack(0x0000000016ca0000,0x0000000016da0000)]
  0x00000000154c4000 JavaThread "C2 CompilerThread1" daemon [_thread_in_native, id=4836, stack(0x0000000016ba0000,0x0000000016ca0000)]
=>0x0000000015476000 JavaThread "C2 CompilerThread0" daemon [_thread_in_native, id=6924, stack(0x0000000016aa0000,0x0000000016ba0000)]
  0x0000000015475000 JavaThread "Attach Listener" daemon [_thread_blocked, id=3180, stack(0x00000000169a0000,0x0000000016aa0000)]
  0x0000000015473800 JavaThread "Signal Dispatcher" daemon [_thread_blocked, id=4728, stack(0x00000000168a0000,0x00000000169a0000)]
  0x0000000002ceb000 JavaThread "Finalizer" daemon [_thread_blocked, id=3548, stack(0x00000000166c0000,0x00000000167c0000)]
  0x0000000002ce0000 JavaThread "Reference Handler" daemon [_thread_blocked, id=2580, stack(0x00000000165c0000,0x00000000166c0000)]
  0x0000000002bf0800 JavaThread "main" [_thread_in_Java, id=7136, stack(0x0000000002a90000,0x0000000002b90000)]

Other Threads:
  0x0000000015435800 VMThread [stack: 0x00000000164c0000,0x00000000165c0000] [id=920]
  0x0000000016da0800 WatcherThread [stack: 0x00000000172a0000,0x00000000173a0000] [id=6044]

VM state:not at safepoint (normal execution)

VM Mutex/Monitor currently owned by a thread: None

Heap:
 PSYoungGen      total 35328K, used 28706K [0x00000000eab00000, 0x00000000ed000000, 0x0000000100000000)
  eden space 32768K, 79% used [0x00000000eab00000,0x00000000ec48f028,0x00000000ecb00000)
  from space 2560K, 98% used [0x00000000ecb00000,0x00000000ecd798e8,0x00000000ecd80000)
  to   space 2560K, 0% used [0x00000000ecd80000,0x00000000ecd80000,0x00000000ed000000)
 ParOldGen       total 44032K, used 14703K [0x00000000c0000000, 0x00000000c2b00000, 0x00000000eab00000)
  object space 44032K, 33% used [0x00000000c0000000,0x00000000c0e5be98,0x00000000c2b00000)
 Metaspace       used 6276K, capacity 7090K, committed 7296K, reserved 1056768K
  class space    used 597K, capacity 618K, committed 640K, reserved 1048576K

Card table byte_map: [0x0000000012160000,0x0000000012370000] byte_map_base: 0x0000000011b60000

Marking Bits: (ParMarkBitMap*) 0x00000000538d9d00
 Begin Bits: [0x00000000128d0000, 0x00000000138d0000)
 End Bits:   [0x00000000138d0000, 0x00000000148d0000)

Polling page: 0x0000000001290000

CodeCache: size=245760Kb used=6577Kb max_used=6577Kb free=239182Kb
 bounds [0x0000000002da0000, 0x0000000003420000, 0x0000000011da0000]
 total_blobs=1897 nmethods=1629 adapters=182
 compilation: enabled

Compilation events (10 events):
Event: 3.699 Thread 0x00000000154ca800 1652       2       com.android.dx.command.dexer.Main::access$2000 (4 bytes)
Event: 3.700 Thread 0x00000000154ca800 nmethod 1652 0x0000000003410c90 code [0x0000000003410de0, 0x0000000003410f10]
Event: 3.701 Thread 0x00000000154ca800 1653       2       com.android.dx.dex.code.SimpleInsn::<init> (8 bytes)
Event: 3.701 Thread 0x00000000154ca800 nmethod 1653 0x0000000003410910 code [0x0000000003410a80, 0x0000000003410be8]
Event: 3.725 Thread 0x00000000154ca800 1654       2       com.android.dx.ssa.PhiInsn::updateSourcesToDefinitions (68 bytes)
Event: 3.726 Thread 0x00000000154ca800 nmethod 1654 0x0000000003410010 code [0x00000000034101c0, 0x0000000003410578]
Event: 3.821 Thread 0x00000000154ca800 1656       2       com.android.dx.ssa.back.FirstFitLocalCombiningAllocator::markReserved (13 bytes)
Event: 3.822 Thread 0x00000000154ca800 nmethod 1656 0x000000000340fc10 code [0x000000000340fd80, 0x000000000340ff08]
Event: 3.822 Thread 0x00000000154ca800 1657       2       java.util.BitSet::set (20 bytes)
Event: 3.822 Thread 0x00000000154ca800 nmethod 1657 0x000000000340f850 code [0x000000000340f9c0, 0x000000000340fb58]

GC Heap History (10 events):
Event: 1.790 GC heap before
{Heap before GC invocations=1 (full 0):
 PSYoungGen      total 18944K, used 16384K [0x00000000eab00000, 0x00000000ec000000, 0x0000000100000000)
  eden space 16384K, 100% used [0x00000000eab00000,0x00000000ebb00000,0x00000000ebb00000)
  from space 2560K, 0% used [0x00000000ebd80000,0x00000000ebd80000,0x00000000ec000000)
  to   space 2560K, 0% used [0x00000000ebb00000,0x00000000ebb00000,0x00000000ebd80000)
 ParOldGen       total 44032K, used 0K [0x00000000c0000000, 0x00000000c2b00000, 0x00000000eab00000)
  object space 44032K, 0% used [0x00000000c0000000,0x00000000c0000000,0x00000000c2b00000)
 Metaspace       used 5728K, capacity 6768K, committed 7040K, reserved 1056768K
  class space    used 573K, capacity 616K, committed 640K, reserved 1048576K
Event: 1.800 GC heap after
Heap after GC invocations=1 (full 0):
 PSYoungGen      total 18944K, used 2554K [0x00000000eab00000, 0x00000000ec000000, 0x0000000100000000)
  eden space 16384K, 0% used [0x00000000eab00000,0x00000000eab00000,0x00000000ebb00000)
  from space 2560K, 99% used [0x00000000ebb00000,0x00000000ebd7eab8,0x00000000ebd80000)
  to   space 2560K, 0% used [0x00000000ebd80000,0x00000000ebd80000,0x00000000ec000000)
 ParOldGen       total 44032K, used 1493K [0x00000000c0000000, 0x00000000c2b00000, 0x00000000eab00000)
  object space 44032K, 3% used [0x00000000c0000000,0x00000000c01756f8,0x00000000c2b00000)
 Metaspace       used 5728K, capacity 6768K, committed 7040K, reserved 1056768K
  class space    used 573K, capacity 616K, committed 640K, reserved 1048576K
}
Event: 2.350 GC heap before
{Heap before GC invocations=2 (full 0):
 PSYoungGen      total 18944K, used 18938K [0x00000000eab00000, 0x00000000ec000000, 0x0000000100000000)
  eden space 16384K, 100% used [0x00000000eab00000,0x00000000ebb00000,0x00000000ebb00000)
  from space 2560K, 99% used [0x00000000ebb00000,0x00000000ebd7eab8,0x00000000ebd80000)
  to   space 2560K, 0% used [0x00000000ebd80000,0x00000000ebd80000,0x00000000ec000000)
 ParOldGen       total 44032K, used 1493K [0x00000000c0000000, 0x00000000c2b00000, 0x00000000eab00000)
  object space 44032K, 3% used [0x00000000c0000000,0x00000000c01756f8,0x00000000c2b00000)
 Metaspace       used 5947K, capacity 6896K, committed 7040K, reserved 1056768K
  class space    used 575K, capacity 616K, committed 640K, reserved 1048576K
Event: 2.383 GC heap after
Heap after GC invocations=2 (full 0):
 PSYoungGen      total 18944K, used 2551K [0x00000000eab00000, 0x00000000ed000000, 0x0000000100000000)
  eden space 16384K, 0% used [0x00000000eab00000,0x00000000eab00000,0x00000000ebb00000)
  from space 2560K, 99% used [0x00000000ebd80000,0x00000000ebffdff8,0x00000000ec000000)
  to   space 2560K, 0% used [0x00000000ebb00000,0x00000000ebb00000,0x00000000ebd80000)
 ParOldGen       total 44032K, used 4058K [0x00000000c0000000, 0x00000000c2b00000, 0x00000000eab00000)
  object space 44032K, 9% used [0x00000000c0000000,0x00000000c03f6a90,0x00000000c2b00000)
 Metaspace       used 5947K, capacity 6896K, committed 7040K, reserved 1056768K
  class space    used 575K, capacity 616K, committed 640K, reserved 1048576K
}
Event: 2.654 GC heap before
{Heap before GC invocations=3 (full 0):
 PSYoungGen      total 18944K, used 18935K [0x00000000eab00000, 0x00000000ed000000, 0x0000000100000000)
  eden space 16384K, 100% used [0x00000000eab00000,0x00000000ebb00000,0x00000000ebb00000)
  from space 2560K, 99% used [0x00000000ebd80000,0x00000000ebffdff8,0x00000000ec000000)
  to   space 2560K, 0% used [0x00000000ebb00000,0x00000000ebb00000,0x00000000ebd80000)
 ParOldGen       total 44032K, used 4058K [0x00000000c0000000, 0x00000000c2b00000, 0x00000000eab00000)
  object space 44032K, 9% used [0x00000000c0000000,0x00000000c03f6a90,0x00000000c2b00000)
 Metaspace       used 6055K, capacity 7024K, committed 7296K, reserved 1056768K
  class space    used 575K, capacity 616K, committed 640K, reserved 1048576K
Event: 2.670 GC heap after
Heap after GC invocations=3 (full 0):
 PSYoungGen      total 18944K, used 2552K [0x00000000eab00000, 0x00000000ed000000, 0x0000000100000000)
  eden space 16384K, 0% used [0x00000000eab00000,0x00000000eab00000,0x00000000ebb00000)
  from space 2560K, 99% used [0x00000000ebb00000,0x00000000ebd7e018,0x00000000ebd80000)
  to   space 2560K, 0% used [0x00000000ecd80000,0x00000000ecd80000,0x00000000ed000000)
 ParOldGen       total 44032K, used 6539K [0x00000000c0000000, 0x00000000c2b00000, 0x00000000eab00000)
  object space 44032K, 14% used [0x00000000c0000000,0x00000000c0662c20,0x00000000c2b00000)
 Metaspace       used 6055K, capacity 7024K, committed 7296K, reserved 1056768K
  class space    used 575K, capacity 616K, committed 640K, reserved 1048576K
}
Event: 2.963 GC heap before
{Heap before GC invocations=4 (full 0):
 PSYoungGen      total 18944K, used 18936K [0x00000000eab00000, 0x00000000ed000000, 0x0000000100000000)
  eden space 16384K, 100% used [0x00000000eab00000,0x00000000ebb00000,0x00000000ebb00000)
  from space 2560K, 99% used [0x00000000ebb00000,0x00000000ebd7e018,0x00000000ebd80000)
  to   space 2560K, 0% used [0x00000000ecd80000,0x00000000ecd80000,0x00000000ed000000)
 ParOldGen       total 44032K, used 6539K [0x00000000c0000000, 0x00000000c2b00000, 0x00000000eab00000)
  object space 44032K, 14% used [0x00000000c0000000,0x00000000c0662c20,0x00000000c2b00000)
 Metaspace       used 6116K, capacity 7088K, committed 7296K, reserved 1056768K
  class space    used 577K, capacity 616K, committed 640K, reserved 1048576K
Event: 2.988 GC heap after
Heap after GC invocations=4 (full 0):
 PSYoungGen      total 35328K, used 2545K [0x00000000eab00000, 0x00000000ed000000, 0x0000000100000000)
  eden space 32768K, 0% used [0x00000000eab00000,0x00000000eab00000,0x00000000ecb00000)
  from space 2560K, 99% used [0x00000000ecd80000,0x00000000ecffc730,0x00000000ed000000)
  to   space 2560K, 0% used [0x00000000ecb00000,0x00000000ecb00000,0x00000000ecd80000)
 ParOldGen       total 44032K, used 9437K [0x00000000c0000000, 0x00000000c2b00000, 0x00000000eab00000)
  object space 44032K, 21% used [0x00000000c0000000,0x00000000c0937570,0x00000000c2b00000)
 Metaspace       used 6116K, capacity 7088K, committed 7296K, reserved 1056768K
  class space    used 577K, capacity 616K, committed 640K, reserved 1048576K
}
Event: 3.479 GC heap before
{Heap before GC invocations=5 (full 0):
 PSYoungGen      total 35328K, used 35313K [0x00000000eab00000, 0x00000000ed000000, 0x0000000100000000)
  eden space 32768K, 100% used [0x00000000eab00000,0x00000000ecb00000,0x00000000ecb00000)
  from space 2560K, 99% used [0x00000000ecd80000,0x00000000ecffc730,0x00000000ed000000)
  to   space 2560K, 0% used [0x00000000ecb00000,0x00000000ecb00000,0x00000000ecd80000)
 ParOldGen       total 44032K, used 9437K [0x00000000c0000000, 0x00000000c2b00000, 0x00000000eab00000)
  object space 44032K, 21% used [0x00000000c0000000,0x00000000c0937570,0x00000000c2b00000)
 Metaspace       used 6264K, capacity 7090K, committed 7296K, reserved 1056768K
  class space    used 597K, capacity 618K, committed 640K, reserved 1048576K
Event: 3.546 GC heap after
Heap after GC invocations=5 (full 0):
 PSYoungGen      total 35328K, used 2534K [0x00000000eab00000, 0x00000000ed000000, 0x0000000100000000)
  eden space 32768K, 0% used [0x00000000eab00000,0x00000000eab00000,0x00000000ecb00000)
  from space 2560K, 98% used [0x00000000ecb00000,0x00000000ecd798e8,0x00000000ecd80000)
  to   space 2560K, 0% used [0x00000000ecd80000,0x00000000ecd80000,0x00000000ed000000)
 ParOldGen       total 44032K, used 14703K [0x00000000c0000000, 0x00000000c2b00000, 0x00000000eab00000)
  object space 44032K, 33% used [0x00000000c0000000,0x00000000c0e5be98,0x00000000c2b00000)
 Metaspace       used 6264K, capacity 7090K, committed 7296K, reserved 1056768K
  class space    used 597K, capacity 618K, committed 640K, reserved 1048576K
}

Deoptimization events (10 events):
Event: 2.434 Thread 0x0000000016fff800 Uncommon trap: reason=bimorphic action=maybe_recompile pc=0x0000000002faa4ec method=java.util.HashMap.getNode(ILjava/lang/Object;)Ljava/util/HashMap$Node; @ 126
Event: 2.434 Thread 0x0000000016fff800 Uncommon trap: reason=class_check action=maybe_recompile pc=0x00000000032baa10 method=java.util.HashMap.putVal(ILjava/lang/Object;Ljava/lang/Object;ZZ)Ljava/lang/Object; @ 203
Event: 2.434 Thread 0x0000000016fff800 Uncommon trap: reason=bimorphic action=maybe_recompile pc=0x0000000003003ca0 method=java.util.HashMap.getNode(ILjava/lang/Object;)Ljava/util/HashMap$Node; @ 126
Event: 2.610 Thread 0x0000000002bf0800 Uncommon trap: reason=unstable_if action=reinterpret pc=0x00000000032d9e5c method=com.android.dx.cf.code.BytecodeArray.parseInstruction(ILcom/android/dx/cf/code/BytecodeArray$Visitor;)I @ 1198
Event: 3.038 Thread 0x0000000017041000 Uncommon trap: reason=null_check action=make_not_entrant pc=0x00000000030c4328 method=com.android.dx.ssa.SsaRenamer.getLocalForNewReg(I)Lcom/android/dx/rop/code/LocalItem; @ 19
Event: 3.069 Thread 0x0000000017038800 Uncommon trap: reason=unstable_if action=reinterpret pc=0x000000000312fce4 method=java.util.HashMap.putVal(ILjava/lang/Object;Ljava/lang/Object;ZZ)Ljava/lang/Object; @ 162
Event: 3.085 Thread 0x0000000017038800 Uncommon trap: reason=unstable_if action=reinterpret pc=0x00000000032d6348 method=java.util.HashMap.getNode(ILjava/lang/Object;)Ljava/util/HashMap$Node; @ 84
Event: 3.096 Thread 0x0000000017038800 Uncommon trap: reason=unstable_if action=reinterpret pc=0x00000000032c9ebc method=java.util.HashMap.getNode(ILjava/lang/Object;)Ljava/util/HashMap$Node; @ 84
Event: 3.209 Thread 0x0000000017038800 Uncommon trap: reason=unstable_if action=reinterpret pc=0x000000000322a17c method=com.android.dx.util.IntList.binarysearch(I)I @ 105
Event: 3.216 Thread 0x0000000017038800 Uncommon trap: reason=unstable_if action=reinterpret pc=0x00000000032c5e60 method=java.util.HashMap.putVal(ILjava/lang/Object;Ljava/lang/Object;ZZ)Ljava/lang/Object; @ 162

Internal exceptions (7 events):
Event: 0.126 Thread 0x0000000002bf0800 Exception <a 'java/lang/NoSuchMethodError': Method sun.misc.Unsafe.defineClass(Ljava/lang/String;[BII)Ljava/lang/Class; name or signature does not match> (0x00000000eab07cc0) thrown at [C:\src\android\AOSP-openjdk\external\jetbrains\jdk\hotspot\src\share\vúˆD¨c(¿?
Event: 0.126 Thread 0x0000000002bf0800 Exception <a 'java/lang/NoSuchMethodError': Method sun.misc.Unsafe.prefetchRead(Ljava/lang/Object;J)V name or signature does not match> (0x00000000eab07fa8) thrown at [C:\src\android\AOSP-openjdk\external\jetbrains\jdk\hotspot\src\share\vm\prims\jni.cpp, l¡”xb–É
Event: 2.064 Thread 0x0000000017041000 Implicit null exception at 0x00000000030c8c62 to 0x00000000030c8d5a
Event: 3.038 Thread 0x0000000017041000 Implicit null exception at 0x00000000030c2154 to 0x00000000030c42fd
Event: 3.079 Thread 0x0000000017038800 Exception <a 'java/lang/ArrayIndexOutOfBoundsException': 18> (0x00000000eb447ff8) thrown at [C:\src\android\AOSP-openjdk\external\jetbrains\jdk\hotspot\src\share\vm\interpreter\interpreterRuntime.cpp, line 366]
Event: 3.080 Thread 0x0000000017038800 Exception <a 'java/lang/ArrayIndexOutOfBoundsException': 145> (0x00000000eb449b78) thrown at [C:\src\android\AOSP-openjdk\external\jetbrains\jdk\hotspot\src\share\vm\interpreter\interpreterRuntime.cpp, line 366]
Event: 3.083 Thread 0x0000000017038800 Exception <a 'java/lang/ArrayIndexOutOfBoundsException'> (0x00000000eb44ae60) thrown at [C:\src\android\AOSP-openjdk\external\jetbrains\jdk\hotspot\src\share\vm\runtime\sharedRuntime.cpp, line 605]

Events (10 events):
Event: 3.209 Thread 0x0000000017038800 DEOPT UNPACKING pc=0x0000000002de556a sp=0x000000001769e748 mode 2
Event: 3.216 Thread 0x0000000017038800 Uncommon trap: trap_request=0xffffff65 fr.pc=0x00000000032c5e60
Event: 3.216 Thread 0x0000000017038800 DEOPT PACKING pc=0x00000000032c5e60 sp=0x000000001769e460
Event: 3.216 Thread 0x0000000017038800 DEOPT UNPACKING pc=0x0000000002de556a sp=0x000000001769e3e8 mode 2
Event: 3.442 Executing VM operation: ParallelGCFailedAllocation
Event: 3.546 Executing VM operation: ParallelGCFailedAllocation done
Event: 3.668 Thread 0x0000000002bf0800 DEOPT PACKING pc=0x000000000311d5fc sp=0x0000000002b8e150
Event: 3.668 Thread 0x0000000002bf0800 DEOPT UNPACKING pc=0x0000000002de75bf sp=0x0000000002b8df18 mode 0
Event: 3.790 Thread 0x0000000002bf0800 DEOPT PACKING pc=0x000000000311d62a sp=0x0000000002b8e200
Event: 3.790 Thread 0x0000000002bf0800 DEOPT UNPACKING pc=0x0000000002de75bf sp=0x0000000002b8dfc8 mode 0


Dynamic libraries:
0x00007ff7bbf40000 - 0x00007ff7bbf71000 	C:\Program Files\Android\Android Studio\jre\bin\java.exe
0x00007ff80bf10000 - 0x00007ff80c0bd000 	C:\windows\SYSTEM32\ntdll.dll
0x00007ff809590000 - 0x00007ff8096ce000 	C:\windows\system32\KERNEL32.DLL
0x00007ff809100000 - 0x00007ff809215000 	C:\windows\system32\KERNELBASE.dll
0x00007ff8098e0000 - 0x00007ff80998a000 	C:\windows\system32\ADVAPI32.dll
0x00007ff80b290000 - 0x00007ff80b407000 	C:\windows\system32\USER32.dll
0x00007ff806020000 - 0x00007ff80629b000 	C:\windows\WinSxS\amd64_microsoft.windows.common-controls_6595b64144ccf1df_6.0.9600.18006_none_623f33d3ecbe86e8\COMCTL32.dll
0x00007ff80b420000 - 0x00007ff80b4ca000 	C:\windows\system32\msvcrt.dll
0x00007ff80b6b0000 - 0x00007ff80b709000 	C:\windows\SYSTEM32\sechost.dll
0x00007ff8097a0000 - 0x00007ff8098e0000 	C:\windows\system32\RPCRT4.dll
0x00007ff80b860000 - 0x00007ff80b9af000 	C:\windows\system32\GDI32.dll
0x00007ff809560000 - 0x00007ff80958e000 	C:\windows\system32\SspiCli.dll
0x00007ff80b250000 - 0x00007ff80b286000 	C:\windows\system32\IMM32.DLL
0x00007ff80bdb0000 - 0x00007ff80bf02000 	C:\windows\system32\MSCTF.dll
0x0000000052f60000 - 0x0000000053032000 	C:\Program Files\Android\Android Studio\jre\jre\bin\msvcr100.dll
0x0000000053120000 - 0x0000000053954000 	C:\Program Files\Android\Android Studio\jre\jre\bin\server\jvm.dll
0x00007ff800dc0000 - 0x00007ff800dc9000 	C:\windows\SYSTEM32\WSOCK32.dll
0x00007ff804300000 - 0x00007ff804322000 	C:\windows\SYSTEM32\WINMM.dll
0x00007ff801630000 - 0x00007ff80163a000 	C:\windows\SYSTEM32\VERSION.dll
0x00007ff80b4e0000 - 0x00007ff80b4e7000 	C:\windows\system32\PSAPI.DLL
0x00007ff80ba10000 - 0x00007ff80ba6a000 	C:\windows\system32\WS2_32.dll
0x00007ff8042d0000 - 0x00007ff8042fa000 	C:\windows\SYSTEM32\WINMMBASE.dll
0x00007ff80b4d0000 - 0x00007ff80b4d9000 	C:\windows\system32\NSI.dll
0x00007ff809220000 - 0x00007ff80926f000 	C:\windows\SYSTEM32\cfgmgr32.dll
0x00007ff807e50000 - 0x00007ff807e78000 	C:\windows\SYSTEM32\DEVOBJ.dll
0x00007ff804e20000 - 0x00007ff804e2f000 	C:\Program Files\Android\Android Studio\jre\jre\bin\verify.dll
0x00007ff8049e0000 - 0x00007ff804a09000 	C:\Program Files\Android\Android Studio\jre\jre\bin\java.dll
0x00007ff8049c0000 - 0x00007ff8049d6000 	C:\Program Files\Android\Android Studio\jre\jre\bin\zip.dll
0x00007ff809b30000 - 0x00007ff80b058000 	C:\windows\system32\SHELL32.dll
0x00007ff80bb90000 - 0x00007ff80bda1000 	C:\windows\SYSTEM32\combase.dll
0x00007ff80b9b0000 - 0x00007ff80ba04000 	C:\windows\system32\SHLWAPI.dll
0x00007ff8073b0000 - 0x00007ff807462000 	C:\windows\SYSTEM32\SHCORE.dll
0x00007ff809030000 - 0x00007ff809045000 	C:\windows\SYSTEM32\profapi.dll

VM Arguments:
jvm_args: -Djava.awt.headless=true -Xmx1024M -Dfile.encoding=windows-1252 -Duser.country=US -Duser.language=en -Duser.variant 
java_command: com.android.dx.command.Main --dex --verbose --force-jumbo --num-threads=4 --multi-dex --output C:\Users\bruh\Desktop\COMP150-MOB\QueueR\app\build\intermediates\transforms\dex\debug\folders\1000\10\com.android.support-recyclerview-v7-24.1.1_e125edecbc760d9af71aaa5d21f878c169bef4c8 C:\Users\bruh\Desktop\COMP150-MOB\QueueR\app\build\intermediates\exploded-aar\com.android.support\recyclerview-v7\24.1.1\jars\classes.jar
java_class_path (initial): C:\Users\bruh\AppData\Local\Android\sdk\build-tools\24.0.1\lib\dx.jar
Launcher Type: SUN_STANDARD

Environment Variables:
PATH=C:\Program Files\Java\jdk1.8.0_101\bin\;C:\ProgramData\Oracle\Java\javapath;C:\windows\system32;C:\windows;C:\windows\System32\Wbem;C:\windows\System32\WindowsPowerShell\v1.0\;C:\Program Files\nodejs\;C:\Program Files (x86)\Heroku\bin;C:\Program Files (x86)\git\cmd;C:\Users\bruh\AppData\Roaming\npm;C:\Program Files (x86)\Skype\Phone\;C:\Program Files (x86)\GtkSharp\2.12\bin;C:\Program Files\Java\jdk1.8.0_101\bin\
USERNAME=bruh
OS=Windows_NT
PROCESSOR_IDENTIFIER=Intel64 Family 6 Model 69 Stepping 1, GenuineIntel



---------------  S Y S T E M  ---------------

OS: Windows 8.1 , 64 bit Build 9600 (6.3.9600.17415)

CPU:total 4 (2 cores per cpu, 2 threads per core) family 6 model 69 stepping 1, cmov, cx8, fxsr, mmx, sse, sse2, sse3, ssse3, sse4.1, sse4.2, popcnt, avx, avx2, aes, clmul, erms, lzcnt, ht, tsc, tscinvbit, bmi1, bmi2

Memory: 4k page, physical 4097056k(238660k free), swap 7242784k(5116k free)

vm_info: OpenJDK 64-Bit Server VM (25.76-b03) for windows-amd64 JRE (1.8.0_76-release-b03), built on Jun 29 2016 19:09:20 by "ralucas" with MS VC++ 10.0 (VS2010)

time: Thu Dec 15 02:30:24 2016
elapsed time: 3 seconds (0d 0h 0m 3s)

