#
# There is insufficient memory for the Java Runtime Environment to continue.
# Native memory allocation (malloc) failed to allocate 704608 bytes for Chunk::new
# Possible reasons:
#   The system is out of physical RAM or swap space
#   In 32 bit mode, the process size limit was hit
# Possible solutions:
#   Reduce memory load on the system
#   Increase physical memory or swap space
#   Check if swap backing store is full
#   Use 64 bit Java on a 64 bit OS
#   Decrease Java heap size (-Xmx/-Xms)
#   Decrease number of Java threads
#   Decrease Java thread stack sizes (-Xss)
#   Set larger code cache with -XX:ReservedCodeCacheSize=
# This output file may be truncated or incomplete.
#
#  Out of Memory Error (allocation.cpp:390), pid=5396, tid=0x00000000000016b4
#
# JRE version: OpenJDK Runtime Environment (8.0_76-b03) (build 1.8.0_76-release-b03)
# Java VM: OpenJDK 64-Bit Server VM (25.76-b03 mixed mode windows-amd64 compressed oops)
# Failed to write core dump. Minidumps are not enabled by default on client versions of Windows
#

---------------  T H R E A D  ---------------

Current thread (0x0000000014a16800):  JavaThread "C2 CompilerThread0" daemon [_thread_in_native, id=5812, stack(0x0000000016060000,0x0000000016160000)]

Stack: [0x0000000016060000,0x0000000016160000]
[error occurred during error reporting (printing stack bounds), id 0xc0000005]

Native frames: (J=compiled Java code, j=interpreted, Vv=VM code, C=native code)


Current CompileTask:
C2:  11601 1682   !   4       com.android.dx.cf.code.RopperMachine::run (1550 bytes)


---------------  P R O C E S S  ---------------

Java Threads: ( => current thread )
  0x00000000165c7800 JavaThread "pool-2-thread-4" [_thread_blocked, id=2304, stack(0x0000000016d60000,0x0000000016e60000)]
  0x00000000165c7000 JavaThread "pool-2-thread-3" [_thread_in_Java, id=6412, stack(0x0000000016c60000,0x0000000016d60000)]
  0x0000000016639000 JavaThread "pool-2-thread-2" [_thread_in_vm, id=4008, stack(0x0000000016b60000,0x0000000016c60000)]
  0x0000000016638000 JavaThread "pool-3-thread-1" [_thread_blocked, id=4692, stack(0x0000000016a60000,0x0000000016b60000)]
  0x000000001665a800 JavaThread "pool-2-thread-1" [_thread_blocked, id=6152, stack(0x0000000016960000,0x0000000016a60000)]
  0x000000001636c800 JavaThread "Service Thread" daemon [_thread_blocked, id=5684, stack(0x0000000016760000,0x0000000016860000)]
  0x0000000014a69000 JavaThread "C1 CompilerThread2" daemon [_thread_in_native, id=6544, stack(0x0000000016260000,0x0000000016360000)]
  0x0000000014a64800 JavaThread "C2 CompilerThread1" daemon [_thread_in_native, id=5436, stack(0x0000000016160000,0x0000000016260000)]
=>0x0000000014a16800 JavaThread "C2 CompilerThread0" daemon [_thread_in_native, id=5812, stack(0x0000000016060000,0x0000000016160000)]
  0x0000000014a15000 JavaThread "Attach Listener" daemon [_thread_blocked, id=1168, stack(0x0000000015f60000,0x0000000016060000)]
  0x0000000014a14000 JavaThread "Signal Dispatcher" daemon [_thread_blocked, id=2688, stack(0x0000000015e60000,0x0000000015f60000)]
  0x000000000233b000 JavaThread "Finalizer" daemon [_thread_blocked, id=4336, stack(0x0000000015c80000,0x0000000015d80000)]
  0x0000000002330000 JavaThread "Reference Handler" daemon [_thread_blocked, id=4804, stack(0x0000000015b80000,0x0000000015c80000)]
  0x0000000002240800 JavaThread "main" [_thread_in_vm, id=6384, stack(0x00000000020d0000,0x00000000021d0000)]

Other Threads:
  0x00000000149d6800 VMThread [stack: 0x0000000015a80000,0x0000000015b80000] [id=6988]
  0x0000000016362000 WatcherThread [stack: 0x0000000016860000,0x0000000016960000] [id=6236]

VM state:not at safepoint (normal execution)

VM Mutex/Monitor currently owned by a thread: None

Heap:
 PSYoungGen      total 35328K, used 11259K [0x00000000eab00000, 0x00000000ef000000, 0x0000000100000000)
  eden space 32768K, 26% used [0x00000000eab00000,0x00000000eb386e88,0x00000000ecb00000)
  from space 2560K, 98% used [0x00000000ecb00000,0x00000000ecd78038,0x00000000ecd80000)
  to   space 2560K, 0% used [0x00000000eed80000,0x00000000eed80000,0x00000000ef000000)
 ParOldGen       total 44032K, used 7047K [0x00000000c0000000, 0x00000000c2b00000, 0x00000000eab00000)
  object space 44032K, 16% used [0x00000000c0000000,0x00000000c06e1fa0,0x00000000c2b00000)
 Metaspace       used 6211K, capacity 7088K, committed 7296K, reserved 1056768K
  class space    used 578K, capacity 616K, committed 640K, reserved 1048576K

Card table byte_map: [0x0000000011700000,0x0000000011910000] byte_map_base: 0x0000000011100000

Marking Bits: (ParMarkBitMap*) 0x00000000538d9d00
 Begin Bits: [0x0000000011e70000, 0x0000000012e70000)
 End Bits:   [0x0000000012e70000, 0x0000000013e70000)

Polling page: 0x0000000000810000

CodeCache: size=245760Kb used=7083Kb max_used=7089Kb free=238676Kb
 bounds [0x0000000002340000, 0x0000000002a40000, 0x0000000011340000]
 total_blobs=1964 nmethods=1696 adapters=182
 compilation: enabled

Compilation events (10 events):
Event: 11.504 Thread 0x0000000014a64800 1697       4       com.android.dx.ssa.SsaMethod::forEachBlockDepthFirst (194 bytes)
Event: 11.516 Thread 0x0000000014a69000 1718       3       java.util.concurrent.locks.LockSupport::park (23 bytes)
Event: 11.517 Thread 0x0000000014a69000 nmethod 1718 0x0000000002a2a5d0 code [0x0000000002a2a740, 0x0000000002a2aa88]
Event: 11.529 Thread 0x0000000014a69000 1721       3       com.android.dx.dex.file.EncodedMember::<init> (10 bytes)
Event: 11.530 Thread 0x0000000014a69000 nmethod 1721 0x0000000002a29a50 code [0x0000000002a29ba0, 0x0000000002a29d50]
Event: 11.556 Thread 0x0000000014a69000 1722       3       com.android.dx.rop.code.RegisterSpec::make (21 bytes)
Event: 11.557 Thread 0x0000000014a69000 nmethod 1722 0x0000000002a2c690 code [0x0000000002a2c800, 0x0000000002a2ca58]
Event: 11.566 Thread 0x0000000014a69000 1723       3       java.util.concurrent.locks.AbstractQueuedSynchronizer::shouldParkAfterFailedAcquire (50 bytes)
Event: 11.567 Thread 0x0000000014a69000 nmethod 1723 0x0000000002a2c050 code [0x0000000002a2c1c0, 0x0000000002a2c4f0]
Event: 11.594 Thread 0x0000000014a69000 1724   !   3       com.android.dx.cf.cst.ConstantPoolParser::parse0 (731 bytes)

GC Heap History (6 events):
Event: 2.018 GC heap before
{Heap before GC invocations=1 (full 0):
 PSYoungGen      total 18944K, used 16384K [0x00000000eab00000, 0x00000000ec000000, 0x0000000100000000)
  eden space 16384K, 100% used [0x00000000eab00000,0x00000000ebb00000,0x00000000ebb00000)
  from space 2560K, 0% used [0x00000000ebd80000,0x00000000ebd80000,0x00000000ec000000)
  to   space 2560K, 0% used [0x00000000ebb00000,0x00000000ebb00000,0x00000000ebd80000)
 ParOldGen       total 44032K, used 0K [0x00000000c0000000, 0x00000000c2b00000, 0x00000000eab00000)
  object space 44032K, 0% used [0x00000000c0000000,0x00000000c0000000,0x00000000c2b00000)
 Metaspace       used 5366K, capacity 6448K, committed 6528K, reserved 1056768K
  class space    used 565K, capacity 616K, committed 640K, reserved 1048576K
Event: 2.237 GC heap after
Heap after GC invocations=1 (full 0):
 PSYoungGen      total 18944K, used 2547K [0x00000000eab00000, 0x00000000ed000000, 0x0000000100000000)
  eden space 16384K, 0% used [0x00000000eab00000,0x00000000eab00000,0x00000000ebb00000)
  from space 2560K, 99% used [0x00000000ebb00000,0x00000000ebd7cea8,0x00000000ebd80000)
  to   space 2560K, 0% used [0x00000000ecd80000,0x00000000ecd80000,0x00000000ed000000)
 ParOldGen       total 44032K, used 670K [0x00000000c0000000, 0x00000000c2b00000, 0x00000000eab00000)
  object space 44032K, 1% used [0x00000000c0000000,0x00000000c00a7910,0x00000000c2b00000)
 Metaspace       used 5366K, capacity 6448K, committed 6528K, reserved 1056768K
  class space    used 565K, capacity 616K, committed 640K, reserved 1048576K
}
Event: 4.585 GC heap before
{Heap before GC invocations=2 (full 0):
 PSYoungGen      total 18944K, used 18931K [0x00000000eab00000, 0x00000000ed000000, 0x0000000100000000)
  eden space 16384K, 100% used [0x00000000eab00000,0x00000000ebb00000,0x00000000ebb00000)
  from space 2560K, 99% used [0x00000000ebb00000,0x00000000ebd7cea8,0x00000000ebd80000)
  to   space 2560K, 0% used [0x00000000ecd80000,0x00000000ecd80000,0x00000000ed000000)
 ParOldGen       total 44032K, used 670K [0x00000000c0000000, 0x00000000c2b00000, 0x00000000eab00000)
  object space 44032K, 1% used [0x00000000c0000000,0x00000000c00a7910,0x00000000c2b00000)
 Metaspace       used 5920K, capacity 6896K, committed 7040K, reserved 1056768K
  class space    used 576K, capacity 616K, committed 640K, reserved 1048576K
Event: 5.454 GC heap after
Heap after GC invocations=2 (full 0):
 PSYoungGen      total 35328K, used 2535K [0x00000000eab00000, 0x00000000ed000000, 0x0000000100000000)
  eden space 32768K, 0% used [0x00000000eab00000,0x00000000eab00000,0x00000000ecb00000)
  from space 2560K, 99% used [0x00000000ecd80000,0x00000000ecff9c78,0x00000000ed000000)
  to   space 2560K, 0% used [0x00000000ecb00000,0x00000000ecb00000,0x00000000ecd80000)
 ParOldGen       total 44032K, used 2453K [0x00000000c0000000, 0x00000000c2b00000, 0x00000000eab00000)
  object space 44032K, 5% used [0x00000000c0000000,0x00000000c02655e0,0x00000000c2b00000)
 Metaspace       used 5920K, capacity 6896K, committed 7040K, reserved 1056768K
  class space    used 576K, capacity 616K, committed 640K, reserved 1048576K
}
Event: 10.410 GC heap before
{Heap before GC invocations=3 (full 0):
 PSYoungGen      total 35328K, used 35303K [0x00000000eab00000, 0x00000000ed000000, 0x0000000100000000)
  eden space 32768K, 100% used [0x00000000eab00000,0x00000000ecb00000,0x00000000ecb00000)
  from space 2560K, 99% used [0x00000000ecd80000,0x00000000ecff9c78,0x00000000ed000000)
  to   space 2560K, 0% used [0x00000000ecb00000,0x00000000ecb00000,0x00000000ecd80000)
 ParOldGen       total 44032K, used 2453K [0x00000000c0000000, 0x00000000c2b00000, 0x00000000eab00000)
  object space 44032K, 5% used [0x00000000c0000000,0x00000000c02655e0,0x00000000c2b00000)
 Metaspace       used 6183K, capacity 7088K, committed 7296K, reserved 1056768K
  class space    used 577K, capacity 616K, committed 640K, reserved 1048576K
Event: 11.098 GC heap after
Heap after GC invocations=3 (full 0):
 PSYoungGen      total 35328K, used 2528K [0x00000000eab00000, 0x00000000ef000000, 0x0000000100000000)
  eden space 32768K, 0% used [0x00000000eab00000,0x00000000eab00000,0x00000000ecb00000)
  from space 2560K, 98% used [0x00000000ecb00000,0x00000000ecd78038,0x00000000ecd80000)
  to   space 2560K, 0% used [0x00000000eed80000,0x00000000eed80000,0x00000000ef000000)
 ParOldGen       total 44032K, used 7047K [0x00000000c0000000, 0x00000000c2b00000, 0x00000000eab00000)
  object space 44032K, 16% used [0x00000000c0000000,0x00000000c06e1fa0,0x00000000c2b00000)
 Metaspace       used 6183K, capacity 7088K, committed 7296K, reserved 1056768K
  class space    used 577K, capacity 616K, committed 640K, reserved 1048576K
}

Deoptimization events (10 events):
Event: 1.266 Thread 0x0000000002240800 Uncommon trap: reason=unstable_if action=reinterpret pc=0x0000000002489790 method=java.lang.String.indexOf(II)I @ 49
Event: 2.357 Thread 0x0000000016639000 Uncommon trap: reason=unstable_if action=reinterpret pc=0x0000000002567e30 method=java.util.BitSet.nextSetBit(I)I @ 87
Event: 2.366 Thread 0x0000000016639000 Uncommon trap: reason=unstable_if action=reinterpret pc=0x000000000258459c method=com.android.dx.rop.code.RegisterSpec.equals(ILcom/android/dx/rop/type/TypeBearer;Lcom/android/dx/rop/code/LocalItem;)Z @ 16
Event: 3.383 Thread 0x0000000016639000 Uncommon trap: reason=unstable_if action=reinterpret pc=0x000000000265d3d0 method=com.android.dx.rop.code.LocalItem.hashCode()I @ 25
Event: 4.455 Thread 0x000000001665a800 Uncommon trap: reason=unstable_if action=reinterpret pc=0x00000000025f179c method=com.android.dx.rop.cst.Constant.compareTo(Lcom/android/dx/rop/cst/Constant;)I @ 12
Event: 5.969 Thread 0x00000000165c7000 Uncommon trap: reason=null_check action=make_not_entrant pc=0x000000000279332c method=com.android.dx.ssa.SsaRenamer.getLocalForNewReg(I)Lcom/android/dx/rop/code/LocalItem; @ 19
Event: 8.461 Thread 0x00000000165c7800 Uncommon trap: reason=unstable_if action=reinterpret pc=0x000000000283e05c method=com.android.dx.ssa.SCCP.simulateStmt(Lcom/android/dx/ssa/SsaInsn;)V @ 53
Event: 11.457 Thread 0x00000000165c7000 Uncommon trap: reason=bimorphic action=maybe_recompile pc=0x000000000294dbdc method=com.android.dx.ssa.SCCP.simulatePhi(Lcom/android/dx/ssa/PhiInsn;)V @ 124
Event: 11.594 Thread 0x0000000002240800 Uncommon trap: reason=unstable_if action=reinterpret pc=0x000000000288eb38 method=com.android.dx.rop.cst.StdConstantPool.set(ILcom/android/dx/rop/cst/Constant;)V @ 12
Event: 11.594 Thread 0x0000000002240800 Uncommon trap: reason=unstable_if action=reinterpret pc=0x00000000028584b8 method=com.android.dx.rop.cst.StdConstantPool.set(ILcom/android/dx/rop/cst/Constant;)V @ 12

Internal exceptions (3 events):
Event: 0.075 Thread 0x0000000002240800 Exception <a 'java/lang/NoSuchMethodError': Method sun.misc.Unsafe.defineClass(Ljava/lang/String;[BII)Ljava/lang/Class; name or signature does not match> (0x00000000eab07cc0) thrown at [C:\src\android\AOSP-openjdk\external\jetbrains\jdk\hotspot\src\share\v|S«ÈY³?
Event: 0.076 Thread 0x0000000002240800 Exception <a 'java/lang/NoSuchMethodError': Method sun.misc.Unsafe.prefetchRead(Ljava/lang/Object;J)V name or signature does not match> (0x00000000eab07fa8) thrown at [C:\src\android\AOSP-openjdk\external\jetbrains\jdk\hotspot\src\share\vm\prims\jni.cpp, l(ù+Ôß@
Event: 5.969 Thread 0x00000000165c7000 Implicit null exception at 0x00000000027919db to 0x00000000027932e1

Events (10 events):
Event: 11.457 Thread 0x00000000165c7000 DEOPT PACKING pc=0x000000000294dbdc sp=0x0000000016d5ea60
Event: 11.457 Thread 0x00000000165c7000 DEOPT UNPACKING pc=0x000000000238556a sp=0x0000000016d5ea28 mode 2
Event: 11.560 loading class com/android/dx/cf/code/SwitchList
Event: 11.560 loading class com/android/dx/cf/code/SwitchList done
Event: 11.594 Thread 0x0000000002240800 Uncommon trap: trap_request=0xffffff65 fr.pc=0x000000000288eb38
Event: 11.594 Thread 0x0000000002240800 DEOPT PACKING pc=0x000000000288eb38 sp=0x00000000021ce5c0
Event: 11.594 Thread 0x0000000002240800 DEOPT UNPACKING pc=0x000000000238556a sp=0x00000000021ce500 mode 2
Event: 11.594 Thread 0x0000000002240800 Uncommon trap: trap_request=0xffffff65 fr.pc=0x00000000028584b8
Event: 11.594 Thread 0x0000000002240800 DEOPT PACKING pc=0x00000000028584b8 sp=0x00000000021ce550
Event: 11.594 Thread 0x0000000002240800 DEOPT UNPACKING pc=0x000000000238556a sp=0x00000000021ce4f8 mode 2


Dynamic libraries:
0x00007ff7bbf40000 - 0x00007ff7bbf71000 	C:\Program Files\Android\Android Studio\jre\bin\java.exe
0x00007ff80bf10000 - 0x00007ff80c0bd000 	C:\windows\SYSTEM32\ntdll.dll
0x00007ff809590000 - 0x00007ff8096ce000 	C:\windows\system32\KERNEL32.DLL
0x00007ff809100000 - 0x00007ff809215000 	C:\windows\system32\KERNELBASE.dll
0x00007ff8098e0000 - 0x00007ff80998a000 	C:\windows\system32\ADVAPI32.dll
0x00007ff80b290000 - 0x00007ff80b407000 	C:\windows\system32\USER32.dll
0x00007ff806020000 - 0x00007ff80629b000 	C:\windows\WinSxS\amd64_microsoft.windows.common-controls_6595b64144ccf1df_6.0.9600.18006_none_623f33d3ecbe86e8\COMCTL32.dll
0x00007ff80b420000 - 0x00007ff80b4ca000 	C:\windows\system32\msvcrt.dll
0x00007ff80b6b0000 - 0x00007ff80b709000 	C:\windows\SYSTEM32\sechost.dll
0x00007ff8097a0000 - 0x00007ff8098e0000 	C:\windows\system32\RPCRT4.dll
0x00007ff80b860000 - 0x00007ff80b9af000 	C:\windows\system32\GDI32.dll
0x00007ff809560000 - 0x00007ff80958e000 	C:\windows\system32\SspiCli.dll
0x00007ff80b250000 - 0x00007ff80b286000 	C:\windows\system32\IMM32.DLL
0x00007ff80bdb0000 - 0x00007ff80bf02000 	C:\windows\system32\MSCTF.dll
0x0000000052f60000 - 0x0000000053032000 	C:\Program Files\Android\Android Studio\jre\jre\bin\msvcr100.dll
0x0000000053120000 - 0x0000000053954000 	C:\Program Files\Android\Android Studio\jre\jre\bin\server\jvm.dll
0x00007ff800dc0000 - 0x00007ff800dc9000 	C:\windows\SYSTEM32\WSOCK32.dll
0x00007ff804300000 - 0x00007ff804322000 	C:\windows\SYSTEM32\WINMM.dll
0x00007ff801630000 - 0x00007ff80163a000 	C:\windows\SYSTEM32\VERSION.dll
0x00007ff80b4e0000 - 0x00007ff80b4e7000 	C:\windows\system32\PSAPI.DLL
0x00007ff80ba10000 - 0x00007ff80ba6a000 	C:\windows\system32\WS2_32.dll
0x00007ff8042d0000 - 0x00007ff8042fa000 	C:\windows\SYSTEM32\WINMMBASE.dll
0x00007ff80b4d0000 - 0x00007ff80b4d9000 	C:\windows\system32\NSI.dll
0x00007ff809220000 - 0x00007ff80926f000 	C:\windows\SYSTEM32\cfgmgr32.dll
0x00007ff807e50000 - 0x00007ff807e78000 	C:\windows\SYSTEM32\DEVOBJ.dll
0x00007ff804e20000 - 0x00007ff804e2f000 	C:\Program Files\Android\Android Studio\jre\jre\bin\verify.dll
0x00007ff8049c0000 - 0x00007ff8049e9000 	C:\Program Files\Android\Android Studio\jre\jre\bin\java.dll
0x00007ff803cd0000 - 0x00007ff803ce6000 	C:\Program Files\Android\Android Studio\jre\jre\bin\zip.dll
0x00007ff809b30000 - 0x00007ff80b058000 	C:\windows\system32\SHELL32.dll
0x00007ff80bb90000 - 0x00007ff80bda1000 	C:\windows\SYSTEM32\combase.dll
0x00007ff80b9b0000 - 0x00007ff80ba04000 	C:\windows\system32\SHLWAPI.dll
0x00007ff8073b0000 - 0x00007ff807462000 	C:\windows\SYSTEM32\SHCORE.dll
0x00007ff809030000 - 0x00007ff809045000 	C:\windows\SYSTEM32\profapi.dll

VM Arguments:
jvm_args: -Djava.awt.headless=true -Xmx1024M -Dfile.encoding=windows-1252 -Duser.country=US -Duser.language=en -Duser.variant 
java_command: com.android.dx.command.Main --dex --verbose --force-jumbo --num-threads=4 --multi-dex --output C:\Users\bruh\Desktop\COMP150-MOB\QueueR\app\build\intermediates\transforms\dex\debug\folders\1000\10\internal_impl-24.1.1_114bff3452e597ac8d6e45ad76bd2520d9cc42a6 C:\Users\bruh\Desktop\COMP150-MOB\QueueR\app\build\intermediates\exploded-aar\com.android.support\support-v4\24.1.1\jars\libs\internal_impl-24.1.1.jar
java_class_path (initial): C:\Users\bruh\AppData\Local\Android\sdk\build-tools\24.0.1\lib\dx.jar
Launcher Type: SUN_STANDARD

Environment Variables:
PATH=C:\Program Files\Java\jdk1.8.0_101\bin\;C:\ProgramData\Oracle\Java\javapath;C:\windows\system32;C:\windows;C:\windows\System32\Wbem;C:\windows\System32\WindowsPowerShell\v1.0\;C:\Program Files\nodejs\;C:\Program Files (x86)\Heroku\bin;C:\Program Files (x86)\git\cmd;C:\Users\bruh\AppData\Roaming\npm;C:\Program Files (x86)\Skype\Phone\;C:\Program Files (x86)\GtkSharp\2.12\bin;C:\Program Files\Java\jdk1.8.0_101\bin\
USERNAME=bruh
OS=Windows_NT
PROCESSOR_IDENTIFIER=Intel64 Family 6 Model 69 Stepping 1, GenuineIntel



---------------  S Y S T E M  ---------------

OS: Windows 8.1 , 64 bit Build 9600 (6.3.9600.17415)

CPU:total 4 (2 cores per cpu, 2 threads per core) family 6 model 69 stepping 1, cmov, cx8, fxsr, mmx, sse, sse2, sse3, ssse3, sse4.1, sse4.2, popcnt, avx, avx2, aes, clmul, erms, lzcnt, ht, tsc, tscinvbit, bmi1, bmi2

Memory: 4k page, physical 4097056k(188944k free), swap 7242784k(5816k free)

vm_info: OpenJDK 64-Bit Server VM (25.76-b03) for windows-amd64 JRE (1.8.0_76-release-b03), built on Jun 29 2016 19:09:20 by "ralucas" with MS VC++ 10.0 (VS2010)

time: Thu Dec 15 01:04:22 2016
elapsed time: 11 seconds (0d 0h 0m 11s)

