#
# There is insufficient memory for the Java Runtime Environment to continue.
# Native memory allocation (malloc) failed to allocate 131088 bytes for Chunk::new
# Possible reasons:
#   The system is out of physical RAM or swap space
#   In 32 bit mode, the process size limit was hit
# Possible solutions:
#   Reduce memory load on the system
#   Increase physical memory or swap space
#   Check if swap backing store is full
#   Use 64 bit Java on a 64 bit OS
#   Decrease Java heap size (-Xmx/-Xms)
#   Decrease number of Java threads
#   Decrease Java thread stack sizes (-Xss)
#   Set larger code cache with -XX:ReservedCodeCacheSize=
# This output file may be truncated or incomplete.
#
#  Out of Memory Error (allocation.cpp:390), pid=5880, tid=0x000000000000115c
#
# JRE version: OpenJDK Runtime Environment (8.0_76-b03) (build 1.8.0_76-release-b03)
# Java VM: OpenJDK 64-Bit Server VM (25.76-b03 mixed mode windows-amd64 compressed oops)
# Failed to write core dump. Minidumps are not enabled by default on client versions of Windows
#

---------------  T H R E A D  ---------------

Current thread (0x0000000015426800):  JavaThread "C2 CompilerThread0" daemon [_thread_in_native, id=4444, stack(0x0000000016a70000,0x0000000016b70000)]

Stack: [0x0000000016a70000,0x0000000016b70000]
[error occurred during error reporting (printing stack bounds), id 0xc0000005]

Native frames: (J=compiled Java code, j=interpreted, Vv=VM code, C=native code)


Current CompileTask:
C2:   5342 1186   !   4       com.android.dx.cf.code.BytecodeArray::parseInstruction (2764 bytes)


---------------  P R O C E S S  ---------------

Java Threads: ( => current thread )
  0x0000000016fb9800 JavaThread "pool-2-thread-4" [_thread_in_vm, id=4296, stack(0x0000000017770000,0x0000000017870000)]
  0x0000000016fb8800 JavaThread "pool-2-thread-3" [_thread_in_Java, id=732, stack(0x0000000017670000,0x0000000017770000)]
  0x0000000016fb8000 JavaThread "pool-2-thread-2" [_thread_blocked, id=1164, stack(0x0000000017570000,0x0000000017670000)]
  0x0000000016fb4800 JavaThread "pool-3-thread-1" [_thread_blocked, id=5768, stack(0x0000000017470000,0x0000000017570000)]
  0x0000000016fb4000 JavaThread "pool-2-thread-1" [_thread_blocked, id=6944, stack(0x0000000017370000,0x0000000017470000)]
  0x0000000016d7b000 JavaThread "Service Thread" daemon [_thread_blocked, id=540, stack(0x0000000017170000,0x0000000017270000)]
  0x000000001547a800 JavaThread "C1 CompilerThread2" daemon [_thread_blocked, id=3940, stack(0x0000000016c70000,0x0000000016d70000)]
  0x0000000015474800 JavaThread "C2 CompilerThread1" daemon [_thread_blocked, id=6276, stack(0x0000000016b70000,0x0000000016c70000)]
=>0x0000000015426800 JavaThread "C2 CompilerThread0" daemon [_thread_in_native, id=4444, stack(0x0000000016a70000,0x0000000016b70000)]
  0x0000000015425000 JavaThread "Attach Listener" daemon [_thread_blocked, id=5780, stack(0x0000000016970000,0x0000000016a70000)]
  0x0000000015424000 JavaThread "Signal Dispatcher" daemon [_thread_blocked, id=2144, stack(0x0000000016870000,0x0000000016970000)]
  0x0000000002d4b000 JavaThread "Finalizer" daemon [_thread_blocked, id=6280, stack(0x0000000016690000,0x0000000016790000)]
  0x0000000002d40000 JavaThread "Reference Handler" daemon [_thread_blocked, id=664, stack(0x0000000016590000,0x0000000016690000)]
  0x0000000002c50800 JavaThread "main" [_thread_blocked, id=5488, stack(0x0000000002b50000,0x0000000002c50000)]

Other Threads:
  0x00000000153e6800 VMThread [stack: 0x0000000016490000,0x0000000016590000] [id=2832]
  0x0000000016d70800 WatcherThread [stack: 0x0000000017270000,0x0000000017370000] [id=4976]

VM state:not at safepoint (normal execution)

VM Mutex/Monitor currently owned by a thread: None

Heap:
 PSYoungGen      total 18944K, used 15682K [0x00000000eab00000, 0x00000000ec000000, 0x0000000100000000)
  eden space 16384K, 80% used [0x00000000eab00000,0x00000000eb7d5ee8,0x00000000ebb00000)
  from space 2560K, 99% used [0x00000000ebb00000,0x00000000ebd7aa90,0x00000000ebd80000)
  to   space 2560K, 0% used [0x00000000ebd80000,0x00000000ebd80000,0x00000000ec000000)
 ParOldGen       total 44032K, used 1856K [0x00000000c0000000, 0x00000000c2b00000, 0x00000000eab00000)
  object space 44032K, 4% used [0x00000000c0000000,0x00000000c01d0370,0x00000000c2b00000)
 Metaspace       used 5911K, capacity 6896K, committed 7040K, reserved 1056768K
  class space    used 573K, capacity 616K, committed 640K, reserved 1048576K

Card table byte_map: [0x0000000012110000,0x0000000012320000] byte_map_base: 0x0000000011b10000

Marking Bits: (ParMarkBitMap*) 0x00000000538d9d00
 Begin Bits: [0x0000000012880000, 0x0000000013880000)
 End Bits:   [0x0000000013880000, 0x0000000014880000)

Polling page: 0x00000000011d0000

CodeCache: size=245760Kb used=4784Kb max_used=4784Kb free=240975Kb
 bounds [0x0000000002d50000, 0x0000000003210000, 0x0000000011d50000]
 total_blobs=1463 nmethods=1196 adapters=181
 compilation: enabled

Compilation events (10 events):
Event: 5.284 Thread 0x0000000015474800 nmethod 1188 0x00000000031f9b90 code [0x00000000031f9d20, 0x00000000031fa5f8]
Event: 5.284 Thread 0x0000000015474800 1211       4       java.lang.Object::equals (11 bytes)
Event: 5.285 Thread 0x0000000015474800 nmethod 1211 0x000000000315fa50 code [0x000000000315fb80, 0x000000000315fbf8]
Event: 5.289 Thread 0x000000001547a800 nmethod 1223 0x00000000031fb090 code [0x00000000031fb820, 0x00000000031ffa18]
Event: 5.289 Thread 0x000000001547a800 1224       3       com.android.dx.cf.attrib.BaseAttribute::<init> (24 bytes)
Event: 5.290 Thread 0x000000001547a800 nmethod 1224 0x00000000031f9650 code [0x00000000031f97c0, 0x00000000031f9a88]
Event: 5.290 Thread 0x000000001547a800 1220       3       java.io.BufferedWriter::ensureOpen (18 bytes)
Event: 5.290 Thread 0x000000001547a800 nmethod 1220 0x00000000031f9190 code [0x00000000031f9300, 0x00000000031f9568]
Event: 5.290 Thread 0x000000001547a800 1222       1       sun.nio.cs.StreamEncoder::isOpen (5 bytes)
Event: 5.290 Thread 0x000000001547a800 nmethod 1222 0x00000000031f8ed0 code [0x00000000031f9020, 0x00000000031f9130]

GC Heap History (2 events):
Event: 4.036 GC heap before
{Heap before GC invocations=1 (full 0):
 PSYoungGen      total 18944K, used 16384K [0x00000000eab00000, 0x00000000ec000000, 0x0000000100000000)
  eden space 16384K, 100% used [0x00000000eab00000,0x00000000ebb00000,0x00000000ebb00000)
  from space 2560K, 0% used [0x00000000ebd80000,0x00000000ebd80000,0x00000000ec000000)
  to   space 2560K, 0% used [0x00000000ebb00000,0x00000000ebb00000,0x00000000ebd80000)
 ParOldGen       total 44032K, used 0K [0x00000000c0000000, 0x00000000c2b00000, 0x00000000eab00000)
  object space 44032K, 0% used [0x00000000c0000000,0x00000000c0000000,0x00000000c2b00000)
 Metaspace       used 5722K, capacity 6768K, committed 7040K, reserved 1056768K
  class space    used 571K, capacity 616K, committed 640K, reserved 1048576K
Event: 4.540 GC heap after
Heap after GC invocations=1 (full 0):
 PSYoungGen      total 18944K, used 2538K [0x00000000eab00000, 0x00000000ec000000, 0x0000000100000000)
  eden space 16384K, 0% used [0x00000000eab00000,0x00000000eab00000,0x00000000ebb00000)
  from space 2560K, 99% used [0x00000000ebb00000,0x00000000ebd7aa90,0x00000000ebd80000)
  to   space 2560K, 0% used [0x00000000ebd80000,0x00000000ebd80000,0x00000000ec000000)
 ParOldGen       total 44032K, used 1856K [0x00000000c0000000, 0x00000000c2b00000, 0x00000000eab00000)
  object space 44032K, 4% used [0x00000000c0000000,0x00000000c01d0370,0x00000000c2b00000)
 Metaspace       used 5722K, capacity 6768K, committed 7040K, reserved 1056768K
  class space    used 571K, capacity 616K, committed 640K, reserved 1048576K
}

Deoptimization events (10 events):
Event: 3.712 Thread 0x0000000016fb8000 Uncommon trap: reason=class_check action=maybe_recompile pc=0x0000000002faa4f0 method=com.android.dx.ssa.NormalSsaInsn.accept(Lcom/android/dx/ssa/SsaInsn$Visitor;)V @ 9
Event: 3.712 Thread 0x0000000016fb8000 Uncommon trap: reason=class_check action=maybe_recompile pc=0x0000000002faa4f0 method=com.android.dx.ssa.NormalSsaInsn.accept(Lcom/android/dx/ssa/SsaInsn$Visitor;)V @ 9
Event: 3.712 Thread 0x0000000016fb8000 Uncommon trap: reason=class_check action=maybe_recompile pc=0x0000000002faa4f0 method=com.android.dx.ssa.NormalSsaInsn.accept(Lcom/android/dx/ssa/SsaInsn$Visitor;)V @ 9
Event: 3.718 Thread 0x0000000002c50800 Uncommon trap: reason=unstable_if action=reinterpret pc=0x0000000002f633f0 method=java.util.BitSet.nextSetBit(I)I @ 87
Event: 3.721 Thread 0x0000000002c50800 Uncommon trap: reason=unstable_if action=reinterpret pc=0x0000000002f4ae68 method=java.util.HashMap.getNode(ILjava/lang/Object;)Ljava/util/HashMap$Node; @ 62
Event: 4.595 Thread 0x0000000016fb4000 Uncommon trap: reason=unstable_if action=reinterpret pc=0x0000000002faa934 method=java.util.BitSet.ensureCapacity(I)V @ 6
Event: 4.595 Thread 0x0000000016fb4000 Uncommon trap: reason=unstable_if action=reinterpret pc=0x0000000002fcb970 method=java.util.BitSet.ensureCapacity(I)V @ 6
Event: 5.090 Thread 0x0000000016fb8800 Uncommon trap: reason=class_check action=maybe_recompile pc=0x0000000002fdef40 method=com.android.dx.ssa.NormalSsaInsn.accept(Lcom/android/dx/ssa/SsaInsn$Visitor;)V @ 9
Event: 5.139 Thread 0x0000000002c50800 Uncommon trap: reason=unstable_if action=reinterpret pc=0x0000000003134234 method=java.util.HashMap.getNode(ILjava/lang/Object;)Ljava/util/HashMap$Node; @ 129
Event: 5.181 Thread 0x0000000016fb8000 Uncommon trap: reason=null_check action=make_not_entrant pc=0x0000000003065b28 method=com.android.dx.rop.type.Type.equals(Ljava/lang/Object;)Z @ 8

Internal exceptions (3 events):
Event: 0.217 Thread 0x0000000002c50800 Exception <a 'java/lang/NoSuchMethodError': Method sun.misc.Unsafe.defineClass(Ljava/lang/String;[BII)Ljava/lang/Class; name or signature does not match> (0x00000000eab07cc0) thrown at [C:\src\android\AOSP-openjdk\external\jetbrains\jdk\hotspot\src\share\v®Øê—øÀ?
Event: 0.217 Thread 0x0000000002c50800 Exception <a 'java/lang/NoSuchMethodError': Method sun.misc.Unsafe.prefetchRead(Ljava/lang/Object;J)V name or signature does not match> (0x00000000eab07fa8) thrown at [C:\src\android\AOSP-openjdk\external\jetbrains\jdk\hotspot\src\share\vm\prims\jni.cpp, lû±)’-π@
Event: 5.181 Thread 0x0000000016fb8000 Implicit null exception at 0x0000000003065a22 to 0x0000000003065b1a

Events (10 events):
Event: 4.608 loading class com/android/dx/cf/attrib/AttEnclosingMethod done
Event: 5.090 Thread 0x0000000016fb8800 Uncommon trap: trap_request=0xffffffde fr.pc=0x0000000002fdef40
Event: 5.090 Thread 0x0000000016fb8800 DEOPT PACKING pc=0x0000000002fdef40 sp=0x000000001776eb40
Event: 5.090 Thread 0x0000000016fb8800 DEOPT UNPACKING pc=0x0000000002d9556a sp=0x000000001776ea90 mode 2
Event: 5.139 Thread 0x0000000002c50800 Uncommon trap: trap_request=0xffffff65 fr.pc=0x0000000003134234
Event: 5.139 Thread 0x0000000002c50800 DEOPT PACKING pc=0x0000000003134234 sp=0x0000000002c4e790
Event: 5.139 Thread 0x0000000002c50800 DEOPT UNPACKING pc=0x0000000002d9556a sp=0x0000000002c4e528 mode 2
Event: 5.181 Thread 0x0000000016fb8000 Uncommon trap: trap_request=0xfffffff4 fr.pc=0x0000000003065b28
Event: 5.181 Thread 0x0000000016fb8000 DEOPT PACKING pc=0x0000000003065b28 sp=0x000000001766eb00
Event: 5.181 Thread 0x0000000016fb8000 DEOPT UNPACKING pc=0x0000000002d9556a sp=0x000000001766ea88 mode 2


Dynamic libraries:
0x00007ff7bbf40000 - 0x00007ff7bbf71000 	C:\Program Files\Android\Android Studio\jre\bin\java.exe
0x00007ff80bf10000 - 0x00007ff80c0bd000 	C:\windows\SYSTEM32\ntdll.dll
0x00007ff809590000 - 0x00007ff8096ce000 	C:\windows\system32\KERNEL32.DLL
0x00007ff809100000 - 0x00007ff809215000 	C:\windows\system32\KERNELBASE.dll
0x00007ff8098e0000 - 0x00007ff80998a000 	C:\windows\system32\ADVAPI32.dll
0x00007ff80b290000 - 0x00007ff80b407000 	C:\windows\system32\USER32.dll
0x00007ff806020000 - 0x00007ff80629b000 	C:\windows\WinSxS\amd64_microsoft.windows.common-controls_6595b64144ccf1df_6.0.9600.18006_none_623f33d3ecbe86e8\COMCTL32.dll
0x00007ff80b420000 - 0x00007ff80b4ca000 	C:\windows\system32\msvcrt.dll
0x00007ff80b6b0000 - 0x00007ff80b709000 	C:\windows\SYSTEM32\sechost.dll
0x00007ff8097a0000 - 0x00007ff8098e0000 	C:\windows\system32\RPCRT4.dll
0x00007ff80b860000 - 0x00007ff80b9af000 	C:\windows\system32\GDI32.dll
0x00007ff809560000 - 0x00007ff80958e000 	C:\windows\system32\SspiCli.dll
0x00007ff80b250000 - 0x00007ff80b286000 	C:\windows\system32\IMM32.DLL
0x00007ff80bdb0000 - 0x00007ff80bf02000 	C:\windows\system32\MSCTF.dll
0x0000000052f60000 - 0x0000000053032000 	C:\Program Files\Android\Android Studio\jre\jre\bin\msvcr100.dll
0x0000000053120000 - 0x0000000053954000 	C:\Program Files\Android\Android Studio\jre\jre\bin\server\jvm.dll
0x00007ff800dc0000 - 0x00007ff800dc9000 	C:\windows\SYSTEM32\WSOCK32.dll
0x00007ff804300000 - 0x00007ff804322000 	C:\windows\SYSTEM32\WINMM.dll
0x00007ff801630000 - 0x00007ff80163a000 	C:\windows\SYSTEM32\VERSION.dll
0x00007ff80b4e0000 - 0x00007ff80b4e7000 	C:\windows\system32\PSAPI.DLL
0x00007ff80ba10000 - 0x00007ff80ba6a000 	C:\windows\system32\WS2_32.dll
0x00007ff8042d0000 - 0x00007ff8042fa000 	C:\windows\SYSTEM32\WINMMBASE.dll
0x00007ff80b4d0000 - 0x00007ff80b4d9000 	C:\windows\system32\NSI.dll
0x00007ff809220000 - 0x00007ff80926f000 	C:\windows\SYSTEM32\cfgmgr32.dll
0x00007ff807e50000 - 0x00007ff807e78000 	C:\windows\SYSTEM32\DEVOBJ.dll
0x00007ff804e20000 - 0x00007ff804e2f000 	C:\Program Files\Android\Android Studio\jre\jre\bin\verify.dll
0x00007ff803cc0000 - 0x00007ff803ce9000 	C:\Program Files\Android\Android Studio\jre\jre\bin\java.dll
0x00007ff802cb0000 - 0x00007ff802cc6000 	C:\Program Files\Android\Android Studio\jre\jre\bin\zip.dll
0x00007ff809b30000 - 0x00007ff80b058000 	C:\windows\system32\SHELL32.dll
0x00007ff80bb90000 - 0x00007ff80bda1000 	C:\windows\SYSTEM32\combase.dll
0x00007ff80b9b0000 - 0x00007ff80ba04000 	C:\windows\system32\SHLWAPI.dll
0x00007ff8073b0000 - 0x00007ff807462000 	C:\windows\SYSTEM32\SHCORE.dll
0x00007ff809030000 - 0x00007ff809045000 	C:\windows\SYSTEM32\profapi.dll

VM Arguments:
jvm_args: -Djava.awt.headless=true -Xmx1024M -Dfile.encoding=windows-1252 -Duser.country=US -Duser.language=en -Duser.variant 
java_command: com.android.dx.command.Main --dex --verbose --force-jumbo --num-threads=4 --multi-dex --output C:\Users\bruh\Desktop\COMP150-MOB\QueueR\app\build\intermediates\transforms\dex\debug\folders\1000\10\com.google.firebase-firebase-auth-9.4.0_09f7e06766c8e3d5e7f5c61b040a940c02662c44 C:\Users\bruh\Desktop\COMP150-MOB\QueueR\app\build\intermediates\exploded-aar\com.google.firebase\firebase-auth\9.4.0\jars\classes.jar
java_class_path (initial): C:\Users\bruh\AppData\Local\Android\sdk\build-tools\24.0.1\lib\dx.jar
Launcher Type: SUN_STANDARD

Environment Variables:
PATH=C:\Program Files\Java\jdk1.8.0_101\bin\;C:\ProgramData\Oracle\Java\javapath;C:\windows\system32;C:\windows;C:\windows\System32\Wbem;C:\windows\System32\WindowsPowerShell\v1.0\;C:\Program Files\nodejs\;C:\Program Files (x86)\Heroku\bin;C:\Program Files (x86)\git\cmd;C:\Users\bruh\AppData\Roaming\npm;C:\Program Files (x86)\Skype\Phone\;C:\Program Files (x86)\GtkSharp\2.12\bin;C:\Program Files\Java\jdk1.8.0_101\bin\
USERNAME=bruh
OS=Windows_NT
PROCESSOR_IDENTIFIER=Intel64 Family 6 Model 69 Stepping 1, GenuineIntel



---------------  S Y S T E M  ---------------

OS: Windows 8.1 , 64 bit Build 9600 (6.3.9600.17415)

CPU:total 4 (2 cores per cpu, 2 threads per core) family 6 model 69 stepping 1, cmov, cx8, fxsr, mmx, sse, sse2, sse3, ssse3, sse4.1, sse4.2, popcnt, avx, avx2, aes, clmul, erms, lzcnt, ht, tsc, tscinvbit, bmi1, bmi2

Memory: 4k page, physical 4097056k(136688k free), swap 7242784k(5116k free)

vm_info: OpenJDK 64-Bit Server VM (25.76-b03) for windows-amd64 JRE (1.8.0_76-release-b03), built on Jun 29 2016 19:09:20 by "ralucas" with MS VC++ 10.0 (VS2010)

time: Wed Dec 14 21:45:38 2016
elapsed time: 5 seconds (0d 0h 0m 5s)

