#
# There is insufficient memory for the Java Runtime Environment to continue.
# Native memory allocation (malloc) failed to allocate 417536 bytes for Chunk::new
# Possible reasons:
#   The system is out of physical RAM or swap space
#   In 32 bit mode, the process size limit was hit
# Possible solutions:
#   Reduce memory load on the system
#   Increase physical memory or swap space
#   Check if swap backing store is full
#   Use 64 bit Java on a 64 bit OS
#   Decrease Java heap size (-Xmx/-Xms)
#   Decrease number of Java threads
#   Decrease Java thread stack sizes (-Xss)
#   Set larger code cache with -XX:ReservedCodeCacheSize=
# This output file may be truncated or incomplete.
#
#  Out of Memory Error (allocation.cpp:390), pid=4776, tid=0x0000000000001670
#
# JRE version: OpenJDK Runtime Environment (8.0_76-b03) (build 1.8.0_76-release-b03)
# Java VM: OpenJDK 64-Bit Server VM (25.76-b03 mixed mode windows-amd64 compressed oops)
# Failed to write core dump. Minidumps are not enabled by default on client versions of Windows
#

---------------  T H R E A D  ---------------

Current thread (0x00000000145dc800):  JavaThread "C2 CompilerThread1" daemon [_thread_in_native, id=5744, stack(0x0000000015cd0000,0x0000000015dd0000)]

Stack: [0x0000000015cd0000,0x0000000015dd0000]
[error occurred during error reporting (printing stack bounds), id 0xc0000005]

Native frames: (J=compiled Java code, j=interpreted, Vv=VM code, C=native code)


Current CompileTask:
C2:  11324 1405       4       com.android.dx.ssa.LocalVariableExtractor::processBlock (383 bytes)


---------------  P R O C E S S  ---------------

Java Threads: ( => current thread )
  0x000000001603c800 JavaThread "pool-2-thread-4" [_thread_blocked, id=2948, stack(0x00000000168d0000,0x00000000169d0000)]
  0x000000001603b800 JavaThread "pool-2-thread-3" [_thread_in_vm, id=3264, stack(0x00000000167d0000,0x00000000168d0000)]
  0x0000000016035800 JavaThread "pool-2-thread-2" [_thread_blocked, id=5588, stack(0x00000000166d0000,0x00000000167d0000)]
  0x000000001602d800 JavaThread "pool-3-thread-1" [_thread_blocked, id=1368, stack(0x00000000165d0000,0x00000000166d0000)]
  0x0000000016025000 JavaThread "pool-2-thread-1" [_thread_in_Java, id=2264, stack(0x00000000164d0000,0x00000000165d0000)]
  0x0000000015dfa800 JavaThread "Service Thread" daemon [_thread_blocked, id=5260, stack(0x00000000162d0000,0x00000000163d0000)]
  0x0000000015dd8800 JavaThread "C1 CompilerThread2" daemon [_thread_blocked, id=5008, stack(0x00000000161d0000,0x00000000162d0000)]
=>0x00000000145dc800 JavaThread "C2 CompilerThread1" daemon [_thread_in_native, id=5744, stack(0x0000000015cd0000,0x0000000015dd0000)]
  0x0000000014596800 JavaThread "C2 CompilerThread0" daemon [_thread_in_native, id=5384, stack(0x0000000015bd0000,0x0000000015cd0000)]
  0x0000000014595000 JavaThread "Attach Listener" daemon [_thread_blocked, id=2064, stack(0x0000000015ad0000,0x0000000015bd0000)]
  0x0000000014594000 JavaThread "Signal Dispatcher" daemon [_thread_blocked, id=1180, stack(0x00000000159d0000,0x0000000015ad0000)]
  0x0000000001ebb000 JavaThread "Finalizer" daemon [_thread_blocked, id=3452, stack(0x00000000157f0000,0x00000000158f0000)]
  0x0000000001eb0000 JavaThread "Reference Handler" daemon [_thread_blocked, id=4272, stack(0x00000000156f0000,0x00000000157f0000)]
  0x0000000001dc0800 JavaThread "main" [_thread_in_vm, id=6112, stack(0x0000000001c00000,0x0000000001d00000)]

Other Threads:
  0x0000000014556800 VMThread [stack: 0x00000000155f0000,0x00000000156f0000] [id=5488]
  0x00000000145ee800 WatcherThread [stack: 0x00000000163d0000,0x00000000164d0000] [id=4980]

VM state:not at safepoint (normal execution)

VM Mutex/Monitor currently owned by a thread: None

Heap:
 PSYoungGen      total 35328K, used 13468K [0x00000000eab00000, 0x00000000ed000000, 0x0000000100000000)
  eden space 32768K, 33% used [0x00000000eab00000,0x00000000eb5a9cc0,0x00000000ecb00000)
  from space 2560K, 99% used [0x00000000ecd80000,0x00000000ecffd698,0x00000000ed000000)
  to   space 2560K, 0% used [0x00000000ecb00000,0x00000000ecb00000,0x00000000ecd80000)
 ParOldGen       total 44032K, used 3862K [0x00000000c0000000, 0x00000000c2b00000, 0x00000000eab00000)
  object space 44032K, 8% used [0x00000000c0000000,0x00000000c03c5a88,0x00000000c2b00000)
 Metaspace       used 6040K, capacity 6960K, committed 7040K, reserved 1056768K
  class space    used 575K, capacity 616K, committed 640K, reserved 1048576K

Card table byte_map: [0x0000000011280000,0x0000000011490000] byte_map_base: 0x0000000010c80000

Marking Bits: (ParMarkBitMap*) 0x00000000538d9d00
 Begin Bits: [0x00000000119f0000, 0x00000000129f0000)
 End Bits:   [0x00000000129f0000, 0x00000000139f0000)

Polling page: 0x0000000001d00000

CodeCache: size=245760Kb used=5891Kb max_used=5891Kb free=239868Kb
 bounds [0x0000000001ec0000, 0x0000000002490000, 0x0000000010ec0000]
 total_blobs=1680 nmethods=1412 adapters=182
 compilation: enabled

Compilation events (10 events):
Event: 11.307 Thread 0x0000000015dd8800 1424       3       com.android.dx.ssa.Dominators::<init> (55 bytes)
Event: 11.308 Thread 0x0000000015dd8800 nmethod 1424 0x00000000024817d0 code [0x0000000002481960, 0x0000000002481eb0]
Event: 11.309 Thread 0x0000000015dd8800 1425       3       com.android.dx.cf.direct.MethodListParser::set (30 bytes)
Event: 11.311 Thread 0x0000000015dd8800 nmethod 1425 0x0000000002482110 code [0x0000000002482300, 0x0000000002482d38]
Event: 11.313 Thread 0x0000000015dd8800 1426       3       com.android.dx.cf.iface.StdMember::getDescriptor (8 bytes)
Event: 11.314 Thread 0x0000000015dd8800 nmethod 1426 0x0000000002483590 code [0x00000000024836e0, 0x00000000024838d0]
Event: 11.314 Thread 0x0000000015dd8800 1427       3       com.android.dx.rop.type.Prototype::intern (31 bytes)
Event: 11.315 Thread 0x0000000015dd8800 nmethod 1427 0x0000000002483990 code [0x0000000002483b20, 0x0000000002483ea8]
Event: 11.315 Thread 0x0000000015dd8800 1428       3       com.android.dx.rop.cst.CstFieldRef::<init> (7 bytes)
Event: 11.315 Thread 0x0000000015dd8800 nmethod 1428 0x0000000002484010 code [0x0000000002484180, 0x0000000002484308]

GC Heap History (4 events):
Event: 4.007 GC heap before
{Heap before GC invocations=1 (full 0):
 PSYoungGen      total 18944K, used 16384K [0x00000000eab00000, 0x00000000ec000000, 0x0000000100000000)
  eden space 16384K, 100% used [0x00000000eab00000,0x00000000ebb00000,0x00000000ebb00000)
  from space 2560K, 0% used [0x00000000ebd80000,0x00000000ebd80000,0x00000000ec000000)
  to   space 2560K, 0% used [0x00000000ebb00000,0x00000000ebb00000,0x00000000ebd80000)
 ParOldGen       total 44032K, used 0K [0x00000000c0000000, 0x00000000c2b00000, 0x00000000eab00000)
  object space 44032K, 0% used [0x00000000c0000000,0x00000000c0000000,0x00000000c2b00000)
 Metaspace       used 5690K, capacity 6704K, committed 6784K, reserved 1056768K
  class space    used 572K, capacity 616K, committed 640K, reserved 1048576K
Event: 4.409 GC heap after
Heap after GC invocations=1 (full 0):
 PSYoungGen      total 18944K, used 2535K [0x00000000eab00000, 0x00000000ed000000, 0x0000000100000000)
  eden space 16384K, 0% used [0x00000000eab00000,0x00000000eab00000,0x00000000ebb00000)
  from space 2560K, 99% used [0x00000000ebb00000,0x00000000ebd79c88,0x00000000ebd80000)
  to   space 2560K, 0% used [0x00000000ecd80000,0x00000000ecd80000,0x00000000ed000000)
 ParOldGen       total 44032K, used 1670K [0x00000000c0000000, 0x00000000c2b00000, 0x00000000eab00000)
  object space 44032K, 3% used [0x00000000c0000000,0x00000000c01a18f0,0x00000000c2b00000)
 Metaspace       used 5690K, capacity 6704K, committed 6784K, reserved 1056768K
  class space    used 572K, capacity 616K, committed 640K, reserved 1048576K
}
Event: 7.848 GC heap before
{Heap before GC invocations=2 (full 0):
 PSYoungGen      total 18944K, used 18919K [0x00000000eab00000, 0x00000000ed000000, 0x0000000100000000)
  eden space 16384K, 100% used [0x00000000eab00000,0x00000000ebb00000,0x00000000ebb00000)
  from space 2560K, 99% used [0x00000000ebb00000,0x00000000ebd79c88,0x00000000ebd80000)
  to   space 2560K, 0% used [0x00000000ecd80000,0x00000000ecd80000,0x00000000ed000000)
 ParOldGen       total 44032K, used 1670K [0x00000000c0000000, 0x00000000c2b00000, 0x00000000eab00000)
  object space 44032K, 3% used [0x00000000c0000000,0x00000000c01a18f0,0x00000000c2b00000)
 Metaspace       used 5975K, capacity 6960K, committed 7040K, reserved 1056768K
  class space    used 575K, capacity 616K, committed 640K, reserved 1048576K
Event: 8.950 GC heap after
Heap after GC invocations=2 (full 0):
 PSYoungGen      total 35328K, used 2549K [0x00000000eab00000, 0x00000000ed000000, 0x0000000100000000)
  eden space 32768K, 0% used [0x00000000eab00000,0x00000000eab00000,0x00000000ecb00000)
  from space 2560K, 99% used [0x00000000ecd80000,0x00000000ecffd698,0x00000000ed000000)
  to   space 2560K, 0% used [0x00000000ecb00000,0x00000000ecb00000,0x00000000ecd80000)
 ParOldGen       total 44032K, used 3862K [0x00000000c0000000, 0x00000000c2b00000, 0x00000000eab00000)
  object space 44032K, 8% used [0x00000000c0000000,0x00000000c03c5a88,0x00000000c2b00000)
 Metaspace       used 5975K, capacity 6960K, committed 7040K, reserved 1056768K
  class space    used 575K, capacity 616K, committed 640K, reserved 1048576K
}

Deoptimization events (10 events):
Event: 5.998 Thread 0x0000000001dc0800 Uncommon trap: reason=null_check action=make_not_entrant pc=0x000000000226aa44 method=com.android.dx.ssa.SsaRenamer.getLocalForNewReg(I)Lcom/android/dx/rop/code/LocalItem; @ 19
Event: 5.998 Thread 0x0000000001dc0800 Uncommon trap: reason=null_check action=make_not_entrant pc=0x00000000022622d4 method=com.android.dx.ssa.SsaRenamer.getLocalForNewReg(I)Lcom/android/dx/rop/code/LocalItem; @ 19
Event: 7.211 Thread 0x0000000016035800 Uncommon trap: reason=unstable_if action=reinterpret pc=0x000000000217b5dc method=com.android.dx.rop.cst.Constant.compareTo(Lcom/android/dx/rop/cst/Constant;)I @ 12
Event: 7.624 Thread 0x0000000016035800 Uncommon trap: reason=unstable_if action=reinterpret pc=0x00000000023c91e4 method=com.android.dx.ssa.SCCP.simulateBranch(Lcom/android/dx/ssa/SsaInsn;)V @ 64
Event: 7.642 Thread 0x0000000016035800 Uncommon trap: reason=unstable_if action=reinterpret pc=0x0000000002350fdc method=com.android.dx.ssa.SsaMethod.updateOneDefinition(Lcom/android/dx/ssa/SsaInsn;Lcom/android/dx/rop/code/RegisterSpec;)V @ 4
Event: 9.597 Thread 0x0000000001dc0800 Uncommon trap: reason=bimorphic action=maybe_recompile pc=0x00000000023d4c10 method=com.android.dx.ssa.SCCP.setLatticeValueTo(IILcom/android/dx/rop/cst/Constant;)Z @ 43
Event: 9.598 Thread 0x0000000001dc0800 Uncommon trap: reason=bimorphic action=maybe_recompile pc=0x00000000023d4c10 method=com.android.dx.ssa.SCCP.setLatticeValueTo(IILcom/android/dx/rop/cst/Constant;)Z @ 43
Event: 9.598 Thread 0x0000000001dc0800 Uncommon trap: reason=bimorphic action=maybe_recompile pc=0x00000000023d4c10 method=com.android.dx.ssa.SCCP.setLatticeValueTo(IILcom/android/dx/rop/cst/Constant;)Z @ 43
Event: 9.598 Thread 0x0000000001dc0800 Uncommon trap: reason=bimorphic action=maybe_recompile pc=0x00000000023d4c10 method=com.android.dx.ssa.SCCP.setLatticeValueTo(IILcom/android/dx/rop/cst/Constant;)Z @ 43
Event: 9.604 Thread 0x0000000001dc0800 Uncommon trap: reason=unstable_if action=reinterpret pc=0x00000000023626c4 method=com.android.dx.ssa.SCCP.simulateStmt(Lcom/android/dx/ssa/SsaInsn;)V @ 53

Internal exceptions (4 events):
Event: 0.205 Thread 0x0000000001dc0800 Exception <a 'java/lang/NoSuchMethodError': Method sun.misc.Unsafe.defineClass(Ljava/lang/String;[BII)Ljava/lang/Class; name or signature does not match> (0x00000000eab07cc0) thrown at [C:\src\android\AOSP-openjdk\external\jetbrains\jdk\hotspot\src\share\v9=1a:Ê?
Event: 0.205 Thread 0x0000000001dc0800 Exception <a 'java/lang/NoSuchMethodError': Method sun.misc.Unsafe.prefetchRead(Ljava/lang/Object;J)V name or signature does not match> (0x00000000eab07fa8) thrown at [C:\src\android\AOSP-openjdk\external\jetbrains\jdk\hotspot\src\share\vm\prims\jni.cpp, l#êÌ]Éý@
Event: 5.998 Thread 0x0000000001dc0800 Implicit null exception at 0x00000000022691be to 0x000000000226a9f9
Event: 5.998 Thread 0x0000000001dc0800 Implicit null exception at 0x0000000002260cc3 to 0x00000000022622a1

Events (10 events):
Event: 9.598 Thread 0x0000000001dc0800 DEOPT PACKING pc=0x00000000023d4c10 sp=0x0000000001cfe230
Event: 9.598 Thread 0x0000000001dc0800 DEOPT UNPACKING pc=0x0000000001f0556a sp=0x0000000001cfe198 mode 2
Event: 9.598 Thread 0x0000000001dc0800 Uncommon trap: trap_request=0xffffffc6 fr.pc=0x00000000023d4c10
Event: 9.598 Thread 0x0000000001dc0800 DEOPT PACKING pc=0x00000000023d4c10 sp=0x0000000001cfe230
Event: 9.598 Thread 0x0000000001dc0800 DEOPT UNPACKING pc=0x0000000001f0556a sp=0x0000000001cfe198 mode 2
Event: 9.604 Thread 0x0000000001dc0800 Uncommon trap: trap_request=0xffffff65 fr.pc=0x00000000023626c4
Event: 9.604 Thread 0x0000000001dc0800 DEOPT PACKING pc=0x00000000023626c4 sp=0x0000000001cfe1b0
Event: 9.604 Thread 0x0000000001dc0800 DEOPT UNPACKING pc=0x0000000001f0556a sp=0x0000000001cfe178 mode 2
Event: 10.592 loading class com/android/dx/cf/code/SwitchList
Event: 10.592 loading class com/android/dx/cf/code/SwitchList done


Dynamic libraries:
0x00007ff7bbf40000 - 0x00007ff7bbf71000 	C:\Program Files\Android\Android Studio\jre\bin\java.exe
0x00007ff80bf10000 - 0x00007ff80c0bd000 	C:\windows\SYSTEM32\ntdll.dll
0x00007ff809590000 - 0x00007ff8096ce000 	C:\windows\system32\KERNEL32.DLL
0x00007ff809100000 - 0x00007ff809215000 	C:\windows\system32\KERNELBASE.dll
0x00007ff8098e0000 - 0x00007ff80998a000 	C:\windows\system32\ADVAPI32.dll
0x00007ff80b290000 - 0x00007ff80b407000 	C:\windows\system32\USER32.dll
0x00007ff806020000 - 0x00007ff80629b000 	C:\windows\WinSxS\amd64_microsoft.windows.common-controls_6595b64144ccf1df_6.0.9600.18006_none_623f33d3ecbe86e8\COMCTL32.dll
0x00007ff80b420000 - 0x00007ff80b4ca000 	C:\windows\system32\msvcrt.dll
0x00007ff80b6b0000 - 0x00007ff80b709000 	C:\windows\SYSTEM32\sechost.dll
0x00007ff8097a0000 - 0x00007ff8098e0000 	C:\windows\system32\RPCRT4.dll
0x00007ff80b860000 - 0x00007ff80b9af000 	C:\windows\system32\GDI32.dll
0x00007ff809560000 - 0x00007ff80958e000 	C:\windows\system32\SspiCli.dll
0x00007ff80b250000 - 0x00007ff80b286000 	C:\windows\system32\IMM32.DLL
0x00007ff80bdb0000 - 0x00007ff80bf02000 	C:\windows\system32\MSCTF.dll
0x0000000052f60000 - 0x0000000053032000 	C:\Program Files\Android\Android Studio\jre\jre\bin\msvcr100.dll
0x0000000053120000 - 0x0000000053954000 	C:\Program Files\Android\Android Studio\jre\jre\bin\server\jvm.dll
0x00007ff800dc0000 - 0x00007ff800dc9000 	C:\windows\SYSTEM32\WSOCK32.dll
0x00007ff804300000 - 0x00007ff804322000 	C:\windows\SYSTEM32\WINMM.dll
0x00007ff801630000 - 0x00007ff80163a000 	C:\windows\SYSTEM32\VERSION.dll
0x00007ff80b4e0000 - 0x00007ff80b4e7000 	C:\windows\system32\PSAPI.DLL
0x00007ff80ba10000 - 0x00007ff80ba6a000 	C:\windows\system32\WS2_32.dll
0x00007ff8042d0000 - 0x00007ff8042fa000 	C:\windows\SYSTEM32\WINMMBASE.dll
0x00007ff80b4d0000 - 0x00007ff80b4d9000 	C:\windows\system32\NSI.dll
0x00007ff809220000 - 0x00007ff80926f000 	C:\windows\SYSTEM32\cfgmgr32.dll
0x00007ff807e50000 - 0x00007ff807e78000 	C:\windows\SYSTEM32\DEVOBJ.dll
0x00007ff8049b0000 - 0x00007ff8049bf000 	C:\Program Files\Android\Android Studio\jre\jre\bin\verify.dll
0x00007ff803cc0000 - 0x00007ff803ce9000 	C:\Program Files\Android\Android Studio\jre\jre\bin\java.dll
0x00007ff802750000 - 0x00007ff802766000 	C:\Program Files\Android\Android Studio\jre\jre\bin\zip.dll
0x00007ff809b30000 - 0x00007ff80b058000 	C:\windows\system32\SHELL32.dll
0x00007ff80bb90000 - 0x00007ff80bda1000 	C:\windows\SYSTEM32\combase.dll
0x00007ff80b9b0000 - 0x00007ff80ba04000 	C:\windows\system32\SHLWAPI.dll
0x00007ff8073b0000 - 0x00007ff807462000 	C:\windows\SYSTEM32\SHCORE.dll
0x00007ff809030000 - 0x00007ff809045000 	C:\windows\SYSTEM32\profapi.dll

VM Arguments:
jvm_args: -Djava.awt.headless=true -Xmx1024M -Dfile.encoding=windows-1252 -Duser.country=US -Duser.language=en -Duser.variant 
java_command: com.android.dx.command.Main --dex --verbose --force-jumbo --num-threads=4 --multi-dex --output C:\Users\bruh\Desktop\COMP150-MOB\QueueR\app\build\intermediates\transforms\dex\debug\folders\1000\10\io.fabric.sdk.android-fabric-1.3.14_b5bbf973bd9b3afceb4fdb893f2c8a13ed151e9a C:\Users\bruh\Desktop\COMP150-MOB\QueueR\app\build\intermediates\exploded-aar\io.fabric.sdk.android\fabric\1.3.14\jars\classes.jar
java_class_path (initial): C:\Users\bruh\AppData\Local\Android\sdk\build-tools\24.0.1\lib\dx.jar
Launcher Type: SUN_STANDARD

Environment Variables:
PATH=C:\Program Files\Java\jdk1.8.0_101\bin\;C:\ProgramData\Oracle\Java\javapath;C:\windows\system32;C:\windows;C:\windows\System32\Wbem;C:\windows\System32\WindowsPowerShell\v1.0\;C:\Program Files\nodejs\;C:\Program Files (x86)\Heroku\bin;C:\Program Files (x86)\git\cmd;C:\Users\bruh\AppData\Roaming\npm;C:\Program Files (x86)\Skype\Phone\;C:\Program Files (x86)\GtkSharp\2.12\bin;C:\Program Files\Java\jdk1.8.0_101\bin\
USERNAME=bruh
OS=Windows_NT
PROCESSOR_IDENTIFIER=Intel64 Family 6 Model 69 Stepping 1, GenuineIntel



---------------  S Y S T E M  ---------------

OS: Windows 8.1 , 64 bit Build 9600 (6.3.9600.17415)

CPU:total 4 (2 cores per cpu, 2 threads per core) family 6 model 69 stepping 1, cmov, cx8, fxsr, mmx, sse, sse2, sse3, ssse3, sse4.1, sse4.2, popcnt, avx, avx2, aes, clmul, erms, lzcnt, ht, tsc, tscinvbit, bmi1, bmi2

Memory: 4k page, physical 4097056k(93300k free), swap 7242784k(5668k free)

vm_info: OpenJDK 64-Bit Server VM (25.76-b03) for windows-amd64 JRE (1.8.0_76-release-b03), built on Jun 29 2016 19:09:20 by "ralucas" with MS VC++ 10.0 (VS2010)

time: Wed Dec 14 17:59:39 2016
elapsed time: 11 seconds (0d 0h 0m 11s)

