#
# There is insufficient memory for the Java Runtime Environment to continue.
# Native memory allocation (malloc) failed to allocate 533936 bytes for Chunk::new
# Possible reasons:
#   The system is out of physical RAM or swap space
#   In 32 bit mode, the process size limit was hit
# Possible solutions:
#   Reduce memory load on the system
#   Increase physical memory or swap space
#   Check if swap backing store is full
#   Use 64 bit Java on a 64 bit OS
#   Decrease Java heap size (-Xmx/-Xms)
#   Decrease number of Java threads
#   Decrease Java thread stack sizes (-Xss)
#   Set larger code cache with -XX:ReservedCodeCacheSize=
# This output file may be truncated or incomplete.
#
#  Out of Memory Error (allocation.cpp:390), pid=5552, tid=0x0000000000001370
#
# JRE version: OpenJDK Runtime Environment (8.0_76-b03) (build 1.8.0_76-release-b03)
# Java VM: OpenJDK 64-Bit Server VM (25.76-b03 mixed mode windows-amd64 compressed oops)
# Failed to write core dump. Minidumps are not enabled by default on client versions of Windows
#

---------------  T H R E A D  ---------------

Current thread (0x0000000014a1a000):  JavaThread "C2 CompilerThread1" daemon [_thread_in_native, id=4976, stack(0x0000000016140000,0x0000000016240000)]

Stack: [0x0000000016140000,0x0000000016240000]
[error occurred during error reporting (printing stack bounds), id 0xc0000005]

Native frames: (J=compiled Java code, j=interpreted, Vv=VM code, C=native code)


Current CompileTask:
C2:   5183 1229   !   4       com.android.dx.cf.code.BytecodeArray::parseInstruction (2764 bytes)


---------------  P R O C E S S  ---------------

Java Threads: ( => current thread )
  0x00000000165c2800 JavaThread "pool-2-thread-4" [_thread_blocked, id=3856, stack(0x0000000016d40000,0x0000000016e40000)]
  0x00000000165ac800 JavaThread "pool-2-thread-3" [_thread_in_vm, id=1720, stack(0x0000000016c40000,0x0000000016d40000)]
  0x00000000165ac000 JavaThread "pool-2-thread-2" [_thread_blocked, id=980, stack(0x0000000016b40000,0x0000000016c40000)]
  0x00000000165a9000 JavaThread "pool-3-thread-1" [_thread_blocked, id=6900, stack(0x0000000016a40000,0x0000000016b40000)]
  0x00000000165b3800 JavaThread "pool-2-thread-1" [_thread_in_Java, id=6924, stack(0x0000000016940000,0x0000000016a40000)]
  0x0000000016363000 JavaThread "Service Thread" daemon [_thread_blocked, id=964, stack(0x0000000016740000,0x0000000016840000)]
  0x0000000014a12000 JavaThread "C1 CompilerThread2" daemon [_thread_in_native, id=5436, stack(0x0000000016240000,0x0000000016340000)]
=>0x0000000014a1a000 JavaThread "C2 CompilerThread1" daemon [_thread_in_native, id=4976, stack(0x0000000016140000,0x0000000016240000)]
  0x0000000014a16000 JavaThread "C2 CompilerThread0" daemon [_thread_in_native, id=1788, stack(0x0000000016040000,0x0000000016140000)]
  0x0000000014a14800 JavaThread "Attach Listener" daemon [_thread_blocked, id=4176, stack(0x0000000015f40000,0x0000000016040000)]
  0x0000000014a13800 JavaThread "Signal Dispatcher" daemon [_thread_blocked, id=6532, stack(0x0000000015e40000,0x0000000015f40000)]
  0x00000000149f8000 JavaThread "Finalizer" daemon [_thread_blocked, id=6504, stack(0x0000000015c60000,0x0000000015d60000)]
  0x0000000002330000 JavaThread "Reference Handler" daemon [_thread_blocked, id=4588, stack(0x0000000015b60000,0x0000000015c60000)]
  0x0000000002240800 JavaThread "main" [_thread_in_native, id=3080, stack(0x00000000020e0000,0x00000000021e0000)]

Other Threads:
  0x00000000149d6800 VMThread [stack: 0x0000000015a60000,0x0000000015b60000] [id=6888]
  0x0000000016359000 WatcherThread [stack: 0x0000000016840000,0x0000000016940000] [id=4172]

VM state:not at safepoint (normal execution)

VM Mutex/Monitor currently owned by a thread: None

Heap:
 PSYoungGen      total 35328K, used 7359K [0x00000000eab00000, 0x00000000ed000000, 0x0000000100000000)
  eden space 32768K, 14% used [0x00000000eab00000,0x00000000eafb13a0,0x00000000ecb00000)
  from space 2560K, 99% used [0x00000000ecd80000,0x00000000ecffea98,0x00000000ed000000)
  to   space 2560K, 0% used [0x00000000ecb00000,0x00000000ecb00000,0x00000000ecd80000)
 ParOldGen       total 44032K, used 2516K [0x00000000c0000000, 0x00000000c2b00000, 0x00000000eab00000)
  object space 44032K, 5% used [0x00000000c0000000,0x00000000c02751b0,0x00000000c2b00000)
 Metaspace       used 5984K, capacity 6960K, committed 7040K, reserved 1056768K
  class space    used 575K, capacity 616K, committed 640K, reserved 1048576K

Card table byte_map: [0x0000000011700000,0x0000000011910000] byte_map_base: 0x0000000011100000

Marking Bits: (ParMarkBitMap*) 0x00000000538d9d00
 Begin Bits: [0x0000000011e70000, 0x0000000012e70000)
 End Bits:   [0x0000000012e70000, 0x0000000013e70000)

Polling page: 0x0000000000810000

CodeCache: size=245760Kb used=5110Kb max_used=5110Kb free=240649Kb
 bounds [0x0000000002340000, 0x0000000002850000, 0x0000000011340000]
 total_blobs=1531 nmethods=1263 adapters=182
 compilation: enabled

Compilation events (10 events):
Event: 5.168 Thread 0x0000000014a12000 1266       3       com.android.dx.cf.direct.DirectClassFile::getSourceFile (31 bytes)
Event: 5.169 Thread 0x0000000014a12000 nmethod 1266 0x000000000283b250 code [0x000000000283b400, 0x000000000283b9b8]
Event: 5.170 Thread 0x0000000014a16000 nmethod 1233 0x000000000283f190 code [0x000000000283f340, 0x000000000283fd58]
Event: 5.171 Thread 0x0000000014a16000 1260       4       com.android.dx.ssa.SsaMethod::forEachInsn (36 bytes)
Event: 5.173 Thread 0x0000000014a12000 1267       3       com.android.dx.util.LabeledList::<init> (57 bytes)
Event: 5.174 Thread 0x0000000014a12000 nmethod 1267 0x000000000283da50 code [0x000000000283dc80, 0x000000000283e938]
Event: 5.176 Thread 0x0000000014a12000 1268       3       com.android.dx.rop.code.DexTranslationAdvice::hasConstantOperation (163 bytes)
Event: 5.178 Thread 0x0000000014a16000 nmethod 1260 0x000000000283bed0 code [0x000000000283c020, 0x000000000283c248]
Event: 5.178 Thread 0x0000000014a16000 1269       4       com.android.dx.ssa.back.LivenessAnalyzer::run (231 bytes)
Event: 5.178 Thread 0x0000000014a12000 nmethod 1268 0x0000000002842010 code [0x0000000002842260, 0x0000000002843af8]

GC Heap History (4 events):
Event: 2.451 GC heap before
{Heap before GC invocations=1 (full 0):
 PSYoungGen      total 18944K, used 16384K [0x00000000eab00000, 0x00000000ec000000, 0x0000000100000000)
  eden space 16384K, 100% used [0x00000000eab00000,0x00000000ebb00000,0x00000000ebb00000)
  from space 2560K, 0% used [0x00000000ebd80000,0x00000000ebd80000,0x00000000ec000000)
  to   space 2560K, 0% used [0x00000000ebb00000,0x00000000ebb00000,0x00000000ebd80000)
 ParOldGen       total 44032K, used 0K [0x00000000c0000000, 0x00000000c2b00000, 0x00000000eab00000)
  object space 44032K, 0% used [0x00000000c0000000,0x00000000c0000000,0x00000000c2b00000)
 Metaspace       used 5368K, capacity 6448K, committed 6528K, reserved 1056768K
  class space    used 566K, capacity 616K, committed 640K, reserved 1048576K
Event: 2.686 GC heap after
Heap after GC invocations=1 (full 0):
 PSYoungGen      total 18944K, used 2558K [0x00000000eab00000, 0x00000000ed000000, 0x0000000100000000)
  eden space 16384K, 0% used [0x00000000eab00000,0x00000000eab00000,0x00000000ebb00000)
  from space 2560K, 99% used [0x00000000ebb00000,0x00000000ebd7fa88,0x00000000ebd80000)
  to   space 2560K, 0% used [0x00000000ecd80000,0x00000000ecd80000,0x00000000ed000000)
 ParOldGen       total 44032K, used 660K [0x00000000c0000000, 0x00000000c2b00000, 0x00000000eab00000)
  object space 44032K, 1% used [0x00000000c0000000,0x00000000c00a50b8,0x00000000c2b00000)
 Metaspace       used 5368K, capacity 6448K, committed 6528K, reserved 1056768K
  class space    used 566K, capacity 616K, committed 640K, reserved 1048576K
}
Event: 4.891 GC heap before
{Heap before GC invocations=2 (full 0):
 PSYoungGen      total 18944K, used 18942K [0x00000000eab00000, 0x00000000ed000000, 0x0000000100000000)
  eden space 16384K, 100% used [0x00000000eab00000,0x00000000ebb00000,0x00000000ebb00000)
  from space 2560K, 99% used [0x00000000ebb00000,0x00000000ebd7fa88,0x00000000ebd80000)
  to   space 2560K, 0% used [0x00000000ecd80000,0x00000000ecd80000,0x00000000ed000000)
 ParOldGen       total 44032K, used 660K [0x00000000c0000000, 0x00000000c2b00000, 0x00000000eab00000)
  object space 44032K, 1% used [0x00000000c0000000,0x00000000c00a50b8,0x00000000c2b00000)
 Metaspace       used 5968K, capacity 6960K, committed 7040K, reserved 1056768K
  class space    used 575K, capacity 616K, committed 640K, reserved 1048576K
Event: 5.134 GC heap after
Heap after GC invocations=2 (full 0):
 PSYoungGen      total 35328K, used 2554K [0x00000000eab00000, 0x00000000ed000000, 0x0000000100000000)
  eden space 32768K, 0% used [0x00000000eab00000,0x00000000eab00000,0x00000000ecb00000)
  from space 2560K, 99% used [0x00000000ecd80000,0x00000000ecffea98,0x00000000ed000000)
  to   space 2560K, 0% used [0x00000000ecb00000,0x00000000ecb00000,0x00000000ecd80000)
 ParOldGen       total 44032K, used 2516K [0x00000000c0000000, 0x00000000c2b00000, 0x00000000eab00000)
  object space 44032K, 5% used [0x00000000c0000000,0x00000000c02751b0,0x00000000c2b00000)
 Metaspace       used 5968K, capacity 6960K, committed 7040K, reserved 1056768K
  class space    used 575K, capacity 616K, committed 640K, reserved 1048576K
}

Deoptimization events (10 events):
Event: 1.055 Thread 0x0000000002240800 Uncommon trap: reason=unstable_if action=reinterpret pc=0x0000000002489090 method=java.lang.String.indexOf(II)I @ 49
Event: 2.805 Thread 0x00000000165ac000 Uncommon trap: reason=unstable_if action=reinterpret pc=0x0000000002556570 method=java.util.BitSet.nextSetBit(I)I @ 87
Event: 3.099 Thread 0x00000000165ac000 Uncommon trap: reason=unstable_if action=reinterpret pc=0x000000000255ee94 method=java.util.HashMap.getNode(ILjava/lang/Object;)Ljava/util/HashMap$Node; @ 129
Event: 3.147 Thread 0x00000000165ac800 Uncommon trap: reason=class_check action=maybe_recompile pc=0x00000000025ba194 method=com.android.dx.ssa.NormalSsaInsn.accept(Lcom/android/dx/ssa/SsaInsn$Visitor;)V @ 9
Event: 3.220 Thread 0x00000000165b3800 Uncommon trap: reason=class_check action=maybe_recompile pc=0x00000000025ba194 method=com.android.dx.ssa.NormalSsaInsn.accept(Lcom/android/dx/ssa/SsaInsn$Visitor;)V @ 9
Event: 3.220 Thread 0x00000000165b3800 Uncommon trap: reason=class_check action=maybe_recompile pc=0x00000000025ba194 method=com.android.dx.ssa.NormalSsaInsn.accept(Lcom/android/dx/ssa/SsaInsn$Visitor;)V @ 9
Event: 3.220 Thread 0x00000000165b3800 Uncommon trap: reason=class_check action=maybe_recompile pc=0x00000000025ba194 method=com.android.dx.ssa.NormalSsaInsn.accept(Lcom/android/dx/ssa/SsaInsn$Visitor;)V @ 9
Event: 3.221 Thread 0x00000000165b3800 Uncommon trap: reason=class_check action=maybe_recompile pc=0x0000000002589430 method=com.android.dx.ssa.NormalSsaInsn.accept(Lcom/android/dx/ssa/SsaInsn$Visitor;)V @ 9
Event: 3.633 Thread 0x00000000165ac800 Uncommon trap: reason=unstable_if action=reinterpret pc=0x00000000025f2e50 method=java.util.HashMap.getNode(ILjava/lang/Object;)Ljava/util/HashMap$Node; @ 129
Event: 3.642 Thread 0x00000000165ac800 Uncommon trap: reason=unstable_if action=reinterpret pc=0x0000000002631a1c method=com.android.dx.rop.cst.Constant.compareTo(Lcom/android/dx/rop/cst/Constant;)I @ 12

Internal exceptions (2 events):
Event: 0.119 Thread 0x0000000002240800 Exception <a 'java/lang/NoSuchMethodError': Method sun.misc.Unsafe.defineClass(Ljava/lang/String;[BII)Ljava/lang/Class; name or signature does not match> (0x00000000eab07cc0) thrown at [C:\src\android\AOSP-openjdk\external\jetbrains\jdk\hotspot\src\share\vŽþ9Ø#…¾?
Event: 0.119 Thread 0x0000000002240800 Exception <a 'java/lang/NoSuchMethodError': Method sun.misc.Unsafe.prefetchRead(Ljava/lang/Object;J)V name or signature does not match> (0x00000000eab07fa8) thrown at [C:\src\android\AOSP-openjdk\external\jetbrains\jdk\hotspot\src\share\vm\prims\jni.cpp, l

Events (10 events):
Event: 4.302 Executing VM operation: EnableBiasedLocking
Event: 4.492 Executing VM operation: EnableBiasedLocking done
Event: 4.495 loading class java/util/TreeMap$EntrySet
Event: 4.495 loading class java/util/TreeMap$EntrySet done
Event: 4.496 loading class java/util/TreeMap$EntryIterator
Event: 4.496 loading class java/util/TreeMap$EntryIterator done
Event: 4.496 Executing VM operation: Deoptimize
Event: 4.496 Executing VM operation: Deoptimize done
Event: 4.599 Executing VM operation: ParallelGCFailedAllocation
Event: 5.134 Executing VM operation: ParallelGCFailedAllocation done


Dynamic libraries:
0x00007ff7bbf40000 - 0x00007ff7bbf71000 	C:\Program Files\Android\Android Studio\jre\bin\java.exe
0x00007ff80bf10000 - 0x00007ff80c0bd000 	C:\windows\SYSTEM32\ntdll.dll
0x00007ff809590000 - 0x00007ff8096ce000 	C:\windows\system32\KERNEL32.DLL
0x00007ff809100000 - 0x00007ff809215000 	C:\windows\system32\KERNELBASE.dll
0x00007ff8098e0000 - 0x00007ff80998a000 	C:\windows\system32\ADVAPI32.dll
0x00007ff80b290000 - 0x00007ff80b407000 	C:\windows\system32\USER32.dll
0x00007ff806020000 - 0x00007ff80629b000 	C:\windows\WinSxS\amd64_microsoft.windows.common-controls_6595b64144ccf1df_6.0.9600.18006_none_623f33d3ecbe86e8\COMCTL32.dll
0x00007ff80b420000 - 0x00007ff80b4ca000 	C:\windows\system32\msvcrt.dll
0x00007ff80b6b0000 - 0x00007ff80b709000 	C:\windows\SYSTEM32\sechost.dll
0x00007ff8097a0000 - 0x00007ff8098e0000 	C:\windows\system32\RPCRT4.dll
0x00007ff80b860000 - 0x00007ff80b9af000 	C:\windows\system32\GDI32.dll
0x00007ff809560000 - 0x00007ff80958e000 	C:\windows\system32\SspiCli.dll
0x00007ff80b250000 - 0x00007ff80b286000 	C:\windows\system32\IMM32.DLL
0x00007ff80bdb0000 - 0x00007ff80bf02000 	C:\windows\system32\MSCTF.dll
0x0000000052f60000 - 0x0000000053032000 	C:\Program Files\Android\Android Studio\jre\jre\bin\msvcr100.dll
0x0000000053120000 - 0x0000000053954000 	C:\Program Files\Android\Android Studio\jre\jre\bin\server\jvm.dll
0x00007ff800dc0000 - 0x00007ff800dc9000 	C:\windows\SYSTEM32\WSOCK32.dll
0x00007ff804300000 - 0x00007ff804322000 	C:\windows\SYSTEM32\WINMM.dll
0x00007ff801630000 - 0x00007ff80163a000 	C:\windows\SYSTEM32\VERSION.dll
0x00007ff80b4e0000 - 0x00007ff80b4e7000 	C:\windows\system32\PSAPI.DLL
0x00007ff80ba10000 - 0x00007ff80ba6a000 	C:\windows\system32\WS2_32.dll
0x00007ff8042d0000 - 0x00007ff8042fa000 	C:\windows\SYSTEM32\WINMMBASE.dll
0x00007ff80b4d0000 - 0x00007ff80b4d9000 	C:\windows\system32\NSI.dll
0x00007ff809220000 - 0x00007ff80926f000 	C:\windows\SYSTEM32\cfgmgr32.dll
0x00007ff807e50000 - 0x00007ff807e78000 	C:\windows\SYSTEM32\DEVOBJ.dll
0x00007ff804e20000 - 0x00007ff804e2f000 	C:\Program Files\Android\Android Studio\jre\jre\bin\verify.dll
0x00007ff8049c0000 - 0x00007ff8049e9000 	C:\Program Files\Android\Android Studio\jre\jre\bin\java.dll
0x00007ff803cd0000 - 0x00007ff803ce6000 	C:\Program Files\Android\Android Studio\jre\jre\bin\zip.dll
0x00007ff809b30000 - 0x00007ff80b058000 	C:\windows\system32\SHELL32.dll
0x00007ff80bb90000 - 0x00007ff80bda1000 	C:\windows\SYSTEM32\combase.dll
0x00007ff80b9b0000 - 0x00007ff80ba04000 	C:\windows\system32\SHLWAPI.dll
0x00007ff8073b0000 - 0x00007ff807462000 	C:\windows\SYSTEM32\SHCORE.dll
0x00007ff809030000 - 0x00007ff809045000 	C:\windows\SYSTEM32\profapi.dll

VM Arguments:
jvm_args: -Djava.awt.headless=true -Xmx1024M -Dfile.encoding=windows-1252 -Duser.country=US -Duser.language=en -Duser.variant 
java_command: com.android.dx.command.Main --dex --verbose --force-jumbo --num-threads=4 --multi-dex --output C:\Users\bruh\Desktop\COMP150-MOB\QueueR\app\build\intermediates\transforms\dex\debug\folders\1000\10\internal_impl-24.1.1_114bff3452e597ac8d6e45ad76bd2520d9cc42a6 C:\Users\bruh\Desktop\COMP150-MOB\QueueR\app\build\intermediates\exploded-aar\com.android.support\support-v4\24.1.1\jars\libs\internal_impl-24.1.1.jar
java_class_path (initial): C:\Users\bruh\AppData\Local\Android\sdk\build-tools\24.0.1\lib\dx.jar
Launcher Type: SUN_STANDARD

Environment Variables:
PATH=C:\Program Files\Java\jdk1.8.0_101\bin\;C:\ProgramData\Oracle\Java\javapath;C:\windows\system32;C:\windows;C:\windows\System32\Wbem;C:\windows\System32\WindowsPowerShell\v1.0\;C:\Program Files\nodejs\;C:\Program Files (x86)\Heroku\bin;C:\Program Files (x86)\git\cmd;C:\Users\bruh\AppData\Roaming\npm;C:\Program Files (x86)\Skype\Phone\;C:\Program Files (x86)\GtkSharp\2.12\bin;C:\Program Files\Java\jdk1.8.0_101\bin\
USERNAME=bruh
OS=Windows_NT
PROCESSOR_IDENTIFIER=Intel64 Family 6 Model 69 Stepping 1, GenuineIntel



---------------  S Y S T E M  ---------------

OS: Windows 8.1 , 64 bit Build 9600 (6.3.9600.17415)

CPU:total 4 (2 cores per cpu, 2 threads per core) family 6 model 69 stepping 1, cmov, cx8, fxsr, mmx, sse, sse2, sse3, ssse3, sse4.1, sse4.2, popcnt, avx, avx2, aes, clmul, erms, lzcnt, ht, tsc, tscinvbit, bmi1, bmi2

Memory: 4k page, physical 4097056k(167988k free), swap 7242784k(5040k free)

vm_info: OpenJDK 64-Bit Server VM (25.76-b03) for windows-amd64 JRE (1.8.0_76-release-b03), built on Jun 29 2016 19:09:20 by "ralucas" with MS VC++ 10.0 (VS2010)

time: Wed Dec 14 23:40:56 2016
elapsed time: 5 seconds (0d 0h 0m 5s)

