#
# There is insufficient memory for the Java Runtime Environment to continue.
# Native memory allocation (malloc) failed to allocate 381616 bytes for Chunk::new
# Possible reasons:
#   The system is out of physical RAM or swap space
#   In 32 bit mode, the process size limit was hit
# Possible solutions:
#   Reduce memory load on the system
#   Increase physical memory or swap space
#   Check if swap backing store is full
#   Use 64 bit Java on a 64 bit OS
#   Decrease Java heap size (-Xmx/-Xms)
#   Decrease number of Java threads
#   Decrease Java thread stack sizes (-Xss)
#   Set larger code cache with -XX:ReservedCodeCacheSize=
# This output file may be truncated or incomplete.
#
#  Out of Memory Error (allocation.cpp:390), pid=2268, tid=0x000000000000065c
#
# JRE version: Java(TM) SE Runtime Environment (8.0_101-b13) (build 1.8.0_101-b13)
# Java VM: Java HotSpot(TM) 64-Bit Server VM (25.101-b13 mixed mode windows-amd64 compressed oops)
# Failed to write core dump. Minidumps are not enabled by default on client versions of Windows
#

---------------  T H R E A D  ---------------

Current thread (0x0000000014805800):  JavaThread "C2 CompilerThread1" daemon [_thread_in_native, id=1628, stack(0x0000000015f00000,0x0000000016000000)]

Stack: [0x0000000015f00000,0x0000000016000000]
[error occurred during error reporting (printing stack bounds), id 0xc0000005]

Native frames: (J=compiled Java code, j=interpreted, Vv=VM code, C=native code)


Current CompileTask:
C2:   3582 1499       4       com.android.dx.ssa.LocalVariableExtractor::processBlock (383 bytes)


---------------  P R O C E S S  ---------------

Java Threads: ( => current thread )
  0x0000000016369000 JavaThread "pool-2-thread-4" [_thread_blocked, id=1200, stack(0x0000000016b00000,0x0000000016c00000)]
  0x0000000016368000 JavaThread "pool-2-thread-3" [_thread_in_vm, id=2488, stack(0x0000000016a00000,0x0000000016b00000)]
  0x0000000016367800 JavaThread "pool-2-thread-2" [_thread_in_Java, id=3380, stack(0x0000000016900000,0x0000000016a00000)]
  0x0000000016364000 JavaThread "pool-3-thread-1" [_thread_blocked, id=4080, stack(0x0000000016800000,0x0000000016900000)]
  0x0000000016378000 JavaThread "pool-2-thread-1" [_thread_blocked, id=4508, stack(0x0000000016700000,0x0000000016800000)]
  0x0000000016105000 JavaThread "Service Thread" daemon [_thread_blocked, id=320, stack(0x0000000016500000,0x0000000016600000)]
  0x000000001480c000 JavaThread "C1 CompilerThread2" daemon [_thread_in_native, id=4360, stack(0x0000000016000000,0x0000000016100000)]
=>0x0000000014805800 JavaThread "C2 CompilerThread1" daemon [_thread_in_native, id=1628, stack(0x0000000015f00000,0x0000000016000000)]
  0x00000000147ac000 JavaThread "C2 CompilerThread0" daemon [_thread_in_native, id=4128, stack(0x0000000015e00000,0x0000000015f00000)]
  0x00000000147aa800 JavaThread "Attach Listener" daemon [_thread_blocked, id=4352, stack(0x0000000015d00000,0x0000000015e00000)]
  0x00000000147a9000 JavaThread "Signal Dispatcher" daemon [_thread_blocked, id=4724, stack(0x0000000015c00000,0x0000000015d00000)]
  0x000000001479a800 JavaThread "Finalizer" daemon [_thread_blocked, id=472, stack(0x0000000015a20000,0x0000000015b20000)]
  0x0000000014779000 JavaThread "Reference Handler" daemon [_thread_blocked, id=4176, stack(0x0000000015920000,0x0000000015a20000)]
  0x0000000001fe0800 JavaThread "main" [_thread_in_Java, id=4968, stack(0x0000000001eb0000,0x0000000001fb0000)]

Other Threads:
  0x0000000014777000 VMThread [stack: 0x0000000015820000,0x0000000015920000] [id=4944]
  0x0000000016109000 WatcherThread [stack: 0x0000000016600000,0x0000000016700000] [id=1212]

VM state:not at safepoint (normal execution)

VM Mutex/Monitor currently owned by a thread:  ([mutex/lock_event])
[0x0000000001fdddd0] MethodData_lock - owner thread: 0x0000000000000000

Heap:
 PSYoungGen      total 35328K, used 21763K [0x00000000eab00000, 0x00000000ef000000, 0x0000000100000000)
  eden space 32768K, 58% used [0x00000000eab00000,0x00000000ebdc6b78,0x00000000ecb00000)
  from space 2560K, 99% used [0x00000000ecb00000,0x00000000ecd7a2a8,0x00000000ecd80000)
  to   space 2560K, 0% used [0x00000000eed80000,0x00000000eed80000,0x00000000ef000000)
 ParOldGen       total 44032K, used 8680K [0x00000000c0000000, 0x00000000c2b00000, 0x00000000eab00000)
  object space 44032K, 19% used [0x00000000c0000000,0x00000000c087a390,0x00000000c2b00000)
 Metaspace       used 6185K, capacity 7090K, committed 7296K, reserved 1056768K
  class space    used 604K, capacity 618K, committed 640K, reserved 1048576K

Card table byte_map: [0x00000000114a0000,0x00000000116b0000] byte_map_base: 0x0000000010ea0000

Marking Bits: (ParMarkBitMap*) 0x000000006822a6d0
 Begin Bits: [0x0000000011c10000, 0x0000000012c10000)
 End Bits:   [0x0000000012c10000, 0x0000000013c10000)

Polling page: 0x0000000000550000

CodeCache: size=245760Kb used=5975Kb max_used=5975Kb free=239784Kb
 bounds [0x00000000020e0000, 0x00000000026c0000, 0x00000000110e0000]
 total_blobs=1744 nmethods=1475 adapters=182
 compilation: enabled

Compilation events (10 events):
Event: 3.562 Thread 0x000000001480c000 1502       2       com.android.dx.ssa.LiteralOpUpgrader$1::visitPhiInsn (1 bytes)
Event: 3.563 Thread 0x000000001480c000 nmethod 1502 0x00000000026a2550 code [0x00000000026a26a0, 0x00000000026a27f0]
Event: 3.563 Thread 0x000000001480c000 1503       2       com.android.dx.ssa.back.FirstFitLocalCombiningAllocator$1::visitPhiInsn (6 bytes)
Event: 3.563 Thread 0x000000001480c000 nmethod 1503 0x00000000026b9ad0 code [0x00000000026b9c40, 0x00000000026b9da8]
Event: 3.563 Thread 0x000000001480c000 1504       2       com.android.dx.ssa.back.FirstFitLocalCombiningAllocator::processPhiInsn (255 bytes)
Event: 3.566 Thread 0x000000001480c000 nmethod 1504 0x00000000026b7bd0 code [0x00000000026b7e80, 0x00000000026b8a18]
Event: 3.567 Thread 0x000000001480c000 1505       2       com.android.dx.ssa.back.SsaToRop$PhiVisitor::visitPhiInsn (67 bytes)
Event: 3.568 Thread 0x000000001480c000 nmethod 1505 0x00000000026ad410 code [0x00000000026ad600, 0x00000000026adba8]
Event: 3.579 Thread 0x000000001480c000 1506       2       com.android.dx.cf.code.LocalVariableList$Item::matchesAllButType (53 bytes)
Event: 3.579 Thread 0x000000001480c000 nmethod 1506 0x00000000026acf10 code [0x00000000026ad080, 0x00000000026ad2a8]

GC Heap History (6 events):
Event: 0.795 GC heap before
{Heap before GC invocations=1 (full 0):
 PSYoungGen      total 18944K, used 16384K [0x00000000eab00000, 0x00000000ec000000, 0x0000000100000000)
  eden space 16384K, 100% used [0x00000000eab00000,0x00000000ebb00000,0x00000000ebb00000)
  from space 2560K, 0% used [0x00000000ebd80000,0x00000000ebd80000,0x00000000ec000000)
  to   space 2560K, 0% used [0x00000000ebb00000,0x00000000ebb00000,0x00000000ebd80000)
 ParOldGen       total 44032K, used 0K [0x00000000c0000000, 0x00000000c2b00000, 0x00000000eab00000)
  object space 44032K, 0% used [0x00000000c0000000,0x00000000c0000000,0x00000000c2b00000)
 Metaspace       used 3591K, capacity 4784K, committed 5120K, reserved 1056768K
  class space    used 390K, capacity 424K, committed 512K, reserved 1048576K
Event: 0.805 GC heap after
Heap after GC invocations=1 (full 0):
 PSYoungGen      total 18944K, used 1109K [0x00000000eab00000, 0x00000000ed000000, 0x0000000100000000)
  eden space 16384K, 0% used [0x00000000eab00000,0x00000000eab00000,0x00000000ebb00000)
  from space 2560K, 43% used [0x00000000ebb00000,0x00000000ebc15628,0x00000000ebd80000)
  to   space 2560K, 0% used [0x00000000ecd80000,0x00000000ecd80000,0x00000000ed000000)
 ParOldGen       total 44032K, used 8K [0x00000000c0000000, 0x00000000c2b00000, 0x00000000eab00000)
  object space 44032K, 0% used [0x00000000c0000000,0x00000000c0002000,0x00000000c2b00000)
 Metaspace       used 3591K, capacity 4784K, committed 5120K, reserved 1056768K
  class space    used 390K, capacity 424K, committed 512K, reserved 1048576K
}
Event: 1.943 GC heap before
{Heap before GC invocations=2 (full 0):
 PSYoungGen      total 18944K, used 17493K [0x00000000eab00000, 0x00000000ed000000, 0x0000000100000000)
  eden space 16384K, 100% used [0x00000000eab00000,0x00000000ebb00000,0x00000000ebb00000)
  from space 2560K, 43% used [0x00000000ebb00000,0x00000000ebc15628,0x00000000ebd80000)
  to   space 2560K, 0% used [0x00000000ecd80000,0x00000000ecd80000,0x00000000ed000000)
 ParOldGen       total 44032K, used 8K [0x00000000c0000000, 0x00000000c2b00000, 0x00000000eab00000)
  object space 44032K, 0% used [0x00000000c0000000,0x00000000c0002000,0x00000000c2b00000)
 Metaspace       used 5898K, capacity 6832K, committed 7040K, reserved 1056768K
  class space    used 602K, capacity 616K, committed 640K, reserved 1048576K
Event: 2.038 GC heap after
Heap after GC invocations=2 (full 0):
 PSYoungGen      total 35328K, used 2554K [0x00000000eab00000, 0x00000000ed000000, 0x0000000100000000)
  eden space 32768K, 0% used [0x00000000eab00000,0x00000000eab00000,0x00000000ecb00000)
  from space 2560K, 99% used [0x00000000ecd80000,0x00000000ecffe8b8,0x00000000ed000000)
  to   space 2560K, 0% used [0x00000000ecb00000,0x00000000ecb00000,0x00000000ecd80000)
 ParOldGen       total 44032K, used 2608K [0x00000000c0000000, 0x00000000c2b00000, 0x00000000eab00000)
  object space 44032K, 5% used [0x00000000c0000000,0x00000000c028c3e8,0x00000000c2b00000)
 Metaspace       used 5898K, capacity 6832K, committed 7040K, reserved 1056768K
  class space    used 602K, capacity 616K, committed 640K, reserved 1048576K
}
Event: 3.071 GC heap before
{Heap before GC invocations=3 (full 0):
 PSYoungGen      total 35328K, used 35322K [0x00000000eab00000, 0x00000000ed000000, 0x0000000100000000)
  eden space 32768K, 100% used [0x00000000eab00000,0x00000000ecb00000,0x00000000ecb00000)
  from space 2560K, 99% used [0x00000000ecd80000,0x00000000ecffe8b8,0x00000000ed000000)
  to   space 2560K, 0% used [0x00000000ecb00000,0x00000000ecb00000,0x00000000ecd80000)
 ParOldGen       total 44032K, used 2608K [0x00000000c0000000, 0x00000000c2b00000, 0x00000000eab00000)
  object space 44032K, 5% used [0x00000000c0000000,0x00000000c028c3e8,0x00000000c2b00000)
 Metaspace       used 6153K, capacity 7026K, committed 7296K, reserved 1056768K
  class space    used 604K, capacity 618K, committed 640K, reserved 1048576K
Event: 3.224 GC heap after
Heap after GC invocations=3 (full 0):
 PSYoungGen      total 35328K, used 2536K [0x00000000eab00000, 0x00000000ef000000, 0x0000000100000000)
  eden space 32768K, 0% used [0x00000000eab00000,0x00000000eab00000,0x00000000ecb00000)
  from space 2560K, 99% used [0x00000000ecb00000,0x00000000ecd7a2a8,0x00000000ecd80000)
  to   space 2560K, 0% used [0x00000000eed80000,0x00000000eed80000,0x00000000ef000000)
 ParOldGen       total 44032K, used 8680K [0x00000000c0000000, 0x00000000c2b00000, 0x00000000eab00000)
  object space 44032K, 19% used [0x00000000c0000000,0x00000000c087a390,0x00000000c2b00000)
 Metaspace       used 6153K, capacity 7026K, committed 7296K, reserved 1056768K
  class space    used 604K, capacity 618K, committed 640K, reserved 1048576K
}

Deoptimization events (10 events):
Event: 2.050 Thread 0x0000000016369000 Uncommon trap: reason=class_check action=maybe_recompile pc=0x000000000245d368 method=com.android.dx.rop.type.Type.equals(Ljava/lang/Object;)Z @ 8
Event: 2.052 Thread 0x0000000016369000 Uncommon trap: reason=null_check action=make_not_entrant pc=0x000000000245d378 method=com.android.dx.rop.type.Type.equals(Ljava/lang/Object;)Z @ 8
Event: 2.097 Thread 0x0000000016367800 Uncommon trap: reason=class_check action=maybe_recompile pc=0x0000000002406268 method=com.android.dx.rop.type.Type.equals(Ljava/lang/Object;)Z @ 8
Event: 2.097 Thread 0x0000000016367800 Uncommon trap: reason=class_check action=maybe_recompile pc=0x0000000002406268 method=com.android.dx.rop.type.Type.equals(Ljava/lang/Object;)Z @ 8
Event: 2.097 Thread 0x0000000016367800 Uncommon trap: reason=class_check action=maybe_recompile pc=0x0000000002406268 method=com.android.dx.rop.type.Type.equals(Ljava/lang/Object;)Z @ 8
Event: 2.192 Thread 0x0000000016367800 Uncommon trap: reason=class_check action=maybe_recompile pc=0x00000000023ec4a0 method=com.android.dx.rop.type.Type.equals(Ljava/lang/Object;)Z @ 8
Event: 2.192 Thread 0x0000000016367800 Uncommon trap: reason=class_check action=maybe_recompile pc=0x0000000002460250 method=com.android.dx.rop.type.Type.equals(Ljava/lang/Object;)Z @ 8
Event: 2.213 Thread 0x0000000001fe0800 Uncommon trap: reason=unloaded action=reinterpret pc=0x00000000024b2f94 method=com.android.dx.cf.cst.ConstantPoolParser.parse0(ILjava/util/BitSet;)Lcom/android/dx/rop/cst/Constant; @ 198
Event: 2.423 Thread 0x0000000001fe0800 Uncommon trap: reason=unstable_if action=reinterpret pc=0x0000000002471c9c method=com.android.dx.rop.cst.Constant.compareTo(Lcom/android/dx/rop/cst/Constant;)I @ 12
Event: 3.314 Thread 0x0000000016369000 Uncommon trap: reason=unstable_if action=reinterpret pc=0x0000000002630788 method=com.android.dx.ssa.SCCP.simulateStmt(Lcom/android/dx/ssa/SsaInsn;)V @ 59

Internal exceptions (3 events):
Event: 0.065 Thread 0x0000000001fe0800 Exception <a 'java/lang/NoSuchMethodError': Method sun.misc.Unsafe.defineClass(Ljava/lang/String;[BII)Ljava/lang/Class; name or signature does not match> (0x00000000eab07cc0) thrown at [C:\re\workspace\8-2-build-windows-amd64-cygwin\jdk8u101\7261\hotspot\s?ŽrQÞ«°?
Event: 0.065 Thread 0x0000000001fe0800 Exception <a 'java/lang/NoSuchMethodError': Method sun.misc.Unsafe.prefetchRead(Ljava/lang/Object;J)V name or signature does not match> (0x00000000eab07fa8) thrown at [C:\re\workspace\8-2-build-windows-amd64-cygwin\jdk8u101\7261\hotspot\src\share\vm\prims\’½©–j
Event: 2.052 Thread 0x0000000016369000 Implicit null exception at 0x000000000245d262 to 0x000000000245d369

Events (10 events):
Event: 2.377 Thread 0x0000000016367800 DEOPT PACKING pc=0x000000000236758f sp=0x00000000169feb40
Event: 2.377 Thread 0x0000000016367800 DEOPT UNPACKING pc=0x000000000212787f sp=0x00000000169fe930 mode 0
Event: 2.423 Thread 0x0000000001fe0800 Uncommon trap: trap_request=0xffffff65 fr.pc=0x0000000002471c9c
Event: 2.423 Thread 0x0000000001fe0800 DEOPT PACKING pc=0x0000000002471c9c sp=0x0000000001fae160
Event: 2.423 Thread 0x0000000001fe0800 DEOPT UNPACKING pc=0x000000000212582a sp=0x0000000001fae100 mode 2
Event: 3.012 Executing VM operation: ParallelGCFailedAllocation
Event: 3.224 Executing VM operation: ParallelGCFailedAllocation done
Event: 3.314 Thread 0x0000000016369000 Uncommon trap: trap_request=0xffffff65 fr.pc=0x0000000002630788
Event: 3.314 Thread 0x0000000016369000 DEOPT PACKING pc=0x0000000002630788 sp=0x0000000016bfeb80
Event: 3.314 Thread 0x0000000016369000 DEOPT UNPACKING pc=0x000000000212582a sp=0x0000000016bfeb68 mode 2


Dynamic libraries:
0x00007ff623720000 - 0x00007ff623757000 	C:\Program Files\Java\jdk1.8.0_101\bin\java.exe
0x00007ffff2cb0000 - 0x00007ffff2e5d000 	C:\windows\SYSTEM32\ntdll.dll
0x00007ffff04d0000 - 0x00007ffff060e000 	C:\windows\system32\KERNEL32.DLL
0x00007ffff0140000 - 0x00007ffff0255000 	C:\windows\system32\KERNELBASE.dll
0x00007fffee9b0000 - 0x00007fffeea3e000 	C:\windows\system32\apphelp.dll
0x00007fffe5b40000 - 0x00007fffe5b93000 	C:\windows\AppPatch\AppPatch64\AcGenral.DLL
0x00007ffff0ff0000 - 0x00007ffff109a000 	C:\windows\system32\msvcrt.dll
0x00007ffff0310000 - 0x00007ffff033e000 	C:\windows\system32\SspiCli.dll
0x00007ffff0920000 - 0x00007ffff0974000 	C:\windows\system32\SHLWAPI.dll
0x00007ffff2980000 - 0x00007ffff2af7000 	C:\windows\system32\USER32.dll
0x00007ffff0d00000 - 0x00007ffff0e94000 	C:\windows\system32\ole32.dll
0x00007ffff1280000 - 0x00007ffff27a9000 	C:\windows\system32\SHELL32.dll
0x00007fffef430000 - 0x00007fffef451000 	C:\windows\SYSTEM32\USERENV.dll
0x00007ffff0420000 - 0x00007ffff04ca000 	C:\windows\system32\ADVAPI32.dll
0x00007fffe3770000 - 0x00007fffe378e000 	C:\windows\SYSTEM32\MPR.dll
0x00007ffff0eb0000 - 0x00007ffff0ff0000 	C:\windows\system32\RPCRT4.dll
0x00007ffff0c70000 - 0x00007ffff0cc9000 	C:\windows\SYSTEM32\sechost.dll
0x00007ffff0a50000 - 0x00007ffff0c61000 	C:\windows\SYSTEM32\combase.dll
0x00007ffff07d0000 - 0x00007ffff091f000 	C:\windows\system32\GDI32.dll
0x00007fffefde0000 - 0x00007fffefdf5000 	C:\windows\SYSTEM32\profapi.dll
0x00007fffee160000 - 0x00007fffee212000 	C:\windows\SYSTEM32\SHCORE.dll
0x00007ffff0610000 - 0x00007ffff0646000 	C:\windows\system32\IMM32.DLL
0x00007ffff27b0000 - 0x00007ffff2902000 	C:\windows\system32\MSCTF.dll
0x00007fffebfc0000 - 0x00007fffec23b000 	C:\windows\WinSxS\amd64_microsoft.windows.common-controls_6595b64144ccf1df_6.0.9600.18006_none_623f33d3ecbe86e8\COMCTL32.dll
0x00000000674d0000 - 0x00000000675a2000 	C:\Program Files\Java\jdk1.8.0_101\jre\bin\msvcr100.dll
0x0000000067a10000 - 0x00000000682aa000 	C:\Program Files\Java\jdk1.8.0_101\jre\bin\server\jvm.dll
0x00007fffe6f50000 - 0x00007fffe6f59000 	C:\windows\SYSTEM32\WSOCK32.dll
0x00007fffe3520000 - 0x00007fffe3542000 	C:\windows\SYSTEM32\WINMM.dll
0x00007fffe7bf0000 - 0x00007fffe7bfa000 	C:\windows\SYSTEM32\VERSION.dll
0x00007ffff0ea0000 - 0x00007ffff0ea7000 	C:\windows\system32\PSAPI.DLL
0x00007ffff03b0000 - 0x00007ffff040a000 	C:\windows\system32\WS2_32.dll
0x00007fffe34f0000 - 0x00007fffe351a000 	C:\windows\SYSTEM32\WINMMBASE.dll
0x00007ffff0410000 - 0x00007ffff0419000 	C:\windows\system32\NSI.dll
0x00007ffff02c0000 - 0x00007ffff030f000 	C:\windows\SYSTEM32\cfgmgr32.dll
0x00007fffeec00000 - 0x00007fffeec28000 	C:\windows\SYSTEM32\DEVOBJ.dll
0x00000000686c0000 - 0x00000000686cf000 	C:\Program Files\Java\jdk1.8.0_101\jre\bin\verify.dll
0x0000000068690000 - 0x00000000686b9000 	C:\Program Files\Java\jdk1.8.0_101\jre\bin\java.dll
0x0000000068670000 - 0x0000000068686000 	C:\Program Files\Java\jdk1.8.0_101\jre\bin\zip.dll

VM Arguments:
jvm_args: -Djava.awt.headless=true -Xmx1024M -Dfile.encoding=windows-1252 -Duser.country=US -Duser.language=en -Duser.variant 
java_command: com.android.dx.command.Main --dex --force-jumbo --num-threads=4 --multi-dex --output C:\Users\bruh\Desktop\COMP150-MOB\QueueR\app\build\intermediates\transforms\dex\debug\folders\1000\10\com.android.support-support-v4-24.1.1_a4154e86e981b836301da22e84ff1ec295ebe468 C:\Users\bruh\Desktop\COMP150-MOB\QueueR\app\build\intermediates\exploded-aar\com.android.support\support-v4\24.1.1\jars\classes.jar
java_class_path (initial): C:\Users\bruh\AppData\Local\Android\sdk\build-tools\24.0.1\lib\dx.jar
Launcher Type: SUN_STANDARD

Environment Variables:
PATH=C:\Program Files\Java\jdk1.8.0_101\bin\;C:\ProgramData\Oracle\Java\javapath;C:\windows\system32;C:\windows;C:\windows\System32\Wbem;C:\windows\System32\WindowsPowerShell\v1.0\;C:\Program Files\nodejs\;C:\Program Files (x86)\Heroku\bin;C:\Program Files (x86)\git\cmd;C:\Users\bruh\AppData\Roaming\npm;C:\Program Files\Java\jdk1.8.0_101\bin\
USERNAME=bruh
OS=Windows_NT
PROCESSOR_IDENTIFIER=Intel64 Family 6 Model 69 Stepping 1, GenuineIntel



---------------  S Y S T E M  ---------------

OS: Windows 8.1 , 64 bit Build 9600 (6.3.9600.17415)

CPU:total 4 (2 cores per cpu, 2 threads per core) family 6 model 69 stepping 1, cmov, cx8, fxsr, mmx, sse, sse2, sse3, ssse3, sse4.1, sse4.2, popcnt, avx, avx2, aes, clmul, erms, lzcnt, ht, tsc, tscinvbit, bmi1, bmi2

Memory: 4k page, physical 4097056k(263536k free), swap 5877356k(4832k free)

vm_info: Java HotSpot(TM) 64-Bit Server VM (25.101-b13) for windows-amd64 JRE (1.8.0_101-b13), built on Jun 22 2016 01:21:29 by "java_re" with MS VC++ 10.0 (VS2010)

time: Wed Oct 05 21:15:02 2016
elapsed time: 3 seconds (0d 0h 0m 3s)

