#
# There is insufficient memory for the Java Runtime Environment to continue.
# Native memory allocation (malloc) failed to allocate 61744 bytes for Chunk::new
# Possible reasons:
#   The system is out of physical RAM or swap space
#   In 32 bit mode, the process size limit was hit
# Possible solutions:
#   Reduce memory load on the system
#   Increase physical memory or swap space
#   Check if swap backing store is full
#   Use 64 bit Java on a 64 bit OS
#   Decrease Java heap size (-Xmx/-Xms)
#   Decrease number of Java threads
#   Decrease Java thread stack sizes (-Xss)
#   Set larger code cache with -XX:ReservedCodeCacheSize=
# This output file may be truncated or incomplete.
#
#  Out of Memory Error (allocation.cpp:390), pid=1936, tid=0x00000000000015dc
#
# JRE version: OpenJDK Runtime Environment (8.0_76-b03) (build 1.8.0_76-release-b03)
# Java VM: OpenJDK 64-Bit Server VM (25.76-b03 mixed mode windows-amd64 compressed oops)
# Failed to write core dump. Minidumps are not enabled by default on client versions of Windows
#

---------------  T H R E A D  ---------------

Current thread (0x0000000014ed6800):  JavaThread "C2 CompilerThread0" daemon [_thread_in_native, id=5596, stack(0x0000000016500000,0x0000000016600000)]

Stack: [0x0000000016500000,0x0000000016600000]
[error occurred during error reporting (printing stack bounds), id 0xc0000005]

Native frames: (J=compiled Java code, j=interpreted, Vv=VM code, C=native code)


Current CompileTask:
C2:   6369 1467   !   4       com.android.dx.cf.cst.ConstantPoolParser::parse0 (731 bytes)


---------------  P R O C E S S  ---------------

Java Threads: ( => current thread )
  0x0000000016a7b800 JavaThread "pool-2-thread-4" [_thread_in_vm, id=4552, stack(0x0000000017200000,0x0000000017300000)]
  0x0000000016a76800 JavaThread "pool-2-thread-3" [_thread_in_vm, id=1592, stack(0x0000000017100000,0x0000000017200000)]
  0x0000000016a58000 JavaThread "pool-2-thread-2" [_thread_blocked, id=3044, stack(0x0000000017000000,0x0000000017100000)]
  0x0000000016a4f800 JavaThread "pool-3-thread-1" [_thread_blocked, id=4204, stack(0x0000000016f00000,0x0000000017000000)]
  0x0000000016a4f000 JavaThread "pool-2-thread-1" [_thread_in_vm, id=2364, stack(0x0000000016e00000,0x0000000016f00000)]
  0x0000000014f2e000 JavaThread "Service Thread" daemon [_thread_blocked, id=5652, stack(0x0000000016c00000,0x0000000016d00000)]
  0x0000000014f27000 JavaThread "C1 CompilerThread2" daemon [_thread_blocked, id=1752, stack(0x0000000016700000,0x0000000016800000)]
  0x0000000014f24800 JavaThread "C2 CompilerThread1" daemon [_thread_blocked, id=7016, stack(0x0000000016600000,0x0000000016700000)]
=>0x0000000014ed6800 JavaThread "C2 CompilerThread0" daemon [_thread_in_native, id=5596, stack(0x0000000016500000,0x0000000016600000)]
  0x0000000014ed5000 JavaThread "Attach Listener" daemon [_thread_blocked, id=5944, stack(0x0000000016400000,0x0000000016500000)]
  0x0000000014ed4000 JavaThread "Signal Dispatcher" daemon [_thread_blocked, id=348, stack(0x0000000016300000,0x0000000016400000)]
  0x000000000271b000 JavaThread "Finalizer" daemon [_thread_blocked, id=4240, stack(0x0000000016120000,0x0000000016220000)]
  0x0000000002710000 JavaThread "Reference Handler" daemon [_thread_blocked, id=4384, stack(0x0000000016020000,0x0000000016120000)]
  0x0000000002620800 JavaThread "main" [_thread_blocked, id=5824, stack(0x00000000024f0000,0x00000000025f0000)]

Other Threads:
  0x0000000014e96800 VMThread [stack: 0x0000000015f20000,0x0000000016020000] [id=6380]
  0x0000000016801800 WatcherThread [stack: 0x0000000016d00000,0x0000000016e00000] [id=3268]

VM state:synchronizing (normal execution)

VM Mutex/Monitor currently owned by a thread:  ([mutex/lock_event])
[0x00000000027fc470] Threads_lock - owner thread: 0x0000000014e96800

Heap:
 PSYoungGen      total 35328K, used 12988K [0x00000000eab00000, 0x00000000ed000000, 0x0000000100000000)
  eden space 32768K, 31% used [0x00000000eab00000,0x00000000eb531bf0,0x00000000ecb00000)
  from space 2560K, 99% used [0x00000000ecd80000,0x00000000ecffd6b8,0x00000000ed000000)
  to   space 2560K, 0% used [0x00000000ecb00000,0x00000000ecb00000,0x00000000ecd80000)
 ParOldGen       total 44032K, used 3824K [0x00000000c0000000, 0x00000000c2b00000, 0x00000000eab00000)
  object space 44032K, 8% used [0x00000000c0000000,0x00000000c03bc310,0x00000000c2b00000)
 Metaspace       used 6115K, capacity 7088K, committed 7296K, reserved 1056768K
  class space    used 575K, capacity 616K, committed 640K, reserved 1048576K

Card table byte_map: [0x0000000011bc0000,0x0000000011dd0000] byte_map_base: 0x00000000115c0000

Marking Bits: (ParMarkBitMap*) 0x00000000538d9d00
 Begin Bits: [0x0000000012330000, 0x0000000013330000)
 End Bits:   [0x0000000013330000, 0x0000000014330000)

Polling page: 0x0000000000d80000

CodeCache: size=245760Kb used=6216Kb max_used=6241Kb free=239544Kb
 bounds [0x0000000002800000, 0x0000000002e20000, 0x0000000011800000]
 total_blobs=1748 nmethods=1480 adapters=182
 compilation: enabled

Compilation events (10 events):
Event: 5.247 Thread 0x0000000014f27000 nmethod 1482 0x0000000002e09490 code [0x0000000002e09600, 0x0000000002e09848]
Event: 5.278 Thread 0x0000000014ed6800 nmethod 1350 0x0000000002e0dad0 code [0x0000000002e0dcc0, 0x0000000002e0f238]
Event: 5.278 Thread 0x0000000014ed6800 1446       4       java.lang.StringBuilder::append (8 bytes)
Event: 5.290 Thread 0x0000000014ed6800 nmethod 1446 0x0000000002e0a210 code [0x0000000002e0a360, 0x0000000002e0a738]
Event: 5.290 Thread 0x0000000014ed6800 1349       4       com.android.dx.rop.code.PlainInsn::withNewRegisters (18 bytes)
Event: 5.293 Thread 0x0000000014ed6800 nmethod 1349 0x0000000002e09d10 code [0x0000000002e09e60, 0x0000000002e0a018]
Event: 5.293 Thread 0x0000000014ed6800 1467   !   4       com.android.dx.cf.cst.ConstantPoolParser::parse0 (731 bytes)
Event: 5.631 Thread 0x0000000014f24800 nmethod 1325 0x0000000002e15790 code [0x0000000002e15bc0, 0x0000000002e19490]
Event: 5.632 Thread 0x0000000014f24800 1430       4       com.android.dx.rop.type.Type::isCategory2 (36 bytes)
Event: 5.632 Thread 0x0000000014f24800 nmethod 1430 0x0000000002c545d0 code [0x0000000002c54700, 0x0000000002c54778]

GC Heap History (4 events):
Event: 2.735 GC heap before
{Heap before GC invocations=1 (full 0):
 PSYoungGen      total 18944K, used 16384K [0x00000000eab00000, 0x00000000ec000000, 0x0000000100000000)
  eden space 16384K, 100% used [0x00000000eab00000,0x00000000ebb00000,0x00000000ebb00000)
  from space 2560K, 0% used [0x00000000ebd80000,0x00000000ebd80000,0x00000000ec000000)
  to   space 2560K, 0% used [0x00000000ebb00000,0x00000000ebb00000,0x00000000ebd80000)
 ParOldGen       total 44032K, used 0K [0x00000000c0000000, 0x00000000c2b00000, 0x00000000eab00000)
  object space 44032K, 0% used [0x00000000c0000000,0x00000000c0000000,0x00000000c2b00000)
 Metaspace       used 5766K, capacity 6768K, committed 7040K, reserved 1056768K
  class space    used 573K, capacity 616K, committed 640K, reserved 1048576K
Event: 3.240 GC heap after
Heap after GC invocations=1 (full 0):
 PSYoungGen      total 18944K, used 2538K [0x00000000eab00000, 0x00000000ed000000, 0x0000000100000000)
  eden space 16384K, 0% used [0x00000000eab00000,0x00000000eab00000,0x00000000ebb00000)
  from space 2560K, 99% used [0x00000000ebb00000,0x00000000ebd7aaa8,0x00000000ebd80000)
  to   space 2560K, 0% used [0x00000000ecd80000,0x00000000ecd80000,0x00000000ed000000)
 ParOldGen       total 44032K, used 1564K [0x00000000c0000000, 0x00000000c2b00000, 0x00000000eab00000)
  object space 44032K, 3% used [0x00000000c0000000,0x00000000c01870a0,0x00000000c2b00000)
 Metaspace       used 5766K, capacity 6768K, committed 7040K, reserved 1056768K
  class space    used 573K, capacity 616K, committed 640K, reserved 1048576K
}
Event: 4.587 GC heap before
{Heap before GC invocations=2 (full 0):
 PSYoungGen      total 18944K, used 18922K [0x00000000eab00000, 0x00000000ed000000, 0x0000000100000000)
  eden space 16384K, 100% used [0x00000000eab00000,0x00000000ebb00000,0x00000000ebb00000)
  from space 2560K, 99% used [0x00000000ebb00000,0x00000000ebd7aaa8,0x00000000ebd80000)
  to   space 2560K, 0% used [0x00000000ecd80000,0x00000000ecd80000,0x00000000ed000000)
 ParOldGen       total 44032K, used 1564K [0x00000000c0000000, 0x00000000c2b00000, 0x00000000eab00000)
  object space 44032K, 3% used [0x00000000c0000000,0x00000000c01870a0,0x00000000c2b00000)
 Metaspace       used 6007K, capacity 6960K, committed 7040K, reserved 1056768K
  class space    used 575K, capacity 616K, committed 640K, reserved 1048576K
Event: 4.922 GC heap after
Heap after GC invocations=2 (full 0):
 PSYoungGen      total 35328K, used 2549K [0x00000000eab00000, 0x00000000ed000000, 0x0000000100000000)
  eden space 32768K, 0% used [0x00000000eab00000,0x00000000eab00000,0x00000000ecb00000)
  from space 2560K, 99% used [0x00000000ecd80000,0x00000000ecffd6b8,0x00000000ed000000)
  to   space 2560K, 0% used [0x00000000ecb00000,0x00000000ecb00000,0x00000000ecd80000)
 ParOldGen       total 44032K, used 3824K [0x00000000c0000000, 0x00000000c2b00000, 0x00000000eab00000)
  object space 44032K, 8% used [0x00000000c0000000,0x00000000c03bc310,0x00000000c2b00000)
 Metaspace       used 6007K, capacity 6960K, committed 7040K, reserved 1056768K
  class space    used 575K, capacity 616K, committed 640K, reserved 1048576K
}

Deoptimization events (10 events):
Event: 2.674 Thread 0x0000000016a7b800 Uncommon trap: reason=unstable_if action=reinterpret pc=0x0000000002a30a70 method=java.util.BitSet.nextSetBit(I)I @ 87
Event: 3.286 Thread 0x0000000016a76800 Uncommon trap: reason=class_check action=maybe_recompile pc=0x0000000002abe114 method=com.android.dx.ssa.NormalSsaInsn.accept(Lcom/android/dx/ssa/SsaInsn$Visitor;)V @ 9
Event: 3.287 Thread 0x0000000016a76800 Uncommon trap: reason=class_check action=maybe_recompile pc=0x0000000002abe114 method=com.android.dx.ssa.NormalSsaInsn.accept(Lcom/android/dx/ssa/SsaInsn$Visitor;)V @ 9
Event: 3.287 Thread 0x0000000016a76800 Uncommon trap: reason=class_check action=maybe_recompile pc=0x0000000002abe114 method=com.android.dx.ssa.NormalSsaInsn.accept(Lcom/android/dx/ssa/SsaInsn$Visitor;)V @ 9
Event: 3.287 Thread 0x0000000016a76800 Uncommon trap: reason=class_check action=maybe_recompile pc=0x0000000002abe114 method=com.android.dx.ssa.NormalSsaInsn.accept(Lcom/android/dx/ssa/SsaInsn$Visitor;)V @ 9
Event: 3.288 Thread 0x0000000016a76800 Uncommon trap: reason=class_check action=maybe_recompile pc=0x0000000002a57230 method=com.android.dx.ssa.NormalSsaInsn.accept(Lcom/android/dx/ssa/SsaInsn$Visitor;)V @ 9
Event: 4.081 Thread 0x0000000016a58000 Uncommon trap: reason=unstable_if action=reinterpret pc=0x0000000002ab131c method=com.android.dx.rop.cst.Constant.compareTo(Lcom/android/dx/rop/cst/Constant;)I @ 12
Event: 4.134 Thread 0x0000000016a7b800 Uncommon trap: reason=unstable_if action=reinterpret pc=0x0000000002c04c5c method=com.android.dx.ssa.SsaMethod.updateOneDefinition(Lcom/android/dx/ssa/SsaInsn;Lcom/android/dx/rop/code/RegisterSpec;)V @ 4
Event: 4.541 Thread 0x0000000016a76800 Uncommon trap: reason=unstable_if action=reinterpret pc=0x0000000002d3de68 method=com.android.dx.cf.code.BytecodeArray.parseInstruction(ILcom/android/dx/cf/code/BytecodeArray$Visitor;)I @ 1198
Event: 5.218 Thread 0x0000000016a7b800 Uncommon trap: reason=bimorphic action=maybe_recompile pc=0x0000000002c50588 method=java.util.HashMap.putVal(ILjava/lang/Object;Ljava/lang/Object;ZZ)Ljava/lang/Object; @ 91

Internal exceptions (2 events):
Event: 0.087 Thread 0x0000000002620800 Exception <a 'java/lang/NoSuchMethodError': Method sun.misc.Unsafe.defineClass(Ljava/lang/String;[BII)Ljava/lang/Class; name or signature does not match> (0x00000000eab07cc0) thrown at [C:\src\android\AOSP-openjdk\external\jetbrains\jdk\hotspot\src\share\vÔö²/¶?
Event: 0.087 Thread 0x0000000002620800 Exception <a 'java/lang/NoSuchMethodError': Method sun.misc.Unsafe.prefetchRead(Ljava/lang/Object;J)V name or signature does not match> (0x00000000eab07fa8) thrown at [C:\src\android\AOSP-openjdk\external\jetbrains\jdk\hotspot\src\share\vm\prims\jni.cpp, l

Events (10 events):
Event: 4.541 Thread 0x0000000016a76800 Uncommon trap: trap_request=0xffffff65 fr.pc=0x0000000002d3de68
Event: 4.541 Thread 0x0000000016a76800 DEOPT PACKING pc=0x0000000002d3de68 sp=0x00000000171fef50
Event: 4.541 Thread 0x0000000016a76800 DEOPT UNPACKING pc=0x000000000284556a sp=0x00000000171feee8 mode 2
Event: 4.585 Executing VM operation: ParallelGCFailedAllocation
Event: 4.923 Executing VM operation: ParallelGCFailedAllocation done
Event: 4.983 loading class com/android/dx/cf/code/BytecodeArray$ConstantParserVisitor
Event: 4.983 loading class com/android/dx/cf/code/BytecodeArray$ConstantParserVisitor done
Event: 5.218 Thread 0x0000000016a7b800 Uncommon trap: trap_request=0xffffffc6 fr.pc=0x0000000002c50588
Event: 5.218 Thread 0x0000000016a7b800 DEOPT PACKING pc=0x0000000002c50588 sp=0x00000000172fe670
Event: 5.218 Thread 0x0000000016a7b800 DEOPT UNPACKING pc=0x000000000284556a sp=0x00000000172fe5f8 mode 2


Dynamic libraries:
0x00007ff7bbf40000 - 0x00007ff7bbf71000 	C:\Program Files\Android\Android Studio\jre\bin\java.exe
0x00007ff80bf10000 - 0x00007ff80c0bd000 	C:\windows\SYSTEM32\ntdll.dll
0x00007ff809590000 - 0x00007ff8096ce000 	C:\windows\system32\KERNEL32.DLL
0x00007ff809100000 - 0x00007ff809215000 	C:\windows\system32\KERNELBASE.dll
0x00007ff8098e0000 - 0x00007ff80998a000 	C:\windows\system32\ADVAPI32.dll
0x00007ff80b290000 - 0x00007ff80b407000 	C:\windows\system32\USER32.dll
0x00007ff806020000 - 0x00007ff80629b000 	C:\windows\WinSxS\amd64_microsoft.windows.common-controls_6595b64144ccf1df_6.0.9600.18006_none_623f33d3ecbe86e8\COMCTL32.dll
0x00007ff80b420000 - 0x00007ff80b4ca000 	C:\windows\system32\msvcrt.dll
0x00007ff80b6b0000 - 0x00007ff80b709000 	C:\windows\SYSTEM32\sechost.dll
0x00007ff8097a0000 - 0x00007ff8098e0000 	C:\windows\system32\RPCRT4.dll
0x00007ff80b860000 - 0x00007ff80b9af000 	C:\windows\system32\GDI32.dll
0x00007ff809560000 - 0x00007ff80958e000 	C:\windows\system32\SspiCli.dll
0x00007ff80b250000 - 0x00007ff80b286000 	C:\windows\system32\IMM32.DLL
0x00007ff80bdb0000 - 0x00007ff80bf02000 	C:\windows\system32\MSCTF.dll
0x0000000052f60000 - 0x0000000053032000 	C:\Program Files\Android\Android Studio\jre\jre\bin\msvcr100.dll
0x0000000053120000 - 0x0000000053954000 	C:\Program Files\Android\Android Studio\jre\jre\bin\server\jvm.dll
0x00007ff800dc0000 - 0x00007ff800dc9000 	C:\windows\SYSTEM32\WSOCK32.dll
0x00007ff804300000 - 0x00007ff804322000 	C:\windows\SYSTEM32\WINMM.dll
0x00007ff801630000 - 0x00007ff80163a000 	C:\windows\SYSTEM32\VERSION.dll
0x00007ff80b4e0000 - 0x00007ff80b4e7000 	C:\windows\system32\PSAPI.DLL
0x00007ff80ba10000 - 0x00007ff80ba6a000 	C:\windows\system32\WS2_32.dll
0x00007ff8042d0000 - 0x00007ff8042fa000 	C:\windows\SYSTEM32\WINMMBASE.dll
0x00007ff80b4d0000 - 0x00007ff80b4d9000 	C:\windows\system32\NSI.dll
0x00007ff809220000 - 0x00007ff80926f000 	C:\windows\SYSTEM32\cfgmgr32.dll
0x00007ff807e50000 - 0x00007ff807e78000 	C:\windows\SYSTEM32\DEVOBJ.dll
0x00007ff804e20000 - 0x00007ff804e2f000 	C:\Program Files\Android\Android Studio\jre\jre\bin\verify.dll
0x00007ff8049e0000 - 0x00007ff804a09000 	C:\Program Files\Android\Android Studio\jre\jre\bin\java.dll
0x00007ff8049c0000 - 0x00007ff8049d6000 	C:\Program Files\Android\Android Studio\jre\jre\bin\zip.dll
0x00007ff809b30000 - 0x00007ff80b058000 	C:\windows\system32\SHELL32.dll
0x00007ff80bb90000 - 0x00007ff80bda1000 	C:\windows\SYSTEM32\combase.dll
0x00007ff80b9b0000 - 0x00007ff80ba04000 	C:\windows\system32\SHLWAPI.dll
0x00007ff8073b0000 - 0x00007ff807462000 	C:\windows\SYSTEM32\SHCORE.dll
0x00007ff809030000 - 0x00007ff809045000 	C:\windows\SYSTEM32\profapi.dll

VM Arguments:
jvm_args: -Djava.awt.headless=true -Xmx1024M -Dfile.encoding=windows-1252 -Duser.country=US -Duser.language=en -Duser.variant 
java_command: com.android.dx.command.Main --dex --verbose --force-jumbo --num-threads=4 --multi-dex --output C:\Users\bruh\Desktop\COMP150-MOB\QueueR\app\build\intermediates\transforms\dex\debug\folders\1000\10\io.fabric.sdk.android-fabric-1.3.14_b5bbf973bd9b3afceb4fdb893f2c8a13ed151e9a C:\Users\bruh\Desktop\COMP150-MOB\QueueR\app\build\intermediates\exploded-aar\io.fabric.sdk.android\fabric\1.3.14\jars\classes.jar
java_class_path (initial): C:\Users\bruh\AppData\Local\Android\sdk\build-tools\24.0.1\lib\dx.jar
Launcher Type: SUN_STANDARD

Environment Variables:
PATH=C:\Program Files\Java\jdk1.8.0_101\bin\;C:\ProgramData\Oracle\Java\javapath;C:\windows\system32;C:\windows;C:\windows\System32\Wbem;C:\windows\System32\WindowsPowerShell\v1.0\;C:\Program Files\nodejs\;C:\Program Files (x86)\Heroku\bin;C:\Program Files (x86)\git\cmd;C:\Users\bruh\AppData\Roaming\npm;C:\Program Files (x86)\Skype\Phone\;C:\Program Files (x86)\GtkSharp\2.12\bin;C:\Program Files\Java\jdk1.8.0_101\bin\
USERNAME=bruh
OS=Windows_NT
PROCESSOR_IDENTIFIER=Intel64 Family 6 Model 69 Stepping 1, GenuineIntel



---------------  S Y S T E M  ---------------

OS: Windows 8.1 , 64 bit Build 9600 (6.3.9600.17415)

CPU:total 4 (2 cores per cpu, 2 threads per core) family 6 model 69 stepping 1, cmov, cx8, fxsr, mmx, sse, sse2, sse3, ssse3, sse4.1, sse4.2, popcnt, avx, avx2, aes, clmul, erms, lzcnt, ht, tsc, tscinvbit, bmi1, bmi2

Memory: 4k page, physical 4097056k(346680k free), swap 7242784k(5164k free)

vm_info: OpenJDK 64-Bit Server VM (25.76-b03) for windows-amd64 JRE (1.8.0_76-release-b03), built on Jun 29 2016 19:09:20 by "ralucas" with MS VC++ 10.0 (VS2010)

time: Thu Dec 15 02:57:28 2016
elapsed time: 6 seconds (0d 0h 0m 6s)

