#
# There is insufficient memory for the Java Runtime Environment to continue.
# Native memory allocation (malloc) failed to allocate 77936 bytes for Chunk::new
# Possible reasons:
#   The system is out of physical RAM or swap space
#   In 32 bit mode, the process size limit was hit
# Possible solutions:
#   Reduce memory load on the system
#   Increase physical memory or swap space
#   Check if swap backing store is full
#   Use 64 bit Java on a 64 bit OS
#   Decrease Java heap size (-Xmx/-Xms)
#   Decrease number of Java threads
#   Decrease Java thread stack sizes (-Xss)
#   Set larger code cache with -XX:ReservedCodeCacheSize=
# This output file may be truncated or incomplete.
#
#  Out of Memory Error (allocation.cpp:390), pid=3468, tid=0x0000000000001830
#
# JRE version: OpenJDK Runtime Environment (8.0_76-b03) (build 1.8.0_76-release-b03)
# Java VM: OpenJDK 64-Bit Server VM (25.76-b03 mixed mode windows-amd64 compressed oops)
# Failed to write core dump. Minidumps are not enabled by default on client versions of Windows
#

---------------  T H R E A D  ---------------

Current thread (0x0000000014d8a800):  JavaThread "C2 CompilerThread0" daemon [_thread_in_native, id=6192, stack(0x00000000163f0000,0x00000000164f0000)]

Stack: [0x00000000163f0000,0x00000000164f0000]
[error occurred during error reporting (printing stack bounds), id 0xc0000005]

Native frames: (J=compiled Java code, j=interpreted, Vv=VM code, C=native code)


Current CompileTask:
C2:  11745 1366       4       java.util.HashMap::putVal (300 bytes)


---------------  P R O C E S S  ---------------

Java Threads: ( => current thread )
  0x0000000016937000 JavaThread "pool-1-thread-1" [_thread_in_vm, id=5496, stack(0x0000000016cf0000,0x0000000016df0000)]
  0x00000000166fc000 JavaThread "Service Thread" daemon [_thread_blocked, id=3548, stack(0x0000000016af0000,0x0000000016bf0000)]
  0x0000000014dea800 JavaThread "C1 CompilerThread2" daemon [_thread_blocked, id=5612, stack(0x00000000165f0000,0x00000000166f0000)]
  0x0000000014de3800 JavaThread "C2 CompilerThread1" daemon [_thread_in_native, id=7164, stack(0x00000000164f0000,0x00000000165f0000)]
=>0x0000000014d8a800 JavaThread "C2 CompilerThread0" daemon [_thread_in_native, id=6192, stack(0x00000000163f0000,0x00000000164f0000)]
  0x0000000014d89000 JavaThread "Attach Listener" daemon [_thread_blocked, id=4276, stack(0x00000000162f0000,0x00000000163f0000)]
  0x0000000014d87800 JavaThread "Signal Dispatcher" daemon [_thread_blocked, id=2808, stack(0x00000000161f0000,0x00000000162f0000)]
  0x00000000026bb000 JavaThread "Finalizer" daemon [_thread_blocked, id=3992, stack(0x0000000016010000,0x0000000016110000)]
  0x00000000026b0000 JavaThread "Reference Handler" daemon [_thread_blocked, id=4552, stack(0x0000000015f10000,0x0000000016010000)]
  0x00000000025c0800 JavaThread "main" [_thread_blocked, id=3492, stack(0x00000000024c0000,0x00000000025c0000)]

Other Threads:
  0x0000000014d56800 VMThread [stack: 0x0000000015e10000,0x0000000015f10000] [id=6344]
  0x00000000166f1800 WatcherThread [stack: 0x0000000016bf0000,0x0000000016cf0000] [id=4384]

VM state:not at safepoint (normal execution)

VM Mutex/Monitor currently owned by a thread: None

Heap:
 PSYoungGen      total 35328K, used 4565K [0x00000000eab00000, 0x00000000ed000000, 0x0000000100000000)
  eden space 32768K, 6% used [0x00000000eab00000,0x00000000eacfd7c0,0x00000000ecb00000)
  from space 2560K, 98% used [0x00000000ecd80000,0x00000000ecff8018,0x00000000ed000000)
  to   space 2560K, 0% used [0x00000000ecb00000,0x00000000ecb00000,0x00000000ecd80000)
 ParOldGen       total 44032K, used 4356K [0x00000000c0000000, 0x00000000c2b00000, 0x00000000eab00000)
  object space 44032K, 9% used [0x00000000c0000000,0x00000000c04412d0,0x00000000c2b00000)
 Metaspace       used 6040K, capacity 6960K, committed 7040K, reserved 1056768K
  class space    used 578K, capacity 616K, committed 640K, reserved 1048576K

Card table byte_map: [0x0000000011a80000,0x0000000011c90000] byte_map_base: 0x0000000011480000

Marking Bits: (ParMarkBitMap*) 0x00000000538d9d00
 Begin Bits: [0x00000000121f0000, 0x00000000131f0000)
 End Bits:   [0x00000000131f0000, 0x00000000141f0000)

Polling page: 0x0000000000b50000

CodeCache: size=245760Kb used=5538Kb max_used=5543Kb free=240221Kb
 bounds [0x00000000026c0000, 0x0000000002c30000, 0x00000000116c0000]
 total_blobs=1634 nmethods=1367 adapters=181
 compilation: enabled

Compilation events (10 events):
Event: 11.736 Thread 0x0000000014d8a800 1366       4       java.util.HashMap::putVal (300 bytes)
Event: 11.736 Thread 0x0000000014dea800 1368       3       com.android.dx.rop.cst.CstMemberRef::hashCode (19 bytes)
Event: 11.737 Thread 0x0000000014dea800 nmethod 1368 0x0000000002c2d4d0 code [0x0000000002c2d680, 0x0000000002c2dea8]
Event: 11.737 Thread 0x0000000014dea800 1369       3       com.android.dx.rop.cst.CstNat::hashCode (19 bytes)
Event: 11.737 Thread 0x0000000014de3800 nmethod 1365 0x0000000002c28c90 code [0x0000000002c28de0, 0x0000000002c28ed8]
Event: 11.737 Thread 0x0000000014dea800 nmethod 1369 0x0000000002c2f250 code [0x0000000002c2f3e0, 0x0000000002c2f898]
Event: 11.737 Thread 0x0000000014dea800 1370       1       com.android.dx.dex.file.DexFile::getByteData (5 bytes)
Event: 11.737 Thread 0x0000000014dea800 nmethod 1370 0x0000000002c289d0 code [0x0000000002c28b20, 0x0000000002c28c30]
Event: 11.738 Thread 0x0000000014de3800 1371       4       com.android.dx.dex.code.OutputFinisher::addConstants (93 bytes)
Event: 11.738 Thread 0x0000000014dea800 1372       3       com.android.dx.dex.code.OutputFinisher::getAllConstants (47 bytes)

GC Heap History (4 events):
Event: 5.282 GC heap before
{Heap before GC invocations=1 (full 0):
 PSYoungGen      total 18944K, used 16384K [0x00000000eab00000, 0x00000000ec000000, 0x0000000100000000)
  eden space 16384K, 100% used [0x00000000eab00000,0x00000000ebb00000,0x00000000ebb00000)
  from space 2560K, 0% used [0x00000000ebd80000,0x00000000ebd80000,0x00000000ec000000)
  to   space 2560K, 0% used [0x00000000ebb00000,0x00000000ebb00000,0x00000000ebd80000)
 ParOldGen       total 44032K, used 0K [0x00000000c0000000, 0x00000000c2b00000, 0x00000000eab00000)
  object space 44032K, 0% used [0x00000000c0000000,0x00000000c0000000,0x00000000c2b00000)
 Metaspace       used 5727K, capacity 6704K, committed 6784K, reserved 1056768K
  class space    used 570K, capacity 616K, committed 640K, reserved 1048576K
Event: 5.474 GC heap after
Heap after GC invocations=1 (full 0):
 PSYoungGen      total 18944K, used 2535K [0x00000000eab00000, 0x00000000ed000000, 0x0000000100000000)
  eden space 16384K, 0% used [0x00000000eab00000,0x00000000eab00000,0x00000000ebb00000)
  from space 2560K, 99% used [0x00000000ebb00000,0x00000000ebd79c88,0x00000000ebd80000)
  to   space 2560K, 0% used [0x00000000ecd80000,0x00000000ecd80000,0x00000000ed000000)
 ParOldGen       total 44032K, used 2063K [0x00000000c0000000, 0x00000000c2b00000, 0x00000000eab00000)
  object space 44032K, 4% used [0x00000000c0000000,0x00000000c0203da8,0x00000000c2b00000)
 Metaspace       used 5727K, capacity 6704K, committed 6784K, reserved 1056768K
  class space    used 570K, capacity 616K, committed 640K, reserved 1048576K
}
Event: 9.379 GC heap before
{Heap before GC invocations=2 (full 0):
 PSYoungGen      total 18944K, used 18919K [0x00000000eab00000, 0x00000000ed000000, 0x0000000100000000)
  eden space 16384K, 100% used [0x00000000eab00000,0x00000000ebb00000,0x00000000ebb00000)
  from space 2560K, 99% used [0x00000000ebb00000,0x00000000ebd79c88,0x00000000ebd80000)
  to   space 2560K, 0% used [0x00000000ecd80000,0x00000000ecd80000,0x00000000ed000000)
 ParOldGen       total 44032K, used 2063K [0x00000000c0000000, 0x00000000c2b00000, 0x00000000eab00000)
  object space 44032K, 4% used [0x00000000c0000000,0x00000000c0203da8,0x00000000c2b00000)
 Metaspace       used 5985K, capacity 6960K, committed 7040K, reserved 1056768K
  class space    used 575K, capacity 616K, committed 640K, reserved 1048576K
Event: 10.350 GC heap after
Heap after GC invocations=2 (full 0):
 PSYoungGen      total 35328K, used 2528K [0x00000000eab00000, 0x00000000ed000000, 0x0000000100000000)
  eden space 32768K, 0% used [0x00000000eab00000,0x00000000eab00000,0x00000000ecb00000)
  from space 2560K, 98% used [0x00000000ecd80000,0x00000000ecff8018,0x00000000ed000000)
  to   space 2560K, 0% used [0x00000000ecb00000,0x00000000ecb00000,0x00000000ecd80000)
 ParOldGen       total 44032K, used 4356K [0x00000000c0000000, 0x00000000c2b00000, 0x00000000eab00000)
  object space 44032K, 9% used [0x00000000c0000000,0x00000000c04412d0,0x00000000c2b00000)
 Metaspace       used 5985K, capacity 6960K, committed 7040K, reserved 1056768K
  class space    used 575K, capacity 616K, committed 640K, reserved 1048576K
}

Deoptimization events (10 events):
Event: 11.703 Thread 0x0000000016937000 Uncommon trap: reason=class_check action=maybe_recompile pc=0x0000000002b62e48 method=java.util.Arrays.hashCode([Ljava/lang/Object;)I @ 43
Event: 11.703 Thread 0x0000000016937000 Uncommon trap: reason=class_check action=maybe_recompile pc=0x0000000002b62e48 method=java.util.Arrays.hashCode([Ljava/lang/Object;)I @ 43
Event: 11.724 Thread 0x0000000016937000 Uncommon trap: reason=class_check action=maybe_recompile pc=0x0000000002b62e48 method=java.util.Arrays.hashCode([Ljava/lang/Object;)I @ 43
Event: 11.724 Thread 0x0000000016937000 Uncommon trap: reason=class_check action=maybe_recompile pc=0x0000000002b62e48 method=java.util.Arrays.hashCode([Ljava/lang/Object;)I @ 43
Event: 11.724 Thread 0x0000000016937000 Uncommon trap: reason=class_check action=maybe_recompile pc=0x0000000002b62874 method=java.util.Arrays.hashCode([Ljava/lang/Object;)I @ 43
Event: 11.728 Thread 0x0000000016937000 Uncommon trap: reason=bimorphic action=maybe_recompile pc=0x0000000002abc010 method=java.util.HashMap.getNode(ILjava/lang/Object;)Ljava/util/HashMap$Node; @ 126
Event: 11.729 Thread 0x0000000016937000 Uncommon trap: reason=bimorphic action=maybe_recompile pc=0x0000000002abc010 method=java.util.HashMap.getNode(ILjava/lang/Object;)Ljava/util/HashMap$Node; @ 126
Event: 11.730 Thread 0x0000000016937000 Uncommon trap: reason=bimorphic action=maybe_recompile pc=0x0000000002abc010 method=java.util.HashMap.getNode(ILjava/lang/Object;)Ljava/util/HashMap$Node; @ 126
Event: 11.730 Thread 0x0000000016937000 Uncommon trap: reason=bimorphic action=maybe_recompile pc=0x0000000002abc010 method=java.util.HashMap.getNode(ILjava/lang/Object;)Ljava/util/HashMap$Node; @ 126
Event: 11.731 Thread 0x0000000016937000 Uncommon trap: reason=bimorphic action=maybe_recompile pc=0x0000000002ab7fc4 method=java.util.HashMap.getNode(ILjava/lang/Object;)Ljava/util/HashMap$Node; @ 126

Internal exceptions (3 events):
Event: 0.085 Thread 0x00000000025c0800 Exception <a 'java/lang/NoSuchMethodError': Method sun.misc.Unsafe.defineClass(Ljava/lang/String;[BII)Ljava/lang/Class; name or signature does not match> (0x00000000eab07cc0) thrown at [C:\src\android\AOSP-openjdk\external\jetbrains\jdk\hotspot\src\share\v=eiäµ?
Event: 0.086 Thread 0x00000000025c0800 Exception <a 'java/lang/NoSuchMethodError': Method sun.misc.Unsafe.prefetchRead(Ljava/lang/Object;J)V name or signature does not match> (0x00000000eab07fa8) thrown at [C:\src\android\AOSP-openjdk\external\jetbrains\jdk\hotspot\src\share\vm\prims\jni.cpp, l g[V@
Event: 6.584 Thread 0x0000000016931800 Implicit null exception at 0x0000000002a661e2 to 0x0000000002a662da

Events (10 events):
Event: 11.729 Thread 0x0000000016937000 DEOPT UNPACKING pc=0x000000000270556a sp=0x0000000016dee908 mode 2
Event: 11.730 Thread 0x0000000016937000 Uncommon trap: trap_request=0xffffffc6 fr.pc=0x0000000002abc010
Event: 11.730 Thread 0x0000000016937000 DEOPT PACKING pc=0x0000000002abc010 sp=0x0000000016dee9e0
Event: 11.730 Thread 0x0000000016937000 DEOPT UNPACKING pc=0x000000000270556a sp=0x0000000016dee908 mode 2
Event: 11.730 Thread 0x0000000016937000 Uncommon trap: trap_request=0xffffffc6 fr.pc=0x0000000002abc010
Event: 11.730 Thread 0x0000000016937000 DEOPT PACKING pc=0x0000000002abc010 sp=0x0000000016dee9e0
Event: 11.730 Thread 0x0000000016937000 DEOPT UNPACKING pc=0x000000000270556a sp=0x0000000016dee908 mode 2
Event: 11.731 Thread 0x0000000016937000 Uncommon trap: trap_request=0xffffffc6 fr.pc=0x0000000002ab7fc4
Event: 11.731 Thread 0x0000000016937000 DEOPT PACKING pc=0x0000000002ab7fc4 sp=0x0000000016dee970
Event: 11.731 Thread 0x0000000016937000 DEOPT UNPACKING pc=0x000000000270556a sp=0x0000000016dee908 mode 2


Dynamic libraries:
0x00007ff7bbf40000 - 0x00007ff7bbf71000 	C:\Program Files\Android\Android Studio\jre\bin\java.exe
0x00007ff80bf10000 - 0x00007ff80c0bd000 	C:\windows\SYSTEM32\ntdll.dll
0x00007ff809590000 - 0x00007ff8096ce000 	C:\windows\system32\KERNEL32.DLL
0x00007ff809100000 - 0x00007ff809215000 	C:\windows\system32\KERNELBASE.dll
0x00007ff8098e0000 - 0x00007ff80998a000 	C:\windows\system32\ADVAPI32.dll
0x00007ff80b290000 - 0x00007ff80b407000 	C:\windows\system32\USER32.dll
0x00007ff806020000 - 0x00007ff80629b000 	C:\windows\WinSxS\amd64_microsoft.windows.common-controls_6595b64144ccf1df_6.0.9600.18006_none_623f33d3ecbe86e8\COMCTL32.dll
0x00007ff80b420000 - 0x00007ff80b4ca000 	C:\windows\system32\msvcrt.dll
0x00007ff80b6b0000 - 0x00007ff80b709000 	C:\windows\SYSTEM32\sechost.dll
0x00007ff8097a0000 - 0x00007ff8098e0000 	C:\windows\system32\RPCRT4.dll
0x00007ff80b860000 - 0x00007ff80b9af000 	C:\windows\system32\GDI32.dll
0x00007ff809560000 - 0x00007ff80958e000 	C:\windows\system32\SspiCli.dll
0x00007ff80b250000 - 0x00007ff80b286000 	C:\windows\system32\IMM32.DLL
0x00007ff80bdb0000 - 0x00007ff80bf02000 	C:\windows\system32\MSCTF.dll
0x0000000052f60000 - 0x0000000053032000 	C:\Program Files\Android\Android Studio\jre\jre\bin\msvcr100.dll
0x0000000053120000 - 0x0000000053954000 	C:\Program Files\Android\Android Studio\jre\jre\bin\server\jvm.dll
0x00007ff800dc0000 - 0x00007ff800dc9000 	C:\windows\SYSTEM32\WSOCK32.dll
0x00007ff804300000 - 0x00007ff804322000 	C:\windows\SYSTEM32\WINMM.dll
0x00007ff801630000 - 0x00007ff80163a000 	C:\windows\SYSTEM32\VERSION.dll
0x00007ff80b4e0000 - 0x00007ff80b4e7000 	C:\windows\system32\PSAPI.DLL
0x00007ff80ba10000 - 0x00007ff80ba6a000 	C:\windows\system32\WS2_32.dll
0x00007ff8042d0000 - 0x00007ff8042fa000 	C:\windows\SYSTEM32\WINMMBASE.dll
0x00007ff80b4d0000 - 0x00007ff80b4d9000 	C:\windows\system32\NSI.dll
0x00007ff809220000 - 0x00007ff80926f000 	C:\windows\SYSTEM32\cfgmgr32.dll
0x00007ff807e50000 - 0x00007ff807e78000 	C:\windows\SYSTEM32\DEVOBJ.dll
0x00007ff804e20000 - 0x00007ff804e2f000 	C:\Program Files\Android\Android Studio\jre\jre\bin\verify.dll
0x00007ff8049c0000 - 0x00007ff8049e9000 	C:\Program Files\Android\Android Studio\jre\jre\bin\java.dll
0x00007ff803cd0000 - 0x00007ff803ce6000 	C:\Program Files\Android\Android Studio\jre\jre\bin\zip.dll
0x00007ff809b30000 - 0x00007ff80b058000 	C:\windows\system32\SHELL32.dll
0x00007ff80bb90000 - 0x00007ff80bda1000 	C:\windows\SYSTEM32\combase.dll
0x00007ff80b9b0000 - 0x00007ff80ba04000 	C:\windows\system32\SHLWAPI.dll
0x00007ff8073b0000 - 0x00007ff807462000 	C:\windows\SYSTEM32\SHCORE.dll
0x00007ff809030000 - 0x00007ff809045000 	C:\windows\SYSTEM32\profapi.dll

VM Arguments:
jvm_args: -Djava.awt.headless=true -Xmx1024M -Dfile.encoding=windows-1252 -Duser.country=US -Duser.language=en -Duser.variant 
java_command: com.android.dx.command.Main --dex --verbose --force-jumbo --num-threads=4 --multi-dex --output C:\Users\bruh\Desktop\COMP150-MOB\QueueR\app\build\intermediates\transforms\dex\debug\folders\1000\10\com.google.firebase-firebase-auth-9.4.0_09f7e06766c8e3d5e7f5c61b040a940c02662c44 C:\Users\bruh\Desktop\COMP150-MOB\QueueR\app\build\intermediates\exploded-aar\com.google.firebase\firebase-auth\9.4.0\jars\classes.jar
java_class_path (initial): C:\Users\bruh\AppData\Local\Android\sdk\build-tools\24.0.1\lib\dx.jar
Launcher Type: SUN_STANDARD

Environment Variables:
PATH=C:\Program Files\Java\jdk1.8.0_101\bin\;C:\ProgramData\Oracle\Java\javapath;C:\windows\system32;C:\windows;C:\windows\System32\Wbem;C:\windows\System32\WindowsPowerShell\v1.0\;C:\Program Files\nodejs\;C:\Program Files (x86)\Heroku\bin;C:\Program Files (x86)\git\cmd;C:\Users\bruh\AppData\Roaming\npm;C:\Program Files (x86)\Skype\Phone\;C:\Program Files (x86)\GtkSharp\2.12\bin;C:\Program Files\Java\jdk1.8.0_101\bin\
USERNAME=bruh
OS=Windows_NT
PROCESSOR_IDENTIFIER=Intel64 Family 6 Model 69 Stepping 1, GenuineIntel



---------------  S Y S T E M  ---------------

OS: Windows 8.1 , 64 bit Build 9600 (6.3.9600.17415)

CPU:total 4 (2 cores per cpu, 2 threads per core) family 6 model 69 stepping 1, cmov, cx8, fxsr, mmx, sse, sse2, sse3, ssse3, sse4.1, sse4.2, popcnt, avx, avx2, aes, clmul, erms, lzcnt, ht, tsc, tscinvbit, bmi1, bmi2

Memory: 4k page, physical 4097056k(183272k free), swap 7242784k(5140k free)

vm_info: OpenJDK 64-Bit Server VM (25.76-b03) for windows-amd64 JRE (1.8.0_76-release-b03), built on Jun 29 2016 19:09:20 by "ralucas" with MS VC++ 10.0 (VS2010)

time: Thu Dec 15 01:04:22 2016
elapsed time: 11 seconds (0d 0h 0m 11s)

