#
# There is insufficient memory for the Java Runtime Environment to continue.
# Native memory allocation (malloc) failed to allocate 32744 bytes for ChunkPool::allocate
# Possible reasons:
#   The system is out of physical RAM or swap space
#   In 32 bit mode, the process size limit was hit
# Possible solutions:
#   Reduce memory load on the system
#   Increase physical memory or swap space
#   Check if swap backing store is full
#   Use 64 bit Java on a 64 bit OS
#   Decrease Java heap size (-Xmx/-Xms)
#   Decrease number of Java threads
#   Decrease Java thread stack sizes (-Xss)
#   Set larger code cache with -XX:ReservedCodeCacheSize=
# This output file may be truncated or incomplete.
#
#  Out of Memory Error (allocation.cpp:273), pid=6040, tid=0x000000000000169c
#
# JRE version: OpenJDK Runtime Environment (8.0_76-b03) (build 1.8.0_76-release-b03)
# Java VM: OpenJDK 64-Bit Server VM (25.76-b03 mixed mode windows-amd64 compressed oops)
# Failed to write core dump. Minidumps are not enabled by default on client versions of Windows
#

---------------  T H R E A D  ---------------

Current thread (0x0000000014b24800):  JavaThread "C2 CompilerThread1" daemon [_thread_in_native, id=5788, stack(0x0000000016200000,0x0000000016300000)]

Stack: [0x0000000016200000,0x0000000016300000]
[error occurred during error reporting (printing stack bounds), id 0xc0000005]

Native frames: (J=compiled Java code, j=interpreted, Vv=VM code, C=native code)


Current CompileTask:
C2:  10962 1964   !   4      
[error occurred during error reporting (printing current compile task), id 0xe0000001]


---------------  P R O C E S S  ---------------

Java Threads: ( => current thread )
  0x0000000016591800 JavaThread "pool-1-thread-1" [_thread_in_Java, id=6484, stack(0x0000000016b00000,0x0000000016c00000)]
  0x000000001640b000 JavaThread "Service Thread" daemon [_thread_blocked, id=4568, stack(0x0000000016800000,0x0000000016900000)]
  0x0000000014b2a800 JavaThread "C1 CompilerThread2" daemon [_thread_in_native, id=4392, stack(0x0000000016300000,0x0000000016400000)]
=>0x0000000014b24800 JavaThread "C2 CompilerThread1" daemon [_thread_in_native, id=5788, stack(0x0000000016200000,0x0000000016300000)]
  0x0000000014ad6800 JavaThread "C2 CompilerThread0" daemon [_thread_blocked, id=2500, stack(0x0000000016100000,0x0000000016200000)]
  0x0000000014ad5000 JavaThread "Attach Listener" daemon [_thread_blocked, id=488, stack(0x0000000016000000,0x0000000016100000)]
  0x0000000014ad4000 JavaThread "Signal Dispatcher" daemon [_thread_blocked, id=3336, stack(0x0000000015f00000,0x0000000016000000)]
  0x00000000023fb000 JavaThread "Finalizer" daemon [_thread_blocked, id=5320, stack(0x0000000015d20000,0x0000000015e20000)]
  0x00000000023f0000 JavaThread "Reference Handler" daemon [_thread_blocked, id=5936, stack(0x0000000015c20000,0x0000000015d20000)]
  0x0000000002300800 JavaThread "main" [_thread_blocked, id=5036, stack(0x0000000002200000,0x0000000002300000)]

Other Threads:
  0x0000000014a96800 VMThread [stack: 0x0000000015b20000,0x0000000015c20000] [id=6612]
  0x0000000016400800 WatcherThread [stack: 0x0000000016900000,0x0000000016a00000] [id=4176]

VM state:not at safepoint (normal execution)

VM Mutex/Monitor currently owned by a thread: None

Heap:
 PSYoungGen      total 35328K, used 3696K [0x00000000eab00000, 0x00000000ef000000, 0x0000000100000000)
  eden space 32768K, 3% used [0x00000000eab00000,0x00000000eac23ce8,0x00000000ecb00000)
  from space 2560K, 98% used [0x00000000ecb00000,0x00000000ecd78690,0x00000000ecd80000)
  to   space 2560K, 0% used [0x00000000eed80000,0x00000000eed80000,0x00000000ef000000)
 ParOldGen       total 44032K, used 6685K [0x00000000c0000000, 0x00000000c2b00000, 0x00000000eab00000)
  object space 44032K, 15% used [0x00000000c0000000,0x00000000c0687588,0x00000000c2b00000)
 Metaspace       used 6512K, capacity 7408K, committed 7552K, reserved 1056768K
  class space    used 596K, capacity 616K, committed 640K, reserved 1048576K

Card table byte_map: [0x00000000117c0000,0x00000000119d0000] byte_map_base: 0x00000000111c0000

Marking Bits: (ParMarkBitMap*) 0x00000000538d9d00
 Begin Bits: [0x0000000011f30000, 0x0000000012f30000)
 End Bits:   [0x0000000012f30000, 0x0000000013f30000)

Polling page: 0x00000000007b0000

CodeCache: size=245760Kb used=8163Kb max_used=8175Kb free=237596Kb
 bounds [0x0000000002400000, 0x0000000002c10000, 0x0000000011400000]
 total_blobs=2224 nmethods=1955 adapters=183
 compilation: enabled

Compilation events (10 events):
Event: 10.945 Thread 0x0000000014b2a800 nmethod 1975 0x0000000002bfc9d0 code [0x0000000002bfcb40, 0x0000000002bfcd78]
Event: 10.946 Thread 0x0000000014b2a800 1976       3       com.android.dx.dex.code.InsnFormat::write (22 bytes)
Event: 10.946 Thread 0x0000000014b2a800 nmethod 1976 0x0000000002bfced0 code [0x0000000002bfd060, 0x0000000002bfd328]
Event: 10.947 Thread 0x0000000014b2a800 1977       3       com.android.dx.dex.code.form.Form35c::writeTo (157 bytes)
Event: 10.949 Thread 0x0000000014b2a800 nmethod 1977 0x0000000002bfd4d0 code [0x0000000002bfd7a0, 0x0000000002bff048]
Event: 10.951 Thread 0x0000000014b2a800 1978       3       com.android.dx.dex.code.form.Form11x::writeTo (22 bytes)
Event: 10.951 Thread 0x0000000014b2a800 nmethod 1978 0x0000000002bffa50 code [0x0000000002bffc00, 0x0000000002c00208]
Event: 10.952 Thread 0x0000000014ad6800 1979       4       com.android.dx.util.ByteArrayAnnotatedOutput::writeShort (64 bytes)
Event: 10.954 Thread 0x0000000014ad6800 nmethod 1979 0x0000000002c031d0 code [0x0000000002c03320, 0x0000000002c03478]
Event: 10.955 Thread 0x0000000014b2a800 1980       3       com.android.dx.dex.code.form.Form35c::explicitize (105 bytes)

GC Heap History (6 events):
Event: 1.940 GC heap before
{Heap before GC invocations=1 (full 0):
 PSYoungGen      total 18944K, used 16384K [0x00000000eab00000, 0x00000000ec000000, 0x0000000100000000)
  eden space 16384K, 100% used [0x00000000eab00000,0x00000000ebb00000,0x00000000ebb00000)
  from space 2560K, 0% used [0x00000000ebd80000,0x00000000ebd80000,0x00000000ec000000)
  to   space 2560K, 0% used [0x00000000ebb00000,0x00000000ebb00000,0x00000000ebd80000)
 ParOldGen       total 44032K, used 0K [0x00000000c0000000, 0x00000000c2b00000, 0x00000000eab00000)
  object space 44032K, 0% used [0x00000000c0000000,0x00000000c0000000,0x00000000c2b00000)
 Metaspace       used 5753K, capacity 6768K, committed 7040K, reserved 1056768K
  class space    used 573K, capacity 616K, committed 640K, reserved 1048576K
Event: 2.156 GC heap after
Heap after GC invocations=1 (full 0):
 PSYoungGen      total 18944K, used 2551K [0x00000000eab00000, 0x00000000ed000000, 0x0000000100000000)
  eden space 16384K, 0% used [0x00000000eab00000,0x00000000eab00000,0x00000000ebb00000)
  from space 2560K, 99% used [0x00000000ebb00000,0x00000000ebd7dc78,0x00000000ebd80000)
  to   space 2560K, 0% used [0x00000000ecd80000,0x00000000ecd80000,0x00000000ed000000)
 ParOldGen       total 44032K, used 1638K [0x00000000c0000000, 0x00000000c2b00000, 0x00000000eab00000)
  object space 44032K, 3% used [0x00000000c0000000,0x00000000c01999d8,0x00000000c2b00000)
 Metaspace       used 5753K, capacity 6768K, committed 7040K, reserved 1056768K
  class space    used 573K, capacity 616K, committed 640K, reserved 1048576K
}
Event: 3.529 GC heap before
{Heap before GC invocations=2 (full 0):
 PSYoungGen      total 18944K, used 18935K [0x00000000eab00000, 0x00000000ed000000, 0x0000000100000000)
  eden space 16384K, 100% used [0x00000000eab00000,0x00000000ebb00000,0x00000000ebb00000)
  from space 2560K, 99% used [0x00000000ebb00000,0x00000000ebd7dc78,0x00000000ebd80000)
  to   space 2560K, 0% used [0x00000000ecd80000,0x00000000ecd80000,0x00000000ed000000)
 ParOldGen       total 44032K, used 1638K [0x00000000c0000000, 0x00000000c2b00000, 0x00000000eab00000)
  object space 44032K, 3% used [0x00000000c0000000,0x00000000c01999d8,0x00000000c2b00000)
 Metaspace       used 5961K, capacity 6960K, committed 7040K, reserved 1056768K
  class space    used 573K, capacity 616K, committed 640K, reserved 1048576K
Event: 3.960 GC heap after
Heap after GC invocations=2 (full 0):
 PSYoungGen      total 35328K, used 2556K [0x00000000eab00000, 0x00000000ed000000, 0x0000000100000000)
  eden space 32768K, 0% used [0x00000000eab00000,0x00000000eab00000,0x00000000ecb00000)
  from space 2560K, 99% used [0x00000000ecd80000,0x00000000ecfff138,0x00000000ed000000)
  to   space 2560K, 0% used [0x00000000ecb00000,0x00000000ecb00000,0x00000000ecd80000)
 ParOldGen       total 44032K, used 4039K [0x00000000c0000000, 0x00000000c2b00000, 0x00000000eab00000)
  object space 44032K, 9% used [0x00000000c0000000,0x00000000c03f1ee8,0x00000000c2b00000)
 Metaspace       used 5961K, capacity 6960K, committed 7040K, reserved 1056768K
  class space    used 573K, capacity 616K, committed 640K, reserved 1048576K
}
Event: 10.352 GC heap before
{Heap before GC invocations=3 (full 0):
 PSYoungGen      total 35328K, used 35324K [0x00000000eab00000, 0x00000000ed000000, 0x0000000100000000)
  eden space 32768K, 100% used [0x00000000eab00000,0x00000000ecb00000,0x00000000ecb00000)
  from space 2560K, 99% used [0x00000000ecd80000,0x00000000ecfff138,0x00000000ed000000)
  to   space 2560K, 0% used [0x00000000ecb00000,0x00000000ecb00000,0x00000000ecd80000)
 ParOldGen       total 44032K, used 4039K [0x00000000c0000000, 0x00000000c2b00000, 0x00000000eab00000)
  object space 44032K, 9% used [0x00000000c0000000,0x00000000c03f1ee8,0x00000000c2b00000)
 Metaspace       used 6439K, capacity 7344K, committed 7552K, reserved 1056768K
  class space    used 594K, capacity 616K, committed 640K, reserved 1048576K
Event: 10.666 GC heap after
Heap after GC invocations=3 (full 0):
 PSYoungGen      total 35328K, used 2529K [0x00000000eab00000, 0x00000000ef000000, 0x0000000100000000)
  eden space 32768K, 0% used [0x00000000eab00000,0x00000000eab00000,0x00000000ecb00000)
  from space 2560K, 98% used [0x00000000ecb00000,0x00000000ecd78690,0x00000000ecd80000)
  to   space 2560K, 0% used [0x00000000eed80000,0x00000000eed80000,0x00000000ef000000)
 ParOldGen       total 44032K, used 6685K [0x00000000c0000000, 0x00000000c2b00000, 0x00000000eab00000)
  object space 44032K, 15% used [0x00000000c0000000,0x00000000c0687588,0x00000000c2b00000)
 Metaspace       used 6439K, capacity 7344K, committed 7552K, reserved 1056768K
  class space    used 594K, capacity 616K, committed 640K, reserved 1048576K
}

Deoptimization events (10 events):
Event: 7.955 Thread 0x0000000016591800 Uncommon trap: reason=class_check action=maybe_recompile pc=0x0000000002801cd0 method=java.util.HashMap.putVal(ILjava/lang/Object;Ljava/lang/Object;ZZ)Ljava/lang/Object; @ 203
Event: 8.482 Thread 0x0000000016591800 Uncommon trap: reason=unstable_if action=reinterpret pc=0x0000000002af9768 method=java.util.HashMap.putVal(ILjava/lang/Object;Ljava/lang/Object;ZZ)Ljava/lang/Object; @ 94
Event: 9.194 Thread 0x0000000016591800 Uncommon trap: reason=speculate_class_check action=maybe_recompile pc=0x0000000002778db8 method=com.android.dx.util.FixedSizeList.equals(Ljava/lang/Object;)Z @ 25
Event: 9.194 Thread 0x0000000016591800 Uncommon trap: reason=speculate_class_check action=maybe_recompile pc=0x0000000002778db8 method=com.android.dx.util.FixedSizeList.equals(Ljava/lang/Object;)Z @ 25
Event: 9.194 Thread 0x0000000016591800 Uncommon trap: reason=speculate_class_check action=maybe_recompile pc=0x0000000002778db8 method=com.android.dx.util.FixedSizeList.equals(Ljava/lang/Object;)Z @ 25
Event: 9.195 Thread 0x0000000016591800 Uncommon trap: reason=speculate_class_check action=maybe_recompile pc=0x0000000002778db8 method=com.android.dx.util.FixedSizeList.equals(Ljava/lang/Object;)Z @ 25
Event: 9.195 Thread 0x0000000016591800 Uncommon trap: reason=unstable_if action=reinterpret pc=0x0000000002b1c948 method=java.util.TreeMap.put(Ljava/lang/Object;Ljava/lang/Object;)Ljava/lang/Object; @ 163
Event: 10.146 Thread 0x0000000016591800 Uncommon trap: reason=unstable_if action=reinterpret pc=0x0000000002b4968c method=com.android.dx.dex.code.OutputFinisher.findOpcodeForInsn(Lcom/android/dx/dex/code/DalvInsn;Lcom/android/dx/dex/code/Dop;)Lcom/android/dx/dex/code/Dop; @ 1
Event: 10.694 Thread 0x0000000016591800 Uncommon trap: reason=unstable_if action=reinterpret pc=0x000000000287943c method=java.lang.Long.numberOfTrailingZeros(J)I @ 3
Event: 10.716 Thread 0x0000000016591800 Uncommon trap: reason=unstable_if action=reinterpret pc=0x0000000002bc7104 method=com.android.dx.util.ByteArrayAnnotatedOutput.writeByte(I)V @ 13

Internal exceptions (4 events):
Event: 0.106 Thread 0x0000000002300800 Exception <a 'java/lang/NoSuchMethodError': Method sun.misc.Unsafe.defineClass(Ljava/lang/String;[BII)Ljava/lang/Class; name or signature does not match> (0x00000000eab07cc0) thrown at [C:\src\android\AOSP-openjdk\external\jetbrains\jdk\hotspot\src\share\vF””±9Kª?
Event: 0.107 Thread 0x0000000002300800 Exception <a 'java/lang/NoSuchMethodError': Method sun.misc.Unsafe.prefetchRead(Ljava/lang/Object;J)V name or signature does not match> (0x00000000eab07fa8) thrown at [C:\src\android\AOSP-openjdk\external\jetbrains\jdk\hotspot\src\share\vm\prims\jni.cpp, lœë!Q¥≈@
Event: 3.972 Thread 0x0000000016597800 Implicit null exception at 0x000000000280983e to 0x000000000280b075
Event: 3.972 Thread 0x0000000016597800 Implicit null exception at 0x000000000280f12d to 0x0000000002810685

Events (10 events):
Event: 10.694 Thread 0x0000000016591800 DEOPT UNPACKING pc=0x000000000244556a sp=0x0000000016bfec90 mode 2
Event: 10.708 loading class com/android/dx/dex/file/MapItem
Event: 10.708 loading class com/android/dx/dex/file/MapItem done
Event: 10.709 loading class com/android/dx/dex/file/UniformListItem
Event: 10.709 loading class com/android/dx/dex/file/UniformListItem done
Event: 10.715 loading class com/android/dex/DexFormat
Event: 10.715 loading class com/android/dex/DexFormat done
Event: 10.716 Thread 0x0000000016591800 Uncommon trap: trap_request=0xffffff65 fr.pc=0x0000000002bc7104
Event: 10.716 Thread 0x0000000016591800 DEOPT PACKING pc=0x0000000002bc7104 sp=0x0000000016bfee70
Event: 10.716 Thread 0x0000000016591800 DEOPT UNPACKING pc=0x000000000244556a sp=0x0000000016bfee28 mode 2


Dynamic libraries:
0x00007ff7bbf40000 - 0x00007ff7bbf71000 	C:\Program Files\Android\Android Studio\jre\bin\java.exe
0x00007ff80bf10000 - 0x00007ff80c0bd000 	C:\windows\SYSTEM32\ntdll.dll
0x00007ff809590000 - 0x00007ff8096ce000 	C:\windows\system32\KERNEL32.DLL
0x00007ff809100000 - 0x00007ff809215000 	C:\windows\system32\KERNELBASE.dll
0x00007ff8098e0000 - 0x00007ff80998a000 	C:\windows\system32\ADVAPI32.dll
0x00007ff80b290000 - 0x00007ff80b407000 	C:\windows\system32\USER32.dll
0x00007ff806020000 - 0x00007ff80629b000 	C:\windows\WinSxS\amd64_microsoft.windows.common-controls_6595b64144ccf1df_6.0.9600.18006_none_623f33d3ecbe86e8\COMCTL32.dll
0x00007ff80b420000 - 0x00007ff80b4ca000 	C:\windows\system32\msvcrt.dll
0x00007ff80b6b0000 - 0x00007ff80b709000 	C:\windows\SYSTEM32\sechost.dll
0x00007ff8097a0000 - 0x00007ff8098e0000 	C:\windows\system32\RPCRT4.dll
0x00007ff80b860000 - 0x00007ff80b9af000 	C:\windows\system32\GDI32.dll
0x00007ff809560000 - 0x00007ff80958e000 	C:\windows\system32\SspiCli.dll
0x00007ff80b250000 - 0x00007ff80b286000 	C:\windows\system32\IMM32.DLL
0x00007ff80bdb0000 - 0x00007ff80bf02000 	C:\windows\system32\MSCTF.dll
0x0000000052f60000 - 0x0000000053032000 	C:\Program Files\Android\Android Studio\jre\jre\bin\msvcr100.dll
0x0000000053120000 - 0x0000000053954000 	C:\Program Files\Android\Android Studio\jre\jre\bin\server\jvm.dll
0x00007ff800dc0000 - 0x00007ff800dc9000 	C:\windows\SYSTEM32\WSOCK32.dll
0x00007ff804300000 - 0x00007ff804322000 	C:\windows\SYSTEM32\WINMM.dll
0x00007ff801630000 - 0x00007ff80163a000 	C:\windows\SYSTEM32\VERSION.dll
0x00007ff80b4e0000 - 0x00007ff80b4e7000 	C:\windows\system32\PSAPI.DLL
0x00007ff80ba10000 - 0x00007ff80ba6a000 	C:\windows\system32\WS2_32.dll
0x00007ff8042d0000 - 0x00007ff8042fa000 	C:\windows\SYSTEM32\WINMMBASE.dll
0x00007ff80b4d0000 - 0x00007ff80b4d9000 	C:\windows\system32\NSI.dll
0x00007ff809220000 - 0x00007ff80926f000 	C:\windows\SYSTEM32\cfgmgr32.dll
0x00007ff807e50000 - 0x00007ff807e78000 	C:\windows\SYSTEM32\DEVOBJ.dll
0x00007ff804e20000 - 0x00007ff804e2f000 	C:\Program Files\Android\Android Studio\jre\jre\bin\verify.dll
0x00007ff8049e0000 - 0x00007ff804a09000 	C:\Program Files\Android\Android Studio\jre\jre\bin\java.dll
0x00007ff8049c0000 - 0x00007ff8049d6000 	C:\Program Files\Android\Android Studio\jre\jre\bin\zip.dll
0x00007ff809b30000 - 0x00007ff80b058000 	C:\windows\system32\SHELL32.dll
0x00007ff80bb90000 - 0x00007ff80bda1000 	C:\windows\SYSTEM32\combase.dll
0x00007ff80b9b0000 - 0x00007ff80ba04000 	C:\windows\system32\SHLWAPI.dll
0x00007ff8073b0000 - 0x00007ff807462000 	C:\windows\SYSTEM32\SHCORE.dll
0x00007ff809030000 - 0x00007ff809045000 	C:\windows\SYSTEM32\profapi.dll

VM Arguments:
jvm_args: -Djava.awt.headless=true -Xmx1024M -Dfile.encoding=windows-1252 -Duser.country=US -Duser.language=en -Duser.variant 
java_command: com.android.dx.command.Main --dex --verbose --force-jumbo --num-threads=4 --multi-dex --output C:\Users\bruh\Desktop\COMP150-MOB\QueueR\app\build\intermediates\transforms\dex\debug\folders\1000\10\com.journeyapps-zxing-android-embedded-3.2.0_03c606fbd667ef64cb1249819ea12f4b723bd478 C:\Users\bruh\Desktop\COMP150-MOB\QueueR\app\build\intermediates\exploded-aar\com.journeyapps\zxing-android-embedded\3.2.0\jars\classes.jar
java_class_path (initial): C:\Users\bruh\AppData\Local\Android\sdk\build-tools\24.0.1\lib\dx.jar
Launcher Type: SUN_STANDARD

Environment Variables:
PATH=C:\Program Files\Java\jdk1.8.0_101\bin\;C:\ProgramData\Oracle\Java\javapath;C:\windows\system32;C:\windows;C:\windows\System32\Wbem;C:\windows\System32\WindowsPowerShell\v1.0\;C:\Program Files\nodejs\;C:\Program Files (x86)\Heroku\bin;C:\Program Files (x86)\git\cmd;C:\Users\bruh\AppData\Roaming\npm;C:\Program Files (x86)\Skype\Phone\;C:\Program Files (x86)\GtkSharp\2.12\bin;C:\Program Files\Java\jdk1.8.0_101\bin\
USERNAME=bruh
OS=Windows_NT
PROCESSOR_IDENTIFIER=Intel64 Family 6 Model 69 Stepping 1, GenuineIntel



---------------  S Y S T E M  ---------------

OS: Windows 8.1 , 64 bit Build 9600 (6.3.9600.17415)

CPU:total 4 (2 cores per cpu, 2 threads per core) family 6 model 69 stepping 1, cmov, cx8, fxsr, mmx, sse, sse2, sse3, ssse3, sse4.1, sse4.2, popcnt, avx, avx2, aes, clmul, erms, lzcnt, ht, tsc, tscinvbit, bmi1, bmi2

Memory: 4k page, physical 4097056k(378756k free), swap 7242784k(5140k free)

vm_info: OpenJDK 64-Bit Server VM (25.76-b03) for windows-amd64 JRE (1.8.0_76-release-b03), built on Jun 29 2016 19:09:20 by "ralucas" with MS VC++ 10.0 (VS2010)

time: Thu Dec 15 02:58:39 2016
elapsed time: 10 seconds (0d 0h 0m 10s)

