#
# There is insufficient memory for the Java Runtime Environment to continue.
# Native memory allocation (malloc) failed to allocate 973936 bytes for Chunk::new
# Possible reasons:
#   The system is out of physical RAM or swap space
#   In 32 bit mode, the process size limit was hit
# Possible solutions:
#   Reduce memory load on the system
#   Increase physical memory or swap space
#   Check if swap backing store is full
#   Use 64 bit Java on a 64 bit OS
#   Decrease Java heap size (-Xmx/-Xms)
#   Decrease number of Java threads
#   Decrease Java thread stack sizes (-Xss)
#   Set larger code cache with -XX:ReservedCodeCacheSize=
# This output file may be truncated or incomplete.
#
#  Out of Memory Error (allocation.cpp:390), pid=4084, tid=0x0000000000001120
#
# JRE version: OpenJDK Runtime Environment (8.0_76-b03) (build 1.8.0_76-release-b03)
# Java VM: OpenJDK 64-Bit Server VM (25.76-b03 mixed mode windows-amd64 compressed oops)
# Failed to write core dump. Minidumps are not enabled by default on client versions of Windows
#

---------------  T H R E A D  ---------------

Current thread (0x00000000146e2000):  JavaThread "C2 CompilerThread1" daemon [_thread_in_native, id=4384, stack(0x0000000015e30000,0x0000000015f30000)]

Stack: [0x0000000015e30000,0x0000000015f30000]
[error occurred during error reporting (printing stack bounds), id 0xc0000005]

Native frames: (J=compiled Java code, j=interpreted, Vv=VM code, C=native code)


Current CompileTask:
C2:   9925 1733       4       com.android.dx.dex.code.OutputFinisher::addConstants (93 bytes)


---------------  P R O C E S S  ---------------

Java Threads: ( => current thread )
  0x000000001628a800 JavaThread "pool-1-thread-1" [_thread_in_vm, id=5824, stack(0x0000000016630000,0x0000000016730000)]
  0x0000000016031800 JavaThread "Service Thread" daemon [_thread_blocked, id=3248, stack(0x0000000016430000,0x0000000016530000)]
  0x0000000014738800 JavaThread "C1 CompilerThread2" daemon [_thread_blocked, id=3048, stack(0x0000000015f30000,0x0000000016030000)]
=>0x00000000146e2000 JavaThread "C2 CompilerThread1" daemon [_thread_in_native, id=4384, stack(0x0000000015e30000,0x0000000015f30000)]
  0x00000000146e7800 JavaThread "C2 CompilerThread0" daemon [_thread_blocked, id=5368, stack(0x0000000015d30000,0x0000000015e30000)]
  0x00000000146e6000 JavaThread "Attach Listener" daemon [_thread_blocked, id=3212, stack(0x0000000015c30000,0x0000000015d30000)]
  0x00000000146e5000 JavaThread "Signal Dispatcher" daemon [_thread_blocked, id=5296, stack(0x0000000015b30000,0x0000000015c30000)]
  0x00000000146c8800 JavaThread "Finalizer" daemon [_thread_blocked, id=4916, stack(0x0000000015950000,0x0000000015a50000)]
  0x0000000001e90000 JavaThread "Reference Handler" daemon [_thread_blocked, id=6460, stack(0x0000000015850000,0x0000000015950000)]
  0x0000000001da0800 JavaThread "main" [_thread_blocked, id=6640, stack(0x0000000000530000,0x0000000000630000)]

Other Threads:
  0x00000000146a5800 VMThread [stack: 0x0000000015750000,0x0000000015850000] [id=5200]
  0x0000000016033800 WatcherThread [stack: 0x0000000016530000,0x0000000016630000] [id=7044]

VM state:not at safepoint (normal execution)

VM Mutex/Monitor currently owned by a thread: None

Heap:
 PSYoungGen      total 35328K, used 19978K [0x00000000eab00000, 0x00000000ef000000, 0x0000000100000000)
  eden space 32768K, 53% used [0x00000000eab00000,0x00000000ebc09558,0x00000000ecb00000)
  from space 2560K, 98% used [0x00000000ecb00000,0x00000000ecd79498,0x00000000ecd80000)
  to   space 2560K, 0% used [0x00000000eed80000,0x00000000eed80000,0x00000000ef000000)
 ParOldGen       total 44032K, used 9077K [0x00000000c0000000, 0x00000000c2b00000, 0x00000000eab00000)
  object space 44032K, 20% used [0x00000000c0000000,0x00000000c08dd5d0,0x00000000c2b00000)
 Metaspace       used 6371K, capacity 7280K, committed 7552K, reserved 1058816K
  class space    used 593K, capacity 616K, committed 640K, reserved 1048576K

Card table byte_map: [0x0000000011530000,0x0000000011740000] byte_map_base: 0x0000000010f30000

Marking Bits: (ParMarkBitMap*) 0x00000000538d9d00
 Begin Bits: [0x0000000011b40000, 0x0000000012b40000)
 End Bits:   [0x0000000012b40000, 0x0000000013b40000)

Polling page: 0x00000000003e0000

CodeCache: size=245760Kb used=7294Kb max_used=7306Kb free=238465Kb
 bounds [0x0000000002170000, 0x00000000028a0000, 0x0000000011170000]
 total_blobs=2072 nmethods=1804 adapters=182
 compilation: enabled

Compilation events (10 events):
Event: 9.893 Thread 0x00000000146e7800 1823       4       com.android.dx.dex.code.DalvInsnList::get (9 bytes)
Event: 9.893 Thread 0x0000000014738800 1826       3       com.android.dx.dex.code.StdCatchBuilder::handlersFor (216 bytes)
Event: 9.894 Thread 0x00000000146e7800 nmethod 1823 0x000000000288d010 code [0x000000000288d160, 0x000000000288d258]
Event: 9.894 Thread 0x00000000146e7800 1825       4       com.android.dx.dex.code.BlockAddresses::getEnd (10 bytes)
Event: 9.896 Thread 0x00000000146e7800 nmethod 1825 0x0000000002883f50 code [0x0000000002884080, 0x0000000002884118]
Event: 9.896 Thread 0x00000000146e7800 1824       4       java.util.ArrayList::set (20 bytes)
Event: 9.897 Thread 0x0000000014738800 nmethod 1826 0x00000000028956d0 code [0x0000000002895a40, 0x0000000002897bd8]
Event: 9.898 Thread 0x0000000014738800 1827       1       com.android.dx.dex.code.form.Form35c::codeSize (2 bytes)
Event: 9.898 Thread 0x0000000014738800 nmethod 1827 0x000000000288cd50 code [0x000000000288cea0, 0x000000000288cfb0]
Event: 9.898 Thread 0x00000000146e7800 nmethod 1824 0x0000000002899150 code [0x00000000028992a0, 0x00000000028993b8]

GC Heap History (6 events):
Event: 5.305 GC heap before
{Heap before GC invocations=1 (full 0):
 PSYoungGen      total 18944K, used 16384K [0x00000000eab00000, 0x00000000ec000000, 0x0000000100000000)
  eden space 16384K, 100% used [0x00000000eab00000,0x00000000ebb00000,0x00000000ebb00000)
  from space 2560K, 0% used [0x00000000ebd80000,0x00000000ebd80000,0x00000000ec000000)
  to   space 2560K, 0% used [0x00000000ebb00000,0x00000000ebb00000,0x00000000ebd80000)
 ParOldGen       total 44032K, used 0K [0x00000000c0000000, 0x00000000c2b00000, 0x00000000eab00000)
  object space 44032K, 0% used [0x00000000c0000000,0x00000000c0000000,0x00000000c2b00000)
 Metaspace       used 5756K, capacity 6768K, committed 7040K, reserved 1056768K
  class space    used 573K, capacity 616K, committed 640K, reserved 1048576K
Event: 5.423 GC heap after
Heap after GC invocations=1 (full 0):
 PSYoungGen      total 18944K, used 2548K [0x00000000eab00000, 0x00000000ed000000, 0x0000000100000000)
  eden space 16384K, 0% used [0x00000000eab00000,0x00000000eab00000,0x00000000ebb00000)
  from space 2560K, 99% used [0x00000000ebb00000,0x00000000ebd7d168,0x00000000ebd80000)
  to   space 2560K, 0% used [0x00000000ecd80000,0x00000000ecd80000,0x00000000ed000000)
 ParOldGen       total 44032K, used 1709K [0x00000000c0000000, 0x00000000c2b00000, 0x00000000eab00000)
  object space 44032K, 3% used [0x00000000c0000000,0x00000000c01ab7d0,0x00000000c2b00000)
 Metaspace       used 5756K, capacity 6768K, committed 7040K, reserved 1056768K
  class space    used 573K, capacity 616K, committed 640K, reserved 1048576K
}
Event: 6.213 GC heap before
{Heap before GC invocations=2 (full 0):
 PSYoungGen      total 18944K, used 18932K [0x00000000eab00000, 0x00000000ed000000, 0x0000000100000000)
  eden space 16384K, 100% used [0x00000000eab00000,0x00000000ebb00000,0x00000000ebb00000)
  from space 2560K, 99% used [0x00000000ebb00000,0x00000000ebd7d168,0x00000000ebd80000)
  to   space 2560K, 0% used [0x00000000ecd80000,0x00000000ecd80000,0x00000000ed000000)
 ParOldGen       total 44032K, used 1709K [0x00000000c0000000, 0x00000000c2b00000, 0x00000000eab00000)
  object space 44032K, 3% used [0x00000000c0000000,0x00000000c01ab7d0,0x00000000c2b00000)
 Metaspace       used 5986K, capacity 6960K, committed 7040K, reserved 1056768K
  class space    used 575K, capacity 616K, committed 640K, reserved 1048576K
Event: 6.232 GC heap after
Heap after GC invocations=2 (full 0):
 PSYoungGen      total 35328K, used 2558K [0x00000000eab00000, 0x00000000ed000000, 0x0000000100000000)
  eden space 32768K, 0% used [0x00000000eab00000,0x00000000eab00000,0x00000000ecb00000)
  from space 2560K, 99% used [0x00000000ecd80000,0x00000000ecfff9e8,0x00000000ed000000)
  to   space 2560K, 0% used [0x00000000ecb00000,0x00000000ecb00000,0x00000000ecd80000)
 ParOldGen       total 44032K, used 4289K [0x00000000c0000000, 0x00000000c2b00000, 0x00000000eab00000)
  object space 44032K, 9% used [0x00000000c0000000,0x00000000c04306f8,0x00000000c2b00000)
 Metaspace       used 5986K, capacity 6960K, committed 7040K, reserved 1056768K
  class space    used 575K, capacity 616K, committed 640K, reserved 1048576K
}
Event: 7.386 GC heap before
{Heap before GC invocations=3 (full 0):
 PSYoungGen      total 35328K, used 35326K [0x00000000eab00000, 0x00000000ed000000, 0x0000000100000000)
  eden space 32768K, 100% used [0x00000000eab00000,0x00000000ecb00000,0x00000000ecb00000)
  from space 2560K, 99% used [0x00000000ecd80000,0x00000000ecfff9e8,0x00000000ed000000)
  to   space 2560K, 0% used [0x00000000ecb00000,0x00000000ecb00000,0x00000000ecd80000)
 ParOldGen       total 44032K, used 4289K [0x00000000c0000000, 0x00000000c2b00000, 0x00000000eab00000)
  object space 44032K, 9% used [0x00000000c0000000,0x00000000c04306f8,0x00000000c2b00000)
 Metaspace       used 6129K, capacity 7088K, committed 7296K, reserved 1056768K
  class space    used 576K, capacity 616K, committed 640K, reserved 1048576K
Event: 7.549 GC heap after
Heap after GC invocations=3 (full 0):
 PSYoungGen      total 35328K, used 2533K [0x00000000eab00000, 0x00000000ef000000, 0x0000000100000000)
  eden space 32768K, 0% used [0x00000000eab00000,0x00000000eab00000,0x00000000ecb00000)
  from space 2560K, 98% used [0x00000000ecb00000,0x00000000ecd79498,0x00000000ecd80000)
  to   space 2560K, 0% used [0x00000000eed80000,0x00000000eed80000,0x00000000ef000000)
 ParOldGen       total 44032K, used 9077K [0x00000000c0000000, 0x00000000c2b00000, 0x00000000eab00000)
  object space 44032K, 20% used [0x00000000c0000000,0x00000000c08dd5d0,0x00000000c2b00000)
 Metaspace       used 6129K, capacity 7088K, committed 7296K, reserved 1056768K
  class space    used 576K, capacity 616K, committed 640K, reserved 1048576K
}

Deoptimization events (10 events):
Event: 9.164 Thread 0x000000001628a800 Uncommon trap: reason=class_check action=maybe_recompile pc=0x00000000026947d4 method=java.util.HashMap.putVal(ILjava/lang/Object;Ljava/lang/Object;ZZ)Ljava/lang/Object; @ 203
Event: 9.823 Thread 0x000000001628a800 Uncommon trap: reason=speculate_class_check action=maybe_recompile pc=0x0000000002560930 method=com.android.dx.util.FixedSizeList.equals(Ljava/lang/Object;)Z @ 25
Event: 9.823 Thread 0x000000001628a800 Uncommon trap: reason=class_check action=maybe_recompile pc=0x00000000025869f4 method=java.util.Arrays.equals([Ljava/lang/Object;[Ljava/lang/Object;)Z @ 62
Event: 9.823 Thread 0x000000001628a800 Uncommon trap: reason=speculate_class_check action=maybe_recompile pc=0x0000000002560930 method=com.android.dx.util.FixedSizeList.equals(Ljava/lang/Object;)Z @ 25
Event: 9.823 Thread 0x000000001628a800 Uncommon trap: reason=class_check action=maybe_recompile pc=0x00000000025869f4 method=java.util.Arrays.equals([Ljava/lang/Object;[Ljava/lang/Object;)Z @ 62
Event: 9.823 Thread 0x000000001628a800 Uncommon trap: reason=speculate_class_check action=maybe_recompile pc=0x0000000002560930 method=com.android.dx.util.FixedSizeList.equals(Ljava/lang/Object;)Z @ 25
Event: 9.823 Thread 0x000000001628a800 Uncommon trap: reason=class_check action=maybe_recompile pc=0x00000000025869f4 method=java.util.Arrays.equals([Ljava/lang/Object;[Ljava/lang/Object;)Z @ 62
Event: 9.823 Thread 0x000000001628a800 Uncommon trap: reason=speculate_class_check action=maybe_recompile pc=0x0000000002560930 method=com.android.dx.util.FixedSizeList.equals(Ljava/lang/Object;)Z @ 25
Event: 9.823 Thread 0x000000001628a800 Uncommon trap: reason=unstable_if action=reinterpret pc=0x00000000025869cc method=java.util.Arrays.equals([Ljava/lang/Object;[Ljava/lang/Object;)Z @ 23
Event: 9.897 Thread 0x000000001628a800 Uncommon trap: reason=unstable_if action=reinterpret pc=0x00000000028570a8 method=java.util.TreeMap.put(Ljava/lang/Object;Ljava/lang/Object;)Ljava/lang/Object; @ 163

Internal exceptions (5 events):
Event: 0.877 Thread 0x0000000001da0800 Exception <a 'java/lang/NoSuchMethodError': Method sun.misc.Unsafe.defineClass(Ljava/lang/String;[BII)Ljava/lang/Class; name or signature does not match> (0x00000000eab07cc0) thrown at [C:\src\android\AOSP-openjdk\external\jetbrains\jdk\hotspot\src\share\v¬ºL6¬ì?
Event: 0.877 Thread 0x0000000001da0800 Exception <a 'java/lang/NoSuchMethodError': Method sun.misc.Unsafe.prefetchRead(Ljava/lang/Object;J)V name or signature does not match> (0x00000000eab07fa8) thrown at [C:\src\android\AOSP-openjdk\external\jetbrains\jdk\hotspot\src\share\vm\prims\jni.cpp, lfXÌGTå@
Event: 5.724 Thread 0x0000000016288800 Implicit null exception at 0x00000000025101a2 to 0x000000000251029a
Event: 6.475 Thread 0x000000001627a000 Implicit null exception at 0x00000000025fc3c6 to 0x00000000025fdc41
Event: 6.476 Thread 0x000000001627a000 Implicit null exception at 0x00000000025f3f2d to 0x00000000025f54b5

Events (10 events):
Event: 9.823 Thread 0x000000001628a800 DEOPT UNPACKING pc=0x00000000021b556a sp=0x000000001672ea60 mode 2
Event: 9.823 loading class com/android/dx/dex/code/CatchTable$Entry
Event: 9.823 loading class com/android/dx/dex/code/CatchTable$Entry done
Event: 9.824 loading class com/android/dx/util/ByteArrayAnnotatedOutput
Event: 9.824 loading class com/android/dx/util/ByteArrayAnnotatedOutput done
Event: 9.894 Executing VM operation: CollectForMetadataAllocation
Event: 9.894 Executing VM operation: CollectForMetadataAllocation done
Event: 9.897 Thread 0x000000001628a800 Uncommon trap: trap_request=0xffffff65 fr.pc=0x00000000028570a8
Event: 9.897 Thread 0x000000001628a800 DEOPT PACKING pc=0x00000000028570a8 sp=0x000000001672ed50
Event: 9.897 Thread 0x000000001628a800 DEOPT UNPACKING pc=0x00000000021b556a sp=0x000000001672ecf0 mode 2


Dynamic libraries:
0x00007ff7bbf40000 - 0x00007ff7bbf71000 	C:\Program Files\Android\Android Studio\jre\bin\java.exe
0x00007ff80bf10000 - 0x00007ff80c0bd000 	C:\windows\SYSTEM32\ntdll.dll
0x00007ff809590000 - 0x00007ff8096ce000 	C:\windows\system32\KERNEL32.DLL
0x00007ff809100000 - 0x00007ff809215000 	C:\windows\system32\KERNELBASE.dll
0x00007ff8098e0000 - 0x00007ff80998a000 	C:\windows\system32\ADVAPI32.dll
0x00007ff80b290000 - 0x00007ff80b407000 	C:\windows\system32\USER32.dll
0x00007ff806020000 - 0x00007ff80629b000 	C:\windows\WinSxS\amd64_microsoft.windows.common-controls_6595b64144ccf1df_6.0.9600.18006_none_623f33d3ecbe86e8\COMCTL32.dll
0x00007ff80b420000 - 0x00007ff80b4ca000 	C:\windows\system32\msvcrt.dll
0x00007ff80b6b0000 - 0x00007ff80b709000 	C:\windows\SYSTEM32\sechost.dll
0x00007ff8097a0000 - 0x00007ff8098e0000 	C:\windows\system32\RPCRT4.dll
0x00007ff80b860000 - 0x00007ff80b9af000 	C:\windows\system32\GDI32.dll
0x00007ff809560000 - 0x00007ff80958e000 	C:\windows\system32\SspiCli.dll
0x00007ff80b250000 - 0x00007ff80b286000 	C:\windows\system32\IMM32.DLL
0x00007ff80bdb0000 - 0x00007ff80bf02000 	C:\windows\system32\MSCTF.dll
0x0000000052f60000 - 0x0000000053032000 	C:\Program Files\Android\Android Studio\jre\jre\bin\msvcr100.dll
0x0000000053120000 - 0x0000000053954000 	C:\Program Files\Android\Android Studio\jre\jre\bin\server\jvm.dll
0x00007ff800dc0000 - 0x00007ff800dc9000 	C:\windows\SYSTEM32\WSOCK32.dll
0x00007ff804300000 - 0x00007ff804322000 	C:\windows\SYSTEM32\WINMM.dll
0x00007ff801630000 - 0x00007ff80163a000 	C:\windows\SYSTEM32\VERSION.dll
0x00007ff80b4e0000 - 0x00007ff80b4e7000 	C:\windows\system32\PSAPI.DLL
0x00007ff80ba10000 - 0x00007ff80ba6a000 	C:\windows\system32\WS2_32.dll
0x00007ff8042d0000 - 0x00007ff8042fa000 	C:\windows\SYSTEM32\WINMMBASE.dll
0x00007ff80b4d0000 - 0x00007ff80b4d9000 	C:\windows\system32\NSI.dll
0x00007ff809220000 - 0x00007ff80926f000 	C:\windows\SYSTEM32\cfgmgr32.dll
0x00007ff807e50000 - 0x00007ff807e78000 	C:\windows\SYSTEM32\DEVOBJ.dll
0x00007ff804e20000 - 0x00007ff804e2f000 	C:\Program Files\Android\Android Studio\jre\jre\bin\verify.dll
0x00007ff8049c0000 - 0x00007ff8049e9000 	C:\Program Files\Android\Android Studio\jre\jre\bin\java.dll
0x00007ff803cd0000 - 0x00007ff803ce6000 	C:\Program Files\Android\Android Studio\jre\jre\bin\zip.dll
0x00007ff809b30000 - 0x00007ff80b058000 	C:\windows\system32\SHELL32.dll
0x00007ff80bb90000 - 0x00007ff80bda1000 	C:\windows\SYSTEM32\combase.dll
0x00007ff80b9b0000 - 0x00007ff80ba04000 	C:\windows\system32\SHLWAPI.dll
0x00007ff8073b0000 - 0x00007ff807462000 	C:\windows\SYSTEM32\SHCORE.dll
0x00007ff809030000 - 0x00007ff809045000 	C:\windows\SYSTEM32\profapi.dll

VM Arguments:
jvm_args: -Djava.awt.headless=true -Xmx1024M -Dfile.encoding=windows-1252 -Duser.country=US -Duser.language=en -Duser.variant 
java_command: com.android.dx.command.Main --dex --verbose --force-jumbo --num-threads=4 --multi-dex --output C:\Users\bruh\Desktop\COMP150-MOB\QueueR\app\build\intermediates\transforms\dex\debug\folders\1000\10\com.crashlytics.sdk.android-crashlytics-core-2.3.14_7992c863ea9e61550b0c76cc315750921568091f C:\Users\bruh\Desktop\COMP150-MOB\QueueR\app\build\intermediates\exploded-aar\com.crashlytics.sdk.android\crashlytics-core\2.3.14\jars\classes.jar
java_class_path (initial): C:\Users\bruh\AppData\Local\Android\sdk\build-tools\24.0.1\lib\dx.jar
Launcher Type: SUN_STANDARD

Environment Variables:
PATH=C:\Program Files\Java\jdk1.8.0_101\bin\;C:\ProgramData\Oracle\Java\javapath;C:\windows\system32;C:\windows;C:\windows\System32\Wbem;C:\windows\System32\WindowsPowerShell\v1.0\;C:\Program Files\nodejs\;C:\Program Files (x86)\Heroku\bin;C:\Program Files (x86)\git\cmd;C:\Users\bruh\AppData\Roaming\npm;C:\Program Files (x86)\Skype\Phone\;C:\Program Files (x86)\GtkSharp\2.12\bin;C:\Program Files\Java\jdk1.8.0_101\bin\
USERNAME=bruh
OS=Windows_NT
PROCESSOR_IDENTIFIER=Intel64 Family 6 Model 69 Stepping 1, GenuineIntel



---------------  S Y S T E M  ---------------

OS: Windows 8.1 , 64 bit Build 9600 (6.3.9600.17415)

CPU:total 4 (2 cores per cpu, 2 threads per core) family 6 model 69 stepping 1, cmov, cx8, fxsr, mmx, sse, sse2, sse3, ssse3, sse4.1, sse4.2, popcnt, avx, avx2, aes, clmul, erms, lzcnt, ht, tsc, tscinvbit, bmi1, bmi2

Memory: 4k page, physical 4097056k(223508k free), swap 7242784k(5356k free)

vm_info: OpenJDK 64-Bit Server VM (25.76-b03) for windows-amd64 JRE (1.8.0_76-release-b03), built on Jun 29 2016 19:09:20 by "ralucas" with MS VC++ 10.0 (VS2010)

time: Wed Dec 14 23:41:28 2016
elapsed time: 9 seconds (0d 0h 0m 9s)

