#
# There is insufficient memory for the Java Runtime Environment to continue.
# Native memory allocation (malloc) failed to allocate 251696 bytes for Chunk::new
# Possible reasons:
#   The system is out of physical RAM or swap space
#   In 32 bit mode, the process size limit was hit
# Possible solutions:
#   Reduce memory load on the system
#   Increase physical memory or swap space
#   Check if swap backing store is full
#   Use 64 bit Java on a 64 bit OS
#   Decrease Java heap size (-Xmx/-Xms)
#   Decrease number of Java threads
#   Decrease Java thread stack sizes (-Xss)
#   Set larger code cache with -XX:ReservedCodeCacheSize=
# This output file may be truncated or incomplete.
#
#  Out of Memory Error (allocation.cpp:390), pid=2012, tid=0x0000000000001ac4
#
# JRE version: OpenJDK Runtime Environment (8.0_76-b03) (build 1.8.0_76-release-b03)
# Java VM: OpenJDK 64-Bit Server VM (25.76-b03 mixed mode windows-amd64 compressed oops)
# Failed to write core dump. Minidumps are not enabled by default on client versions of Windows
#

---------------  T H R E A D  ---------------

Current thread (0x0000000014be4800):  JavaThread "C2 CompilerThread1" daemon [_thread_in_native, id=6852, stack(0x00000000162c0000,0x00000000163c0000)]

Stack: [0x00000000162c0000,0x00000000163c0000]
[error occurred during error reporting (printing stack bounds), id 0xc0000005]

Native frames: (J=compiled Java code, j=interpreted, Vv=VM code, C=native code)


Current CompileTask:
C2:   2991  897   !   4       com.android.dx.ssa.BasicRegisterMapper::map (44 bytes)


---------------  P R O C E S S  ---------------

Java Threads: ( => current thread )
  0x0000000016714000 JavaThread "pool-2-thread-4" [_thread_blocked, id=6844, stack(0x0000000016ec0000,0x0000000016fc0000)]
  0x000000001670e800 JavaThread "pool-2-thread-3" [_thread_blocked, id=7040, stack(0x0000000016dc0000,0x0000000016ec0000)]
  0x000000001670e000 JavaThread "pool-2-thread-2" [_thread_in_Java, id=944, stack(0x0000000016cc0000,0x0000000016dc0000)]
  0x000000001670b000 JavaThread "pool-3-thread-1" [_thread_blocked, id=6596, stack(0x0000000016bc0000,0x0000000016cc0000)]
  0x000000001670a000 JavaThread "pool-2-thread-1" [_thread_in_Java, id=148, stack(0x0000000016ac0000,0x0000000016bc0000)]
  0x00000000164cb000 JavaThread "Service Thread" daemon [_thread_blocked, id=6380, stack(0x00000000168c0000,0x00000000169c0000)]
  0x0000000014bea800 JavaThread "C1 CompilerThread2" daemon [_thread_blocked, id=3280, stack(0x00000000163c0000,0x00000000164c0000)]
=>0x0000000014be4800 JavaThread "C2 CompilerThread1" daemon [_thread_in_native, id=6852, stack(0x00000000162c0000,0x00000000163c0000)]
  0x0000000014b96800 JavaThread "C2 CompilerThread0" daemon [_thread_in_native, id=1020, stack(0x00000000161c0000,0x00000000162c0000)]
  0x0000000014b95000 JavaThread "Attach Listener" daemon [_thread_blocked, id=6164, stack(0x00000000160c0000,0x00000000161c0000)]
  0x0000000014b94000 JavaThread "Signal Dispatcher" daemon [_thread_blocked, id=820, stack(0x0000000015fc0000,0x00000000160c0000)]
  0x00000000024bb000 JavaThread "Finalizer" daemon [_thread_blocked, id=6348, stack(0x0000000015de0000,0x0000000015ee0000)]
  0x00000000024b0000 JavaThread "Reference Handler" daemon [_thread_blocked, id=2272, stack(0x0000000015ce0000,0x0000000015de0000)]
  0x00000000023c0800 JavaThread "main" [_thread_blocked, id=4748, stack(0x0000000002210000,0x0000000002310000)]

Other Threads:
  0x0000000014b56800 VMThread [stack: 0x0000000015be0000,0x0000000015ce0000] [id=5812]
  0x00000000164c0800 WatcherThread [stack: 0x00000000169c0000,0x0000000016ac0000] [id=6616]

VM state:not at safepoint (normal execution)

VM Mutex/Monitor currently owned by a thread:  ([mutex/lock_event])
[0x000000000231c900] Heap_lock - owner thread: 0x00000000023c0800

Heap:
 PSYoungGen      total 18944K, used 3259K [0x00000000eab00000, 0x00000000ec000000, 0x0000000100000000)
  eden space 16384K, 4% used [0x00000000eab00000,0x00000000eabb5240,0x00000000ebb00000)
  from space 2560K, 99% used [0x00000000ebb00000,0x00000000ebd79c68,0x00000000ebd80000)
  to   space 2560K, 0% used [0x00000000ebd80000,0x00000000ebd80000,0x00000000ec000000)
 ParOldGen       total 44032K, used 1843K [0x00000000c0000000, 0x00000000c2b00000, 0x00000000eab00000)
  object space 44032K, 4% used [0x00000000c0000000,0x00000000c01ccdb0,0x00000000c2b00000)
 Metaspace       used 5713K, capacity 6768K, committed 7040K, reserved 1056768K
  class space    used 570K, capacity 616K, committed 640K, reserved 1048576K

Card table byte_map: [0x0000000011880000,0x0000000011a90000] byte_map_base: 0x0000000011280000

Marking Bits: (ParMarkBitMap*) 0x00000000538d9d00
 Begin Bits: [0x0000000011ff0000, 0x0000000012ff0000)
 End Bits:   [0x0000000012ff0000, 0x0000000013ff0000)

Polling page: 0x0000000000ad0000

CodeCache: size=245760Kb used=3489Kb max_used=3500Kb free=242270Kb
 bounds [0x00000000024c0000, 0x0000000002830000, 0x00000000114c0000]
 total_blobs=1150 nmethods=883 adapters=181
 compilation: enabled

Compilation events (10 events):
Event: 2.977 Thread 0x0000000014b96800 nmethod 894 0x000000000282a050 code [0x000000000282a1a0, 0x000000000282a258]
Event: 2.977 Thread 0x0000000014b96800  898       4       java.util.Collections$UnmodifiableCollection$1::hasNext (10 bytes)
Event: 2.979 Thread 0x0000000014b96800 nmethod 898 0x0000000002829d10 code [0x0000000002829e60, 0x0000000002829f38]
Event: 2.980 Thread 0x0000000014b96800  899       4       java.lang.String::getChars (62 bytes)
Event: 2.983 Thread 0x0000000014b96800 nmethod 899 0x00000000028298d0 code [0x0000000002829a20, 0x0000000002829b98]
Event: 2.983 Thread 0x0000000014b96800  902       4       com.android.dx.rop.code.RegisterSpec$ForComparison::set (16 bytes)
Event: 2.984 Thread 0x0000000014b96800 nmethod 902 0x0000000002736e90 code [0x0000000002736fc0, 0x0000000002737038]
Event: 2.984 Thread 0x0000000014b96800  903       4       com.android.dx.util.Bits::set (38 bytes)
Event: 2.985 Thread 0x0000000014b96800 nmethod 903 0x0000000002829610 code [0x0000000002829740, 0x00000000028297f8]
Event: 2.985 Thread 0x0000000014b96800  900       4       java.lang.AbstractStringBuilder::append (50 bytes)

GC Heap History (2 events):
Event: 2.951 GC heap before
{Heap before GC invocations=1 (full 0):
 PSYoungGen      total 18944K, used 16384K [0x00000000eab00000, 0x00000000ec000000, 0x0000000100000000)
  eden space 16384K, 100% used [0x00000000eab00000,0x00000000ebb00000,0x00000000ebb00000)
  from space 2560K, 0% used [0x00000000ebd80000,0x00000000ebd80000,0x00000000ec000000)
  to   space 2560K, 0% used [0x00000000ebb00000,0x00000000ebb00000,0x00000000ebd80000)
 ParOldGen       total 44032K, used 0K [0x00000000c0000000, 0x00000000c2b00000, 0x00000000eab00000)
  object space 44032K, 0% used [0x00000000c0000000,0x00000000c0000000,0x00000000c2b00000)
 Metaspace       used 5711K, capacity 6768K, committed 7040K, reserved 1056768K
  class space    used 570K, capacity 616K, committed 640K, reserved 1048576K
Event: 2.968 GC heap after
Heap after GC invocations=1 (full 0):
 PSYoungGen      total 18944K, used 2535K [0x00000000eab00000, 0x00000000ec000000, 0x0000000100000000)
  eden space 16384K, 0% used [0x00000000eab00000,0x00000000eab00000,0x00000000ebb00000)
  from space 2560K, 99% used [0x00000000ebb00000,0x00000000ebd79c68,0x00000000ebd80000)
  to   space 2560K, 0% used [0x00000000ebd80000,0x00000000ebd80000,0x00000000ec000000)
 ParOldGen       total 44032K, used 1843K [0x00000000c0000000, 0x00000000c2b00000, 0x00000000eab00000)
  object space 44032K, 4% used [0x00000000c0000000,0x00000000c01ccdb0,0x00000000c2b00000)
 Metaspace       used 5711K, capacity 6768K, committed 7040K, reserved 1056768K
  class space    used 570K, capacity 616K, committed 640K, reserved 1048576K
}

Deoptimization events (10 events):
Event: 2.741 Thread 0x0000000016714000 Uncommon trap: reason=class_check action=maybe_recompile pc=0x0000000002739694 method=com.android.dx.ssa.NormalSsaInsn.accept(Lcom/android/dx/ssa/SsaInsn$Visitor;)V @ 9
Event: 2.741 Thread 0x0000000016714000 Uncommon trap: reason=class_check action=maybe_recompile pc=0x00000000026e4d70 method=com.android.dx.ssa.NormalSsaInsn.accept(Lcom/android/dx/ssa/SsaInsn$Visitor;)V @ 9
Event: 2.741 Thread 0x0000000016714000 Uncommon trap: reason=class_check action=maybe_recompile pc=0x00000000026e4d70 method=com.android.dx.ssa.NormalSsaInsn.accept(Lcom/android/dx/ssa/SsaInsn$Visitor;)V @ 9
Event: 2.741 Thread 0x0000000016714000 Uncommon trap: reason=class_check action=maybe_recompile pc=0x00000000026e4d70 method=com.android.dx.ssa.NormalSsaInsn.accept(Lcom/android/dx/ssa/SsaInsn$Visitor;)V @ 9
Event: 2.970 Thread 0x000000001670a000 Uncommon trap: reason=class_check action=maybe_recompile pc=0x00000000027c4334 method=com.android.dx.rop.type.Type.equals(Ljava/lang/Object;)Z @ 8
Event: 2.970 Thread 0x000000001670a000 Uncommon trap: reason=unstable_if action=reinterpret pc=0x000000000275c224 method=com.android.dx.rop.code.RegisterSpec.equals(ILcom/android/dx/rop/type/TypeBearer;Lcom/android/dx/rop/code/LocalItem;)Z @ 16
Event: 2.970 Thread 0x000000001670a000 Uncommon trap: reason=class_check action=maybe_recompile pc=0x00000000027c4334 method=com.android.dx.rop.type.Type.equals(Ljava/lang/Object;)Z @ 8
Event: 2.970 Thread 0x000000001670a000 Uncommon trap: reason=unstable_if action=reinterpret pc=0x00000000027c424c method=com.android.dx.rop.code.RegisterSpec.equals(ILcom/android/dx/rop/type/TypeBearer;Lcom/android/dx/rop/code/LocalItem;)Z @ 16
Event: 2.970 Thread 0x000000001670a000 Uncommon trap: reason=unstable_if action=reinterpret pc=0x00000000026e45b0 method=java.util.HashMap.getNode(ILjava/lang/Object;)Ljava/util/HashMap$Node; @ 62
Event: 2.980 Thread 0x000000001670a000 Uncommon trap: reason=unstable_if action=reinterpret pc=0x00000000026cf2a0 method=java.util.HashMap.getNode(ILjava/lang/Object;)Ljava/util/HashMap$Node; @ 129

Internal exceptions (2 events):
Event: 0.067 Thread 0x00000000023c0800 Exception <a 'java/lang/NoSuchMethodError': Method sun.misc.Unsafe.defineClass(Ljava/lang/String;[BII)Ljava/lang/Class; name or signature does not match> (0x00000000eab07cc0) thrown at [C:\src\android\AOSP-openjdk\external\jetbrains\jdk\hotspot\src\share\v9‚ô98±?
Event: 0.067 Thread 0x00000000023c0800 Exception <a 'java/lang/NoSuchMethodError': Method sun.misc.Unsafe.prefetchRead(Ljava/lang/Object;J)V name or signature does not match> (0x00000000eab07fa8) thrown at [C:\src\android\AOSP-openjdk\external\jetbrains\jdk\hotspot\src\share\vm\prims\jni.cpp, l

Events (10 events):
Event: 2.970 Thread 0x000000001670a000 DEOPT UNPACKING pc=0x000000000250556a sp=0x0000000016bbea68 mode 2
Event: 2.970 Thread 0x000000001670a000 Uncommon trap: trap_request=0xffffff65 fr.pc=0x00000000027c424c
Event: 2.970 Thread 0x000000001670a000 DEOPT PACKING pc=0x00000000027c424c sp=0x0000000016bbedc0
Event: 2.970 Thread 0x000000001670a000 DEOPT UNPACKING pc=0x000000000250556a sp=0x0000000016bbeb48 mode 2
Event: 2.970 Thread 0x000000001670a000 Uncommon trap: trap_request=0xffffff65 fr.pc=0x00000000026e45b0
Event: 2.970 Thread 0x000000001670a000 DEOPT PACKING pc=0x00000000026e45b0 sp=0x0000000016bbecd0
Event: 2.971 Thread 0x000000001670a000 DEOPT UNPACKING pc=0x000000000250556a sp=0x0000000016bbec00 mode 2
Event: 2.980 Thread 0x000000001670a000 Uncommon trap: trap_request=0xffffff65 fr.pc=0x00000000026cf2a0
Event: 2.980 Thread 0x000000001670a000 DEOPT PACKING pc=0x00000000026cf2a0 sp=0x0000000016bbe4f0
Event: 2.980 Thread 0x000000001670a000 DEOPT UNPACKING pc=0x000000000250556a sp=0x0000000016bbe490 mode 2


Dynamic libraries:
0x00007ff7bbf40000 - 0x00007ff7bbf71000 	C:\Program Files\Android\Android Studio\jre\bin\java.exe
0x00007ff80bf10000 - 0x00007ff80c0bd000 	C:\windows\SYSTEM32\ntdll.dll
0x00007ff809590000 - 0x00007ff8096ce000 	C:\windows\system32\KERNEL32.DLL
0x00007ff809100000 - 0x00007ff809215000 	C:\windows\system32\KERNELBASE.dll
0x00007ff8098e0000 - 0x00007ff80998a000 	C:\windows\system32\ADVAPI32.dll
0x00007ff80b290000 - 0x00007ff80b407000 	C:\windows\system32\USER32.dll
0x00007ff806020000 - 0x00007ff80629b000 	C:\windows\WinSxS\amd64_microsoft.windows.common-controls_6595b64144ccf1df_6.0.9600.18006_none_623f33d3ecbe86e8\COMCTL32.dll
0x00007ff80b420000 - 0x00007ff80b4ca000 	C:\windows\system32\msvcrt.dll
0x00007ff80b6b0000 - 0x00007ff80b709000 	C:\windows\SYSTEM32\sechost.dll
0x00007ff8097a0000 - 0x00007ff8098e0000 	C:\windows\system32\RPCRT4.dll
0x00007ff80b860000 - 0x00007ff80b9af000 	C:\windows\system32\GDI32.dll
0x00007ff809560000 - 0x00007ff80958e000 	C:\windows\system32\SspiCli.dll
0x00007ff80b250000 - 0x00007ff80b286000 	C:\windows\system32\IMM32.DLL
0x00007ff80bdb0000 - 0x00007ff80bf02000 	C:\windows\system32\MSCTF.dll
0x0000000052f60000 - 0x0000000053032000 	C:\Program Files\Android\Android Studio\jre\jre\bin\msvcr100.dll
0x0000000053120000 - 0x0000000053954000 	C:\Program Files\Android\Android Studio\jre\jre\bin\server\jvm.dll
0x00007ff800dc0000 - 0x00007ff800dc9000 	C:\windows\SYSTEM32\WSOCK32.dll
0x00007ff804300000 - 0x00007ff804322000 	C:\windows\SYSTEM32\WINMM.dll
0x00007ff801630000 - 0x00007ff80163a000 	C:\windows\SYSTEM32\VERSION.dll
0x00007ff80b4e0000 - 0x00007ff80b4e7000 	C:\windows\system32\PSAPI.DLL
0x00007ff80ba10000 - 0x00007ff80ba6a000 	C:\windows\system32\WS2_32.dll
0x00007ff8042d0000 - 0x00007ff8042fa000 	C:\windows\SYSTEM32\WINMMBASE.dll
0x00007ff80b4d0000 - 0x00007ff80b4d9000 	C:\windows\system32\NSI.dll
0x00007ff809220000 - 0x00007ff80926f000 	C:\windows\SYSTEM32\cfgmgr32.dll
0x00007ff807e50000 - 0x00007ff807e78000 	C:\windows\SYSTEM32\DEVOBJ.dll
0x00007ff804e20000 - 0x00007ff804e2f000 	C:\Program Files\Android\Android Studio\jre\jre\bin\verify.dll
0x00007ff8049e0000 - 0x00007ff804a09000 	C:\Program Files\Android\Android Studio\jre\jre\bin\java.dll
0x00007ff8049c0000 - 0x00007ff8049d6000 	C:\Program Files\Android\Android Studio\jre\jre\bin\zip.dll
0x00007ff809b30000 - 0x00007ff80b058000 	C:\windows\system32\SHELL32.dll
0x00007ff80bb90000 - 0x00007ff80bda1000 	C:\windows\SYSTEM32\combase.dll
0x00007ff80b9b0000 - 0x00007ff80ba04000 	C:\windows\system32\SHLWAPI.dll
0x00007ff8073b0000 - 0x00007ff807462000 	C:\windows\SYSTEM32\SHCORE.dll
0x00007ff809030000 - 0x00007ff809045000 	C:\windows\SYSTEM32\profapi.dll

VM Arguments:
jvm_args: -Djava.awt.headless=true -Xmx1024M -Dfile.encoding=windows-1252 -Duser.country=US -Duser.language=en -Duser.variant 
java_command: com.android.dx.command.Main --dex --verbose --force-jumbo --num-threads=4 --multi-dex --output C:\Users\bruh\Desktop\COMP150-MOB\QueueR\app\build\intermediates\transforms\dex\debug\folders\1000\10\com.google.firebase-firebase-auth-9.4.0_09f7e06766c8e3d5e7f5c61b040a940c02662c44 C:\Users\bruh\Desktop\COMP150-MOB\QueueR\app\build\intermediates\exploded-aar\com.google.firebase\firebase-auth\9.4.0\jars\classes.jar
java_class_path (initial): C:\Users\bruh\AppData\Local\Android\sdk\build-tools\24.0.1\lib\dx.jar
Launcher Type: SUN_STANDARD

Environment Variables:
PATH=C:\Program Files\Java\jdk1.8.0_101\bin\;C:\ProgramData\Oracle\Java\javapath;C:\windows\system32;C:\windows;C:\windows\System32\Wbem;C:\windows\System32\WindowsPowerShell\v1.0\;C:\Program Files\nodejs\;C:\Program Files (x86)\Heroku\bin;C:\Program Files (x86)\git\cmd;C:\Users\bruh\AppData\Roaming\npm;C:\Program Files (x86)\Skype\Phone\;C:\Program Files (x86)\GtkSharp\2.12\bin;C:\Program Files\Java\jdk1.8.0_101\bin\
USERNAME=bruh
OS=Windows_NT
PROCESSOR_IDENTIFIER=Intel64 Family 6 Model 69 Stepping 1, GenuineIntel



---------------  S Y S T E M  ---------------

OS: Windows 8.1 , 64 bit Build 9600 (6.3.9600.17415)

CPU:total 4 (2 cores per cpu, 2 threads per core) family 6 model 69 stepping 1, cmov, cx8, fxsr, mmx, sse, sse2, sse3, ssse3, sse4.1, sse4.2, popcnt, avx, avx2, aes, clmul, erms, lzcnt, ht, tsc, tscinvbit, bmi1, bmi2

Memory: 4k page, physical 4097056k(415464k free), swap 7242784k(4820k free)

vm_info: OpenJDK 64-Bit Server VM (25.76-b03) for windows-amd64 JRE (1.8.0_76-release-b03), built on Jun 29 2016 19:09:20 by "ralucas" with MS VC++ 10.0 (VS2010)

time: Thu Dec 15 02:48:13 2016
elapsed time: 2 seconds (0d 0h 0m 2s)

