#
# There is insufficient memory for the Java Runtime Environment to continue.
# Native memory allocation (malloc) failed to allocate 32744 bytes for ChunkPool::allocate
# Possible reasons:
#   The system is out of physical RAM or swap space
#   In 32 bit mode, the process size limit was hit
# Possible solutions:
#   Reduce memory load on the system
#   Increase physical memory or swap space
#   Check if swap backing store is full
#   Use 64 bit Java on a 64 bit OS
#   Decrease Java heap size (-Xmx/-Xms)
#   Decrease number of Java threads
#   Decrease Java thread stack sizes (-Xss)
#   Set larger code cache with -XX:ReservedCodeCacheSize=
# This output file may be truncated or incomplete.
#
#  Out of Memory Error (allocation.cpp:273), pid=5188, tid=0x000000000000106c
#
# JRE version: OpenJDK Runtime Environment (8.0_76-b03) (build 1.8.0_76-release-b03)
# Java VM: OpenJDK 64-Bit Server VM (25.76-b03 mixed mode windows-amd64 compressed oops)
# Failed to write core dump. Minidumps are not enabled by default on client versions of Windows
#

---------------  T H R E A D  ---------------

Current thread (0x0000000014576800):  JavaThread "C2 CompilerThread0" daemon [_thread_in_native, id=4204, stack(0x0000000015bc0000,0x0000000015cc0000)]

Stack: [0x0000000015bc0000,0x0000000015cc0000]
[error occurred during error reporting (printing stack bounds), id 0xc0000005]

Native frames: (J=compiled Java code, j=interpreted, Vv=VM code, C=native code)


Current CompileTask:
C2:   8578 1969   !   4       com.android.dx.cf.cst.ConstantPoolParser::parse0 (731 bytes)


---------------  P R O C E S S  ---------------

Java Threads: ( => current thread )
  0x0000000016168800 JavaThread "pool-2-thread-4" [_thread_blocked, id=3956, stack(0x00000000168c0000,0x00000000169c0000)]
  0x0000000016167800 JavaThread "pool-2-thread-3" [_thread_blocked, id=6592, stack(0x00000000167c0000,0x00000000168c0000)]
  0x0000000016166800 JavaThread "pool-2-thread-2" [_thread_blocked, id=5176, stack(0x00000000166c0000,0x00000000167c0000)]
  0x000000001611b000 JavaThread "pool-3-thread-1" [_thread_blocked, id=4864, stack(0x00000000165c0000,0x00000000166c0000)]
  0x000000001611a800 JavaThread "pool-2-thread-1" [_thread_in_native, id=7012, stack(0x00000000164c0000,0x00000000165c0000)]
  0x0000000015ecb000 JavaThread "Service Thread" daemon [_thread_blocked, id=1244, stack(0x00000000162c0000,0x00000000163c0000)]
  0x00000000145ca800 JavaThread "C1 CompilerThread2" daemon [_thread_blocked, id=656, stack(0x0000000015dc0000,0x0000000015ec0000)]
  0x00000000145c4800 JavaThread "C2 CompilerThread1" daemon [_thread_in_native, id=4588, stack(0x0000000015cc0000,0x0000000015dc0000)]
=>0x0000000014576800 JavaThread "C2 CompilerThread0" daemon [_thread_in_native, id=4204, stack(0x0000000015bc0000,0x0000000015cc0000)]
  0x0000000014575000 JavaThread "Attach Listener" daemon [_thread_blocked, id=2368, stack(0x0000000015ac0000,0x0000000015bc0000)]
  0x0000000014574000 JavaThread "Signal Dispatcher" daemon [_thread_blocked, id=2168, stack(0x00000000159c0000,0x0000000015ac0000)]
  0x0000000001e9b000 JavaThread "Finalizer" daemon [_thread_blocked, id=5352, stack(0x00000000157e0000,0x00000000158e0000)]
  0x0000000001e90000 JavaThread "Reference Handler" daemon [_thread_blocked, id=4256, stack(0x00000000156e0000,0x00000000157e0000)]
  0x0000000001da0800 JavaThread "main" [_thread_blocked, id=4680, stack(0x0000000001ca0000,0x0000000001da0000)]

Other Threads:
  0x0000000014536800 VMThread [stack: 0x00000000155e0000,0x00000000156e0000] [id=6600]
  0x0000000015ec0800 WatcherThread [stack: 0x00000000163c0000,0x00000000164c0000] [id=2208]

VM state:not at safepoint (normal execution)

VM Mutex/Monitor currently owned by a thread: None

Heap:
 PSYoungGen      total 68096K, used 54191K [0x00000000eab00000, 0x00000000ef000000, 0x0000000100000000)
  eden space 65536K, 82% used [0x00000000eab00000,0x00000000edfebe78,0x00000000eeb00000)
  from space 2560K, 0% used [0x00000000eed80000,0x00000000eed80000,0x00000000ef000000)
  to   space 2560K, 0% used [0x00000000eeb00000,0x00000000eeb00000,0x00000000eed80000)
 ParOldGen       total 72192K, used 31916K [0x00000000c0000000, 0x00000000c4680000, 0x00000000eab00000)
  object space 72192K, 44% used [0x00000000c0000000,0x00000000c1f2b070,0x00000000c4680000)
 Metaspace       used 6426K, capacity 7216K, committed 7296K, reserved 1056768K
  class space    used 592K, capacity 616K, committed 640K, reserved 1048576K

Card table byte_map: [0x0000000011260000,0x0000000011470000] byte_map_base: 0x0000000010c60000

Marking Bits: (ParMarkBitMap*) 0x00000000538d9d00
 Begin Bits: [0x00000000119d0000, 0x00000000129d0000)
 End Bits:   [0x00000000129d0000, 0x00000000139d0000)

Polling page: 0x0000000000480000

CodeCache: size=245760Kb used=8665Kb max_used=8665Kb free=237094Kb
 bounds [0x0000000001ea0000, 0x0000000002720000, 0x0000000010ea0000]
 total_blobs=2273 nmethods=2004 adapters=182
 compilation: enabled

Compilation events (10 events):
Event: 8.227 Thread 0x00000000145ca800 2063       2       com.android.dx.command.dexer.Main$ClassDefItemConsumer::<init> (26 bytes)
Event: 8.227 Thread 0x00000000145ca800 nmethod 2063 0x0000000002711ed0 code [0x0000000002712020, 0x00000000027121b0]
Event: 8.227 Thread 0x00000000145ca800 2064       2       java.util.concurrent.Executors$DelegatedExecutorService::submit (11 bytes)
Event: 8.227 Thread 0x00000000145ca800 nmethod 2064 0x0000000002712250 code [0x00000000027123c0, 0x0000000002712548]
Event: 8.227 Thread 0x00000000145ca800 2065       2       com.android.dx.command.dexer.Main::access$2600 (4 bytes)
Event: 8.227 Thread 0x00000000145ca800 nmethod 2065 0x00000000027125d0 code [0x0000000002712720, 0x0000000002712850]
Event: 8.231 Thread 0x00000000145ca800 2067       2       com.android.dx.cf.direct.DirectClassFile::parse0 (920 bytes)
Event: 8.248 Thread 0x00000000145ca800 nmethod 2067 0x00000000027128d0 code [0x00000000027131c0, 0x0000000002716e98]
Event: 8.424 Thread 0x00000000145ca800 2068   !   2       sun.reflect.generics.parser.SignatureParser::current (40 bytes)
Event: 8.424 Thread 0x00000000145ca800 nmethod 2068 0x000000000271c790 code [0x000000000271c8e0, 0x000000000271ca90]

GC Heap History (10 events):
Event: 3.826 GC heap before
{Heap before GC invocations=3 (full 0):
 PSYoungGen      total 35328K, used 35322K [0x00000000eab00000, 0x00000000ed000000, 0x0000000100000000)
  eden space 32768K, 100% used [0x00000000eab00000,0x00000000ecb00000,0x00000000ecb00000)
  from space 2560K, 99% used [0x00000000ecd80000,0x00000000ecffe8d8,0x00000000ed000000)
  to   space 2560K, 0% used [0x00000000ecb00000,0x00000000ecb00000,0x00000000ecd80000)
 ParOldGen       total 44032K, used 2396K [0x00000000c0000000, 0x00000000c2b00000, 0x00000000eab00000)
  object space 44032K, 5% used [0x00000000c0000000,0x00000000c02572e8,0x00000000c2b00000)
 Metaspace       used 6152K, capacity 7088K, committed 7296K, reserved 1056768K
  class space    used 579K, capacity 616K, committed 640K, reserved 1048576K
Event: 4.013 GC heap after
Heap after GC invocations=3 (full 0):
 PSYoungGen      total 35328K, used 2536K [0x00000000eab00000, 0x00000000ef000000, 0x0000000100000000)
  eden space 32768K, 0% used [0x00000000eab00000,0x00000000eab00000,0x00000000ecb00000)
  from space 2560K, 99% used [0x00000000ecb00000,0x00000000ecd7a298,0x00000000ecd80000)
  to   space 2560K, 0% used [0x00000000eed80000,0x00000000eed80000,0x00000000ef000000)
 ParOldGen       total 44032K, used 7771K [0x00000000c0000000, 0x00000000c2b00000, 0x00000000eab00000)
  object space 44032K, 17% used [0x00000000c0000000,0x00000000c0796db8,0x00000000c2b00000)
 Metaspace       used 6152K, capacity 7088K, committed 7296K, reserved 1056768K
  class space    used 579K, capacity 616K, committed 640K, reserved 1048576K
}
Event: 4.558 GC heap before
{Heap before GC invocations=4 (full 0):
 PSYoungGen      total 35328K, used 35304K [0x00000000eab00000, 0x00000000ef000000, 0x0000000100000000)
  eden space 32768K, 100% used [0x00000000eab00000,0x00000000ecb00000,0x00000000ecb00000)
  from space 2560K, 99% used [0x00000000ecb00000,0x00000000ecd7a298,0x00000000ecd80000)
  to   space 2560K, 0% used [0x00000000eed80000,0x00000000eed80000,0x00000000ef000000)
 ParOldGen       total 44032K, used 7771K [0x00000000c0000000, 0x00000000c2b00000, 0x00000000eab00000)
  object space 44032K, 17% used [0x00000000c0000000,0x00000000c0796db8,0x00000000c2b00000)
 Metaspace       used 6183K, capacity 7088K, committed 7296K, reserved 1056768K
  class space    used 579K, capacity 616K, committed 640K, reserved 1048576K
Event: 4.607 GC heap after
Heap after GC invocations=4 (full 0):
 PSYoungGen      total 68096K, used 2536K [0x00000000eab00000, 0x00000000ef000000, 0x0000000100000000)
  eden space 65536K, 0% used [0x00000000eab00000,0x00000000eab00000,0x00000000eeb00000)
  from space 2560K, 99% used [0x00000000eed80000,0x00000000eeffa298,0x00000000ef000000)
  to   space 2560K, 0% used [0x00000000eeb00000,0x00000000eeb00000,0x00000000eed80000)
 ParOldGen       total 44032K, used 13126K [0x00000000c0000000, 0x00000000c2b00000, 0x00000000eab00000)
  object space 44032K, 29% used [0x00000000c0000000,0x00000000c0cd1aa0,0x00000000c2b00000)
 Metaspace       used 6183K, capacity 7088K, committed 7296K, reserved 1056768K
  class space    used 579K, capacity 616K, committed 640K, reserved 1048576K
}
Event: 5.642 GC heap before
{Heap before GC invocations=5 (full 0):
 PSYoungGen      total 68096K, used 68072K [0x00000000eab00000, 0x00000000ef000000, 0x0000000100000000)
  eden space 65536K, 100% used [0x00000000eab00000,0x00000000eeb00000,0x00000000eeb00000)
  from space 2560K, 99% used [0x00000000eed80000,0x00000000eeffa298,0x00000000ef000000)
  to   space 2560K, 0% used [0x00000000eeb00000,0x00000000eeb00000,0x00000000eed80000)
 ParOldGen       total 44032K, used 13126K [0x00000000c0000000, 0x00000000c2b00000, 0x00000000eab00000)
  object space 44032K, 29% used [0x00000000c0000000,0x00000000c0cd1aa0,0x00000000c2b00000)
 Metaspace       used 6242K, capacity 7152K, committed 7296K, reserved 1056768K
  class space    used 579K, capacity 616K, committed 640K, reserved 1048576K
Event: 5.715 GC heap after
Heap after GC invocations=5 (full 0):
 PSYoungGen      total 68096K, used 2536K [0x00000000eab00000, 0x00000000ef000000, 0x0000000100000000)
  eden space 65536K, 0% used [0x00000000eab00000,0x00000000eab00000,0x00000000eeb00000)
  from space 2560K, 99% used [0x00000000eeb00000,0x00000000eed7a120,0x00000000eed80000)
  to   space 2560K, 0% used [0x00000000eed80000,0x00000000eed80000,0x00000000ef000000)
 ParOldGen       total 44032K, used 23280K [0x00000000c0000000, 0x00000000c2b00000, 0x00000000eab00000)
  object space 44032K, 52% used [0x00000000c0000000,0x00000000c16bc030,0x00000000c2b00000)
 Metaspace       used 6242K, capacity 7152K, committed 7296K, reserved 1056768K
  class space    used 579K, capacity 616K, committed 640K, reserved 1048576K
}
Event: 6.596 GC heap before
{Heap before GC invocations=6 (full 0):
 PSYoungGen      total 68096K, used 68072K [0x00000000eab00000, 0x00000000ef000000, 0x0000000100000000)
  eden space 65536K, 100% used [0x00000000eab00000,0x00000000eeb00000,0x00000000eeb00000)
  from space 2560K, 99% used [0x00000000eeb00000,0x00000000eed7a120,0x00000000eed80000)
  to   space 2560K, 0% used [0x00000000eed80000,0x00000000eed80000,0x00000000ef000000)
 ParOldGen       total 44032K, used 23280K [0x00000000c0000000, 0x00000000c2b00000, 0x00000000eab00000)
  object space 44032K, 52% used [0x00000000c0000000,0x00000000c16bc030,0x00000000c2b00000)
 Metaspace       used 6328K, capacity 7152K, committed 7296K, reserved 1056768K
  class space    used 579K, capacity 616K, committed 640K, reserved 1048576K
Event: 6.694 GC heap after
Heap after GC invocations=6 (full 0):
 PSYoungGen      total 68096K, used 2532K [0x00000000eab00000, 0x00000000ef000000, 0x0000000100000000)
  eden space 65536K, 0% used [0x00000000eab00000,0x00000000eab00000,0x00000000eeb00000)
  from space 2560K, 98% used [0x00000000eed80000,0x00000000eeff90e8,0x00000000ef000000)
  to   space 2560K, 0% used [0x00000000eeb00000,0x00000000eeb00000,0x00000000eed80000)
 ParOldGen       total 44032K, used 33968K [0x00000000c0000000, 0x00000000c2b00000, 0x00000000eab00000)
  object space 44032K, 77% used [0x00000000c0000000,0x00000000c212c068,0x00000000c2b00000)
 Metaspace       used 6328K, capacity 7152K, committed 7296K, reserved 1056768K
  class space    used 579K, capacity 616K, committed 640K, reserved 1048576K
}
Event: 6.694 GC heap before
{Heap before GC invocations=7 (full 1):
 PSYoungGen      total 68096K, used 2532K [0x00000000eab00000, 0x00000000ef000000, 0x0000000100000000)
  eden space 65536K, 0% used [0x00000000eab00000,0x00000000eab00000,0x00000000eeb00000)
  from space 2560K, 98% used [0x00000000eed80000,0x00000000eeff90e8,0x00000000ef000000)
  to   space 2560K, 0% used [0x00000000eeb00000,0x00000000eeb00000,0x00000000eed80000)
 ParOldGen       total 44032K, used 33968K [0x00000000c0000000, 0x00000000c2b00000, 0x00000000eab00000)
  object space 44032K, 77% used [0x00000000c0000000,0x00000000c212c068,0x00000000c2b00000)
 Metaspace       used 6328K, capacity 7152K, committed 7296K, reserved 1056768K
  class space    used 579K, capacity 616K, committed 640K, reserved 1048576K
Event: 7.480 GC heap after
Heap after GC invocations=7 (full 1):
 PSYoungGen      total 68096K, used 0K [0x00000000eab00000, 0x00000000ef000000, 0x0000000100000000)
  eden space 65536K, 0% used [0x00000000eab00000,0x00000000eab00000,0x00000000eeb00000)
  from space 2560K, 0% used [0x00000000eed80000,0x00000000eed80000,0x00000000ef000000)
  to   space 2560K, 0% used [0x00000000eeb00000,0x00000000eeb00000,0x00000000eed80000)
 ParOldGen       total 72192K, used 31916K [0x00000000c0000000, 0x00000000c4680000, 0x00000000eab00000)
  object space 72192K, 44% used [0x00000000c0000000,0x00000000c1f2b070,0x00000000c4680000)
 Metaspace       used 6328K, capacity 7152K, committed 7296K, reserved 1056768K
  class space    used 579K, capacity 616K, committed 640K, reserved 1048576K
}

Deoptimization events (10 events):
Event: 5.321 Thread 0x0000000016167800 Uncommon trap: reason=bimorphic action=maybe_recompile pc=0x000000000250f564 method=com.android.dx.cf.code.BytecodeArray.parseInstruction(ILcom/android/dx/cf/code/BytecodeArray$Visitor;)I @ 1501
Event: 5.322 Thread 0x0000000016167800 Uncommon trap: reason=bimorphic action=maybe_recompile pc=0x000000000250f564 method=com.android.dx.cf.code.BytecodeArray.parseInstruction(ILcom/android/dx/cf/code/BytecodeArray$Visitor;)I @ 1501
Event: 5.387 Thread 0x0000000001da0800 Uncommon trap: reason=unstable_if action=reinterpret pc=0x00000000025d896c method=com.android.dx.cf.code.RopperMachine.run(Lcom/android/dx/cf/code/Frame;II)V @ 1250
Event: 5.435 Thread 0x0000000016168800 Uncommon trap: reason=unstable_if action=reinterpret pc=0x00000000025c75d4 method=com.android.dx.ssa.SsaRenamer$BlockRenamer.process()V @ 90
Event: 5.988 Thread 0x000000001611a800 Uncommon trap: reason=unstable_if action=reinterpret pc=0x00000000025f9c6c method=com.android.dx.ssa.SCCP.simulateStmt(Lcom/android/dx/ssa/SsaInsn;)V @ 53
Event: 6.073 Thread 0x000000001611a800 Uncommon trap: reason=unstable_if action=reinterpret pc=0x000000000263881c method=com.android.dx.ssa.SCCP.simulateBranch(Lcom/android/dx/ssa/SsaInsn;)V @ 548
Event: 6.079 Thread 0x000000001611a800 Uncommon trap: reason=class_check action=maybe_recompile pc=0x00000000023cec80 method=java.util.HashMap.putVal(ILjava/lang/Object;Ljava/lang/Object;ZZ)Ljava/lang/Object; @ 203
Event: 6.182 Thread 0x000000001611a800 Uncommon trap: reason=uninitialized action=reinterpret pc=0x0000000002659484 method=com.android.dx.cf.code.BytecodeArray.parseInstruction(ILcom/android/dx/cf/code/BytecodeArray$Visitor;)I @ 1079
Event: 7.674 Thread 0x0000000016168800 Uncommon trap: reason=unstable_if action=reinterpret pc=0x0000000002449400 method=com.android.dx.rop.code.LocalItem.compareHandlesNulls(Lcom/android/dx/rop/cst/CstString;Lcom/android/dx/rop/cst/CstString;)I @ 14
Event: 8.228 Thread 0x000000001611a800 Uncommon trap: reason=unstable_if action=reinterpret pc=0x00000000021ea140 method=java.util.HashMap.putVal(ILjava/lang/Object;Ljava/lang/Object;ZZ)Ljava/lang/Object; @ 162

Internal exceptions (6 events):
Event: 0.061 Thread 0x0000000001da0800 Exception <a 'java/lang/NoSuchMethodError': Method sun.misc.Unsafe.defineClass(Ljava/lang/String;[BII)Ljava/lang/Class; name or signature does not match> (0x00000000eab07cc0) thrown at [C:\src\android\AOSP-openjdk\external\jetbrains\jdk\hotspot\src\share\vÅxI8Ø?
Event: 0.061 Thread 0x0000000001da0800 Exception <a 'java/lang/NoSuchMethodError': Method sun.misc.Unsafe.prefetchRead(Ljava/lang/Object;J)V name or signature does not match> (0x00000000eab07fa8) thrown at [C:\src\android\AOSP-openjdk\external\jetbrains\jdk\hotspot\src\share\vm\prims\jni.cpp, lU» @
Event: 4.274 Thread 0x0000000016166800 Implicit null exception at 0x00000000024cbbfe to 0x00000000024ce601
Event: 7.674 Thread 0x0000000016168800 Implicit null exception at 0x0000000002447bc0 to 0x00000000024493d1
Event: 8.423 Thread 0x000000001611a800 Exception <a 'java/lang/ArrayIndexOutOfBoundsException': 18> (0x00000000ede7ebd0) thrown at [C:\src\android\AOSP-openjdk\external\jetbrains\jdk\hotspot\src\share\vm\interpreter\interpreterRuntime.cpp, line 366]
Event: 8.424 Thread 0x000000001611a800 Exception <a 'java/lang/ArrayIndexOutOfBoundsException'> (0x00000000ede80750) thrown at [C:\src\android\AOSP-openjdk\external\jetbrains\jdk\hotspot\src\share\vm\runtime\sharedRuntime.cpp, line 605]

Events (10 events):
Event: 8.422 loading class sun/reflect/generics/tree/BaseType done
Event: 8.422 loading class sun/reflect/generics/tree/FieldTypeSignature done
Event: 8.422 loading class sun/reflect/generics/tree/SimpleClassTypeSignature done
Event: 8.423 loading class sun/reflect/generics/tree/ClassTypeSignature
Event: 8.423 loading class sun/reflect/generics/tree/ClassTypeSignature done
Event: 8.423 loading class sun/reflect/generics/tree/ClassSignature
Event: 8.423 loading class sun/reflect/generics/tree/Signature
Event: 8.423 loading class sun/reflect/generics/tree/Signature done
Event: 8.423 loading class sun/reflect/generics/tree/ClassSignature done
Event: 8.424 loading class sun/reflect/generics/visitor/Reifier


Dynamic libraries:
0x00007ff7bbf40000 - 0x00007ff7bbf71000 	C:\Program Files\Android\Android Studio\jre\bin\java.exe
0x00007ff80bf10000 - 0x00007ff80c0bd000 	C:\windows\SYSTEM32\ntdll.dll
0x00007ff809590000 - 0x00007ff8096ce000 	C:\windows\system32\KERNEL32.DLL
0x00007ff809100000 - 0x00007ff809215000 	C:\windows\system32\KERNELBASE.dll
0x00007ff8098e0000 - 0x00007ff80998a000 	C:\windows\system32\ADVAPI32.dll
0x00007ff80b290000 - 0x00007ff80b407000 	C:\windows\system32\USER32.dll
0x00007ff806020000 - 0x00007ff80629b000 	C:\windows\WinSxS\amd64_microsoft.windows.common-controls_6595b64144ccf1df_6.0.9600.18006_none_623f33d3ecbe86e8\COMCTL32.dll
0x00007ff80b420000 - 0x00007ff80b4ca000 	C:\windows\system32\msvcrt.dll
0x00007ff80b6b0000 - 0x00007ff80b709000 	C:\windows\SYSTEM32\sechost.dll
0x00007ff8097a0000 - 0x00007ff8098e0000 	C:\windows\system32\RPCRT4.dll
0x00007ff80b860000 - 0x00007ff80b9af000 	C:\windows\system32\GDI32.dll
0x00007ff809560000 - 0x00007ff80958e000 	C:\windows\system32\SspiCli.dll
0x00007ff80b250000 - 0x00007ff80b286000 	C:\windows\system32\IMM32.DLL
0x00007ff80bdb0000 - 0x00007ff80bf02000 	C:\windows\system32\MSCTF.dll
0x0000000052f60000 - 0x0000000053032000 	C:\Program Files\Android\Android Studio\jre\jre\bin\msvcr100.dll
0x0000000053120000 - 0x0000000053954000 	C:\Program Files\Android\Android Studio\jre\jre\bin\server\jvm.dll
0x00007ff800dc0000 - 0x00007ff800dc9000 	C:\windows\SYSTEM32\WSOCK32.dll
0x00007ff804300000 - 0x00007ff804322000 	C:\windows\SYSTEM32\WINMM.dll
0x00007ff801630000 - 0x00007ff80163a000 	C:\windows\SYSTEM32\VERSION.dll
0x00007ff80b4e0000 - 0x00007ff80b4e7000 	C:\windows\system32\PSAPI.DLL
0x00007ff80ba10000 - 0x00007ff80ba6a000 	C:\windows\system32\WS2_32.dll
0x00007ff8042d0000 - 0x00007ff8042fa000 	C:\windows\SYSTEM32\WINMMBASE.dll
0x00007ff80b4d0000 - 0x00007ff80b4d9000 	C:\windows\system32\NSI.dll
0x00007ff809220000 - 0x00007ff80926f000 	C:\windows\SYSTEM32\cfgmgr32.dll
0x00007ff807e50000 - 0x00007ff807e78000 	C:\windows\SYSTEM32\DEVOBJ.dll
0x00007ff804e20000 - 0x00007ff804e2f000 	C:\Program Files\Android\Android Studio\jre\jre\bin\verify.dll
0x00007ff8049e0000 - 0x00007ff804a09000 	C:\Program Files\Android\Android Studio\jre\jre\bin\java.dll
0x00007ff8049c0000 - 0x00007ff8049d6000 	C:\Program Files\Android\Android Studio\jre\jre\bin\zip.dll
0x00007ff809b30000 - 0x00007ff80b058000 	C:\windows\system32\SHELL32.dll
0x00007ff80bb90000 - 0x00007ff80bda1000 	C:\windows\SYSTEM32\combase.dll
0x00007ff80b9b0000 - 0x00007ff80ba04000 	C:\windows\system32\SHLWAPI.dll
0x00007ff8073b0000 - 0x00007ff807462000 	C:\windows\SYSTEM32\SHCORE.dll
0x00007ff809030000 - 0x00007ff809045000 	C:\windows\SYSTEM32\profapi.dll

VM Arguments:
jvm_args: -Djava.awt.headless=true -Xmx1024M -Dfile.encoding=windows-1252 -Duser.country=US -Duser.language=en -Duser.variant 
java_command: com.android.dx.command.Main --dex --verbose --force-jumbo --num-threads=4 --multi-dex --output C:\Users\bruh\Desktop\COMP150-MOB\QueueR\app\build\intermediates\transforms\dex\debug\folders\1000\10\com.android.support-support-v4-24.1.1_a4154e86e981b836301da22e84ff1ec295ebe468 C:\Users\bruh\Desktop\COMP150-MOB\QueueR\app\build\intermediates\exploded-aar\com.android.support\support-v4\24.1.1\jars\classes.jar
java_class_path (initial): C:\Users\bruh\AppData\Local\Android\sdk\build-tools\24.0.1\lib\dx.jar
Launcher Type: SUN_STANDARD

Environment Variables:
PATH=C:\Program Files\Java\jdk1.8.0_101\bin\;C:\ProgramData\Oracle\Java\javapath;C:\windows\system32;C:\windows;C:\windows\System32\Wbem;C:\windows\System32\WindowsPowerShell\v1.0\;C:\Program Files\nodejs\;C:\Program Files (x86)\Heroku\bin;C:\Program Files (x86)\git\cmd;C:\Users\bruh\AppData\Roaming\npm;C:\Program Files (x86)\Skype\Phone\;C:\Program Files (x86)\GtkSharp\2.12\bin;C:\Program Files\Java\jdk1.8.0_101\bin\
USERNAME=bruh
OS=Windows_NT
PROCESSOR_IDENTIFIER=Intel64 Family 6 Model 69 Stepping 1, GenuineIntel



---------------  S Y S T E M  ---------------

OS: Windows 8.1 , 64 bit Build 9600 (6.3.9600.17415)

CPU:total 4 (2 cores per cpu, 2 threads per core) family 6 model 69 stepping 1, cmov, cx8, fxsr, mmx, sse, sse2, sse3, ssse3, sse4.1, sse4.2, popcnt, avx, avx2, aes, clmul, erms, lzcnt, ht, tsc, tscinvbit, bmi1, bmi2

Memory: 4k page, physical 4097056k(203192k free), swap 7242784k(5124k free)

vm_info: OpenJDK 64-Bit Server VM (25.76-b03) for windows-amd64 JRE (1.8.0_76-release-b03), built on Jun 29 2016 19:09:20 by "ralucas" with MS VC++ 10.0 (VS2010)

time: Thu Dec 15 02:45:47 2016
elapsed time: 8 seconds (0d 0h 0m 8s)

