#
# There is insufficient memory for the Java Runtime Environment to continue.
# Native memory allocation (malloc) failed to allocate 136256 bytes for Chunk::new
# Possible reasons:
#   The system is out of physical RAM or swap space
#   In 32 bit mode, the process size limit was hit
# Possible solutions:
#   Reduce memory load on the system
#   Increase physical memory or swap space
#   Check if swap backing store is full
#   Use 64 bit Java on a 64 bit OS
#   Decrease Java heap size (-Xmx/-Xms)
#   Decrease number of Java threads
#   Decrease Java thread stack sizes (-Xss)
#   Set larger code cache with -XX:ReservedCodeCacheSize=
# This output file may be truncated or incomplete.
#
#  Out of Memory Error (allocation.cpp:390), pid=7072, tid=0x0000000000000290
#
# JRE version: OpenJDK Runtime Environment (8.0_76-b03) (build 1.8.0_76-release-b03)
# Java VM: OpenJDK 64-Bit Server VM (25.76-b03 mixed mode windows-amd64 compressed oops)
# Failed to write core dump. Minidumps are not enabled by default on client versions of Windows
#

---------------  T H R E A D  ---------------

Current thread (0x0000000015486800):  JavaThread "C2 CompilerThread0" daemon [_thread_in_native, id=656, stack(0x0000000016ac0000,0x0000000016bc0000)]

Stack: [0x0000000016ac0000,0x0000000016bc0000]
[error occurred during error reporting (printing stack bounds), id 0xc0000005]

Native frames: (J=compiled Java code, j=interpreted, Vv=VM code, C=native code)


Current CompileTask:
C2:   4993 1319       4       com.android.dx.ssa.SsaRenamer$BlockRenamer::processResultReg (56 bytes)


---------------  P R O C E S S  ---------------

Java Threads: ( => current thread )
  0x000000001702a000 JavaThread "pool-2-thread-4" [_thread_in_Java, id=4596, stack(0x00000000177c0000,0x00000000178c0000)]
  0x0000000017029800 JavaThread "pool-2-thread-3" [_thread_in_vm, id=4616, stack(0x00000000176c0000,0x00000000177c0000)]
  0x0000000017024000 JavaThread "pool-2-thread-2" [_thread_in_Java, id=7104, stack(0x00000000175c0000,0x00000000176c0000)]
  0x0000000017008000 JavaThread "pool-3-thread-1" [_thread_blocked, id=5332, stack(0x00000000174c0000,0x00000000175c0000)]
  0x0000000017007800 JavaThread "pool-2-thread-1" [_thread_blocked, id=2208, stack(0x00000000173c0000,0x00000000174c0000)]
  0x0000000016dcb000 JavaThread "Service Thread" daemon [_thread_blocked, id=4820, stack(0x00000000171c0000,0x00000000172c0000)]
  0x00000000154d7000 JavaThread "C1 CompilerThread2" daemon [_thread_in_native, id=5068, stack(0x0000000016cc0000,0x0000000016dc0000)]
  0x00000000154cc800 JavaThread "C2 CompilerThread1" daemon [_thread_in_native, id=3212, stack(0x0000000016bc0000,0x0000000016cc0000)]
=>0x0000000015486800 JavaThread "C2 CompilerThread0" daemon [_thread_in_native, id=656, stack(0x0000000016ac0000,0x0000000016bc0000)]
  0x0000000015485000 JavaThread "Attach Listener" daemon [_thread_blocked, id=4588, stack(0x00000000169c0000,0x0000000016ac0000)]
  0x0000000015484000 JavaThread "Signal Dispatcher" daemon [_thread_blocked, id=4204, stack(0x00000000168c0000,0x00000000169c0000)]
  0x0000000002dab000 JavaThread "Finalizer" daemon [_thread_blocked, id=2368, stack(0x00000000166e0000,0x00000000167e0000)]
  0x0000000002da0000 JavaThread "Reference Handler" daemon [_thread_blocked, id=2168, stack(0x00000000165e0000,0x00000000166e0000)]
  0x0000000002cb0800 JavaThread "main" [_thread_blocked, id=4192, stack(0x0000000002bb0000,0x0000000002cb0000)]

Other Threads:
  0x0000000015446800 VMThread [stack: 0x00000000164e0000,0x00000000165e0000] [id=4692]
  0x0000000016dc0800 WatcherThread [stack: 0x00000000172c0000,0x00000000173c0000] [id=1244]

VM state:not at safepoint (normal execution)

VM Mutex/Monitor currently owned by a thread:  ([mutex/lock_event])
[0x00000000011fe680] Compile_lock - owner thread: 0x00000000154d7000
[0x00000000011fdc80] MethodCompileQueue_lock - owner thread: 0x00000000154d7000

Heap:
 PSYoungGen      total 18944K, used 18229K [0x00000000eab00000, 0x00000000ec000000, 0x0000000100000000)
  eden space 16384K, 95% used [0x00000000eab00000,0x00000000eba4eb40,0x00000000ebb00000)
  from space 2560K, 99% used [0x00000000ebb00000,0x00000000ebd7eab8,0x00000000ebd80000)
  to   space 2560K, 0% used [0x00000000ebd80000,0x00000000ebd80000,0x00000000ec000000)
 ParOldGen       total 44032K, used 1505K [0x00000000c0000000, 0x00000000c2b00000, 0x00000000eab00000)
  object space 44032K, 3% used [0x00000000c0000000,0x00000000c0178670,0x00000000c2b00000)
 Metaspace       used 5990K, capacity 6960K, committed 7040K, reserved 1056768K
  class space    used 575K, capacity 616K, committed 640K, reserved 1048576K

Card table byte_map: [0x0000000012170000,0x0000000012380000] byte_map_base: 0x0000000011b70000

Marking Bits: (ParMarkBitMap*) 0x00000000538d9d00
 Begin Bits: [0x00000000128e0000, 0x00000000138e0000)
 End Bits:   [0x00000000138e0000, 0x00000000148e0000)

Polling page: 0x0000000001360000

CodeCache: size=245760Kb used=5311Kb max_used=5311Kb free=240448Kb
 bounds [0x0000000002db0000, 0x00000000032f0000, 0x0000000011db0000]
 total_blobs=1591 nmethods=1322 adapters=182
 compilation: enabled

Compilation events (10 events):
Event: 4.983 Thread 0x00000000154d7000 1321       3       com.android.dx.rop.code.ThrowingInsn::withNewRegisters (21 bytes)
Event: 4.984 Thread 0x00000000154d7000 nmethod 1321 0x00000000032df790 code [0x00000000032df900, 0x00000000032dfc28]
Event: 4.984 Thread 0x00000000154d7000 1323       1       com.android.dx.rop.code.ThrowingInsn::getCatches (5 bytes)
Event: 4.985 Thread 0x00000000154d7000 nmethod 1323 0x00000000032d7090 code [0x00000000032d71e0, 0x00000000032d72f0]
Event: 4.985 Thread 0x00000000154d7000 1324       3       com.android.dx.rop.code.ThrowingInsn::accept (8 bytes)
Event: 4.985 Thread 0x00000000154d7000 nmethod 1324 0x00000000032dfd10 code [0x00000000032dfe80, 0x00000000032e00a8]
Event: 4.986 Thread 0x00000000154d7000 1325   !   3       com.android.dx.rop.type.Type::putIntern (50 bytes)
Event: 4.987 Thread 0x00000000154d7000 nmethod 1325 0x00000000032e0190 code [0x00000000032e0380, 0x00000000032e0e58]
Event: 4.989 Thread 0x00000000154d7000 1326       3       com.android.dx.rop.cst.CstNat::isInstanceInit (13 bytes)
Event: 4.990 Thread 0x00000000154d7000 nmethod 1326 0x00000000032e1390 code [0x00000000032e1500, 0x00000000032e17c8]

GC Heap History (2 events):
Event: 3.665 GC heap before
{Heap before GC invocations=1 (full 0):
 PSYoungGen      total 18944K, used 16384K [0x00000000eab00000, 0x00000000ec000000, 0x0000000100000000)
  eden space 16384K, 100% used [0x00000000eab00000,0x00000000ebb00000,0x00000000ebb00000)
  from space 2560K, 0% used [0x00000000ebd80000,0x00000000ebd80000,0x00000000ec000000)
  to   space 2560K, 0% used [0x00000000ebb00000,0x00000000ebb00000,0x00000000ebd80000)
 ParOldGen       total 44032K, used 0K [0x00000000c0000000, 0x00000000c2b00000, 0x00000000eab00000)
  object space 44032K, 0% used [0x00000000c0000000,0x00000000c0000000,0x00000000c2b00000)
 Metaspace       used 5696K, capacity 6704K, committed 6784K, reserved 1056768K
  class space    used 572K, capacity 616K, committed 640K, reserved 1048576K
Event: 4.069 GC heap after
Heap after GC invocations=1 (full 0):
 PSYoungGen      total 18944K, used 2554K [0x00000000eab00000, 0x00000000ec000000, 0x0000000100000000)
  eden space 16384K, 0% used [0x00000000eab00000,0x00000000eab00000,0x00000000ebb00000)
  from space 2560K, 99% used [0x00000000ebb00000,0x00000000ebd7eab8,0x00000000ebd80000)
  to   space 2560K, 0% used [0x00000000ebd80000,0x00000000ebd80000,0x00000000ec000000)
 ParOldGen       total 44032K, used 1505K [0x00000000c0000000, 0x00000000c2b00000, 0x00000000eab00000)
  object space 44032K, 3% used [0x00000000c0000000,0x00000000c0178670,0x00000000c2b00000)
 Metaspace       used 5696K, capacity 6704K, committed 6784K, reserved 1056768K
  class space    used 572K, capacity 616K, committed 640K, reserved 1048576K
}

Deoptimization events (10 events):
Event: 3.417 Thread 0x0000000017024000 Uncommon trap: reason=unstable_if action=reinterpret pc=0x0000000002ff48b0 method=java.util.BitSet.nextSetBit(I)I @ 87
Event: 3.624 Thread 0x0000000017007800 Uncommon trap: reason=unstable_if action=reinterpret pc=0x0000000003069fdc method=java.util.HashMap.getNode(ILjava/lang/Object;)Ljava/util/HashMap$Node; @ 129
Event: 4.208 Thread 0x000000001702a000 Uncommon trap: reason=class_check action=maybe_recompile pc=0x00000000030a9cd4 method=com.android.dx.ssa.NormalSsaInsn.accept(Lcom/android/dx/ssa/SsaInsn$Visitor;)V @ 9
Event: 4.209 Thread 0x000000001702a000 Uncommon trap: reason=class_check action=maybe_recompile pc=0x00000000030a9cd4 method=com.android.dx.ssa.NormalSsaInsn.accept(Lcom/android/dx/ssa/SsaInsn$Visitor;)V @ 9
Event: 4.209 Thread 0x000000001702a000 Uncommon trap: reason=class_check action=maybe_recompile pc=0x00000000030a9cd4 method=com.android.dx.ssa.NormalSsaInsn.accept(Lcom/android/dx/ssa/SsaInsn$Visitor;)V @ 9
Event: 4.209 Thread 0x000000001702a000 Uncommon trap: reason=class_check action=maybe_recompile pc=0x00000000030a9cd4 method=com.android.dx.ssa.NormalSsaInsn.accept(Lcom/android/dx/ssa/SsaInsn$Visitor;)V @ 9
Event: 4.209 Thread 0x000000001702a000 Uncommon trap: reason=class_check action=maybe_recompile pc=0x000000000305b770 method=com.android.dx.ssa.NormalSsaInsn.accept(Lcom/android/dx/ssa/SsaInsn$Visitor;)V @ 9
Event: 4.615 Thread 0x0000000002cb0800 Uncommon trap: reason=unstable_if action=reinterpret pc=0x00000000030d341c method=com.android.dx.rop.cst.Constant.compareTo(Lcom/android/dx/rop/cst/Constant;)I @ 12
Event: 4.925 Thread 0x000000001702a000 Uncommon trap: reason=unstable_if action=reinterpret pc=0x000000000324d8dc method=com.android.dx.ssa.SsaMethod.updateOneDefinition(Lcom/android/dx/ssa/SsaInsn;Lcom/android/dx/rop/code/RegisterSpec;)V @ 4
Event: 4.933 Thread 0x0000000017024000 Uncommon trap: reason=null_check action=make_not_entrant pc=0x000000000324d628 method=com.android.dx.rop.type.Type.equals(Ljava/lang/Object;)Z @ 8

Internal exceptions (3 events):
Event: 0.206 Thread 0x0000000002cb0800 Exception <a 'java/lang/NoSuchMethodError': Method sun.misc.Unsafe.defineClass(Ljava/lang/String;[BII)Ljava/lang/Class; name or signature does not match> (0x00000000eab07cc0) thrown at [C:\src\android\AOSP-openjdk\external\jetbrains\jdk\hotspot\src\share\vZ%qxl ?
Event: 0.206 Thread 0x0000000002cb0800 Exception <a 'java/lang/NoSuchMethodError': Method sun.misc.Unsafe.prefetchRead(Ljava/lang/Object;J)V name or signature does not match> (0x00000000eab07fa8) thrown at [C:\src\android\AOSP-openjdk\external\jetbrains\jdk\hotspot\src\share\vm\prims\jni.cpp, l–F`æª@
Event: 4.933 Thread 0x0000000017024000 Implicit null exception at 0x000000000324d522 to 0x000000000324d61a

Events (10 events):
Event: 4.615 Thread 0x0000000002cb0800 DEOPT PACKING pc=0x00000000030d341c sp=0x0000000002cae0f0
Event: 4.615 Thread 0x0000000002cb0800 DEOPT UNPACKING pc=0x0000000002df556a sp=0x0000000002cae090 mode 2
Event: 4.923 loading class com/android/dx/rop/code/RegOps
Event: 4.923 loading class com/android/dx/rop/code/RegOps done
Event: 4.925 Thread 0x000000001702a000 Uncommon trap: trap_request=0xffffff65 fr.pc=0x000000000324d8dc
Event: 4.925 Thread 0x000000001702a000 DEOPT PACKING pc=0x000000000324d8dc sp=0x00000000178beb20
Event: 4.925 Thread 0x000000001702a000 DEOPT UNPACKING pc=0x0000000002df556a sp=0x00000000178beac8 mode 2
Event: 4.933 Thread 0x0000000017024000 Uncommon trap: trap_request=0xfffffff4 fr.pc=0x000000000324d628
Event: 4.933 Thread 0x0000000017024000 DEOPT PACKING pc=0x000000000324d628 sp=0x00000000176be540
Event: 4.934 Thread 0x0000000017024000 DEOPT UNPACKING pc=0x0000000002df556a sp=0x00000000176be4c8 mode 2


Dynamic libraries:
0x00007ff7bbf40000 - 0x00007ff7bbf71000 	C:\Program Files\Android\Android Studio\jre\bin\java.exe
0x00007ff80bf10000 - 0x00007ff80c0bd000 	C:\windows\SYSTEM32\ntdll.dll
0x00007ff809590000 - 0x00007ff8096ce000 	C:\windows\system32\KERNEL32.DLL
0x00007ff809100000 - 0x00007ff809215000 	C:\windows\system32\KERNELBASE.dll
0x00007ff8098e0000 - 0x00007ff80998a000 	C:\windows\system32\ADVAPI32.dll
0x00007ff80b290000 - 0x00007ff80b407000 	C:\windows\system32\USER32.dll
0x00007ff806020000 - 0x00007ff80629b000 	C:\windows\WinSxS\amd64_microsoft.windows.common-controls_6595b64144ccf1df_6.0.9600.18006_none_623f33d3ecbe86e8\COMCTL32.dll
0x00007ff80b420000 - 0x00007ff80b4ca000 	C:\windows\system32\msvcrt.dll
0x00007ff80b6b0000 - 0x00007ff80b709000 	C:\windows\SYSTEM32\sechost.dll
0x00007ff8097a0000 - 0x00007ff8098e0000 	C:\windows\system32\RPCRT4.dll
0x00007ff80b860000 - 0x00007ff80b9af000 	C:\windows\system32\GDI32.dll
0x00007ff809560000 - 0x00007ff80958e000 	C:\windows\system32\SspiCli.dll
0x00007ff80b250000 - 0x00007ff80b286000 	C:\windows\system32\IMM32.DLL
0x00007ff80bdb0000 - 0x00007ff80bf02000 	C:\windows\system32\MSCTF.dll
0x0000000052f60000 - 0x0000000053032000 	C:\Program Files\Android\Android Studio\jre\jre\bin\msvcr100.dll
0x0000000053120000 - 0x0000000053954000 	C:\Program Files\Android\Android Studio\jre\jre\bin\server\jvm.dll
0x00007ff800dc0000 - 0x00007ff800dc9000 	C:\windows\SYSTEM32\WSOCK32.dll
0x00007ff804300000 - 0x00007ff804322000 	C:\windows\SYSTEM32\WINMM.dll
0x00007ff801630000 - 0x00007ff80163a000 	C:\windows\SYSTEM32\VERSION.dll
0x00007ff80b4e0000 - 0x00007ff80b4e7000 	C:\windows\system32\PSAPI.DLL
0x00007ff80ba10000 - 0x00007ff80ba6a000 	C:\windows\system32\WS2_32.dll
0x00007ff8042d0000 - 0x00007ff8042fa000 	C:\windows\SYSTEM32\WINMMBASE.dll
0x00007ff80b4d0000 - 0x00007ff80b4d9000 	C:\windows\system32\NSI.dll
0x00007ff809220000 - 0x00007ff80926f000 	C:\windows\SYSTEM32\cfgmgr32.dll
0x00007ff807e50000 - 0x00007ff807e78000 	C:\windows\SYSTEM32\DEVOBJ.dll
0x00007ff804e20000 - 0x00007ff804e2f000 	C:\Program Files\Android\Android Studio\jre\jre\bin\verify.dll
0x00007ff8049e0000 - 0x00007ff804a09000 	C:\Program Files\Android\Android Studio\jre\jre\bin\java.dll
0x00007ff8049c0000 - 0x00007ff8049d6000 	C:\Program Files\Android\Android Studio\jre\jre\bin\zip.dll
0x00007ff809b30000 - 0x00007ff80b058000 	C:\windows\system32\SHELL32.dll
0x00007ff80bb90000 - 0x00007ff80bda1000 	C:\windows\SYSTEM32\combase.dll
0x00007ff80b9b0000 - 0x00007ff80ba04000 	C:\windows\system32\SHLWAPI.dll
0x00007ff8073b0000 - 0x00007ff807462000 	C:\windows\SYSTEM32\SHCORE.dll
0x00007ff809030000 - 0x00007ff809045000 	C:\windows\SYSTEM32\profapi.dll

VM Arguments:
jvm_args: -Djava.awt.headless=true -Xmx1024M -Dfile.encoding=windows-1252 -Duser.country=US -Duser.language=en -Duser.variant 
java_command: com.android.dx.command.Main --dex --verbose --force-jumbo --num-threads=4 --multi-dex --output C:\Users\bruh\Desktop\COMP150-MOB\QueueR\app\build\intermediates\transforms\dex\debug\folders\1000\10\io.fabric.sdk.android-fabric-1.3.14_b5bbf973bd9b3afceb4fdb893f2c8a13ed151e9a C:\Users\bruh\Desktop\COMP150-MOB\QueueR\app\build\intermediates\exploded-aar\io.fabric.sdk.android\fabric\1.3.14\jars\classes.jar
java_class_path (initial): C:\Users\bruh\AppData\Local\Android\sdk\build-tools\24.0.1\lib\dx.jar
Launcher Type: SUN_STANDARD

Environment Variables:
PATH=C:\Program Files\Java\jdk1.8.0_101\bin\;C:\ProgramData\Oracle\Java\javapath;C:\windows\system32;C:\windows;C:\windows\System32\Wbem;C:\windows\System32\WindowsPowerShell\v1.0\;C:\Program Files\nodejs\;C:\Program Files (x86)\Heroku\bin;C:\Program Files (x86)\git\cmd;C:\Users\bruh\AppData\Roaming\npm;C:\Program Files (x86)\Skype\Phone\;C:\Program Files (x86)\GtkSharp\2.12\bin;C:\Program Files\Java\jdk1.8.0_101\bin\
USERNAME=bruh
OS=Windows_NT
PROCESSOR_IDENTIFIER=Intel64 Family 6 Model 69 Stepping 1, GenuineIntel



---------------  S Y S T E M  ---------------

OS: Windows 8.1 , 64 bit Build 9600 (6.3.9600.17415)

CPU:total 4 (2 cores per cpu, 2 threads per core) family 6 model 69 stepping 1, cmov, cx8, fxsr, mmx, sse, sse2, sse3, ssse3, sse4.1, sse4.2, popcnt, avx, avx2, aes, clmul, erms, lzcnt, ht, tsc, tscinvbit, bmi1, bmi2

Memory: 4k page, physical 4097056k(156140k free), swap 7242784k(5476k free)

vm_info: OpenJDK 64-Bit Server VM (25.76-b03) for windows-amd64 JRE (1.8.0_76-release-b03), built on Jun 29 2016 19:09:20 by "ralucas" with MS VC++ 10.0 (VS2010)

time: Thu Dec 15 02:45:22 2016
elapsed time: 4 seconds (0d 0h 0m 4s)

