#
# There is insufficient memory for the Java Runtime Environment to continue.
# Native memory allocation (malloc) failed to allocate 873936 bytes for Chunk::new
# Possible reasons:
#   The system is out of physical RAM or swap space
#   In 32 bit mode, the process size limit was hit
# Possible solutions:
#   Reduce memory load on the system
#   Increase physical memory or swap space
#   Check if swap backing store is full
#   Use 64 bit Java on a 64 bit OS
#   Decrease Java heap size (-Xmx/-Xms)
#   Decrease number of Java threads
#   Decrease Java thread stack sizes (-Xss)
#   Set larger code cache with -XX:ReservedCodeCacheSize=
# This output file may be truncated or incomplete.
#
#  Out of Memory Error (allocation.cpp:390), pid=2944, tid=0x0000000000000c8c
#
# JRE version: OpenJDK Runtime Environment (8.0_76-b03) (build 1.8.0_76-release-b03)
# Java VM: OpenJDK 64-Bit Server VM (25.76-b03 mixed mode windows-amd64 compressed oops)
# Failed to write core dump. Minidumps are not enabled by default on client versions of Windows
#

---------------  T H R E A D  ---------------

Current thread (0x0000000014b25800):  JavaThread "C2 CompilerThread1" daemon [_thread_in_native, id=3212, stack(0x0000000016210000,0x0000000016310000)]

Stack: [0x0000000016210000,0x0000000016310000]
[error occurred during error reporting (printing stack bounds), id 0xc0000005]

Native frames: (J=compiled Java code, j=interpreted, Vv=VM code, C=native code)


Current CompileTask:
C2:  12294 1797       4       com.android.dx.rop.code.LocalVariableExtractor::processBlock (327 bytes)


---------------  P R O C E S S  ---------------

Java Threads: ( => current thread )
  0x00000000166a1000 JavaThread "pool-2-thread-4" [_thread_blocked, id=3128, stack(0x0000000016e10000,0x0000000016f10000)]
  0x00000000166a0000 JavaThread "pool-2-thread-3" [_thread_blocked, id=288, stack(0x0000000016d10000,0x0000000016e10000)]
  0x000000001669f800 JavaThread "pool-2-thread-2" [_thread_blocked, id=1592, stack(0x0000000016c10000,0x0000000016d10000)]
  0x000000001669c800 JavaThread "pool-3-thread-1" [_thread_blocked, id=4552, stack(0x0000000016b10000,0x0000000016c10000)]
  0x0000000016661800 JavaThread "pool-2-thread-1" [_thread_blocked, id=2972, stack(0x0000000016a10000,0x0000000016b10000)]
  0x0000000016411800 JavaThread "Service Thread" daemon [_thread_blocked, id=3132, stack(0x0000000016810000,0x0000000016910000)]
  0x0000000014b2b800 JavaThread "C1 CompilerThread2" daemon [_thread_blocked, id=5756, stack(0x0000000016310000,0x0000000016410000)]
=>0x0000000014b25800 JavaThread "C2 CompilerThread1" daemon [_thread_in_native, id=3212, stack(0x0000000016210000,0x0000000016310000)]
  0x0000000014ad7800 JavaThread "C2 CompilerThread0" daemon [_thread_blocked, id=3144, stack(0x0000000016110000,0x0000000016210000)]
  0x0000000014ad6000 JavaThread "Attach Listener" daemon [_thread_blocked, id=1776, stack(0x0000000016010000,0x0000000016110000)]
  0x0000000014ad5000 JavaThread "Signal Dispatcher" daemon [_thread_blocked, id=6492, stack(0x0000000015f10000,0x0000000016010000)]
  0x000000000235b000 JavaThread "Finalizer" daemon [_thread_blocked, id=6612, stack(0x0000000015d30000,0x0000000015e30000)]
  0x0000000002350000 JavaThread "Reference Handler" daemon [_thread_blocked, id=4076, stack(0x0000000015c30000,0x0000000015d30000)]
  0x0000000002260800 JavaThread "main" [_thread_in_Java, id=4708, stack(0x00000000020f0000,0x00000000021f0000)]

Other Threads:
  0x0000000014a96800 VMThread [stack: 0x0000000015b30000,0x0000000015c30000] [id=5848]
  0x0000000016413800 WatcherThread [stack: 0x0000000016910000,0x0000000016a10000] [id=3044]

VM state:not at safepoint (normal execution)

VM Mutex/Monitor currently owned by a thread: None

Heap:
 PSYoungGen      total 35328K, used 17020K [0x00000000eab00000, 0x00000000ef000000, 0x0000000100000000)
  eden space 32768K, 44% used [0x00000000eab00000,0x00000000eb925398,0x00000000ecb00000)
  from space 2560K, 99% used [0x00000000ecb00000,0x00000000ecd79c78,0x00000000ecd80000)
  to   space 2560K, 0% used [0x00000000eed80000,0x00000000eed80000,0x00000000ef000000)
 ParOldGen       total 44032K, used 7002K [0x00000000c0000000, 0x00000000c2b00000, 0x00000000eab00000)
  object space 44032K, 15% used [0x00000000c0000000,0x00000000c06d6820,0x00000000c2b00000)
 Metaspace       used 6259K, capacity 7152K, committed 7296K, reserved 1056768K
  class space    used 578K, capacity 616K, committed 640K, reserved 1048576K

Card table byte_map: [0x00000000117c0000,0x00000000119d0000] byte_map_base: 0x00000000111c0000

Marking Bits: (ParMarkBitMap*) 0x00000000538d9d00
 Begin Bits: [0x0000000011f30000, 0x0000000012f30000)
 End Bits:   [0x0000000012f30000, 0x0000000013f30000)

Polling page: 0x00000000021f0000

CodeCache: size=245760Kb used=7404Kb max_used=7415Kb free=238355Kb
 bounds [0x0000000002400000, 0x0000000002b50000, 0x0000000011400000]
 total_blobs=2050 nmethods=1781 adapters=182
 compilation: enabled

Compilation events (10 events):
Event: 12.110 Thread 0x0000000014ad7800 1805       4       java.util.ArrayList::removeRange (75 bytes)
Event: 12.115 Thread 0x0000000014ad7800 nmethod 1805 0x0000000002b29910 code [0x0000000002b29a60, 0x0000000002b29bd8]
Event: 12.115 Thread 0x0000000014ad7800 1802       4       java.lang.StringBuilder::append (8 bytes)
Event: 12.126 Thread 0x0000000014ad7800 nmethod 1802 0x0000000002b42c90 code [0x0000000002b42de0, 0x0000000002b431b8]
Event: 12.126 Thread 0x0000000014ad7800 1807       4       com.android.dx.ssa.SsaBasicBlock::scheduleMovesFromPhis (108 bytes)
Event: 12.127 Thread 0x0000000014ad7800 nmethod 1807 0x0000000002b28f10 code [0x0000000002b29040, 0x0000000002b290f8]
Event: 12.127 Thread 0x0000000014ad7800 1806       4       java.util.ArrayList$SubList::removeRange (47 bytes)
Event: 12.150 Thread 0x0000000014ad7800 nmethod 1806 0x0000000002b43590 code [0x0000000002b436e0, 0x0000000002b43958]
Event: 12.150 Thread 0x0000000014ad7800 1799       4       java.util.TreeMap$PrivateEntryIterator::hasNext (13 bytes)
Event: 12.151 Thread 0x0000000014ad7800 nmethod 1799 0x000000000290d010 code [0x000000000290d140, 0x000000000290d1b8]

GC Heap History (6 events):
Event: 2.136 GC heap before
{Heap before GC invocations=1 (full 0):
 PSYoungGen      total 18944K, used 16384K [0x00000000eab00000, 0x00000000ec000000, 0x0000000100000000)
  eden space 16384K, 100% used [0x00000000eab00000,0x00000000ebb00000,0x00000000ebb00000)
  from space 2560K, 0% used [0x00000000ebd80000,0x00000000ebd80000,0x00000000ec000000)
  to   space 2560K, 0% used [0x00000000ebb00000,0x00000000ebb00000,0x00000000ebd80000)
 ParOldGen       total 44032K, used 0K [0x00000000c0000000, 0x00000000c2b00000, 0x00000000eab00000)
  object space 44032K, 0% used [0x00000000c0000000,0x00000000c0000000,0x00000000c2b00000)
 Metaspace       used 5363K, capacity 6384K, committed 6528K, reserved 1056768K
  class space    used 566K, capacity 616K, committed 640K, reserved 1048576K
Event: 2.215 GC heap after
Heap after GC invocations=1 (full 0):
 PSYoungGen      total 18944K, used 2547K [0x00000000eab00000, 0x00000000ed000000, 0x0000000100000000)
  eden space 16384K, 0% used [0x00000000eab00000,0x00000000eab00000,0x00000000ebb00000)
  from space 2560K, 99% used [0x00000000ebb00000,0x00000000ebd7cea8,0x00000000ebd80000)
  to   space 2560K, 0% used [0x00000000ecd80000,0x00000000ecd80000,0x00000000ed000000)
 ParOldGen       total 44032K, used 631K [0x00000000c0000000, 0x00000000c2b00000, 0x00000000eab00000)
  object space 44032K, 1% used [0x00000000c0000000,0x00000000c009dc68,0x00000000c2b00000)
 Metaspace       used 5363K, capacity 6384K, committed 6528K, reserved 1056768K
  class space    used 566K, capacity 616K, committed 640K, reserved 1048576K
}
Event: 4.470 GC heap before
{Heap before GC invocations=2 (full 0):
 PSYoungGen      total 18944K, used 18931K [0x00000000eab00000, 0x00000000ed000000, 0x0000000100000000)
  eden space 16384K, 100% used [0x00000000eab00000,0x00000000ebb00000,0x00000000ebb00000)
  from space 2560K, 99% used [0x00000000ebb00000,0x00000000ebd7cea8,0x00000000ebd80000)
  to   space 2560K, 0% used [0x00000000ecd80000,0x00000000ecd80000,0x00000000ed000000)
 ParOldGen       total 44032K, used 631K [0x00000000c0000000, 0x00000000c2b00000, 0x00000000eab00000)
  object space 44032K, 1% used [0x00000000c0000000,0x00000000c009dc68,0x00000000c2b00000)
 Metaspace       used 5903K, capacity 6896K, committed 7040K, reserved 1056768K
  class space    used 576K, capacity 616K, committed 640K, reserved 1048576K
Event: 5.697 GC heap after
Heap after GC invocations=2 (full 0):
 PSYoungGen      total 35328K, used 2538K [0x00000000eab00000, 0x00000000ed000000, 0x0000000100000000)
  eden space 32768K, 0% used [0x00000000eab00000,0x00000000eab00000,0x00000000ecb00000)
  from space 2560K, 99% used [0x00000000ecd80000,0x00000000ecffaab8,0x00000000ed000000)
  to   space 2560K, 0% used [0x00000000ecb00000,0x00000000ecb00000,0x00000000ecd80000)
 ParOldGen       total 44032K, used 2246K [0x00000000c0000000, 0x00000000c2b00000, 0x00000000eab00000)
  object space 44032K, 5% used [0x00000000c0000000,0x00000000c0231938,0x00000000c2b00000)
 Metaspace       used 5903K, capacity 6896K, committed 7040K, reserved 1056768K
  class space    used 576K, capacity 616K, committed 640K, reserved 1048576K
}
Event: 10.871 GC heap before
{Heap before GC invocations=3 (full 0):
 PSYoungGen      total 35328K, used 35306K [0x00000000eab00000, 0x00000000ed000000, 0x0000000100000000)
  eden space 32768K, 100% used [0x00000000eab00000,0x00000000ecb00000,0x00000000ecb00000)
  from space 2560K, 99% used [0x00000000ecd80000,0x00000000ecffaab8,0x00000000ed000000)
  to   space 2560K, 0% used [0x00000000ecb00000,0x00000000ecb00000,0x00000000ecd80000)
 ParOldGen       total 44032K, used 2246K [0x00000000c0000000, 0x00000000c2b00000, 0x00000000eab00000)
  object space 44032K, 5% used [0x00000000c0000000,0x00000000c0231938,0x00000000c2b00000)
 Metaspace       used 6232K, capacity 7088K, committed 7296K, reserved 1056768K
  class space    used 577K, capacity 616K, committed 640K, reserved 1048576K
Event: 11.329 GC heap after
Heap after GC invocations=3 (full 0):
 PSYoungGen      total 35328K, used 2535K [0x00000000eab00000, 0x00000000ef000000, 0x0000000100000000)
  eden space 32768K, 0% used [0x00000000eab00000,0x00000000eab00000,0x00000000ecb00000)
  from space 2560K, 99% used [0x00000000ecb00000,0x00000000ecd79c78,0x00000000ecd80000)
  to   space 2560K, 0% used [0x00000000eed80000,0x00000000eed80000,0x00000000ef000000)
 ParOldGen       total 44032K, used 7002K [0x00000000c0000000, 0x00000000c2b00000, 0x00000000eab00000)
  object space 44032K, 15% used [0x00000000c0000000,0x00000000c06d6820,0x00000000c2b00000)
 Metaspace       used 6232K, capacity 7088K, committed 7296K, reserved 1056768K
  class space    used 577K, capacity 616K, committed 640K, reserved 1048576K
}

Deoptimization events (8 events):
Event: 1.035 Thread 0x0000000002260800 Uncommon trap: reason=unstable_if action=reinterpret pc=0x000000000254d254 method=java.lang.String.compareTo(Ljava/lang/String;)I @ 38
Event: 2.440 Thread 0x000000001669f800 Uncommon trap: reason=unstable_if action=reinterpret pc=0x0000000002656630 method=java.util.BitSet.nextSetBit(I)I @ 87
Event: 2.450 Thread 0x000000001669f800 Uncommon trap: reason=unstable_if action=reinterpret pc=0x000000000261aa64 method=java.util.HashMap.getNode(ILjava/lang/Object;)Ljava/util/HashMap$Node; @ 129
Event: 3.505 Thread 0x00000000166a1000 Uncommon trap: reason=unstable_if action=reinterpret pc=0x0000000002777a1c method=com.android.dx.rop.cst.Constant.compareTo(Lcom/android/dx/rop/cst/Constant;)I @ 12
Event: 8.281 Thread 0x00000000166a1000 Uncommon trap: reason=null_check action=make_not_entrant pc=0x00000000029d5ac4 method=com.android.dx.ssa.SsaRenamer.getLocalForNewReg(I)Lcom/android/dx/rop/code/LocalItem; @ 19
Event: 9.324 Thread 0x0000000016661800 Uncommon trap: reason=unstable_if action=reinterpret pc=0x0000000002905cf4 method=com.android.dx.ssa.SCCP.simulateStmt(Lcom/android/dx/ssa/SsaInsn;)V @ 53
Event: 11.506 Thread 0x000000001669f800 Uncommon trap: reason=bimorphic action=maybe_recompile pc=0x0000000002a47548 method=com.android.dx.ssa.SCCP.simulatePhi(Lcom/android/dx/ssa/PhiInsn;)V @ 124
Event: 11.591 Thread 0x0000000002260800 Uncommon trap: reason=unstable_if action=reinterpret pc=0x0000000002ad6af8 method=com.android.dx.rop.cst.StdConstantPool.set(ILcom/android/dx/rop/cst/Constant;)V @ 12

Internal exceptions (3 events):
Event: 0.196 Thread 0x0000000002260800 Exception <a 'java/lang/NoSuchMethodError': Method sun.misc.Unsafe.defineClass(Ljava/lang/String;[BII)Ljava/lang/Class; name or signature does not match> (0x00000000eab07cc0) thrown at [C:\src\android\AOSP-openjdk\external\jetbrains\jdk\hotspot\src\share\v√ÖM…<!…?
Event: 0.196 Thread 0x0000000002260800 Exception <a 'java/lang/NoSuchMethodError': Method sun.misc.Unsafe.prefetchRead(Ljava/lang/Object;J)V name or signature does not match> (0x00000000eab07fa8) thrown at [C:\src\android\AOSP-openjdk\external\jetbrains\jdk\hotspot\src\share\vm\prims\jni.cpp, lO^*v—è @
Event: 8.281 Thread 0x00000000166a1000 Implicit null exception at 0x00000000029d26b5 to 0x00000000029d5a89

Events (10 events):
Event: 11.370 loading class com/android/dx/rop/code/RegisterSpec$1
Event: 11.370 loading class com/android/dx/rop/code/RegisterSpec$1 done
Event: 11.506 Thread 0x000000001669f800 Uncommon trap: trap_request=0xffffffc6 fr.pc=0x0000000002a47548
Event: 11.506 Thread 0x000000001669f800 DEOPT PACKING pc=0x0000000002a47548 sp=0x0000000016d0e7e0
Event: 11.506 Thread 0x000000001669f800 DEOPT UNPACKING pc=0x000000000244556a sp=0x0000000016d0e7a8 mode 2
Event: 11.567 loading class com/android/dx/cf/code/SwitchList
Event: 11.567 loading class com/android/dx/cf/code/SwitchList done
Event: 11.591 Thread 0x0000000002260800 Uncommon trap: trap_request=0xffffff65 fr.pc=0x0000000002ad6af8
Event: 11.591 Thread 0x0000000002260800 DEOPT PACKING pc=0x0000000002ad6af8 sp=0x00000000021eea60
Event: 11.591 Thread 0x0000000002260800 DEOPT UNPACKING pc=0x000000000244556a sp=0x00000000021ee9f0 mode 2


Dynamic libraries:
0x00007ff7bbf40000 - 0x00007ff7bbf71000 	C:\Program Files\Android\Android Studio\jre\bin\java.exe
0x00007ff80bf10000 - 0x00007ff80c0bd000 	C:\windows\SYSTEM32\ntdll.dll
0x00007ff809590000 - 0x00007ff8096ce000 	C:\windows\system32\KERNEL32.DLL
0x00007ff809100000 - 0x00007ff809215000 	C:\windows\system32\KERNELBASE.dll
0x00007ff8098e0000 - 0x00007ff80998a000 	C:\windows\system32\ADVAPI32.dll
0x00007ff80b290000 - 0x00007ff80b407000 	C:\windows\system32\USER32.dll
0x00007ff806020000 - 0x00007ff80629b000 	C:\windows\WinSxS\amd64_microsoft.windows.common-controls_6595b64144ccf1df_6.0.9600.18006_none_623f33d3ecbe86e8\COMCTL32.dll
0x00007ff80b420000 - 0x00007ff80b4ca000 	C:\windows\system32\msvcrt.dll
0x00007ff80b6b0000 - 0x00007ff80b709000 	C:\windows\SYSTEM32\sechost.dll
0x00007ff8097a0000 - 0x00007ff8098e0000 	C:\windows\system32\RPCRT4.dll
0x00007ff80b860000 - 0x00007ff80b9af000 	C:\windows\system32\GDI32.dll
0x00007ff809560000 - 0x00007ff80958e000 	C:\windows\system32\SspiCli.dll
0x00007ff80b250000 - 0x00007ff80b286000 	C:\windows\system32\IMM32.DLL
0x00007ff80bdb0000 - 0x00007ff80bf02000 	C:\windows\system32\MSCTF.dll
0x0000000052f60000 - 0x0000000053032000 	C:\Program Files\Android\Android Studio\jre\jre\bin\msvcr100.dll
0x0000000053120000 - 0x0000000053954000 	C:\Program Files\Android\Android Studio\jre\jre\bin\server\jvm.dll
0x00007ff800dc0000 - 0x00007ff800dc9000 	C:\windows\SYSTEM32\WSOCK32.dll
0x00007ff804300000 - 0x00007ff804322000 	C:\windows\SYSTEM32\WINMM.dll
0x00007ff801630000 - 0x00007ff80163a000 	C:\windows\SYSTEM32\VERSION.dll
0x00007ff80b4e0000 - 0x00007ff80b4e7000 	C:\windows\system32\PSAPI.DLL
0x00007ff80ba10000 - 0x00007ff80ba6a000 	C:\windows\system32\WS2_32.dll
0x00007ff8042d0000 - 0x00007ff8042fa000 	C:\windows\SYSTEM32\WINMMBASE.dll
0x00007ff80b4d0000 - 0x00007ff80b4d9000 	C:\windows\system32\NSI.dll
0x00007ff809220000 - 0x00007ff80926f000 	C:\windows\SYSTEM32\cfgmgr32.dll
0x00007ff807e50000 - 0x00007ff807e78000 	C:\windows\SYSTEM32\DEVOBJ.dll
0x00007ff804e20000 - 0x00007ff804e2f000 	C:\Program Files\Android\Android Studio\jre\jre\bin\verify.dll
0x00007ff8049e0000 - 0x00007ff804a09000 	C:\Program Files\Android\Android Studio\jre\jre\bin\java.dll
0x00007ff8049c0000 - 0x00007ff8049d6000 	C:\Program Files\Android\Android Studio\jre\jre\bin\zip.dll
0x00007ff809b30000 - 0x00007ff80b058000 	C:\windows\system32\SHELL32.dll
0x00007ff80bb90000 - 0x00007ff80bda1000 	C:\windows\SYSTEM32\combase.dll
0x00007ff80b9b0000 - 0x00007ff80ba04000 	C:\windows\system32\SHLWAPI.dll
0x00007ff8073b0000 - 0x00007ff807462000 	C:\windows\SYSTEM32\SHCORE.dll
0x00007ff809030000 - 0x00007ff809045000 	C:\windows\SYSTEM32\profapi.dll

VM Arguments:
jvm_args: -Djava.awt.headless=true -Xmx1024M -Dfile.encoding=windows-1252 -Duser.country=US -Duser.language=en -Duser.variant 
java_command: com.android.dx.command.Main --dex --verbose --force-jumbo --num-threads=4 --multi-dex --output C:\Users\bruh\Desktop\COMP150-MOB\QueueR\app\build\intermediates\transforms\dex\debug\folders\1000\10\internal_impl-24.1.1_114bff3452e597ac8d6e45ad76bd2520d9cc42a6 C:\Users\bruh\Desktop\COMP150-MOB\QueueR\app\build\intermediates\exploded-aar\com.android.support\support-v4\24.1.1\jars\libs\internal_impl-24.1.1.jar
java_class_path (initial): C:\Users\bruh\AppData\Local\Android\sdk\build-tools\24.0.1\lib\dx.jar
Launcher Type: SUN_STANDARD

Environment Variables:
PATH=C:\Program Files\Java\jdk1.8.0_101\bin\;C:\ProgramData\Oracle\Java\javapath;C:\windows\system32;C:\windows;C:\windows\System32\Wbem;C:\windows\System32\WindowsPowerShell\v1.0\;C:\Program Files\nodejs\;C:\Program Files (x86)\Heroku\bin;C:\Program Files (x86)\git\cmd;C:\Users\bruh\AppData\Roaming\npm;C:\Program Files (x86)\Skype\Phone\;C:\Program Files (x86)\GtkSharp\2.12\bin;C:\Program Files\Java\jdk1.8.0_101\bin\
USERNAME=bruh
OS=Windows_NT
PROCESSOR_IDENTIFIER=Intel64 Family 6 Model 69 Stepping 1, GenuineIntel



---------------  S Y S T E M  ---------------

OS: Windows 8.1 , 64 bit Build 9600 (6.3.9600.17415)

CPU:total 4 (2 cores per cpu, 2 threads per core) family 6 model 69 stepping 1, cmov, cx8, fxsr, mmx, sse, sse2, sse3, ssse3, sse4.1, sse4.2, popcnt, avx, avx2, aes, clmul, erms, lzcnt, ht, tsc, tscinvbit, bmi1, bmi2

Memory: 4k page, physical 4097056k(245676k free), swap 7242784k(5096k free)

vm_info: OpenJDK 64-Bit Server VM (25.76-b03) for windows-amd64 JRE (1.8.0_76-release-b03), built on Jun 29 2016 19:09:20 by "ralucas" with MS VC++ 10.0 (VS2010)

time: Thu Dec 15 02:54:10 2016
elapsed time: 12 seconds (0d 0h 0m 12s)

