#
# There is insufficient memory for the Java Runtime Environment to continue.
# Native memory allocation (malloc) failed to allocate 32744 bytes for ChunkPool::allocate
# Possible reasons:
#   The system is out of physical RAM or swap space
#   In 32 bit mode, the process size limit was hit
# Possible solutions:
#   Reduce memory load on the system
#   Increase physical memory or swap space
#   Check if swap backing store is full
#   Use 64 bit Java on a 64 bit OS
#   Decrease Java heap size (-Xmx/-Xms)
#   Decrease number of Java threads
#   Decrease Java thread stack sizes (-Xss)
#   Set larger code cache with -XX:ReservedCodeCacheSize=
# This output file may be truncated or incomplete.
#
#  Out of Memory Error (allocation.cpp:273), pid=1892, tid=0x00000000000017b4
#
# JRE version: OpenJDK Runtime Environment (8.0_76-b03) (build 1.8.0_76-release-b03)
# Java VM: OpenJDK 64-Bit Server VM (25.76-b03 mixed mode windows-amd64 compressed oops)
# Failed to write core dump. Minidumps are not enabled by default on client versions of Windows
#

---------------  T H R E A D  ---------------

Current thread (0x0000000014ca5800):  JavaThread "C2 CompilerThread1" daemon [_thread_in_native, id=6068, stack(0x0000000016380000,0x0000000016480000)]

Stack: [0x0000000016380000,0x0000000016480000]
[error occurred during error reporting (printing stack bounds), id 0xc0000005]

Native frames: (J=compiled Java code, j=interpreted, Vv=VM code, C=native code)


Current CompileTask:
C2:   5941  694       4       com.android.dx.rop.code.RegisterSpec::hashCodeOf (30 bytes)


---------------  P R O C E S S  ---------------

Java Threads: ( => current thread )
  0x000000001681c800 JavaThread "pool-2-thread-4" [_thread_in_Java, id=3912, stack(0x0000000016f80000,0x0000000017080000)]
  0x000000001681b800 JavaThread "pool-2-thread-3" [_thread_in_Java, id=3264, stack(0x0000000016e80000,0x0000000016f80000)]
  0x000000001681b000 JavaThread "pool-2-thread-2" [_thread_in_vm, id=6676, stack(0x0000000016d80000,0x0000000016e80000)]
  0x0000000016818000 JavaThread "pool-3-thread-1" [_thread_blocked, id=6100, stack(0x0000000016c80000,0x0000000016d80000)]
  0x0000000016817800 JavaThread "pool-2-thread-1" [_thread_in_vm, id=4340, stack(0x0000000016b80000,0x0000000016c80000)]
  0x000000001658c000 JavaThread "Service Thread" daemon [_thread_blocked, id=6844, stack(0x0000000016980000,0x0000000016a80000)]
  0x0000000014cac000 JavaThread "C1 CompilerThread2" daemon [_thread_in_native, id=2296, stack(0x0000000016480000,0x0000000016580000)]
=>0x0000000014ca5800 JavaThread "C2 CompilerThread1" daemon [_thread_in_native, id=6068, stack(0x0000000016380000,0x0000000016480000)]
  0x0000000014c58000 JavaThread "C2 CompilerThread0" daemon [_thread_in_native, id=6384, stack(0x0000000016280000,0x0000000016380000)]
  0x0000000014c57000 JavaThread "Attach Listener" daemon [_thread_blocked, id=6752, stack(0x0000000016180000,0x0000000016280000)]
  0x0000000014c54000 JavaThread "Signal Dispatcher" daemon [_thread_blocked, id=4792, stack(0x0000000016080000,0x0000000016180000)]
  0x00000000024bb000 JavaThread "Finalizer" daemon [_thread_blocked, id=2392, stack(0x0000000015ea0000,0x0000000015fa0000)]
  0x00000000024b0000 JavaThread "Reference Handler" daemon [_thread_blocked, id=5736, stack(0x0000000015da0000,0x0000000015ea0000)]
  0x00000000023c0800 JavaThread "main" [_thread_in_Java, id=6608, stack(0x0000000000b20000,0x0000000000c20000)]

Other Threads:
  0x0000000014c16800 VMThread [stack: 0x0000000015ca0000,0x0000000015da0000] [id=6652]
  0x0000000016582000 WatcherThread [stack: 0x0000000016a80000,0x0000000016b80000] [id=3664]

VM state:not at safepoint (normal execution)

VM Mutex/Monitor currently owned by a thread: None

Heap:
 PSYoungGen      total 18944K, used 6653K [0x00000000eab00000, 0x00000000ec000000, 0x0000000100000000)
  eden space 16384K, 25% used [0x00000000eab00000,0x00000000eaf01298,0x00000000ebb00000)
  from space 2560K, 99% used [0x00000000ebb00000,0x00000000ebd7e408,0x00000000ebd80000)
  to   space 2560K, 0% used [0x00000000ebd80000,0x00000000ebd80000,0x00000000ec000000)
 ParOldGen       total 44032K, used 785K [0x00000000c0000000, 0x00000000c2b00000, 0x00000000eab00000)
  object space 44032K, 1% used [0x00000000c0000000,0x00000000c00c4648,0x00000000c2b00000)
 Metaspace       used 5509K, capacity 6640K, committed 6784K, reserved 1056768K
  class space    used 563K, capacity 616K, committed 640K, reserved 1048576K

Card table byte_map: [0x0000000011940000,0x0000000011b50000] byte_map_base: 0x0000000011340000

Marking Bits: (ParMarkBitMap*) 0x00000000538d9d00
 Begin Bits: [0x00000000120b0000, 0x00000000130b0000)
 End Bits:   [0x00000000130b0000, 0x00000000140b0000)

Polling page: 0x0000000000960000

CodeCache: size=245760Kb used=2425Kb max_used=2436Kb free=243334Kb
 bounds [0x0000000002580000, 0x00000000027f0000, 0x0000000011580000]
 total_blobs=922 nmethods=660 adapters=176
 compilation: enabled

Compilation events (10 events):
Event: 5.920 Thread 0x0000000014ca5800  683       4       com.android.dx.ssa.SsaMethod::getExitBlock (26 bytes)
Event: 5.921 Thread 0x0000000014c58000  684       4       java.util.BitSet::<init> (56 bytes)
Event: 5.922 Thread 0x0000000014ca5800 nmethod 683 0x00000000027e2350 code [0x00000000027e24a0, 0x00000000027e25b8]
Event: 5.923 Thread 0x0000000014c58000 nmethod 684 0x00000000027e1fd0 code [0x00000000027e2120, 0x00000000027e2278]
Event: 5.924 Thread 0x0000000014ca5800  688       4       java.util.ArrayList::remove (69 bytes)
Event: 5.925 Thread 0x0000000014c58000  690       4       java.util.HashMap::get (23 bytes)
Event: 5.928 Thread 0x0000000014ca5800 nmethod 688 0x00000000027e1b10 code [0x00000000027e1c60, 0x00000000027e1e18]
Event: 5.928 Thread 0x0000000014ca5800  693       4       com.android.dx.ssa.NormalSsaInsn::getOpcode (8 bytes)
Event: 5.929 Thread 0x0000000014ca5800 nmethod 693 0x00000000027dc8d0 code [0x00000000027dca00, 0x00000000027dca78]
Event: 5.931 Thread 0x0000000014ca5800  694       4       com.android.dx.rop.code.RegisterSpec::hashCodeOf (30 bytes)

GC Heap History (2 events):
Event: 5.319 GC heap before
{Heap before GC invocations=1 (full 0):
 PSYoungGen      total 18944K, used 16384K [0x00000000eab00000, 0x00000000ec000000, 0x0000000100000000)
  eden space 16384K, 100% used [0x00000000eab00000,0x00000000ebb00000,0x00000000ebb00000)
  from space 2560K, 0% used [0x00000000ebd80000,0x00000000ebd80000,0x00000000ec000000)
  to   space 2560K, 0% used [0x00000000ebb00000,0x00000000ebb00000,0x00000000ebd80000)
 ParOldGen       total 44032K, used 0K [0x00000000c0000000, 0x00000000c2b00000, 0x00000000eab00000)
  object space 44032K, 0% used [0x00000000c0000000,0x00000000c0000000,0x00000000c2b00000)
 Metaspace       used 5264K, capacity 6448K, committed 6528K, reserved 1056768K
  class space    used 558K, capacity 616K, committed 640K, reserved 1048576K
Event: 5.643 GC heap after
Heap after GC invocations=1 (full 0):
 PSYoungGen      total 18944K, used 2553K [0x00000000eab00000, 0x00000000ec000000, 0x0000000100000000)
  eden space 16384K, 0% used [0x00000000eab00000,0x00000000eab00000,0x00000000ebb00000)
  from space 2560K, 99% used [0x00000000ebb00000,0x00000000ebd7e408,0x00000000ebd80000)
  to   space 2560K, 0% used [0x00000000ebd80000,0x00000000ebd80000,0x00000000ec000000)
 ParOldGen       total 44032K, used 785K [0x00000000c0000000, 0x00000000c2b00000, 0x00000000eab00000)
  object space 44032K, 1% used [0x00000000c0000000,0x00000000c00c4648,0x00000000c2b00000)
 Metaspace       used 5264K, capacity 6448K, committed 6528K, reserved 1056768K
  class space    used 558K, capacity 616K, committed 640K, reserved 1048576K
}

Deoptimization events (4 events):
Event: 2.574 Thread 0x00000000023c0800 Uncommon trap: reason=unstable_if action=reinterpret pc=0x00000000026d3210 method=java.lang.String.indexOf(II)I @ 49
Event: 2.732 Thread 0x00000000023c0800 Uncommon trap: reason=unstable_if action=reinterpret pc=0x00000000026df414 method=java.lang.String.compareTo(Ljava/lang/String;)I @ 38
Event: 5.868 Thread 0x000000001681b000 Uncommon trap: reason=unstable_if action=reinterpret pc=0x00000000027a9500 method=java.util.HashMap.getNode(ILjava/lang/Object;)Ljava/util/HashMap$Node; @ 62
Event: 5.922 Thread 0x000000001681c800 Uncommon trap: reason=unstable_if action=reinterpret pc=0x00000000027b8ff4 method=java.util.BitSet.ensureCapacity(I)V @ 6

Internal exceptions (2 events):
Event: 0.466 Thread 0x00000000023c0800 Exception <a 'java/lang/NoSuchMethodError': Method sun.misc.Unsafe.defineClass(Ljava/lang/String;[BII)Ljava/lang/Class; name or signature does not match> (0x00000000eab07cc0) thrown at [C:\src\android\AOSP-openjdk\external\jetbrains\jdk\hotspot\src\share\v!V™DLÛÝ?
Event: 0.467 Thread 0x00000000023c0800 Exception <a 'java/lang/NoSuchMethodError': Method sun.misc.Unsafe.prefetchRead(Ljava/lang/Object;J)V name or signature does not match> (0x00000000eab07fa8) thrown at [C:\src\android\AOSP-openjdk\external\jetbrains\jdk\hotspot\src\share\vm\prims\jni.cpp, l

Events (10 events):
Event: 5.880 loading class java/util/ArrayList$1 done
Event: 5.915 loading class com/android/dx/cf/code/Ropper$ExceptionHandlerSetup
Event: 5.915 loading class com/android/dx/cf/code/Ropper$ExceptionHandlerSetup done
Event: 5.920 loading class java/util/HashMap$Values
Event: 5.920 loading class java/util/HashMap$Values done
Event: 5.920 loading class java/util/HashMap$ValueIterator
Event: 5.921 loading class java/util/HashMap$ValueIterator done
Event: 5.922 Thread 0x000000001681c800 Uncommon trap: trap_request=0xffffff65 fr.pc=0x00000000027b8ff4
Event: 5.922 Thread 0x000000001681c800 DEOPT PACKING pc=0x00000000027b8ff4 sp=0x000000001707e8e0
Event: 5.922 Thread 0x000000001681c800 DEOPT UNPACKING pc=0x00000000025c556a sp=0x000000001707e7c8 mode 2


Dynamic libraries:
0x00007ff7bbf40000 - 0x00007ff7bbf71000 	C:\Program Files\Android\Android Studio\jre\bin\java.exe
0x00007ff80bf10000 - 0x00007ff80c0bd000 	C:\windows\SYSTEM32\ntdll.dll
0x00007ff809590000 - 0x00007ff8096ce000 	C:\windows\system32\KERNEL32.DLL
0x00007ff809100000 - 0x00007ff809215000 	C:\windows\system32\KERNELBASE.dll
0x00007ff8098e0000 - 0x00007ff80998a000 	C:\windows\system32\ADVAPI32.dll
0x00007ff80b290000 - 0x00007ff80b407000 	C:\windows\system32\USER32.dll
0x00007ff806020000 - 0x00007ff80629b000 	C:\windows\WinSxS\amd64_microsoft.windows.common-controls_6595b64144ccf1df_6.0.9600.18006_none_623f33d3ecbe86e8\COMCTL32.dll
0x00007ff80b420000 - 0x00007ff80b4ca000 	C:\windows\system32\msvcrt.dll
0x00007ff80b6b0000 - 0x00007ff80b709000 	C:\windows\SYSTEM32\sechost.dll
0x00007ff8097a0000 - 0x00007ff8098e0000 	C:\windows\system32\RPCRT4.dll
0x00007ff80b860000 - 0x00007ff80b9af000 	C:\windows\system32\GDI32.dll
0x00007ff809560000 - 0x00007ff80958e000 	C:\windows\system32\SspiCli.dll
0x00007ff80b250000 - 0x00007ff80b286000 	C:\windows\system32\IMM32.DLL
0x00007ff80bdb0000 - 0x00007ff80bf02000 	C:\windows\system32\MSCTF.dll
0x0000000052f60000 - 0x0000000053032000 	C:\Program Files\Android\Android Studio\jre\jre\bin\msvcr100.dll
0x0000000053120000 - 0x0000000053954000 	C:\Program Files\Android\Android Studio\jre\jre\bin\server\jvm.dll
0x00007ff800dc0000 - 0x00007ff800dc9000 	C:\windows\SYSTEM32\WSOCK32.dll
0x00007ff804300000 - 0x00007ff804322000 	C:\windows\SYSTEM32\WINMM.dll
0x00007ff801630000 - 0x00007ff80163a000 	C:\windows\SYSTEM32\VERSION.dll
0x00007ff80b4e0000 - 0x00007ff80b4e7000 	C:\windows\system32\PSAPI.DLL
0x00007ff80ba10000 - 0x00007ff80ba6a000 	C:\windows\system32\WS2_32.dll
0x00007ff8042d0000 - 0x00007ff8042fa000 	C:\windows\SYSTEM32\WINMMBASE.dll
0x00007ff80b4d0000 - 0x00007ff80b4d9000 	C:\windows\system32\NSI.dll
0x00007ff809220000 - 0x00007ff80926f000 	C:\windows\SYSTEM32\cfgmgr32.dll
0x00007ff807e50000 - 0x00007ff807e78000 	C:\windows\SYSTEM32\DEVOBJ.dll
0x00007ff804e20000 - 0x00007ff804e2f000 	C:\Program Files\Android\Android Studio\jre\jre\bin\verify.dll
0x00007ff803cc0000 - 0x00007ff803ce9000 	C:\Program Files\Android\Android Studio\jre\jre\bin\java.dll
0x00007ff802cb0000 - 0x00007ff802cc6000 	C:\Program Files\Android\Android Studio\jre\jre\bin\zip.dll
0x00007ff809b30000 - 0x00007ff80b058000 	C:\windows\system32\SHELL32.dll
0x00007ff80bb90000 - 0x00007ff80bda1000 	C:\windows\SYSTEM32\combase.dll
0x00007ff80b9b0000 - 0x00007ff80ba04000 	C:\windows\system32\SHLWAPI.dll
0x00007ff8073b0000 - 0x00007ff807462000 	C:\windows\SYSTEM32\SHCORE.dll
0x00007ff809030000 - 0x00007ff809045000 	C:\windows\SYSTEM32\profapi.dll

VM Arguments:
jvm_args: -Djava.awt.headless=true -Xmx1024M -Dfile.encoding=windows-1252 -Duser.country=US -Duser.language=en -Duser.variant 
java_command: com.android.dx.command.Main --dex --verbose --force-jumbo --num-threads=4 --multi-dex --output C:\Users\bruh\Desktop\COMP150-MOB\QueueR\app\build\intermediates\transforms\dex\debug\folders\1000\10\com.android.support-appcompat-v7-25.1.0_2697c86a22be908088ee5a5dd7d344ff1a91ffa0 C:\Users\bruh\Desktop\COMP150-MOB\QueueR\app\build\intermediates\exploded-aar\com.android.support\appcompat-v7\25.1.0\jars\classes.jar
java_class_path (initial): C:\Users\bruh\AppData\Local\Android\sdk\build-tools\24.0.1\lib\dx.jar
Launcher Type: SUN_STANDARD

Environment Variables:
PATH=C:\Program Files\Java\jdk1.8.0_101\bin\;C:\ProgramData\Oracle\Java\javapath;C:\windows\system32;C:\windows;C:\windows\System32\Wbem;C:\windows\System32\WindowsPowerShell\v1.0\;C:\Program Files\nodejs\;C:\Program Files (x86)\Heroku\bin;C:\Program Files (x86)\git\cmd;C:\Users\bruh\AppData\Roaming\npm;C:\Program Files (x86)\Skype\Phone\;C:\Program Files (x86)\GtkSharp\2.12\bin;C:\Program Files\Java\jdk1.8.0_101\bin\
USERNAME=bruh
OS=Windows_NT
PROCESSOR_IDENTIFIER=Intel64 Family 6 Model 69 Stepping 1, GenuineIntel



---------------  S Y S T E M  ---------------

OS: Windows 8.1 , 64 bit Build 9600 (6.3.9600.17415)

CPU:total 4 (2 cores per cpu, 2 threads per core) family 6 model 69 stepping 1, cmov, cx8, fxsr, mmx, sse, sse2, sse3, ssse3, sse4.1, sse4.2, popcnt, avx, avx2, aes, clmul, erms, lzcnt, ht, tsc, tscinvbit, bmi1, bmi2

Memory: 4k page, physical 4097056k(183576k free), swap 7242784k(2644k free)

vm_info: OpenJDK 64-Bit Server VM (25.76-b03) for windows-amd64 JRE (1.8.0_76-release-b03), built on Jun 29 2016 19:09:20 by "ralucas" with MS VC++ 10.0 (VS2010)

time: Wed Dec 14 21:57:26 2016
elapsed time: 5 seconds (0d 0h 0m 5s)

