#
# There is insufficient memory for the Java Runtime Environment to continue.
# Native memory allocation (malloc) failed to allocate 32744 bytes for ChunkPool::allocate
# Possible reasons:
#   The system is out of physical RAM or swap space
#   In 32 bit mode, the process size limit was hit
# Possible solutions:
#   Reduce memory load on the system
#   Increase physical memory or swap space
#   Check if swap backing store is full
#   Use 64 bit Java on a 64 bit OS
#   Decrease Java heap size (-Xmx/-Xms)
#   Decrease number of Java threads
#   Decrease Java thread stack sizes (-Xss)
#   Set larger code cache with -XX:ReservedCodeCacheSize=
# This output file may be truncated or incomplete.
#
#  Out of Memory Error (allocation.cpp:273), pid=5808, tid=0x00000000000010f0
#
# JRE version: OpenJDK Runtime Environment (8.0_76-b03) (build 1.8.0_76-release-b03)
# Java VM: OpenJDK 64-Bit Server VM (25.76-b03 mixed mode windows-amd64 compressed oops)
# Failed to write core dump. Minidumps are not enabled by default on client versions of Windows
#

---------------  T H R E A D  ---------------

Current thread (0x0000000014f04800):  JavaThread "C2 CompilerThread1" daemon [_thread_in_native, id=4336, stack(0x0000000016500000,0x0000000016600000)]

Stack: [0x0000000016500000,0x0000000016600000]
[error occurred during error reporting (printing stack bounds), id 0xc0000005]

Native frames: (J=compiled Java code, j=interpreted, Vv=VM code, C=native code)


Current CompileTask:
C2:  12678 1082       4       com.android.dx.dex.code.OutputFinisher::addConstants (93 bytes)


---------------  P R O C E S S  ---------------

Java Threads: ( => current thread )
  0x0000000016941800 JavaThread "pool-1-thread-1" [_thread_in_vm, id=2996, stack(0x0000000016d00000,0x0000000016e00000)]
  0x000000001670b000 JavaThread "Service Thread" daemon [_thread_blocked, id=6384, stack(0x0000000016b00000,0x0000000016c00000)]
  0x0000000014f07000 JavaThread "C1 CompilerThread2" daemon [_thread_blocked, id=6368, stack(0x0000000016600000,0x0000000016700000)]
=>0x0000000014f04800 JavaThread "C2 CompilerThread1" daemon [_thread_in_native, id=4336, stack(0x0000000016500000,0x0000000016600000)]
  0x0000000014eb6800 JavaThread "C2 CompilerThread0" daemon [_thread_blocked, id=6488, stack(0x0000000016400000,0x0000000016500000)]
  0x0000000014eb5000 JavaThread "Attach Listener" daemon [_thread_blocked, id=4092, stack(0x0000000016300000,0x0000000016400000)]
  0x0000000014eb4000 JavaThread "Signal Dispatcher" daemon [_thread_blocked, id=5256, stack(0x0000000016200000,0x0000000016300000)]
  0x00000000027db000 JavaThread "Finalizer" daemon [_thread_blocked, id=4252, stack(0x0000000016100000,0x0000000016200000)]
  0x00000000027d0000 JavaThread "Reference Handler" daemon [_thread_blocked, id=136, stack(0x0000000016000000,0x0000000016100000)]
  0x00000000026e0800 JavaThread "main" [_thread_blocked, id=2832, stack(0x00000000024f0000,0x00000000025f0000)]

Other Threads:
  0x0000000014e76800 VMThread [stack: 0x0000000015f00000,0x0000000016000000] [id=5452]
  0x0000000016700800 WatcherThread [stack: 0x0000000016c00000,0x0000000016d00000] [id=5496]

VM state:not at safepoint (normal execution)

VM Mutex/Monitor currently owned by a thread: None

Heap:
 PSYoungGen      total 18944K, used 4198K [0x00000000eab00000, 0x00000000ed000000, 0x0000000100000000)
  eden space 16384K, 10% used [0x00000000eab00000,0x00000000eac9d9f0,0x00000000ebb00000)
  from space 2560K, 99% used [0x00000000ebb00000,0x00000000ebd7c048,0x00000000ebd80000)
  to   space 2560K, 0% used [0x00000000ecd80000,0x00000000ecd80000,0x00000000ed000000)
 ParOldGen       total 44032K, used 1397K [0x00000000c0000000, 0x00000000c2b00000, 0x00000000eab00000)
  object space 44032K, 3% used [0x00000000c0000000,0x00000000c015d470,0x00000000c2b00000)
 Metaspace       used 5866K, capacity 6832K, committed 7040K, reserved 1056768K
  class space    used 579K, capacity 616K, committed 640K, reserved 1048576K

Card table byte_map: [0x0000000011ba0000,0x0000000011db0000] byte_map_base: 0x00000000115a0000

Marking Bits: (ParMarkBitMap*) 0x00000000538d9d00
 Begin Bits: [0x0000000012310000, 0x0000000013310000)
 End Bits:   [0x0000000013310000, 0x0000000014310000)

Polling page: 0x0000000000d10000

CodeCache: size=245760Kb used=4365Kb max_used=4365Kb free=241394Kb
 bounds [0x00000000027e0000, 0x0000000002c30000, 0x00000000117e0000]
 total_blobs=1367 nmethods=1099 adapters=182
 compilation: enabled

Compilation events (10 events):
Event: 12.105 Thread 0x0000000014f07000 1099       1       com.android.dx.dex.file.DexFile::getStringData (5 bytes)
Event: 12.106 Thread 0x0000000014f07000 nmethod 1099 0x0000000002c24f10 code [0x0000000002c25060, 0x0000000002c25170]
Event: 12.106 Thread 0x0000000014f07000 1100       3       com.android.dx.dex.file.StringIdItem::addContents (36 bytes)
Event: 12.107 Thread 0x0000000014f07000 nmethod 1100 0x0000000002c251d0 code [0x0000000002c253a0, 0x0000000002c25cd8]
Event: 12.107 Thread 0x0000000014f07000 1101       3       com.android.dx.dex.file.StringDataItem::<init> (15 bytes)
Event: 12.108 Thread 0x0000000014f07000 nmethod 1101 0x0000000002c26250 code [0x0000000002c26400, 0x0000000002c26a88]
Event: 12.108 Thread 0x0000000014f07000 1102       3       com.android.dx.dex.file.StringDataItem::addContents (1 bytes)
Event: 12.108 Thread 0x0000000014f07000 nmethod 1102 0x0000000002c26e10 code [0x0000000002c26f60, 0x0000000002c270b0]
Event: 12.110 Thread 0x0000000014f07000 1103       3       com.android.dx.dex.file.CodeItem::itemType (4 bytes)
Event: 12.110 Thread 0x0000000014f07000 nmethod 1103 0x0000000002c27150 code [0x0000000002c272a0, 0x0000000002c273f0]

GC Heap History (2 events):
Event: 10.700 GC heap before
{Heap before GC invocations=1 (full 0):
 PSYoungGen      total 18944K, used 16384K [0x00000000eab00000, 0x00000000ec000000, 0x0000000100000000)
  eden space 16384K, 100% used [0x00000000eab00000,0x00000000ebb00000,0x00000000ebb00000)
  from space 2560K, 0% used [0x00000000ebd80000,0x00000000ebd80000,0x00000000ec000000)
  to   space 2560K, 0% used [0x00000000ebb00000,0x00000000ebb00000,0x00000000ebd80000)
 ParOldGen       total 44032K, used 0K [0x00000000c0000000, 0x00000000c2b00000, 0x00000000eab00000)
  object space 44032K, 0% used [0x00000000c0000000,0x00000000c0000000,0x00000000c2b00000)
 Metaspace       used 5765K, capacity 6768K, committed 7040K, reserved 1056768K
  class space    used 571K, capacity 616K, committed 640K, reserved 1048576K
Event: 10.845 GC heap after
Heap after GC invocations=1 (full 0):
 PSYoungGen      total 18944K, used 2544K [0x00000000eab00000, 0x00000000ed000000, 0x0000000100000000)
  eden space 16384K, 0% used [0x00000000eab00000,0x00000000eab00000,0x00000000ebb00000)
  from space 2560K, 99% used [0x00000000ebb00000,0x00000000ebd7c048,0x00000000ebd80000)
  to   space 2560K, 0% used [0x00000000ecd80000,0x00000000ecd80000,0x00000000ed000000)
 ParOldGen       total 44032K, used 1397K [0x00000000c0000000, 0x00000000c2b00000, 0x00000000eab00000)
  object space 44032K, 3% used [0x00000000c0000000,0x00000000c015d470,0x00000000c2b00000)
 Metaspace       used 5765K, capacity 6768K, committed 7040K, reserved 1056768K
  class space    used 571K, capacity 616K, committed 640K, reserved 1048576K
}

Deoptimization events (10 events):
Event: 10.188 Thread 0x0000000014ed8000 Uncommon trap: reason=class_check action=maybe_recompile pc=0x0000000002b34dc4 method=com.android.dx.ssa.NormalSsaInsn.accept(Lcom/android/dx/ssa/SsaInsn$Visitor;)V @ 9
Event: 10.188 Thread 0x0000000014ed8000 Uncommon trap: reason=class_check action=maybe_recompile pc=0x0000000002a6f670 method=com.android.dx.ssa.NormalSsaInsn.accept(Lcom/android/dx/ssa/SsaInsn$Visitor;)V @ 9
Event: 10.195 Thread 0x0000000014ed8000 Uncommon trap: reason=class_check action=maybe_recompile pc=0x0000000002b34dc4 method=com.android.dx.ssa.NormalSsaInsn.accept(Lcom/android/dx/ssa/SsaInsn$Visitor;)V @ 9
Event: 10.195 Thread 0x0000000014ed8000 Uncommon trap: reason=class_check action=maybe_recompile pc=0x0000000002a6f670 method=com.android.dx.ssa.NormalSsaInsn.accept(Lcom/android/dx/ssa/SsaInsn$Visitor;)V @ 9
Event: 10.195 Thread 0x0000000014ed8000 Uncommon trap: reason=class_check action=maybe_recompile pc=0x0000000002b34dc4 method=com.android.dx.ssa.NormalSsaInsn.accept(Lcom/android/dx/ssa/SsaInsn$Visitor;)V @ 9
Event: 10.305 Thread 0x0000000014ed5000 Uncommon trap: reason=unstable_if action=reinterpret pc=0x0000000002bbb12c method=com.android.dx.rop.code.RegisterSpecSet.put(Lcom/android/dx/rop/code/RegisterSpec;)V @ 77
Event: 11.687 Thread 0x0000000016941800 Uncommon trap: reason=class_check action=maybe_recompile pc=0x0000000002c19b04 method=java.util.HashMap.putVal(ILjava/lang/Object;Ljava/lang/Object;ZZ)Ljava/lang/Object; @ 203
Event: 11.687 Thread 0x0000000016941800 Uncommon trap: reason=class_check action=maybe_recompile pc=0x0000000002c19b04 method=java.util.HashMap.putVal(ILjava/lang/Object;Ljava/lang/Object;ZZ)Ljava/lang/Object; @ 203
Event: 11.687 Thread 0x0000000016941800 Uncommon trap: reason=class_check action=maybe_recompile pc=0x0000000002c19b04 method=java.util.HashMap.putVal(ILjava/lang/Object;Ljava/lang/Object;ZZ)Ljava/lang/Object; @ 203
Event: 11.687 Thread 0x0000000016941800 Uncommon trap: reason=class_check action=maybe_recompile pc=0x0000000002c19b04 method=java.util.HashMap.putVal(ILjava/lang/Object;Ljava/lang/Object;ZZ)Ljava/lang/Object; @ 203

Internal exceptions (2 events):
Event: 0.931 Thread 0x00000000026e0800 Exception <a 'java/lang/NoSuchMethodError': Method sun.misc.Unsafe.defineClass(Ljava/lang/String;[BII)Ljava/lang/Class; name or signature does not match> (0x00000000eab07cc0) thrown at [C:\src\android\AOSP-openjdk\external\jetbrains\jdk\hotspot\src\share\vü³ì†‚Ïí?
Event: 0.932 Thread 0x00000000026e0800 Exception <a 'java/lang/NoSuchMethodError': Method sun.misc.Unsafe.prefetchRead(Ljava/lang/Object;J)V name or signature does not match> (0x00000000eab07fa8) thrown at [C:\src\android\AOSP-openjdk\external\jetbrains\jdk\hotspot\src\share\vm\prims\jni.cpp, l

Events (10 events):
Event: 12.109 loading class java/util/Collections$1
Event: 12.109 loading class java/util/Collections$1 done
Event: 12.109 Executing VM operation: RevokeBias
Event: 12.109 Executing VM operation: RevokeBias done
Event: 12.109 loading class com/android/dx/dex/file/MixedItemSection$2
Event: 12.109 loading class com/android/dx/dex/file/MixedItemSection$2 done
Event: 12.110 Executing VM operation: RevokeBias
Event: 12.111 Executing VM operation: RevokeBias done
Event: 12.111 loading class com/android/dx/dex/file/CodeItem$1
Event: 12.111 loading class com/android/dx/dex/file/CodeItem$1 done


Dynamic libraries:
0x00007ff7bbf40000 - 0x00007ff7bbf71000 	C:\Program Files\Android\Android Studio\jre\bin\java.exe
0x00007ff80bf10000 - 0x00007ff80c0bd000 	C:\windows\SYSTEM32\ntdll.dll
0x00007ff809590000 - 0x00007ff8096ce000 	C:\windows\system32\KERNEL32.DLL
0x00007ff809100000 - 0x00007ff809215000 	C:\windows\system32\KERNELBASE.dll
0x00007ff8098e0000 - 0x00007ff80998a000 	C:\windows\system32\ADVAPI32.dll
0x00007ff80b290000 - 0x00007ff80b407000 	C:\windows\system32\USER32.dll
0x00007ff806020000 - 0x00007ff80629b000 	C:\windows\WinSxS\amd64_microsoft.windows.common-controls_6595b64144ccf1df_6.0.9600.18006_none_623f33d3ecbe86e8\COMCTL32.dll
0x00007ff80b420000 - 0x00007ff80b4ca000 	C:\windows\system32\msvcrt.dll
0x00007ff80b6b0000 - 0x00007ff80b709000 	C:\windows\SYSTEM32\sechost.dll
0x00007ff8097a0000 - 0x00007ff8098e0000 	C:\windows\system32\RPCRT4.dll
0x00007ff80b860000 - 0x00007ff80b9af000 	C:\windows\system32\GDI32.dll
0x00007ff809560000 - 0x00007ff80958e000 	C:\windows\system32\SspiCli.dll
0x00007ff80b250000 - 0x00007ff80b286000 	C:\windows\system32\IMM32.DLL
0x00007ff80bdb0000 - 0x00007ff80bf02000 	C:\windows\system32\MSCTF.dll
0x0000000052f60000 - 0x0000000053032000 	C:\Program Files\Android\Android Studio\jre\jre\bin\msvcr100.dll
0x0000000053120000 - 0x0000000053954000 	C:\Program Files\Android\Android Studio\jre\jre\bin\server\jvm.dll
0x00007ff800dc0000 - 0x00007ff800dc9000 	C:\windows\SYSTEM32\WSOCK32.dll
0x00007ff804300000 - 0x00007ff804322000 	C:\windows\SYSTEM32\WINMM.dll
0x00007ff801630000 - 0x00007ff80163a000 	C:\windows\SYSTEM32\VERSION.dll
0x00007ff80b4e0000 - 0x00007ff80b4e7000 	C:\windows\system32\PSAPI.DLL
0x00007ff80ba10000 - 0x00007ff80ba6a000 	C:\windows\system32\WS2_32.dll
0x00007ff8042d0000 - 0x00007ff8042fa000 	C:\windows\SYSTEM32\WINMMBASE.dll
0x00007ff80b4d0000 - 0x00007ff80b4d9000 	C:\windows\system32\NSI.dll
0x00007ff809220000 - 0x00007ff80926f000 	C:\windows\SYSTEM32\cfgmgr32.dll
0x00007ff807e50000 - 0x00007ff807e78000 	C:\windows\SYSTEM32\DEVOBJ.dll
0x00007ff804e20000 - 0x00007ff804e2f000 	C:\Program Files\Android\Android Studio\jre\jre\bin\verify.dll
0x00007ff8049c0000 - 0x00007ff8049e9000 	C:\Program Files\Android\Android Studio\jre\jre\bin\java.dll
0x00007ff803cd0000 - 0x00007ff803ce6000 	C:\Program Files\Android\Android Studio\jre\jre\bin\zip.dll
0x00007ff809b30000 - 0x00007ff80b058000 	C:\windows\system32\SHELL32.dll
0x00007ff80bb90000 - 0x00007ff80bda1000 	C:\windows\SYSTEM32\combase.dll
0x00007ff80b9b0000 - 0x00007ff80ba04000 	C:\windows\system32\SHLWAPI.dll
0x00007ff8073b0000 - 0x00007ff807462000 	C:\windows\SYSTEM32\SHCORE.dll
0x00007ff809030000 - 0x00007ff809045000 	C:\windows\SYSTEM32\profapi.dll

VM Arguments:
jvm_args: -Djava.awt.headless=true -Xmx1024M -Dfile.encoding=windows-1252 -Duser.country=US -Duser.language=en -Duser.variant 
java_command: com.android.dx.command.Main --dex --verbose --force-jumbo --num-threads=4 --multi-dex --output C:\Users\bruh\Desktop\COMP150-MOB\QueueR\app\build\intermediates\transforms\dex\debug\folders\1000\10\me.dm7.barcodescanner-core-1.8.4_bd2824d29e4eed88291c37e53b72499b5716e6cf C:\Users\bruh\Desktop\COMP150-MOB\QueueR\app\build\intermediates\exploded-aar\me.dm7.barcodescanner\core\1.8.4\jars\classes.jar
java_class_path (initial): C:\Users\bruh\AppData\Local\Android\sdk\build-tools\24.0.1\lib\dx.jar
Launcher Type: SUN_STANDARD

Environment Variables:
PATH=C:\Program Files\Java\jdk1.8.0_101\bin\;C:\ProgramData\Oracle\Java\javapath;C:\windows\system32;C:\windows;C:\windows\System32\Wbem;C:\windows\System32\WindowsPowerShell\v1.0\;C:\Program Files\nodejs\;C:\Program Files (x86)\Heroku\bin;C:\Program Files (x86)\git\cmd;C:\Users\bruh\AppData\Roaming\npm;C:\Program Files (x86)\Skype\Phone\;C:\Program Files (x86)\GtkSharp\2.12\bin;C:\Program Files\Java\jdk1.8.0_101\bin\
USERNAME=bruh
OS=Windows_NT
PROCESSOR_IDENTIFIER=Intel64 Family 6 Model 69 Stepping 1, GenuineIntel



---------------  S Y S T E M  ---------------

OS: Windows 8.1 , 64 bit Build 9600 (6.3.9600.17415)

CPU:total 4 (2 cores per cpu, 2 threads per core) family 6 model 69 stepping 1, cmov, cx8, fxsr, mmx, sse, sse2, sse3, ssse3, sse4.1, sse4.2, popcnt, avx, avx2, aes, clmul, erms, lzcnt, ht, tsc, tscinvbit, bmi1, bmi2

Memory: 4k page, physical 4097056k(177952k free), swap 7242784k(5120k free)

vm_info: OpenJDK 64-Bit Server VM (25.76-b03) for windows-amd64 JRE (1.8.0_76-release-b03), built on Jun 29 2016 19:09:20 by "ralucas" with MS VC++ 10.0 (VS2010)

time: Thu Dec 15 01:05:29 2016
elapsed time: 12 seconds (0d 0h 0m 12s)

