#
# There is insufficient memory for the Java Runtime Environment to continue.
# Native memory allocation (malloc) failed to allocate 666496 bytes for Chunk::new
# Possible reasons:
#   The system is out of physical RAM or swap space
#   In 32 bit mode, the process size limit was hit
# Possible solutions:
#   Reduce memory load on the system
#   Increase physical memory or swap space
#   Check if swap backing store is full
#   Use 64 bit Java on a 64 bit OS
#   Decrease Java heap size (-Xmx/-Xms)
#   Decrease number of Java threads
#   Decrease Java thread stack sizes (-Xss)
#   Set larger code cache with -XX:ReservedCodeCacheSize=
# This output file may be truncated or incomplete.
#
#  Out of Memory Error (allocation.cpp:390), pid=640, tid=0x00000000000011d4
#
# JRE version: OpenJDK Runtime Environment (8.0_76-b03) (build 1.8.0_76-release-b03)
# Java VM: OpenJDK 64-Bit Server VM (25.76-b03 mixed mode windows-amd64 compressed oops)
# Failed to write core dump. Minidumps are not enabled by default on client versions of Windows
#

---------------  T H R E A D  ---------------

Current thread (0x0000000014d32000):  JavaThread "C2 CompilerThread1" daemon [_thread_in_native, id=4564, stack(0x0000000016470000,0x0000000016570000)]

Stack: [0x0000000016470000,0x0000000016570000]
[error occurred during error reporting (printing stack bounds), id 0xc0000005]

Native frames: (J=compiled Java code, j=interpreted, Vv=VM code, C=native code)


Current CompileTask:
C2:   8759 1685   !   4       com.android.dx.cf.code.BytecodeArray::parseInstruction (2764 bytes)


---------------  P R O C E S S  ---------------

Java Threads: ( => current thread )
  0x00000000168ff800 JavaThread "pool-2-thread-4" [_thread_in_Java, id=6112, stack(0x0000000017070000,0x0000000017170000)]
  0x00000000168fe000 JavaThread "pool-2-thread-3" [_thread_blocked, id=4788, stack(0x0000000016f70000,0x0000000017070000)]
  0x00000000168b3000 JavaThread "pool-2-thread-2" [_thread_blocked, id=1300, stack(0x0000000016e70000,0x0000000016f70000)]
  0x00000000168cd000 JavaThread "pool-3-thread-1" [_thread_blocked, id=2176, stack(0x0000000016d70000,0x0000000016e70000)]
  0x00000000168c5800 JavaThread "pool-2-thread-1" [_thread_in_Java, id=2428, stack(0x0000000016c70000,0x0000000016d70000)]
  0x0000000016671800 JavaThread "Service Thread" daemon [_thread_blocked, id=4780, stack(0x0000000016a70000,0x0000000016b70000)]
  0x0000000014d8c000 JavaThread "C1 CompilerThread2" daemon [_thread_in_vm, id=4824, stack(0x0000000016570000,0x0000000016670000)]
=>0x0000000014d32000 JavaThread "C2 CompilerThread1" daemon [_thread_in_native, id=4564, stack(0x0000000016470000,0x0000000016570000)]
  0x0000000014d37800 JavaThread "C2 CompilerThread0" daemon [_thread_in_native, id=2980, stack(0x0000000016370000,0x0000000016470000)]
  0x0000000014d36000 JavaThread "Attach Listener" daemon [_thread_blocked, id=952, stack(0x0000000016270000,0x0000000016370000)]
  0x0000000014d35000 JavaThread "Signal Dispatcher" daemon [_thread_blocked, id=5104, stack(0x0000000016170000,0x0000000016270000)]
  0x0000000014d18800 JavaThread "Finalizer" daemon [_thread_blocked, id=2788, stack(0x0000000015f90000,0x0000000016090000)]
  0x0000000002651000 JavaThread "Reference Handler" daemon [_thread_blocked, id=2852, stack(0x0000000015e90000,0x0000000015f90000)]
  0x0000000002560800 JavaThread "main" [_thread_blocked, id=2168, stack(0x00000000023c0000,0x00000000024c0000)]

Other Threads:
  0x0000000014cf6800 VMThread [stack: 0x0000000015d90000,0x0000000015e90000] [id=2316]
  0x0000000016673000 WatcherThread [stack: 0x0000000016b70000,0x0000000016c70000] [id=5512]

VM state:not at safepoint (normal execution)

VM Mutex/Monitor currently owned by a thread: None

Heap:
 PSYoungGen      total 35328K, used 17402K [0x00000000eab00000, 0x00000000ef000000, 0x0000000100000000)
  eden space 32768K, 45% used [0x00000000eab00000,0x00000000eb980410,0x00000000ecb00000)
  from space 2560K, 99% used [0x00000000ecb00000,0x00000000ecd7e720,0x00000000ecd80000)
  to   space 2560K, 0% used [0x00000000eed80000,0x00000000eed80000,0x00000000ef000000)
 ParOldGen       total 44032K, used 8799K [0x00000000c0000000, 0x00000000c2b00000, 0x00000000eab00000)
  object space 44032K, 19% used [0x00000000c0000000,0x00000000c0897ea8,0x00000000c2b00000)
 Metaspace       used 6259K, capacity 7090K, committed 7296K, reserved 1056768K
  class space    used 597K, capacity 618K, committed 640K, reserved 1048576K

Card table byte_map: [0x0000000011a20000,0x0000000011c30000] byte_map_base: 0x0000000011420000

Marking Bits: (ParMarkBitMap*) 0x00000000538d9d00
 Begin Bits: [0x0000000012190000, 0x0000000013190000)
 End Bits:   [0x0000000013190000, 0x0000000014190000)

Polling page: 0x0000000000aa0000

CodeCache: size=245760Kb used=7296Kb max_used=7307Kb free=238463Kb
 bounds [0x0000000002660000, 0x0000000002d90000, 0x0000000011660000]
 total_blobs=1927 nmethods=1659 adapters=182
 compilation: enabled

Compilation events (10 events):
Event: 8.510 Thread 0x0000000014d32000 nmethod 1676 0x0000000002d6ac90 code [0x0000000002d6ade0, 0x0000000002d6af18]
Event: 8.510 Thread 0x0000000014d32000 1677       4       java.util.TreeMap::successor (66 bytes)
Event: 8.513 Thread 0x0000000014d32000 nmethod 1677 0x0000000002d6d350 code [0x0000000002d6d480, 0x0000000002d6d538]
Event: 8.513 Thread 0x0000000014d32000 1679       4       com.android.dx.dex.code.RopTranslator::outputBlock (202 bytes)
Event: 8.523 Thread 0x0000000014d8c000 1687       3       com.android.dx.dex.file.AnnotationItem::<init> (41 bytes)
Event: 8.524 Thread 0x0000000014d8c000 nmethod 1687 0x0000000002d6c950 code [0x0000000002d6cb00, 0x0000000002d6d118]
Event: 8.524 Thread 0x0000000014d8c000 1688       3       com.android.dx.rop.annotation.Annotation::getNameValuePairs (11 bytes)
Event: 8.525 Thread 0x0000000014d8c000 nmethod 1688 0x0000000002d79090 code [0x0000000002d79240, 0x0000000002d79868]
Event: 8.638 Thread 0x0000000014d32000 nmethod 1679 0x0000000002d85790 code [0x0000000002d859e0, 0x0000000002d874a8]
Event: 8.638 Thread 0x0000000014d32000 1685   !   4       com.android.dx.cf.code.BytecodeArray::parseInstruction (2764 bytes)

GC Heap History (6 events):
Event: 3.410 GC heap before
{Heap before GC invocations=1 (full 0):
 PSYoungGen      total 18944K, used 16384K [0x00000000eab00000, 0x00000000ec000000, 0x0000000100000000)
  eden space 16384K, 100% used [0x00000000eab00000,0x00000000ebb00000,0x00000000ebb00000)
  from space 2560K, 0% used [0x00000000ebd80000,0x00000000ebd80000,0x00000000ec000000)
  to   space 2560K, 0% used [0x00000000ebb00000,0x00000000ebb00000,0x00000000ebd80000)
 ParOldGen       total 44032K, used 0K [0x00000000c0000000, 0x00000000c2b00000, 0x00000000eab00000)
  object space 44032K, 0% used [0x00000000c0000000,0x00000000c0000000,0x00000000c2b00000)
 Metaspace       used 5766K, capacity 6768K, committed 7040K, reserved 1056768K
  class space    used 573K, capacity 616K, committed 640K, reserved 1048576K
Event: 3.461 GC heap after
Heap after GC invocations=1 (full 0):
 PSYoungGen      total 18944K, used 2554K [0x00000000eab00000, 0x00000000ed000000, 0x0000000100000000)
  eden space 16384K, 0% used [0x00000000eab00000,0x00000000eab00000,0x00000000ebb00000)
  from space 2560K, 99% used [0x00000000ebb00000,0x00000000ebd7eab8,0x00000000ebd80000)
  to   space 2560K, 0% used [0x00000000ecd80000,0x00000000ecd80000,0x00000000ed000000)
 ParOldGen       total 44032K, used 1430K [0x00000000c0000000, 0x00000000c2b00000, 0x00000000eab00000)
  object space 44032K, 3% used [0x00000000c0000000,0x00000000c0165b60,0x00000000c2b00000)
 Metaspace       used 5766K, capacity 6768K, committed 7040K, reserved 1056768K
  class space    used 573K, capacity 616K, committed 640K, reserved 1048576K
}
Event: 4.751 GC heap before
{Heap before GC invocations=2 (full 0):
 PSYoungGen      total 18944K, used 18938K [0x00000000eab00000, 0x00000000ed000000, 0x0000000100000000)
  eden space 16384K, 100% used [0x00000000eab00000,0x00000000ebb00000,0x00000000ebb00000)
  from space 2560K, 99% used [0x00000000ebb00000,0x00000000ebd7eab8,0x00000000ebd80000)
  to   space 2560K, 0% used [0x00000000ecd80000,0x00000000ecd80000,0x00000000ed000000)
 ParOldGen       total 44032K, used 1430K [0x00000000c0000000, 0x00000000c2b00000, 0x00000000eab00000)
  object space 44032K, 3% used [0x00000000c0000000,0x00000000c0165b60,0x00000000c2b00000)
 Metaspace       used 6009K, capacity 6960K, committed 7040K, reserved 1056768K
  class space    used 575K, capacity 616K, committed 640K, reserved 1048576K
Event: 4.844 GC heap after
Heap after GC invocations=2 (full 0):
 PSYoungGen      total 35328K, used 2551K [0x00000000eab00000, 0x00000000ed000000, 0x0000000100000000)
  eden space 32768K, 0% used [0x00000000eab00000,0x00000000eab00000,0x00000000ecb00000)
  from space 2560K, 99% used [0x00000000ecd80000,0x00000000ecffdff8,0x00000000ed000000)
  to   space 2560K, 0% used [0x00000000ecb00000,0x00000000ecb00000,0x00000000ecd80000)
 ParOldGen       total 44032K, used 4102K [0x00000000c0000000, 0x00000000c2b00000, 0x00000000eab00000)
  object space 44032K, 9% used [0x00000000c0000000,0x00000000c0401ad8,0x00000000c2b00000)
 Metaspace       used 6009K, capacity 6960K, committed 7040K, reserved 1056768K
  class space    used 575K, capacity 616K, committed 640K, reserved 1048576K
}
Event: 8.094 GC heap before
{Heap before GC invocations=3 (full 0):
 PSYoungGen      total 35328K, used 35319K [0x00000000eab00000, 0x00000000ed000000, 0x0000000100000000)
  eden space 32768K, 100% used [0x00000000eab00000,0x00000000ecb00000,0x00000000ecb00000)
  from space 2560K, 99% used [0x00000000ecd80000,0x00000000ecffdff8,0x00000000ed000000)
  to   space 2560K, 0% used [0x00000000ecb00000,0x00000000ecb00000,0x00000000ecd80000)
 ParOldGen       total 44032K, used 4102K [0x00000000c0000000, 0x00000000c2b00000, 0x00000000eab00000)
  object space 44032K, 9% used [0x00000000c0000000,0x00000000c0401ad8,0x00000000c2b00000)
 Metaspace       used 6147K, capacity 7088K, committed 7296K, reserved 1056768K
  class space    used 577K, capacity 616K, committed 640K, reserved 1048576K
Event: 8.246 GC heap after
Heap after GC invocations=3 (full 0):
 PSYoungGen      total 35328K, used 2553K [0x00000000eab00000, 0x00000000ef000000, 0x0000000100000000)
  eden space 32768K, 0% used [0x00000000eab00000,0x00000000eab00000,0x00000000ecb00000)
  from space 2560K, 99% used [0x00000000ecb00000,0x00000000ecd7e720,0x00000000ecd80000)
  to   space 2560K, 0% used [0x00000000eed80000,0x00000000eed80000,0x00000000ef000000)
 ParOldGen       total 44032K, used 8799K [0x00000000c0000000, 0x00000000c2b00000, 0x00000000eab00000)
  object space 44032K, 19% used [0x00000000c0000000,0x00000000c0897ea8,0x00000000c2b00000)
 Metaspace       used 6147K, capacity 7088K, committed 7296K, reserved 1056768K
  class space    used 577K, capacity 616K, committed 640K, reserved 1048576K
}

Deoptimization events (10 events):
Event: 5.208 Thread 0x00000000168c5800 Uncommon trap: reason=class_check action=maybe_recompile pc=0x0000000002ac7f1c method=java.util.HashMap.putVal(ILjava/lang/Object;Ljava/lang/Object;ZZ)Ljava/lang/Object; @ 203
Event: 5.208 Thread 0x00000000168c5800 Uncommon trap: reason=bimorphic action=maybe_recompile pc=0x00000000028bd96c method=java.util.HashMap.getNode(ILjava/lang/Object;)Ljava/util/HashMap$Node; @ 126
Event: 6.369 Thread 0x0000000002560800 Uncommon trap: reason=unstable_if action=reinterpret pc=0x0000000002b519fc method=com.android.dx.cf.code.BytecodeArray.parseInstruction(ILcom/android/dx/cf/code/BytecodeArray$Visitor;)I @ 1198
Event: 6.572 Thread 0x0000000002560800 Uncommon trap: reason=class_check action=maybe_recompile pc=0x0000000002c5b434 method=com.android.dx.rop.code.RegisterSpec.withSimpleType()Lcom/android/dx/rop/code/RegisterSpec; @ 21
Event: 6.573 Thread 0x0000000002560800 Uncommon trap: reason=class_check action=maybe_recompile pc=0x0000000002c5b434 method=com.android.dx.rop.code.RegisterSpec.withSimpleType()Lcom/android/dx/rop/code/RegisterSpec; @ 21
Event: 6.886 Thread 0x0000000002560800 Uncommon trap: reason=class_check action=maybe_recompile pc=0x0000000002c5b434 method=com.android.dx.rop.code.RegisterSpec.withSimpleType()Lcom/android/dx/rop/code/RegisterSpec; @ 21
Event: 6.887 Thread 0x0000000002560800 Uncommon trap: reason=class_check action=maybe_recompile pc=0x0000000002c5b434 method=com.android.dx.rop.code.RegisterSpec.withSimpleType()Lcom/android/dx/rop/code/RegisterSpec; @ 21
Event: 7.982 Thread 0x00000000168ff800 Uncommon trap: reason=unstable_if action=reinterpret pc=0x0000000002c3a730 method=com.android.dx.ssa.SCCP.simulateBranch(Lcom/android/dx/ssa/SsaInsn;)V @ 64
Event: 8.311 Thread 0x00000000168fe000 Uncommon trap: reason=null_check action=make_not_entrant pc=0x000000000297f8f0 method=com.android.dx.ssa.SsaRenamer.getLocalForNewReg(I)Lcom/android/dx/rop/code/LocalItem; @ 19
Event: 8.344 Thread 0x00000000168ff800 Uncommon trap: reason=unstable_if action=reinterpret pc=0x000000000298a1d8 method=java.util.HashMap.putVal(ILjava/lang/Object;Ljava/lang/Object;ZZ)Ljava/lang/Object; @ 162

Internal exceptions (6 events):
Event: 0.569 Thread 0x0000000002560800 Exception <a 'java/lang/NoSuchMethodError': Method sun.misc.Unsafe.defineClass(Ljava/lang/String;[BII)Ljava/lang/Class; name or signature does not match> (0x00000000eab07cc0) thrown at [C:\src\android\AOSP-openjdk\external\jetbrains\jdk\hotspot\src\share\v{<™35â?
Event: 0.569 Thread 0x0000000002560800 Exception <a 'java/lang/NoSuchMethodError': Method sun.misc.Unsafe.prefetchRead(Ljava/lang/Object;J)V name or signature does not match> (0x00000000eab07fa8) thrown at [C:\src\android\AOSP-openjdk\external\jetbrains\jdk\hotspot\src\share\vm\prims\jni.cpp, l²¹‰aTŸ @
Event: 8.311 Thread 0x00000000168fe000 Implicit null exception at 0x000000000297cf8d to 0x000000000297f8d1
Event: 8.351 Thread 0x00000000168ff800 Exception <a 'java/lang/ArrayIndexOutOfBoundsException': 18> (0x00000000eb5851e8) thrown at [C:\src\android\AOSP-openjdk\external\jetbrains\jdk\hotspot\src\share\vm\interpreter\interpreterRuntime.cpp, line 366]
Event: 8.352 Thread 0x00000000168ff800 Exception <a 'java/lang/ArrayIndexOutOfBoundsException': 145> (0x00000000eb586d68) thrown at [C:\src\android\AOSP-openjdk\external\jetbrains\jdk\hotspot\src\share\vm\interpreter\interpreterRuntime.cpp, line 366]
Event: 8.498 Thread 0x00000000168ff800 Exception <a 'java/lang/ArrayIndexOutOfBoundsException'> (0x00000000eb588050) thrown at [C:\src\android\AOSP-openjdk\external\jetbrains\jdk\hotspot\src\share\vm\runtime\sharedRuntime.cpp, line 605]

Events (10 events):
Event: 8.353 loading class sun/reflect/generics/reflectiveObjects/ParameterizedTypeImpl
Event: 8.497 loading class java/lang/reflect/ParameterizedType
Event: 8.498 loading class java/lang/reflect/ParameterizedType done
Event: 8.498 loading class sun/reflect/generics/reflectiveObjects/ParameterizedTypeImpl done
Event: 8.498 loading class java/lang/reflect/TypeVariable
Event: 8.498 loading class java/lang/reflect/TypeVariable done
Event: 8.498 loading class sun/reflect/generics/reflectiveObjects/TypeVariableImpl
Event: 8.499 loading class sun/reflect/generics/reflectiveObjects/LazyReflectiveObjectGenerator
Event: 8.499 loading class sun/reflect/generics/reflectiveObjects/LazyReflectiveObjectGenerator done
Event: 8.499 loading class sun/reflect/generics/reflectiveObjects/TypeVariableImpl done


Dynamic libraries:
0x00007ff7bbf40000 - 0x00007ff7bbf71000 	C:\Program Files\Android\Android Studio\jre\bin\java.exe
0x00007ff80bf10000 - 0x00007ff80c0bd000 	C:\windows\SYSTEM32\ntdll.dll
0x00007ff809590000 - 0x00007ff8096ce000 	C:\windows\system32\KERNEL32.DLL
0x00007ff809100000 - 0x00007ff809215000 	C:\windows\system32\KERNELBASE.dll
0x00007ff8098e0000 - 0x00007ff80998a000 	C:\windows\system32\ADVAPI32.dll
0x00007ff80b290000 - 0x00007ff80b407000 	C:\windows\system32\USER32.dll
0x00007ff806020000 - 0x00007ff80629b000 	C:\windows\WinSxS\amd64_microsoft.windows.common-controls_6595b64144ccf1df_6.0.9600.18006_none_623f33d3ecbe86e8\COMCTL32.dll
0x00007ff80b420000 - 0x00007ff80b4ca000 	C:\windows\system32\msvcrt.dll
0x00007ff80b6b0000 - 0x00007ff80b709000 	C:\windows\SYSTEM32\sechost.dll
0x00007ff8097a0000 - 0x00007ff8098e0000 	C:\windows\system32\RPCRT4.dll
0x00007ff80b860000 - 0x00007ff80b9af000 	C:\windows\system32\GDI32.dll
0x00007ff809560000 - 0x00007ff80958e000 	C:\windows\system32\SspiCli.dll
0x00007ff80b250000 - 0x00007ff80b286000 	C:\windows\system32\IMM32.DLL
0x00007ff80bdb0000 - 0x00007ff80bf02000 	C:\windows\system32\MSCTF.dll
0x0000000052f60000 - 0x0000000053032000 	C:\Program Files\Android\Android Studio\jre\jre\bin\msvcr100.dll
0x0000000053120000 - 0x0000000053954000 	C:\Program Files\Android\Android Studio\jre\jre\bin\server\jvm.dll
0x00007ff800dc0000 - 0x00007ff800dc9000 	C:\windows\SYSTEM32\WSOCK32.dll
0x00007ff804300000 - 0x00007ff804322000 	C:\windows\SYSTEM32\WINMM.dll
0x00007ff801630000 - 0x00007ff80163a000 	C:\windows\SYSTEM32\VERSION.dll
0x00007ff80b4e0000 - 0x00007ff80b4e7000 	C:\windows\system32\PSAPI.DLL
0x00007ff80ba10000 - 0x00007ff80ba6a000 	C:\windows\system32\WS2_32.dll
0x00007ff8042d0000 - 0x00007ff8042fa000 	C:\windows\SYSTEM32\WINMMBASE.dll
0x00007ff80b4d0000 - 0x00007ff80b4d9000 	C:\windows\system32\NSI.dll
0x00007ff809220000 - 0x00007ff80926f000 	C:\windows\SYSTEM32\cfgmgr32.dll
0x00007ff807e50000 - 0x00007ff807e78000 	C:\windows\SYSTEM32\DEVOBJ.dll
0x00007ff804e20000 - 0x00007ff804e2f000 	C:\Program Files\Android\Android Studio\jre\jre\bin\verify.dll
0x00007ff803cc0000 - 0x00007ff803ce9000 	C:\Program Files\Android\Android Studio\jre\jre\bin\java.dll
0x00007ff802cb0000 - 0x00007ff802cc6000 	C:\Program Files\Android\Android Studio\jre\jre\bin\zip.dll
0x00007ff809b30000 - 0x00007ff80b058000 	C:\windows\system32\SHELL32.dll
0x00007ff80bb90000 - 0x00007ff80bda1000 	C:\windows\SYSTEM32\combase.dll
0x00007ff80b9b0000 - 0x00007ff80ba04000 	C:\windows\system32\SHLWAPI.dll
0x00007ff8073b0000 - 0x00007ff807462000 	C:\windows\SYSTEM32\SHCORE.dll
0x00007ff809030000 - 0x00007ff809045000 	C:\windows\SYSTEM32\profapi.dll

VM Arguments:
jvm_args: -Djava.awt.headless=true -Xmx1024M -Dfile.encoding=windows-1252 -Duser.country=US -Duser.language=en -Duser.variant 
java_command: com.android.dx.command.Main --dex --verbose --force-jumbo --num-threads=4 --multi-dex --output C:\Users\bruh\Desktop\COMP150-MOB\QueueR\app\build\intermediates\transforms\dex\debug\folders\1000\10\com.android.support-recyclerview-v7-24.1.1_e125edecbc760d9af71aaa5d21f878c169bef4c8 C:\Users\bruh\Desktop\COMP150-MOB\QueueR\app\build\intermediates\exploded-aar\com.android.support\recyclerview-v7\24.1.1\jars\classes.jar
java_class_path (initial): C:\Users\bruh\AppData\Local\Android\sdk\build-tools\24.0.1\lib\dx.jar
Launcher Type: SUN_STANDARD

Environment Variables:
PATH=C:\Program Files\Java\jdk1.8.0_101\bin\;C:\ProgramData\Oracle\Java\javapath;C:\windows\system32;C:\windows;C:\windows\System32\Wbem;C:\windows\System32\WindowsPowerShell\v1.0\;C:\Program Files\nodejs\;C:\Program Files (x86)\Heroku\bin;C:\Program Files (x86)\git\cmd;C:\Users\bruh\AppData\Roaming\npm;C:\Program Files (x86)\Skype\Phone\;C:\Program Files (x86)\GtkSharp\2.12\bin;C:\Program Files\Java\jdk1.8.0_101\bin\
USERNAME=bruh
OS=Windows_NT
PROCESSOR_IDENTIFIER=Intel64 Family 6 Model 69 Stepping 1, GenuineIntel



---------------  S Y S T E M  ---------------

OS: Windows 8.1 , 64 bit Build 9600 (6.3.9600.17415)

CPU:total 4 (2 cores per cpu, 2 threads per core) family 6 model 69 stepping 1, cmov, cx8, fxsr, mmx, sse, sse2, sse3, ssse3, sse4.1, sse4.2, popcnt, avx, avx2, aes, clmul, erms, lzcnt, ht, tsc, tscinvbit, bmi1, bmi2

Memory: 4k page, physical 4097056k(177488k free), swap 7242784k(6832k free)

vm_info: OpenJDK 64-Bit Server VM (25.76-b03) for windows-amd64 JRE (1.8.0_76-release-b03), built on Jun 29 2016 19:09:20 by "ralucas" with MS VC++ 10.0 (VS2010)

time: Wed Dec 14 22:47:43 2016
elapsed time: 8 seconds (0d 0h 0m 8s)

