#
# There is insufficient memory for the Java Runtime Environment to continue.
# Native memory allocation (malloc) failed to allocate 33456 bytes for Chunk::new
# Possible reasons:
#   The system is out of physical RAM or swap space
#   In 32 bit mode, the process size limit was hit
# Possible solutions:
#   Reduce memory load on the system
#   Increase physical memory or swap space
#   Check if swap backing store is full
#   Use 64 bit Java on a 64 bit OS
#   Decrease Java heap size (-Xmx/-Xms)
#   Decrease number of Java threads
#   Decrease Java thread stack sizes (-Xss)
#   Set larger code cache with -XX:ReservedCodeCacheSize=
# This output file may be truncated or incomplete.
#
#  Out of Memory Error (allocation.cpp:390), pid=2976, tid=0x0000000000001a08
#
# JRE version: OpenJDK Runtime Environment (8.0_76-b03) (build 1.8.0_76-release-b03)
# Java VM: OpenJDK 64-Bit Server VM (25.76-b03 mixed mode windows-amd64 compressed oops)
# Failed to write core dump. Minidumps are not enabled by default on client versions of Windows
#

---------------  T H R E A D  ---------------

Current thread (0x000000001490c000):  JavaThread "C2 CompilerThread0" daemon [_thread_in_native, id=6664, stack(0x0000000015f50000,0x0000000016050000)]

Stack: [0x0000000015f50000,0x0000000016050000]
[error occurred during error reporting (printing stack bounds), id 0xc0000005]

Native frames: (J=compiled Java code, j=interpreted, Vv=VM code, C=native code)


Current CompileTask:
C2:  20043 2307  s    4       com.android.dx.dex.file.MethodIdsSection::intern (55 bytes)


---------------  P R O C E S S  ---------------

Java Threads: ( => current thread )
  0x00000000165a5000 JavaThread "pool-1-thread-1" [_thread_in_Java, id=7088, stack(0x0000000016850000,0x0000000016950000)]
  0x0000000016251800 JavaThread "Service Thread" daemon [_thread_blocked, id=2256, stack(0x0000000016650000,0x0000000016750000)]
  0x000000001496b800 JavaThread "C1 CompilerThread2" daemon [_thread_blocked, id=6228, stack(0x0000000016150000,0x0000000016250000)]
  0x0000000014965000 JavaThread "C2 CompilerThread1" daemon [_thread_blocked, id=7048, stack(0x0000000016050000,0x0000000016150000)]
=>0x000000001490c000 JavaThread "C2 CompilerThread0" daemon [_thread_in_native, id=6664, stack(0x0000000015f50000,0x0000000016050000)]
  0x000000001490a800 JavaThread "Attach Listener" daemon [_thread_blocked, id=4652, stack(0x0000000015e50000,0x0000000015f50000)]
  0x0000000014907800 JavaThread "Signal Dispatcher" daemon [_thread_blocked, id=6016, stack(0x0000000015d50000,0x0000000015e50000)]
  0x000000000223a800 JavaThread "Finalizer" daemon [_thread_blocked, id=6224, stack(0x0000000015b70000,0x0000000015c70000)]
  0x000000000222f800 JavaThread "Reference Handler" daemon [_thread_blocked, id=6200, stack(0x0000000015a70000,0x0000000015b70000)]
  0x0000000002140800 JavaThread "main" [_thread_blocked, id=4900, stack(0x0000000001f40000,0x0000000002040000)]

Other Threads:
  0x00000000148d6000 VMThread [stack: 0x0000000015970000,0x0000000015a70000] [id=6976]
  0x0000000016253000 WatcherThread [stack: 0x0000000016750000,0x0000000016850000] [id=5764]

VM state:not at safepoint (normal execution)

VM Mutex/Monitor currently owned by a thread: None

Heap:
 PSYoungGen      total 143360K, used 12657K [0x00000000eab00000, 0x00000000fd900000, 0x0000000100000000)
  eden space 128512K, 5% used [0x00000000eab00000,0x00000000eb1fa360,0x00000000f2880000)
  from space 14848K, 37% used [0x00000000f2880000,0x00000000f2de2150,0x00000000f3700000)
  to   space 26112K, 0% used [0x00000000fbf80000,0x00000000fbf80000,0x00000000fd900000)
 ParOldGen       total 86016K, used 44002K [0x00000000c0000000, 0x00000000c5400000, 0x00000000eab00000)
  object space 86016K, 51% used [0x00000000c0000000,0x00000000c2af8aa8,0x00000000c5400000)
 Metaspace       used 6488K, capacity 7222K, committed 7296K, reserved 1056768K
  class space    used 600K, capacity 622K, committed 640K, reserved 1048576K

Card table byte_map: [0x0000000011600000,0x0000000011810000] byte_map_base: 0x0000000011000000

Marking Bits: (ParMarkBitMap*) 0x00000000538d9d00
 Begin Bits: [0x0000000011d70000, 0x0000000012d70000)
 End Bits:   [0x0000000012d70000, 0x0000000013d70000)

Polling page: 0x00000000006b0000

CodeCache: size=245760Kb used=10057Kb max_used=10068Kb free=235702Kb
 bounds [0x0000000002240000, 0x0000000002c20000, 0x0000000011240000]
 total_blobs=2386 nmethods=2116 adapters=182
 compilation: disabled (not enough contiguous free space left)

Compilation events (10 events):
Event: 19.994 Thread 0x000000001496b800 2314       3       java.util.ComparableTimSort::countRunAndMakeAscending (123 bytes)
Event: 19.995 Thread 0x000000001496b800 nmethod 2314 0x0000000002c17510 code [0x0000000002c17720, 0x0000000002c184c8]
Event: 19.995 Thread 0x000000001496b800 2315       3       java.util.Arrays::rangeCheck (74 bytes)
Event: 19.996 Thread 0x000000001496b800 nmethod 2315 0x0000000002c18a10 code [0x0000000002c18c60, 0x0000000002c199a8]
Event: 19.996 Thread 0x000000001496b800 2316       3       java.util.Arrays::sort (47 bytes)
Event: 19.997 Thread 0x000000001496b800 nmethod 2316 0x0000000002c14e50 code [0x0000000002c15000, 0x0000000002c15458]
Event: 19.998 Thread 0x000000001496b800 2317       3       com.android.dx.dex.file.ClassDataItem::addContents (207 bytes)
Event: 19.998 Thread 0x0000000014965000 2318       4       com.android.dx.util.FixedSizeList::hashCode (8 bytes)
Event: 20.002 Thread 0x0000000014965000 nmethod 2318 0x0000000002c14a10 code [0x0000000002c14b60, 0x0000000002c14cd8]
Event: 20.002 Thread 0x000000001496b800 


GC Heap History (10 events):
Event: 8.652 GC heap before
{Heap before GC invocations=4 (full 0):
 PSYoungGen      total 35328K, used 35312K [0x00000000eab00000, 0x00000000ef000000, 0x0000000100000000)
  eden space 32768K, 100% used [0x00000000eab00000,0x00000000ecb00000,0x00000000ecb00000)
  from space 2560K, 99% used [0x00000000ecb00000,0x00000000ecd7c038,0x00000000ecd80000)
  to   space 2560K, 0% used [0x00000000eed80000,0x00000000eed80000,0x00000000ef000000)
 ParOldGen       total 44032K, used 8356K [0x00000000c0000000, 0x00000000c2b00000, 0x00000000eab00000)
  object space 44032K, 18% used [0x00000000c0000000,0x00000000c08290c0,0x00000000c2b00000)
 Metaspace       used 6243K, capacity 7090K, committed 7296K, reserved 1056768K
  class space    used 592K, capacity 618K, committed 640K, reserved 1048576K
Event: 9.009 GC heap after
Heap after GC invocations=4 (full 0):
 PSYoungGen      total 68096K, used 2544K [0x00000000eab00000, 0x00000000ef000000, 0x0000000100000000)
  eden space 65536K, 0% used [0x00000000eab00000,0x00000000eab00000,0x00000000eeb00000)
  from space 2560K, 99% used [0x00000000eed80000,0x00000000eeffc038,0x00000000ef000000)
  to   space 2560K, 0% used [0x00000000eeb00000,0x00000000eeb00000,0x00000000eed80000)
 ParOldGen       total 44032K, used 13095K [0x00000000c0000000, 0x00000000c2b00000, 0x00000000eab00000)
  object space 44032K, 29% used [0x00000000c0000000,0x00000000c0cc9d08,0x00000000c2b00000)
 Metaspace       used 6243K, capacity 7090K, committed 7296K, reserved 1056768K
  class space    used 592K, capacity 618K, committed 640K, reserved 1048576K
}
Event: 13.041 GC heap before
{Heap before GC invocations=5 (full 0):
 PSYoungGen      total 68096K, used 68080K [0x00000000eab00000, 0x00000000ef000000, 0x0000000100000000)
  eden space 65536K, 100% used [0x00000000eab00000,0x00000000eeb00000,0x00000000eeb00000)
  from space 2560K, 99% used [0x00000000eed80000,0x00000000eeffc038,0x00000000ef000000)
  to   space 2560K, 0% used [0x00000000eeb00000,0x00000000eeb00000,0x00000000eed80000)
 ParOldGen       total 44032K, used 13095K [0x00000000c0000000, 0x00000000c2b00000, 0x00000000eab00000)
  object space 44032K, 29% used [0x00000000c0000000,0x00000000c0cc9d08,0x00000000c2b00000)
 Metaspace       used 6321K, capacity 7090K, committed 7296K, reserved 1056768K
  class space    used 592K, capacity 618K, committed 640K, reserved 1048576K
Event: 13.220 GC heap after
Heap after GC invocations=5 (full 0):
 PSYoungGen      total 68096K, used 2528K [0x00000000eab00000, 0x00000000f4300000, 0x0000000100000000)
  eden space 65536K, 0% used [0x00000000eab00000,0x00000000eab00000,0x00000000eeb00000)
  from space 2560K, 98% used [0x00000000eeb00000,0x00000000eed78028,0x00000000eed80000)
  to   space 12288K, 0% used [0x00000000f3700000,0x00000000f3700000,0x00000000f4300000)
 ParOldGen       total 44032K, used 22352K [0x00000000c0000000, 0x00000000c2b00000, 0x00000000eab00000)
  object space 44032K, 50% used [0x00000000c0000000,0x00000000c15d40d8,0x00000000c2b00000)
 Metaspace       used 6321K, capacity 7090K, committed 7296K, reserved 1056768K
  class space    used 592K, capacity 618K, committed 640K, reserved 1048576K
}
Event: 14.423 GC heap before
{Heap before GC invocations=6 (full 0):
 PSYoungGen      total 68096K, used 68064K [0x00000000eab00000, 0x00000000f4300000, 0x0000000100000000)
  eden space 65536K, 100% used [0x00000000eab00000,0x00000000eeb00000,0x00000000eeb00000)
  from space 2560K, 98% used [0x00000000eeb00000,0x00000000eed78028,0x00000000eed80000)
  to   space 12288K, 0% used [0x00000000f3700000,0x00000000f3700000,0x00000000f4300000)
 ParOldGen       total 44032K, used 22352K [0x00000000c0000000, 0x00000000c2b00000, 0x00000000eab00000)
  object space 44032K, 50% used [0x00000000c0000000,0x00000000c15d40d8,0x00000000c2b00000)
 Metaspace       used 6351K, capacity 7154K, committed 7296K, reserved 1056768K
  class space    used 592K, capacity 618K, committed 640K, reserved 1048576K
Event: 14.479 GC heap after
Heap after GC invocations=6 (full 0):
 PSYoungGen      total 140800K, used 12280K [0x00000000eab00000, 0x00000000f4800000, 0x0000000100000000)
  eden space 128512K, 0% used [0x00000000eab00000,0x00000000eab00000,0x00000000f2880000)
  from space 12288K, 99% used [0x00000000f3700000,0x00000000f42fe2d8,0x00000000f4300000)
  to   space 14848K, 0% used [0x00000000f2880000,0x00000000f2880000,0x00000000f3700000)
 ParOldGen       total 44032K, used 22469K [0x00000000c0000000, 0x00000000c2b00000, 0x00000000eab00000)
  object space 44032K, 51% used [0x00000000c0000000,0x00000000c15f1538,0x00000000c2b00000)
 Metaspace       used 6351K, capacity 7154K, committed 7296K, reserved 1056768K
  class space    used 592K, capacity 618K, committed 640K, reserved 1048576K
}
Event: 16.592 GC heap before
{Heap before GC invocations=7 (full 0):
 PSYoungGen      total 140800K, used 140792K [0x00000000eab00000, 0x00000000f4800000, 0x0000000100000000)
  eden space 128512K, 100% used [0x00000000eab00000,0x00000000f2880000,0x00000000f2880000)
  from space 12288K, 99% used [0x00000000f3700000,0x00000000f42fe2d8,0x00000000f4300000)
  to   space 14848K, 0% used [0x00000000f2880000,0x00000000f2880000,0x00000000f3700000)
 ParOldGen       total 44032K, used 22469K [0x00000000c0000000, 0x00000000c2b00000, 0x00000000eab00000)
  object space 44032K, 51% used [0x00000000c0000000,0x00000000c15f1538,0x00000000c2b00000)
 Metaspace       used 6411K, capacity 7154K, committed 7296K, reserved 1056768K
  class space    used 594K, capacity 618K, committed 640K, reserved 1048576K
Event: 16.684 GC heap after
Heap after GC invocations=7 (full 0):
 PSYoungGen      total 143360K, used 14838K [0x00000000eab00000, 0x00000000fd900000, 0x0000000100000000)
  eden space 128512K, 0% used [0x00000000eab00000,0x00000000eab00000,0x00000000f2880000)
  from space 14848K, 99% used [0x00000000f2880000,0x00000000f36fd8f0,0x00000000f3700000)
  to   space 26112K, 0% used [0x00000000fbf80000,0x00000000fbf80000,0x00000000fd900000)
 ParOldGen       total 44032K, used 39701K [0x00000000c0000000, 0x00000000c2b00000, 0x00000000eab00000)
  object space 44032K, 90% used [0x00000000c0000000,0x00000000c26c55a0,0x00000000c2b00000)
 Metaspace       used 6411K, capacity 7154K, committed 7296K, reserved 1056768K
  class space    used 594K, capacity 618K, committed 640K, reserved 1048576K
}
Event: 16.684 GC heap before
{Heap before GC invocations=8 (full 1):
 PSYoungGen      total 143360K, used 14838K [0x00000000eab00000, 0x00000000fd900000, 0x0000000100000000)
  eden space 128512K, 0% used [0x00000000eab00000,0x00000000eab00000,0x00000000f2880000)
  from space 14848K, 99% used [0x00000000f2880000,0x00000000f36fd8f0,0x00000000f3700000)
  to   space 26112K, 0% used [0x00000000fbf80000,0x00000000fbf80000,0x00000000fd900000)
 ParOldGen       total 44032K, used 39701K [0x00000000c0000000, 0x00000000c2b00000, 0x00000000eab00000)
  object space 44032K, 90% used [0x00000000c0000000,0x00000000c26c55a0,0x00000000c2b00000)
 Metaspace       used 6411K, capacity 7154K, committed 7296K, reserved 1056768K
  class space    used 594K, capacity 618K, committed 640K, reserved 1048576K
Event: 19.249 GC heap after
Heap after GC invocations=8 (full 1):
 PSYoungGen      total 143360K, used 5512K [0x00000000eab00000, 0x00000000fd900000, 0x0000000100000000)
  eden space 128512K, 0% used [0x00000000eab00000,0x00000000eab00000,0x00000000f2880000)
  from space 14848K, 37% used [0x00000000f2880000,0x00000000f2de2150,0x00000000f3700000)
  to   space 26112K, 0% used [0x00000000fbf80000,0x00000000fbf80000,0x00000000fd900000)
 ParOldGen       total 86016K, used 44002K [0x00000000c0000000, 0x00000000c5400000, 0x00000000eab00000)
  object space 86016K, 51% used [0x00000000c0000000,0x00000000c2af8aa8,0x00000000c5400000)
 Metaspace       used 6411K, capacity 7154K, committed 7296K, reserved 1056768K
  class space    used 594K, capacity 618K, committed 640K, reserved 1048576K
}

Deoptimization events (10 events):
Event: 16.157 Thread 0x00000000164a7000 Uncommon trap: reason=bimorphic action=maybe_recompile pc=0x0000000002a04460 method=java.util.HashMap.putVal(ILjava/lang/Object;Ljava/lang/Object;ZZ)Ljava/lang/Object; @ 203
Event: 16.218 Thread 0x0000000002140800 Uncommon trap: reason=bimorphic action=maybe_recompile pc=0x000000000273b63c method=com.android.dx.ssa.LiteralOpUpgrader.tryReplacingWithConstant(Lcom/android/dx/ssa/NormalSsaInsn;)Z @ 62
Event: 16.218 Thread 0x0000000002140800 Uncommon trap: reason=unstable_if action=reinterpret pc=0x0000000002647ddc method=com.android.dx.ssa.SsaMethod.updateOneDefinition(Lcom/android/dx/ssa/SsaInsn;Lcom/android/dx/rop/code/RegisterSpec;)V @ 4
Event: 16.218 Thread 0x0000000002140800 Uncommon trap: reason=bimorphic action=maybe_recompile pc=0x000000000273b63c method=com.android.dx.ssa.LiteralOpUpgrader.tryReplacingWithConstant(Lcom/android/dx/ssa/NormalSsaInsn;)Z @ 62
Event: 19.970 Thread 0x00000000165a5000 Uncommon trap: reason=class_check action=maybe_recompile pc=0x000000000271f708 method=java.util.Arrays.hashCode([Ljava/lang/Object;)I @ 43
Event: 19.970 Thread 0x00000000165a5000 Uncommon trap: reason=class_check action=maybe_recompile pc=0x000000000271f708 method=java.util.Arrays.hashCode([Ljava/lang/Object;)I @ 43
Event: 19.972 Thread 0x00000000165a5000 Uncommon trap: reason=class_check action=maybe_recompile pc=0x000000000271f708 method=java.util.Arrays.hashCode([Ljava/lang/Object;)I @ 43
Event: 19.972 Thread 0x00000000165a5000 Uncommon trap: reason=class_check action=maybe_recompile pc=0x000000000271f708 method=java.util.Arrays.hashCode([Ljava/lang/Object;)I @ 43
Event: 19.972 Thread 0x00000000165a5000 Uncommon trap: reason=class_check action=maybe_recompile pc=0x0000000002662468 method=java.util.Arrays.hashCode([Ljava/lang/Object;)I @ 43
Event: 20.010 Thread 0x00000000165a5000 Uncommon trap: reason=bimorphic action=maybe_recompile pc=0x0000000002a04460 method=java.util.HashMap.putVal(ILjava/lang/Object;Ljava/lang/Object;ZZ)Ljava/lang/Object; @ 203

Internal exceptions (7 events):
Event: 0.055 Thread 0x0000000002140800 Exception <a 'java/lang/NoSuchMethodError': Method sun.misc.Unsafe.defineClass(Ljava/lang/String;[BII)Ljava/lang/Class; name or signature does not match> (0x00000000eab07cc0) thrown at [C:\src\android\AOSP-openjdk\external\jetbrains\jdk\hotspot\src\share\vWêÁ5<¨?
Event: 0.055 Thread 0x0000000002140800 Exception <a 'java/lang/NoSuchMethodError': Method sun.misc.Unsafe.prefetchRead(Ljava/lang/Object;J)V name or signature does not match> (0x00000000eab07fa8) thrown at [C:\src\android\AOSP-openjdk\external\jetbrains\jdk\hotspot\src\share\vm\prims\jni.cpp, l=ß¡ztÜ@
Event: 2.941 Thread 0x00000000164ac800 Implicit null exception at 0x000000000256005a to 0x0000000002562955
Event: 4.389 Thread 0x0000000002140800 Implicit null exception at 0x00000000025599a2 to 0x0000000002559a9a
Event: 7.500 Thread 0x00000000165a5000 Exception <a 'java/lang/ArrayIndexOutOfBoundsException': 18> (0x00000000eb15f680) thrown at [C:\src\android\AOSP-openjdk\external\jetbrains\jdk\hotspot\src\share\vm\interpreter\interpreterRuntime.cpp, line 366]
Event: 7.500 Thread 0x00000000165a5000 Exception <a 'java/lang/ArrayIndexOutOfBoundsException': 145> (0x00000000eb161200) thrown at [C:\src\android\AOSP-openjdk\external\jetbrains\jdk\hotspot\src\share\vm\interpreter\interpreterRuntime.cpp, line 366]
Event: 7.501 Thread 0x00000000165a5000 Exception <a 'java/lang/ArrayIndexOutOfBoundsException'> (0x00000000eb1624e8) thrown at [C:\src\android\AOSP-openjdk\external\jetbrains\jdk\hotspot\src\share\vm\runtime\sharedRuntime.cpp, line 605]

Events (10 events):
Event: 19.972 Thread 0x00000000165a5000 Uncommon trap: trap_request=0xffffffde fr.pc=0x0000000002662468
Event: 19.972 Thread 0x00000000165a5000 DEOPT PACKING pc=0x0000000002662468 sp=0x000000001694eab0
Event: 19.972 Thread 0x00000000165a5000 DEOPT UNPACKING pc=0x000000000228556a sp=0x000000001694ea38 mode 2
Event: 19.972 loading class com/android/dx/rop/cst/Zeroes
Event: 19.972 loading class com/android/dx/rop/cst/Zeroes done
Event: 20.010 Thread 0x00000000165a5000 Uncommon trap: trap_request=0xffffffc6 fr.pc=0x0000000002a04460
Event: 20.010 Thread 0x00000000165a5000 DEOPT PACKING pc=0x0000000002a04460 sp=0x000000001694eed0
Event: 20.010 Thread 0x00000000165a5000 DEOPT UNPACKING pc=0x000000000228556a sp=0x000000001694ee58 mode 2
Event: 20.013 loading class com/android/dx/dex/file/CatchStructs
Event: 20.013 loading class com/android/dx/dex/file/CatchStructs done


Dynamic libraries:
0x00007ff7bbf40000 - 0x00007ff7bbf71000 	C:\Program Files\Android\Android Studio\jre\bin\java.exe
0x00007ff80bf10000 - 0x00007ff80c0bd000 	C:\windows\SYSTEM32\ntdll.dll
0x00007ff809590000 - 0x00007ff8096ce000 	C:\windows\system32\KERNEL32.DLL
0x00007ff809100000 - 0x00007ff809215000 	C:\windows\system32\KERNELBASE.dll
0x00007ff8098e0000 - 0x00007ff80998a000 	C:\windows\system32\ADVAPI32.dll
0x00007ff80b290000 - 0x00007ff80b407000 	C:\windows\system32\USER32.dll
0x00007ff806020000 - 0x00007ff80629b000 	C:\windows\WinSxS\amd64_microsoft.windows.common-controls_6595b64144ccf1df_6.0.9600.18006_none_623f33d3ecbe86e8\COMCTL32.dll
0x00007ff80b420000 - 0x00007ff80b4ca000 	C:\windows\system32\msvcrt.dll
0x00007ff80b6b0000 - 0x00007ff80b709000 	C:\windows\SYSTEM32\sechost.dll
0x00007ff8097a0000 - 0x00007ff8098e0000 	C:\windows\system32\RPCRT4.dll
0x00007ff80b860000 - 0x00007ff80b9af000 	C:\windows\system32\GDI32.dll
0x00007ff809560000 - 0x00007ff80958e000 	C:\windows\system32\SspiCli.dll
0x00007ff80b250000 - 0x00007ff80b286000 	C:\windows\system32\IMM32.DLL
0x00007ff80bdb0000 - 0x00007ff80bf02000 	C:\windows\system32\MSCTF.dll
0x0000000052f60000 - 0x0000000053032000 	C:\Program Files\Android\Android Studio\jre\jre\bin\msvcr100.dll
0x0000000053120000 - 0x0000000053954000 	C:\Program Files\Android\Android Studio\jre\jre\bin\server\jvm.dll
0x00007ff800dc0000 - 0x00007ff800dc9000 	C:\windows\SYSTEM32\WSOCK32.dll
0x00007ff804300000 - 0x00007ff804322000 	C:\windows\SYSTEM32\WINMM.dll
0x00007ff801630000 - 0x00007ff80163a000 	C:\windows\SYSTEM32\VERSION.dll
0x00007ff80b4e0000 - 0x00007ff80b4e7000 	C:\windows\system32\PSAPI.DLL
0x00007ff80ba10000 - 0x00007ff80ba6a000 	C:\windows\system32\WS2_32.dll
0x00007ff8042d0000 - 0x00007ff8042fa000 	C:\windows\SYSTEM32\WINMMBASE.dll
0x00007ff80b4d0000 - 0x00007ff80b4d9000 	C:\windows\system32\NSI.dll
0x00007ff809220000 - 0x00007ff80926f000 	C:\windows\SYSTEM32\cfgmgr32.dll
0x00007ff807e50000 - 0x00007ff807e78000 	C:\windows\SYSTEM32\DEVOBJ.dll
0x00007ff804e20000 - 0x00007ff804e2f000 	C:\Program Files\Android\Android Studio\jre\jre\bin\verify.dll
0x00007ff803cc0000 - 0x00007ff803ce9000 	C:\Program Files\Android\Android Studio\jre\jre\bin\java.dll
0x00007ff802cb0000 - 0x00007ff802cc6000 	C:\Program Files\Android\Android Studio\jre\jre\bin\zip.dll
0x00007ff809b30000 - 0x00007ff80b058000 	C:\windows\system32\SHELL32.dll
0x00007ff80bb90000 - 0x00007ff80bda1000 	C:\windows\SYSTEM32\combase.dll
0x00007ff80b9b0000 - 0x00007ff80ba04000 	C:\windows\system32\SHLWAPI.dll
0x00007ff8073b0000 - 0x00007ff807462000 	C:\windows\SYSTEM32\SHCORE.dll
0x00007ff809030000 - 0x00007ff809045000 	C:\windows\SYSTEM32\profapi.dll

VM Arguments:
jvm_args: -Djava.awt.headless=true -Xmx1024M -Dfile.encoding=windows-1252 -Duser.country=US -Duser.language=en -Duser.variant 
java_command: com.android.dx.command.Main --dex --verbose --force-jumbo --num-threads=4 --multi-dex --output C:\Users\bruh\Desktop\COMP150-MOB\QueueR\app\build\intermediates\transforms\dex\debug\folders\1000\10\core-3.2.1_fcae36e118dda71acc618a35b119dad8b85f3b5c C:\Users\bruh\.gradle\caches\modules-2\files-2.1\com.google.zxing\core\3.2.1\2287494d4f5f9f3a9a2bb6980e3f32053721b315\core-3.2.1.jar
java_class_path (initial): C:\Users\bruh\AppData\Local\Android\sdk\build-tools\24.0.1\lib\dx.jar
Launcher Type: SUN_STANDARD

Environment Variables:
PATH=C:\Program Files\Java\jdk1.8.0_101\bin\;C:\ProgramData\Oracle\Java\javapath;C:\windows\system32;C:\windows;C:\windows\System32\Wbem;C:\windows\System32\WindowsPowerShell\v1.0\;C:\Program Files\nodejs\;C:\Program Files (x86)\Heroku\bin;C:\Program Files (x86)\git\cmd;C:\Users\bruh\AppData\Roaming\npm;C:\Program Files (x86)\Skype\Phone\;C:\Program Files (x86)\GtkSharp\2.12\bin;C:\Program Files\Java\jdk1.8.0_101\bin\
USERNAME=bruh
OS=Windows_NT
PROCESSOR_IDENTIFIER=Intel64 Family 6 Model 69 Stepping 1, GenuineIntel



---------------  S Y S T E M  ---------------

OS: Windows 8.1 , 64 bit Build 9600 (6.3.9600.17415)

CPU:total 4 (2 cores per cpu, 2 threads per core) family 6 model 69 stepping 1, cmov, cx8, fxsr, mmx, sse, sse2, sse3, ssse3, sse4.1, sse4.2, popcnt, avx, avx2, aes, clmul, erms, lzcnt, ht, tsc, tscinvbit, bmi1, bmi2

Memory: 4k page, physical 4097056k(210804k free), swap 7242784k(5124k free)

vm_info: OpenJDK 64-Bit Server VM (25.76-b03) for windows-amd64 JRE (1.8.0_76-release-b03), built on Jun 29 2016 19:09:20 by "ralucas" with MS VC++ 10.0 (VS2010)

time: Wed Dec 14 21:55:59 2016
elapsed time: 20 seconds (0d 0h 0m 20s)

