#
# There is insufficient memory for the Java Runtime Environment to continue.
# Native memory allocation (malloc) failed to allocate 1399056 bytes for Chunk::new
# Possible reasons:
#   The system is out of physical RAM or swap space
#   In 32 bit mode, the process size limit was hit
# Possible solutions:
#   Reduce memory load on the system
#   Increase physical memory or swap space
#   Check if swap backing store is full
#   Use 64 bit Java on a 64 bit OS
#   Decrease Java heap size (-Xmx/-Xms)
#   Decrease number of Java threads
#   Decrease Java thread stack sizes (-Xss)
#   Set larger code cache with -XX:ReservedCodeCacheSize=
# This output file may be truncated or incomplete.
#
#  Out of Memory Error (allocation.cpp:390), pid=4580, tid=0x0000000000000584
#
# JRE version: Java(TM) SE Runtime Environment (8.0_101-b13) (build 1.8.0_101-b13)
# Java VM: Java HotSpot(TM) 64-Bit Server VM (25.101-b13 mixed mode windows-amd64 compressed oops)
# Failed to write core dump. Minidumps are not enabled by default on client versions of Windows
#

---------------  T H R E A D  ---------------

Current thread (0x000000001454c000):  JavaThread "C2 CompilerThread0" daemon [_thread_in_native, id=1412, stack(0x0000000015b80000,0x0000000015c80000)]

Stack: [0x0000000015b80000,0x0000000015c80000]
[error occurred during error reporting (printing stack bounds), id 0xc0000005]

Native frames: (J=compiled Java code, j=interpreted, Vv=VM code, C=native code)


Current CompileTask:
C2:  18589 2287   !   4       com.android.dx.cf.code.BytecodeArray::parseInstruction (2764 bytes)


---------------  P R O C E S S  ---------------

Java Threads: ( => current thread )
  0x00000000161c1800 JavaThread "pool-2-thread-4" [_thread_in_Java, id=5284, stack(0x0000000016880000,0x0000000016980000)]
  0x00000000161c9800 JavaThread "pool-2-thread-3" [_thread_blocked, id=7036, stack(0x0000000016780000,0x0000000016880000)]
  0x00000000161c0000 JavaThread "pool-2-thread-2" [_thread_in_vm, id=6928, stack(0x0000000016680000,0x0000000016780000)]
  0x00000000161a8800 JavaThread "pool-3-thread-1" [_thread_blocked, id=4924, stack(0x0000000016580000,0x0000000016680000)]
  0x0000000016192800 JavaThread "pool-2-thread-1" [_thread_blocked, id=6056, stack(0x0000000016480000,0x0000000016580000)]
  0x0000000015e85800 JavaThread "Service Thread" daemon [_thread_blocked, id=6288, stack(0x0000000016280000,0x0000000016380000)]
  0x00000000145ab800 JavaThread "C1 CompilerThread2" daemon [_thread_blocked, id=6304, stack(0x0000000015d80000,0x0000000015e80000)]
  0x00000000145a5800 JavaThread "C2 CompilerThread1" daemon [_thread_in_native, id=6340, stack(0x0000000015c80000,0x0000000015d80000)]
=>0x000000001454c000 JavaThread "C2 CompilerThread0" daemon [_thread_in_native, id=1412, stack(0x0000000015b80000,0x0000000015c80000)]
  0x000000001454a000 JavaThread "Attach Listener" daemon [_thread_blocked, id=6268, stack(0x0000000015a80000,0x0000000015b80000)]
  0x0000000014549000 JavaThread "Signal Dispatcher" daemon [_thread_blocked, id=6596, stack(0x0000000015980000,0x0000000015a80000)]
  0x0000000001e29800 JavaThread "Finalizer" daemon [_thread_blocked, id=6792, stack(0x00000000157a0000,0x00000000158a0000)]
  0x0000000001e20800 JavaThread "Reference Handler" daemon [_thread_blocked, id=2156, stack(0x00000000156a0000,0x00000000157a0000)]
  0x0000000001d30800 JavaThread "main" [_thread_in_vm, id=392, stack(0x0000000001be0000,0x0000000001ce0000)]

Other Threads:
  0x0000000014517000 VMThread [stack: 0x00000000155a0000,0x00000000156a0000] [id=5748]
  0x0000000015eb2800 WatcherThread [stack: 0x0000000016380000,0x0000000016480000] [id=6444]

VM state:synchronizing (normal execution)

VM Mutex/Monitor currently owned by a thread:  ([mutex/lock_event])
[0x0000000001e7b980] Safepoint_lock - owner thread: 0x0000000014517000
[0x0000000001e7ba80] Threads_lock - owner thread: 0x0000000014517000
[0x0000000001e7be80] Heap_lock - owner thread: 0x0000000016192800

Heap:
 PSYoungGen      total 144384K, used 135115K [0x00000000eab00000, 0x00000000fa800000, 0x0000000100000000)
  eden space 123392K, 100% used [0x00000000eab00000,0x00000000f2380000,0x00000000f2380000)
  from space 20992K, 55% used [0x00000000f2380000,0x00000000f2ef2e60,0x00000000f3800000)
  to   space 30720K, 0% used [0x00000000f8a00000,0x00000000f8a00000,0x00000000fa800000)
 ParOldGen       total 82944K, used 43566K [0x00000000c0000000, 0x00000000c5100000, 0x00000000eab00000)
  object space 82944K, 52% used [0x00000000c0000000,0x00000000c2a8bb60,0x00000000c5100000)
 Metaspace       used 6589K, capacity 7256K, committed 7424K, reserved 1056768K
  class space    used 626K, capacity 656K, committed 768K, reserved 1048576K

Card table byte_map: [0x0000000011240000,0x0000000011450000] byte_map_base: 0x0000000010c40000

Marking Bits: (ParMarkBitMap*) 0x00000000615aa6d0
 Begin Bits: [0x00000000119b0000, 0x00000000129b0000)
 End Bits:   [0x00000000129b0000, 0x00000000139b0000)

Polling page: 0x0000000000330000

CodeCache: size=245760Kb used=9996Kb max_used=9996Kb free=235763Kb
 bounds [0x0000000001e80000, 0x0000000002850000, 0x0000000010e80000]
 total_blobs=2443 nmethods=2170 adapters=185
 compilation: enabled

Compilation events (10 events):
Event: 18.500 Thread 0x00000000145ab800 2350       2       com.android.dx.command.dexer.Main::checkClassName (124 bytes)
Event: 18.502 Thread 0x00000000145ab800 nmethod 2350 0x000000000281af50 code [0x000000000281b180, 0x000000000281b908]
Event: 18.502 Thread 0x00000000145ab800 2351       2       com.android.dx.command.dexer.Main::parseClass (33 bytes)
Event: 18.503 Thread 0x00000000145ab800 nmethod 2351 0x0000000002834b50 code [0x0000000002834ce0, 0x0000000002834ff8]
Event: 18.503 Thread 0x00000000145ab800 2353       2       sun.util.calendar.BaseCalendar::isLeapYear (12 bytes)
Event: 18.504 Thread 0x00000000145ab800 nmethod 2353 0x0000000002846950 code [0x0000000002846ac0, 0x0000000002846d28]
Event: 18.507 Thread 0x00000000145ab800 2354       2       java.util.concurrent.Executors$DelegatedExecutorService::submit (11 bytes)
Event: 18.508 Thread 0x00000000145ab800 nmethod 2354 0x00000000028347d0 code [0x0000000002834940, 0x0000000002834ac8]
Event: 18.524 Thread 0x00000000145ab800 2355       2       java.util.concurrent.locks.AbstractQueuedSynchronizer::enq (58 bytes)
Event: 18.525 Thread 0x00000000145ab800 nmethod 2355 0x00000000028463d0 code [0x0000000002846540, 0x0000000002846830]

GC Heap History (10 events):
Event: 4.739 GC heap before
{Heap before GC invocations=6 (full 0):
 PSYoungGen      total 35328K, used 35304K [0x00000000eab00000, 0x00000000efd00000, 0x0000000100000000)
  eden space 32768K, 100% used [0x00000000eab00000,0x00000000ecb00000,0x00000000ecb00000)
  from space 2560K, 99% used [0x00000000ecb00000,0x00000000ecd7a2c0,0x00000000ecd80000)
  to   space 9216K, 0% used [0x00000000ef400000,0x00000000ef400000,0x00000000efd00000)
 ParOldGen       total 44032K, used 12634K [0x00000000c0000000, 0x00000000c2b00000, 0x00000000eab00000)
  object space 44032K, 28% used [0x00000000c0000000,0x00000000c0c56bb8,0x00000000c2b00000)
 Metaspace       used 6304K, capacity 7156K, committed 7296K, reserved 1056768K
  class space    used 606K, capacity 620K, committed 640K, reserved 1048576K
Event: 4.821 GC heap after
Heap after GC invocations=6 (full 0):
 PSYoungGen      total 73216K, used 8392K [0x00000000eab00000, 0x00000000f0000000, 0x0000000100000000)
  eden space 64000K, 0% used [0x00000000eab00000,0x00000000eab00000,0x00000000ee980000)
  from space 9216K, 91% used [0x00000000ef400000,0x00000000efc322c0,0x00000000efd00000)
  to   space 10752K, 0% used [0x00000000ee980000,0x00000000ee980000,0x00000000ef400000)
 ParOldGen       total 44032K, used 12642K [0x00000000c0000000, 0x00000000c2b00000, 0x00000000eab00000)
  object space 44032K, 28% used [0x00000000c0000000,0x00000000c0c58bb8,0x00000000c2b00000)
 Metaspace       used 6304K, capacity 7156K, committed 7296K, reserved 1056768K
  class space    used 606K, capacity 620K, committed 640K, reserved 1048576K
}
Event: 6.131 GC heap before
{Heap before GC invocations=7 (full 0):
 PSYoungGen      total 73216K, used 72392K [0x00000000eab00000, 0x00000000f0000000, 0x0000000100000000)
  eden space 64000K, 100% used [0x00000000eab00000,0x00000000ee980000,0x00000000ee980000)
  from space 9216K, 91% used [0x00000000ef400000,0x00000000efc322c0,0x00000000efd00000)
  to   space 10752K, 0% used [0x00000000ee980000,0x00000000ee980000,0x00000000ef400000)
 ParOldGen       total 44032K, used 12642K [0x00000000c0000000, 0x00000000c2b00000, 0x00000000eab00000)
  object space 44032K, 28% used [0x00000000c0000000,0x00000000c0c58bb8,0x00000000c2b00000)
 Metaspace       used 6353K, capacity 7156K, committed 7296K, reserved 1056768K
  class space    used 606K, capacity 620K, committed 640K, reserved 1048576K
Event: 6.443 GC heap after
Heap after GC invocations=7 (full 0):
 PSYoungGen      total 74752K, used 10725K [0x00000000eab00000, 0x00000000f4800000, 0x0000000100000000)
  eden space 64000K, 0% used [0x00000000eab00000,0x00000000eab00000,0x00000000ee980000)
  from space 10752K, 99% used [0x00000000ee980000,0x00000000ef3f94d8,0x00000000ef400000)
  to   space 16384K, 0% used [0x00000000f3800000,0x00000000f3800000,0x00000000f4800000)
 ParOldGen       total 44032K, used 19765K [0x00000000c0000000, 0x00000000c2b00000, 0x00000000eab00000)
  object space 44032K, 44% used [0x00000000c0000000,0x00000000c134d4a8,0x00000000c2b00000)
 Metaspace       used 6353K, capacity 7156K, committed 7296K, reserved 1056768K
  class space    used 606K, capacity 620K, committed 640K, reserved 1048576K
}
Event: 8.421 GC heap before
{Heap before GC invocations=8 (full 0):
 PSYoungGen      total 74752K, used 74725K [0x00000000eab00000, 0x00000000f4800000, 0x0000000100000000)
  eden space 64000K, 100% used [0x00000000eab00000,0x00000000ee980000,0x00000000ee980000)
  from space 10752K, 99% used [0x00000000ee980000,0x00000000ef3f94d8,0x00000000ef400000)
  to   space 16384K, 0% used [0x00000000f3800000,0x00000000f3800000,0x00000000f4800000)
 ParOldGen       total 44032K, used 19765K [0x00000000c0000000, 0x00000000c2b00000, 0x00000000eab00000)
  object space 44032K, 44% used [0x00000000c0000000,0x00000000c134d4a8,0x00000000c2b00000)
 Metaspace       used 6414K, capacity 7156K, committed 7296K, reserved 1056768K
  class space    used 607K, capacity 620K, committed 640K, reserved 1048576K
Event: 8.778 GC heap after
Heap after GC invocations=8 (full 0):
 PSYoungGen      total 139776K, used 16369K [0x00000000eab00000, 0x00000000f5100000, 0x0000000100000000)
  eden space 123392K, 0% used [0x00000000eab00000,0x00000000eab00000,0x00000000f2380000)
  from space 16384K, 99% used [0x00000000f3800000,0x00000000f47fc6c8,0x00000000f4800000)
  to   space 20992K, 0% used [0x00000000f2380000,0x00000000f2380000,0x00000000f3800000)
 ParOldGen       total 44032K, used 23984K [0x00000000c0000000, 0x00000000c2b00000, 0x00000000eab00000)
  object space 44032K, 54% used [0x00000000c0000000,0x00000000c176c200,0x00000000c2b00000)
 Metaspace       used 6414K, capacity 7156K, committed 7296K, reserved 1056768K
  class space    used 607K, capacity 620K, committed 640K, reserved 1048576K
}
Event: 10.976 GC heap before
{Heap before GC invocations=9 (full 0):
 PSYoungGen      total 139776K, used 139761K [0x00000000eab00000, 0x00000000f5100000, 0x0000000100000000)
  eden space 123392K, 100% used [0x00000000eab00000,0x00000000f2380000,0x00000000f2380000)
  from space 16384K, 99% used [0x00000000f3800000,0x00000000f47fc6c8,0x00000000f4800000)
  to   space 20992K, 0% used [0x00000000f2380000,0x00000000f2380000,0x00000000f3800000)
 ParOldGen       total 44032K, used 23984K [0x00000000c0000000, 0x00000000c2b00000, 0x00000000eab00000)
  object space 44032K, 54% used [0x00000000c0000000,0x00000000c176c200,0x00000000c2b00000)
 Metaspace       used 6561K, capacity 7256K, committed 7424K, reserved 1056768K
  class space    used 626K, capacity 656K, committed 768K, reserved 1048576K
Event: 11.453 GC heap after
Heap after GC invocations=9 (full 0):
 PSYoungGen      total 144384K, used 20963K [0x00000000eab00000, 0x00000000fa800000, 0x0000000100000000)
  eden space 123392K, 0% used [0x00000000eab00000,0x00000000eab00000,0x00000000f2380000)
  from space 20992K, 99% used [0x00000000f2380000,0x00000000f37f8f38,0x00000000f3800000)
  to   space 30720K, 0% used [0x00000000f8a00000,0x00000000f8a00000,0x00000000fa800000)
 ParOldGen       total 44032K, used 39204K [0x00000000c0000000, 0x00000000c2b00000, 0x00000000eab00000)
  object space 44032K, 89% used [0x00000000c0000000,0x00000000c2649030,0x00000000c2b00000)
 Metaspace       used 6561K, capacity 7256K, committed 7424K, reserved 1056768K
  class space    used 626K, capacity 656K, committed 768K, reserved 1048576K
}
Event: 11.453 GC heap before
{Heap before GC invocations=10 (full 1):
 PSYoungGen      total 144384K, used 20963K [0x00000000eab00000, 0x00000000fa800000, 0x0000000100000000)
  eden space 123392K, 0% used [0x00000000eab00000,0x00000000eab00000,0x00000000f2380000)
  from space 20992K, 99% used [0x00000000f2380000,0x00000000f37f8f38,0x00000000f3800000)
  to   space 30720K, 0% used [0x00000000f8a00000,0x00000000f8a00000,0x00000000fa800000)
 ParOldGen       total 44032K, used 39204K [0x00000000c0000000, 0x00000000c2b00000, 0x00000000eab00000)
  object space 44032K, 89% used [0x00000000c0000000,0x00000000c2649030,0x00000000c2b00000)
 Metaspace       used 6561K, capacity 7256K, committed 7424K, reserved 1056768K
  class space    used 626K, capacity 656K, committed 768K, reserved 1048576K
Event: 15.606 GC heap after
Heap after GC invocations=10 (full 1):
 PSYoungGen      total 144384K, used 11723K [0x00000000eab00000, 0x00000000fa800000, 0x0000000100000000)
  eden space 123392K, 0% used [0x00000000eab00000,0x00000000eab00000,0x00000000f2380000)
  from space 20992K, 55% used [0x00000000f2380000,0x00000000f2ef2e60,0x00000000f3800000)
  to   space 30720K, 0% used [0x00000000f8a00000,0x00000000f8a00000,0x00000000fa800000)
 ParOldGen       total 82944K, used 43566K [0x00000000c0000000, 0x00000000c5100000, 0x00000000eab00000)
  object space 82944K, 52% used [0x00000000c0000000,0x00000000c2a8bb60,0x00000000c5100000)
 Metaspace       used 6561K, capacity 7256K, committed 7424K, reserved 1056768K
  class space    used 626K, capacity 656K, committed 768K, reserved 1048576K
}

Deoptimization events (10 events):
Event: 9.886 Thread 0x0000000016192800 Uncommon trap: reason=bimorphic action=maybe_recompile pc=0x00000000024aebc0 method=com.android.dx.ssa.LiteralOpUpgrader.tryReplacingWithConstant(Lcom/android/dx/ssa/NormalSsaInsn;)Z @ 62
Event: 10.030 Thread 0x0000000016192800 Uncommon trap: reason=unstable_if action=reinterpret pc=0x00000000022718e8 method=com.android.dx.ssa.SsaMethod.getExitBlock()Lcom/android/dx/ssa/SsaBasicBlock; @ 4
Event: 10.030 Thread 0x0000000016192800 Uncommon trap: reason=unstable_if action=reinterpret pc=0x0000000002155034 method=com.android.dx.ssa.SsaMethod.getExitBlock()Lcom/android/dx/ssa/SsaBasicBlock; @ 4
Event: 10.067 Thread 0x0000000016192800 Uncommon trap: reason=unstable_if action=reinterpret pc=0x000000000272a384 method=com.android.dx.ssa.SsaMethod.getExitBlock()Lcom/android/dx/ssa/SsaBasicBlock; @ 4
Event: 17.186 Thread 0x00000000161c1800 Uncommon trap: reason=bimorphic action=maybe_recompile pc=0x0000000002783b48 method=com.android.dx.cf.code.BytecodeArray.parseInstruction(ILcom/android/dx/cf/code/BytecodeArray$Visitor;)I @ 1035
Event: 17.186 Thread 0x00000000161c1800 Uncommon trap: reason=bimorphic action=maybe_recompile pc=0x00000000027839b4 method=com.android.dx.cf.code.BytecodeArray.parseInstruction(ILcom/android/dx/cf/code/BytecodeArray$Visitor;)I @ 971
Event: 17.186 Thread 0x00000000161c1800 Uncommon trap: reason=bimorphic action=maybe_recompile pc=0x0000000002783a40 method=com.android.dx.cf.code.BytecodeArray.parseInstruction(ILcom/android/dx/cf/code/BytecodeArray$Visitor;)I @ 987
Event: 17.186 Thread 0x00000000161c1800 Uncommon trap: reason=bimorphic action=maybe_recompile pc=0x0000000002783bd4 method=com.android.dx.cf.code.BytecodeArray.parseInstruction(ILcom/android/dx/cf/code/BytecodeArray$Visitor;)I @ 1051
Event: 17.187 Thread 0x00000000161c1800 Uncommon trap: reason=bimorphic action=maybe_recompile pc=0x0000000002783b48 method=com.android.dx.cf.code.BytecodeArray.parseInstruction(ILcom/android/dx/cf/code/BytecodeArray$Visitor;)I @ 1035
Event: 17.939 Thread 0x0000000016192800 Uncommon trap: reason=unstable_if action=reinterpret pc=0x000000000250f6dc method=java.util.HashMap.resize()[Ljava/util/HashMap$Node; @ 206

Internal exceptions (7 events):
Event: 0.178 Thread 0x0000000001d30800 Exception <a 'java/lang/NoSuchMethodError': Method sun.misc.Unsafe.defineClass(Ljava/lang/String;[BII)Ljava/lang/Class; name or signature does not match> (0x00000000eab07cc0) thrown at [C:\re\workspace\8-2-build-windows-amd64-cygwin\jdk8u101\7261\hotspot\s÷÷AÖÉÃÆ?
Event: 0.178 Thread 0x0000000001d30800 Exception <a 'java/lang/NoSuchMethodError': Method sun.misc.Unsafe.prefetchRead(Ljava/lang/Object;J)V name or signature does not match> (0x00000000eab07fa8) thrown at [C:\re\workspace\8-2-build-windows-amd64-cygwin\jdk8u101\7261\hotspot\src\share\vm\prims\^8I…H@
Event: 2.535 Thread 0x00000000161c9800 Implicit null exception at 0x0000000002156422 to 0x0000000002156529
Event: 7.955 Thread 0x00000000161c0000 Implicit null exception at 0x000000000243a898 to 0x000000000243bc95
Event: 9.029 Thread 0x00000000161c9800 Exception <a 'java/lang/ArrayIndexOutOfBoundsException': 18> (0x00000000ebe9dbc8) thrown at [C:\re\workspace\8-2-build-windows-amd64-cygwin\jdk8u101\7261\hotspot\src\share\vm\interpreter\interpreterRuntime.cpp, line 366]
Event: 9.029 Thread 0x00000000161c9800 Exception <a 'java/lang/ArrayIndexOutOfBoundsException': 145> (0x00000000ebe9f748) thrown at [C:\re\workspace\8-2-build-windows-amd64-cygwin\jdk8u101\7261\hotspot\src\share\vm\interpreter\interpreterRuntime.cpp, line 366]
Event: 9.032 Thread 0x00000000161c9800 Exception <a 'java/lang/ArrayIndexOutOfBoundsException'> (0x00000000ebea0a30) thrown at [C:\re\workspace\8-2-build-windows-amd64-cygwin\jdk8u101\7261\hotspot\src\share\vm\runtime\sharedRuntime.cpp, line 605]

Events (10 events):
Event: 17.596 Thread 0x00000000161c9800 DEOPT PACKING pc=0x000000000231fa38 sp=0x000000001687e9d0
Event: 17.596 Thread 0x00000000161c9800 DEOPT UNPACKING pc=0x0000000001ec787f sp=0x000000001687e800 mode 0
Event: 17.888 Thread 0x00000000161c1800 DEOPT PACKING pc=0x000000000231fdd9 sp=0x000000001697e570
Event: 17.888 Thread 0x00000000161c1800 DEOPT UNPACKING pc=0x0000000001ec787f sp=0x000000001697e3a0 mode 0
Event: 17.939 Thread 0x0000000016192800 Uncommon trap: trap_request=0xffffff65 fr.pc=0x000000000250f6dc
Event: 17.939 Thread 0x0000000016192800 DEOPT PACKING pc=0x000000000250f6dc sp=0x000000001657e3e0
Event: 17.939 Thread 0x0000000016192800 DEOPT UNPACKING pc=0x0000000001ec582a sp=0x000000001657e348 mode 2
Event: 18.170 Thread 0x0000000001d30800 DEOPT PACKING pc=0x00000000023387bd sp=0x0000000001cde190
Event: 18.170 Thread 0x0000000001d30800 DEOPT UNPACKING pc=0x0000000001ec787f sp=0x0000000001cddec8 mode 0
Event: 18.557 Executing VM operation: ParallelGCFailedAllocation


Dynamic libraries:
0x00007ff637510000 - 0x00007ff637547000 	C:\Program Files\Java\jdk1.8.0_101\bin\java.exe
0x00007ffdf6070000 - 0x00007ffdf621d000 	C:\windows\SYSTEM32\ntdll.dll
0x00007ffdf3860000 - 0x00007ffdf399e000 	C:\windows\system32\KERNEL32.DLL
0x00007ffdf34b0000 - 0x00007ffdf35c5000 	C:\windows\system32\KERNELBASE.dll
0x00007ffdf1d70000 - 0x00007ffdf1dfe000 	C:\windows\system32\apphelp.dll
0x00007ffde8200000 - 0x00007ffde8253000 	C:\windows\AppPatch\AppPatch64\AcGenral.DLL
0x00007ffdf4150000 - 0x00007ffdf41fa000 	C:\windows\system32\msvcrt.dll
0x00007ffdf3620000 - 0x00007ffdf364e000 	C:\windows\system32\SspiCli.dll
0x00007ffdf4540000 - 0x00007ffdf4594000 	C:\windows\system32\SHLWAPI.dll
0x00007ffdf3fd0000 - 0x00007ffdf4147000 	C:\windows\system32\USER32.dll
0x00007ffdf3e20000 - 0x00007ffdf3fb4000 	C:\windows\system32\ole32.dll
0x00007ffdf47a0000 - 0x00007ffdf5cc9000 	C:\windows\system32\SHELL32.dll
0x00007ffdf2a80000 - 0x00007ffdf2aa1000 	C:\windows\SYSTEM32\USERENV.dll
0x00007ffdf46f0000 - 0x00007ffdf479a000 	C:\windows\system32\ADVAPI32.dll
0x00007ffde8b00000 - 0x00007ffde8b1e000 	C:\windows\SYSTEM32\MPR.dll
0x00007ffdf45a0000 - 0x00007ffdf46e0000 	C:\windows\system32\RPCRT4.dll
0x00007ffdf6010000 - 0x00007ffdf6069000 	C:\windows\SYSTEM32\sechost.dll
0x00007ffdf5d30000 - 0x00007ffdf5f41000 	C:\windows\SYSTEM32\combase.dll
0x00007ffdf42c0000 - 0x00007ffdf440f000 	C:\windows\system32\GDI32.dll
0x00007ffdf31a0000 - 0x00007ffdf31b5000 	C:\windows\SYSTEM32\profapi.dll
0x00007ffdf1520000 - 0x00007ffdf15d2000 	C:\windows\SYSTEM32\SHCORE.dll
0x00007ffdf4500000 - 0x00007ffdf4536000 	C:\windows\system32\IMM32.DLL
0x00007ffdf3700000 - 0x00007ffdf3852000 	C:\windows\system32\MSCTF.dll
0x00007ffdf0310000 - 0x00007ffdf058b000 	C:\windows\WinSxS\amd64_microsoft.windows.common-controls_6595b64144ccf1df_6.0.9600.18006_none_623f33d3ecbe86e8\COMCTL32.dll
0x0000000060770000 - 0x0000000060842000 	C:\Program Files\Java\jdk1.8.0_101\jre\bin\msvcr100.dll
0x0000000060d90000 - 0x000000006162a000 	C:\Program Files\Java\jdk1.8.0_101\jre\bin\server\jvm.dll
0x00007ffdea6e0000 - 0x00007ffdea6e9000 	C:\windows\SYSTEM32\WSOCK32.dll
0x00007ffde9e00000 - 0x00007ffde9e22000 	C:\windows\SYSTEM32\WINMM.dll
0x00007ffdeb300000 - 0x00007ffdeb30a000 	C:\windows\SYSTEM32\VERSION.dll
0x00007ffdf3fc0000 - 0x00007ffdf3fc7000 	C:\windows\system32\PSAPI.DLL
0x00007ffdf39a0000 - 0x00007ffdf39fa000 	C:\windows\system32\WS2_32.dll
0x00007ffde6ba0000 - 0x00007ffde6bca000 	C:\windows\SYSTEM32\WINMMBASE.dll
0x00007ffdf44f0000 - 0x00007ffdf44f9000 	C:\windows\system32\NSI.dll
0x00007ffdf35d0000 - 0x00007ffdf361f000 	C:\windows\SYSTEM32\cfgmgr32.dll
0x00007ffdf1fc0000 - 0x00007ffdf1fe8000 	C:\windows\SYSTEM32\DEVOBJ.dll
0x0000000060ca0000 - 0x0000000060caf000 	C:\Program Files\Java\jdk1.8.0_101\jre\bin\verify.dll
0x0000000060c70000 - 0x0000000060c99000 	C:\Program Files\Java\jdk1.8.0_101\jre\bin\java.dll
0x0000000060c50000 - 0x0000000060c66000 	C:\Program Files\Java\jdk1.8.0_101\jre\bin\zip.dll

VM Arguments:
jvm_args: -Djava.awt.headless=true -Xmx1024M -Dfile.encoding=windows-1252 -Duser.country=US -Duser.language=en -Duser.variant 
java_command: com.android.dx.command.Main --dex --force-jumbo --num-threads=4 --multi-dex --output C:\Users\bruh\Desktop\COMP150-MOB\QueueR\app\build\intermediates\transforms\dex\debug\folders\1000\10\com.android.support-support-v4-24.1.1_a4154e86e981b836301da22e84ff1ec295ebe468 C:\Users\bruh\Desktop\COMP150-MOB\QueueR\app\build\intermediates\exploded-aar\com.android.support\support-v4\24.1.1\jars\classes.jar
java_class_path (initial): C:\Users\bruh\AppData\Local\Android\sdk\build-tools\24.0.1\lib\dx.jar
Launcher Type: SUN_STANDARD

Environment Variables:
PATH=C:\Program Files\Java\jdk1.8.0_101\bin\;C:\Program Files (x86)\Skype\Phone\;C:\Program Files\Java\jdk1.8.0_101\bin\
USERNAME=bruh
OS=Windows_NT
PROCESSOR_IDENTIFIER=Intel64 Family 6 Model 69 Stepping 1, GenuineIntel



---------------  S Y S T E M  ---------------

OS: Windows 8.1 , 64 bit Build 9600 (6.3.9600.17415)

CPU:total 4 (2 cores per cpu, 2 threads per core) family 6 model 69 stepping 1, cmov, cx8, fxsr, mmx, sse, sse2, sse3, ssse3, sse4.1, sse4.2, popcnt, avx, avx2, aes, clmul, erms, lzcnt, ht, tsc, tscinvbit, bmi1, bmi2

Memory: 4k page, physical 4097056k(209136k free), swap 7117088k(6448k free)

vm_info: Java HotSpot(TM) 64-Bit Server VM (25.101-b13) for windows-amd64 JRE (1.8.0_101-b13), built on Jun 22 2016 01:21:29 by "java_re" with MS VC++ 10.0 (VS2010)

time: Wed Sep 28 12:22:00 2016
elapsed time: 18 seconds (0d 0h 0m 18s)

