#
# There is insufficient memory for the Java Runtime Environment to continue.
# Native memory allocation (malloc) failed to allocate 227536 bytes for Chunk::new
# Possible reasons:
#   The system is out of physical RAM or swap space
#   In 32 bit mode, the process size limit was hit
# Possible solutions:
#   Reduce memory load on the system
#   Increase physical memory or swap space
#   Check if swap backing store is full
#   Use 64 bit Java on a 64 bit OS
#   Decrease Java heap size (-Xmx/-Xms)
#   Decrease number of Java threads
#   Decrease Java thread stack sizes (-Xss)
#   Set larger code cache with -XX:ReservedCodeCacheSize=
# This output file may be truncated or incomplete.
#
#  Out of Memory Error (allocation.cpp:390), pid=4240, tid=0x0000000000000da8
#
# JRE version: OpenJDK Runtime Environment (8.0_76-b03) (build 1.8.0_76-release-b03)
# Java VM: OpenJDK 64-Bit Server VM (25.76-b03 mixed mode windows-amd64 compressed oops)
# Failed to write core dump. Minidumps are not enabled by default on client versions of Windows
#

---------------  T H R E A D  ---------------

Current thread (0x0000000014e44800):  JavaThread "C2 CompilerThread1" daemon [_thread_in_native, id=3496, stack(0x0000000016520000,0x0000000016620000)]

Stack: [0x0000000016520000,0x0000000016620000]
[error occurred during error reporting (printing stack bounds), id 0xc0000005]

Native frames: (J=compiled Java code, j=interpreted, Vv=VM code, C=native code)


Current CompileTask:
C2:   4765 1243   !   4       com.android.dx.rop.code.RegisterSpec::intern (70 bytes)


---------------  P R O C E S S  ---------------

Java Threads: ( => current thread )
  0x0000000016965000 JavaThread "pool-2-thread-4" [_thread_in_Java, id=6976, stack(0x0000000017120000,0x0000000017220000)]
  0x0000000016964800 JavaThread "pool-2-thread-3" [_thread_in_Java, id=4968, stack(0x0000000017020000,0x0000000017120000)]
  0x000000001695f800 JavaThread "pool-2-thread-2" [_thread_blocked, id=6428, stack(0x0000000016f20000,0x0000000017020000)]
  0x000000001695d000 JavaThread "pool-3-thread-1" [_thread_blocked, id=6688, stack(0x0000000016e20000,0x0000000016f20000)]
  0x000000001695c000 JavaThread "pool-2-thread-1" [_thread_blocked, id=2184, stack(0x0000000016d20000,0x0000000016e20000)]
  0x000000001672b000 JavaThread "Service Thread" daemon [_thread_blocked, id=5540, stack(0x0000000016b20000,0x0000000016c20000)]
  0x0000000014e4a800 JavaThread "C1 CompilerThread2" daemon [_thread_in_vm, id=6600, stack(0x0000000016620000,0x0000000016720000)]
=>0x0000000014e44800 JavaThread "C2 CompilerThread1" daemon [_thread_in_native, id=3496, stack(0x0000000016520000,0x0000000016620000)]
  0x0000000014df6800 JavaThread "C2 CompilerThread0" daemon [_thread_in_native, id=5544, stack(0x0000000016420000,0x0000000016520000)]
  0x0000000014df5000 JavaThread "Attach Listener" daemon [_thread_blocked, id=3204, stack(0x0000000016320000,0x0000000016420000)]
  0x0000000014df4000 JavaThread "Signal Dispatcher" daemon [_thread_blocked, id=6556, stack(0x0000000016220000,0x0000000016320000)]
  0x000000000271b000 JavaThread "Finalizer" daemon [_thread_blocked, id=4276, stack(0x0000000016040000,0x0000000016140000)]
  0x0000000002710000 JavaThread "Reference Handler" daemon [_thread_blocked, id=3692, stack(0x0000000015f40000,0x0000000016040000)]
  0x0000000002620800 JavaThread "main" [_thread_blocked, id=4900, stack(0x0000000002460000,0x0000000002560000)]

Other Threads:
  0x0000000014db6800 VMThread [stack: 0x0000000015e40000,0x0000000015f40000] [id=4540]
  0x0000000016720800 WatcherThread [stack: 0x0000000016c20000,0x0000000016d20000] [id=2292]

VM state:not at safepoint (normal execution)

VM Mutex/Monitor currently owned by a thread: None

Heap:
 PSYoungGen      total 35328K, used 6407K [0x00000000eab00000, 0x00000000ed000000, 0x0000000100000000)
  eden space 32768K, 11% used [0x00000000eab00000,0x00000000eaec7cc0,0x00000000ecb00000)
  from space 2560K, 99% used [0x00000000ecd80000,0x00000000ecffa010,0x00000000ed000000)
  to   space 2560K, 0% used [0x00000000ecb00000,0x00000000ecb00000,0x00000000ecd80000)
 ParOldGen       total 44032K, used 2485K [0x00000000c0000000, 0x00000000c2b00000, 0x00000000eab00000)
  object space 44032K, 5% used [0x00000000c0000000,0x00000000c026d7c0,0x00000000c2b00000)
 Metaspace       used 5831K, capacity 6960K, committed 7040K, reserved 1056768K
  class space    used 563K, capacity 616K, committed 640K, reserved 1048576K

Card table byte_map: [0x0000000011ae0000,0x0000000011cf0000] byte_map_base: 0x00000000114e0000

Marking Bits: (ParMarkBitMap*) 0x00000000538d9d00
 Begin Bits: [0x0000000012250000, 0x0000000013250000)
 End Bits:   [0x0000000013250000, 0x0000000014250000)

Polling page: 0x0000000000bf0000

CodeCache: size=245760Kb used=4947Kb max_used=4947Kb free=240812Kb
 bounds [0x0000000002720000, 0x0000000002c00000, 0x0000000011720000]
 total_blobs=1509 nmethods=1247 adapters=176
 compilation: enabled

Compilation events (10 events):
Event: 4.747 Thread 0x0000000014e4a800 1256       3       com.android.dx.util.FixedSizeList::shrinkToFit (103 bytes)
Event: 4.749 Thread 0x0000000014e4a800 nmethod 1256 0x0000000002bf4f50 code [0x0000000002bf5100, 0x0000000002bf5988]
Event: 4.749 Thread 0x0000000014e4a800 1257       3       com.android.dx.util.LabeledList::rebuildLabelToIndex (46 bytes)
Event: 4.749 Thread 0x0000000014e4a800 nmethod 1257 0x0000000002bf5cd0 code [0x0000000002bf5e80, 0x0000000002bf6508]
Event: 4.749 Thread 0x0000000014e4a800 1251       3       java.util.Collections::unmodifiableCollection (9 bytes)
Event: 4.750 Thread 0x0000000014e4a800 nmethod 1251 0x0000000002bf6710 code [0x0000000002bf68a0, 0x0000000002bf6be8]
Event: 4.750 Thread 0x0000000014e4a800 1253       3       com.android.dx.rop.code.RegisterSpecList::make (17 bytes)
Event: 4.751 Thread 0x0000000014e4a800 nmethod 1253 0x0000000002bf6d50 code [0x0000000002bf6f20, 0x0000000002bf77e8]
Event: 4.751 Thread 0x0000000014e4a800 1258       3       java.util.HashMap$HashIterator::<init> (79 bytes)
Event: 4.752 Thread 0x0000000014e4a800 nmethod 1258 0x0000000002bf7e10 code [0x0000000002bf7f80, 0x0000000002bf8310]

GC Heap History (4 events):
Event: 3.032 GC heap before
{Heap before GC invocations=1 (full 0):
 PSYoungGen      total 18944K, used 16384K [0x00000000eab00000, 0x00000000ec000000, 0x0000000100000000)
  eden space 16384K, 100% used [0x00000000eab00000,0x00000000ebb00000,0x00000000ebb00000)
  from space 2560K, 0% used [0x00000000ebd80000,0x00000000ebd80000,0x00000000ec000000)
  to   space 2560K, 0% used [0x00000000ebb00000,0x00000000ebb00000,0x00000000ebd80000)
 ParOldGen       total 44032K, used 0K [0x00000000c0000000, 0x00000000c2b00000, 0x00000000eab00000)
  object space 44032K, 0% used [0x00000000c0000000,0x00000000c0000000,0x00000000c2b00000)
 Metaspace       used 5367K, capacity 6512K, committed 6784K, reserved 1056768K
  class space    used 558K, capacity 616K, committed 640K, reserved 1048576K
Event: 3.090 GC heap after
Heap after GC invocations=1 (full 0):
 PSYoungGen      total 18944K, used 2548K [0x00000000eab00000, 0x00000000ed000000, 0x0000000100000000)
  eden space 16384K, 0% used [0x00000000eab00000,0x00000000eab00000,0x00000000ebb00000)
  from space 2560K, 99% used [0x00000000ebb00000,0x00000000ebd7d248,0x00000000ebd80000)
  to   space 2560K, 0% used [0x00000000ecd80000,0x00000000ecd80000,0x00000000ed000000)
 ParOldGen       total 44032K, used 774K [0x00000000c0000000, 0x00000000c2b00000, 0x00000000eab00000)
  object space 44032K, 1% used [0x00000000c0000000,0x00000000c00c1a00,0x00000000c2b00000)
 Metaspace       used 5367K, capacity 6512K, committed 6784K, reserved 1056768K
  class space    used 558K, capacity 616K, committed 640K, reserved 1048576K
}
Event: 4.622 GC heap before
{Heap before GC invocations=2 (full 0):
 PSYoungGen      total 18944K, used 18932K [0x00000000eab00000, 0x00000000ed000000, 0x0000000100000000)
  eden space 16384K, 100% used [0x00000000eab00000,0x00000000ebb00000,0x00000000ebb00000)
  from space 2560K, 99% used [0x00000000ebb00000,0x00000000ebd7d248,0x00000000ebd80000)
  to   space 2560K, 0% used [0x00000000ecd80000,0x00000000ecd80000,0x00000000ed000000)
 ParOldGen       total 44032K, used 774K [0x00000000c0000000, 0x00000000c2b00000, 0x00000000eab00000)
  object space 44032K, 1% used [0x00000000c0000000,0x00000000c00c1a00,0x00000000c2b00000)
 Metaspace       used 5811K, capacity 6896K, committed 7040K, reserved 1056768K
  class space    used 563K, capacity 616K, committed 640K, reserved 1048576K
Event: 4.725 GC heap after
Heap after GC invocations=2 (full 0):
 PSYoungGen      total 35328K, used 2536K [0x00000000eab00000, 0x00000000ed000000, 0x0000000100000000)
  eden space 32768K, 0% used [0x00000000eab00000,0x00000000eab00000,0x00000000ecb00000)
  from space 2560K, 99% used [0x00000000ecd80000,0x00000000ecffa010,0x00000000ed000000)
  to   space 2560K, 0% used [0x00000000ecb00000,0x00000000ecb00000,0x00000000ecd80000)
 ParOldGen       total 44032K, used 2485K [0x00000000c0000000, 0x00000000c2b00000, 0x00000000eab00000)
  object space 44032K, 5% used [0x00000000c0000000,0x00000000c026d7c0,0x00000000c2b00000)
 Metaspace       used 5811K, capacity 6896K, committed 7040K, reserved 1056768K
  class space    used 563K, capacity 616K, committed 640K, reserved 1048576K
}

Deoptimization events (10 events):
Event: 3.155 Thread 0x0000000016965000 Uncommon trap: reason=unstable_if action=reinterpret pc=0x00000000029747b0 method=java.util.BitSet.nextSetBit(I)I @ 87
Event: 3.157 Thread 0x000000001695c000 Uncommon trap: reason=unstable_if action=reinterpret pc=0x0000000002932840 method=java.util.HashMap.getNode(ILjava/lang/Object;)Ljava/util/HashMap$Node; @ 62
Event: 3.374 Thread 0x0000000002620800 Uncommon trap: reason=unstable_if action=reinterpret pc=0x00000000029a2874 method=java.util.BitSet.ensureCapacity(I)V @ 6
Event: 3.904 Thread 0x0000000016965000 Uncommon trap: reason=bimorphic action=maybe_recompile pc=0x000000000299f0f0 method=java.util.HashMap.getNode(ILjava/lang/Object;)Ljava/util/HashMap$Node; @ 126
Event: 3.909 Thread 0x0000000016965000 Uncommon trap: reason=unstable_if action=reinterpret pc=0x0000000002a68820 method=com.android.dx.rop.code.LocalItem.hashCode()I @ 25
Event: 3.909 Thread 0x0000000016965000 Uncommon trap: reason=unstable_if action=reinterpret pc=0x00000000029f855c method=com.android.dx.rop.code.LocalItem.hashCode()I @ 25
Event: 3.910 Thread 0x0000000016965000 Uncommon trap: reason=unstable_if action=reinterpret pc=0x0000000002a8b2ec method=com.android.dx.rop.code.RegisterSpecSet.put(Lcom/android/dx/rop/code/RegisterSpec;)V @ 77
Event: 3.910 Thread 0x0000000016965000 Uncommon trap: reason=unstable_if action=reinterpret pc=0x0000000002adb568 method=com.android.dx.rop.code.RegisterSpecSet.put(Lcom/android/dx/rop/code/RegisterSpec;)V @ 77
Event: 4.374 Thread 0x0000000016964800 Uncommon trap: reason=unstable_if action=reinterpret pc=0x0000000002a46a44 method=com.android.dx.rop.code.RegisterSpec.equals(ILcom/android/dx/rop/type/TypeBearer;Lcom/android/dx/rop/code/LocalItem;)Z @ 42
Event: 4.756 Thread 0x0000000016964800 Uncommon trap: reason=bimorphic action=maybe_recompile pc=0x000000000299f0f0 method=java.util.HashMap.getNode(ILjava/lang/Object;)Ljava/util/HashMap$Node; @ 126

Internal exceptions (2 events):
Event: 0.111 Thread 0x0000000002620800 Exception <a 'java/lang/NoSuchMethodError': Method sun.misc.Unsafe.defineClass(Ljava/lang/String;[BII)Ljava/lang/Class; name or signature does not match> (0x00000000eab07cc0) thrown at [C:\src\android\AOSP-openjdk\external\jetbrains\jdk\hotspot\src\share\vDí*ÒLZ¼?
Event: 0.111 Thread 0x0000000002620800 Exception <a 'java/lang/NoSuchMethodError': Method sun.misc.Unsafe.prefetchRead(Ljava/lang/Object;J)V name or signature does not match> (0x00000000eab07fa8) thrown at [C:\src\android\AOSP-openjdk\external\jetbrains\jdk\hotspot\src\share\vm\prims\jni.cpp, l

Events (10 events):
Event: 4.364 Executing VM operation: EnableBiasedLocking
Event: 4.366 Executing VM operation: EnableBiasedLocking done
Event: 4.374 Thread 0x0000000016964800 Uncommon trap: trap_request=0xffffff65 fr.pc=0x0000000002a46a44
Event: 4.374 Thread 0x0000000016964800 DEOPT PACKING pc=0x0000000002a46a44 sp=0x000000001711eb30
Event: 4.374 Thread 0x0000000016964800 DEOPT UNPACKING pc=0x000000000276556a sp=0x000000001711eab8 mode 2
Event: 4.453 Executing VM operation: ParallelGCFailedAllocation
Event: 4.726 Executing VM operation: ParallelGCFailedAllocation done
Event: 4.756 Thread 0x0000000016964800 Uncommon trap: trap_request=0xffffffc6 fr.pc=0x000000000299f0f0
Event: 4.756 Thread 0x0000000016964800 DEOPT PACKING pc=0x000000000299f0f0 sp=0x000000001711eb40
Event: 4.756 Thread 0x0000000016964800 DEOPT UNPACKING pc=0x000000000276556a sp=0x000000001711ea48 mode 2


Dynamic libraries:
0x00007ff7bbf40000 - 0x00007ff7bbf71000 	C:\Program Files\Android\Android Studio\jre\bin\java.exe
0x00007ff80bf10000 - 0x00007ff80c0bd000 	C:\windows\SYSTEM32\ntdll.dll
0x00007ff809590000 - 0x00007ff8096ce000 	C:\windows\system32\KERNEL32.DLL
0x00007ff809100000 - 0x00007ff809215000 	C:\windows\system32\KERNELBASE.dll
0x00007ff8098e0000 - 0x00007ff80998a000 	C:\windows\system32\ADVAPI32.dll
0x00007ff80b290000 - 0x00007ff80b407000 	C:\windows\system32\USER32.dll
0x00007ff806020000 - 0x00007ff80629b000 	C:\windows\WinSxS\amd64_microsoft.windows.common-controls_6595b64144ccf1df_6.0.9600.18006_none_623f33d3ecbe86e8\COMCTL32.dll
0x00007ff80b420000 - 0x00007ff80b4ca000 	C:\windows\system32\msvcrt.dll
0x00007ff80b6b0000 - 0x00007ff80b709000 	C:\windows\SYSTEM32\sechost.dll
0x00007ff8097a0000 - 0x00007ff8098e0000 	C:\windows\system32\RPCRT4.dll
0x00007ff80b860000 - 0x00007ff80b9af000 	C:\windows\system32\GDI32.dll
0x00007ff809560000 - 0x00007ff80958e000 	C:\windows\system32\SspiCli.dll
0x00007ff80b250000 - 0x00007ff80b286000 	C:\windows\system32\IMM32.DLL
0x00007ff80bdb0000 - 0x00007ff80bf02000 	C:\windows\system32\MSCTF.dll
0x0000000052f60000 - 0x0000000053032000 	C:\Program Files\Android\Android Studio\jre\jre\bin\msvcr100.dll
0x0000000053120000 - 0x0000000053954000 	C:\Program Files\Android\Android Studio\jre\jre\bin\server\jvm.dll
0x00007ff800dc0000 - 0x00007ff800dc9000 	C:\windows\SYSTEM32\WSOCK32.dll
0x00007ff804300000 - 0x00007ff804322000 	C:\windows\SYSTEM32\WINMM.dll
0x00007ff801630000 - 0x00007ff80163a000 	C:\windows\SYSTEM32\VERSION.dll
0x00007ff80b4e0000 - 0x00007ff80b4e7000 	C:\windows\system32\PSAPI.DLL
0x00007ff80ba10000 - 0x00007ff80ba6a000 	C:\windows\system32\WS2_32.dll
0x00007ff8042d0000 - 0x00007ff8042fa000 	C:\windows\SYSTEM32\WINMMBASE.dll
0x00007ff80b4d0000 - 0x00007ff80b4d9000 	C:\windows\system32\NSI.dll
0x00007ff809220000 - 0x00007ff80926f000 	C:\windows\SYSTEM32\cfgmgr32.dll
0x00007ff807e50000 - 0x00007ff807e78000 	C:\windows\SYSTEM32\DEVOBJ.dll
0x00007ff804e20000 - 0x00007ff804e2f000 	C:\Program Files\Android\Android Studio\jre\jre\bin\verify.dll
0x00007ff803cc0000 - 0x00007ff803ce9000 	C:\Program Files\Android\Android Studio\jre\jre\bin\java.dll
0x00007ff802cb0000 - 0x00007ff802cc6000 	C:\Program Files\Android\Android Studio\jre\jre\bin\zip.dll
0x00007ff809b30000 - 0x00007ff80b058000 	C:\windows\system32\SHELL32.dll
0x00007ff80bb90000 - 0x00007ff80bda1000 	C:\windows\SYSTEM32\combase.dll
0x00007ff80b9b0000 - 0x00007ff80ba04000 	C:\windows\system32\SHLWAPI.dll
0x00007ff8073b0000 - 0x00007ff807462000 	C:\windows\SYSTEM32\SHCORE.dll
0x00007ff809030000 - 0x00007ff809045000 	C:\windows\SYSTEM32\profapi.dll

VM Arguments:
jvm_args: -Djava.awt.headless=true -Xmx1024M -Dfile.encoding=windows-1252 -Duser.country=US -Duser.language=en -Duser.variant 
java_command: com.android.dx.command.Main --dex --verbose --force-jumbo --num-threads=4 --multi-dex --output C:\Users\bruh\Desktop\COMP150-MOB\QueueR\app\build\intermediates\transforms\dex\debug\folders\1000\10\com.android.support-appcompat-v7-25.1.0_2697c86a22be908088ee5a5dd7d344ff1a91ffa0 C:\Users\bruh\Desktop\COMP150-MOB\QueueR\app\build\intermediates\exploded-aar\com.android.support\appcompat-v7\25.1.0\jars\classes.jar
java_class_path (initial): C:\Users\bruh\AppData\Local\Android\sdk\build-tools\24.0.1\lib\dx.jar
Launcher Type: SUN_STANDARD

Environment Variables:
PATH=C:\Program Files\Java\jdk1.8.0_101\bin\;C:\ProgramData\Oracle\Java\javapath;C:\windows\system32;C:\windows;C:\windows\System32\Wbem;C:\windows\System32\WindowsPowerShell\v1.0\;C:\Program Files\nodejs\;C:\Program Files (x86)\Heroku\bin;C:\Program Files (x86)\git\cmd;C:\Users\bruh\AppData\Roaming\npm;C:\Program Files (x86)\Skype\Phone\;C:\Program Files (x86)\GtkSharp\2.12\bin;C:\Program Files\Java\jdk1.8.0_101\bin\
USERNAME=bruh
OS=Windows_NT
PROCESSOR_IDENTIFIER=Intel64 Family 6 Model 69 Stepping 1, GenuineIntel



---------------  S Y S T E M  ---------------

OS: Windows 8.1 , 64 bit Build 9600 (6.3.9600.17415)

CPU:total 4 (2 cores per cpu, 2 threads per core) family 6 model 69 stepping 1, cmov, cx8, fxsr, mmx, sse, sse2, sse3, ssse3, sse4.1, sse4.2, popcnt, avx, avx2, aes, clmul, erms, lzcnt, ht, tsc, tscinvbit, bmi1, bmi2

Memory: 4k page, physical 4097056k(599268k free), swap 7242784k(5228k free)

vm_info: OpenJDK 64-Bit Server VM (25.76-b03) for windows-amd64 JRE (1.8.0_76-release-b03), built on Jun 29 2016 19:09:20 by "ralucas" with MS VC++ 10.0 (VS2010)

time: Wed Dec 14 21:54:08 2016
elapsed time: 4 seconds (0d 0h 0m 4s)

