#
# There is insufficient memory for the Java Runtime Environment to continue.
# Native memory allocation (malloc) failed to allocate 32744 bytes for ChunkPool::allocate
# Possible reasons:
#   The system is out of physical RAM or swap space
#   In 32 bit mode, the process size limit was hit
# Possible solutions:
#   Reduce memory load on the system
#   Increase physical memory or swap space
#   Check if swap backing store is full
#   Use 64 bit Java on a 64 bit OS
#   Decrease Java heap size (-Xmx/-Xms)
#   Decrease number of Java threads
#   Decrease Java thread stack sizes (-Xss)
#   Set larger code cache with -XX:ReservedCodeCacheSize=
# This output file may be truncated or incomplete.
#
#  Out of Memory Error (allocation.cpp:273), pid=2232, tid=0x0000000000001298
#
# JRE version: OpenJDK Runtime Environment (8.0_76-b03) (build 1.8.0_76-release-b03)
# Java VM: OpenJDK 64-Bit Server VM (25.76-b03 mixed mode windows-amd64 compressed oops)
# Failed to write core dump. Minidumps are not enabled by default on client versions of Windows
#

---------------  T H R E A D  ---------------

Current thread (0x0000000014a0a800):  JavaThread "C1 CompilerThread2" daemon [_thread_in_vm, id=4760, stack(0x00000000161f0000,0x00000000162f0000)]

Stack: [0x00000000161f0000,0x00000000162f0000]
[error occurred during error reporting (printing stack bounds), id 0xc0000005]

Native frames: (J=compiled Java code, j=interpreted, Vv=VM code, C=native code)


Current CompileTask:
C1:  11419 1839       3       com.android.dx.rop.cst.CstLong::getType (4 bytes)


---------------  P R O C E S S  ---------------

Java Threads: ( => current thread )
  0x0000000016529800 JavaThread "pool-2-thread-4" [_thread_blocked, id=1088, stack(0x0000000016cf0000,0x0000000016df0000)]
  0x0000000016554000 JavaThread "pool-2-thread-3" [_thread_blocked, id=6060, stack(0x0000000016bf0000,0x0000000016cf0000)]
  0x0000000016553000 JavaThread "pool-2-thread-2" [_thread_in_vm, id=2164, stack(0x0000000016af0000,0x0000000016bf0000)]
  0x0000000016571000 JavaThread "pool-3-thread-1" [_thread_blocked, id=2476, stack(0x00000000169f0000,0x0000000016af0000)]
  0x0000000016575000 JavaThread "pool-2-thread-1" [_thread_in_Java, id=6120, stack(0x00000000168f0000,0x00000000169f0000)]
  0x00000000162fb000 JavaThread "Service Thread" daemon [_thread_blocked, id=5800, stack(0x00000000166f0000,0x00000000167f0000)]
=>0x0000000014a0a800 JavaThread "C1 CompilerThread2" daemon [_thread_in_vm, id=4760, stack(0x00000000161f0000,0x00000000162f0000)]
  0x0000000014a04800 JavaThread "C2 CompilerThread1" daemon [_thread_in_native, id=2368, stack(0x00000000160f0000,0x00000000161f0000)]
  0x00000000149b6800 JavaThread "C2 CompilerThread0" daemon [_thread_in_native, id=1712, stack(0x0000000015ff0000,0x00000000160f0000)]
  0x00000000149b5000 JavaThread "Attach Listener" daemon [_thread_blocked, id=5976, stack(0x0000000015ef0000,0x0000000015ff0000)]
  0x00000000149b4000 JavaThread "Signal Dispatcher" daemon [_thread_blocked, id=4296, stack(0x0000000015df0000,0x0000000015ef0000)]
  0x00000000022db000 JavaThread "Finalizer" daemon [_thread_blocked, id=4572, stack(0x0000000015c10000,0x0000000015d10000)]
  0x00000000022d0000 JavaThread "Reference Handler" daemon [_thread_blocked, id=1312, stack(0x0000000015b10000,0x0000000015c10000)]
  0x00000000021e0800 JavaThread "main" [_thread_blocked, id=32, stack(0x0000000002020000,0x0000000002120000)]

Other Threads:
  0x0000000014976800 VMThread [stack: 0x0000000015a10000,0x0000000015b10000] [id=2516]
  0x00000000162f0800 WatcherThread [stack: 0x00000000167f0000,0x00000000168f0000] [id=2872]

VM state:not at safepoint (normal execution)

VM Mutex/Monitor currently owned by a thread: None

Heap:
 PSYoungGen      total 35328K, used 20110K [0x00000000eab00000, 0x00000000ed000000, 0x0000000100000000)
  eden space 32768K, 53% used [0x00000000eab00000,0x00000000ebc2ba20,0x00000000ecb00000)
  from space 2560K, 98% used [0x00000000ecb00000,0x00000000ecd78010,0x00000000ecd80000)
  to   space 2560K, 0% used [0x00000000ecd80000,0x00000000ecd80000,0x00000000ed000000)
 ParOldGen       total 44032K, used 6964K [0x00000000c0000000, 0x00000000c2b00000, 0x00000000eab00000)
  object space 44032K, 15% used [0x00000000c0000000,0x00000000c06cd300,0x00000000c2b00000)
 Metaspace       used 6256K, capacity 7152K, committed 7296K, reserved 1056768K
  class space    used 577K, capacity 616K, committed 640K, reserved 1048576K

Card table byte_map: [0x00000000116a0000,0x00000000118b0000] byte_map_base: 0x00000000110a0000

Marking Bits: (ParMarkBitMap*) 0x00000000538d9d00
 Begin Bits: [0x0000000011e10000, 0x0000000012e10000)
 End Bits:   [0x0000000012e10000, 0x0000000013e10000)

Polling page: 0x0000000000730000

CodeCache: size=245760Kb used=7625Kb max_used=7636Kb free=238134Kb
 bounds [0x00000000022e0000, 0x0000000002a60000, 0x00000000112e0000]
 total_blobs=2071 nmethods=1802 adapters=182
 compilation: enabled

Compilation events (10 events):
Event: 11.092 Thread 0x00000000149b6800 1777       4       com.android.dx.ssa.back.SsaToRop::convertBasicBlock (126 bytes)
Event: 11.150 Thread 0x00000000149b6800 nmethod 1777 0x0000000002a59b90 code [0x0000000002a59da0, 0x0000000002a5aea8]
Event: 11.150 Thread 0x00000000149b6800 1826       4       com.android.dx.rop.type.Type::isCategory2 (36 bytes)
Event: 11.151 Thread 0x00000000149b6800 nmethod 1826 0x00000000027f3190 code [0x00000000027f32c0, 0x00000000027f3338]
Event: 11.396 Thread 0x00000000149b6800 1832   !   4       com.android.dx.cf.code.Ropper::processBlock (1101 bytes)
Event: 11.400 Thread 0x0000000014a0a800 1837       3       com.android.dx.rop.code.RegisterSpecSet::mutableCopy (57 bytes)
Event: 11.401 Thread 0x0000000014a0a800 nmethod 1837 0x0000000002a51210 code [0x0000000002a513c0, 0x0000000002a51988]
Event: 11.413 Thread 0x0000000014a0a800 1838       3       java.util.HashMap$EntryIterator::next (5 bytes)
Event: 11.413 Thread 0x0000000014a0a800 nmethod 1838 0x0000000002a3c850 code [0x0000000002a3c9c0, 0x0000000002a3cca8]
Event: 11.414 Thread 0x0000000014a0a800 1839       3       com.android.dx.rop.cst.CstLong::getType (4 bytes)

GC Heap History (6 events):
Event: 1.750 GC heap before
{Heap before GC invocations=1 (full 0):
 PSYoungGen      total 18944K, used 16384K [0x00000000eab00000, 0x00000000ec000000, 0x0000000100000000)
  eden space 16384K, 100% used [0x00000000eab00000,0x00000000ebb00000,0x00000000ebb00000)
  from space 2560K, 0% used [0x00000000ebd80000,0x00000000ebd80000,0x00000000ec000000)
  to   space 2560K, 0% used [0x00000000ebb00000,0x00000000ebb00000,0x00000000ebd80000)
 ParOldGen       total 44032K, used 0K [0x00000000c0000000, 0x00000000c2b00000, 0x00000000eab00000)
  object space 44032K, 0% used [0x00000000c0000000,0x00000000c0000000,0x00000000c2b00000)
 Metaspace       used 5338K, capacity 6384K, committed 6528K, reserved 1056768K
  class space    used 565K, capacity 616K, committed 640K, reserved 1048576K
Event: 1.822 GC heap after
Heap after GC invocations=1 (full 0):
 PSYoungGen      total 18944K, used 2547K [0x00000000eab00000, 0x00000000ed000000, 0x0000000100000000)
  eden space 16384K, 0% used [0x00000000eab00000,0x00000000eab00000,0x00000000ebb00000)
  from space 2560K, 99% used [0x00000000ebb00000,0x00000000ebd7cea8,0x00000000ebd80000)
  to   space 2560K, 0% used [0x00000000ecd80000,0x00000000ecd80000,0x00000000ed000000)
 ParOldGen       total 44032K, used 642K [0x00000000c0000000, 0x00000000c2b00000, 0x00000000eab00000)
  object space 44032K, 1% used [0x00000000c0000000,0x00000000c00a0878,0x00000000c2b00000)
 Metaspace       used 5338K, capacity 6384K, committed 6528K, reserved 1056768K
  class space    used 565K, capacity 616K, committed 640K, reserved 1048576K
}
Event: 5.312 GC heap before
{Heap before GC invocations=2 (full 0):
 PSYoungGen      total 18944K, used 18931K [0x00000000eab00000, 0x00000000ed000000, 0x0000000100000000)
  eden space 16384K, 100% used [0x00000000eab00000,0x00000000ebb00000,0x00000000ebb00000)
  from space 2560K, 99% used [0x00000000ebb00000,0x00000000ebd7cea8,0x00000000ebd80000)
  to   space 2560K, 0% used [0x00000000ecd80000,0x00000000ecd80000,0x00000000ed000000)
 ParOldGen       total 44032K, used 642K [0x00000000c0000000, 0x00000000c2b00000, 0x00000000eab00000)
  object space 44032K, 1% used [0x00000000c0000000,0x00000000c00a0878,0x00000000c2b00000)
 Metaspace       used 5971K, capacity 6960K, committed 7040K, reserved 1056768K
  class space    used 576K, capacity 616K, committed 640K, reserved 1048576K
Event: 5.873 GC heap after
Heap after GC invocations=2 (full 0):
 PSYoungGen      total 35328K, used 2554K [0x00000000eab00000, 0x00000000ed000000, 0x0000000100000000)
  eden space 32768K, 0% used [0x00000000eab00000,0x00000000eab00000,0x00000000ecb00000)
  from space 2560K, 99% used [0x00000000ecd80000,0x00000000ecffeab0,0x00000000ed000000)
  to   space 2560K, 0% used [0x00000000ecb00000,0x00000000ecb00000,0x00000000ecd80000)
 ParOldGen       total 44032K, used 2022K [0x00000000c0000000, 0x00000000c2b00000, 0x00000000eab00000)
  object space 44032K, 4% used [0x00000000c0000000,0x00000000c01f9bf8,0x00000000c2b00000)
 Metaspace       used 5971K, capacity 6960K, committed 7040K, reserved 1056768K
  class space    used 576K, capacity 616K, committed 640K, reserved 1048576K
}
Event: 9.391 GC heap before
{Heap before GC invocations=3 (full 0):
 PSYoungGen      total 35328K, used 35322K [0x00000000eab00000, 0x00000000ed000000, 0x0000000100000000)
  eden space 32768K, 100% used [0x00000000eab00000,0x00000000ecb00000,0x00000000ecb00000)
  from space 2560K, 99% used [0x00000000ecd80000,0x00000000ecffeab0,0x00000000ed000000)
  to   space 2560K, 0% used [0x00000000ecb00000,0x00000000ecb00000,0x00000000ecd80000)
 ParOldGen       total 44032K, used 2022K [0x00000000c0000000, 0x00000000c2b00000, 0x00000000eab00000)
  object space 44032K, 4% used [0x00000000c0000000,0x00000000c01f9bf8,0x00000000c2b00000)
 Metaspace       used 6181K, capacity 7088K, committed 7296K, reserved 1056768K
  class space    used 577K, capacity 616K, committed 640K, reserved 1048576K
Event: 9.804 GC heap after
Heap after GC invocations=3 (full 0):
 PSYoungGen      total 35328K, used 2528K [0x00000000eab00000, 0x00000000ed000000, 0x0000000100000000)
  eden space 32768K, 0% used [0x00000000eab00000,0x00000000eab00000,0x00000000ecb00000)
  from space 2560K, 98% used [0x00000000ecb00000,0x00000000ecd78010,0x00000000ecd80000)
  to   space 2560K, 0% used [0x00000000ecd80000,0x00000000ecd80000,0x00000000ed000000)
 ParOldGen       total 44032K, used 6964K [0x00000000c0000000, 0x00000000c2b00000, 0x00000000eab00000)
  object space 44032K, 15% used [0x00000000c0000000,0x00000000c06cd300,0x00000000c2b00000)
 Metaspace       used 6181K, capacity 7088K, committed 7296K, reserved 1056768K
  class space    used 577K, capacity 616K, committed 640K, reserved 1048576K
}

Deoptimization events (10 events):
Event: 2.441 Thread 0x0000000016575000 Uncommon trap: reason=class_check action=maybe_recompile pc=0x000000000250f3b0 method=com.android.dx.ssa.NormalSsaInsn.accept(Lcom/android/dx/ssa/SsaInsn$Visitor;)V @ 9
Event: 2.827 Thread 0x0000000016529800 Uncommon trap: reason=unstable_if action=reinterpret pc=0x00000000025ced9c method=com.android.dx.rop.cst.Constant.compareTo(Lcom/android/dx/rop/cst/Constant;)I @ 12
Event: 6.390 Thread 0x0000000016553000 Uncommon trap: reason=null_check action=make_not_entrant pc=0x0000000002665110 method=com.android.dx.ssa.SsaRenamer.getLocalForNewReg(I)Lcom/android/dx/rop/code/LocalItem; @ 19
Event: 6.391 Thread 0x0000000016553000 Uncommon trap: reason=null_check action=make_not_entrant pc=0x000000000265ba5c method=com.android.dx.ssa.SsaRenamer.getLocalForNewReg(I)Lcom/android/dx/rop/code/LocalItem; @ 19
Event: 7.832 Thread 0x0000000016554000 Uncommon trap: reason=unstable_if action=reinterpret pc=0x00000000027ebc10 method=com.android.dx.ssa.SCCP.simulateStmt(Lcom/android/dx/ssa/SsaInsn;)V @ 53
Event: 10.251 Thread 0x0000000016553000 Uncommon trap: reason=bimorphic action=maybe_recompile pc=0x0000000002987e2c method=com.android.dx.ssa.SCCP.simulatePhi(Lcom/android/dx/ssa/PhiInsn;)V @ 124
Event: 10.617 Thread 0x00000000021e0800 Uncommon trap: reason=unstable_if action=reinterpret pc=0x000000000286b6f8 method=com.android.dx.rop.cst.StdConstantPool.set(ILcom/android/dx/rop/cst/Constant;)V @ 12
Event: 10.914 Thread 0x0000000016554000 Uncommon trap: reason=bimorphic action=maybe_recompile pc=0x0000000002950574 method=com.android.dx.rop.code.RegisterSpec.withSimpleType()Lcom/android/dx/rop/code/RegisterSpec; @ 21
Event: 11.072 Thread 0x0000000016575000 Uncommon trap: reason=unstable_if action=reinterpret pc=0x00000000029a4330 method=com.android.dx.rop.code.RegisterSpecSet.<init>(I)V @ 2
Event: 11.072 Thread 0x0000000016575000 Uncommon trap: reason=unstable_if action=reinterpret pc=0x00000000026ab7e0 method=com.android.dx.rop.code.RegisterSpecSet.<init>(I)V @ 2

Internal exceptions (4 events):
Event: 0.218 Thread 0x00000000021e0800 Exception <a 'java/lang/NoSuchMethodError': Method sun.misc.Unsafe.defineClass(Ljava/lang/String;[BII)Ljava/lang/Class; name or signature does not match> (0x00000000eab07cc0) thrown at [C:\src\android\AOSP-openjdk\external\jetbrains\jdk\hotspot\src\share\vÊ?_<Í˜À?
Event: 0.219 Thread 0x00000000021e0800 Exception <a 'java/lang/NoSuchMethodError': Method sun.misc.Unsafe.prefetchRead(Ljava/lang/Object;J)V name or signature does not match> (0x00000000eab07fa8) thrown at [C:\src\android\AOSP-openjdk\external\jetbrains\jdk\hotspot\src\share\vm\prims\jni.cpp, lEwL~è@
Event: 6.390 Thread 0x0000000016553000 Implicit null exception at 0x00000000026624fd to 0x00000000026650cd
Event: 6.391 Thread 0x0000000016553000 Implicit null exception at 0x00000000026592ee to 0x000000000265ba35

Events (10 events):
Event: 10.617 Thread 0x00000000021e0800 DEOPT UNPACKING pc=0x000000000232556a sp=0x000000000211e600 mode 2
Event: 10.914 Thread 0x0000000016554000 Uncommon trap: trap_request=0xffffffc6 fr.pc=0x0000000002950574
Event: 10.914 Thread 0x0000000016554000 DEOPT PACKING pc=0x0000000002950574 sp=0x0000000016ceee50
Event: 10.914 Thread 0x0000000016554000 DEOPT UNPACKING pc=0x000000000232556a sp=0x0000000016ceeda8 mode 2
Event: 11.072 Thread 0x0000000016575000 Uncommon trap: trap_request=0xffffff65 fr.pc=0x00000000029a4330
Event: 11.072 Thread 0x0000000016575000 DEOPT PACKING pc=0x00000000029a4330 sp=0x00000000169eed60
Event: 11.072 Thread 0x0000000016575000 DEOPT UNPACKING pc=0x000000000232556a sp=0x00000000169eec78 mode 2
Event: 11.072 Thread 0x0000000016575000 Uncommon trap: trap_request=0xffffff65 fr.pc=0x00000000026ab7e0
Event: 11.072 Thread 0x0000000016575000 DEOPT PACKING pc=0x00000000026ab7e0 sp=0x00000000169eecb0
Event: 11.072 Thread 0x0000000016575000 DEOPT UNPACKING pc=0x000000000232556a sp=0x00000000169eebe8 mode 2


Dynamic libraries:
0x00007ff7bbf40000 - 0x00007ff7bbf71000 	C:\Program Files\Android\Android Studio\jre\bin\java.exe
0x00007ff80bf10000 - 0x00007ff80c0bd000 	C:\windows\SYSTEM32\ntdll.dll
0x00007ff809590000 - 0x00007ff8096ce000 	C:\windows\system32\KERNEL32.DLL
0x00007ff809100000 - 0x00007ff809215000 	C:\windows\system32\KERNELBASE.dll
0x00007ff8098e0000 - 0x00007ff80998a000 	C:\windows\system32\ADVAPI32.dll
0x00007ff80b290000 - 0x00007ff80b407000 	C:\windows\system32\USER32.dll
0x00007ff806020000 - 0x00007ff80629b000 	C:\windows\WinSxS\amd64_microsoft.windows.common-controls_6595b64144ccf1df_6.0.9600.18006_none_623f33d3ecbe86e8\COMCTL32.dll
0x00007ff80b420000 - 0x00007ff80b4ca000 	C:\windows\system32\msvcrt.dll
0x00007ff80b6b0000 - 0x00007ff80b709000 	C:\windows\SYSTEM32\sechost.dll
0x00007ff8097a0000 - 0x00007ff8098e0000 	C:\windows\system32\RPCRT4.dll
0x00007ff80b860000 - 0x00007ff80b9af000 	C:\windows\system32\GDI32.dll
0x00007ff809560000 - 0x00007ff80958e000 	C:\windows\system32\SspiCli.dll
0x00007ff80b250000 - 0x00007ff80b286000 	C:\windows\system32\IMM32.DLL
0x00007ff80bdb0000 - 0x00007ff80bf02000 	C:\windows\system32\MSCTF.dll
0x0000000052f60000 - 0x0000000053032000 	C:\Program Files\Android\Android Studio\jre\jre\bin\msvcr100.dll
0x0000000053120000 - 0x0000000053954000 	C:\Program Files\Android\Android Studio\jre\jre\bin\server\jvm.dll
0x00007ff800dc0000 - 0x00007ff800dc9000 	C:\windows\SYSTEM32\WSOCK32.dll
0x00007ff804300000 - 0x00007ff804322000 	C:\windows\SYSTEM32\WINMM.dll
0x00007ff801630000 - 0x00007ff80163a000 	C:\windows\SYSTEM32\VERSION.dll
0x00007ff80b4e0000 - 0x00007ff80b4e7000 	C:\windows\system32\PSAPI.DLL
0x00007ff80ba10000 - 0x00007ff80ba6a000 	C:\windows\system32\WS2_32.dll
0x00007ff8042d0000 - 0x00007ff8042fa000 	C:\windows\SYSTEM32\WINMMBASE.dll
0x00007ff80b4d0000 - 0x00007ff80b4d9000 	C:\windows\system32\NSI.dll
0x00007ff809220000 - 0x00007ff80926f000 	C:\windows\SYSTEM32\cfgmgr32.dll
0x00007ff807e50000 - 0x00007ff807e78000 	C:\windows\SYSTEM32\DEVOBJ.dll
0x00007ff8049b0000 - 0x00007ff8049bf000 	C:\Program Files\Android\Android Studio\jre\jre\bin\verify.dll
0x00007ff803cc0000 - 0x00007ff803ce9000 	C:\Program Files\Android\Android Studio\jre\jre\bin\java.dll
0x00007ff802750000 - 0x00007ff802766000 	C:\Program Files\Android\Android Studio\jre\jre\bin\zip.dll
0x00007ff809b30000 - 0x00007ff80b058000 	C:\windows\system32\SHELL32.dll
0x00007ff80bb90000 - 0x00007ff80bda1000 	C:\windows\SYSTEM32\combase.dll
0x00007ff80b9b0000 - 0x00007ff80ba04000 	C:\windows\system32\SHLWAPI.dll
0x00007ff8073b0000 - 0x00007ff807462000 	C:\windows\SYSTEM32\SHCORE.dll
0x00007ff809030000 - 0x00007ff809045000 	C:\windows\SYSTEM32\profapi.dll

VM Arguments:
jvm_args: -Djava.awt.headless=true -Xmx1024M -Dfile.encoding=windows-1252 -Duser.country=US -Duser.language=en -Duser.variant 
java_command: com.android.dx.command.Main --dex --verbose --force-jumbo --num-threads=4 --multi-dex --output C:\Users\bruh\Desktop\COMP150-MOB\QueueR\app\build\intermediates\transforms\dex\debug\folders\1000\10\internal_impl-24.1.1_114bff3452e597ac8d6e45ad76bd2520d9cc42a6 C:\Users\bruh\Desktop\COMP150-MOB\QueueR\app\build\intermediates\exploded-aar\com.android.support\support-v4\24.1.1\jars\libs\internal_impl-24.1.1.jar
java_class_path (initial): C:\Users\bruh\AppData\Local\Android\sdk\build-tools\24.0.1\lib\dx.jar
Launcher Type: SUN_STANDARD

Environment Variables:
PATH=C:\Program Files\Java\jdk1.8.0_101\bin\;C:\ProgramData\Oracle\Java\javapath;C:\windows\system32;C:\windows;C:\windows\System32\Wbem;C:\windows\System32\WindowsPowerShell\v1.0\;C:\Program Files\nodejs\;C:\Program Files (x86)\Heroku\bin;C:\Program Files (x86)\git\cmd;C:\Users\bruh\AppData\Roaming\npm;C:\Program Files (x86)\Skype\Phone\;C:\Program Files (x86)\GtkSharp\2.12\bin;C:\Program Files\Java\jdk1.8.0_101\bin\
USERNAME=bruh
OS=Windows_NT
PROCESSOR_IDENTIFIER=Intel64 Family 6 Model 69 Stepping 1, GenuineIntel



---------------  S Y S T E M  ---------------

OS: Windows 8.1 , 64 bit Build 9600 (6.3.9600.17415)

CPU:total 4 (2 cores per cpu, 2 threads per core) family 6 model 69 stepping 1, cmov, cx8, fxsr, mmx, sse, sse2, sse3, ssse3, sse4.1, sse4.2, popcnt, avx, avx2, aes, clmul, erms, lzcnt, ht, tsc, tscinvbit, bmi1, bmi2

Memory: 4k page, physical 4097056k(84936k free), swap 7242784k(5120k free)

vm_info: OpenJDK 64-Bit Server VM (25.76-b03) for windows-amd64 JRE (1.8.0_76-release-b03), built on Jun 29 2016 19:09:20 by "ralucas" with MS VC++ 10.0 (VS2010)

time: Wed Dec 14 17:59:39 2016
elapsed time: 11 seconds (0d 0h 0m 11s)

