#
# There is insufficient memory for the Java Runtime Environment to continue.
# Native memory allocation (malloc) failed to allocate 422416 bytes for Chunk::new
# Possible reasons:
#   The system is out of physical RAM or swap space
#   In 32 bit mode, the process size limit was hit
# Possible solutions:
#   Reduce memory load on the system
#   Increase physical memory or swap space
#   Check if swap backing store is full
#   Use 64 bit Java on a 64 bit OS
#   Decrease Java heap size (-Xmx/-Xms)
#   Decrease number of Java threads
#   Decrease Java thread stack sizes (-Xss)
#   Set larger code cache with -XX:ReservedCodeCacheSize=
# This output file may be truncated or incomplete.
#
#  Out of Memory Error (allocation.cpp:390), pid=4436, tid=0x000000000000178c
#
# JRE version: OpenJDK Runtime Environment (8.0_76-b03) (build 1.8.0_76-release-b03)
# Java VM: OpenJDK 64-Bit Server VM (25.76-b03 mixed mode windows-amd64 compressed oops)
# Failed to write core dump. Minidumps are not enabled by default on client versions of Windows
#

---------------  T H R E A D  ---------------

Current thread (0x0000000014cf6800):  JavaThread "C2 CompilerThread0" daemon [_thread_in_native, id=6028, stack(0x0000000016330000,0x0000000016430000)]

Stack: [0x0000000016330000,0x0000000016430000]
[error occurred during error reporting (printing stack bounds), id 0xc0000005]

Native frames: (J=compiled Java code, j=interpreted, Vv=VM code, C=native code)


Current CompileTask:
C2:   9918 1508       4       com.android.dx.ssa.SsaRenamer$BlockRenamer::process (191 bytes)


---------------  P R O C E S S  ---------------

Java Threads: ( => current thread )
  0x00000000169bc800 JavaThread "pool-2-thread-4" [_thread_blocked, id=3468, stack(0x0000000017030000,0x0000000017130000)]
  0x0000000016905000 JavaThread "pool-2-thread-3" [_thread_in_Java, id=3700, stack(0x0000000016f30000,0x0000000017030000)]
  0x0000000016904800 JavaThread "pool-2-thread-2" [_thread_blocked, id=5688, stack(0x0000000016e30000,0x0000000016f30000)]
  0x00000000168e5800 JavaThread "pool-3-thread-1" [_thread_blocked, id=3672, stack(0x0000000016d30000,0x0000000016e30000)]
  0x00000000168e5000 JavaThread "pool-2-thread-1" [_thread_in_Java, id=6128, stack(0x0000000016c30000,0x0000000016d30000)]
  0x0000000016630800 JavaThread "Service Thread" daemon [_thread_blocked, id=2240, stack(0x0000000016a30000,0x0000000016b30000)]
  0x0000000014d47000 JavaThread "C1 CompilerThread2" daemon [_thread_blocked, id=2708, stack(0x0000000016530000,0x0000000016630000)]
  0x0000000014d44800 JavaThread "C2 CompilerThread1" daemon [_thread_in_native, id=6096, stack(0x0000000016430000,0x0000000016530000)]
=>0x0000000014cf6800 JavaThread "C2 CompilerThread0" daemon [_thread_in_native, id=6028, stack(0x0000000016330000,0x0000000016430000)]
  0x0000000014cf5000 JavaThread "Attach Listener" daemon [_thread_blocked, id=4260, stack(0x0000000016230000,0x0000000016330000)]
  0x0000000014cf4000 JavaThread "Signal Dispatcher" daemon [_thread_blocked, id=5088, stack(0x0000000016130000,0x0000000016230000)]
  0x000000000261b000 JavaThread "Finalizer" daemon [_thread_blocked, id=6120, stack(0x0000000015f50000,0x0000000016050000)]
  0x0000000002610000 JavaThread "Reference Handler" daemon [_thread_blocked, id=1936, stack(0x0000000015e50000,0x0000000015f50000)]
  0x0000000002520800 JavaThread "main" [_thread_in_Java, id=2160, stack(0x0000000002350000,0x0000000002450000)]

Other Threads:
  0x0000000014cb6800 VMThread [stack: 0x0000000015d50000,0x0000000015e50000] [id=4384]
  0x0000000016632800 WatcherThread [stack: 0x0000000016b30000,0x0000000016c30000] [id=4896]

VM state:not at safepoint (normal execution)

VM Mutex/Monitor currently owned by a thread: None

Heap:
 PSYoungGen      total 35328K, used 33170K [0x00000000eab00000, 0x00000000ed000000, 0x0000000100000000)
  eden space 32768K, 93% used [0x00000000eab00000,0x00000000ec8ec990,0x00000000ecb00000)
  from space 2560K, 98% used [0x00000000ecd80000,0x00000000ecff8028,0x00000000ed000000)
  to   space 2560K, 0% used [0x00000000ecb00000,0x00000000ecb00000,0x00000000ecd80000)
 ParOldGen       total 44032K, used 2281K [0x00000000c0000000, 0x00000000c2b00000, 0x00000000eab00000)
  object space 44032K, 5% used [0x00000000c0000000,0x00000000c023a658,0x00000000c2b00000)
 Metaspace       used 6130K, capacity 7088K, committed 7296K, reserved 1056768K
  class space    used 577K, capacity 616K, committed 640K, reserved 1048576K

Card table byte_map: [0x00000000119e0000,0x0000000011bf0000] byte_map_base: 0x00000000113e0000

Marking Bits: (ParMarkBitMap*) 0x00000000538d9d00
 Begin Bits: [0x0000000012150000, 0x0000000013150000)
 End Bits:   [0x0000000013150000, 0x0000000014150000)

Polling page: 0x0000000002250000

CodeCache: size=245760Kb used=6277Kb max_used=6277Kb free=239482Kb
 bounds [0x0000000002620000, 0x0000000002c50000, 0x0000000011620000]
 total_blobs=1773 nmethods=1505 adapters=182
 compilation: enabled

Compilation events (10 events):
Event: 9.702 Thread 0x0000000014d47000 1523       3       com.android.dx.dex.code.OutputCollector::<init> (34 bytes)
Event: 9.702 Thread 0x0000000014d47000 nmethod 1523 0x0000000002c44390 code [0x0000000002c44520, 0x0000000002c44858]
Event: 9.702 Thread 0x0000000014d47000 1504       1       com.android.dx.cf.direct.FieldListParser::getAttributeContext (2 bytes)
Event: 9.702 Thread 0x0000000014d47000 nmethod 1504 0x0000000002c0fad0 code [0x0000000002c0fc20, 0x0000000002c0fd30]
Event: 9.702 Thread 0x0000000014d47000 1505       1       com.android.dx.cf.direct.MethodListParser::getAttributeContext (2 bytes)
Event: 9.702 Thread 0x0000000014d47000 nmethod 1505 0x0000000002c449d0 code [0x0000000002c44b20, 0x0000000002c44c30]
Event: 9.703 Thread 0x0000000014d47000 1506       1       com.android.dx.cf.attrib.AttSourceFile::byteLength (3 bytes)
Event: 9.703 Thread 0x0000000014d47000 nmethod 1506 0x0000000002c44c90 code [0x0000000002c44de0, 0x0000000002c44ef0]
Event: 9.711 Thread 0x0000000014d47000 1524       3       com.android.dx.rop.code.Rops::pickIf (154 bytes)
Event: 9.713 Thread 0x0000000014d47000 nmethod 1524 0x0000000002c44f50 code [0x0000000002c451e0, 0x0000000002c46358]

GC Heap History (4 events):
Event: 2.344 GC heap before
{Heap before GC invocations=1 (full 0):
 PSYoungGen      total 18944K, used 16384K [0x00000000eab00000, 0x00000000ec000000, 0x0000000100000000)
  eden space 16384K, 100% used [0x00000000eab00000,0x00000000ebb00000,0x00000000ebb00000)
  from space 2560K, 0% used [0x00000000ebd80000,0x00000000ebd80000,0x00000000ec000000)
  to   space 2560K, 0% used [0x00000000ebb00000,0x00000000ebb00000,0x00000000ebd80000)
 ParOldGen       total 44032K, used 0K [0x00000000c0000000, 0x00000000c2b00000, 0x00000000eab00000)
  object space 44032K, 0% used [0x00000000c0000000,0x00000000c0000000,0x00000000c2b00000)
 Metaspace       used 5357K, capacity 6384K, committed 6528K, reserved 1056768K
  class space    used 567K, capacity 616K, committed 640K, reserved 1048576K
Event: 2.701 GC heap after
Heap after GC invocations=1 (full 0):
 PSYoungGen      total 18944K, used 2557K [0x00000000eab00000, 0x00000000ed000000, 0x0000000100000000)
  eden space 16384K, 0% used [0x00000000eab00000,0x00000000eab00000,0x00000000ebb00000)
  from space 2560K, 99% used [0x00000000ebb00000,0x00000000ebd7f6b0,0x00000000ebd80000)
  to   space 2560K, 0% used [0x00000000ecd80000,0x00000000ecd80000,0x00000000ed000000)
 ParOldGen       total 44032K, used 638K [0x00000000c0000000, 0x00000000c2b00000, 0x00000000eab00000)
  object space 44032K, 1% used [0x00000000c0000000,0x00000000c009fa68,0x00000000c2b00000)
 Metaspace       used 5357K, capacity 6384K, committed 6528K, reserved 1056768K
  class space    used 567K, capacity 616K, committed 640K, reserved 1048576K
}
Event: 5.831 GC heap before
{Heap before GC invocations=2 (full 0):
 PSYoungGen      total 18944K, used 18941K [0x00000000eab00000, 0x00000000ed000000, 0x0000000100000000)
  eden space 16384K, 100% used [0x00000000eab00000,0x00000000ebb00000,0x00000000ebb00000)
  from space 2560K, 99% used [0x00000000ebb00000,0x00000000ebd7f6b0,0x00000000ebd80000)
  to   space 2560K, 0% used [0x00000000ecd80000,0x00000000ecd80000,0x00000000ed000000)
 ParOldGen       total 44032K, used 638K [0x00000000c0000000, 0x00000000c2b00000, 0x00000000eab00000)
  object space 44032K, 1% used [0x00000000c0000000,0x00000000c009fa68,0x00000000c2b00000)
 Metaspace       used 5893K, capacity 6832K, committed 7040K, reserved 1056768K
  class space    used 576K, capacity 616K, committed 640K, reserved 1048576K
Event: 6.607 GC heap after
Heap after GC invocations=2 (full 0):
 PSYoungGen      total 35328K, used 2528K [0x00000000eab00000, 0x00000000ed000000, 0x0000000100000000)
  eden space 32768K, 0% used [0x00000000eab00000,0x00000000eab00000,0x00000000ecb00000)
  from space 2560K, 98% used [0x00000000ecd80000,0x00000000ecff8028,0x00000000ed000000)
  to   space 2560K, 0% used [0x00000000ecb00000,0x00000000ecb00000,0x00000000ecd80000)
 ParOldGen       total 44032K, used 2281K [0x00000000c0000000, 0x00000000c2b00000, 0x00000000eab00000)
  object space 44032K, 5% used [0x00000000c0000000,0x00000000c023a658,0x00000000c2b00000)
 Metaspace       used 5893K, capacity 6832K, committed 7040K, reserved 1056768K
  class space    used 576K, capacity 616K, committed 640K, reserved 1048576K
}

Deoptimization events (4 events):
Event: 0.726 Thread 0x0000000002520800 Uncommon trap: reason=unstable_if action=reinterpret pc=0x0000000002779f94 method=java.lang.String.compareTo(Ljava/lang/String;)I @ 38
Event: 0.993 Thread 0x0000000002520800 Uncommon trap: reason=unstable_if action=reinterpret pc=0x0000000002777e58 method=java.lang.String.indexOf(II)I @ 49
Event: 2.726 Thread 0x00000000169bc800 Uncommon trap: reason=unstable_if action=reinterpret pc=0x0000000002841424 method=java.util.HashMap.getNode(ILjava/lang/Object;)Ljava/util/HashMap$Node; @ 129
Event: 4.263 Thread 0x00000000168e5000 Uncommon trap: reason=unstable_if action=reinterpret pc=0x00000000029440fc method=com.android.dx.rop.code.LocalItem.hashCode()I @ 25

Internal exceptions (2 events):
Event: 0.127 Thread 0x0000000002520800 Exception <a 'java/lang/NoSuchMethodError': Method sun.misc.Unsafe.defineClass(Ljava/lang/String;[BII)Ljava/lang/Class; name or signature does not match> (0x00000000eab07cc0) thrown at [C:\src\android\AOSP-openjdk\external\jetbrains\jdk\hotspot\src\share\vÌI1`BÀ?
Event: 0.127 Thread 0x0000000002520800 Exception <a 'java/lang/NoSuchMethodError': Method sun.misc.Unsafe.prefetchRead(Ljava/lang/Object;J)V name or signature does not match> (0x00000000eab07fa8) thrown at [C:\src\android\AOSP-openjdk\external\jetbrains\jdk\hotspot\src\share\vm\prims\jni.cpp, l

Events (10 events):
Event: 4.439 loading class java/util/TreeMap$EntryIterator
Event: 4.439 loading class java/util/TreeMap$EntryIterator done
Event: 5.593 Executing VM operation: ParallelGCFailedAllocation
Event: 6.608 Executing VM operation: ParallelGCFailedAllocation done
Event: 7.567 Thread 0x00000000168e5000 DEOPT PACKING pc=0x0000000002946be7 sp=0x0000000016d2e5a0
Event: 7.567 Thread 0x00000000168e5000 DEOPT UNPACKING pc=0x00000000026675bf sp=0x0000000016d2e338 mode 0
Event: 8.597 loading class com/android/dx/cf/attrib/AttRuntimeInvisibleAnnotations
Event: 8.597 loading class com/android/dx/cf/attrib/AttRuntimeInvisibleAnnotations done
Event: 8.598 loading class com/android/dx/cf/attrib/BaseAnnotations
Event: 8.598 loading class com/android/dx/cf/attrib/BaseAnnotations done


Dynamic libraries:
0x00007ff7bbf40000 - 0x00007ff7bbf71000 	C:\Program Files\Android\Android Studio\jre\bin\java.exe
0x00007ff80bf10000 - 0x00007ff80c0bd000 	C:\windows\SYSTEM32\ntdll.dll
0x00007ff809590000 - 0x00007ff8096ce000 	C:\windows\system32\KERNEL32.DLL
0x00007ff809100000 - 0x00007ff809215000 	C:\windows\system32\KERNELBASE.dll
0x00007ff8098e0000 - 0x00007ff80998a000 	C:\windows\system32\ADVAPI32.dll
0x00007ff80b290000 - 0x00007ff80b407000 	C:\windows\system32\USER32.dll
0x00007ff806020000 - 0x00007ff80629b000 	C:\windows\WinSxS\amd64_microsoft.windows.common-controls_6595b64144ccf1df_6.0.9600.18006_none_623f33d3ecbe86e8\COMCTL32.dll
0x00007ff80b420000 - 0x00007ff80b4ca000 	C:\windows\system32\msvcrt.dll
0x00007ff80b6b0000 - 0x00007ff80b709000 	C:\windows\SYSTEM32\sechost.dll
0x00007ff8097a0000 - 0x00007ff8098e0000 	C:\windows\system32\RPCRT4.dll
0x00007ff80b860000 - 0x00007ff80b9af000 	C:\windows\system32\GDI32.dll
0x00007ff809560000 - 0x00007ff80958e000 	C:\windows\system32\SspiCli.dll
0x00007ff80b250000 - 0x00007ff80b286000 	C:\windows\system32\IMM32.DLL
0x00007ff80bdb0000 - 0x00007ff80bf02000 	C:\windows\system32\MSCTF.dll
0x0000000052f60000 - 0x0000000053032000 	C:\Program Files\Android\Android Studio\jre\jre\bin\msvcr100.dll
0x0000000053120000 - 0x0000000053954000 	C:\Program Files\Android\Android Studio\jre\jre\bin\server\jvm.dll
0x00007ff800dc0000 - 0x00007ff800dc9000 	C:\windows\SYSTEM32\WSOCK32.dll
0x00007ff804300000 - 0x00007ff804322000 	C:\windows\SYSTEM32\WINMM.dll
0x00007ff801630000 - 0x00007ff80163a000 	C:\windows\SYSTEM32\VERSION.dll
0x00007ff80b4e0000 - 0x00007ff80b4e7000 	C:\windows\system32\PSAPI.DLL
0x00007ff80ba10000 - 0x00007ff80ba6a000 	C:\windows\system32\WS2_32.dll
0x00007ff8042d0000 - 0x00007ff8042fa000 	C:\windows\SYSTEM32\WINMMBASE.dll
0x00007ff80b4d0000 - 0x00007ff80b4d9000 	C:\windows\system32\NSI.dll
0x00007ff809220000 - 0x00007ff80926f000 	C:\windows\SYSTEM32\cfgmgr32.dll
0x00007ff807e50000 - 0x00007ff807e78000 	C:\windows\SYSTEM32\DEVOBJ.dll
0x00007ff8049b0000 - 0x00007ff8049bf000 	C:\Program Files\Android\Android Studio\jre\jre\bin\verify.dll
0x00007ff803cc0000 - 0x00007ff803ce9000 	C:\Program Files\Android\Android Studio\jre\jre\bin\java.dll
0x00007ff802750000 - 0x00007ff802766000 	C:\Program Files\Android\Android Studio\jre\jre\bin\zip.dll
0x00007ff809b30000 - 0x00007ff80b058000 	C:\windows\system32\SHELL32.dll
0x00007ff80bb90000 - 0x00007ff80bda1000 	C:\windows\SYSTEM32\combase.dll
0x00007ff80b9b0000 - 0x00007ff80ba04000 	C:\windows\system32\SHLWAPI.dll
0x00007ff8073b0000 - 0x00007ff807462000 	C:\windows\SYSTEM32\SHCORE.dll
0x00007ff809030000 - 0x00007ff809045000 	C:\windows\SYSTEM32\profapi.dll

VM Arguments:
jvm_args: -Djava.awt.headless=true -Xmx1024M -Dfile.encoding=windows-1252 -Duser.country=US -Duser.language=en -Duser.variant 
java_command: com.android.dx.command.Main --dex --verbose --force-jumbo --num-threads=4 --multi-dex --output C:\Users\bruh\Desktop\COMP150-MOB\QueueR\app\build\intermediates\transforms\dex\debug\folders\1000\10\internal_impl-24.1.1_114bff3452e597ac8d6e45ad76bd2520d9cc42a6 C:\Users\bruh\Desktop\COMP150-MOB\QueueR\app\build\intermediates\exploded-aar\com.android.support\support-v4\24.1.1\jars\libs\internal_impl-24.1.1.jar
java_class_path (initial): C:\Users\bruh\AppData\Local\Android\sdk\build-tools\24.0.1\lib\dx.jar
Launcher Type: SUN_STANDARD

Environment Variables:
PATH=C:\Program Files\Java\jdk1.8.0_101\bin\;C:\ProgramData\Oracle\Java\javapath;C:\windows\system32;C:\windows;C:\windows\System32\Wbem;C:\windows\System32\WindowsPowerShell\v1.0\;C:\Program Files\nodejs\;C:\Program Files (x86)\Heroku\bin;C:\Program Files (x86)\git\cmd;C:\Users\bruh\AppData\Roaming\npm;C:\Program Files (x86)\Skype\Phone\;C:\Program Files (x86)\GtkSharp\2.12\bin;C:\Program Files\Java\jdk1.8.0_101\bin\
USERNAME=bruh
OS=Windows_NT
PROCESSOR_IDENTIFIER=Intel64 Family 6 Model 69 Stepping 1, GenuineIntel



---------------  S Y S T E M  ---------------

OS: Windows 8.1 , 64 bit Build 9600 (6.3.9600.17415)

CPU:total 4 (2 cores per cpu, 2 threads per core) family 6 model 69 stepping 1, cmov, cx8, fxsr, mmx, sse, sse2, sse3, ssse3, sse4.1, sse4.2, popcnt, avx, avx2, aes, clmul, erms, lzcnt, ht, tsc, tscinvbit, bmi1, bmi2

Memory: 4k page, physical 4097056k(205204k free), swap 7242784k(5396k free)

vm_info: OpenJDK 64-Bit Server VM (25.76-b03) for windows-amd64 JRE (1.8.0_76-release-b03), built on Jun 29 2016 19:09:20 by "ralucas" with MS VC++ 10.0 (VS2010)

time: Wed Dec 14 18:01:29 2016
elapsed time: 9 seconds (0d 0h 0m 9s)

