#
# There is insufficient memory for the Java Runtime Environment to continue.
# Native memory allocation (malloc) failed to allocate 32744 bytes for ChunkPool::allocate
# Possible reasons:
#   The system is out of physical RAM or swap space
#   In 32 bit mode, the process size limit was hit
# Possible solutions:
#   Reduce memory load on the system
#   Increase physical memory or swap space
#   Check if swap backing store is full
#   Use 64 bit Java on a 64 bit OS
#   Decrease Java heap size (-Xmx/-Xms)
#   Decrease number of Java threads
#   Decrease Java thread stack sizes (-Xss)
#   Set larger code cache with -XX:ReservedCodeCacheSize=
# This output file may be truncated or incomplete.
#
#  Out of Memory Error (allocation.cpp:273), pid=5064, tid=0x0000000000000ccc
#
# JRE version: OpenJDK Runtime Environment (8.0_76-b03) (build 1.8.0_76-release-b03)
# Java VM: OpenJDK 64-Bit Server VM (25.76-b03 mixed mode windows-amd64 compressed oops)
# Failed to write core dump. Minidumps are not enabled by default on client versions of Windows
#

---------------  T H R E A D  ---------------

Current thread (0x0000000016698800):  JavaThread "C1 CompilerThread2" daemon [_thread_in_native, id=3276, stack(0x0000000016b90000,0x0000000016c90000)]

Stack: [0x0000000016b90000,0x0000000016c90000]
[error occurred during error reporting (printing stack bounds), id 0xc0000005]

Native frames: (J=compiled Java code, j=interpreted, Vv=VM code, C=native code)


Current CompileTask:
C1:   2938  676   !   3      
[error occurred during error reporting (printing current compile task), id 0xe0000001]


---------------  P R O C E S S  ---------------

Java Threads: ( => current thread )
  0x000000001691c000 JavaThread "pool-2-thread-4" [_thread_in_Java, id=2952, stack(0x0000000017290000,0x0000000017390000)]
  0x0000000016909800 JavaThread "pool-2-thread-3" [_thread_blocked, id=1312, stack(0x0000000017190000,0x0000000017290000)]
  0x0000000016908800 JavaThread "pool-2-thread-2" [_thread_in_Java, id=3708, stack(0x0000000017090000,0x0000000017190000)]
  0x000000001690e800 JavaThread "pool-3-thread-1" [_thread_blocked, id=6744, stack(0x0000000016f90000,0x0000000017090000)]
  0x0000000016949000 JavaThread "pool-2-thread-1" [_thread_in_vm_trans, id=6752, stack(0x0000000016e90000,0x0000000016f90000)]
  0x00000000166a4800 JavaThread "Service Thread" daemon [_thread_blocked, id=2816, stack(0x0000000016c90000,0x0000000016d90000)]
=>0x0000000016698800 JavaThread "C1 CompilerThread2" daemon [_thread_in_native, id=3276, stack(0x0000000016b90000,0x0000000016c90000)]
  0x0000000014fb4800 JavaThread "C2 CompilerThread1" daemon [_thread_blocked, id=2948, stack(0x0000000016a90000,0x0000000016b90000)]
  0x0000000014f5b800 JavaThread "C2 CompilerThread0" daemon [_thread_in_native, id=5720, stack(0x0000000016590000,0x0000000016690000)]
  0x0000000014f5a800 JavaThread "Attach Listener" daemon [_thread_blocked, id=5288, stack(0x0000000016490000,0x0000000016590000)]
  0x00000000027de800 JavaThread "Signal Dispatcher" daemon [_thread_blocked, id=4564, stack(0x0000000016390000,0x0000000016490000)]
  0x0000000014f48000 JavaThread "Finalizer" daemon [_thread_blocked, id=7052, stack(0x00000000161b0000,0x00000000162b0000)]
  0x0000000014f26800 JavaThread "Reference Handler" daemon [_thread_blocked, id=3808, stack(0x00000000160b0000,0x00000000161b0000)]
  0x00000000026e0800 JavaThread "main" [_thread_in_native, id=1460, stack(0x00000000025b0000,0x00000000026b0000)]

Other Threads:
  0x0000000014f25800 VMThread [stack: 0x0000000015fb0000,0x00000000160b0000] [id=5844]
  0x00000000166a5800 WatcherThread [stack: 0x0000000016d90000,0x0000000016e90000] [id=3760]

VM state:not at safepoint (normal execution)

VM Mutex/Monitor currently owned by a thread:  ([mutex/lock_event])
[0x000000000288d610] MethodData_lock - owner thread: 0x0000000016949000

Heap:
 PSYoungGen      total 18944K, used 5268K [0x00000000eab00000, 0x00000000ed000000, 0x0000000100000000)
  eden space 16384K, 16% used [0x00000000eab00000,0x00000000eada7fa8,0x00000000ebb00000)
  from space 2560K, 99% used [0x00000000ebb00000,0x00000000ebd7d138,0x00000000ebd80000)
  to   space 2560K, 0% used [0x00000000ecd80000,0x00000000ecd80000,0x00000000ed000000)
 ParOldGen       total 44032K, used 699K [0x00000000c0000000, 0x00000000c2b00000, 0x00000000eab00000)
  object space 44032K, 1% used [0x00000000c0000000,0x00000000c00aed80,0x00000000c2b00000)
 Metaspace       used 5551K, capacity 6576K, committed 6784K, reserved 1056768K
  class space    used 569K, capacity 616K, committed 640K, reserved 1048576K

Card table byte_map: [0x0000000011c50000,0x0000000011e60000] byte_map_base: 0x0000000011650000

Marking Bits: (ParMarkBitMap*) 0x00000000538d9d00
 Begin Bits: [0x00000000123c0000, 0x00000000133c0000)
 End Bits:   [0x00000000133c0000, 0x00000000143c0000)

Polling page: 0x0000000000ce0000

CodeCache: size=245760Kb used=2527Kb max_used=2538Kb free=243232Kb
 bounds [0x0000000002890000, 0x0000000002b10000, 0x0000000011890000]
 total_blobs=944 nmethods=676 adapters=182
 compilation: enabled

Compilation events (10 events):
Event: 2.921 Thread 0x0000000016698800  689       3       com.android.dx.ssa.SsaMethod::onSourcesChanged (69 bytes)
Event: 2.923 Thread 0x0000000016698800 nmethod 689 0x0000000002b07790 code [0x0000000002b079a0, 0x0000000002b085b8]
Event: 2.923 Thread 0x0000000016698800  676   !   3       com.android.dx.cf.code.BytecodeArray::parseInstruction (2764 bytes)
Event: 2.923 Thread 0x0000000014f5b800 nmethod 690 0x0000000002b0bad0 code [0x0000000002b0bc20, 0x0000000002b0be78]
Event: 2.924 Thread 0x0000000014fb4800  692       4       com.android.dx.ssa.SsaBasicBlock::isReachable (29 bytes)
Event: 2.924 Thread 0x0000000014f5b800  693       4       com.android.dx.rop.code.InsnList::get (9 bytes)
Event: 2.925 Thread 0x0000000014fb4800 nmethod 692 0x0000000002b0bfd0 code [0x0000000002b0c100, 0x0000000002b0c198]
Event: 2.926 Thread 0x0000000014f5b800 nmethod 693 0x0000000002b0c210 code [0x0000000002b0c360, 0x0000000002b0c458]
Event: 2.928 Thread 0x0000000014fb4800  694       4       com.android.dx.ssa.NormalSsaInsn::isNormalMoveInsn (20 bytes)
Event: 2.929 Thread 0x0000000014fb4800 nmethod 694 0x0000000002b0c590 code [0x0000000002b0c6c0, 0x0000000002b0c758]

GC Heap History (2 events):
Event: 2.403 GC heap before
{Heap before GC invocations=1 (full 0):
 PSYoungGen      total 18944K, used 16384K [0x00000000eab00000, 0x00000000ec000000, 0x0000000100000000)
  eden space 16384K, 100% used [0x00000000eab00000,0x00000000ebb00000,0x00000000ebb00000)
  from space 2560K, 0% used [0x00000000ebd80000,0x00000000ebd80000,0x00000000ec000000)
  to   space 2560K, 0% used [0x00000000ebb00000,0x00000000ebb00000,0x00000000ebd80000)
 ParOldGen       total 44032K, used 0K [0x00000000c0000000, 0x00000000c2b00000, 0x00000000eab00000)
  object space 44032K, 0% used [0x00000000c0000000,0x00000000c0000000,0x00000000c2b00000)
 Metaspace       used 5358K, capacity 6384K, committed 6528K, reserved 1056768K
  class space    used 568K, capacity 616K, committed 640K, reserved 1048576K
Event: 2.499 GC heap after
Heap after GC invocations=1 (full 0):
 PSYoungGen      total 18944K, used 2548K [0x00000000eab00000, 0x00000000ed000000, 0x0000000100000000)
  eden space 16384K, 0% used [0x00000000eab00000,0x00000000eab00000,0x00000000ebb00000)
  from space 2560K, 99% used [0x00000000ebb00000,0x00000000ebd7d138,0x00000000ebd80000)
  to   space 2560K, 0% used [0x00000000ecd80000,0x00000000ecd80000,0x00000000ed000000)
 ParOldGen       total 44032K, used 699K [0x00000000c0000000, 0x00000000c2b00000, 0x00000000eab00000)
  object space 44032K, 1% used [0x00000000c0000000,0x00000000c00aed80,0x00000000c2b00000)
 Metaspace       used 5358K, capacity 6384K, committed 6528K, reserved 1056768K
  class space    used 568K, capacity 616K, committed 640K, reserved 1048576K
}

Deoptimization events (2 events):
Event: 1.057 Thread 0x00000000026e0800 Uncommon trap: reason=unstable_if action=reinterpret pc=0x00000000029ec194 method=java.lang.String.compareTo(Ljava/lang/String;)I @ 38
Event: 1.414 Thread 0x00000000026e0800 Uncommon trap: reason=unstable_if action=reinterpret pc=0x00000000029dd650 method=java.lang.String.indexOf(II)I @ 49

Internal exceptions (2 events):
Event: 0.106 Thread 0x00000000026e0800 Exception <a 'java/lang/NoSuchMethodError': Method sun.misc.Unsafe.defineClass(Ljava/lang/String;[BII)Ljava/lang/Class; name or signature does not match> (0x00000000eab07cc0) thrown at [C:\src\android\AOSP-openjdk\external\jetbrains\jdk\hotspot\src\share\vçÅ¨{Ú»?
Event: 0.106 Thread 0x00000000026e0800 Exception <a 'java/lang/NoSuchMethodError': Method sun.misc.Unsafe.prefetchRead(Ljava/lang/Object;J)V name or signature does not match> (0x00000000eab07fa8) thrown at [C:\src\android\AOSP-openjdk\external\jetbrains\jdk\hotspot\src\share\vm\prims\jni.cpp, l

Events (10 events):
Event: 2.225 loading class java/util/HashMap$ValueIterator
Event: 2.225 loading class java/util/HashMap$ValueIterator done
Event: 2.232 loading class com/android/dx/ssa/PhiInsn$Operand
Event: 2.232 loading class com/android/dx/ssa/PhiInsn$Operand done
Event: 2.234 Executing VM operation: ParallelGCFailedAllocation
Event: 2.499 Executing VM operation: ParallelGCFailedAllocation done
Event: 2.514 loading class com/android/dx/ssa/back/FirstFitLocalCombiningAllocator$Multiset
Event: 2.514 loading class com/android/dx/ssa/back/FirstFitLocalCombiningAllocator$Multiset done
Event: 2.589 loading class java/util/ArrayList$1
Event: 2.589 loading class java/util/ArrayList$1 done


Dynamic libraries:
0x00007ff7bbf40000 - 0x00007ff7bbf71000 	C:\Program Files\Android\Android Studio\jre\bin\java.exe
0x00007ff80bf10000 - 0x00007ff80c0bd000 	C:\windows\SYSTEM32\ntdll.dll
0x00007ff809590000 - 0x00007ff8096ce000 	C:\windows\system32\KERNEL32.DLL
0x00007ff809100000 - 0x00007ff809215000 	C:\windows\system32\KERNELBASE.dll
0x00007ff8098e0000 - 0x00007ff80998a000 	C:\windows\system32\ADVAPI32.dll
0x00007ff80b290000 - 0x00007ff80b407000 	C:\windows\system32\USER32.dll
0x00007ff806020000 - 0x00007ff80629b000 	C:\windows\WinSxS\amd64_microsoft.windows.common-controls_6595b64144ccf1df_6.0.9600.18006_none_623f33d3ecbe86e8\COMCTL32.dll
0x00007ff80b420000 - 0x00007ff80b4ca000 	C:\windows\system32\msvcrt.dll
0x00007ff80b6b0000 - 0x00007ff80b709000 	C:\windows\SYSTEM32\sechost.dll
0x00007ff8097a0000 - 0x00007ff8098e0000 	C:\windows\system32\RPCRT4.dll
0x00007ff80b860000 - 0x00007ff80b9af000 	C:\windows\system32\GDI32.dll
0x00007ff809560000 - 0x00007ff80958e000 	C:\windows\system32\SspiCli.dll
0x00007ff80b250000 - 0x00007ff80b286000 	C:\windows\system32\IMM32.DLL
0x00007ff80bdb0000 - 0x00007ff80bf02000 	C:\windows\system32\MSCTF.dll
0x0000000052f60000 - 0x0000000053032000 	C:\Program Files\Android\Android Studio\jre\jre\bin\msvcr100.dll
0x0000000053120000 - 0x0000000053954000 	C:\Program Files\Android\Android Studio\jre\jre\bin\server\jvm.dll
0x00007ff800dc0000 - 0x00007ff800dc9000 	C:\windows\SYSTEM32\WSOCK32.dll
0x00007ff804300000 - 0x00007ff804322000 	C:\windows\SYSTEM32\WINMM.dll
0x00007ff801630000 - 0x00007ff80163a000 	C:\windows\SYSTEM32\VERSION.dll
0x00007ff80b4e0000 - 0x00007ff80b4e7000 	C:\windows\system32\PSAPI.DLL
0x00007ff80ba10000 - 0x00007ff80ba6a000 	C:\windows\system32\WS2_32.dll
0x00007ff8042d0000 - 0x00007ff8042fa000 	C:\windows\SYSTEM32\WINMMBASE.dll
0x00007ff80b4d0000 - 0x00007ff80b4d9000 	C:\windows\system32\NSI.dll
0x00007ff809220000 - 0x00007ff80926f000 	C:\windows\SYSTEM32\cfgmgr32.dll
0x00007ff807e50000 - 0x00007ff807e78000 	C:\windows\SYSTEM32\DEVOBJ.dll
0x00007ff804e20000 - 0x00007ff804e2f000 	C:\Program Files\Android\Android Studio\jre\jre\bin\verify.dll
0x00007ff8049e0000 - 0x00007ff804a09000 	C:\Program Files\Android\Android Studio\jre\jre\bin\java.dll
0x00007ff8049c0000 - 0x00007ff8049d6000 	C:\Program Files\Android\Android Studio\jre\jre\bin\zip.dll
0x00007ff809b30000 - 0x00007ff80b058000 	C:\windows\system32\SHELL32.dll
0x00007ff80bb90000 - 0x00007ff80bda1000 	C:\windows\SYSTEM32\combase.dll
0x00007ff80b9b0000 - 0x00007ff80ba04000 	C:\windows\system32\SHLWAPI.dll
0x00007ff8073b0000 - 0x00007ff807462000 	C:\windows\SYSTEM32\SHCORE.dll
0x00007ff809030000 - 0x00007ff809045000 	C:\windows\SYSTEM32\profapi.dll

VM Arguments:
jvm_args: -Djava.awt.headless=true -Xmx1024M -Dfile.encoding=windows-1252 -Duser.country=US -Duser.language=en -Duser.variant 
java_command: com.android.dx.command.Main --dex --verbose --force-jumbo --num-threads=4 --multi-dex --output C:\Users\bruh\Desktop\COMP150-MOB\QueueR\app\build\intermediates\transforms\dex\debug\folders\1000\10\internal_impl-24.1.1_114bff3452e597ac8d6e45ad76bd2520d9cc42a6 C:\Users\bruh\Desktop\COMP150-MOB\QueueR\app\build\intermediates\exploded-aar\com.android.support\support-v4\24.1.1\jars\libs\internal_impl-24.1.1.jar
java_class_path (initial): C:\Users\bruh\AppData\Local\Android\sdk\build-tools\24.0.1\lib\dx.jar
Launcher Type: SUN_STANDARD

Environment Variables:
PATH=C:\Program Files\Java\jdk1.8.0_101\bin\;C:\ProgramData\Oracle\Java\javapath;C:\windows\system32;C:\windows;C:\windows\System32\Wbem;C:\windows\System32\WindowsPowerShell\v1.0\;C:\Program Files\nodejs\;C:\Program Files (x86)\Heroku\bin;C:\Program Files (x86)\git\cmd;C:\Users\bruh\AppData\Roaming\npm;C:\Program Files (x86)\Skype\Phone\;C:\Program Files (x86)\GtkSharp\2.12\bin;C:\Program Files\Java\jdk1.8.0_101\bin\
USERNAME=bruh
OS=Windows_NT
PROCESSOR_IDENTIFIER=Intel64 Family 6 Model 69 Stepping 1, GenuineIntel



---------------  S Y S T E M  ---------------

OS: Windows 8.1 , 64 bit Build 9600 (6.3.9600.17415)

CPU:total 4 (2 cores per cpu, 2 threads per core) family 6 model 69 stepping 1, cmov, cx8, fxsr, mmx, sse, sse2, sse3, ssse3, sse4.1, sse4.2, popcnt, avx, avx2, aes, clmul, erms, lzcnt, ht, tsc, tscinvbit, bmi1, bmi2

Memory: 4k page, physical 4097056k(418492k free), swap 7242784k(4952k free)

vm_info: OpenJDK 64-Bit Server VM (25.76-b03) for windows-amd64 JRE (1.8.0_76-release-b03), built on Jun 29 2016 19:09:20 by "ralucas" with MS VC++ 10.0 (VS2010)

time: Thu Dec 15 02:48:13 2016
elapsed time: 2 seconds (0d 0h 0m 2s)

