#
# There is insufficient memory for the Java Runtime Environment to continue.
# Native memory allocation (malloc) failed to allocate 227296 bytes for Chunk::new
# Possible reasons:
#   The system is out of physical RAM or swap space
#   In 32 bit mode, the process size limit was hit
# Possible solutions:
#   Reduce memory load on the system
#   Increase physical memory or swap space
#   Check if swap backing store is full
#   Use 64 bit Java on a 64 bit OS
#   Decrease Java heap size (-Xmx/-Xms)
#   Decrease number of Java threads
#   Decrease Java thread stack sizes (-Xss)
#   Set larger code cache with -XX:ReservedCodeCacheSize=
# This output file may be truncated or incomplete.
#
#  Out of Memory Error (allocation.cpp:390), pid=5776, tid=0x0000000000001394
#
# JRE version: OpenJDK Runtime Environment (8.0_76-b03) (build 1.8.0_76-release-b03)
# Java VM: OpenJDK 64-Bit Server VM (25.76-b03 mixed mode windows-amd64 compressed oops)
# Failed to write core dump. Minidumps are not enabled by default on client versions of Windows
#

---------------  T H R E A D  ---------------

Current thread (0x0000000014d86000):  JavaThread "C2 CompilerThread0" daemon [_thread_in_native, id=5012, stack(0x00000000163c0000,0x00000000164c0000)]

Stack: [0x00000000163c0000,0x00000000164c0000]
[error occurred during error reporting (printing stack bounds), id 0xc0000005]

Native frames: (J=compiled Java code, j=interpreted, Vv=VM code, C=native code)


Current CompileTask:
C2:   4968 1020       4       com.android.dx.ssa.back.LivenessAnalyzer::handleTailRecursion (94 bytes)


---------------  P R O C E S S  ---------------

Java Threads: ( => current thread )
  0x0000000016934800 JavaThread "pool-2-thread-4" [_thread_in_Java, id=3592, stack(0x00000000170c0000,0x00000000171c0000)]
  0x0000000016933800 JavaThread "pool-2-thread-3" [_thread_blocked, id=2948, stack(0x0000000016fc0000,0x00000000170c0000)]
  0x0000000016930000 JavaThread "pool-2-thread-2" [_thread_in_Java, id=5152, stack(0x0000000016ec0000,0x0000000016fc0000)]
  0x000000001692d800 JavaThread "pool-3-thread-1" [_thread_blocked, id=4908, stack(0x0000000016dc0000,0x0000000016ec0000)]
  0x0000000016923800 JavaThread "pool-2-thread-1" [_thread_in_Java, id=2740, stack(0x0000000016cc0000,0x0000000016dc0000)]
  0x00000000166ca800 JavaThread "Service Thread" daemon [_thread_blocked, id=4144, stack(0x0000000016ac0000,0x0000000016bc0000)]
  0x0000000014dda800 JavaThread "C1 CompilerThread2" daemon [_thread_in_native, id=4040, stack(0x00000000165c0000,0x00000000166c0000)]
  0x0000000014dd7000 JavaThread "C2 CompilerThread1" daemon [_thread_in_native, id=5124, stack(0x00000000164c0000,0x00000000165c0000)]
=>0x0000000014d86000 JavaThread "C2 CompilerThread0" daemon [_thread_in_native, id=5012, stack(0x00000000163c0000,0x00000000164c0000)]
  0x0000000014d84800 JavaThread "Attach Listener" daemon [_thread_blocked, id=1604, stack(0x00000000162c0000,0x00000000163c0000)]
  0x0000000014d83800 JavaThread "Signal Dispatcher" daemon [_thread_blocked, id=6776, stack(0x00000000161c0000,0x00000000162c0000)]
  0x00000000026aa800 JavaThread "Finalizer" daemon [_thread_blocked, id=5348, stack(0x0000000015fe0000,0x00000000160e0000)]
  0x00000000026a0000 JavaThread "Reference Handler" daemon [_thread_blocked, id=5232, stack(0x0000000015ee0000,0x0000000015fe0000)]
  0x00000000025b0800 JavaThread "main" [_thread_in_native, id=2868, stack(0x00000000024b0000,0x00000000025b0000)]

Other Threads:
  0x0000000014d46000 VMThread [stack: 0x0000000015de0000,0x0000000015ee0000] [id=6728]
  0x00000000166cc800 WatcherThread [stack: 0x0000000016bc0000,0x0000000016cc0000] [id=1776]

VM state:not at safepoint (normal execution)

VM Mutex/Monitor currently owned by a thread:  ([mutex/lock_event])
[0x0000000000b8b690] CodeCache_lock - owner thread: 0x0000000000000000

Heap:
 PSYoungGen      total 18944K, used 6943K [0x00000000eab00000, 0x00000000ec000000, 0x0000000100000000)
  eden space 16384K, 26% used [0x00000000eab00000,0x00000000eaf4aa20,0x00000000ebb00000)
  from space 2560K, 99% used [0x00000000ebb00000,0x00000000ebd7d248,0x00000000ebd80000)
  to   space 2560K, 0% used [0x00000000ebd80000,0x00000000ebd80000,0x00000000ec000000)
 ParOldGen       total 44032K, used 1311K [0x00000000c0000000, 0x00000000c2b00000, 0x00000000eab00000)
  object space 44032K, 2% used [0x00000000c0000000,0x00000000c0147ce8,0x00000000c2b00000)
 Metaspace       used 5861K, capacity 6832K, committed 7040K, reserved 1056768K
  class space    used 576K, capacity 616K, committed 640K, reserved 1048576K

Card table byte_map: [0x0000000011a70000,0x0000000011c80000] byte_map_base: 0x0000000011470000

Marking Bits: (ParMarkBitMap*) 0x00000000538d9d00
 Begin Bits: [0x00000000121e0000, 0x00000000131e0000)
 End Bits:   [0x00000000131e0000, 0x00000000141e0000)

Polling page: 0x0000000000c00000

CodeCache: size=245760Kb used=4156Kb max_used=4157Kb free=241603Kb
 bounds [0x00000000026b0000, 0x0000000002ad0000, 0x00000000116b0000]
 total_blobs=1325 nmethods=1054 adapters=185
 compilation: enabled

Compilation events (10 events):
Event: 4.951 Thread 0x0000000014dda800 nmethod 1043 0x0000000002aac590 code [0x0000000002aacb80, 0x0000000002ab09e8]
Event: 4.952 Thread 0x0000000014dda800 1044       3       com.android.dx.cf.direct.StdAttributeFactory::parse0 (532 bytes)
Event: 4.959 Thread 0x0000000014dda800 nmethod 1044 0x0000000002ab38d0 code [0x0000000002ab4080, 0x0000000002ab8608]
Event: 4.960 Thread 0x0000000014dda800 1045       3       com.android.dx.cf.iface.StdAttributeList::set (7 bytes)
Event: 4.961 Thread 0x0000000014dda800 nmethod 1045 0x0000000002aa9290 code [0x0000000002aa9460, 0x0000000002aa9c48]
Event: 4.961 Thread 0x0000000014dda800 1046       3       com.android.dx.rop.cst.CstMemberRef::<init> (43 bytes)
Event: 4.962 Thread 0x0000000014dda800 nmethod 1046 0x0000000002aa8a90 code [0x0000000002aa8c40, 0x0000000002aa90b8]
Event: 4.962 Thread 0x0000000014dda800 1047       3       com.android.dx.dex.file.Section::throwIfPrepared (18 bytes)
Event: 4.962 Thread 0x0000000014dda800 nmethod 1047 0x0000000002aa8590 code [0x0000000002aa8700, 0x0000000002aa8948]
Event: 4.962 Thread 0x0000000014dda800 1048       3       com.android.dx.rop.type.Prototype::withFirstParameter (68 bytes)

GC Heap History (2 events):
Event: 3.175 GC heap before
{Heap before GC invocations=1 (full 0):
 PSYoungGen      total 18944K, used 16384K [0x00000000eab00000, 0x00000000ec000000, 0x0000000100000000)
  eden space 16384K, 100% used [0x00000000eab00000,0x00000000ebb00000,0x00000000ebb00000)
  from space 2560K, 0% used [0x00000000ebd80000,0x00000000ebd80000,0x00000000ec000000)
  to   space 2560K, 0% used [0x00000000ebb00000,0x00000000ebb00000,0x00000000ebd80000)
 ParOldGen       total 44032K, used 0K [0x00000000c0000000, 0x00000000c2b00000, 0x00000000eab00000)
  object space 44032K, 0% used [0x00000000c0000000,0x00000000c0000000,0x00000000c2b00000)
 Metaspace       used 5764K, capacity 6704K, committed 6784K, reserved 1056768K
  class space    used 574K, capacity 616K, committed 640K, reserved 1048576K
Event: 4.604 GC heap after
Heap after GC invocations=1 (full 0):
 PSYoungGen      total 18944K, used 2548K [0x00000000eab00000, 0x00000000ec000000, 0x0000000100000000)
  eden space 16384K, 0% used [0x00000000eab00000,0x00000000eab00000,0x00000000ebb00000)
  from space 2560K, 99% used [0x00000000ebb00000,0x00000000ebd7d248,0x00000000ebd80000)
  to   space 2560K, 0% used [0x00000000ebd80000,0x00000000ebd80000,0x00000000ec000000)
 ParOldGen       total 44032K, used 1311K [0x00000000c0000000, 0x00000000c2b00000, 0x00000000eab00000)
  object space 44032K, 2% used [0x00000000c0000000,0x00000000c0147ce8,0x00000000c2b00000)
 Metaspace       used 5764K, capacity 6704K, committed 6784K, reserved 1056768K
  class space    used 574K, capacity 616K, committed 640K, reserved 1048576K
}

Deoptimization events (2 events):
Event: 2.073 Thread 0x0000000016930000 Uncommon trap: reason=unstable_if action=reinterpret pc=0x00000000028bb6e8 method=java.util.HashMap.getNode(ILjava/lang/Object;)Ljava/util/HashMap$Node; @ 129
Event: 2.211 Thread 0x0000000016934800 Uncommon trap: reason=class_check action=maybe_recompile pc=0x00000000029463b0 method=com.android.dx.ssa.NormalSsaInsn.accept(Lcom/android/dx/ssa/SsaInsn$Visitor;)V @ 9

Internal exceptions (2 events):
Event: 0.119 Thread 0x00000000025b0800 Exception <a 'java/lang/NoSuchMethodError': Method sun.misc.Unsafe.defineClass(Ljava/lang/String;[BII)Ljava/lang/Class; name or signature does not match> (0x00000000eab07cc0) thrown at [C:\src\android\AOSP-openjdk\external\jetbrains\jdk\hotspot\src\share\v„“æ#E‚¾?
Event: 0.119 Thread 0x00000000025b0800 Exception <a 'java/lang/NoSuchMethodError': Method sun.misc.Unsafe.prefetchRead(Ljava/lang/Object;J)V name or signature does not match> (0x00000000eab07fa8) thrown at [C:\src\android\AOSP-openjdk\external\jetbrains\jdk\hotspot\src\share\vm\prims\jni.cpp, l

Events (10 events):
Event: 2.912 Executing VM operation: ForceSafepoint
Event: 3.153 Executing VM operation: ForceSafepoint done
Event: 3.175 Executing VM operation: ParallelGCFailedAllocation
Event: 4.604 Executing VM operation: ParallelGCFailedAllocation done
Event: 4.718 loading class java/util/TreeMap$EntrySet
Event: 4.719 loading class java/util/TreeMap$EntrySet done
Event: 4.719 loading class java/util/TreeMap$EntryIterator
Event: 4.719 loading class java/util/TreeMap$EntryIterator done
Event: 4.720 loading class com/android/dx/cf/code/SwitchList
Event: 4.720 loading class com/android/dx/cf/code/SwitchList done


Dynamic libraries:
0x00007ff7bbf40000 - 0x00007ff7bbf71000 	C:\Program Files\Android\Android Studio\jre\bin\java.exe
0x00007ff80bf10000 - 0x00007ff80c0bd000 	C:\windows\SYSTEM32\ntdll.dll
0x00007ff809590000 - 0x00007ff8096ce000 	C:\windows\system32\KERNEL32.DLL
0x00007ff809100000 - 0x00007ff809215000 	C:\windows\system32\KERNELBASE.dll
0x00007ff8098e0000 - 0x00007ff80998a000 	C:\windows\system32\ADVAPI32.dll
0x00007ff80b290000 - 0x00007ff80b407000 	C:\windows\system32\USER32.dll
0x00007ff806020000 - 0x00007ff80629b000 	C:\windows\WinSxS\amd64_microsoft.windows.common-controls_6595b64144ccf1df_6.0.9600.18006_none_623f33d3ecbe86e8\COMCTL32.dll
0x00007ff80b420000 - 0x00007ff80b4ca000 	C:\windows\system32\msvcrt.dll
0x00007ff80b6b0000 - 0x00007ff80b709000 	C:\windows\SYSTEM32\sechost.dll
0x00007ff8097a0000 - 0x00007ff8098e0000 	C:\windows\system32\RPCRT4.dll
0x00007ff80b860000 - 0x00007ff80b9af000 	C:\windows\system32\GDI32.dll
0x00007ff809560000 - 0x00007ff80958e000 	C:\windows\system32\SspiCli.dll
0x00007ff80b250000 - 0x00007ff80b286000 	C:\windows\system32\IMM32.DLL
0x00007ff80bdb0000 - 0x00007ff80bf02000 	C:\windows\system32\MSCTF.dll
0x0000000052f60000 - 0x0000000053032000 	C:\Program Files\Android\Android Studio\jre\jre\bin\msvcr100.dll
0x0000000053120000 - 0x0000000053954000 	C:\Program Files\Android\Android Studio\jre\jre\bin\server\jvm.dll
0x00007ff800dc0000 - 0x00007ff800dc9000 	C:\windows\SYSTEM32\WSOCK32.dll
0x00007ff804300000 - 0x00007ff804322000 	C:\windows\SYSTEM32\WINMM.dll
0x00007ff801630000 - 0x00007ff80163a000 	C:\windows\SYSTEM32\VERSION.dll
0x00007ff80b4e0000 - 0x00007ff80b4e7000 	C:\windows\system32\PSAPI.DLL
0x00007ff80ba10000 - 0x00007ff80ba6a000 	C:\windows\system32\WS2_32.dll
0x00007ff8042d0000 - 0x00007ff8042fa000 	C:\windows\SYSTEM32\WINMMBASE.dll
0x00007ff80b4d0000 - 0x00007ff80b4d9000 	C:\windows\system32\NSI.dll
0x00007ff809220000 - 0x00007ff80926f000 	C:\windows\SYSTEM32\cfgmgr32.dll
0x00007ff807e50000 - 0x00007ff807e78000 	C:\windows\SYSTEM32\DEVOBJ.dll
0x00007ff804e20000 - 0x00007ff804e2f000 	C:\Program Files\Android\Android Studio\jre\jre\bin\verify.dll
0x00007ff8049c0000 - 0x00007ff8049e9000 	C:\Program Files\Android\Android Studio\jre\jre\bin\java.dll
0x00007ff803cd0000 - 0x00007ff803ce6000 	C:\Program Files\Android\Android Studio\jre\jre\bin\zip.dll
0x00007ff809b30000 - 0x00007ff80b058000 	C:\windows\system32\SHELL32.dll
0x00007ff80bb90000 - 0x00007ff80bda1000 	C:\windows\SYSTEM32\combase.dll
0x00007ff80b9b0000 - 0x00007ff80ba04000 	C:\windows\system32\SHLWAPI.dll
0x00007ff8073b0000 - 0x00007ff807462000 	C:\windows\SYSTEM32\SHCORE.dll
0x00007ff809030000 - 0x00007ff809045000 	C:\windows\SYSTEM32\profapi.dll

VM Arguments:
jvm_args: -Djava.awt.headless=true -Xmx1024M -Dfile.encoding=windows-1252 -Duser.country=US -Duser.language=en -Duser.variant 
java_command: com.android.dx.command.Main --dex --verbose --force-jumbo --num-threads=4 --multi-dex --output C:\Users\bruh\Desktop\COMP150-MOB\QueueR\app\build\intermediates\transforms\dex\debug\folders\1000\10\core-3.2.1_fcae36e118dda71acc618a35b119dad8b85f3b5c C:\Users\bruh\.gradle\caches\modules-2\files-2.1\com.google.zxing\core\3.2.1\2287494d4f5f9f3a9a2bb6980e3f32053721b315\core-3.2.1.jar
java_class_path (initial): C:\Users\bruh\AppData\Local\Android\sdk\build-tools\24.0.1\lib\dx.jar
Launcher Type: SUN_STANDARD

Environment Variables:
PATH=C:\Program Files\Java\jdk1.8.0_101\bin\;C:\ProgramData\Oracle\Java\javapath;C:\windows\system32;C:\windows;C:\windows\System32\Wbem;C:\windows\System32\WindowsPowerShell\v1.0\;C:\Program Files\nodejs\;C:\Program Files (x86)\Heroku\bin;C:\Program Files (x86)\git\cmd;C:\Users\bruh\AppData\Roaming\npm;C:\Program Files (x86)\Skype\Phone\;C:\Program Files (x86)\GtkSharp\2.12\bin;C:\Program Files\Java\jdk1.8.0_101\bin\
USERNAME=bruh
OS=Windows_NT
PROCESSOR_IDENTIFIER=Intel64 Family 6 Model 69 Stepping 1, GenuineIntel



---------------  S Y S T E M  ---------------

OS: Windows 8.1 , 64 bit Build 9600 (6.3.9600.17415)

CPU:total 4 (2 cores per cpu, 2 threads per core) family 6 model 69 stepping 1, cmov, cx8, fxsr, mmx, sse, sse2, sse3, ssse3, sse4.1, sse4.2, popcnt, avx, avx2, aes, clmul, erms, lzcnt, ht, tsc, tscinvbit, bmi1, bmi2

Memory: 4k page, physical 4097056k(175260k free), swap 7242784k(5272k free)

vm_info: OpenJDK 64-Bit Server VM (25.76-b03) for windows-amd64 JRE (1.8.0_76-release-b03), built on Jun 29 2016 19:09:20 by "ralucas" with MS VC++ 10.0 (VS2010)

time: Wed Dec 14 23:40:56 2016
elapsed time: 4 seconds (0d 0h 0m 4s)

