#
# There is insufficient memory for the Java Runtime Environment to continue.
# Native memory allocation (malloc) failed to allocate 101936 bytes for Chunk::new
# Possible reasons:
#   The system is out of physical RAM or swap space
#   In 32 bit mode, the process size limit was hit
# Possible solutions:
#   Reduce memory load on the system
#   Increase physical memory or swap space
#   Check if swap backing store is full
#   Use 64 bit Java on a 64 bit OS
#   Decrease Java heap size (-Xmx/-Xms)
#   Decrease number of Java threads
#   Decrease Java thread stack sizes (-Xss)
#   Set larger code cache with -XX:ReservedCodeCacheSize=
# This output file may be truncated or incomplete.
#
#  Out of Memory Error (allocation.cpp:390), pid=7120, tid=0x00000000000015d0
#
# JRE version: OpenJDK Runtime Environment (8.0_76-b03) (build 1.8.0_76-release-b03)
# Java VM: OpenJDK 64-Bit Server VM (25.76-b03 mixed mode windows-amd64 compressed oops)
# Failed to write core dump. Minidumps are not enabled by default on client versions of Windows
#

---------------  T H R E A D  ---------------

Current thread (0x0000000015286800):  JavaThread "C2 CompilerThread0" daemon [_thread_in_native, id=5584, stack(0x00000000168c0000,0x00000000169c0000)]

Stack: [0x00000000168c0000,0x00000000169c0000]
[error occurred during error reporting (printing stack bounds), id 0xc0000005]

Native frames: (J=compiled Java code, j=interpreted, Vv=VM code, C=native code)


Current CompileTask:
C2:   2958  626       4       com.android.dx.ssa.NormalSsaInsn::accept (25 bytes)


---------------  P R O C E S S  ---------------

Java Threads: ( => current thread )
  0x0000000016e4f800 JavaThread "pool-2-thread-4" [_thread_in_Java, id=4996, stack(0x00000000175c0000,0x00000000176c0000)]
  0x0000000016dea000 JavaThread "pool-2-thread-3" [_thread_blocked, id=2216, stack(0x00000000174c0000,0x00000000175c0000)]
  0x0000000016d4d000 JavaThread "pool-2-thread-2" [_thread_blocked, id=5060, stack(0x00000000173c0000,0x00000000174c0000)]
  0x0000000016d47800 JavaThread "pool-3-thread-1" [_thread_blocked, id=3664, stack(0x00000000172c0000,0x00000000173c0000)]
  0x0000000016d46800 JavaThread "pool-2-thread-1" [_thread_blocked, id=6184, stack(0x00000000171c0000,0x00000000172c0000)]
  0x0000000016bc0800 JavaThread "Service Thread" daemon [_thread_blocked, id=1548, stack(0x0000000016fc0000,0x00000000170c0000)]
  0x00000000152d7000 JavaThread "C1 CompilerThread2" daemon [_thread_in_native, id=2332, stack(0x0000000016ac0000,0x0000000016bc0000)]
  0x00000000152d4800 JavaThread "C2 CompilerThread1" daemon [_thread_blocked, id=6016, stack(0x00000000169c0000,0x0000000016ac0000)]
=>0x0000000015286800 JavaThread "C2 CompilerThread0" daemon [_thread_in_native, id=5584, stack(0x00000000168c0000,0x00000000169c0000)]
  0x0000000015285000 JavaThread "Attach Listener" daemon [_thread_blocked, id=6192, stack(0x00000000167c0000,0x00000000168c0000)]
  0x0000000015284000 JavaThread "Signal Dispatcher" daemon [_thread_blocked, id=6532, stack(0x00000000166c0000,0x00000000167c0000)]
  0x0000000002bab000 JavaThread "Finalizer" daemon [_thread_blocked, id=5684, stack(0x00000000164e0000,0x00000000165e0000)]
  0x0000000002ba0000 JavaThread "Reference Handler" daemon [_thread_blocked, id=6696, stack(0x00000000163e0000,0x00000000164e0000)]
  0x0000000002ab0800 JavaThread "main" [_thread_in_vm, id=5076, stack(0x0000000002930000,0x0000000002a30000)]

Other Threads:
  0x0000000015246800 VMThread [stack: 0x00000000162e0000,0x00000000163e0000] [id=6312]
  0x0000000016bc2000 WatcherThread [stack: 0x00000000170c0000,0x00000000171c0000] [id=3468]

VM state:not at safepoint (normal execution)

VM Mutex/Monitor currently owned by a thread: None

Heap:
 PSYoungGen      total 18944K, used 12762K [0x00000000eab00000, 0x00000000ec000000, 0x0000000100000000)
  eden space 16384K, 77% used [0x00000000eab00000,0x00000000eb776b58,0x00000000ebb00000)
  from space 2560K, 0% used [0x00000000ebd80000,0x00000000ebd80000,0x00000000ec000000)
  to   space 2560K, 0% used [0x00000000ebb00000,0x00000000ebb00000,0x00000000ebd80000)
 ParOldGen       total 44032K, used 0K [0x00000000c0000000, 0x00000000c2b00000, 0x00000000eab00000)
  object space 44032K, 0% used [0x00000000c0000000,0x00000000c0000000,0x00000000c2b00000)
 Metaspace       used 5415K, capacity 6640K, committed 6784K, reserved 1056768K
  class space    used 553K, capacity 616K, committed 640K, reserved 1048576K

Card table byte_map: [0x0000000011f70000,0x0000000012180000] byte_map_base: 0x0000000011970000

Marking Bits: (ParMarkBitMap*) 0x00000000538d9d00
 Begin Bits: [0x00000000126e0000, 0x00000000136e0000)
 End Bits:   [0x00000000136e0000, 0x00000000146e0000)

Polling page: 0x0000000000fb0000

CodeCache: size=245760Kb used=2802Kb max_used=2813Kb free=242958Kb
 bounds [0x0000000002bb0000, 0x0000000002e80000, 0x0000000011bb0000]
 total_blobs=904 nmethods=643 adapters=175
 compilation: enabled

Compilation events (10 events):
Event: 2.949 Thread 0x00000000152d7000 nmethod 640 0x0000000002e682d0 code [0x0000000002e68640, 0x0000000002e6a568]
Event: 2.949 Thread 0x00000000152d7000  641       3       java.util.HashMap::afterNodeAccess (1 bytes)
Event: 2.949 Thread 0x00000000152d7000 nmethod 641 0x0000000002e6bf10 code [0x0000000002e6c060, 0x0000000002e6c1b0]
Event: 2.950 Thread 0x00000000152d7000  642       3       com.android.dx.ssa.SsaRenamer$BlockRenamer::updateSuccessorPhis (64 bytes)
Event: 2.951 Thread 0x00000000152d7000 nmethod 642 0x0000000002e6c210 code [0x0000000002e6c420, 0x0000000002e6cdc8]
Event: 2.951 Thread 0x00000000152d7000  643       3       com.android.dx.ssa.SsaRenamer$BlockRenamer$1::<init> (10 bytes)
Event: 2.952 Thread 0x00000000152d7000 nmethod 643 0x0000000002e6d3d0 code [0x0000000002e6d520, 0x0000000002e6d6f0]
Event: 2.952 Thread 0x00000000152d4800  644       4       com.android.dx.ssa.NormalSsaInsn::isNormalMoveInsn (20 bytes)
Event: 2.953 Thread 0x00000000152d4800 nmethod 644 0x0000000002e32ad0 code [0x0000000002e32c00, 0x0000000002e32c98]
Event: 2.954 Thread 0x00000000152d7000  645       3       com.android.dx.ssa.SsaRenamer$BlockRenamer::visitMoveInsn (271 bytes)

GC Heap History (0 events):
No events

Deoptimization events (3 events):
Event: 2.057 Thread 0x0000000002ab0800 Uncommon trap: reason=unstable_if action=reinterpret pc=0x0000000002ce7e50 method=java.lang.String.indexOf(II)I @ 49
Event: 2.568 Thread 0x0000000016d4d000 Uncommon trap: reason=unstable_if action=reinterpret pc=0x0000000002dc1f38 method=java.util.HashMap.getNode(ILjava/lang/Object;)Ljava/util/HashMap$Node; @ 62
Event: 2.824 Thread 0x0000000016e4f800 Uncommon trap: reason=unstable_if action=reinterpret pc=0x0000000002e1bcb0 method=java.util.BitSet.nextSetBit(I)I @ 87

Internal exceptions (2 events):
Event: 1.433 Thread 0x0000000002ab0800 Exception <a 'java/lang/NoSuchMethodError': Method sun.misc.Unsafe.defineClass(Ljava/lang/String;[BII)Ljava/lang/Class; name or signature does not match> (0x00000000eab07cc0) thrown at [C:\src\android\AOSP-openjdk\external\jetbrains\jdk\hotspot\src\share\v_eÂ*žïö?
Event: 1.434 Thread 0x0000000002ab0800 Exception <a 'java/lang/NoSuchMethodError': Method sun.misc.Unsafe.prefetchRead(Ljava/lang/Object;J)V name or signature does not match> (0x00000000eab07fa8) thrown at [C:\src\android\AOSP-openjdk\external\jetbrains\jdk\hotspot\src\share\vm\prims\jni.cpp, l

Events (10 events):
Event: 2.791 loading class com/android/dx/cf/code/SwitchList done
Event: 2.803 loading class java/util/DualPivotQuicksort
Event: 2.803 loading class java/util/DualPivotQuicksort done
Event: 2.824 Thread 0x0000000016e4f800 Uncommon trap: trap_request=0xffffff65 fr.pc=0x0000000002e1bcb0
Event: 2.824 Thread 0x0000000016e4f800 DEOPT PACKING pc=0x0000000002e1bcb0 sp=0x00000000176bebb0
Event: 2.824 Thread 0x0000000016e4f800 DEOPT UNPACKING pc=0x0000000002bf556a sp=0x00000000176beb48 mode 2
Event: 2.829 loading class com/android/dx/ssa/back/FirstFitLocalCombiningAllocator$Multiset
Event: 2.829 loading class com/android/dx/ssa/back/FirstFitLocalCombiningAllocator$Multiset done
Event: 2.856 loading class com/android/dx/cf/code/BytecodeArray$ConstantParserVisitor
Event: 2.856 loading class com/android/dx/cf/code/BytecodeArray$ConstantParserVisitor done


Dynamic libraries:
0x00007ff7bbf40000 - 0x00007ff7bbf71000 	C:\Program Files\Android\Android Studio\jre\bin\java.exe
0x00007ff80bf10000 - 0x00007ff80c0bd000 	C:\windows\SYSTEM32\ntdll.dll
0x00007ff809590000 - 0x00007ff8096ce000 	C:\windows\system32\KERNEL32.DLL
0x00007ff809100000 - 0x00007ff809215000 	C:\windows\system32\KERNELBASE.dll
0x00007ff8098e0000 - 0x00007ff80998a000 	C:\windows\system32\ADVAPI32.dll
0x00007ff80b290000 - 0x00007ff80b407000 	C:\windows\system32\USER32.dll
0x00007ff806020000 - 0x00007ff80629b000 	C:\windows\WinSxS\amd64_microsoft.windows.common-controls_6595b64144ccf1df_6.0.9600.18006_none_623f33d3ecbe86e8\COMCTL32.dll
0x00007ff80b420000 - 0x00007ff80b4ca000 	C:\windows\system32\msvcrt.dll
0x00007ff80b6b0000 - 0x00007ff80b709000 	C:\windows\SYSTEM32\sechost.dll
0x00007ff8097a0000 - 0x00007ff8098e0000 	C:\windows\system32\RPCRT4.dll
0x00007ff80b860000 - 0x00007ff80b9af000 	C:\windows\system32\GDI32.dll
0x00007ff809560000 - 0x00007ff80958e000 	C:\windows\system32\SspiCli.dll
0x00007ff80b250000 - 0x00007ff80b286000 	C:\windows\system32\IMM32.DLL
0x00007ff80bdb0000 - 0x00007ff80bf02000 	C:\windows\system32\MSCTF.dll
0x0000000052f60000 - 0x0000000053032000 	C:\Program Files\Android\Android Studio\jre\jre\bin\msvcr100.dll
0x0000000053120000 - 0x0000000053954000 	C:\Program Files\Android\Android Studio\jre\jre\bin\server\jvm.dll
0x00007ff800dc0000 - 0x00007ff800dc9000 	C:\windows\SYSTEM32\WSOCK32.dll
0x00007ff804300000 - 0x00007ff804322000 	C:\windows\SYSTEM32\WINMM.dll
0x00007ff801630000 - 0x00007ff80163a000 	C:\windows\SYSTEM32\VERSION.dll
0x00007ff80b4e0000 - 0x00007ff80b4e7000 	C:\windows\system32\PSAPI.DLL
0x00007ff80ba10000 - 0x00007ff80ba6a000 	C:\windows\system32\WS2_32.dll
0x00007ff8042d0000 - 0x00007ff8042fa000 	C:\windows\SYSTEM32\WINMMBASE.dll
0x00007ff80b4d0000 - 0x00007ff80b4d9000 	C:\windows\system32\NSI.dll
0x00007ff809220000 - 0x00007ff80926f000 	C:\windows\SYSTEM32\cfgmgr32.dll
0x00007ff807e50000 - 0x00007ff807e78000 	C:\windows\SYSTEM32\DEVOBJ.dll
0x00007ff804e20000 - 0x00007ff804e2f000 	C:\Program Files\Android\Android Studio\jre\jre\bin\verify.dll
0x00007ff8049e0000 - 0x00007ff804a09000 	C:\Program Files\Android\Android Studio\jre\jre\bin\java.dll
0x00007ff8049c0000 - 0x00007ff8049d6000 	C:\Program Files\Android\Android Studio\jre\jre\bin\zip.dll
0x00007ff809b30000 - 0x00007ff80b058000 	C:\windows\system32\SHELL32.dll
0x00007ff80bb90000 - 0x00007ff80bda1000 	C:\windows\SYSTEM32\combase.dll
0x00007ff80b9b0000 - 0x00007ff80ba04000 	C:\windows\system32\SHLWAPI.dll
0x00007ff8073b0000 - 0x00007ff807462000 	C:\windows\SYSTEM32\SHCORE.dll
0x00007ff809030000 - 0x00007ff809045000 	C:\windows\SYSTEM32\profapi.dll

VM Arguments:
jvm_args: -Djava.awt.headless=true -Xmx1024M -Dfile.encoding=windows-1252 -Duser.country=US -Duser.language=en -Duser.variant 
java_command: com.android.dx.command.Main --dex --verbose --force-jumbo --num-threads=4 --multi-dex --output C:\Users\bruh\Desktop\COMP150-MOB\QueueR\app\build\intermediates\transforms\dex\debug\folders\1000\5\slice_4 C:\Users\bruh\Desktop\COMP150-MOB\QueueR\app\build\intermediates\transforms\instantRunSlicer\debug\folders\1\5\slice_4
java_class_path (initial): C:\Users\bruh\AppData\Local\Android\sdk\build-tools\24.0.1\lib\dx.jar
Launcher Type: SUN_STANDARD

Environment Variables:
PATH=C:\Program Files\Java\jdk1.8.0_101\bin\;C:\ProgramData\Oracle\Java\javapath;C:\windows\system32;C:\windows;C:\windows\System32\Wbem;C:\windows\System32\WindowsPowerShell\v1.0\;C:\Program Files\nodejs\;C:\Program Files (x86)\Heroku\bin;C:\Program Files (x86)\git\cmd;C:\Users\bruh\AppData\Roaming\npm;C:\Program Files (x86)\Skype\Phone\;C:\Program Files (x86)\GtkSharp\2.12\bin;C:\Program Files\Java\jdk1.8.0_101\bin\
USERNAME=bruh
OS=Windows_NT
PROCESSOR_IDENTIFIER=Intel64 Family 6 Model 69 Stepping 1, GenuineIntel



---------------  S Y S T E M  ---------------

OS: Windows 8.1 , 64 bit Build 9600 (6.3.9600.17415)

CPU:total 4 (2 cores per cpu, 2 threads per core) family 6 model 69 stepping 1, cmov, cx8, fxsr, mmx, sse, sse2, sse3, ssse3, sse4.1, sse4.2, popcnt, avx, avx2, aes, clmul, erms, lzcnt, ht, tsc, tscinvbit, bmi1, bmi2

Memory: 4k page, physical 4097056k(176176k free), swap 7242784k(5108k free)

vm_info: OpenJDK 64-Bit Server VM (25.76-b03) for windows-amd64 JRE (1.8.0_76-release-b03), built on Jun 29 2016 19:09:20 by "ralucas" with MS VC++ 10.0 (VS2010)

time: Thu Dec 15 02:45:38 2016
elapsed time: 2 seconds (0d 0h 0m 2s)

