#
# There is insufficient memory for the Java Runtime Environment to continue.
# Native memory allocation (malloc) failed to allocate 238576 bytes for Chunk::new
# Possible reasons:
#   The system is out of physical RAM or swap space
#   In 32 bit mode, the process size limit was hit
# Possible solutions:
#   Reduce memory load on the system
#   Increase physical memory or swap space
#   Check if swap backing store is full
#   Use 64 bit Java on a 64 bit OS
#   Decrease Java heap size (-Xmx/-Xms)
#   Decrease number of Java threads
#   Decrease Java thread stack sizes (-Xss)
#   Set larger code cache with -XX:ReservedCodeCacheSize=
# This output file may be truncated or incomplete.
#
#  Out of Memory Error (allocation.cpp:390), pid=680, tid=0x0000000000000c48
#
# JRE version: OpenJDK Runtime Environment (8.0_76-b03) (build 1.8.0_76-release-b03)
# Java VM: OpenJDK 64-Bit Server VM (25.76-b03 mixed mode windows-amd64 compressed oops)
# Failed to write core dump. Minidumps are not enabled by default on client versions of Windows
#

---------------  T H R E A D  ---------------

Current thread (0x0000000014c44800):  JavaThread "C2 CompilerThread1" daemon [_thread_in_native, id=3144, stack(0x0000000016270000,0x0000000016370000)]

Stack: [0x0000000016270000,0x0000000016370000]
[error occurred during error reporting (printing stack bounds), id 0xc0000005]

Native frames: (J=compiled Java code, j=interpreted, Vv=VM code, C=native code)


Current CompileTask:
C2:   4425 1086   !   4       com.android.dx.rop.code.RegisterSpec::intern (70 bytes)


---------------  P R O C E S S  ---------------

Java Threads: ( => current thread )
  0x00000000166c8800 JavaThread "pool-2-thread-4" [_thread_in_Java, id=4256, stack(0x0000000016e70000,0x0000000016f70000)]
  0x00000000166c7800 JavaThread "pool-2-thread-3" [_thread_in_Java, id=568, stack(0x0000000016d70000,0x0000000016e70000)]
  0x00000000166c7000 JavaThread "pool-2-thread-2" [_thread_in_Java, id=5892, stack(0x0000000016c70000,0x0000000016d70000)]
  0x00000000166b6800 JavaThread "pool-3-thread-1" [_thread_blocked, id=6092, stack(0x0000000016b70000,0x0000000016c70000)]
  0x00000000166c4000 JavaThread "pool-2-thread-1" [_thread_in_Java, id=3300, stack(0x0000000016a70000,0x0000000016b70000)]
  0x000000001647b000 JavaThread "Service Thread" daemon [_thread_blocked, id=6600, stack(0x0000000016870000,0x0000000016970000)]
  0x0000000014c47800 JavaThread "C1 CompilerThread2" daemon [_thread_blocked, id=6492, stack(0x0000000016370000,0x0000000016470000)]
=>0x0000000014c44800 JavaThread "C2 CompilerThread1" daemon [_thread_in_native, id=3144, stack(0x0000000016270000,0x0000000016370000)]
  0x0000000014bf6800 JavaThread "C2 CompilerThread0" daemon [_thread_in_native, id=2864, stack(0x0000000016170000,0x0000000016270000)]
  0x0000000014bf5000 JavaThread "Attach Listener" daemon [_thread_blocked, id=7144, stack(0x0000000016070000,0x0000000016170000)]
  0x0000000014bf4000 JavaThread "Signal Dispatcher" daemon [_thread_blocked, id=5348, stack(0x0000000015f70000,0x0000000016070000)]
  0x000000000241b000 JavaThread "Finalizer" daemon [_thread_blocked, id=4160, stack(0x0000000015e70000,0x0000000015f70000)]
  0x0000000002410000 JavaThread "Reference Handler" daemon [_thread_blocked, id=5388, stack(0x0000000015d70000,0x0000000015e70000)]
  0x0000000002320800 JavaThread "main" [_thread_in_Java, id=5052, stack(0x00000000021a0000,0x00000000022a0000)]

Other Threads:
  0x0000000014bb5800 VMThread [stack: 0x0000000015c70000,0x0000000015d70000] [id=388]
  0x0000000016470800 WatcherThread [stack: 0x0000000016970000,0x0000000016a70000] [id=6264]

VM state:not at safepoint (normal execution)

VM Mutex/Monitor currently owned by a thread: None

Heap:
 PSYoungGen      total 18944K, used 9134K [0x00000000eab00000, 0x00000000ec000000, 0x0000000100000000)
  eden space 16384K, 40% used [0x00000000eab00000,0x00000000eb171db0,0x00000000ebb00000)
  from space 2560K, 99% used [0x00000000ebb00000,0x00000000ebd79c88,0x00000000ebd80000)
  to   space 2560K, 0% used [0x00000000ebd80000,0x00000000ebd80000,0x00000000ec000000)
 ParOldGen       total 44032K, used 1667K [0x00000000c0000000, 0x00000000c2b00000, 0x00000000eab00000)
  object space 44032K, 3% used [0x00000000c0000000,0x00000000c01a0d08,0x00000000c2b00000)
 Metaspace       used 5843K, capacity 6832K, committed 7040K, reserved 1056768K
  class space    used 573K, capacity 616K, committed 640K, reserved 1048576K

Card table byte_map: [0x00000000118e0000,0x0000000011af0000] byte_map_base: 0x00000000112e0000

Marking Bits: (ParMarkBitMap*) 0x00000000538d9d00
 Begin Bits: [0x0000000012050000, 0x0000000013050000)
 End Bits:   [0x0000000013050000, 0x0000000014050000)

Polling page: 0x00000000008f0000

CodeCache: size=245760Kb used=4359Kb max_used=4359Kb free=241400Kb
 bounds [0x0000000002520000, 0x0000000002970000, 0x0000000011520000]
 total_blobs=1356 nmethods=1089 adapters=181
 compilation: enabled

Compilation events (10 events):
Event: 4.414 Thread 0x0000000014c47800 1092       3       com.android.dx.cf.code.ConcreteMethod::getMaxLocals (8 bytes)
Event: 4.414 Thread 0x0000000014c47800 nmethod 1092 0x0000000002961550 code [0x00000000029616a0, 0x0000000002961890]
Event: 4.414 Thread 0x0000000014c47800 1093       3       com.android.dx.cf.code.ConcreteMethod::getEffectiveDescriptor (10 bytes)
Event: 4.415 Thread 0x0000000014c47800 nmethod 1093 0x0000000002961110 code [0x0000000002961280, 0x00000000029614a8]
Event: 4.415 Thread 0x0000000014c47800 1094       3       com.android.dx.rop.type.Type::isCategory2 (36 bytes)
Event: 4.415 Thread 0x0000000014c47800 nmethod 1094 0x0000000002960dd0 code [0x0000000002960f20, 0x0000000002961090]
Event: 4.416 Thread 0x0000000014c47800 1095       3       com.android.dx.rop.cst.CstBaseMethodRef::getType (8 bytes)
Event: 4.417 Thread 0x0000000014c47800 nmethod 1095 0x000000000295ff90 code [0x00000000029600e0, 0x00000000029602d0]
Event: 4.417 Thread 0x0000000014c47800 1096       3       com.android.dx.cf.code.BaseMachine::popArgs (127 bytes)
Event: 4.420 Thread 0x0000000014c47800 nmethod 1096 0x0000000002963890 code [0x0000000002963ba0, 0x00000000029654e8]

GC Heap History (2 events):
Event: 3.582 GC heap before
{Heap before GC invocations=1 (full 0):
 PSYoungGen      total 18944K, used 16384K [0x00000000eab00000, 0x00000000ec000000, 0x0000000100000000)
  eden space 16384K, 100% used [0x00000000eab00000,0x00000000ebb00000,0x00000000ebb00000)
  from space 2560K, 0% used [0x00000000ebd80000,0x00000000ebd80000,0x00000000ec000000)
  to   space 2560K, 0% used [0x00000000ebb00000,0x00000000ebb00000,0x00000000ebd80000)
 ParOldGen       total 44032K, used 0K [0x00000000c0000000, 0x00000000c2b00000, 0x00000000eab00000)
  object space 44032K, 0% used [0x00000000c0000000,0x00000000c0000000,0x00000000c2b00000)
 Metaspace       used 5709K, capacity 6768K, committed 7040K, reserved 1056768K
  class space    used 568K, capacity 616K, committed 640K, reserved 1048576K
Event: 3.823 GC heap after
Heap after GC invocations=1 (full 0):
 PSYoungGen      total 18944K, used 2535K [0x00000000eab00000, 0x00000000ec000000, 0x0000000100000000)
  eden space 16384K, 0% used [0x00000000eab00000,0x00000000eab00000,0x00000000ebb00000)
  from space 2560K, 99% used [0x00000000ebb00000,0x00000000ebd79c88,0x00000000ebd80000)
  to   space 2560K, 0% used [0x00000000ebd80000,0x00000000ebd80000,0x00000000ec000000)
 ParOldGen       total 44032K, used 1667K [0x00000000c0000000, 0x00000000c2b00000, 0x00000000eab00000)
  object space 44032K, 3% used [0x00000000c0000000,0x00000000c01a0d08,0x00000000c2b00000)
 Metaspace       used 5709K, capacity 6768K, committed 7040K, reserved 1056768K
  class space    used 568K, capacity 616K, committed 640K, reserved 1048576K
}

Deoptimization events (10 events):
Event: 3.469 Thread 0x00000000166c4000 Uncommon trap: reason=unstable_if action=reinterpret pc=0x000000000274a2f0 method=java.util.HashMap.getNode(ILjava/lang/Object;)Ljava/util/HashMap$Node; @ 62
Event: 3.869 Thread 0x0000000002320800 Uncommon trap: reason=unstable_if action=reinterpret pc=0x00000000027464b0 method=java.util.BitSet.nextSetBit(I)I @ 87
Event: 3.888 Thread 0x0000000002320800 Uncommon trap: reason=unstable_if action=reinterpret pc=0x000000000272b168 method=java.util.HashMap.getNode(ILjava/lang/Object;)Ljava/util/HashMap$Node; @ 62
Event: 3.897 Thread 0x00000000166c7000 Uncommon trap: reason=class_check action=maybe_recompile pc=0x00000000027f7240 method=com.android.dx.ssa.NormalSsaInsn.accept(Lcom/android/dx/ssa/SsaInsn$Visitor;)V @ 9
Event: 3.898 Thread 0x00000000166c7000 Uncommon trap: reason=class_check action=maybe_recompile pc=0x00000000027b21f0 method=com.android.dx.ssa.NormalSsaInsn.accept(Lcom/android/dx/ssa/SsaInsn$Visitor;)V @ 9
Event: 3.898 Thread 0x00000000166c7000 Uncommon trap: reason=class_check action=maybe_recompile pc=0x00000000027b21f0 method=com.android.dx.ssa.NormalSsaInsn.accept(Lcom/android/dx/ssa/SsaInsn$Visitor;)V @ 9
Event: 3.898 Thread 0x00000000166c7000 Uncommon trap: reason=class_check action=maybe_recompile pc=0x00000000027b21f0 method=com.android.dx.ssa.NormalSsaInsn.accept(Lcom/android/dx/ssa/SsaInsn$Visitor;)V @ 9
Event: 4.014 Thread 0x00000000166c4000 Uncommon trap: reason=unstable_if action=reinterpret pc=0x000000000279ce74 method=java.util.BitSet.ensureCapacity(I)V @ 6
Event: 4.014 Thread 0x00000000166c4000 Uncommon trap: reason=unstable_if action=reinterpret pc=0x00000000027ed470 method=java.util.BitSet.ensureCapacity(I)V @ 6
Event: 4.368 Thread 0x0000000002320800 Uncommon trap: reason=unstable_if action=reinterpret pc=0x00000000028bad34 method=com.android.dx.ssa.SsaMethod.onSourcesChanged(Lcom/android/dx/ssa/SsaInsn;Lcom/android/dx/rop/code/RegisterSpecList;)V @ 4

Internal exceptions (2 events):
Event: 0.206 Thread 0x0000000002320800 Exception <a 'java/lang/NoSuchMethodError': Method sun.misc.Unsafe.defineClass(Ljava/lang/String;[BII)Ljava/lang/Class; name or signature does not match> (0x00000000eab07cc0) thrown at [C:\src\android\AOSP-openjdk\external\jetbrains\jdk\hotspot\src\share\v—»CÙ•oÊ?
Event: 0.207 Thread 0x0000000002320800 Exception <a 'java/lang/NoSuchMethodError': Method sun.misc.Unsafe.prefetchRead(Ljava/lang/Object;J)V name or signature does not match> (0x00000000eab07fa8) thrown at [C:\src\android\AOSP-openjdk\external\jetbrains\jdk\hotspot\src\share\vm\prims\jni.cpp, l

Events (10 events):
Event: 3.982 loading class java/util/HashMap$ValueIterator done
Event: 4.014 Thread 0x00000000166c4000 Uncommon trap: trap_request=0xffffff65 fr.pc=0x000000000279ce74
Event: 4.014 Thread 0x00000000166c4000 DEOPT PACKING pc=0x000000000279ce74 sp=0x0000000016b6e5d0
Event: 4.014 Thread 0x00000000166c4000 DEOPT UNPACKING pc=0x000000000256556a sp=0x0000000016b6e4b8 mode 2
Event: 4.014 Thread 0x00000000166c4000 Uncommon trap: trap_request=0xffffff65 fr.pc=0x00000000027ed470
Event: 4.014 Thread 0x00000000166c4000 DEOPT PACKING pc=0x00000000027ed470 sp=0x0000000016b6e580
Event: 4.014 Thread 0x00000000166c4000 DEOPT UNPACKING pc=0x000000000256556a sp=0x0000000016b6e4c0 mode 2
Event: 4.368 Thread 0x0000000002320800 Uncommon trap: trap_request=0xffffff65 fr.pc=0x00000000028bad34
Event: 4.368 Thread 0x0000000002320800 DEOPT PACKING pc=0x00000000028bad34 sp=0x000000000229e210
Event: 4.368 Thread 0x0000000002320800 DEOPT UNPACKING pc=0x000000000256556a sp=0x000000000229e160 mode 2


Dynamic libraries:
0x00007ff7bbf40000 - 0x00007ff7bbf71000 	C:\Program Files\Android\Android Studio\jre\bin\java.exe
0x00007ff80bf10000 - 0x00007ff80c0bd000 	C:\windows\SYSTEM32\ntdll.dll
0x00007ff809590000 - 0x00007ff8096ce000 	C:\windows\system32\KERNEL32.DLL
0x00007ff809100000 - 0x00007ff809215000 	C:\windows\system32\KERNELBASE.dll
0x00007ff8098e0000 - 0x00007ff80998a000 	C:\windows\system32\ADVAPI32.dll
0x00007ff80b290000 - 0x00007ff80b407000 	C:\windows\system32\USER32.dll
0x00007ff806020000 - 0x00007ff80629b000 	C:\windows\WinSxS\amd64_microsoft.windows.common-controls_6595b64144ccf1df_6.0.9600.18006_none_623f33d3ecbe86e8\COMCTL32.dll
0x00007ff80b420000 - 0x00007ff80b4ca000 	C:\windows\system32\msvcrt.dll
0x00007ff80b6b0000 - 0x00007ff80b709000 	C:\windows\SYSTEM32\sechost.dll
0x00007ff8097a0000 - 0x00007ff8098e0000 	C:\windows\system32\RPCRT4.dll
0x00007ff80b860000 - 0x00007ff80b9af000 	C:\windows\system32\GDI32.dll
0x00007ff809560000 - 0x00007ff80958e000 	C:\windows\system32\SspiCli.dll
0x00007ff80b250000 - 0x00007ff80b286000 	C:\windows\system32\IMM32.DLL
0x00007ff80bdb0000 - 0x00007ff80bf02000 	C:\windows\system32\MSCTF.dll
0x0000000052f60000 - 0x0000000053032000 	C:\Program Files\Android\Android Studio\jre\jre\bin\msvcr100.dll
0x0000000053120000 - 0x0000000053954000 	C:\Program Files\Android\Android Studio\jre\jre\bin\server\jvm.dll
0x00007ff800dc0000 - 0x00007ff800dc9000 	C:\windows\SYSTEM32\WSOCK32.dll
0x00007ff804300000 - 0x00007ff804322000 	C:\windows\SYSTEM32\WINMM.dll
0x00007ff801630000 - 0x00007ff80163a000 	C:\windows\SYSTEM32\VERSION.dll
0x00007ff80b4e0000 - 0x00007ff80b4e7000 	C:\windows\system32\PSAPI.DLL
0x00007ff80ba10000 - 0x00007ff80ba6a000 	C:\windows\system32\WS2_32.dll
0x00007ff8042d0000 - 0x00007ff8042fa000 	C:\windows\SYSTEM32\WINMMBASE.dll
0x00007ff80b4d0000 - 0x00007ff80b4d9000 	C:\windows\system32\NSI.dll
0x00007ff809220000 - 0x00007ff80926f000 	C:\windows\SYSTEM32\cfgmgr32.dll
0x00007ff807e50000 - 0x00007ff807e78000 	C:\windows\SYSTEM32\DEVOBJ.dll
0x00007ff804e20000 - 0x00007ff804e2f000 	C:\Program Files\Android\Android Studio\jre\jre\bin\verify.dll
0x00007ff8049e0000 - 0x00007ff804a09000 	C:\Program Files\Android\Android Studio\jre\jre\bin\java.dll
0x00007ff8049c0000 - 0x00007ff8049d6000 	C:\Program Files\Android\Android Studio\jre\jre\bin\zip.dll
0x00007ff809b30000 - 0x00007ff80b058000 	C:\windows\system32\SHELL32.dll
0x00007ff80bb90000 - 0x00007ff80bda1000 	C:\windows\SYSTEM32\combase.dll
0x00007ff80b9b0000 - 0x00007ff80ba04000 	C:\windows\system32\SHLWAPI.dll
0x00007ff8073b0000 - 0x00007ff807462000 	C:\windows\SYSTEM32\SHCORE.dll
0x00007ff809030000 - 0x00007ff809045000 	C:\windows\SYSTEM32\profapi.dll

VM Arguments:
jvm_args: -Djava.awt.headless=true -Xmx1024M -Dfile.encoding=windows-1252 -Duser.country=US -Duser.language=en -Duser.variant 
java_command: com.android.dx.command.Main --dex --verbose --force-jumbo --num-threads=4 --multi-dex --output C:\Users\bruh\Desktop\COMP150-MOB\QueueR\app\build\intermediates\transforms\dex\debug\folders\1000\10\com.google.firebase-firebase-auth-9.4.0_09f7e06766c8e3d5e7f5c61b040a940c02662c44 C:\Users\bruh\Desktop\COMP150-MOB\QueueR\app\build\intermediates\exploded-aar\com.google.firebase\firebase-auth\9.4.0\jars\classes.jar
java_class_path (initial): C:\Users\bruh\AppData\Local\Android\sdk\build-tools\24.0.1\lib\dx.jar
Launcher Type: SUN_STANDARD

Environment Variables:
PATH=C:\Program Files\Java\jdk1.8.0_101\bin\;C:\ProgramData\Oracle\Java\javapath;C:\windows\system32;C:\windows;C:\windows\System32\Wbem;C:\windows\System32\WindowsPowerShell\v1.0\;C:\Program Files\nodejs\;C:\Program Files (x86)\Heroku\bin;C:\Program Files (x86)\git\cmd;C:\Users\bruh\AppData\Roaming\npm;C:\Program Files (x86)\Skype\Phone\;C:\Program Files (x86)\GtkSharp\2.12\bin;C:\Program Files\Java\jdk1.8.0_101\bin\
USERNAME=bruh
OS=Windows_NT
PROCESSOR_IDENTIFIER=Intel64 Family 6 Model 69 Stepping 1, GenuineIntel



---------------  S Y S T E M  ---------------

OS: Windows 8.1 , 64 bit Build 9600 (6.3.9600.17415)

CPU:total 4 (2 cores per cpu, 2 threads per core) family 6 model 69 stepping 1, cmov, cx8, fxsr, mmx, sse, sse2, sse3, ssse3, sse4.1, sse4.2, popcnt, avx, avx2, aes, clmul, erms, lzcnt, ht, tsc, tscinvbit, bmi1, bmi2

Memory: 4k page, physical 4097056k(146660k free), swap 7242784k(5888k free)

vm_info: OpenJDK 64-Bit Server VM (25.76-b03) for windows-amd64 JRE (1.8.0_76-release-b03), built on Jun 29 2016 19:09:20 by "ralucas" with MS VC++ 10.0 (VS2010)

time: Thu Dec 15 02:45:22 2016
elapsed time: 4 seconds (0d 0h 0m 4s)

