#
# There is insufficient memory for the Java Runtime Environment to continue.
# Native memory allocation (malloc) failed to allocate 65552 bytes for Chunk::new
# Possible reasons:
#   The system is out of physical RAM or swap space
#   In 32 bit mode, the process size limit was hit
# Possible solutions:
#   Reduce memory load on the system
#   Increase physical memory or swap space
#   Check if swap backing store is full
#   Use 64 bit Java on a 64 bit OS
#   Decrease Java heap size (-Xmx/-Xms)
#   Decrease number of Java threads
#   Decrease Java thread stack sizes (-Xss)
#   Set larger code cache with -XX:ReservedCodeCacheSize=
# This output file may be truncated or incomplete.
#
#  Out of Memory Error (allocation.cpp:390), pid=476, tid=0x00000000000014b8
#
# JRE version: OpenJDK Runtime Environment (8.0_76-b03) (build 1.8.0_76-release-b03)
# Java VM: OpenJDK 64-Bit Server VM (25.76-b03 mixed mode windows-amd64 compressed oops)
# Failed to write core dump. Minidumps are not enabled by default on client versions of Windows
#

---------------  T H R E A D  ---------------

Current thread (0x00000000148c6800):  JavaThread "C2 CompilerThread0" daemon [_thread_in_native, id=5304, stack(0x0000000015ef0000,0x0000000015ff0000)]

Stack: [0x0000000015ef0000,0x0000000015ff0000]
[error occurred during error reporting (printing stack bounds), id 0xc0000005]

Native frames: (J=compiled Java code, j=interpreted, Vv=VM code, C=native code)


Current CompileTask:
C2:   3155 1392       4       com.android.dx.ssa.SCCP::simulateBranch (666 bytes)


---------------  P R O C E S S  ---------------

Java Threads: ( => current thread )
  0x0000000016371000 JavaThread "pool-2-thread-4" [_thread_in_Java, id=6344, stack(0x0000000016bf0000,0x0000000016cf0000)]
  0x000000001636e800 JavaThread "pool-2-thread-3" [_thread_in_Java, id=7152, stack(0x0000000016af0000,0x0000000016bf0000)]
  0x0000000016368800 JavaThread "pool-2-thread-2" [_thread_in_Java, id=1460, stack(0x00000000169f0000,0x0000000016af0000)]
  0x0000000016363800 JavaThread "pool-3-thread-1" [_thread_blocked, id=6844, stack(0x00000000168f0000,0x00000000169f0000)]
  0x000000001635a000 JavaThread "pool-2-thread-1" [_thread_in_vm, id=7040, stack(0x00000000167f0000,0x00000000168f0000)]
  0x00000000160fa000 JavaThread "Service Thread" daemon [_thread_blocked, id=6928, stack(0x00000000165f0000,0x00000000166f0000)]
  0x0000000014919000 JavaThread "C1 CompilerThread2" daemon [_thread_in_native, id=5676, stack(0x00000000164f0000,0x00000000165f0000)]
  0x0000000014914800 JavaThread "C2 CompilerThread1" daemon [_thread_in_native, id=5392, stack(0x0000000015ff0000,0x00000000160f0000)]
=>0x00000000148c6800 JavaThread "C2 CompilerThread0" daemon [_thread_in_native, id=5304, stack(0x0000000015ef0000,0x0000000015ff0000)]
  0x00000000148c5000 JavaThread "Attach Listener" daemon [_thread_blocked, id=4952, stack(0x0000000015df0000,0x0000000015ef0000)]
  0x00000000148c4000 JavaThread "Signal Dispatcher" daemon [_thread_blocked, id=2256, stack(0x0000000015cf0000,0x0000000015df0000)]
  0x00000000021eb000 JavaThread "Finalizer" daemon [_thread_blocked, id=4844, stack(0x0000000015b10000,0x0000000015c10000)]
  0x00000000021e0000 JavaThread "Reference Handler" daemon [_thread_blocked, id=2556, stack(0x0000000015a10000,0x0000000015b10000)]
  0x00000000020f0800 JavaThread "main" [_thread_in_Java, id=3788, stack(0x0000000001ff0000,0x00000000020f0000)]

Other Threads:
  0x0000000014885800 VMThread [stack: 0x0000000015910000,0x0000000015a10000] [id=800]
  0x00000000160ff000 WatcherThread [stack: 0x00000000166f0000,0x00000000167f0000] [id=5356]

VM state:not at safepoint (normal execution)

VM Mutex/Monitor currently owned by a thread: None

Heap:
 PSYoungGen      total 18944K, used 13936K [0x00000000eab00000, 0x00000000ed000000, 0x0000000100000000)
  eden space 16384K, 69% used [0x00000000eab00000,0x00000000eb6228e0,0x00000000ebb00000)
  from space 2560K, 99% used [0x00000000ebd80000,0x00000000ebff99d8,0x00000000ec000000)
  to   space 2560K, 0% used [0x00000000ebb00000,0x00000000ebb00000,0x00000000ebd80000)
 ParOldGen       total 44032K, used 4367K [0x00000000c0000000, 0x00000000c2b00000, 0x00000000eab00000)
  object space 44032K, 9% used [0x00000000c0000000,0x00000000c0443db8,0x00000000c2b00000)
 Metaspace       used 6061K, capacity 7024K, committed 7296K, reserved 1056768K
  class space    used 576K, capacity 616K, committed 640K, reserved 1048576K

Card table byte_map: [0x00000000115b0000,0x00000000117c0000] byte_map_base: 0x0000000010fb0000

Marking Bits: (ParMarkBitMap*) 0x00000000538d9d00
 Begin Bits: [0x0000000011d20000, 0x0000000012d20000)
 End Bits:   [0x0000000012d20000, 0x0000000013d20000)

Polling page: 0x0000000000670000

CodeCache: size=245760Kb used=5854Kb max_used=5854Kb free=239905Kb
 bounds [0x00000000021f0000, 0x00000000027b0000, 0x00000000111f0000]
 total_blobs=1690 nmethods=1422 adapters=182
 compilation: enabled

Compilation events (10 events):
Event: 3.121 Thread 0x0000000014919000 1424       3       com.android.dx.ssa.LocalVariableExtractor::doit (59 bytes)
Event: 3.122 Thread 0x0000000014919000 nmethod 1424 0x00000000027a5350 code [0x00000000027a5500, 0x00000000027a5a28]
Event: 3.122 Thread 0x0000000014919000 1425       3       com.android.dx.ssa.DomFront::buildDomTree (72 bytes)
Event: 3.124 Thread 0x0000000014919000 nmethod 1425 0x00000000027a5c10 code [0x00000000027a5e60, 0x00000000027a6cc8]
Event: 3.138 Thread 0x0000000014919000 1426       3       com.android.dx.rop.code.LocalVariableExtractor::doit (49 bytes)
Event: 3.138 Thread 0x0000000014919000 nmethod 1426 0x00000000027a7790 code [0x00000000027a7920, 0x00000000027a7dd8]
Event: 3.142 Thread 0x0000000014919000 1427       3       com.android.dx.dex.code.BlockAddresses::setupArrays (113 bytes)
Event: 3.145 Thread 0x0000000014919000 nmethod 1427 0x00000000027a8010 code [0x00000000027a82c0, 0x00000000027a9d18]
Event: 3.145 Thread 0x0000000014919000 1428       3       com.android.dx.dex.code.RopTranslator::outputInstructions (69 bytes)
Event: 3.145 Thread 0x0000000014919000 nmethod 1428 0x00000000027aab50 code [0x00000000027aace0, 0x00000000027ab138]

GC Heap History (4 events):
Event: 1.618 GC heap before
{Heap before GC invocations=1 (full 0):
 PSYoungGen      total 18944K, used 16384K [0x00000000eab00000, 0x00000000ec000000, 0x0000000100000000)
  eden space 16384K, 100% used [0x00000000eab00000,0x00000000ebb00000,0x00000000ebb00000)
  from space 2560K, 0% used [0x00000000ebd80000,0x00000000ebd80000,0x00000000ec000000)
  to   space 2560K, 0% used [0x00000000ebb00000,0x00000000ebb00000,0x00000000ebd80000)
 ParOldGen       total 44032K, used 0K [0x00000000c0000000, 0x00000000c2b00000, 0x00000000eab00000)
  object space 44032K, 0% used [0x00000000c0000000,0x00000000c0000000,0x00000000c2b00000)
 Metaspace       used 5750K, capacity 6768K, committed 7040K, reserved 1056768K
  class space    used 573K, capacity 616K, committed 640K, reserved 1048576K
Event: 1.695 GC heap after
Heap after GC invocations=1 (full 0):
 PSYoungGen      total 18944K, used 2535K [0x00000000eab00000, 0x00000000ec000000, 0x0000000100000000)
  eden space 16384K, 0% used [0x00000000eab00000,0x00000000eab00000,0x00000000ebb00000)
  from space 2560K, 99% used [0x00000000ebb00000,0x00000000ebd79fb8,0x00000000ebd80000)
  to   space 2560K, 0% used [0x00000000ebd80000,0x00000000ebd80000,0x00000000ec000000)
 ParOldGen       total 44032K, used 1734K [0x00000000c0000000, 0x00000000c2b00000, 0x00000000eab00000)
  object space 44032K, 3% used [0x00000000c0000000,0x00000000c01b18d8,0x00000000c2b00000)
 Metaspace       used 5750K, capacity 6768K, committed 7040K, reserved 1056768K
  class space    used 573K, capacity 616K, committed 640K, reserved 1048576K
}
Event: 2.593 GC heap before
{Heap before GC invocations=2 (full 0):
 PSYoungGen      total 18944K, used 18919K [0x00000000eab00000, 0x00000000ec000000, 0x0000000100000000)
  eden space 16384K, 100% used [0x00000000eab00000,0x00000000ebb00000,0x00000000ebb00000)
  from space 2560K, 99% used [0x00000000ebb00000,0x00000000ebd79fb8,0x00000000ebd80000)
  to   space 2560K, 0% used [0x00000000ebd80000,0x00000000ebd80000,0x00000000ec000000)
 ParOldGen       total 44032K, used 1734K [0x00000000c0000000, 0x00000000c2b00000, 0x00000000eab00000)
  object space 44032K, 3% used [0x00000000c0000000,0x00000000c01b18d8,0x00000000c2b00000)
 Metaspace       used 5967K, capacity 6960K, committed 7040K, reserved 1056768K
  class space    used 575K, capacity 616K, committed 640K, reserved 1048576K
Event: 2.621 GC heap after
Heap after GC invocations=2 (full 0):
 PSYoungGen      total 18944K, used 2534K [0x00000000eab00000, 0x00000000ed000000, 0x0000000100000000)
  eden space 16384K, 0% used [0x00000000eab00000,0x00000000eab00000,0x00000000ebb00000)
  from space 2560K, 99% used [0x00000000ebd80000,0x00000000ebff99d8,0x00000000ec000000)
  to   space 2560K, 0% used [0x00000000ebb00000,0x00000000ebb00000,0x00000000ebd80000)
 ParOldGen       total 44032K, used 4367K [0x00000000c0000000, 0x00000000c2b00000, 0x00000000eab00000)
  object space 44032K, 9% used [0x00000000c0000000,0x00000000c0443db8,0x00000000c2b00000)
 Metaspace       used 5967K, capacity 6960K, committed 7040K, reserved 1056768K
  class space    used 575K, capacity 616K, committed 640K, reserved 1048576K
}

Deoptimization events (10 events):
Event: 1.555 Thread 0x0000000016368800 Uncommon trap: reason=class_check action=maybe_recompile pc=0x0000000002458f70 method=com.android.dx.ssa.NormalSsaInsn.accept(Lcom/android/dx/ssa/SsaInsn$Visitor;)V @ 9
Event: 1.560 Thread 0x0000000016368800 Uncommon trap: reason=class_check action=maybe_recompile pc=0x0000000002458f70 method=com.android.dx.ssa.NormalSsaInsn.accept(Lcom/android/dx/ssa/SsaInsn$Visitor;)V @ 9
Event: 1.561 Thread 0x0000000016368800 Uncommon trap: reason=class_check action=maybe_recompile pc=0x0000000002458f70 method=com.android.dx.ssa.NormalSsaInsn.accept(Lcom/android/dx/ssa/SsaInsn$Visitor;)V @ 9
Event: 1.561 Thread 0x0000000016368800 Uncommon trap: reason=class_check action=maybe_recompile pc=0x0000000002458f70 method=com.android.dx.ssa.NormalSsaInsn.accept(Lcom/android/dx/ssa/SsaInsn$Visitor;)V @ 9
Event: 2.006 Thread 0x000000001636e800 Uncommon trap: reason=class_check action=maybe_recompile pc=0x000000000254cfb0 method=com.android.dx.ssa.NormalSsaInsn.accept(Lcom/android/dx/ssa/SsaInsn$Visitor;)V @ 9
Event: 2.060 Thread 0x0000000016368800 Uncommon trap: reason=unstable_if action=reinterpret pc=0x000000000245c8f4 method=java.util.BitSet.ensureCapacity(I)V @ 6
Event: 2.377 Thread 0x000000001636e800 Uncommon trap: reason=null_check action=make_not_entrant pc=0x0000000002557e28 method=com.android.dx.rop.type.Type.equals(Ljava/lang/Object;)Z @ 8
Event: 2.644 Thread 0x000000001635a000 Uncommon trap: reason=unstable_if action=reinterpret pc=0x00000000025f189c method=com.android.dx.ssa.SsaMethod.updateOneDefinition(Lcom/android/dx/ssa/SsaInsn;Lcom/android/dx/rop/code/RegisterSpec;)V @ 4
Event: 3.072 Thread 0x0000000016371000 Uncommon trap: reason=null_check action=make_not_entrant pc=0x0000000002655f7c method=com.android.dx.ssa.SsaRenamer.getLocalForNewReg(I)Lcom/android/dx/rop/code/LocalItem; @ 19
Event: 3.072 Thread 0x0000000016371000 Uncommon trap: reason=null_check action=make_not_entrant pc=0x0000000002685384 method=com.android.dx.ssa.SsaRenamer.getLocalForNewReg(I)Lcom/android/dx/rop/code/LocalItem; @ 19

Internal exceptions (5 events):
Event: 0.097 Thread 0x00000000020f0800 Exception <a 'java/lang/NoSuchMethodError': Method sun.misc.Unsafe.defineClass(Ljava/lang/String;[BII)Ljava/lang/Class; name or signature does not match> (0x00000000eab07cc0) thrown at [C:\src\android\AOSP-openjdk\external\jetbrains\jdk\hotspot\src\share\vÖJ]Á¸?
Event: 0.097 Thread 0x00000000020f0800 Exception <a 'java/lang/NoSuchMethodError': Method sun.misc.Unsafe.prefetchRead(Ljava/lang/Object;J)V name or signature does not match> (0x00000000eab07fa8) thrown at [C:\src\android\AOSP-openjdk\external\jetbrains\jdk\hotspot\src\share\vm\prims\jni.cpp, lHÞ¾©‹@
Event: 2.377 Thread 0x000000001636e800 Implicit null exception at 0x0000000002557d22 to 0x0000000002557e1a
Event: 3.071 Thread 0x0000000016371000 Implicit null exception at 0x00000000026546fe to 0x0000000002655f31
Event: 3.072 Thread 0x0000000016371000 Implicit null exception at 0x0000000002683ded to 0x0000000002685351

Events (10 events):
Event: 2.643 loading class com/android/dx/rop/code/RegOps done
Event: 2.644 Thread 0x000000001635a000 Uncommon trap: trap_request=0xffffff65 fr.pc=0x00000000025f189c
Event: 2.644 Thread 0x000000001635a000 DEOPT PACKING pc=0x00000000025f189c sp=0x00000000168eec50
Event: 2.644 Thread 0x000000001635a000 DEOPT UNPACKING pc=0x000000000223556a sp=0x00000000168eebf8 mode 2
Event: 3.071 Thread 0x0000000016371000 Uncommon trap: trap_request=0xfffffff4 fr.pc=0x0000000002655f7c
Event: 3.072 Thread 0x0000000016371000 DEOPT PACKING pc=0x0000000002655f7c sp=0x0000000016cee4a0
Event: 3.072 Thread 0x0000000016371000 DEOPT UNPACKING pc=0x000000000223556a sp=0x0000000016cee2a8 mode 2
Event: 3.072 Thread 0x0000000016371000 Uncommon trap: trap_request=0xfffffff4 fr.pc=0x0000000002685384
Event: 3.072 Thread 0x0000000016371000 DEOPT PACKING pc=0x0000000002685384 sp=0x0000000016cee430
Event: 3.072 Thread 0x0000000016371000 DEOPT UNPACKING pc=0x000000000223556a sp=0x0000000016cee298 mode 2


Dynamic libraries:
0x00007ff7bbf40000 - 0x00007ff7bbf71000 	C:\Program Files\Android\Android Studio\jre\bin\java.exe
0x00007ff80bf10000 - 0x00007ff80c0bd000 	C:\windows\SYSTEM32\ntdll.dll
0x00007ff809590000 - 0x00007ff8096ce000 	C:\windows\system32\KERNEL32.DLL
0x00007ff809100000 - 0x00007ff809215000 	C:\windows\system32\KERNELBASE.dll
0x00007ff8098e0000 - 0x00007ff80998a000 	C:\windows\system32\ADVAPI32.dll
0x00007ff80b290000 - 0x00007ff80b407000 	C:\windows\system32\USER32.dll
0x00007ff806020000 - 0x00007ff80629b000 	C:\windows\WinSxS\amd64_microsoft.windows.common-controls_6595b64144ccf1df_6.0.9600.18006_none_623f33d3ecbe86e8\COMCTL32.dll
0x00007ff80b420000 - 0x00007ff80b4ca000 	C:\windows\system32\msvcrt.dll
0x00007ff80b6b0000 - 0x00007ff80b709000 	C:\windows\SYSTEM32\sechost.dll
0x00007ff8097a0000 - 0x00007ff8098e0000 	C:\windows\system32\RPCRT4.dll
0x00007ff80b860000 - 0x00007ff80b9af000 	C:\windows\system32\GDI32.dll
0x00007ff809560000 - 0x00007ff80958e000 	C:\windows\system32\SspiCli.dll
0x00007ff80b250000 - 0x00007ff80b286000 	C:\windows\system32\IMM32.DLL
0x00007ff80bdb0000 - 0x00007ff80bf02000 	C:\windows\system32\MSCTF.dll
0x0000000052f60000 - 0x0000000053032000 	C:\Program Files\Android\Android Studio\jre\jre\bin\msvcr100.dll
0x0000000053120000 - 0x0000000053954000 	C:\Program Files\Android\Android Studio\jre\jre\bin\server\jvm.dll
0x00007ff800dc0000 - 0x00007ff800dc9000 	C:\windows\SYSTEM32\WSOCK32.dll
0x00007ff804300000 - 0x00007ff804322000 	C:\windows\SYSTEM32\WINMM.dll
0x00007ff801630000 - 0x00007ff80163a000 	C:\windows\SYSTEM32\VERSION.dll
0x00007ff80b4e0000 - 0x00007ff80b4e7000 	C:\windows\system32\PSAPI.DLL
0x00007ff80ba10000 - 0x00007ff80ba6a000 	C:\windows\system32\WS2_32.dll
0x00007ff8042d0000 - 0x00007ff8042fa000 	C:\windows\SYSTEM32\WINMMBASE.dll
0x00007ff80b4d0000 - 0x00007ff80b4d9000 	C:\windows\system32\NSI.dll
0x00007ff809220000 - 0x00007ff80926f000 	C:\windows\SYSTEM32\cfgmgr32.dll
0x00007ff807e50000 - 0x00007ff807e78000 	C:\windows\SYSTEM32\DEVOBJ.dll
0x00007ff804e20000 - 0x00007ff804e2f000 	C:\Program Files\Android\Android Studio\jre\jre\bin\verify.dll
0x00007ff8049e0000 - 0x00007ff804a09000 	C:\Program Files\Android\Android Studio\jre\jre\bin\java.dll
0x00007ff8049c0000 - 0x00007ff8049d6000 	C:\Program Files\Android\Android Studio\jre\jre\bin\zip.dll
0x00007ff809b30000 - 0x00007ff80b058000 	C:\windows\system32\SHELL32.dll
0x00007ff80bb90000 - 0x00007ff80bda1000 	C:\windows\SYSTEM32\combase.dll
0x00007ff80b9b0000 - 0x00007ff80ba04000 	C:\windows\system32\SHLWAPI.dll
0x00007ff8073b0000 - 0x00007ff807462000 	C:\windows\SYSTEM32\SHCORE.dll
0x00007ff809030000 - 0x00007ff809045000 	C:\windows\SYSTEM32\profapi.dll

VM Arguments:
jvm_args: -Djava.awt.headless=true -Xmx1024M -Dfile.encoding=windows-1252 -Duser.country=US -Duser.language=en -Duser.variant 
java_command: com.android.dx.command.Main --dex --verbose --force-jumbo --num-threads=4 --multi-dex --output C:\Users\bruh\Desktop\COMP150-MOB\QueueR\app\build\intermediates\transforms\dex\debug\folders\1000\10\com.crashlytics.sdk.android-crashlytics-core-2.3.14_7992c863ea9e61550b0c76cc315750921568091f C:\Users\bruh\Desktop\COMP150-MOB\QueueR\app\build\intermediates\exploded-aar\com.crashlytics.sdk.android\crashlytics-core\2.3.14\jars\classes.jar
java_class_path (initial): C:\Users\bruh\AppData\Local\Android\sdk\build-tools\24.0.1\lib\dx.jar
Launcher Type: SUN_STANDARD

Environment Variables:
PATH=C:\Program Files\Java\jdk1.8.0_101\bin\;C:\ProgramData\Oracle\Java\javapath;C:\windows\system32;C:\windows;C:\windows\System32\Wbem;C:\windows\System32\WindowsPowerShell\v1.0\;C:\Program Files\nodejs\;C:\Program Files (x86)\Heroku\bin;C:\Program Files (x86)\git\cmd;C:\Users\bruh\AppData\Roaming\npm;C:\Program Files (x86)\Skype\Phone\;C:\Program Files (x86)\GtkSharp\2.12\bin;C:\Program Files\Java\jdk1.8.0_101\bin\
USERNAME=bruh
OS=Windows_NT
PROCESSOR_IDENTIFIER=Intel64 Family 6 Model 69 Stepping 1, GenuineIntel



---------------  S Y S T E M  ---------------

OS: Windows 8.1 , 64 bit Build 9600 (6.3.9600.17415)

CPU:total 4 (2 cores per cpu, 2 threads per core) family 6 model 69 stepping 1, cmov, cx8, fxsr, mmx, sse, sse2, sse3, ssse3, sse4.1, sse4.2, popcnt, avx, avx2, aes, clmul, erms, lzcnt, ht, tsc, tscinvbit, bmi1, bmi2

Memory: 4k page, physical 4097056k(412928k free), swap 7242784k(5104k free)

vm_info: OpenJDK 64-Bit Server VM (25.76-b03) for windows-amd64 JRE (1.8.0_76-release-b03), built on Jun 29 2016 19:09:20 by "ralucas" with MS VC++ 10.0 (VS2010)

time: Thu Dec 15 02:48:31 2016
elapsed time: 3 seconds (0d 0h 0m 3s)

