#
# There is insufficient memory for the Java Runtime Environment to continue.
# Native memory allocation (malloc) failed to allocate 32744 bytes for ChunkPool::allocate
# Possible reasons:
#   The system is out of physical RAM or swap space
#   In 32 bit mode, the process size limit was hit
# Possible solutions:
#   Reduce memory load on the system
#   Increase physical memory or swap space
#   Check if swap backing store is full
#   Use 64 bit Java on a 64 bit OS
#   Decrease Java heap size (-Xmx/-Xms)
#   Decrease number of Java threads
#   Decrease Java thread stack sizes (-Xss)
#   Set larger code cache with -XX:ReservedCodeCacheSize=
# This output file may be truncated or incomplete.
#
#  Out of Memory Error (allocation.cpp:273), pid=5384, tid=0x0000000000000d08
#
# JRE version: OpenJDK Runtime Environment (8.0_76-b03) (build 1.8.0_76-release-b03)
# Java VM: OpenJDK 64-Bit Server VM (25.76-b03 mixed mode windows-amd64 compressed oops)
# Failed to write core dump. Minidumps are not enabled by default on client versions of Windows
#

---------------  T H R E A D  ---------------

Current thread (0x0000000015004800):  JavaThread "C2 CompilerThread1" daemon [_thread_in_native, id=3336, stack(0x00000000166f0000,0x00000000167f0000)]

Stack: [0x00000000166f0000,0x00000000167f0000]
[error occurred during error reporting (printing stack bounds), id 0xc0000005]

Native frames: (J=compiled Java code, j=interpreted, Vv=VM code, C=native code)


Current CompileTask:
C2:   6300  915       4       com.android.dx.ssa.NormalSsaInsn::mapSourceRegisters (48 bytes)


---------------  P R O C E S S  ---------------

Java Threads: ( => current thread )
  0x0000000016b54000 JavaThread "pool-2-thread-4" [_thread_blocked, id=6180, stack(0x00000000172f0000,0x00000000173f0000)]
  0x0000000016b53000 JavaThread "pool-2-thread-3" [_thread_blocked, id=5232, stack(0x00000000171f0000,0x00000000172f0000)]
  0x0000000016b52000 JavaThread "pool-2-thread-2" [_thread_blocked, id=5580, stack(0x00000000170f0000,0x00000000171f0000)]
  0x0000000016b43800 JavaThread "pool-3-thread-1" [_thread_blocked, id=2556, stack(0x0000000016ff0000,0x00000000170f0000)]
  0x0000000016b3c800 JavaThread "pool-2-thread-1" [_thread_blocked, id=6920, stack(0x0000000016ef0000,0x0000000016ff0000)]
  0x00000000168fb000 JavaThread "Service Thread" daemon [_thread_blocked, id=5988, stack(0x0000000016cf0000,0x0000000016df0000)]
  0x000000001500a800 JavaThread "C1 CompilerThread2" daemon [_thread_blocked, id=6908, stack(0x00000000167f0000,0x00000000168f0000)]
=>0x0000000015004800 JavaThread "C2 CompilerThread1" daemon [_thread_in_native, id=3336, stack(0x00000000166f0000,0x00000000167f0000)]
  0x0000000014fb6800 JavaThread "C2 CompilerThread0" daemon [_thread_in_native, id=3544, stack(0x00000000165f0000,0x00000000166f0000)]
  0x0000000014fb5000 JavaThread "Attach Listener" daemon [_thread_blocked, id=4132, stack(0x00000000164f0000,0x00000000165f0000)]
  0x0000000014fb4000 JavaThread "Signal Dispatcher" daemon [_thread_blocked, id=3272, stack(0x00000000163f0000,0x00000000164f0000)]
  0x00000000028bb000 JavaThread "Finalizer" daemon [_thread_blocked, id=6100, stack(0x0000000016200000,0x0000000016300000)]
  0x00000000028b0000 JavaThread "Reference Handler" daemon [_thread_blocked, id=3432, stack(0x0000000016100000,0x0000000016200000)]
  0x00000000027c0800 JavaThread "main" [_thread_in_Java, id=2244, stack(0x00000000026b0000,0x00000000027b0000)]

Other Threads:
  0x0000000014f75800 VMThread [stack: 0x0000000016000000,0x0000000016100000] [id=5624]
  0x00000000168f0800 WatcherThread [stack: 0x0000000016df0000,0x0000000016ef0000] [id=4184]

VM state:not at safepoint (normal execution)

VM Mutex/Monitor currently owned by a thread: None

Heap:
 PSYoungGen      total 18944K, used 3138K [0x00000000eab00000, 0x00000000ec000000, 0x0000000100000000)
  eden space 16384K, 3% used [0x00000000eab00000,0x00000000eab976d8,0x00000000ebb00000)
  from space 2560K, 98% used [0x00000000ebb00000,0x00000000ebd79178,0x00000000ebd80000)
  to   space 2560K, 0% used [0x00000000ebd80000,0x00000000ebd80000,0x00000000ec000000)
 ParOldGen       total 44032K, used 1697K [0x00000000c0000000, 0x00000000c2b00000, 0x00000000eab00000)
  object space 44032K, 3% used [0x00000000c0000000,0x00000000c01a8698,0x00000000c2b00000)
 Metaspace       used 5791K, capacity 6768K, committed 7040K, reserved 1056768K
  class space    used 575K, capacity 616K, committed 640K, reserved 1048576K

Card table byte_map: [0x0000000011c80000,0x0000000011e90000] byte_map_base: 0x0000000011680000

Marking Bits: (ParMarkBitMap*) 0x00000000538d9d00
 Begin Bits: [0x00000000123f0000, 0x00000000133f0000)
 End Bits:   [0x00000000133f0000, 0x00000000143f0000)

Polling page: 0x0000000002630000

CodeCache: size=245760Kb used=3708Kb max_used=3721Kb free=242051Kb
 bounds [0x00000000028c0000, 0x0000000002c70000, 0x00000000118c0000]
 total_blobs=1167 nmethods=899 adapters=182
 compilation: enabled

Compilation events (10 events):
Event: 5.596 Thread 0x000000001500a800  898   !   3       com.android.dx.cf.code.Ropper::processBlock (1101 bytes)
Event: 5.596 Thread 0x0000000014fb6800 nmethod 906 0x0000000002c52f50 code [0x0000000002c53080, 0x0000000002c530f8]
Event: 5.599 Thread 0x0000000015004800  909  s    4       java.util.Vector::add (39 bytes)
Event: 5.605 Thread 0x0000000015004800 nmethod 909 0x0000000002c59d50 code [0x0000000002c59ea0, 0x0000000002c5a268]
Event: 5.608 Thread 0x0000000014fb6800  910       4       java.util.BitSet::clear (70 bytes)
Event: 5.612 Thread 0x0000000014fb6800 nmethod 910 0x0000000002c599d0 code [0x0000000002c59b20, 0x0000000002c59c38]
Event: 6.278 Thread 0x0000000015004800  912   !   4       com.android.dx.rop.code.RegisterSpecSet::put (104 bytes)
Event: 6.283 Thread 0x0000000014fb6800  914       4       com.android.dx.util.FixedSizeList::equals (41 bytes)
Event: 6.286 Thread 0x0000000015004800 nmethod 912 0x0000000002c59210 code [0x0000000002c59380, 0x0000000002c59658]
Event: 6.286 Thread 0x0000000015004800  915       4       com.android.dx.ssa.NormalSsaInsn::mapSourceRegisters (48 bytes)

GC Heap History (2 events):
Event: 6.068 GC heap before
{Heap before GC invocations=1 (full 0):
 PSYoungGen      total 18944K, used 16384K [0x00000000eab00000, 0x00000000ec000000, 0x0000000100000000)
  eden space 16384K, 100% used [0x00000000eab00000,0x00000000ebb00000,0x00000000ebb00000)
  from space 2560K, 0% used [0x00000000ebd80000,0x00000000ebd80000,0x00000000ec000000)
  to   space 2560K, 0% used [0x00000000ebb00000,0x00000000ebb00000,0x00000000ebd80000)
 ParOldGen       total 44032K, used 0K [0x00000000c0000000, 0x00000000c2b00000, 0x00000000eab00000)
  object space 44032K, 0% used [0x00000000c0000000,0x00000000c0000000,0x00000000c2b00000)
 Metaspace       used 5782K, capacity 6768K, committed 7040K, reserved 1056768K
  class space    used 575K, capacity 616K, committed 640K, reserved 1048576K
Event: 6.275 GC heap after
Heap after GC invocations=1 (full 0):
 PSYoungGen      total 18944K, used 2532K [0x00000000eab00000, 0x00000000ec000000, 0x0000000100000000)
  eden space 16384K, 0% used [0x00000000eab00000,0x00000000eab00000,0x00000000ebb00000)
  from space 2560K, 98% used [0x00000000ebb00000,0x00000000ebd79178,0x00000000ebd80000)
  to   space 2560K, 0% used [0x00000000ebd80000,0x00000000ebd80000,0x00000000ec000000)
 ParOldGen       total 44032K, used 1697K [0x00000000c0000000, 0x00000000c2b00000, 0x00000000eab00000)
  object space 44032K, 3% used [0x00000000c0000000,0x00000000c01a8698,0x00000000c2b00000)
 Metaspace       used 5782K, capacity 6768K, committed 7040K, reserved 1056768K
  class space    used 575K, capacity 616K, committed 640K, reserved 1048576K
}

Deoptimization events (6 events):
Event: 4.621 Thread 0x00000000027c0800 Uncommon trap: reason=unstable_if action=reinterpret pc=0x0000000002ae8654 method=java.util.HashMap.getNode(ILjava/lang/Object;)Ljava/util/HashMap$Node; @ 129
Event: 4.672 Thread 0x0000000016b54000 Uncommon trap: reason=unstable_if action=reinterpret pc=0x0000000002afaef0 method=java.util.BitSet.nextSetBit(I)I @ 87
Event: 5.380 Thread 0x00000000027c0800 Uncommon trap: reason=class_check action=maybe_recompile pc=0x0000000002b7fe9c method=com.android.dx.ssa.NormalSsaInsn.accept(Lcom/android/dx/ssa/SsaInsn$Visitor;)V @ 9
Event: 5.380 Thread 0x00000000027c0800 Uncommon trap: reason=class_check action=maybe_recompile pc=0x0000000002affb70 method=com.android.dx.ssa.NormalSsaInsn.accept(Lcom/android/dx/ssa/SsaInsn$Visitor;)V @ 9
Event: 5.380 Thread 0x00000000027c0800 Uncommon trap: reason=class_check action=maybe_recompile pc=0x0000000002affb70 method=com.android.dx.ssa.NormalSsaInsn.accept(Lcom/android/dx/ssa/SsaInsn$Visitor;)V @ 9
Event: 5.380 Thread 0x00000000027c0800 Uncommon trap: reason=class_check action=maybe_recompile pc=0x0000000002affb70 method=com.android.dx.ssa.NormalSsaInsn.accept(Lcom/android/dx/ssa/SsaInsn$Visitor;)V @ 9

Internal exceptions (2 events):
Event: 0.240 Thread 0x00000000027c0800 Exception <a 'java/lang/NoSuchMethodError': Method sun.misc.Unsafe.defineClass(Ljava/lang/String;[BII)Ljava/lang/Class; name or signature does not match> (0x00000000eab07cc0) thrown at [C:\src\android\AOSP-openjdk\external\jetbrains\jdk\hotspot\src\share\v€¸¹üÃÎ?
Event: 0.240 Thread 0x00000000027c0800 Exception <a 'java/lang/NoSuchMethodError': Method sun.misc.Unsafe.prefetchRead(Ljava/lang/Object;J)V name or signature does not match> (0x00000000eab07fa8) thrown at [C:\src\android\AOSP-openjdk\external\jetbrains\jdk\hotspot\src\share\vm\prims\jni.cpp, l

Events (10 events):
Event: 5.380 Thread 0x00000000027c0800 DEOPT PACKING pc=0x0000000002affb70 sp=0x00000000027ae1d0
Event: 5.380 Thread 0x00000000027c0800 DEOPT UNPACKING pc=0x000000000290556a sp=0x00000000027ae170 mode 2
Event: 5.380 Thread 0x00000000027c0800 Uncommon trap: trap_request=0xffffffde fr.pc=0x0000000002affb70
Event: 5.380 Thread 0x00000000027c0800 DEOPT PACKING pc=0x0000000002affb70 sp=0x00000000027ae1d0
Event: 5.380 Thread 0x00000000027c0800 DEOPT UNPACKING pc=0x000000000290556a sp=0x00000000027ae170 mode 2
Event: 5.380 Thread 0x00000000027c0800 Uncommon trap: trap_request=0xffffffde fr.pc=0x0000000002affb70
Event: 5.380 Thread 0x00000000027c0800 DEOPT PACKING pc=0x0000000002affb70 sp=0x00000000027ae1d0
Event: 5.380 Thread 0x00000000027c0800 DEOPT UNPACKING pc=0x000000000290556a sp=0x00000000027ae170 mode 2
Event: 5.614 Executing VM operation: ParallelGCFailedAllocation
Event: 6.275 Executing VM operation: ParallelGCFailedAllocation done


Dynamic libraries:
0x00007ff7bbf40000 - 0x00007ff7bbf71000 	C:\Program Files\Android\Android Studio\jre\bin\java.exe
0x00007ff80bf10000 - 0x00007ff80c0bd000 	C:\windows\SYSTEM32\ntdll.dll
0x00007ff809590000 - 0x00007ff8096ce000 	C:\windows\system32\KERNEL32.DLL
0x00007ff809100000 - 0x00007ff809215000 	C:\windows\system32\KERNELBASE.dll
0x00007ff8098e0000 - 0x00007ff80998a000 	C:\windows\system32\ADVAPI32.dll
0x00007ff80b290000 - 0x00007ff80b407000 	C:\windows\system32\USER32.dll
0x00007ff806020000 - 0x00007ff80629b000 	C:\windows\WinSxS\amd64_microsoft.windows.common-controls_6595b64144ccf1df_6.0.9600.18006_none_623f33d3ecbe86e8\COMCTL32.dll
0x00007ff80b420000 - 0x00007ff80b4ca000 	C:\windows\system32\msvcrt.dll
0x00007ff80b6b0000 - 0x00007ff80b709000 	C:\windows\SYSTEM32\sechost.dll
0x00007ff8097a0000 - 0x00007ff8098e0000 	C:\windows\system32\RPCRT4.dll
0x00007ff80b860000 - 0x00007ff80b9af000 	C:\windows\system32\GDI32.dll
0x00007ff809560000 - 0x00007ff80958e000 	C:\windows\system32\SspiCli.dll
0x00007ff80b250000 - 0x00007ff80b286000 	C:\windows\system32\IMM32.DLL
0x00007ff80bdb0000 - 0x00007ff80bf02000 	C:\windows\system32\MSCTF.dll
0x0000000052f60000 - 0x0000000053032000 	C:\Program Files\Android\Android Studio\jre\jre\bin\msvcr100.dll
0x0000000053120000 - 0x0000000053954000 	C:\Program Files\Android\Android Studio\jre\jre\bin\server\jvm.dll
0x00007ff800dc0000 - 0x00007ff800dc9000 	C:\windows\SYSTEM32\WSOCK32.dll
0x00007ff804300000 - 0x00007ff804322000 	C:\windows\SYSTEM32\WINMM.dll
0x00007ff801630000 - 0x00007ff80163a000 	C:\windows\SYSTEM32\VERSION.dll
0x00007ff80b4e0000 - 0x00007ff80b4e7000 	C:\windows\system32\PSAPI.DLL
0x00007ff80ba10000 - 0x00007ff80ba6a000 	C:\windows\system32\WS2_32.dll
0x00007ff8042d0000 - 0x00007ff8042fa000 	C:\windows\SYSTEM32\WINMMBASE.dll
0x00007ff80b4d0000 - 0x00007ff80b4d9000 	C:\windows\system32\NSI.dll
0x00007ff809220000 - 0x00007ff80926f000 	C:\windows\SYSTEM32\cfgmgr32.dll
0x00007ff807e50000 - 0x00007ff807e78000 	C:\windows\SYSTEM32\DEVOBJ.dll
0x00007ff804e20000 - 0x00007ff804e2f000 	C:\Program Files\Android\Android Studio\jre\jre\bin\verify.dll
0x00007ff8049e0000 - 0x00007ff804a09000 	C:\Program Files\Android\Android Studio\jre\jre\bin\java.dll
0x00007ff8049c0000 - 0x00007ff8049d6000 	C:\Program Files\Android\Android Studio\jre\jre\bin\zip.dll
0x00007ff809b30000 - 0x00007ff80b058000 	C:\windows\system32\SHELL32.dll
0x00007ff80bb90000 - 0x00007ff80bda1000 	C:\windows\SYSTEM32\combase.dll
0x00007ff80b9b0000 - 0x00007ff80ba04000 	C:\windows\system32\SHLWAPI.dll
0x00007ff8073b0000 - 0x00007ff807462000 	C:\windows\SYSTEM32\SHCORE.dll
0x00007ff809030000 - 0x00007ff809045000 	C:\windows\SYSTEM32\profapi.dll

VM Arguments:
jvm_args: -Djava.awt.headless=true -Xmx1024M -Dfile.encoding=windows-1252 -Duser.country=US -Duser.language=en -Duser.variant 
java_command: com.android.dx.command.Main --dex --verbose --force-jumbo --num-threads=4 --multi-dex --output C:\Users\bruh\Desktop\COMP150-MOB\QueueR\app\build\intermediates\transforms\dex\debug\folders\1000\10\com.crashlytics.sdk.android-crashlytics-core-2.3.14_7992c863ea9e61550b0c76cc315750921568091f C:\Users\bruh\Desktop\COMP150-MOB\QueueR\app\build\intermediates\exploded-aar\com.crashlytics.sdk.android\crashlytics-core\2.3.14\jars\classes.jar
java_class_path (initial): C:\Users\bruh\AppData\Local\Android\sdk\build-tools\24.0.1\lib\dx.jar
Launcher Type: SUN_STANDARD

Environment Variables:
PATH=C:\Program Files\Java\jdk1.8.0_101\bin\;C:\ProgramData\Oracle\Java\javapath;C:\windows\system32;C:\windows;C:\windows\System32\Wbem;C:\windows\System32\WindowsPowerShell\v1.0\;C:\Program Files\nodejs\;C:\Program Files (x86)\Heroku\bin;C:\Program Files (x86)\git\cmd;C:\Users\bruh\AppData\Roaming\npm;C:\Program Files (x86)\Skype\Phone\;C:\Program Files (x86)\GtkSharp\2.12\bin;C:\Program Files\Java\jdk1.8.0_101\bin\
USERNAME=bruh
OS=Windows_NT
PROCESSOR_IDENTIFIER=Intel64 Family 6 Model 69 Stepping 1, GenuineIntel



---------------  S Y S T E M  ---------------

OS: Windows 8.1 , 64 bit Build 9600 (6.3.9600.17415)

CPU:total 4 (2 cores per cpu, 2 threads per core) family 6 model 69 stepping 1, cmov, cx8, fxsr, mmx, sse, sse2, sse3, ssse3, sse4.1, sse4.2, popcnt, avx, avx2, aes, clmul, erms, lzcnt, ht, tsc, tscinvbit, bmi1, bmi2

Memory: 4k page, physical 4097056k(379516k free), swap 7242784k(5104k free)

vm_info: OpenJDK 64-Bit Server VM (25.76-b03) for windows-amd64 JRE (1.8.0_76-release-b03), built on Jun 29 2016 19:09:20 by "ralucas" with MS VC++ 10.0 (VS2010)

time: Thu Dec 15 02:54:47 2016
elapsed time: 6 seconds (0d 0h 0m 6s)

