#
# There is insufficient memory for the Java Runtime Environment to continue.
# Native memory allocation (malloc) failed to allocate 158896 bytes for Chunk::new
# Possible reasons:
#   The system is out of physical RAM or swap space
#   In 32 bit mode, the process size limit was hit
# Possible solutions:
#   Reduce memory load on the system
#   Increase physical memory or swap space
#   Check if swap backing store is full
#   Use 64 bit Java on a 64 bit OS
#   Decrease Java heap size (-Xmx/-Xms)
#   Decrease number of Java threads
#   Decrease Java thread stack sizes (-Xss)
#   Set larger code cache with -XX:ReservedCodeCacheSize=
# This output file may be truncated or incomplete.
#
#  Out of Memory Error (allocation.cpp:390), pid=836, tid=0x0000000000001ac4
#
# JRE version: Java(TM) SE Runtime Environment (8.0_101-b13) (build 1.8.0_101-b13)
# Java VM: Java HotSpot(TM) 64-Bit Server VM (25.101-b13 mixed mode windows-amd64 compressed oops)
# Failed to write core dump. Minidumps are not enabled by default on client versions of Windows
#

---------------  T H R E A D  ---------------

Current thread (0x0000000014ff6800):  JavaThread "C2 CompilerThread1" daemon [_thread_in_native, id=6852, stack(0x00000000166e0000,0x00000000167e0000)]

Stack: [0x00000000166e0000,0x00000000167e0000]
[error occurred during error reporting (printing stack bounds), id 0xc0000005]

Native frames: (J=compiled Java code, j=interpreted, Vv=VM code, C=native code)


Current CompileTask:
C2:  36698 2919       4       com.android.dx.rop.cst.CstBaseMethodRef::getPrototype (41 bytes)


---------------  P R O C E S S  ---------------

Java Threads: ( => current thread )
  0x0000000016b16800 JavaThread "pool-1-thread-1" [_thread_in_vm, id=6560, stack(0x0000000016ee0000,0x0000000016fe0000)]
  0x0000000014ffe800 JavaThread "Service Thread" daemon [_thread_blocked, id=3860, stack(0x0000000016ce0000,0x0000000016de0000)]
  0x0000000014ffc800 JavaThread "C1 CompilerThread2" daemon [_thread_in_native, id=1804, stack(0x0000000016be0000,0x0000000016ce0000)]
=>0x0000000014ff6800 JavaThread "C2 CompilerThread1" daemon [_thread_in_native, id=6852, stack(0x00000000166e0000,0x00000000167e0000)]
  0x0000000014f9d000 JavaThread "C2 CompilerThread0" daemon [_thread_in_native, id=3720, stack(0x00000000165e0000,0x00000000166e0000)]
  0x0000000014f9b000 JavaThread "Attach Listener" daemon [_thread_blocked, id=6924, stack(0x00000000164e0000,0x00000000165e0000)]
  0x0000000014f9a000 JavaThread "Signal Dispatcher" daemon [_thread_blocked, id=5776, stack(0x00000000163e0000,0x00000000164e0000)]
  0x00000000028ca000 JavaThread "Finalizer" daemon [_thread_blocked, id=6368, stack(0x0000000016200000,0x0000000016300000)]
  0x0000000014f68800 JavaThread "Reference Handler" daemon [_thread_blocked, id=3892, stack(0x0000000016100000,0x0000000016200000)]
  0x00000000027d0800 JavaThread "main" [_thread_blocked, id=1548, stack(0x0000000002600000,0x0000000002700000)]

Other Threads:
  0x0000000014f67000 VMThread [stack: 0x0000000016000000,0x0000000016100000] [id=5524]
  0x000000001680b000 WatcherThread [stack: 0x0000000016de0000,0x0000000016ee0000] [id=5428]

VM state:not at safepoint (normal execution)

VM Mutex/Monitor currently owned by a thread: None

Heap:
 PSYoungGen      total 116736K, used 47733K [0x00000000eab00000, 0x00000000f5e00000, 0x0000000100000000)
  eden space 89088K, 22% used [0x00000000eab00000,0x00000000ebea42b8,0x00000000f0200000)
  from space 27648K, 99% used [0x00000000f2480000,0x00000000f3f793d8,0x00000000f3f80000)
  to   space 35328K, 0% used [0x00000000f0200000,0x00000000f0200000,0x00000000f2480000)
 ParOldGen       total 82432K, used 53665K [0x00000000c0000000, 0x00000000c5080000, 0x00000000eab00000)
  object space 82432K, 65% used [0x00000000c0000000,0x00000000c34687d0,0x00000000c5080000)
 Metaspace       used 7082K, capacity 7736K, committed 7936K, reserved 1056768K
  class space    used 646K, capacity 688K, committed 768K, reserved 1048576K

Card table byte_map: [0x0000000011c90000,0x0000000011ea0000] byte_map_base: 0x0000000011690000

Marking Bits: (ParMarkBitMap*) 0x00000000615aa6d0
 Begin Bits: [0x0000000012400000, 0x0000000013400000)
 End Bits:   [0x0000000013400000, 0x0000000014400000)

Polling page: 0x0000000000be0000

CodeCache: size=245760Kb used=10608Kb max_used=10616Kb free=235151Kb
 bounds [0x00000000028d0000, 0x0000000003340000, 0x00000000118d0000]
 total_blobs=2802 nmethods=2531 adapters=183
 compilation: enabled

Compilation events (10 events):
Event: 36.603 Thread 0x0000000014ff6800 2932       4       com.android.dx.dex.code.FixedSizeInsn::writeTo (13 bytes)
Event: 36.605 Thread 0x0000000014ff6800 nmethod 2932 0x000000000331c650 code [0x000000000331c7a0, 0x000000000331c838]
Event: 36.605 Thread 0x0000000014ff6800 2933       4       com.android.dx.dex.code.InsnFormat::opcodeUnit (54 bytes)
Event: 36.606 Thread 0x0000000014ff6800 nmethod 2933 0x00000000033326d0 code [0x0000000003332800, 0x00000000033328b8]
Event: 36.606 Thread 0x0000000014ff6800 2919       4       com.android.dx.rop.cst.CstBaseMethodRef::getPrototype (41 bytes)
Event: 36.652 Thread 0x0000000014ffc800 2962       3       com.android.dx.dex.code.form.Form21h::writeTo (74 bytes)
Event: 36.653 Thread 0x0000000014ffc800 nmethod 2962 0x0000000003330e90 code [0x00000000033310e0, 0x0000000003332088]
Event: 36.683 Thread 0x0000000014ffc800 2963       3       com.android.dx.dex.file.MethodAnnotationStruct::compareTo (9 bytes)
Event: 36.684 Thread 0x0000000014ffc800 nmethod 2963 0x00000000033307d0 code [0x0000000003330940, 0x0000000003330d28]
Event: 36.684 Thread 0x0000000014ffc800 2964       3       com.android.dx.dex.file.AnnotationsDirectoryItem::writeTo0 (427 bytes)

GC Heap History (10 events):
Event: 18.464 GC heap before
{Heap before GC invocations=9 (full 0):
 PSYoungGen      total 74240K, used 74225K [0x00000000eab00000, 0x00000000f0000000, 0x0000000100000000)
  eden space 64512K, 100% used [0x00000000eab00000,0x00000000eea00000,0x00000000eea00000)
  from space 9728K, 99% used [0x00000000ef480000,0x00000000efdfc6a8,0x00000000efe00000)
  to   space 10752K, 0% used [0x00000000eea00000,0x00000000eea00000,0x00000000ef480000)
 ParOldGen       total 44032K, used 31503K [0x00000000c0000000, 0x00000000c2b00000, 0x00000000eab00000)
  object space 44032K, 71% used [0x00000000c0000000,0x00000000c1ec3f20,0x00000000c2b00000)
 Metaspace       used 6529K, capacity 7256K, committed 7424K, reserved 1056768K
  class space    used 624K, capacity 656K, committed 768K, reserved 1048576K
Event: 18.922 GC heap after
Heap after GC invocations=9 (full 0):
 PSYoungGen      total 75264K, used 10726K [0x00000000eab00000, 0x00000000f4000000, 0x0000000100000000)
  eden space 64512K, 0% used [0x00000000eab00000,0x00000000eab00000,0x00000000eea00000)
  from space 10752K, 99% used [0x00000000eea00000,0x00000000ef479bc0,0x00000000ef480000)
  to   space 24576K, 0% used [0x00000000f2800000,0x00000000f2800000,0x00000000f4000000)
 ParOldGen       total 44032K, used 40522K [0x00000000c0000000, 0x00000000c2b00000, 0x00000000eab00000)
  object space 44032K, 92% used [0x00000000c0000000,0x00000000c2792a98,0x00000000c2b00000)
 Metaspace       used 6529K, capacity 7256K, committed 7424K, reserved 1056768K
  class space    used 624K, capacity 656K, committed 768K, reserved 1048576K
}
Event: 18.922 GC heap before
{Heap before GC invocations=10 (full 1):
 PSYoungGen      total 75264K, used 10726K [0x00000000eab00000, 0x00000000f4000000, 0x0000000100000000)
  eden space 64512K, 0% used [0x00000000eab00000,0x00000000eab00000,0x00000000eea00000)
  from space 10752K, 99% used [0x00000000eea00000,0x00000000ef479bc0,0x00000000ef480000)
  to   space 24576K, 0% used [0x00000000f2800000,0x00000000f2800000,0x00000000f4000000)
 ParOldGen       total 44032K, used 40522K [0x00000000c0000000, 0x00000000c2b00000, 0x00000000eab00000)
  object space 44032K, 92% used [0x00000000c0000000,0x00000000c2792a98,0x00000000c2b00000)
 Metaspace       used 6529K, capacity 7256K, committed 7424K, reserved 1056768K
  class space    used 624K, capacity 656K, committed 768K, reserved 1048576K
Event: 24.989 GC heap after
Heap after GC invocations=10 (full 1):
 PSYoungGen      total 75264K, used 2531K [0x00000000eab00000, 0x00000000f4000000, 0x0000000100000000)
  eden space 64512K, 0% used [0x00000000eab00000,0x00000000eab00000,0x00000000eea00000)
  from space 10752K, 23% used [0x00000000eea00000,0x00000000eec78ce0,0x00000000ef480000)
  to   space 24576K, 0% used [0x00000000f2800000,0x00000000f2800000,0x00000000f4000000)
 ParOldGen       total 82432K, used 43983K [0x00000000c0000000, 0x00000000c5080000, 0x00000000eab00000)
  object space 82432K, 53% used [0x00000000c0000000,0x00000000c2af3c58,0x00000000c5080000)
 Metaspace       used 6529K, capacity 7256K, committed 7424K, reserved 1056768K
  class space    used 624K, capacity 656K, committed 768K, reserved 1048576K
}
Event: 27.614 GC heap before
{Heap before GC invocations=11 (full 1):
 PSYoungGen      total 75264K, used 67043K [0x00000000eab00000, 0x00000000f4000000, 0x0000000100000000)
  eden space 64512K, 100% used [0x00000000eab00000,0x00000000eea00000,0x00000000eea00000)
  from space 10752K, 23% used [0x00000000eea00000,0x00000000eec78ce0,0x00000000ef480000)
  to   space 24576K, 0% used [0x00000000f2800000,0x00000000f2800000,0x00000000f4000000)
 ParOldGen       total 82432K, used 43983K [0x00000000c0000000, 0x00000000c5080000, 0x00000000eab00000)
  object space 82432K, 53% used [0x00000000c0000000,0x00000000c2af3c58,0x00000000c5080000)
 Metaspace       used 6560K, capacity 7256K, committed 7424K, reserved 1056768K
  class space    used 624K, capacity 656K, committed 768K, reserved 1048576K
Event: 27.822 GC heap after
Heap after GC invocations=11 (full 1):
 PSYoungGen      total 91136K, used 12773K [0x00000000eab00000, 0x00000000f3480000, 0x0000000100000000)
  eden space 78336K, 0% used [0x00000000eab00000,0x00000000eab00000,0x00000000ef780000)
  from space 12800K, 99% used [0x00000000f2800000,0x00000000f3479730,0x00000000f3480000)
  to   space 24064K, 0% used [0x00000000f0580000,0x00000000f0580000,0x00000000f1d00000)
 ParOldGen       total 82432K, used 44103K [0x00000000c0000000, 0x00000000c5080000, 0x00000000eab00000)
  object space 82432K, 53% used [0x00000000c0000000,0x00000000c2b11c58,0x00000000c5080000)
 Metaspace       used 6560K, capacity 7256K, committed 7424K, reserved 1056768K
  class space    used 624K, capacity 656K, committed 768K, reserved 1048576K
}
Event: 28.415 GC heap before
{Heap before GC invocations=12 (full 1):
 PSYoungGen      total 91136K, used 91109K [0x00000000eab00000, 0x00000000f3480000, 0x0000000100000000)
  eden space 78336K, 100% used [0x00000000eab00000,0x00000000ef780000,0x00000000ef780000)
  from space 12800K, 99% used [0x00000000f2800000,0x00000000f3479730,0x00000000f3480000)
  to   space 24064K, 0% used [0x00000000f0580000,0x00000000f0580000,0x00000000f1d00000)
 ParOldGen       total 82432K, used 44103K [0x00000000c0000000, 0x00000000c5080000, 0x00000000eab00000)
  object space 82432K, 53% used [0x00000000c0000000,0x00000000c2b11c58,0x00000000c5080000)
 Metaspace       used 6563K, capacity 7256K, committed 7424K, reserved 1056768K
  class space    used 624K, capacity 656K, committed 768K, reserved 1048576K
Event: 28.576 GC heap after
Heap after GC invocations=12 (full 1):
 PSYoungGen      total 116736K, used 23355K [0x00000000eab00000, 0x00000000f3f80000, 0x0000000100000000)
  eden space 92672K, 0% used [0x00000000eab00000,0x00000000eab00000,0x00000000f0580000)
  from space 24064K, 97% used [0x00000000f0580000,0x00000000f1c4eec8,0x00000000f1d00000)
  to   space 27648K, 0% used [0x00000000f2480000,0x00000000f2480000,0x00000000f3f80000)
 ParOldGen       total 82432K, used 44103K [0x00000000c0000000, 0x00000000c5080000, 0x00000000eab00000)
  object space 82432K, 53% used [0x00000000c0000000,0x00000000c2b11c58,0x00000000c5080000)
 Metaspace       used 6563K, capacity 7256K, committed 7424K, reserved 1056768K
  class space    used 624K, capacity 656K, committed 768K, reserved 1048576K
}
Event: 33.592 GC heap before
{Heap before GC invocations=13 (full 1):
 PSYoungGen      total 116736K, used 116027K [0x00000000eab00000, 0x00000000f3f80000, 0x0000000100000000)
  eden space 92672K, 100% used [0x00000000eab00000,0x00000000f0580000,0x00000000f0580000)
  from space 24064K, 97% used [0x00000000f0580000,0x00000000f1c4eec8,0x00000000f1d00000)
  to   space 27648K, 0% used [0x00000000f2480000,0x00000000f2480000,0x00000000f3f80000)
 ParOldGen       total 82432K, used 44103K [0x00000000c0000000, 0x00000000c5080000, 0x00000000eab00000)
  object space 82432K, 53% used [0x00000000c0000000,0x00000000c2b11c58,0x00000000c5080000)
 Metaspace       used 6897K, capacity 7544K, committed 7680K, reserved 1056768K
  class space    used 643K, capacity 688K, committed 768K, reserved 1048576K
Event: 33.998 GC heap after
Heap after GC invocations=13 (full 1):
 PSYoungGen      total 116736K, used 27620K [0x00000000eab00000, 0x00000000f5e00000, 0x0000000100000000)
  eden space 89088K, 0% used [0x00000000eab00000,0x00000000eab00000,0x00000000f0200000)
  from space 27648K, 99% used [0x00000000f2480000,0x00000000f3f793d8,0x00000000f3f80000)
  to   space 35328K, 0% used [0x00000000f0200000,0x00000000f0200000,0x00000000f2480000)
 ParOldGen       total 82432K, used 53665K [0x00000000c0000000, 0x00000000c5080000, 0x00000000eab00000)
  object space 82432K, 65% used [0x00000000c0000000,0x00000000c34687d0,0x00000000c5080000)
 Metaspace       used 6897K, capacity 7544K, committed 7680K, reserved 1056768K
  class space    used 643K, capacity 688K, committed 768K, reserved 1048576K
}

Deoptimization events (10 events):
Event: 31.884 Thread 0x0000000016b16800 Uncommon trap: reason=speculate_class_check action=maybe_recompile pc=0x0000000002c7b050 method=com.android.dx.util.FixedSizeList.equals(Ljava/lang/Object;)Z @ 25
Event: 31.884 Thread 0x0000000016b16800 Uncommon trap: reason=unstable_if action=reinterpret pc=0x00000000031b1f2c method=java.util.TreeMap.put(Ljava/lang/Object;Ljava/lang/Object;)Ljava/lang/Object; @ 163
Event: 32.926 Thread 0x0000000016b16800 Uncommon trap: reason=unstable_if action=reinterpret pc=0x0000000002b13588 method=com.android.dx.rop.code.RegisterSpec.equalsUsingSimpleType(Lcom/android/dx/rop/code/RegisterSpec;)Z @ 5
Event: 34.594 Thread 0x0000000016b16800 Uncommon trap: reason=unstable_if action=reinterpret pc=0x0000000002a72184 method=com.android.dx.dex.code.LocalList$MakeState.filterSpec(Lcom/android/dx/rop/code/RegisterSpec;)Lcom/android/dx/rop/code/RegisterSpec; @ 11
Event: 34.594 Thread 0x0000000016b16800 Uncommon trap: reason=unstable_if action=reinterpret pc=0x0000000002de7e38 method=com.android.dx.dex.code.LocalList$MakeState.filterSpec(Lcom/android/dx/rop/code/RegisterSpec;)Lcom/android/dx/rop/code/RegisterSpec; @ 11
Event: 34.594 Thread 0x0000000016b16800 Uncommon trap: reason=unstable_if action=reinterpret pc=0x0000000002b6d02c method=com.android.dx.dex.code.LocalList$MakeState.filterSpec(Lcom/android/dx/rop/code/RegisterSpec;)Lcom/android/dx/rop/code/RegisterSpec; @ 11
Event: 35.091 Thread 0x0000000016b16800 Uncommon trap: reason=unstable_if action=reinterpret pc=0x0000000002ae1378 method=java.util.ArrayList.<init>(I)V @ 5
Event: 35.414 Thread 0x0000000016b16800 Uncommon trap: reason=unstable_if action=reinterpret pc=0x0000000002c0fc5c method=com.android.dx.dex.file.DebugInfoEncoder.emitLocalsAtAddress(I)I @ 137
Event: 35.645 Thread 0x0000000016b16800 Uncommon trap: reason=unstable_if action=reinterpret pc=0x0000000002cda7bc method=java.lang.Long.numberOfTrailingZeros(J)I @ 3
Event: 35.811 Thread 0x0000000016b16800 Uncommon trap: reason=unstable_if action=reinterpret pc=0x000000000306ca84 method=com.android.dx.util.ByteArrayAnnotatedOutput.writeByte(I)V @ 13

Internal exceptions (8 events):
Event: 0.201 Thread 0x00000000027d0800 Exception <a 'java/lang/NoSuchMethodError': Method sun.misc.Unsafe.defineClass(Ljava/lang/String;[BII)Ljava/lang/Class; name or signature does not match> (0x00000000eab07cc0) thrown at [C:\re\workspace\8-2-build-windows-amd64-cygwin\jdk8u101\7261\hotspot\s2I¢sÕ…?
Event: 0.202 Thread 0x00000000027d0800 Exception <a 'java/lang/NoSuchMethodError': Method sun.misc.Unsafe.prefetchRead(Ljava/lang/Object;J)V name or signature does not match> (0x00000000eab07fa8) thrown at [C:\re\workspace\8-2-build-windows-amd64-cygwin\jdk8u101\7261\hotspot\src\share\vm\prims\
Event: 6.684 Thread 0x0000000016b12800 Implicit null exception at 0x0000000002f80120 to 0x0000000002f83e5d
Event: 10.654 Thread 0x0000000016b16800 Implicit null exception at 0x0000000002f70fae to 0x0000000002f728b1
Event: 13.504 Thread 0x0000000016b11000 Exception <a 'java/lang/ArrayIndexOutOfBoundsException': 18> (0x00000000ec0dc058) thrown at [C:\re\workspace\8-2-build-windows-amd64-cygwin\jdk8u101\7261\hotspot\src\share\vm\interpreter\interpreterRuntime.cpp, line 366]
Event: 13.505 Thread 0x0000000016b11000 Exception <a 'java/lang/ArrayIndexOutOfBoundsException'> (0x00000000ec0ddbd8) thrown at [C:\re\workspace\8-2-build-windows-amd64-cygwin\jdk8u101\7261\hotspot\src\share\vm\runtime\sharedRuntime.cpp, line 605]
Event: 13.525 Thread 0x0000000016b11000 Exception <a 'java/lang/ArrayIndexOutOfBoundsException'> (0x00000000ec0deec0) thrown at [C:\re\workspace\8-2-build-windows-amd64-cygwin\jdk8u101\7261\hotspot\src\share\vm\runtime\sharedRuntime.cpp, line 605]
Event: 26.097 Thread 0x0000000016b16800 Implicit null exception at 0x000000000324ed50 to 0x0000000003254545

Events (10 events):
Event: 36.666 Thread 0x0000000016b16800 DEOPT PACKING pc=0x00000000032fb9bf sp=0x0000000016fde520
Event: 36.666 Thread 0x0000000016b16800 DEOPT UNPACKING pc=0x000000000291787f sp=0x0000000016fde2f8 mode 0
Event: 36.674 Thread 0x0000000016b16800 DEOPT PACKING pc=0x00000000032f84ca sp=0x0000000016fde680
Event: 36.674 Thread 0x0000000016b16800 DEOPT UNPACKING pc=0x000000000291787f sp=0x0000000016fde3a0 mode 0
Event: 36.674 Thread 0x0000000016b16800 DEOPT PACKING pc=0x00000000032fb9bf sp=0x0000000016fde520
Event: 36.674 Thread 0x0000000016b16800 DEOPT UNPACKING pc=0x000000000291787f sp=0x0000000016fde2f8 mode 0
Event: 36.679 Thread 0x0000000016b16800 DEOPT PACKING pc=0x00000000032f84ca sp=0x0000000016fde680
Event: 36.679 Thread 0x0000000016b16800 DEOPT UNPACKING pc=0x000000000291787f sp=0x0000000016fde3a0 mode 0
Event: 36.679 Thread 0x0000000016b16800 DEOPT PACKING pc=0x00000000032fb9bf sp=0x0000000016fde520
Event: 36.679 Thread 0x0000000016b16800 DEOPT UNPACKING pc=0x000000000291787f sp=0x0000000016fde2f8 mode 0


Dynamic libraries:
0x00007ff7f8700000 - 0x00007ff7f8737000 	C:\Program Files\Java\jdk1.8.0_101\bin\java.exe
0x00007ffdf6070000 - 0x00007ffdf621d000 	C:\windows\SYSTEM32\ntdll.dll
0x00007ffdf3860000 - 0x00007ffdf399e000 	C:\windows\system32\KERNEL32.DLL
0x00007ffdf34b0000 - 0x00007ffdf35c5000 	C:\windows\system32\KERNELBASE.dll
0x00007ffdf1d70000 - 0x00007ffdf1dfe000 	C:\windows\system32\apphelp.dll
0x00007ffde7dd0000 - 0x00007ffde7e23000 	C:\windows\AppPatch\AppPatch64\AcGenral.DLL
0x00007ffdf4150000 - 0x00007ffdf41fa000 	C:\windows\system32\msvcrt.dll
0x00007ffdf3620000 - 0x00007ffdf364e000 	C:\windows\system32\SspiCli.dll
0x00007ffdf4540000 - 0x00007ffdf4594000 	C:\windows\system32\SHLWAPI.dll
0x00007ffdf3fd0000 - 0x00007ffdf4147000 	C:\windows\system32\USER32.dll
0x00007ffdf3e20000 - 0x00007ffdf3fb4000 	C:\windows\system32\ole32.dll
0x00007ffdf47a0000 - 0x00007ffdf5cc9000 	C:\windows\system32\SHELL32.dll
0x00007ffdf2a80000 - 0x00007ffdf2aa1000 	C:\windows\SYSTEM32\USERENV.dll
0x00007ffdf46f0000 - 0x00007ffdf479a000 	C:\windows\system32\ADVAPI32.dll
0x00007ffde8b00000 - 0x00007ffde8b1e000 	C:\windows\SYSTEM32\MPR.dll
0x00007ffdf45a0000 - 0x00007ffdf46e0000 	C:\windows\system32\RPCRT4.dll
0x00007ffdf6010000 - 0x00007ffdf6069000 	C:\windows\SYSTEM32\sechost.dll
0x00007ffdf5d30000 - 0x00007ffdf5f41000 	C:\windows\SYSTEM32\combase.dll
0x00007ffdf42c0000 - 0x00007ffdf440f000 	C:\windows\system32\GDI32.dll
0x00007ffdf31a0000 - 0x00007ffdf31b5000 	C:\windows\SYSTEM32\profapi.dll
0x00007ffdf1520000 - 0x00007ffdf15d2000 	C:\windows\SYSTEM32\SHCORE.dll
0x00007ffdf4500000 - 0x00007ffdf4536000 	C:\windows\system32\IMM32.DLL
0x00007ffdf3700000 - 0x00007ffdf3852000 	C:\windows\system32\MSCTF.dll
0x00007ffdf0310000 - 0x00007ffdf058b000 	C:\windows\WinSxS\amd64_microsoft.windows.common-controls_6595b64144ccf1df_6.0.9600.18006_none_623f33d3ecbe86e8\COMCTL32.dll
0x0000000060770000 - 0x0000000060842000 	C:\Program Files\Java\jdk1.8.0_101\jre\bin\msvcr100.dll
0x0000000060d90000 - 0x000000006162a000 	C:\Program Files\Java\jdk1.8.0_101\jre\bin\server\jvm.dll
0x00007ffdea6e0000 - 0x00007ffdea6e9000 	C:\windows\SYSTEM32\WSOCK32.dll
0x00007ffde9e00000 - 0x00007ffde9e22000 	C:\windows\SYSTEM32\WINMM.dll
0x00007ffdeb300000 - 0x00007ffdeb30a000 	C:\windows\SYSTEM32\VERSION.dll
0x00007ffdf3fc0000 - 0x00007ffdf3fc7000 	C:\windows\system32\PSAPI.DLL
0x00007ffdf39a0000 - 0x00007ffdf39fa000 	C:\windows\system32\WS2_32.dll
0x00007ffde6ba0000 - 0x00007ffde6bca000 	C:\windows\SYSTEM32\WINMMBASE.dll
0x00007ffdf44f0000 - 0x00007ffdf44f9000 	C:\windows\system32\NSI.dll
0x00007ffdf35d0000 - 0x00007ffdf361f000 	C:\windows\SYSTEM32\cfgmgr32.dll
0x00007ffdf1fc0000 - 0x00007ffdf1fe8000 	C:\windows\SYSTEM32\DEVOBJ.dll
0x0000000060ca0000 - 0x0000000060caf000 	C:\Program Files\Java\jdk1.8.0_101\jre\bin\verify.dll
0x0000000060c70000 - 0x0000000060c99000 	C:\Program Files\Java\jdk1.8.0_101\jre\bin\java.dll
0x0000000060c50000 - 0x0000000060c66000 	C:\Program Files\Java\jdk1.8.0_101\jre\bin\zip.dll

VM Arguments:
jvm_args: -Djava.awt.headless=true -Xmx1024M -Dfile.encoding=windows-1252 -Duser.country=US -Duser.language=en -Duser.variant 
java_command: com.android.dx.command.Main --dex --force-jumbo --num-threads=4 --multi-dex --output C:\Users\bruh\Desktop\COMP150-MOB\QueueR\app\build\intermediates\transforms\dex\debug\folders\1000\10\com.android.support-support-v4-24.1.1_a4154e86e981b836301da22e84ff1ec295ebe468 C:\Users\bruh\Desktop\COMP150-MOB\QueueR\app\build\intermediates\exploded-aar\com.android.support\support-v4\24.1.1\jars\classes.jar
java_class_path (initial): C:\Users\bruh\AppData\Local\Android\sdk\build-tools\24.0.1\lib\dx.jar
Launcher Type: SUN_STANDARD

Environment Variables:
PATH=C:\Program Files\Java\jdk1.8.0_101\bin\;C:\Program Files (x86)\Skype\Phone\;C:\Program Files\Java\jdk1.8.0_101\bin\
USERNAME=bruh
OS=Windows_NT
PROCESSOR_IDENTIFIER=Intel64 Family 6 Model 69 Stepping 1, GenuineIntel



---------------  S Y S T E M  ---------------

OS: Windows 8.1 , 64 bit Build 9600 (6.3.9600.17415)

CPU:total 4 (2 cores per cpu, 2 threads per core) family 6 model 69 stepping 1, cmov, cx8, fxsr, mmx, sse, sse2, sse3, ssse3, sse4.1, sse4.2, popcnt, avx, avx2, aes, clmul, erms, lzcnt, ht, tsc, tscinvbit, bmi1, bmi2

Memory: 4k page, physical 4097056k(115748k free), swap 7117088k(5176k free)

vm_info: Java HotSpot(TM) 64-Bit Server VM (25.101-b13) for windows-amd64 JRE (1.8.0_101-b13), built on Jun 22 2016 01:21:29 by "java_re" with MS VC++ 10.0 (VS2010)

time: Wed Sep 28 10:56:08 2016
elapsed time: 36 seconds (0d 0h 0m 36s)

