#
# There is insufficient memory for the Java Runtime Environment to continue.
# Native memory allocation (malloc) failed to allocate 124176 bytes for Chunk::new
# Possible reasons:
#   The system is out of physical RAM or swap space
#   In 32 bit mode, the process size limit was hit
# Possible solutions:
#   Reduce memory load on the system
#   Increase physical memory or swap space
#   Check if swap backing store is full
#   Use 64 bit Java on a 64 bit OS
#   Decrease Java heap size (-Xmx/-Xms)
#   Decrease number of Java threads
#   Decrease Java thread stack sizes (-Xss)
#   Set larger code cache with -XX:ReservedCodeCacheSize=
# This output file may be truncated or incomplete.
#
#  Out of Memory Error (allocation.cpp:390), pid=4456, tid=0x000000000000161c
#
# JRE version: OpenJDK Runtime Environment (8.0_76-b03) (build 1.8.0_76-release-b03)
# Java VM: OpenJDK 64-Bit Server VM (25.76-b03 mixed mode windows-amd64 compressed oops)
# Failed to write core dump. Minidumps are not enabled by default on client versions of Windows
#

---------------  T H R E A D  ---------------

Current thread (0x0000000014907800):  JavaThread "C2 CompilerThread0" daemon [_thread_in_native, id=5660, stack(0x0000000015e80000,0x0000000015f80000)]

Stack: [0x0000000015e80000,0x0000000015f80000]
[error occurred during error reporting (printing stack bounds), id 0xc0000005]

Native frames: (J=compiled Java code, j=interpreted, Vv=VM code, C=native code)


Current CompileTask:
C2:   3424 1095       4       com.android.dx.ssa.SsaBasicBlock::forEachInsn (37 bytes)


---------------  P R O C E S S  ---------------

Java Threads: ( => current thread )
  0x0000000016493000 JavaThread "pool-2-thread-4" [_thread_blocked, id=5820, stack(0x0000000016b80000,0x0000000016c80000)]
  0x0000000016491800 JavaThread "pool-2-thread-3" [_thread_in_Java, id=4640, stack(0x0000000016a80000,0x0000000016b80000)]
  0x00000000164b8000 JavaThread "pool-2-thread-2" [_thread_blocked, id=2852, stack(0x0000000016980000,0x0000000016a80000)]
  0x00000000164cd000 JavaThread "pool-3-thread-1" [_thread_blocked, id=6336, stack(0x0000000016880000,0x0000000016980000)]
  0x00000000164c7800 JavaThread "pool-2-thread-1" [_thread_blocked, id=2588, stack(0x0000000016780000,0x0000000016880000)]
  0x000000001618e000 JavaThread "Service Thread" daemon [_thread_blocked, id=3200, stack(0x0000000016580000,0x0000000016680000)]
  0x000000001496d800 JavaThread "C1 CompilerThread2" daemon [_thread_blocked, id=4976, stack(0x0000000016080000,0x0000000016180000)]
  0x0000000014967800 JavaThread "C2 CompilerThread1" daemon [_thread_in_native, id=5916, stack(0x0000000015f80000,0x0000000016080000)]
=>0x0000000014907800 JavaThread "C2 CompilerThread0" daemon [_thread_in_native, id=5660, stack(0x0000000015e80000,0x0000000015f80000)]
  0x0000000014918000 JavaThread "Attach Listener" daemon [_thread_blocked, id=7036, stack(0x0000000015d80000,0x0000000015e80000)]
  0x0000000014917000 JavaThread "Signal Dispatcher" daemon [_thread_blocked, id=6356, stack(0x0000000015c80000,0x0000000015d80000)]
  0x000000000223b000 JavaThread "Finalizer" daemon [_thread_blocked, id=3904, stack(0x0000000015b80000,0x0000000015c80000)]
  0x0000000002230000 JavaThread "Reference Handler" daemon [_thread_blocked, id=6288, stack(0x0000000015a80000,0x0000000015b80000)]
  0x0000000002140800 JavaThread "main" [_thread_blocked, id=640, stack(0x0000000002040000,0x0000000002140000)]

Other Threads:
  0x00000000148d6800 VMThread [stack: 0x0000000015980000,0x0000000015a80000] [id=3468]
  0x0000000016184000 WatcherThread [stack: 0x0000000016680000,0x0000000016780000] [id=5880]

VM state:not at safepoint (normal execution)

VM Mutex/Monitor currently owned by a thread: None

Heap:
 PSYoungGen      total 35328K, used 5646K [0x00000000eab00000, 0x00000000ed000000, 0x0000000100000000)
  eden space 32768K, 9% used [0x00000000eab00000,0x00000000eae08ee0,0x00000000ecb00000)
  from space 2560K, 99% used [0x00000000ecd80000,0x00000000ecffaaa8,0x00000000ed000000)
  to   space 2560K, 0% used [0x00000000ecb00000,0x00000000ecb00000,0x00000000ecd80000)
 ParOldGen       total 44032K, used 1688K [0x00000000c0000000, 0x00000000c2b00000, 0x00000000eab00000)
  object space 44032K, 3% used [0x00000000c0000000,0x00000000c01a6128,0x00000000c2b00000)
 Metaspace       used 5789K, capacity 6896K, committed 7040K, reserved 1056768K
  class space    used 561K, capacity 616K, committed 640K, reserved 1048576K

Card table byte_map: [0x0000000011600000,0x0000000011810000] byte_map_base: 0x0000000011000000

Marking Bits: (ParMarkBitMap*) 0x00000000538d9d00
 Begin Bits: [0x0000000011d70000, 0x0000000012d70000)
 End Bits:   [0x0000000012d70000, 0x0000000013d70000)

Polling page: 0x0000000000600000

CodeCache: size=245760Kb used=4426Kb max_used=4426Kb free=241333Kb
 bounds [0x0000000002240000, 0x00000000026a0000, 0x0000000011240000]
 total_blobs=1373 nmethods=1111 adapters=176
 compilation: enabled

Compilation events (10 events):
Event: 3.285 Thread 0x000000001496d800 nmethod 1113 0x0000000002692a90 code [0x0000000002692d40, 0x00000000026940f8]
Event: 3.288 Thread 0x000000001496d800 1115       3       com.android.dx.ssa.LocalVariableExtractor::doit (59 bytes)
Event: 3.289 Thread 0x000000001496d800 nmethod 1115 0x0000000002692190 code [0x0000000002692340, 0x0000000002692888]
Event: 3.289 Thread 0x000000001496d800 1116       3       com.android.dx.rop.cst.CstNat::isInstanceInit (13 bytes)
Event: 3.289 Thread 0x000000001496d800 nmethod 1116 0x0000000002691c90 code [0x0000000002691e00, 0x00000000026920c8]
Event: 3.289 Thread 0x000000001496d800 1117       3       com.android.dx.rop.cst.CstNat::isClassInit (13 bytes)
Event: 3.289 Thread 0x000000001496d800 nmethod 1117 0x0000000002695b10 code [0x0000000002695c80, 0x0000000002695f48]
Event: 3.290 Thread 0x000000001496d800 1118       3       com.android.dx.rop.cst.CstBaseMethodRef::isClassInit (8 bytes)
Event: 3.290 Thread 0x000000001496d800 nmethod 1118 0x0000000002696010 code [0x0000000002696180, 0x00000000026965a8]
Event: 3.291 Thread 0x000000001496d800 1119       3       com.android.dx.ssa.ConstCollector::getConstsSortedByCountUse (386 bytes)

GC Heap History (4 events):
Event: 1.350 GC heap before
{Heap before GC invocations=1 (full 0):
 PSYoungGen      total 18944K, used 16384K [0x00000000eab00000, 0x00000000ec000000, 0x0000000100000000)
  eden space 16384K, 100% used [0x00000000eab00000,0x00000000ebb00000,0x00000000ebb00000)
  from space 2560K, 0% used [0x00000000ebd80000,0x00000000ebd80000,0x00000000ec000000)
  to   space 2560K, 0% used [0x00000000ebb00000,0x00000000ebb00000,0x00000000ebd80000)
 ParOldGen       total 44032K, used 0K [0x00000000c0000000, 0x00000000c2b00000, 0x00000000eab00000)
  object space 44032K, 0% used [0x00000000c0000000,0x00000000c0000000,0x00000000c2b00000)
 Metaspace       used 4068K, capacity 5360K, committed 5632K, reserved 1056768K
  class space    used 438K, capacity 488K, committed 512K, reserved 1048576K
Event: 1.528 GC heap after
Heap after GC invocations=1 (full 0):
 PSYoungGen      total 18944K, used 1704K [0x00000000eab00000, 0x00000000ed000000, 0x0000000100000000)
  eden space 16384K, 0% used [0x00000000eab00000,0x00000000eab00000,0x00000000ebb00000)
  from space 2560K, 66% used [0x00000000ebb00000,0x00000000ebcaa060,0x00000000ebd80000)
  to   space 2560K, 0% used [0x00000000ecd80000,0x00000000ecd80000,0x00000000ed000000)
 ParOldGen       total 44032K, used 8K [0x00000000c0000000, 0x00000000c2b00000, 0x00000000eab00000)
  object space 44032K, 0% used [0x00000000c0000000,0x00000000c0002000,0x00000000c2b00000)
 Metaspace       used 4068K, capacity 5360K, committed 5632K, reserved 1056768K
  class space    used 438K, capacity 488K, committed 512K, reserved 1048576K
}
Event: 3.348 GC heap before
{Heap before GC invocations=2 (full 0):
 PSYoungGen      total 18944K, used 18088K [0x00000000eab00000, 0x00000000ed000000, 0x0000000100000000)
  eden space 16384K, 100% used [0x00000000eab00000,0x00000000ebb00000,0x00000000ebb00000)
  from space 2560K, 66% used [0x00000000ebb00000,0x00000000ebcaa060,0x00000000ebd80000)
  to   space 2560K, 0% used [0x00000000ecd80000,0x00000000ecd80000,0x00000000ed000000)
 ParOldGen       total 44032K, used 8K [0x00000000c0000000, 0x00000000c2b00000, 0x00000000eab00000)
  object space 44032K, 0% used [0x00000000c0000000,0x00000000c0002000,0x00000000c2b00000)
 Metaspace       used 5775K, capacity 6896K, committed 7040K, reserved 1056768K
  class space    used 561K, capacity 616K, committed 640K, reserved 1048576K
Event: 3.395 GC heap after
Heap after GC invocations=2 (full 0):
 PSYoungGen      total 35328K, used 2538K [0x00000000eab00000, 0x00000000ed000000, 0x0000000100000000)
  eden space 32768K, 0% used [0x00000000eab00000,0x00000000eab00000,0x00000000ecb00000)
  from space 2560K, 99% used [0x00000000ecd80000,0x00000000ecffaaa8,0x00000000ed000000)
  to   space 2560K, 0% used [0x00000000ecb00000,0x00000000ecb00000,0x00000000ecd80000)
 ParOldGen       total 44032K, used 1688K [0x00000000c0000000, 0x00000000c2b00000, 0x00000000eab00000)
  object space 44032K, 3% used [0x00000000c0000000,0x00000000c01a6128,0x00000000c2b00000)
 Metaspace       used 5775K, capacity 6896K, committed 7040K, reserved 1056768K
  class space    used 561K, capacity 616K, committed 640K, reserved 1048576K
}

Deoptimization events (10 events):
Event: 3.108 Thread 0x0000000016491800 Uncommon trap: reason=class_check action=maybe_recompile pc=0x00000000024f1a14 method=com.android.dx.ssa.NormalSsaInsn.accept(Lcom/android/dx/ssa/SsaInsn$Visitor;)V @ 9
Event: 3.239 Thread 0x0000000016491800 Uncommon trap: reason=class_check action=maybe_recompile pc=0x00000000024f1a14 method=com.android.dx.ssa.NormalSsaInsn.accept(Lcom/android/dx/ssa/SsaInsn$Visitor;)V @ 9
Event: 3.248 Thread 0x0000000016491800 Uncommon trap: reason=class_check action=maybe_recompile pc=0x00000000024f1a14 method=com.android.dx.ssa.NormalSsaInsn.accept(Lcom/android/dx/ssa/SsaInsn$Visitor;)V @ 9
Event: 3.253 Thread 0x0000000016491800 Uncommon trap: reason=class_check action=maybe_recompile pc=0x00000000024f1a14 method=com.android.dx.ssa.NormalSsaInsn.accept(Lcom/android/dx/ssa/SsaInsn$Visitor;)V @ 9
Event: 3.263 Thread 0x00000000164b8000 Uncommon trap: reason=unstable_if action=reinterpret pc=0x0000000002481df0 method=java.util.BitSet.nextSetBit(I)I @ 87
Event: 3.415 Thread 0x0000000002140800 Uncommon trap: reason=class_check action=maybe_recompile pc=0x0000000002652ed0 method=com.android.dx.rop.type.Type.equals(Ljava/lang/Object;)Z @ 8
Event: 3.415 Thread 0x0000000002140800 Uncommon trap: reason=class_check action=maybe_recompile pc=0x0000000002652ed0 method=com.android.dx.rop.type.Type.equals(Ljava/lang/Object;)Z @ 8
Event: 3.416 Thread 0x0000000002140800 Uncommon trap: reason=class_check action=maybe_recompile pc=0x0000000002652ed0 method=com.android.dx.rop.type.Type.equals(Ljava/lang/Object;)Z @ 8
Event: 3.416 Thread 0x0000000002140800 Uncommon trap: reason=class_check action=maybe_recompile pc=0x0000000002652ed0 method=com.android.dx.rop.type.Type.equals(Ljava/lang/Object;)Z @ 8
Event: 3.417 Thread 0x0000000002140800 Uncommon trap: reason=class_check action=maybe_recompile pc=0x00000000025889e8 method=com.android.dx.rop.type.Type.equals(Ljava/lang/Object;)Z @ 8

Internal exceptions (2 events):
Event: 0.149 Thread 0x0000000002140800 Exception <a 'java/lang/NoSuchMethodError': Method sun.misc.Unsafe.defineClass(Ljava/lang/String;[BII)Ljava/lang/Class; name or signature does not match> (0x00000000eab07cc0) thrown at [C:\src\android\AOSP-openjdk\external\jetbrains\jdk\hotspot\src\share\vÅ~≠S√?
Event: 0.149 Thread 0x0000000002140800 Exception <a 'java/lang/NoSuchMethodError': Method sun.misc.Unsafe.prefetchRead(Ljava/lang/Object;J)V name or signature does not match> (0x00000000eab07fa8) thrown at [C:\src\android\AOSP-openjdk\external\jetbrains\jdk\hotspot\src\share\vm\prims\jni.cpp, l

Events (10 events):
Event: 3.415 Thread 0x0000000002140800 DEOPT UNPACKING pc=0x000000000228556a sp=0x000000000213e400 mode 2
Event: 3.416 Thread 0x0000000002140800 Uncommon trap: trap_request=0xffffffde fr.pc=0x0000000002652ed0
Event: 3.416 Thread 0x0000000002140800 DEOPT PACKING pc=0x0000000002652ed0 sp=0x000000000213db10
Event: 3.416 Thread 0x0000000002140800 DEOPT UNPACKING pc=0x000000000228556a sp=0x000000000213d970 mode 2
Event: 3.416 Thread 0x0000000002140800 Uncommon trap: trap_request=0xffffffde fr.pc=0x0000000002652ed0
Event: 3.416 Thread 0x0000000002140800 DEOPT PACKING pc=0x0000000002652ed0 sp=0x000000000213d970
Event: 3.416 Thread 0x0000000002140800 DEOPT UNPACKING pc=0x000000000228556a sp=0x000000000213d7d0 mode 2
Event: 3.417 Thread 0x0000000002140800 Uncommon trap: trap_request=0xffffffde fr.pc=0x00000000025889e8
Event: 3.417 Thread 0x0000000002140800 DEOPT PACKING pc=0x00000000025889e8 sp=0x000000000213e530
Event: 3.417 Thread 0x0000000002140800 DEOPT UNPACKING pc=0x000000000228556a sp=0x000000000213e468 mode 2


Dynamic libraries:
0x00007ff7bbf40000 - 0x00007ff7bbf71000 	C:\Program Files\Android\Android Studio\jre\bin\java.exe
0x00007ff80bf10000 - 0x00007ff80c0bd000 	C:\windows\SYSTEM32\ntdll.dll
0x00007ff809590000 - 0x00007ff8096ce000 	C:\windows\system32\KERNEL32.DLL
0x00007ff809100000 - 0x00007ff809215000 	C:\windows\system32\KERNELBASE.dll
0x00007ff8098e0000 - 0x00007ff80998a000 	C:\windows\system32\ADVAPI32.dll
0x00007ff80b290000 - 0x00007ff80b407000 	C:\windows\system32\USER32.dll
0x00007ff806020000 - 0x00007ff80629b000 	C:\windows\WinSxS\amd64_microsoft.windows.common-controls_6595b64144ccf1df_6.0.9600.18006_none_623f33d3ecbe86e8\COMCTL32.dll
0x00007ff80b420000 - 0x00007ff80b4ca000 	C:\windows\system32\msvcrt.dll
0x00007ff80b6b0000 - 0x00007ff80b709000 	C:\windows\SYSTEM32\sechost.dll
0x00007ff8097a0000 - 0x00007ff8098e0000 	C:\windows\system32\RPCRT4.dll
0x00007ff80b860000 - 0x00007ff80b9af000 	C:\windows\system32\GDI32.dll
0x00007ff809560000 - 0x00007ff80958e000 	C:\windows\system32\SspiCli.dll
0x00007ff80b250000 - 0x00007ff80b286000 	C:\windows\system32\IMM32.DLL
0x00007ff80bdb0000 - 0x00007ff80bf02000 	C:\windows\system32\MSCTF.dll
0x0000000052f60000 - 0x0000000053032000 	C:\Program Files\Android\Android Studio\jre\jre\bin\msvcr100.dll
0x0000000053120000 - 0x0000000053954000 	C:\Program Files\Android\Android Studio\jre\jre\bin\server\jvm.dll
0x00007ff800dc0000 - 0x00007ff800dc9000 	C:\windows\SYSTEM32\WSOCK32.dll
0x00007ff804300000 - 0x00007ff804322000 	C:\windows\SYSTEM32\WINMM.dll
0x00007ff801630000 - 0x00007ff80163a000 	C:\windows\SYSTEM32\VERSION.dll
0x00007ff80b4e0000 - 0x00007ff80b4e7000 	C:\windows\system32\PSAPI.DLL
0x00007ff80ba10000 - 0x00007ff80ba6a000 	C:\windows\system32\WS2_32.dll
0x00007ff8042d0000 - 0x00007ff8042fa000 	C:\windows\SYSTEM32\WINMMBASE.dll
0x00007ff80b4d0000 - 0x00007ff80b4d9000 	C:\windows\system32\NSI.dll
0x00007ff809220000 - 0x00007ff80926f000 	C:\windows\SYSTEM32\cfgmgr32.dll
0x00007ff807e50000 - 0x00007ff807e78000 	C:\windows\SYSTEM32\DEVOBJ.dll
0x00007ff804e20000 - 0x00007ff804e2f000 	C:\Program Files\Android\Android Studio\jre\jre\bin\verify.dll
0x00007ff803cc0000 - 0x00007ff803ce9000 	C:\Program Files\Android\Android Studio\jre\jre\bin\java.dll
0x00007ff802cb0000 - 0x00007ff802cc6000 	C:\Program Files\Android\Android Studio\jre\jre\bin\zip.dll
0x00007ff809b30000 - 0x00007ff80b058000 	C:\windows\system32\SHELL32.dll
0x00007ff80bb90000 - 0x00007ff80bda1000 	C:\windows\SYSTEM32\combase.dll
0x00007ff80b9b0000 - 0x00007ff80ba04000 	C:\windows\system32\SHLWAPI.dll
0x00007ff8073b0000 - 0x00007ff807462000 	C:\windows\SYSTEM32\SHCORE.dll
0x00007ff809030000 - 0x00007ff809045000 	C:\windows\SYSTEM32\profapi.dll

VM Arguments:
jvm_args: -Djava.awt.headless=true -Xmx1024M -Dfile.encoding=windows-1252 -Duser.country=US -Duser.language=en -Duser.variant 
java_command: com.android.dx.command.Main --dex --verbose --force-jumbo --num-threads=4 --multi-dex --output C:\Users\bruh\Desktop\COMP150-MOB\QueueR\app\build\intermediates\transforms\dex\debug\folders\1000\10\com.android.support-support-compat-25.1.0_164a1c8bc24940081ed800680a3879294556f41a C:\Users\bruh\Desktop\COMP150-MOB\QueueR\app\build\intermediates\exploded-aar\com.android.support\support-compat\25.1.0\jars\classes.jar
java_class_path (initial): C:\Users\bruh\AppData\Local\Android\sdk\build-tools\24.0.1\lib\dx.jar
Launcher Type: SUN_STANDARD

Environment Variables:
PATH=C:\Program Files\Java\jdk1.8.0_101\bin\;C:\ProgramData\Oracle\Java\javapath;C:\windows\system32;C:\windows;C:\windows\System32\Wbem;C:\windows\System32\WindowsPowerShell\v1.0\;C:\Program Files\nodejs\;C:\Program Files (x86)\Heroku\bin;C:\Program Files (x86)\git\cmd;C:\Users\bruh\AppData\Roaming\npm;C:\Program Files (x86)\Skype\Phone\;C:\Program Files (x86)\GtkSharp\2.12\bin;C:\Program Files\Java\jdk1.8.0_101\bin\
USERNAME=bruh
OS=Windows_NT
PROCESSOR_IDENTIFIER=Intel64 Family 6 Model 69 Stepping 1, GenuineIntel



---------------  S Y S T E M  ---------------

OS: Windows 8.1 , 64 bit Build 9600 (6.3.9600.17415)

CPU:total 4 (2 cores per cpu, 2 threads per core) family 6 model 69 stepping 1, cmov, cx8, fxsr, mmx, sse, sse2, sse3, ssse3, sse4.1, sse4.2, popcnt, avx, avx2, aes, clmul, erms, lzcnt, ht, tsc, tscinvbit, bmi1, bmi2

Memory: 4k page, physical 4097056k(208956k free), swap 7242784k(5052k free)

vm_info: OpenJDK 64-Bit Server VM (25.76-b03) for windows-amd64 JRE (1.8.0_76-release-b03), built on Jun 29 2016 19:09:20 by "ralucas" with MS VC++ 10.0 (VS2010)

time: Wed Dec 14 21:55:59 2016
elapsed time: 3 seconds (0d 0h 0m 3s)

