#
# There is insufficient memory for the Java Runtime Environment to continue.
# Native memory allocation (malloc) failed to allocate 849296 bytes for Chunk::new
# Possible reasons:
#   The system is out of physical RAM or swap space
#   In 32 bit mode, the process size limit was hit
# Possible solutions:
#   Reduce memory load on the system
#   Increase physical memory or swap space
#   Check if swap backing store is full
#   Use 64 bit Java on a 64 bit OS
#   Decrease Java heap size (-Xmx/-Xms)
#   Decrease number of Java threads
#   Decrease Java thread stack sizes (-Xss)
#   Set larger code cache with -XX:ReservedCodeCacheSize=
# This output file may be truncated or incomplete.
#
#  Out of Memory Error (allocation.cpp:390), pid=5528, tid=0x0000000000000414
#
# JRE version: OpenJDK Runtime Environment (8.0_76-b03) (build 1.8.0_76-release-b03)
# Java VM: OpenJDK 64-Bit Server VM (25.76-b03 mixed mode windows-amd64 compressed oops)
# Failed to write core dump. Minidumps are not enabled by default on client versions of Windows
#

---------------  T H R E A D  ---------------

Current thread (0x0000000015386800):  JavaThread "C2 CompilerThread0" daemon [_thread_in_native, id=1044, stack(0x00000000169b0000,0x0000000016ab0000)]

Stack: [0x00000000169b0000,0x0000000016ab0000]
[error occurred during error reporting (printing stack bounds), id 0xc0000005]

Native frames: (J=compiled Java code, j=interpreted, Vv=VM code, C=native code)


Current CompileTask:
C2:   9087 1505       4       com.android.dx.ssa.SCCP::simulatePhiBlock (50 bytes)


---------------  P R O C E S S  ---------------

Java Threads: ( => current thread )
  0x0000000016f2b000 JavaThread "pool-2-thread-4" [_thread_in_Java, id=5868, stack(0x00000000176b0000,0x00000000177b0000)]
  0x0000000016f2a800 JavaThread "pool-2-thread-3" [_thread_blocked, id=5388, stack(0x00000000175b0000,0x00000000176b0000)]
  0x0000000016f2a000 JavaThread "pool-2-thread-2" [_thread_in_Java, id=5732, stack(0x00000000174b0000,0x00000000175b0000)]
  0x0000000016f22000 JavaThread "pool-3-thread-1" [_thread_blocked, id=3700, stack(0x00000000173b0000,0x00000000174b0000)]
  0x0000000016f16000 JavaThread "pool-2-thread-1" [_thread_in_Java, id=5208, stack(0x00000000172b0000,0x00000000173b0000)]
  0x0000000016cbb000 JavaThread "Service Thread" daemon [_thread_blocked, id=2500, stack(0x00000000170b0000,0x00000000171b0000)]
  0x00000000153d7000 JavaThread "C1 CompilerThread2" daemon [_thread_blocked, id=4124, stack(0x0000000016bb0000,0x0000000016cb0000)]
  0x00000000153d4800 JavaThread "C2 CompilerThread1" daemon [_thread_in_native, id=5916, stack(0x0000000016ab0000,0x0000000016bb0000)]
=>0x0000000015386800 JavaThread "C2 CompilerThread0" daemon [_thread_in_native, id=1044, stack(0x00000000169b0000,0x0000000016ab0000)]
  0x0000000015385000 JavaThread "Attach Listener" daemon [_thread_blocked, id=3048, stack(0x00000000168b0000,0x00000000169b0000)]
  0x0000000015384000 JavaThread "Signal Dispatcher" daemon [_thread_blocked, id=4924, stack(0x00000000167b0000,0x00000000168b0000)]
  0x0000000002cab000 JavaThread "Finalizer" daemon [_thread_blocked, id=1892, stack(0x00000000165d0000,0x00000000166d0000)]
  0x0000000002ca0000 JavaThread "Reference Handler" daemon [_thread_blocked, id=5532, stack(0x00000000164d0000,0x00000000165d0000)]
  0x0000000002bb0800 JavaThread "main" [_thread_in_Java, id=4324, stack(0x0000000002a60000,0x0000000002b60000)]

Other Threads:
  0x0000000015345800 VMThread [stack: 0x00000000163d0000,0x00000000164d0000] [id=5736]
  0x0000000016cb0800 WatcherThread [stack: 0x00000000171b0000,0x00000000172b0000] [id=2756]

VM state:not at safepoint (normal execution)

VM Mutex/Monitor currently owned by a thread: None

Heap:
 PSYoungGen      total 35328K, used 4929K [0x00000000eab00000, 0x00000000ef000000, 0x0000000100000000)
  eden space 32768K, 7% used [0x00000000eab00000,0x00000000ead50700,0x00000000ecb00000)
  from space 2560K, 99% used [0x00000000ecb00000,0x00000000ecd7fe58,0x00000000ecd80000)
  to   space 2560K, 0% used [0x00000000eed80000,0x00000000eed80000,0x00000000ef000000)
 ParOldGen       total 44032K, used 8577K [0x00000000c0000000, 0x00000000c2b00000, 0x00000000eab00000)
  object space 44032K, 19% used [0x00000000c0000000,0x00000000c0860440,0x00000000c2b00000)
 Metaspace       used 6117K, capacity 7024K, committed 7296K, reserved 1056768K
  class space    used 571K, capacity 616K, committed 640K, reserved 1048576K

Card table byte_map: [0x0000000012070000,0x0000000012280000] byte_map_base: 0x0000000011a70000

Marking Bits: (ParMarkBitMap*) 0x00000000538d9d00
 Begin Bits: [0x00000000127e0000, 0x00000000137e0000)
 End Bits:   [0x00000000137e0000, 0x00000000147e0000)

Polling page: 0x0000000002960000

CodeCache: size=245760Kb used=6408Kb max_used=6408Kb free=239351Kb
 bounds [0x0000000002cb0000, 0x0000000003300000, 0x0000000011cb0000]
 total_blobs=1811 nmethods=1544 adapters=181
 compilation: enabled

Compilation events (10 events):
Event: 8.999 Thread 0x00000000153d7000 1560       3       com.android.dx.ssa.SsaMethod::setBackMode (16 bytes)
Event: 8.999 Thread 0x00000000153d7000 nmethod 1560 0x00000000032f3b90 code [0x00000000032f3ce0, 0x00000000032f3e70]
Event: 8.999 Thread 0x00000000153d7000 1564       3       com.android.dx.ssa.back.SsaToRop::removeEmptyGotos (26 bytes)
Event: 9.000 Thread 0x00000000153d7000 nmethod 1564 0x00000000032f3f10 code [0x00000000032f4080, 0x00000000032f4468]
Event: 9.000 Thread 0x00000000153d7000 1561       3       com.android.dx.ssa.SsaConverter::convertToSsaMethod (41 bytes)
Event: 9.001 Thread 0x00000000153d7000 nmethod 1561 0x00000000032f45d0 code [0x00000000032f4820, 0x00000000032f53a8]
Event: 9.001 Thread 0x00000000153d7000 1562       3       com.android.dx.ssa.SsaMethod::newFromRopMethod (18 bytes)
Event: 9.001 Thread 0x00000000153d7000 nmethod 1562 0x00000000032f5990 code [0x00000000032f5b00, 0x00000000032f5d18]
Event: 9.001 Thread 0x00000000153d7000 1563       3       com.android.dx.ssa.SsaMethod::<init> (50 bytes)
Event: 9.002 Thread 0x00000000153d7000 nmethod 1563 0x00000000032f5e10 code [0x00000000032f5fc0, 0x00000000032f6698]

GC Heap History (6 events):
Event: 2.405 GC heap before
{Heap before GC invocations=1 (full 0):
 PSYoungGen      total 18944K, used 16384K [0x00000000eab00000, 0x00000000ec000000, 0x0000000100000000)
  eden space 16384K, 100% used [0x00000000eab00000,0x00000000ebb00000,0x00000000ebb00000)
  from space 2560K, 0% used [0x00000000ebd80000,0x00000000ebd80000,0x00000000ec000000)
  to   space 2560K, 0% used [0x00000000ebb00000,0x00000000ebb00000,0x00000000ebd80000)
 ParOldGen       total 44032K, used 0K [0x00000000c0000000, 0x00000000c2b00000, 0x00000000eab00000)
  object space 44032K, 0% used [0x00000000c0000000,0x00000000c0000000,0x00000000c2b00000)
 Metaspace       used 5650K, capacity 6640K, committed 6784K, reserved 1056768K
  class space    used 569K, capacity 616K, committed 640K, reserved 1048576K
Event: 2.905 GC heap after
Heap after GC invocations=1 (full 0):
 PSYoungGen      total 18944K, used 2551K [0x00000000eab00000, 0x00000000ed000000, 0x0000000100000000)
  eden space 16384K, 0% used [0x00000000eab00000,0x00000000eab00000,0x00000000ebb00000)
  from space 2560K, 99% used [0x00000000ebb00000,0x00000000ebd7dc78,0x00000000ebd80000)
  to   space 2560K, 0% used [0x00000000ecd80000,0x00000000ecd80000,0x00000000ed000000)
 ParOldGen       total 44032K, used 1452K [0x00000000c0000000, 0x00000000c2b00000, 0x00000000eab00000)
  object space 44032K, 3% used [0x00000000c0000000,0x00000000c016b2d8,0x00000000c2b00000)
 Metaspace       used 5650K, capacity 6640K, committed 6784K, reserved 1056768K
  class space    used 569K, capacity 616K, committed 640K, reserved 1048576K
}
Event: 4.386 GC heap before
{Heap before GC invocations=2 (full 0):
 PSYoungGen      total 18944K, used 18935K [0x00000000eab00000, 0x00000000ed000000, 0x0000000100000000)
  eden space 16384K, 100% used [0x00000000eab00000,0x00000000ebb00000,0x00000000ebb00000)
  from space 2560K, 99% used [0x00000000ebb00000,0x00000000ebd7dc78,0x00000000ebd80000)
  to   space 2560K, 0% used [0x00000000ecd80000,0x00000000ecd80000,0x00000000ed000000)
 ParOldGen       total 44032K, used 1452K [0x00000000c0000000, 0x00000000c2b00000, 0x00000000eab00000)
  object space 44032K, 3% used [0x00000000c0000000,0x00000000c016b2d8,0x00000000c2b00000)
 Metaspace       used 5966K, capacity 6896K, committed 7040K, reserved 1056768K
  class space    used 570K, capacity 616K, committed 640K, reserved 1048576K
Event: 4.815 GC heap after
Heap after GC invocations=2 (full 0):
 PSYoungGen      total 35328K, used 2552K [0x00000000eab00000, 0x00000000ed000000, 0x0000000100000000)
  eden space 32768K, 0% used [0x00000000eab00000,0x00000000eab00000,0x00000000ecb00000)
  from space 2560K, 99% used [0x00000000ecd80000,0x00000000ecffe100,0x00000000ed000000)
  to   space 2560K, 0% used [0x00000000ecb00000,0x00000000ecb00000,0x00000000ecd80000)
 ParOldGen       total 44032K, used 3422K [0x00000000c0000000, 0x00000000c2b00000, 0x00000000eab00000)
  object space 44032K, 7% used [0x00000000c0000000,0x00000000c03579f8,0x00000000c2b00000)
 Metaspace       used 5966K, capacity 6896K, committed 7040K, reserved 1056768K
  class space    used 570K, capacity 616K, committed 640K, reserved 1048576K
}
Event: 8.035 GC heap before
{Heap before GC invocations=3 (full 0):
 PSYoungGen      total 35328K, used 35320K [0x00000000eab00000, 0x00000000ed000000, 0x0000000100000000)
  eden space 32768K, 100% used [0x00000000eab00000,0x00000000ecb00000,0x00000000ecb00000)
  from space 2560K, 99% used [0x00000000ecd80000,0x00000000ecffe100,0x00000000ed000000)
  to   space 2560K, 0% used [0x00000000ecb00000,0x00000000ecb00000,0x00000000ecd80000)
 ParOldGen       total 44032K, used 3422K [0x00000000c0000000, 0x00000000c2b00000, 0x00000000eab00000)
  object space 44032K, 7% used [0x00000000c0000000,0x00000000c03579f8,0x00000000c2b00000)
 Metaspace       used 6106K, capacity 7024K, committed 7296K, reserved 1056768K
  class space    used 571K, capacity 616K, committed 640K, reserved 1048576K
Event: 8.958 GC heap after
Heap after GC invocations=3 (full 0):
 PSYoungGen      total 35328K, used 2559K [0x00000000eab00000, 0x00000000ef000000, 0x0000000100000000)
  eden space 32768K, 0% used [0x00000000eab00000,0x00000000eab00000,0x00000000ecb00000)
  from space 2560K, 99% used [0x00000000ecb00000,0x00000000ecd7fe58,0x00000000ecd80000)
  to   space 2560K, 0% used [0x00000000eed80000,0x00000000eed80000,0x00000000ef000000)
 ParOldGen       total 44032K, used 8577K [0x00000000c0000000, 0x00000000c2b00000, 0x00000000eab00000)
  object space 44032K, 19% used [0x00000000c0000000,0x00000000c0860440,0x00000000c2b00000)
 Metaspace       used 6106K, capacity 7024K, committed 7296K, reserved 1056768K
  class space    used 571K, capacity 616K, committed 640K, reserved 1048576K
}

Deoptimization events (10 events):
Event: 5.026 Thread 0x0000000016f16000 Uncommon trap: reason=unstable_if action=reinterpret pc=0x00000000031ae84c method=com.android.dx.ssa.MoveParamCombiner$1.visitNonMoveInsn(Lcom/android/dx/ssa/NormalSsaInsn;)V @ 27
Event: 5.095 Thread 0x0000000002bb0800 Uncommon trap: reason=unstable_if action=reinterpret pc=0x0000000002f78dd0 method=java.lang.String.<init>([CII)V @ 18
Event: 5.570 Thread 0x0000000016f2a000 Uncommon trap: reason=unstable_if action=reinterpret pc=0x0000000003237014 method=com.android.dx.util.BitIntSet.has(I)Z @ 8
Event: 5.601 Thread 0x0000000016f2a000 Uncommon trap: reason=bimorphic action=maybe_recompile pc=0x0000000003117fb0 method=com.android.dx.ssa.SCCP.setLatticeValueTo(IILcom/android/dx/rop/cst/Constant;)Z @ 43
Event: 6.757 Thread 0x0000000016f16000 Uncommon trap: reason=unstable_if action=reinterpret pc=0x0000000002f3ea70 method=java.util.HashMap.getNode(ILjava/lang/Object;)Ljava/util/HashMap$Node; @ 62
Event: 6.767 Thread 0x0000000016f16000 Uncommon trap: reason=bimorphic action=maybe_recompile pc=0x0000000003117e60 method=com.android.dx.ssa.SCCP.simulatePhi(Lcom/android/dx/ssa/PhiInsn;)V @ 124
Event: 6.767 Thread 0x0000000016f16000 Uncommon trap: reason=bimorphic action=maybe_recompile pc=0x0000000003117e60 method=com.android.dx.ssa.SCCP.simulatePhi(Lcom/android/dx/ssa/PhiInsn;)V @ 124
Event: 6.771 Thread 0x0000000016f16000 Uncommon trap: reason=bimorphic action=maybe_recompile pc=0x0000000003117e60 method=com.android.dx.ssa.SCCP.simulatePhi(Lcom/android/dx/ssa/PhiInsn;)V @ 124
Event: 6.771 Thread 0x0000000016f16000 Uncommon trap: reason=bimorphic action=maybe_recompile pc=0x0000000003117e60 method=com.android.dx.ssa.SCCP.simulatePhi(Lcom/android/dx/ssa/PhiInsn;)V @ 124
Event: 7.546 Thread 0x0000000002bb0800 Uncommon trap: reason=unstable_if action=reinterpret pc=0x0000000002e9b868 method=java.lang.String.<init>([CII)V @ 18

Internal exceptions (3 events):
Event: 0.207 Thread 0x0000000002bb0800 Exception <a 'java/lang/NoSuchMethodError': Method sun.misc.Unsafe.defineClass(Ljava/lang/String;[BII)Ljava/lang/Class; name or signature does not match> (0x00000000eab07cc0) thrown at [C:\src\android\AOSP-openjdk\external\jetbrains\jdk\hotspot\src\share\v ÜˆúÜŽÊ?
Event: 0.207 Thread 0x0000000002bb0800 Exception <a 'java/lang/NoSuchMethodError': Method sun.misc.Unsafe.prefetchRead(Ljava/lang/Object;J)V name or signature does not match> (0x00000000eab07fa8) thrown at [C:\src\android\AOSP-openjdk\external\jetbrains\jdk\hotspot\src\share\vm\prims\jni.cpp, lHÒI®uä
@
Event: 3.362 Thread 0x0000000002bb0800 Implicit null exception at 0x0000000002f84a22 to 0x0000000002f84b1a

Events (10 events):
Event: 6.771 Thread 0x0000000016f16000 Uncommon trap: trap_request=0xffffffc6 fr.pc=0x0000000003117e60
Event: 6.771 Thread 0x0000000016f16000 DEOPT PACKING pc=0x0000000003117e60 sp=0x00000000173ae470
Event: 6.771 Thread 0x0000000016f16000 DEOPT UNPACKING pc=0x0000000002cf556a sp=0x00000000173ae428 mode 2
Event: 7.546 Thread 0x0000000002bb0800 Uncommon trap: trap_request=0xffffff65 fr.pc=0x0000000002e9b868
Event: 7.546 Thread 0x0000000002bb0800 DEOPT PACKING pc=0x0000000002e9b868 sp=0x0000000002b5e790
Event: 7.546 Thread 0x0000000002bb0800 DEOPT UNPACKING pc=0x0000000002cf556a sp=0x0000000002b5e758 mode 2
Event: 7.548 loading class com/android/dx/cf/attrib/AttExceptions
Event: 7.548 loading class com/android/dx/cf/attrib/AttExceptions done
Event: 8.035 Executing VM operation: ParallelGCFailedAllocation
Event: 8.958 Executing VM operation: ParallelGCFailedAllocation done


Dynamic libraries:
0x00007ff7bbf40000 - 0x00007ff7bbf71000 	C:\Program Files\Android\Android Studio\jre\bin\java.exe
0x00007ff80bf10000 - 0x00007ff80c0bd000 	C:\windows\SYSTEM32\ntdll.dll
0x00007ff809590000 - 0x00007ff8096ce000 	C:\windows\system32\KERNEL32.DLL
0x00007ff809100000 - 0x00007ff809215000 	C:\windows\system32\KERNELBASE.dll
0x00007ff8098e0000 - 0x00007ff80998a000 	C:\windows\system32\ADVAPI32.dll
0x00007ff80b290000 - 0x00007ff80b407000 	C:\windows\system32\USER32.dll
0x00007ff806020000 - 0x00007ff80629b000 	C:\windows\WinSxS\amd64_microsoft.windows.common-controls_6595b64144ccf1df_6.0.9600.18006_none_623f33d3ecbe86e8\COMCTL32.dll
0x00007ff80b420000 - 0x00007ff80b4ca000 	C:\windows\system32\msvcrt.dll
0x00007ff80b6b0000 - 0x00007ff80b709000 	C:\windows\SYSTEM32\sechost.dll
0x00007ff8097a0000 - 0x00007ff8098e0000 	C:\windows\system32\RPCRT4.dll
0x00007ff80b860000 - 0x00007ff80b9af000 	C:\windows\system32\GDI32.dll
0x00007ff809560000 - 0x00007ff80958e000 	C:\windows\system32\SspiCli.dll
0x00007ff80b250000 - 0x00007ff80b286000 	C:\windows\system32\IMM32.DLL
0x00007ff80bdb0000 - 0x00007ff80bf02000 	C:\windows\system32\MSCTF.dll
0x0000000052f60000 - 0x0000000053032000 	C:\Program Files\Android\Android Studio\jre\jre\bin\msvcr100.dll
0x0000000053120000 - 0x0000000053954000 	C:\Program Files\Android\Android Studio\jre\jre\bin\server\jvm.dll
0x00007ff800dc0000 - 0x00007ff800dc9000 	C:\windows\SYSTEM32\WSOCK32.dll
0x00007ff804300000 - 0x00007ff804322000 	C:\windows\SYSTEM32\WINMM.dll
0x00007ff801630000 - 0x00007ff80163a000 	C:\windows\SYSTEM32\VERSION.dll
0x00007ff80b4e0000 - 0x00007ff80b4e7000 	C:\windows\system32\PSAPI.DLL
0x00007ff80ba10000 - 0x00007ff80ba6a000 	C:\windows\system32\WS2_32.dll
0x00007ff8042d0000 - 0x00007ff8042fa000 	C:\windows\SYSTEM32\WINMMBASE.dll
0x00007ff80b4d0000 - 0x00007ff80b4d9000 	C:\windows\system32\NSI.dll
0x00007ff809220000 - 0x00007ff80926f000 	C:\windows\SYSTEM32\cfgmgr32.dll
0x00007ff807e50000 - 0x00007ff807e78000 	C:\windows\SYSTEM32\DEVOBJ.dll
0x00007ff8049b0000 - 0x00007ff8049bf000 	C:\Program Files\Android\Android Studio\jre\jre\bin\verify.dll
0x00007ff803cc0000 - 0x00007ff803ce9000 	C:\Program Files\Android\Android Studio\jre\jre\bin\java.dll
0x00007ff802750000 - 0x00007ff802766000 	C:\Program Files\Android\Android Studio\jre\jre\bin\zip.dll
0x00007ff809b30000 - 0x00007ff80b058000 	C:\windows\system32\SHELL32.dll
0x00007ff80bb90000 - 0x00007ff80bda1000 	C:\windows\SYSTEM32\combase.dll
0x00007ff80b9b0000 - 0x00007ff80ba04000 	C:\windows\system32\SHLWAPI.dll
0x00007ff8073b0000 - 0x00007ff807462000 	C:\windows\SYSTEM32\SHCORE.dll
0x00007ff809030000 - 0x00007ff809045000 	C:\windows\SYSTEM32\profapi.dll

VM Arguments:
jvm_args: -Djava.awt.headless=true -Xmx1024M -Dfile.encoding=windows-1252 -Duser.country=US -Duser.language=en -Duser.variant 
java_command: com.android.dx.command.Main --dex --verbose --force-jumbo --num-threads=4 --multi-dex --output C:\Users\bruh\Desktop\COMP150-MOB\QueueR\app\build\intermediates\transforms\dex\debug\folders\1000\10\com.google.firebase-firebase-database-9.6.1_7af89a5285815499d24378ba1ac5366156693c2a C:\Users\bruh\Desktop\COMP150-MOB\QueueR\app\build\intermediates\exploded-aar\com.google.firebase\firebase-database\9.6.1\jars\classes.jar
java_class_path (initial): C:\Users\bruh\AppData\Local\Android\sdk\build-tools\24.0.1\lib\dx.jar
Launcher Type: SUN_STANDARD

Environment Variables:
PATH=C:\Program Files\Java\jdk1.8.0_101\bin\;C:\ProgramData\Oracle\Java\javapath;C:\windows\system32;C:\windows;C:\windows\System32\Wbem;C:\windows\System32\WindowsPowerShell\v1.0\;C:\Program Files\nodejs\;C:\Program Files (x86)\Heroku\bin;C:\Program Files (x86)\git\cmd;C:\Users\bruh\AppData\Roaming\npm;C:\Program Files (x86)\Skype\Phone\;C:\Program Files (x86)\GtkSharp\2.12\bin;C:\Program Files\Java\jdk1.8.0_101\bin\
USERNAME=bruh
OS=Windows_NT
PROCESSOR_IDENTIFIER=Intel64 Family 6 Model 69 Stepping 1, GenuineIntel



---------------  S Y S T E M  ---------------

OS: Windows 8.1 , 64 bit Build 9600 (6.3.9600.17415)

CPU:total 4 (2 cores per cpu, 2 threads per core) family 6 model 69 stepping 1, cmov, cx8, fxsr, mmx, sse, sse2, sse3, ssse3, sse4.1, sse4.2, popcnt, avx, avx2, aes, clmul, erms, lzcnt, ht, tsc, tscinvbit, bmi1, bmi2

Memory: 4k page, physical 4097056k(94220k free), swap 7242784k(6312k free)

vm_info: OpenJDK 64-Bit Server VM (25.76-b03) for windows-amd64 JRE (1.8.0_76-release-b03), built on Jun 29 2016 19:09:20 by "ralucas" with MS VC++ 10.0 (VS2010)

time: Wed Dec 14 17:59:37 2016
elapsed time: 9 seconds (0d 0h 0m 9s)

