#
# There is insufficient memory for the Java Runtime Environment to continue.
# Native memory allocation (malloc) failed to allocate 191376 bytes for Chunk::new
# Possible reasons:
#   The system is out of physical RAM or swap space
#   In 32 bit mode, the process size limit was hit
# Possible solutions:
#   Reduce memory load on the system
#   Increase physical memory or swap space
#   Check if swap backing store is full
#   Use 64 bit Java on a 64 bit OS
#   Decrease Java heap size (-Xmx/-Xms)
#   Decrease number of Java threads
#   Decrease Java thread stack sizes (-Xss)
#   Set larger code cache with -XX:ReservedCodeCacheSize=
# This output file may be truncated or incomplete.
#
#  Out of Memory Error (allocation.cpp:390), pid=5020, tid=0x00000000000015d4
#
# JRE version: OpenJDK Runtime Environment (8.0_76-b03) (build 1.8.0_76-release-b03)
# Java VM: OpenJDK 64-Bit Server VM (25.76-b03 mixed mode windows-amd64 compressed oops)
# Failed to write core dump. Minidumps are not enabled by default on client versions of Windows
#

---------------  T H R E A D  ---------------

Current thread (0x00000000145c7800):  JavaThread "C2 CompilerThread0" daemon [_thread_in_native, id=5588, stack(0x0000000015bf0000,0x0000000015cf0000)]

Stack: [0x0000000015bf0000,0x0000000015cf0000]
[error occurred during error reporting (printing stack bounds), id 0xc0000005]

Native frames: (J=compiled Java code, j=interpreted, Vv=VM code, C=native code)


Current CompileTask:
C2:  22880 3000       4       com.android.dx.dex.file.MemberIdItem::writeTo (231 bytes)


---------------  P R O C E S S  ---------------

Java Threads: ( => current thread )
  0x0000000016240800 JavaThread "pool-1-thread-1" [_thread_in_Java, id=5800, stack(0x00000000164f0000,0x00000000165f0000)]
  0x0000000015ef1800 JavaThread "Service Thread" daemon [_thread_blocked, id=5660, stack(0x00000000162f0000,0x00000000163f0000)]
  0x000000001461c000 JavaThread "C1 CompilerThread2" daemon [_thread_blocked, id=2516, stack(0x0000000015df0000,0x0000000015ef0000)]
  0x00000000145c2000 JavaThread "C2 CompilerThread1" daemon [_thread_in_native, id=5732, stack(0x0000000015cf0000,0x0000000015df0000)]
=>0x00000000145c7800 JavaThread "C2 CompilerThread0" daemon [_thread_in_native, id=5588, stack(0x0000000015bf0000,0x0000000015cf0000)]
  0x00000000145c6000 JavaThread "Attach Listener" daemon [_thread_blocked, id=5632, stack(0x0000000015af0000,0x0000000015bf0000)]
  0x00000000145c5000 JavaThread "Signal Dispatcher" daemon [_thread_blocked, id=4684, stack(0x00000000159f0000,0x0000000015af0000)]
  0x00000000145a8800 JavaThread "Finalizer" daemon [_thread_blocked, id=5736, stack(0x0000000015810000,0x0000000015910000)]
  0x0000000001e31000 JavaThread "Reference Handler" daemon [_thread_blocked, id=3904, stack(0x0000000015710000,0x0000000015810000)]
  0x0000000001d40800 JavaThread "main" [_thread_blocked, id=5596, stack(0x0000000001bf0000,0x0000000001cf0000)]

Other Threads:
  0x0000000014586800 VMThread [stack: 0x0000000015610000,0x0000000015710000] [id=2624]
  0x0000000015ef3800 WatcherThread [stack: 0x00000000163f0000,0x00000000164f0000] [id=2280]

VM state:not at safepoint (normal execution)

VM Mutex/Monitor currently owned by a thread: None

Heap:
 PSYoungGen      total 124416K, used 83038K [0x00000000eab00000, 0x00000000f8100000, 0x0000000100000000)
  eden space 108544K, 61% used [0x00000000eab00000,0x00000000eec97bf8,0x00000000f1500000)
  from space 15872K, 99% used [0x00000000f3780000,0x00000000f46ffe90,0x00000000f4700000)
  to   space 35328K, 0% used [0x00000000f1500000,0x00000000f1500000,0x00000000f3780000)
 ParOldGen       total 82944K, used 57731K [0x00000000c0000000, 0x00000000c5100000, 0x00000000eab00000)
  object space 82944K, 69% used [0x00000000c0000000,0x00000000c3860dc8,0x00000000c5100000)
 Metaspace       used 7004K, capacity 7608K, committed 7808K, reserved 1056768K
  class space    used 620K, capacity 624K, committed 640K, reserved 1048576K

Card table byte_map: [0x00000000112b0000,0x00000000114c0000] byte_map_base: 0x0000000010cb0000

Marking Bits: (ParMarkBitMap*) 0x00000000538d9d00
 Begin Bits: [0x0000000011a20000, 0x0000000012a20000)
 End Bits:   [0x0000000012a20000, 0x0000000013a20000)

Polling page: 0x0000000000460000

CodeCache: size=245760Kb used=10723Kb max_used=11131Kb free=235036Kb
 bounds [0x0000000001ef0000, 0x00000000029e0000, 0x0000000010ef0000]
 total_blobs=2771 nmethods=2501 adapters=183
 compilation: enabled

Compilation events (10 events):
Event: 22.813 Thread 0x000000001461c000 nmethod 2997 0x000000000275a0d0 code [0x000000000275a260, 0x000000000275a808]
Event: 22.814 Thread 0x00000000145c7800 nmethod 2995 0x0000000002756fd0 code [0x0000000002757120, 0x0000000002757278]
Event: 22.814 Thread 0x000000001461c000 2998       3       com.android.dx.dex.file.ProtoIdsSection::indexOf (49 bytes)
Event: 22.815 Thread 0x000000001461c000 nmethod 2998 0x00000000027560d0 code [0x00000000027562c0, 0x0000000002756c08]
Event: 22.816 Thread 0x00000000145c2000 2999       4       com.android.dx.rop.type.Prototype::compareTo (9 bytes)
Event: 22.826 Thread 0x00000000145c7800 3000       4       com.android.dx.dex.file.MemberIdItem::writeTo (231 bytes)
Event: 22.829 Thread 0x00000000145c2000 nmethod 2999 0x0000000002757f50 code [0x00000000027580c0, 0x0000000002758618]
Event: 22.837 Thread 0x00000000145c2000 3001       4       com.android.dx.dex.file.ProtoIdsSection::indexOf (49 bytes)
Event: 22.855 Thread 0x00000000145c2000 nmethod 3001 0x0000000002394c10 code [0x0000000002394d80, 0x0000000002395438]
Event: 22.855 Thread 0x00000000145c2000 3002       4       com.android.dx.dex.file.MethodIdItem::getTypoidIdx (17 bytes)

GC Heap History (10 events):
Event: 9.414 GC heap before
{Heap before GC invocations=7 (full 0):
 PSYoungGen      total 72704K, used 72306K [0x00000000eab00000, 0x00000000eff00000, 0x0000000100000000)
  eden space 64000K, 100% used [0x00000000eab00000,0x00000000ee980000,0x00000000ee980000)
  from space 8704K, 95% used [0x00000000ef380000,0x00000000efb9c8f8,0x00000000efc00000)
  to   space 10240K, 0% used [0x00000000ee980000,0x00000000ee980000,0x00000000ef380000)
 ParOldGen       total 44032K, used 11929K [0x00000000c0000000, 0x00000000c2b00000, 0x00000000eab00000)
  object space 44032K, 27% used [0x00000000c0000000,0x00000000c0ba6790,0x00000000c2b00000)
 Metaspace       used 6326K, capacity 7152K, committed 7296K, reserved 1056768K
  class space    used 578K, capacity 616K, committed 640K, reserved 1048576K
Event: 9.569 GC heap after
Heap after GC invocations=7 (full 0):
 PSYoungGen      total 74240K, used 10228K [0x00000000eab00000, 0x00000000f4700000, 0x0000000100000000)
  eden space 64000K, 0% used [0x00000000eab00000,0x00000000eab00000,0x00000000ee980000)
  from space 10240K, 99% used [0x00000000ee980000,0x00000000ef37d2c0,0x00000000ef380000)
  to   space 15872K, 0% used [0x00000000f3780000,0x00000000f3780000,0x00000000f4700000)
 ParOldGen       total 44032K, used 20054K [0x00000000c0000000, 0x00000000c2b00000, 0x00000000eab00000)
  object space 44032K, 45% used [0x00000000c0000000,0x00000000c1395b68,0x00000000c2b00000)
 Metaspace       used 6326K, capacity 7152K, committed 7296K, reserved 1056768K
  class space    used 578K, capacity 616K, committed 640K, reserved 1048576K
}
Event: 10.550 GC heap before
{Heap before GC invocations=8 (full 0):
 PSYoungGen      total 74240K, used 74228K [0x00000000eab00000, 0x00000000f4700000, 0x0000000100000000)
  eden space 64000K, 100% used [0x00000000eab00000,0x00000000ee980000,0x00000000ee980000)
  from space 10240K, 99% used [0x00000000ee980000,0x00000000ef37d2c0,0x00000000ef380000)
  to   space 15872K, 0% used [0x00000000f3780000,0x00000000f3780000,0x00000000f4700000)
 ParOldGen       total 44032K, used 20054K [0x00000000c0000000, 0x00000000c2b00000, 0x00000000eab00000)
  object space 44032K, 45% used [0x00000000c0000000,0x00000000c1395b68,0x00000000c2b00000)
 Metaspace       used 6369K, capacity 7152K, committed 7296K, reserved 1056768K
  class space    used 579K, capacity 616K, committed 640K, reserved 1048576K
Event: 10.767 GC heap after
Heap after GC invocations=8 (full 0):
 PSYoungGen      total 138240K, used 15857K [0x00000000eab00000, 0x00000000f5200000, 0x0000000100000000)
  eden space 122368K, 0% used [0x00000000eab00000,0x00000000eab00000,0x00000000f2280000)
  from space 15872K, 99% used [0x00000000f3780000,0x00000000f46fc6c8,0x00000000f4700000)
  to   space 21504K, 0% used [0x00000000f2280000,0x00000000f2280000,0x00000000f3780000)
 ParOldGen       total 44032K, used 25548K [0x00000000c0000000, 0x00000000c2b00000, 0x00000000eab00000)
  object space 44032K, 58% used [0x00000000c0000000,0x00000000c18f3198,0x00000000c2b00000)
 Metaspace       used 6369K, capacity 7152K, committed 7296K, reserved 1056768K
  class space    used 579K, capacity 616K, committed 640K, reserved 1048576K
}
Event: 12.868 GC heap before
{Heap before GC invocations=9 (full 0):
 PSYoungGen      total 138240K, used 138225K [0x00000000eab00000, 0x00000000f5200000, 0x0000000100000000)
  eden space 122368K, 100% used [0x00000000eab00000,0x00000000f2280000,0x00000000f2280000)
  from space 15872K, 99% used [0x00000000f3780000,0x00000000f46fc6c8,0x00000000f4700000)
  to   space 21504K, 0% used [0x00000000f2280000,0x00000000f2280000,0x00000000f3780000)
 ParOldGen       total 44032K, used 25548K [0x00000000c0000000, 0x00000000c2b00000, 0x00000000eab00000)
  object space 44032K, 58% used [0x00000000c0000000,0x00000000c18f3198,0x00000000c2b00000)
 Metaspace       used 6511K, capacity 7218K, committed 7296K, reserved 1056768K
  class space    used 598K, capacity 618K, committed 640K, reserved 1048576K
Event: 13.017 GC heap after
Heap after GC invocations=9 (full 0):
 PSYoungGen      total 143872K, used 21479K [0x00000000eab00000, 0x00000000f5200000, 0x0000000100000000)
  eden space 122368K, 0% used [0x00000000eab00000,0x00000000eab00000,0x00000000f2280000)
  from space 21504K, 99% used [0x00000000f2280000,0x00000000f3779de0,0x00000000f3780000)
  to   space 15872K, 0% used [0x00000000f3780000,0x00000000f3780000,0x00000000f4700000)
 ParOldGen       total 44032K, used 38710K [0x00000000c0000000, 0x00000000c2b00000, 0x00000000eab00000)
  object space 44032K, 87% used [0x00000000c0000000,0x00000000c25cdb30,0x00000000c2b00000)
 Metaspace       used 6511K, capacity 7218K, committed 7296K, reserved 1056768K
  class space    used 598K, capacity 618K, committed 640K, reserved 1048576K
}
Event: 13.018 GC heap before
{Heap before GC invocations=10 (full 1):
 PSYoungGen      total 143872K, used 21479K [0x00000000eab00000, 0x00000000f5200000, 0x0000000100000000)
  eden space 122368K, 0% used [0x00000000eab00000,0x00000000eab00000,0x00000000f2280000)
  from space 21504K, 99% used [0x00000000f2280000,0x00000000f3779de0,0x00000000f3780000)
  to   space 15872K, 0% used [0x00000000f3780000,0x00000000f3780000,0x00000000f4700000)
 ParOldGen       total 44032K, used 38710K [0x00000000c0000000, 0x00000000c2b00000, 0x00000000eab00000)
  object space 44032K, 87% used [0x00000000c0000000,0x00000000c25cdb30,0x00000000c2b00000)
 Metaspace       used 6511K, capacity 7218K, committed 7296K, reserved 1056768K
  class space    used 598K, capacity 618K, committed 640K, reserved 1048576K
Event: 15.586 GC heap after
Heap after GC invocations=10 (full 1):
 PSYoungGen      total 143872K, used 12238K [0x00000000eab00000, 0x00000000f5200000, 0x0000000100000000)
  eden space 122368K, 0% used [0x00000000eab00000,0x00000000eab00000,0x00000000f2280000)
  from space 21504K, 56% used [0x00000000f2280000,0x00000000f2e73bb0,0x00000000f3780000)
  to   space 15872K, 0% used [0x00000000f3780000,0x00000000f3780000,0x00000000f4700000)
 ParOldGen       total 82944K, used 43548K [0x00000000c0000000, 0x00000000c5100000, 0x00000000eab00000)
  object space 82944K, 52% used [0x00000000c0000000,0x00000000c2a87270,0x00000000c5100000)
 Metaspace       used 6511K, capacity 7218K, committed 7296K, reserved 1056768K
  class space    used 598K, capacity 618K, committed 640K, reserved 1048576K
}
Event: 17.165 GC heap before
{Heap before GC invocations=11 (full 1):
 PSYoungGen      total 143872K, used 134606K [0x00000000eab00000, 0x00000000f5200000, 0x0000000100000000)
  eden space 122368K, 100% used [0x00000000eab00000,0x00000000f2280000,0x00000000f2280000)
  from space 21504K, 56% used [0x00000000f2280000,0x00000000f2e73bb0,0x00000000f3780000)
  to   space 15872K, 0% used [0x00000000f3780000,0x00000000f3780000,0x00000000f4700000)
 ParOldGen       total 82944K, used 43548K [0x00000000c0000000, 0x00000000c5100000, 0x00000000eab00000)
  object space 82944K, 52% used [0x00000000c0000000,0x00000000c2a87270,0x00000000c5100000)
 Metaspace       used 6516K, capacity 7218K, committed 7296K, reserved 1056768K
  class space    used 598K, capacity 618K, committed 640K, reserved 1048576K
Event: 17.557 GC heap after
Heap after GC invocations=11 (full 1):
 PSYoungGen      total 124416K, used 15871K [0x00000000eab00000, 0x00000000f8100000, 0x0000000100000000)
  eden space 108544K, 0% used [0x00000000eab00000,0x00000000eab00000,0x00000000f1500000)
  from space 15872K, 99% used [0x00000000f3780000,0x00000000f46ffe90,0x00000000f4700000)
  to   space 35328K, 0% used [0x00000000f1500000,0x00000000f1500000,0x00000000f3780000)
 ParOldGen       total 82944K, used 57731K [0x00000000c0000000, 0x00000000c5100000, 0x00000000eab00000)
  object space 82944K, 69% used [0x00000000c0000000,0x00000000c3860dc8,0x00000000c5100000)
 Metaspace       used 6516K, capacity 7218K, committed 7296K, reserved 1056768K
  class space    used 598K, capacity 618K, committed 640K, reserved 1048576K
}

Deoptimization events (10 events):
Event: 22.051 Thread 0x0000000016240800 Uncommon trap: reason=array_check action=maybe_recompile pc=0x000000000219c0c8 method=java.util.ComparableTimSort.binarySort([Ljava/lang/Object;III)V @ 193
Event: 22.078 Thread 0x0000000016240800 Uncommon trap: reason=array_check action=maybe_recompile pc=0x000000000219c0c8 method=java.util.ComparableTimSort.binarySort([Ljava/lang/Object;III)V @ 193
Event: 22.165 Thread 0x0000000016240800 Uncommon trap: reason=bimorphic action=maybe_recompile pc=0x00000000023d0d34 method=com.android.dx.dex.file.MixedItemSection$1.compare(Lcom/android/dx/dex/file/OffsettedItem;Lcom/android/dx/dex/file/OffsettedItem;)I @ 1
Event: 22.166 Thread 0x0000000016240800 Uncommon trap: reason=bimorphic action=maybe_recompile pc=0x00000000023d0d34 method=com.android.dx.dex.file.MixedItemSection$1.compare(Lcom/android/dx/dex/file/OffsettedItem;Lcom/android/dx/dex/file/OffsettedItem;)I @ 1
Event: 22.166 Thread 0x0000000016240800 Uncommon trap: reason=bimorphic action=maybe_recompile pc=0x00000000023d0d34 method=com.android.dx.dex.file.MixedItemSection$1.compare(Lcom/android/dx/dex/file/OffsettedItem;Lcom/android/dx/dex/file/OffsettedItem;)I @ 1
Event: 22.166 Thread 0x0000000016240800 Uncommon trap: reason=bimorphic action=maybe_recompile pc=0x00000000023d0d34 method=com.android.dx.dex.file.MixedItemSection$1.compare(Lcom/android/dx/dex/file/OffsettedItem;Lcom/android/dx/dex/file/OffsettedItem;)I @ 1
Event: 22.172 Thread 0x0000000016240800 Uncommon trap: reason=unstable_if action=reinterpret pc=0x000000000290aa24 method=java.util.ArrayList.<init>(I)V @ 5
Event: 22.234 Thread 0x0000000016240800 Uncommon trap: reason=predicate action=maybe_recompile pc=0x00000000027fca0c method=java.util.TimSort.countRunAndMakeAscending([Ljava/lang/Object;IILjava/util/Comparator;)I @ 98
Event: 22.591 Thread 0x0000000016240800 Uncommon trap: reason=unstable_if action=reinterpret pc=0x00000000022bd0bc method=java.lang.Long.numberOfTrailingZeros(J)I @ 3
Event: 22.763 Thread 0x0000000016240800 Uncommon trap: reason=unstable_if action=reinterpret pc=0x00000000021ccf04 method=com.android.dx.util.ByteArrayAnnotatedOutput.writeByte(I)V @ 13

Internal exceptions (7 events):
Event: 0.105 Thread 0x0000000001d40800 Exception <a 'java/lang/NoSuchMethodError': Method sun.misc.Unsafe.defineClass(Ljava/lang/String;[BII)Ljava/lang/Class; name or signature does not match> (0x00000000eab07cc0) thrown at [C:\src\android\AOSP-openjdk\external\jetbrains\jdk\hotspot\src\share\vjÞUEÝº?
Event: 0.105 Thread 0x0000000001d40800 Exception <a 'java/lang/NoSuchMethodError': Method sun.misc.Unsafe.prefetchRead(Ljava/lang/Object;J)V name or signature does not match> (0x00000000eab07fa8) thrown at [C:\src\android\AOSP-openjdk\external\jetbrains\jdk\hotspot\src\share\vm\prims\jni.cpp, lûÇ°º+@
Event: 3.501 Thread 0x00000000161ce000 Implicit null exception at 0x00000000021ff1a2 to 0x00000000021ff2a9
Event: 10.194 Thread 0x00000000161ce000 Implicit null exception at 0x0000000002518686 to 0x0000000002519f85
Event: 10.894 Thread 0x0000000016240800 Exception <a 'java/lang/ArrayIndexOutOfBoundsException': 18> (0x00000000eb86f710) thrown at [C:\src\android\AOSP-openjdk\external\jetbrains\jdk\hotspot\src\share\vm\interpreter\interpreterRuntime.cpp, line 366]
Event: 10.895 Thread 0x0000000016240800 Exception <a 'java/lang/ArrayIndexOutOfBoundsException': 145> (0x00000000eb871290) thrown at [C:\src\android\AOSP-openjdk\external\jetbrains\jdk\hotspot\src\share\vm\interpreter\interpreterRuntime.cpp, line 366]
Event: 10.896 Thread 0x0000000016240800 Exception <a 'java/lang/ArrayIndexOutOfBoundsException': 40> (0x00000000eb872578) thrown at [C:\src\android\AOSP-openjdk\external\jetbrains\jdk\hotspot\src\share\vm\interpreter\interpreterRuntime.cpp, line 366]

Events (10 events):
Event: 22.591 Thread 0x0000000016240800 Uncommon trap: trap_request=0xffffff65 fr.pc=0x00000000022bd0bc
Event: 22.591 Thread 0x0000000016240800 DEOPT PACKING pc=0x00000000022bd0bc sp=0x00000000165eeb10
Event: 22.591 Thread 0x0000000016240800 DEOPT UNPACKING pc=0x0000000001f3556a sp=0x00000000165eeaa0 mode 2
Event: 22.691 loading class com/android/dx/dex/file/MapItem
Event: 22.691 loading class com/android/dx/dex/file/MapItem done
Event: 22.761 loading class com/android/dex/DexFormat
Event: 22.761 loading class com/android/dex/DexFormat done
Event: 22.763 Thread 0x0000000016240800 Uncommon trap: trap_request=0xffffff65 fr.pc=0x00000000021ccf04
Event: 22.763 Thread 0x0000000016240800 DEOPT PACKING pc=0x00000000021ccf04 sp=0x00000000165eed40
Event: 22.763 Thread 0x0000000016240800 DEOPT UNPACKING pc=0x0000000001f3556a sp=0x00000000165eecf8 mode 2


Dynamic libraries:
0x00007ff7bbf40000 - 0x00007ff7bbf71000 	C:\Program Files\Android\Android Studio\jre\bin\java.exe
0x00007ff80bf10000 - 0x00007ff80c0bd000 	C:\windows\SYSTEM32\ntdll.dll
0x00007ff809590000 - 0x00007ff8096ce000 	C:\windows\system32\KERNEL32.DLL
0x00007ff809100000 - 0x00007ff809215000 	C:\windows\system32\KERNELBASE.dll
0x00007ff8098e0000 - 0x00007ff80998a000 	C:\windows\system32\ADVAPI32.dll
0x00007ff80b290000 - 0x00007ff80b407000 	C:\windows\system32\USER32.dll
0x00007ff806020000 - 0x00007ff80629b000 	C:\windows\WinSxS\amd64_microsoft.windows.common-controls_6595b64144ccf1df_6.0.9600.18006_none_623f33d3ecbe86e8\COMCTL32.dll
0x00007ff80b420000 - 0x00007ff80b4ca000 	C:\windows\system32\msvcrt.dll
0x00007ff80b6b0000 - 0x00007ff80b709000 	C:\windows\SYSTEM32\sechost.dll
0x00007ff8097a0000 - 0x00007ff8098e0000 	C:\windows\system32\RPCRT4.dll
0x00007ff80b860000 - 0x00007ff80b9af000 	C:\windows\system32\GDI32.dll
0x00007ff809560000 - 0x00007ff80958e000 	C:\windows\system32\SspiCli.dll
0x00007ff80b250000 - 0x00007ff80b286000 	C:\windows\system32\IMM32.DLL
0x00007ff80bdb0000 - 0x00007ff80bf02000 	C:\windows\system32\MSCTF.dll
0x0000000052f60000 - 0x0000000053032000 	C:\Program Files\Android\Android Studio\jre\jre\bin\msvcr100.dll
0x0000000053120000 - 0x0000000053954000 	C:\Program Files\Android\Android Studio\jre\jre\bin\server\jvm.dll
0x00007ff800dc0000 - 0x00007ff800dc9000 	C:\windows\SYSTEM32\WSOCK32.dll
0x00007ff804300000 - 0x00007ff804322000 	C:\windows\SYSTEM32\WINMM.dll
0x00007ff801630000 - 0x00007ff80163a000 	C:\windows\SYSTEM32\VERSION.dll
0x00007ff80b4e0000 - 0x00007ff80b4e7000 	C:\windows\system32\PSAPI.DLL
0x00007ff80ba10000 - 0x00007ff80ba6a000 	C:\windows\system32\WS2_32.dll
0x00007ff8042d0000 - 0x00007ff8042fa000 	C:\windows\SYSTEM32\WINMMBASE.dll
0x00007ff80b4d0000 - 0x00007ff80b4d9000 	C:\windows\system32\NSI.dll
0x00007ff809220000 - 0x00007ff80926f000 	C:\windows\SYSTEM32\cfgmgr32.dll
0x00007ff807e50000 - 0x00007ff807e78000 	C:\windows\SYSTEM32\DEVOBJ.dll
0x00007ff8049b0000 - 0x00007ff8049bf000 	C:\Program Files\Android\Android Studio\jre\jre\bin\verify.dll
0x00007ff803cc0000 - 0x00007ff803ce9000 	C:\Program Files\Android\Android Studio\jre\jre\bin\java.dll
0x00007ff802750000 - 0x00007ff802766000 	C:\Program Files\Android\Android Studio\jre\jre\bin\zip.dll
0x00007ff809b30000 - 0x00007ff80b058000 	C:\windows\system32\SHELL32.dll
0x00007ff80bb90000 - 0x00007ff80bda1000 	C:\windows\SYSTEM32\combase.dll
0x00007ff80b9b0000 - 0x00007ff80ba04000 	C:\windows\system32\SHLWAPI.dll
0x00007ff8073b0000 - 0x00007ff807462000 	C:\windows\SYSTEM32\SHCORE.dll
0x00007ff809030000 - 0x00007ff809045000 	C:\windows\SYSTEM32\profapi.dll

VM Arguments:
jvm_args: -Djava.awt.headless=true -Xmx1024M -Dfile.encoding=windows-1252 -Duser.country=US -Duser.language=en -Duser.variant 
java_command: com.android.dx.command.Main --dex --verbose --force-jumbo --num-threads=4 --multi-dex --output C:\Users\bruh\Desktop\COMP150-MOB\QueueR\app\build\intermediates\transforms\dex\debug\folders\1000\10\com.android.support-support-v4-24.1.1_a4154e86e981b836301da22e84ff1ec295ebe468 C:\Users\bruh\Desktop\COMP150-MOB\QueueR\app\build\intermediates\exploded-aar\com.android.support\support-v4\24.1.1\jars\classes.jar
java_class_path (initial): C:\Users\bruh\AppData\Local\Android\sdk\build-tools\24.0.1\lib\dx.jar
Launcher Type: SUN_STANDARD

Environment Variables:
PATH=C:\Program Files\Java\jdk1.8.0_101\bin\;C:\ProgramData\Oracle\Java\javapath;C:\windows\system32;C:\windows;C:\windows\System32\Wbem;C:\windows\System32\WindowsPowerShell\v1.0\;C:\Program Files\nodejs\;C:\Program Files (x86)\Heroku\bin;C:\Program Files (x86)\git\cmd;C:\Users\bruh\AppData\Roaming\npm;C:\Program Files (x86)\Skype\Phone\;C:\Program Files (x86)\GtkSharp\2.12\bin;C:\Program Files\Java\jdk1.8.0_101\bin\
USERNAME=bruh
OS=Windows_NT
PROCESSOR_IDENTIFIER=Intel64 Family 6 Model 69 Stepping 1, GenuineIntel



---------------  S Y S T E M  ---------------

OS: Windows 8.1 , 64 bit Build 9600 (6.3.9600.17415)

CPU:total 4 (2 cores per cpu, 2 threads per core) family 6 model 69 stepping 1, cmov, cx8, fxsr, mmx, sse, sse2, sse3, ssse3, sse4.1, sse4.2, popcnt, avx, avx2, aes, clmul, erms, lzcnt, ht, tsc, tscinvbit, bmi1, bmi2

Memory: 4k page, physical 4097056k(374544k free), swap 7242784k(5264k free)

vm_info: OpenJDK 64-Bit Server VM (25.76-b03) for windows-amd64 JRE (1.8.0_76-release-b03), built on Jun 29 2016 19:09:20 by "ralucas" with MS VC++ 10.0 (VS2010)

time: Wed Dec 14 18:00:30 2016
elapsed time: 22 seconds (0d 0h 0m 22s)

