#
# There is insufficient memory for the Java Runtime Environment to continue.
# Native memory allocation (malloc) failed to allocate 216176 bytes for Chunk::new
# Possible reasons:
#   The system is out of physical RAM or swap space
#   In 32 bit mode, the process size limit was hit
# Possible solutions:
#   Reduce memory load on the system
#   Increase physical memory or swap space
#   Check if swap backing store is full
#   Use 64 bit Java on a 64 bit OS
#   Decrease Java heap size (-Xmx/-Xms)
#   Decrease number of Java threads
#   Decrease Java thread stack sizes (-Xss)
#   Set larger code cache with -XX:ReservedCodeCacheSize=
# This output file may be truncated or incomplete.
#
#  Out of Memory Error (allocation.cpp:390), pid=2128, tid=0x00000000000014d8
#
# JRE version: OpenJDK Runtime Environment (8.0_76-b03) (build 1.8.0_76-release-b03)
# Java VM: OpenJDK 64-Bit Server VM (25.76-b03 mixed mode windows-amd64 compressed oops)
# Failed to write core dump. Minidumps are not enabled by default on client versions of Windows
#

---------------  T H R E A D  ---------------

Current thread (0x0000000014f6a000):  JavaThread "C2 CompilerThread0" daemon [_thread_in_native, id=5336, stack(0x0000000016590000,0x0000000016690000)]

Stack: [0x0000000016590000,0x0000000016690000]
[error occurred during error reporting (printing stack bounds), id 0xc0000005]

Native frames: (J=compiled Java code, j=interpreted, Vv=VM code, C=native code)


Current CompileTask:
C2:   4003 1017   !   4       com.android.dx.cf.code.BytecodeArray::parseInstruction (2764 bytes)


---------------  P R O C E S S  ---------------

Java Threads: ( => current thread )
  0x0000000016a0b800 JavaThread "pool-1-thread-1" [_thread_new, id=2464, stack(0x0000000000000000,0x0000000000000000)]
  0x000000001689b000 JavaThread "Service Thread" daemon [_thread_blocked, id=5624, stack(0x0000000016c90000,0x0000000016d90000)]
  0x0000000014fba800 JavaThread "C1 CompilerThread2" daemon [_thread_blocked, id=2960, stack(0x0000000016790000,0x0000000016890000)]
  0x0000000014fb7800 JavaThread "C2 CompilerThread1" daemon [_thread_blocked, id=5396, stack(0x0000000016690000,0x0000000016790000)]
=>0x0000000014f6a000 JavaThread "C2 CompilerThread0" daemon [_thread_in_native, id=5336, stack(0x0000000016590000,0x0000000016690000)]
  0x0000000014f65000 JavaThread "Attach Listener" daemon [_thread_blocked, id=5980, stack(0x0000000016490000,0x0000000016590000)]
  0x0000000014f63800 JavaThread "Signal Dispatcher" daemon [_thread_blocked, id=3248, stack(0x0000000016390000,0x0000000016490000)]
  0x000000000286b000 JavaThread "Finalizer" daemon [_thread_blocked, id=5248, stack(0x00000000161b0000,0x00000000162b0000)]
  0x0000000002860000 JavaThread "Reference Handler" daemon [_thread_blocked, id=960, stack(0x00000000160b0000,0x00000000161b0000)]
  0x0000000002770800 JavaThread "main" [_thread_blocked, id=6268, stack(0x0000000002640000,0x0000000002740000)]

Other Threads:
  0x0000000014f26800 VMThread [stack: 0x0000000015fb0000,0x00000000160b0000] [id=5780]
  0x0000000016890800 WatcherThread [stack: 0x0000000016d90000,0x0000000016e90000] [id=4700]

VM state:not at safepoint (normal execution)

VM Mutex/Monitor currently owned by a thread: None

Heap:
 PSYoungGen      total 18944K, used 5516K [0x00000000eab00000, 0x00000000ed000000, 0x0000000100000000)
  eden space 16384K, 18% used [0x00000000eab00000,0x00000000eade83a8,0x00000000ebb00000)
  from space 2560K, 99% used [0x00000000ebb00000,0x00000000ebd7af20,0x00000000ebd80000)
  to   space 2560K, 0% used [0x00000000ecd80000,0x00000000ecd80000,0x00000000ed000000)
 ParOldGen       total 44032K, used 1804K [0x00000000c0000000, 0x00000000c2b00000, 0x00000000eab00000)
  object space 44032K, 4% used [0x00000000c0000000,0x00000000c01c3390,0x00000000c2b00000)
 Metaspace       used 5616K, capacity 6832K, committed 7040K, reserved 1056768K
  class space    used 553K, capacity 616K, committed 640K, reserved 1048576K

Card table byte_map: [0x0000000011c30000,0x0000000011e40000] byte_map_base: 0x0000000011630000

Marking Bits: (ParMarkBitMap*) 0x00000000538d9d00
 Begin Bits: [0x00000000123a0000, 0x00000000133a0000)
 End Bits:   [0x00000000133a0000, 0x00000000143a0000)

Polling page: 0x0000000000dd0000

CodeCache: size=245760Kb used=4203Kb max_used=4214Kb free=241556Kb
 bounds [0x0000000002870000, 0x0000000002ca0000, 0x0000000011870000]
 total_blobs=1294 nmethods=1034 adapters=174
 compilation: enabled

Compilation events (10 events):
Event: 3.907 Thread 0x0000000014fba800 nmethod 1033 0x0000000002c85ed0 code [0x0000000002c86100, 0x0000000002c86e28]
Event: 3.908 Thread 0x0000000014fba800 1034       1       java.util.concurrent.locks.AbstractQueuedSynchronizer::getState (5 bytes)
Event: 3.908 Thread 0x0000000014fba800 nmethod 1034 0x0000000002c82010 code [0x0000000002c82160, 0x0000000002c82270]
Event: 3.908 Thread 0x0000000014fba800 1035       1       java.util.concurrent.locks.AbstractOwnableSynchronizer::getExclusiveOwnerThread (5 bytes)
Event: 3.908 Thread 0x0000000014fba800 nmethod 1035 0x0000000002c81d50 code [0x0000000002c81ea0, 0x0000000002c81fb0]
Event: 3.908 Thread 0x0000000014fb7800 nmethod 1027 0x0000000002c90990 code [0x0000000002c90b00, 0x0000000002c90e58]
Event: 3.909 Thread 0x0000000014fb7800 1032       4       com.android.dx.rop.code.RegisterSpec::getCategory (13 bytes)
Event: 3.910 Thread 0x0000000014fb7800 nmethod 1032 0x0000000002c8ef10 code [0x0000000002c8f060, 0x0000000002c8f118]
Event: 3.910 Thread 0x0000000014fb7800 1026       4       java.util.ArrayList::grow (45 bytes)
Event: 3.914 Thread 0x0000000014fb7800 nmethod 1026 0x0000000002c90490 code [0x0000000002c905e0, 0x0000000002c90838]

GC Heap History (2 events):
Event: 3.369 GC heap before
{Heap before GC invocations=1 (full 0):
 PSYoungGen      total 18944K, used 16384K [0x00000000eab00000, 0x00000000ec000000, 0x0000000100000000)
  eden space 16384K, 100% used [0x00000000eab00000,0x00000000ebb00000,0x00000000ebb00000)
  from space 2560K, 0% used [0x00000000ebd80000,0x00000000ebd80000,0x00000000ec000000)
  to   space 2560K, 0% used [0x00000000ebb00000,0x00000000ebb00000,0x00000000ebd80000)
 ParOldGen       total 44032K, used 0K [0x00000000c0000000, 0x00000000c2b00000, 0x00000000eab00000)
  object space 44032K, 0% used [0x00000000c0000000,0x00000000c0000000,0x00000000c2b00000)
 Metaspace       used 5585K, capacity 6768K, committed 7040K, reserved 1056768K
  class space    used 552K, capacity 616K, committed 640K, reserved 1048576K
Event: 3.770 GC heap after
Heap after GC invocations=1 (full 0):
 PSYoungGen      total 18944K, used 2539K [0x00000000eab00000, 0x00000000ed000000, 0x0000000100000000)
  eden space 16384K, 0% used [0x00000000eab00000,0x00000000eab00000,0x00000000ebb00000)
  from space 2560K, 99% used [0x00000000ebb00000,0x00000000ebd7af20,0x00000000ebd80000)
  to   space 2560K, 0% used [0x00000000ecd80000,0x00000000ecd80000,0x00000000ed000000)
 ParOldGen       total 44032K, used 1804K [0x00000000c0000000, 0x00000000c2b00000, 0x00000000eab00000)
  object space 44032K, 4% used [0x00000000c0000000,0x00000000c01c3390,0x00000000c2b00000)
 Metaspace       used 5585K, capacity 6768K, committed 7040K, reserved 1056768K
  class space    used 552K, capacity 616K, committed 640K, reserved 1048576K
}

Deoptimization events (10 events):
Event: 1.695 Thread 0x0000000016a0b800 Uncommon trap: reason=unstable_if action=reinterpret pc=0x0000000002a1a7f8 method=com.android.dx.rop.cst.CstMemberRef.compareTo0(Lcom/android/dx/rop/cst/Constant;)I @ 18
Event: 1.752 Thread 0x0000000016afe000 Uncommon trap: reason=speculate_class_check action=maybe_recompile pc=0x0000000002a2c0f0 method=com.android.dx.rop.cst.Constant.compareTo(Lcom/android/dx/rop/cst/Constant;)I @ 29
Event: 1.752 Thread 0x0000000016afe000 Uncommon trap: reason=speculate_class_check action=maybe_recompile pc=0x0000000002a2c0f0 method=com.android.dx.rop.cst.Constant.compareTo(Lcom/android/dx/rop/cst/Constant;)I @ 29
Event: 1.752 Thread 0x0000000016afe000 Uncommon trap: reason=speculate_class_check action=maybe_recompile pc=0x0000000002a2c0f0 method=com.android.dx.rop.cst.Constant.compareTo(Lcom/android/dx/rop/cst/Constant;)I @ 29
Event: 1.752 Thread 0x0000000016afe000 Uncommon trap: reason=speculate_class_check action=maybe_recompile pc=0x0000000002a2c0f0 method=com.android.dx.rop.cst.Constant.compareTo(Lcom/android/dx/rop/cst/Constant;)I @ 29
Event: 2.046 Thread 0x0000000002770800 Uncommon trap: reason=unstable_if action=reinterpret pc=0x0000000002ab0c80 method=java.util.HashMap.getNode(ILjava/lang/Object;)Ljava/util/HashMap$Node; @ 62
Event: 2.398 Thread 0x0000000002770800 Uncommon trap: reason=unstable_if action=reinterpret pc=0x0000000002ae2330 method=java.util.BitSet.nextSetBit(I)I @ 87
Event: 2.453 Thread 0x0000000016afe000 Uncommon trap: reason=unstable_if action=reinterpret pc=0x0000000002b11330 method=java.util.HashMap.getNode(ILjava/lang/Object;)Ljava/util/HashMap$Node; @ 129
Event: 2.468 Thread 0x0000000016a0b800 Uncommon trap: reason=unstable_if action=reinterpret pc=0x0000000002a41af0 method=com.android.dx.rop.cst.CstFieldRef.compareTo0(Lcom/android/dx/rop/cst/Constant;)I @ 7
Event: 2.755 Thread 0x0000000002770800 Uncommon trap: reason=unstable_if action=reinterpret pc=0x0000000002b1f970 method=java.util.BitSet.ensureCapacity(I)V @ 6

Internal exceptions (2 events):
Event: 0.903 Thread 0x0000000002770800 Exception <a 'java/lang/NoSuchMethodError': Method sun.misc.Unsafe.defineClass(Ljava/lang/String;[BII)Ljava/lang/Class; name or signature does not match> (0x00000000eab07cc0) thrown at [C:\src\android\AOSP-openjdk\external\jetbrains\jdk\hotspot\src\share\v*^¬ù½ëì?
Event: 0.904 Thread 0x0000000002770800 Exception <a 'java/lang/NoSuchMethodError': Method sun.misc.Unsafe.prefetchRead(Ljava/lang/Object;J)V name or signature does not match> (0x00000000eab07fa8) thrown at [C:\src\android\AOSP-openjdk\external\jetbrains\jdk\hotspot\src\share\vm\prims\jni.cpp, l

Events (10 events):
Event: 3.210 Executing VM operation: ParallelGCFailedAllocation
Event: 3.770 Executing VM operation: ParallelGCFailedAllocation done
Event: 3.858 Thread 0x00000000169ea800 Thread exited: 0x00000000169ea800
Event: 3.871 Thread 0x00000000169f9000 Thread exited: 0x00000000169f9000
Event: 3.891 Thread 0x0000000016afe000 Thread exited: 0x0000000016afe000
Event: 3.906 Thread 0x0000000016a0b800 Thread exited: 0x0000000016a0b800
Event: 3.908 Thread 0x00000000169eb000 Thread exited: 0x00000000169eb000
Event: 3.909 loading class com/android/dx/command/dexer/Main$DexWriter
Event: 3.909 loading class com/android/dx/command/dexer/Main$DexWriter done
Event: 3.911 Thread 0x0000000016a0b800 Thread added: 0x0000000016a0b800


Dynamic libraries:
0x00007ff7bbf40000 - 0x00007ff7bbf71000 	C:\Program Files\Android\Android Studio\jre\bin\java.exe
0x00007ff80bf10000 - 0x00007ff80c0bd000 	C:\windows\SYSTEM32\ntdll.dll
0x00007ff809590000 - 0x00007ff8096ce000 	C:\windows\system32\KERNEL32.DLL
0x00007ff809100000 - 0x00007ff809215000 	C:\windows\system32\KERNELBASE.dll
0x00007ff8098e0000 - 0x00007ff80998a000 	C:\windows\system32\ADVAPI32.dll
0x00007ff80b290000 - 0x00007ff80b407000 	C:\windows\system32\USER32.dll
0x00007ff806020000 - 0x00007ff80629b000 	C:\windows\WinSxS\amd64_microsoft.windows.common-controls_6595b64144ccf1df_6.0.9600.18006_none_623f33d3ecbe86e8\COMCTL32.dll
0x00007ff80b420000 - 0x00007ff80b4ca000 	C:\windows\system32\msvcrt.dll
0x00007ff80b6b0000 - 0x00007ff80b709000 	C:\windows\SYSTEM32\sechost.dll
0x00007ff8097a0000 - 0x00007ff8098e0000 	C:\windows\system32\RPCRT4.dll
0x00007ff80b860000 - 0x00007ff80b9af000 	C:\windows\system32\GDI32.dll
0x00007ff809560000 - 0x00007ff80958e000 	C:\windows\system32\SspiCli.dll
0x00007ff80b250000 - 0x00007ff80b286000 	C:\windows\system32\IMM32.DLL
0x00007ff80bdb0000 - 0x00007ff80bf02000 	C:\windows\system32\MSCTF.dll
0x0000000052f60000 - 0x0000000053032000 	C:\Program Files\Android\Android Studio\jre\jre\bin\msvcr100.dll
0x0000000053120000 - 0x0000000053954000 	C:\Program Files\Android\Android Studio\jre\jre\bin\server\jvm.dll
0x00007ff800dc0000 - 0x00007ff800dc9000 	C:\windows\SYSTEM32\WSOCK32.dll
0x00007ff804300000 - 0x00007ff804322000 	C:\windows\SYSTEM32\WINMM.dll
0x00007ff801630000 - 0x00007ff80163a000 	C:\windows\SYSTEM32\VERSION.dll
0x00007ff80b4e0000 - 0x00007ff80b4e7000 	C:\windows\system32\PSAPI.DLL
0x00007ff80ba10000 - 0x00007ff80ba6a000 	C:\windows\system32\WS2_32.dll
0x00007ff8042d0000 - 0x00007ff8042fa000 	C:\windows\SYSTEM32\WINMMBASE.dll
0x00007ff80b4d0000 - 0x00007ff80b4d9000 	C:\windows\system32\NSI.dll
0x00007ff809220000 - 0x00007ff80926f000 	C:\windows\SYSTEM32\cfgmgr32.dll
0x00007ff807e50000 - 0x00007ff807e78000 	C:\windows\SYSTEM32\DEVOBJ.dll
0x00007ff804e20000 - 0x00007ff804e2f000 	C:\Program Files\Android\Android Studio\jre\jre\bin\verify.dll
0x00007ff803cc0000 - 0x00007ff803ce9000 	C:\Program Files\Android\Android Studio\jre\jre\bin\java.dll
0x00007ff8049d0000 - 0x00007ff8049e6000 	C:\Program Files\Android\Android Studio\jre\jre\bin\zip.dll
0x00007ff809b30000 - 0x00007ff80b058000 	C:\windows\system32\SHELL32.dll
0x00007ff80bb90000 - 0x00007ff80bda1000 	C:\windows\SYSTEM32\combase.dll
0x00007ff80b9b0000 - 0x00007ff80ba04000 	C:\windows\system32\SHLWAPI.dll
0x00007ff8073b0000 - 0x00007ff807462000 	C:\windows\SYSTEM32\SHCORE.dll
0x00007ff809030000 - 0x00007ff809045000 	C:\windows\SYSTEM32\profapi.dll

VM Arguments:
jvm_args: -Djava.awt.headless=true -Xmx1024M -Dfile.encoding=windows-1252 -Duser.country=US -Duser.language=en -Duser.variant 
java_command: com.android.dx.command.Main --dex --verbose --force-jumbo --num-threads=4 --multi-dex --output C:\Users\bruh\Desktop\COMP150-MOB\QueueR\app\build\intermediates\transforms\dex\debug\folders\1000\5\slice_9 C:\Users\bruh\Desktop\COMP150-MOB\QueueR\app\build\intermediates\transforms\instantRunSlicer\debug\folders\1\5\slice_9
java_class_path (initial): C:\Users\bruh\AppData\Local\Android\sdk\build-tools\24.0.1\lib\dx.jar
Launcher Type: SUN_STANDARD

Environment Variables:
PATH=C:\Program Files\Java\jdk1.8.0_101\bin\;C:\ProgramData\Oracle\Java\javapath;C:\windows\system32;C:\windows;C:\windows\System32\Wbem;C:\windows\System32\WindowsPowerShell\v1.0\;C:\Program Files\nodejs\;C:\Program Files (x86)\Heroku\bin;C:\Program Files (x86)\git\cmd;C:\Users\bruh\AppData\Roaming\npm;C:\Program Files (x86)\Skype\Phone\;C:\Program Files (x86)\GtkSharp\2.12\bin;C:\Program Files\Java\jdk1.8.0_101\bin\
USERNAME=bruh
OS=Windows_NT
PROCESSOR_IDENTIFIER=Intel64 Family 6 Model 69 Stepping 1, GenuineIntel



---------------  S Y S T E M  ---------------

OS: Windows 8.1 , 64 bit Build 9600 (6.3.9600.17415)

CPU:total 4 (2 cores per cpu, 2 threads per core) family 6 model 69 stepping 1, cmov, cx8, fxsr, mmx, sse, sse2, sse3, ssse3, sse4.1, sse4.2, popcnt, avx, avx2, aes, clmul, erms, lzcnt, ht, tsc, tscinvbit, bmi1, bmi2

Memory: 4k page, physical 4097056k(256464k free), swap 7242784k(5112k free)

vm_info: OpenJDK 64-Bit Server VM (25.76-b03) for windows-amd64 JRE (1.8.0_76-release-b03), built on Jun 29 2016 19:09:20 by "ralucas" with MS VC++ 10.0 (VS2010)

time: Wed Dec 14 23:15:47 2016
elapsed time: 4 seconds (0d 0h 0m 4s)

