#
# There is insufficient memory for the Java Runtime Environment to continue.
# Native memory allocation (malloc) failed to allocate 266416 bytes for Chunk::new
# Possible reasons:
#   The system is out of physical RAM or swap space
#   In 32 bit mode, the process size limit was hit
# Possible solutions:
#   Reduce memory load on the system
#   Increase physical memory or swap space
#   Check if swap backing store is full
#   Use 64 bit Java on a 64 bit OS
#   Decrease Java heap size (-Xmx/-Xms)
#   Decrease number of Java threads
#   Decrease Java thread stack sizes (-Xss)
#   Set larger code cache with -XX:ReservedCodeCacheSize=
# This output file may be truncated or incomplete.
#
#  Out of Memory Error (allocation.cpp:390), pid=4716, tid=0x0000000000001654
#
# JRE version: OpenJDK Runtime Environment (8.0_76-b03) (build 1.8.0_76-release-b03)
# Java VM: OpenJDK 64-Bit Server VM (25.76-b03 mixed mode windows-amd64 compressed oops)
# Failed to write core dump. Minidumps are not enabled by default on client versions of Windows
#

---------------  T H R E A D  ---------------

Current thread (0x00000000150d6800):  JavaThread "C2 CompilerThread0" daemon [_thread_in_native, id=5716, stack(0x0000000016710000,0x0000000016810000)]

Stack: [0x0000000016710000,0x0000000016810000]
[error occurred during error reporting (printing stack bounds), id 0xc0000005]

Native frames: (J=compiled Java code, j=interpreted, Vv=VM code, C=native code)


Current CompileTask:
C2:   6209  959       4       com.android.dx.ssa.back.LivenessAnalyzer::handleTailRecursion (94 bytes)


---------------  P R O C E S S  ---------------

Java Threads: ( => current thread )
  0x0000000016c79000 JavaThread "pool-2-thread-4" [_thread_blocked, id=6136, stack(0x0000000017410000,0x0000000017510000)]
  0x0000000016bac800 JavaThread "pool-2-thread-3" [_thread_blocked, id=5452, stack(0x0000000017310000,0x0000000017410000)]
  0x0000000016baa000 JavaThread "pool-2-thread-2" [_thread_in_Java, id=5216, stack(0x0000000017210000,0x0000000017310000)]
  0x0000000016ba4800 JavaThread "pool-3-thread-1" [_thread_blocked, id=1084, stack(0x0000000017110000,0x0000000017210000)]
  0x0000000016b9f800 JavaThread "pool-2-thread-1" [_thread_blocked, id=6476, stack(0x0000000017010000,0x0000000017110000)]
  0x0000000016a1b000 JavaThread "Service Thread" daemon [_thread_blocked, id=6836, stack(0x0000000016e10000,0x0000000016f10000)]
  0x000000001512a800 JavaThread "C1 CompilerThread2" daemon [_thread_blocked, id=5460, stack(0x0000000016910000,0x0000000016a10000)]
  0x0000000015124800 JavaThread "C2 CompilerThread1" daemon [_thread_blocked, id=5628, stack(0x0000000016810000,0x0000000016910000)]
=>0x00000000150d6800 JavaThread "C2 CompilerThread0" daemon [_thread_in_native, id=5716, stack(0x0000000016710000,0x0000000016810000)]
  0x00000000150d5000 JavaThread "Attach Listener" daemon [_thread_blocked, id=5556, stack(0x0000000016610000,0x0000000016710000)]
  0x00000000150d4000 JavaThread "Signal Dispatcher" daemon [_thread_blocked, id=2728, stack(0x0000000016510000,0x0000000016610000)]
  0x00000000029cb000 JavaThread "Finalizer" daemon [_thread_blocked, id=6708, stack(0x0000000016330000,0x0000000016430000)]
  0x00000000029c0000 JavaThread "Reference Handler" daemon [_thread_blocked, id=1472, stack(0x0000000016230000,0x0000000016330000)]
  0x00000000028d0800 JavaThread "main" [_thread_in_Java, id=5708, stack(0x00000000027a0000,0x00000000028a0000)]

Other Threads:
  0x0000000015096800 VMThread [stack: 0x0000000016130000,0x0000000016230000] [id=6520]
  0x0000000016a10800 WatcherThread [stack: 0x0000000016f10000,0x0000000017010000] [id=4444]

VM state:not at safepoint (normal execution)

VM Mutex/Monitor currently owned by a thread: None

Heap:
 PSYoungGen      total 18944K, used 4557K [0x00000000eab00000, 0x00000000ec000000, 0x0000000100000000)
  eden space 16384K, 12% used [0x00000000eab00000,0x00000000eacf49f8,0x00000000ebb00000)
  from space 2560K, 99% used [0x00000000ebb00000,0x00000000ebd7eab8,0x00000000ebd80000)
  to   space 2560K, 0% used [0x00000000ebd80000,0x00000000ebd80000,0x00000000ec000000)
 ParOldGen       total 44032K, used 1616K [0x00000000c0000000, 0x00000000c2b00000, 0x00000000eab00000)
  object space 44032K, 3% used [0x00000000c0000000,0x00000000c0194080,0x00000000c2b00000)
 Metaspace       used 5794K, capacity 6768K, committed 7040K, reserved 1056768K
  class space    used 573K, capacity 616K, committed 640K, reserved 1048576K

Card table byte_map: [0x0000000011dc0000,0x0000000011fd0000] byte_map_base: 0x00000000117c0000

Marking Bits: (ParMarkBitMap*) 0x00000000538d9d00
 Begin Bits: [0x0000000012530000, 0x0000000013530000)
 End Bits:   [0x0000000013530000, 0x0000000014530000)

Polling page: 0x0000000000f00000

CodeCache: size=245760Kb used=4042Kb max_used=4053Kb free=241717Kb
 bounds [0x0000000002a00000, 0x0000000002e00000, 0x0000000011a00000]
 total_blobs=1263 nmethods=995 adapters=182
 compilation: enabled

Compilation events (10 events):
Event: 6.193 Thread 0x000000001512a800 nmethod 995 0x0000000002deea10 code [0x0000000002deeb60, 0x0000000002deec70]
Event: 6.193 Thread 0x000000001512a800  997       3       com.android.dx.ssa.SsaMethod::removeFromUseList (57 bytes)
Event: 6.194 Thread 0x000000001512a800 nmethod 997 0x0000000002deecd0 code [0x0000000002deeea0, 0x0000000002def668]
Event: 6.194 Thread 0x000000001512a800  998       3       com.android.dx.ssa.DeadCodeRemover::pruneDeadInstructions (246 bytes)
Event: 6.198 Thread 0x0000000015124800 nmethod 985 0x0000000002df2c50 code [0x0000000002df2de0, 0x0000000002df3468]
Event: 6.198 Thread 0x0000000015124800  986   !   4       com.android.dx.ssa.BasicRegisterMapper::map (44 bytes)
Event: 6.199 Thread 0x000000001512a800 nmethod 998 0x0000000002df3b10 code [0x0000000002df3f00, 0x0000000002df6738]
Event: 6.199 Thread 0x000000001512a800  996       3       com.android.dx.ssa.SsaMethod::onInsnRemoved (43 bytes)
Event: 6.199 Thread 0x000000001512a800 nmethod 996 0x0000000002df2310 code [0x0000000002df24a0, 0x0000000002df2a58]
Event: 6.201 Thread 0x0000000015124800 nmethod 986 0x0000000002df09d0 code [0x0000000002df0b20, 0x0000000002df0c68]

GC Heap History (2 events):
Event: 4.948 GC heap before
{Heap before GC invocations=1 (full 0):
 PSYoungGen      total 18944K, used 16384K [0x00000000eab00000, 0x00000000ec000000, 0x0000000100000000)
  eden space 16384K, 100% used [0x00000000eab00000,0x00000000ebb00000,0x00000000ebb00000)
  from space 2560K, 0% used [0x00000000ebd80000,0x00000000ebd80000,0x00000000ec000000)
  to   space 2560K, 0% used [0x00000000ebb00000,0x00000000ebb00000,0x00000000ebd80000)
 ParOldGen       total 44032K, used 0K [0x00000000c0000000, 0x00000000c2b00000, 0x00000000eab00000)
  object space 44032K, 0% used [0x00000000c0000000,0x00000000c0000000,0x00000000c2b00000)
 Metaspace       used 5767K, capacity 6768K, committed 7040K, reserved 1056768K
  class space    used 573K, capacity 616K, committed 640K, reserved 1048576K
Event: 6.069 GC heap after
Heap after GC invocations=1 (full 0):
 PSYoungGen      total 18944K, used 2554K [0x00000000eab00000, 0x00000000ec000000, 0x0000000100000000)
  eden space 16384K, 0% used [0x00000000eab00000,0x00000000eab00000,0x00000000ebb00000)
  from space 2560K, 99% used [0x00000000ebb00000,0x00000000ebd7eab8,0x00000000ebd80000)
  to   space 2560K, 0% used [0x00000000ebd80000,0x00000000ebd80000,0x00000000ec000000)
 ParOldGen       total 44032K, used 1616K [0x00000000c0000000, 0x00000000c2b00000, 0x00000000eab00000)
  object space 44032K, 3% used [0x00000000c0000000,0x00000000c0194080,0x00000000c2b00000)
 Metaspace       used 5767K, capacity 6768K, committed 7040K, reserved 1056768K
  class space    used 573K, capacity 616K, committed 640K, reserved 1048576K
}

Deoptimization events (2 events):
Event: 0.909 Thread 0x00000000028d0800 Uncommon trap: reason=unstable_if action=reinterpret pc=0x0000000002b39f50 method=java.lang.String.indexOf(II)I @ 49
Event: 3.554 Thread 0x0000000016b9f800 Uncommon trap: reason=unstable_if action=reinterpret pc=0x0000000002c1fa5c method=java.util.HashMap.getNode(ILjava/lang/Object;)Ljava/util/HashMap$Node; @ 129

Internal exceptions (2 events):
Event: 0.091 Thread 0x00000000028d0800 Exception <a 'java/lang/NoSuchMethodError': Method sun.misc.Unsafe.defineClass(Ljava/lang/String;[BII)Ljava/lang/Class; name or signature does not match> (0x00000000eab07cc0) thrown at [C:\src\android\AOSP-openjdk\external\jetbrains\jdk\hotspot\src\share\vfB‡g]·?
Event: 0.091 Thread 0x00000000028d0800 Exception <a 'java/lang/NoSuchMethodError': Method sun.misc.Unsafe.prefetchRead(Ljava/lang/Object;J)V name or signature does not match> (0x00000000eab07fa8) thrown at [C:\src\android\AOSP-openjdk\external\jetbrains\jdk\hotspot\src\share\vm\prims\jni.cpp, l

Events (10 events):
Event: 4.084 loading class java/util/TreeMap$EntrySet
Event: 4.084 loading class java/util/TreeMap$EntrySet done
Event: 4.085 loading class java/util/TreeMap$EntryIterator
Event: 4.085 loading class java/util/TreeMap$EntryIterator done
Event: 4.151 Executing VM operation: ForceSafepoint
Event: 4.151 Executing VM operation: ForceSafepoint done
Event: 4.346 Executing VM operation: EnableBiasedLocking
Event: 4.874 Executing VM operation: EnableBiasedLocking done
Event: 4.948 Executing VM operation: ParallelGCFailedAllocation
Event: 6.069 Executing VM operation: ParallelGCFailedAllocation done


Dynamic libraries:
0x00007ff7bbf40000 - 0x00007ff7bbf71000 	C:\Program Files\Android\Android Studio\jre\bin\java.exe
0x00007ff80bf10000 - 0x00007ff80c0bd000 	C:\windows\SYSTEM32\ntdll.dll
0x00007ff809590000 - 0x00007ff8096ce000 	C:\windows\system32\KERNEL32.DLL
0x00007ff809100000 - 0x00007ff809215000 	C:\windows\system32\KERNELBASE.dll
0x00007ff8098e0000 - 0x00007ff80998a000 	C:\windows\system32\ADVAPI32.dll
0x00007ff80b290000 - 0x00007ff80b407000 	C:\windows\system32\USER32.dll
0x00007ff806020000 - 0x00007ff80629b000 	C:\windows\WinSxS\amd64_microsoft.windows.common-controls_6595b64144ccf1df_6.0.9600.18006_none_623f33d3ecbe86e8\COMCTL32.dll
0x00007ff80b420000 - 0x00007ff80b4ca000 	C:\windows\system32\msvcrt.dll
0x00007ff80b6b0000 - 0x00007ff80b709000 	C:\windows\SYSTEM32\sechost.dll
0x00007ff8097a0000 - 0x00007ff8098e0000 	C:\windows\system32\RPCRT4.dll
0x00007ff80b860000 - 0x00007ff80b9af000 	C:\windows\system32\GDI32.dll
0x00007ff809560000 - 0x00007ff80958e000 	C:\windows\system32\SspiCli.dll
0x00007ff80b250000 - 0x00007ff80b286000 	C:\windows\system32\IMM32.DLL
0x00007ff80bdb0000 - 0x00007ff80bf02000 	C:\windows\system32\MSCTF.dll
0x0000000052f60000 - 0x0000000053032000 	C:\Program Files\Android\Android Studio\jre\jre\bin\msvcr100.dll
0x0000000053120000 - 0x0000000053954000 	C:\Program Files\Android\Android Studio\jre\jre\bin\server\jvm.dll
0x00007ff800dc0000 - 0x00007ff800dc9000 	C:\windows\SYSTEM32\WSOCK32.dll
0x00007ff804300000 - 0x00007ff804322000 	C:\windows\SYSTEM32\WINMM.dll
0x00007ff801630000 - 0x00007ff80163a000 	C:\windows\SYSTEM32\VERSION.dll
0x00007ff80b4e0000 - 0x00007ff80b4e7000 	C:\windows\system32\PSAPI.DLL
0x00007ff80ba10000 - 0x00007ff80ba6a000 	C:\windows\system32\WS2_32.dll
0x00007ff8042d0000 - 0x00007ff8042fa000 	C:\windows\SYSTEM32\WINMMBASE.dll
0x00007ff80b4d0000 - 0x00007ff80b4d9000 	C:\windows\system32\NSI.dll
0x00007ff809220000 - 0x00007ff80926f000 	C:\windows\SYSTEM32\cfgmgr32.dll
0x00007ff807e50000 - 0x00007ff807e78000 	C:\windows\SYSTEM32\DEVOBJ.dll
0x00007ff804e20000 - 0x00007ff804e2f000 	C:\Program Files\Android\Android Studio\jre\jre\bin\verify.dll
0x00007ff8049e0000 - 0x00007ff804a09000 	C:\Program Files\Android\Android Studio\jre\jre\bin\java.dll
0x00007ff8049c0000 - 0x00007ff8049d6000 	C:\Program Files\Android\Android Studio\jre\jre\bin\zip.dll
0x00007ff809b30000 - 0x00007ff80b058000 	C:\windows\system32\SHELL32.dll
0x00007ff80bb90000 - 0x00007ff80bda1000 	C:\windows\SYSTEM32\combase.dll
0x00007ff80b9b0000 - 0x00007ff80ba04000 	C:\windows\system32\SHLWAPI.dll
0x00007ff8073b0000 - 0x00007ff807462000 	C:\windows\SYSTEM32\SHCORE.dll
0x00007ff809030000 - 0x00007ff809045000 	C:\windows\SYSTEM32\profapi.dll

VM Arguments:
jvm_args: -Djava.awt.headless=true -Xmx1024M -Dfile.encoding=windows-1252 -Duser.country=US -Duser.language=en -Duser.variant 
java_command: com.android.dx.command.Main --dex --verbose --force-jumbo --num-threads=4 --multi-dex --output C:\Users\bruh\Desktop\COMP150-MOB\QueueR\app\build\intermediates\transforms\dex\debug\folders\1000\10\com.journeyapps-zxing-android-embedded-3.2.0_03c606fbd667ef64cb1249819ea12f4b723bd478 C:\Users\bruh\Desktop\COMP150-MOB\QueueR\app\build\intermediates\exploded-aar\com.journeyapps\zxing-android-embedded\3.2.0\jars\classes.jar
java_class_path (initial): C:\Users\bruh\AppData\Local\Android\sdk\build-tools\24.0.1\lib\dx.jar
Launcher Type: SUN_STANDARD

Environment Variables:
PATH=C:\Program Files\Java\jdk1.8.0_101\bin\;C:\ProgramData\Oracle\Java\javapath;C:\windows\system32;C:\windows;C:\windows\System32\Wbem;C:\windows\System32\WindowsPowerShell\v1.0\;C:\Program Files\nodejs\;C:\Program Files (x86)\Heroku\bin;C:\Program Files (x86)\git\cmd;C:\Users\bruh\AppData\Roaming\npm;C:\Program Files (x86)\Skype\Phone\;C:\Program Files (x86)\GtkSharp\2.12\bin;C:\Program Files\Java\jdk1.8.0_101\bin\
USERNAME=bruh
OS=Windows_NT
PROCESSOR_IDENTIFIER=Intel64 Family 6 Model 69 Stepping 1, GenuineIntel



---------------  S Y S T E M  ---------------

OS: Windows 8.1 , 64 bit Build 9600 (6.3.9600.17415)

CPU:total 4 (2 cores per cpu, 2 threads per core) family 6 model 69 stepping 1, cmov, cx8, fxsr, mmx, sse, sse2, sse3, ssse3, sse4.1, sse4.2, popcnt, avx, avx2, aes, clmul, erms, lzcnt, ht, tsc, tscinvbit, bmi1, bmi2

Memory: 4k page, physical 4097056k(386488k free), swap 7242784k(5132k free)

vm_info: OpenJDK 64-Bit Server VM (25.76-b03) for windows-amd64 JRE (1.8.0_76-release-b03), built on Jun 29 2016 19:09:20 by "ralucas" with MS VC++ 10.0 (VS2010)

time: Thu Dec 15 02:48:48 2016
elapsed time: 6 seconds (0d 0h 0m 6s)

