#
# There is insufficient memory for the Java Runtime Environment to continue.
# Native memory allocation (malloc) failed to allocate 1477776 bytes for Chunk::new
# Possible reasons:
#   The system is out of physical RAM or swap space
#   In 32 bit mode, the process size limit was hit
# Possible solutions:
#   Reduce memory load on the system
#   Increase physical memory or swap space
#   Check if swap backing store is full
#   Use 64 bit Java on a 64 bit OS
#   Decrease Java heap size (-Xmx/-Xms)
#   Decrease number of Java threads
#   Decrease Java thread stack sizes (-Xss)
#   Set larger code cache with -XX:ReservedCodeCacheSize=
# This output file may be truncated or incomplete.
#
#  Out of Memory Error (allocation.cpp:390), pid=3668, tid=0x00000000000012ec
#
# JRE version: OpenJDK Runtime Environment (8.0_76-b03) (build 1.8.0_76-release-b03)
# Java VM: OpenJDK 64-Bit Server VM (25.76-b03 mixed mode windows-amd64 compressed oops)
# Failed to write core dump. Minidumps are not enabled by default on client versions of Windows
#

---------------  T H R E A D  ---------------

Current thread (0x0000000014c4c800):  JavaThread "C2 CompilerThread1" daemon [_thread_in_native, id=4844, stack(0x0000000016340000,0x0000000016440000)]

Stack: [0x0000000016340000,0x0000000016440000]
[error occurred during error reporting (printing stack bounds), id 0xc0000005]

Native frames: (J=compiled Java code, j=interpreted, Vv=VM code, C=native code)


Current CompileTask:
C2:  11651 1563   !   4       com.android.dx.cf.code.Ropper::processBlock (1101 bytes)


---------------  P R O C E S S  ---------------

Java Threads: ( => current thread )
  0x0000000016806000 JavaThread "pool-2-thread-4" [_thread_in_Java, id=5940, stack(0x0000000016f40000,0x0000000017040000)]
  0x0000000016805800 JavaThread "pool-2-thread-3" [_thread_in_Java, id=5596, stack(0x0000000016e40000,0x0000000016f40000)]
  0x0000000016844800 JavaThread "pool-2-thread-2" [_thread_in_Java, id=4132, stack(0x0000000016d40000,0x0000000016e40000)]
  0x0000000016842800 JavaThread "pool-3-thread-1" [_thread_blocked, id=5800, stack(0x0000000016c40000,0x0000000016d40000)]
  0x0000000016842000 JavaThread "pool-2-thread-1" [_thread_in_Java, id=4284, stack(0x0000000016b40000,0x0000000016c40000)]
  0x0000000016562000 JavaThread "Service Thread" daemon [_thread_blocked, id=4280, stack(0x0000000016940000,0x0000000016a40000)]
  0x0000000014c4f000 JavaThread "C1 CompilerThread2" daemon [_thread_blocked, id=2132, stack(0x0000000016440000,0x0000000016540000)]
=>0x0000000014c4c800 JavaThread "C2 CompilerThread1" daemon [_thread_in_native, id=4844, stack(0x0000000016340000,0x0000000016440000)]
  0x0000000014c06800 JavaThread "C2 CompilerThread0" daemon [_thread_blocked, id=1396, stack(0x0000000016240000,0x0000000016340000)]
  0x0000000014c05000 JavaThread "Attach Listener" daemon [_thread_blocked, id=3528, stack(0x0000000016140000,0x0000000016240000)]
  0x0000000014c04000 JavaThread "Signal Dispatcher" daemon [_thread_blocked, id=2036, stack(0x0000000016040000,0x0000000016140000)]
  0x000000000252b000 JavaThread "Finalizer" daemon [_thread_blocked, id=1196, stack(0x0000000015e60000,0x0000000015f60000)]
  0x0000000002520000 JavaThread "Reference Handler" daemon [_thread_blocked, id=5784, stack(0x0000000015d60000,0x0000000015e60000)]
  0x0000000002430800 JavaThread "main" [_thread_blocked, id=5300, stack(0x00000000022d0000,0x00000000023d0000)]

Other Threads:
  0x0000000014bc6800 VMThread [stack: 0x0000000015c60000,0x0000000015d60000] [id=4908]
  0x0000000016564000 WatcherThread [stack: 0x0000000016a40000,0x0000000016b40000] [id=6028]

VM state:not at safepoint (normal execution)

VM Mutex/Monitor currently owned by a thread: None

Heap:
 PSYoungGen      total 35328K, used 17041K [0x00000000eab00000, 0x00000000ef000000, 0x0000000100000000)
  eden space 32768K, 44% used [0x00000000eab00000,0x00000000eb92a6c0,0x00000000ecb00000)
  from space 2560K, 99% used [0x00000000ecb00000,0x00000000ecd79e18,0x00000000ecd80000)
  to   space 2560K, 0% used [0x00000000eed80000,0x00000000eed80000,0x00000000ef000000)
 ParOldGen       total 44032K, used 7642K [0x00000000c0000000, 0x00000000c2b00000, 0x00000000eab00000)
  object space 44032K, 17% used [0x00000000c0000000,0x00000000c0776850,0x00000000c2b00000)
 Metaspace       used 6175K, capacity 7088K, committed 7296K, reserved 1056768K
  class space    used 578K, capacity 616K, committed 640K, reserved 1048576K

Card table byte_map: [0x00000000118f0000,0x0000000011b00000] byte_map_base: 0x00000000112f0000

Marking Bits: (ParMarkBitMap*) 0x00000000538d9d00
 Begin Bits: [0x0000000012060000, 0x0000000013060000)
 End Bits:   [0x0000000013060000, 0x0000000014060000)

Polling page: 0x0000000000980000

CodeCache: size=245760Kb used=7663Kb max_used=7684Kb free=238096Kb
 bounds [0x0000000002530000, 0x0000000002cc0000, 0x0000000011530000]
 total_blobs=1953 nmethods=1685 adapters=182
 compilation: enabled

Compilation events (10 events):
Event: 11.215 Thread 0x0000000014c4f000 1707       3       java.nio.Buffer::flip (20 bytes)
Event: 11.216 Thread 0x0000000014c4f000 nmethod 1707 0x0000000002caa790 code [0x0000000002caa8e0, 0x0000000002caaa50]
Event: 11.218 Thread 0x0000000014c4f000 1708       3       java.nio.Buffer::clear (20 bytes)
Event: 11.218 Thread 0x0000000014c4f000 nmethod 1708 0x0000000002caaad0 code [0x0000000002caac20, 0x0000000002caad90]
Event: 11.221 Thread 0x0000000014c4f000 1709       3       com.android.dx.rop.code.ThrowingInsn::<init> (49 bytes)
Event: 11.222 Thread 0x0000000014c4f000 nmethod 1709 0x0000000002caae10 code [0x0000000002caafa0, 0x0000000002cab408]
Event: 11.222 Thread 0x0000000014c4f000 1710       3       com.android.dx.util.ByteArray::<init> (9 bytes)
Event: 11.222 Thread 0x0000000014c4f000 nmethod 1710 0x0000000002cab5d0 code [0x0000000002cab740, 0x0000000002cab8c8]
Event: 11.258 Thread 0x0000000014c06800 nmethod 1633% 0x0000000002cb0bd0 code [0x0000000002cb0e80, 0x0000000002cb3410]
Event: 11.258 Thread 0x0000000014c06800 1642       4       com.android.dx.ssa.SsaMethod::mapRegisters (87 bytes)

GC Heap History (6 events):
Event: 1.834 GC heap before
{Heap before GC invocations=1 (full 0):
 PSYoungGen      total 18944K, used 16384K [0x00000000eab00000, 0x00000000ec000000, 0x0000000100000000)
  eden space 16384K, 100% used [0x00000000eab00000,0x00000000ebb00000,0x00000000ebb00000)
  from space 2560K, 0% used [0x00000000ebd80000,0x00000000ebd80000,0x00000000ec000000)
  to   space 2560K, 0% used [0x00000000ebb00000,0x00000000ebb00000,0x00000000ebd80000)
 ParOldGen       total 44032K, used 0K [0x00000000c0000000, 0x00000000c2b00000, 0x00000000eab00000)
  object space 44032K, 0% used [0x00000000c0000000,0x00000000c0000000,0x00000000c2b00000)
 Metaspace       used 5487K, capacity 6512K, committed 6784K, reserved 1056768K
  class space    used 574K, capacity 616K, committed 640K, reserved 1048576K
Event: 1.972 GC heap after
Heap after GC invocations=1 (full 0):
 PSYoungGen      total 18944K, used 2552K [0x00000000eab00000, 0x00000000ed000000, 0x0000000100000000)
  eden space 16384K, 0% used [0x00000000eab00000,0x00000000eab00000,0x00000000ebb00000)
  from space 2560K, 99% used [0x00000000ebb00000,0x00000000ebd7e088,0x00000000ebd80000)
  to   space 2560K, 0% used [0x00000000ecd80000,0x00000000ecd80000,0x00000000ed000000)
 ParOldGen       total 44032K, used 867K [0x00000000c0000000, 0x00000000c2b00000, 0x00000000eab00000)
  object space 44032K, 1% used [0x00000000c0000000,0x00000000c00d8c08,0x00000000c2b00000)
 Metaspace       used 5487K, capacity 6512K, committed 6784K, reserved 1056768K
  class space    used 574K, capacity 616K, committed 640K, reserved 1048576K
}
Event: 3.754 GC heap before
{Heap before GC invocations=2 (full 0):
 PSYoungGen      total 18944K, used 18936K [0x00000000eab00000, 0x00000000ed000000, 0x0000000100000000)
  eden space 16384K, 100% used [0x00000000eab00000,0x00000000ebb00000,0x00000000ebb00000)
  from space 2560K, 99% used [0x00000000ebb00000,0x00000000ebd7e088,0x00000000ebd80000)
  to   space 2560K, 0% used [0x00000000ecd80000,0x00000000ecd80000,0x00000000ed000000)
 ParOldGen       total 44032K, used 867K [0x00000000c0000000, 0x00000000c2b00000, 0x00000000eab00000)
  object space 44032K, 1% used [0x00000000c0000000,0x00000000c00d8c08,0x00000000c2b00000)
 Metaspace       used 5962K, capacity 6960K, committed 7040K, reserved 1056768K
  class space    used 578K, capacity 616K, committed 640K, reserved 1048576K
Event: 4.108 GC heap after
Heap after GC invocations=2 (full 0):
 PSYoungGen      total 35328K, used 2554K [0x00000000eab00000, 0x00000000ed000000, 0x0000000100000000)
  eden space 32768K, 0% used [0x00000000eab00000,0x00000000eab00000,0x00000000ecb00000)
  from space 2560K, 99% used [0x00000000ecd80000,0x00000000ecffeab8,0x00000000ed000000)
  to   space 2560K, 0% used [0x00000000ecb00000,0x00000000ecb00000,0x00000000ecd80000)
 ParOldGen       total 44032K, used 2749K [0x00000000c0000000, 0x00000000c2b00000, 0x00000000eab00000)
  object space 44032K, 6% used [0x00000000c0000000,0x00000000c02af550,0x00000000c2b00000)
 Metaspace       used 5962K, capacity 6960K, committed 7040K, reserved 1056768K
  class space    used 578K, capacity 616K, committed 640K, reserved 1048576K
}
Event: 9.867 GC heap before
{Heap before GC invocations=3 (full 0):
 PSYoungGen      total 35328K, used 35322K [0x00000000eab00000, 0x00000000ed000000, 0x0000000100000000)
  eden space 32768K, 100% used [0x00000000eab00000,0x00000000ecb00000,0x00000000ecb00000)
  from space 2560K, 99% used [0x00000000ecd80000,0x00000000ecffeab8,0x00000000ed000000)
  to   space 2560K, 0% used [0x00000000ecb00000,0x00000000ecb00000,0x00000000ecd80000)
 ParOldGen       total 44032K, used 2749K [0x00000000c0000000, 0x00000000c2b00000, 0x00000000eab00000)
  object space 44032K, 6% used [0x00000000c0000000,0x00000000c02af550,0x00000000c2b00000)
 Metaspace       used 6141K, capacity 7088K, committed 7296K, reserved 1056768K
  class space    used 578K, capacity 616K, committed 640K, reserved 1048576K
Event: 10.318 GC heap after
Heap after GC invocations=3 (full 0):
 PSYoungGen      total 35328K, used 2535K [0x00000000eab00000, 0x00000000ef000000, 0x0000000100000000)
  eden space 32768K, 0% used [0x00000000eab00000,0x00000000eab00000,0x00000000ecb00000)
  from space 2560K, 99% used [0x00000000ecb00000,0x00000000ecd79e18,0x00000000ecd80000)
  to   space 2560K, 0% used [0x00000000eed80000,0x00000000eed80000,0x00000000ef000000)
 ParOldGen       total 44032K, used 7642K [0x00000000c0000000, 0x00000000c2b00000, 0x00000000eab00000)
  object space 44032K, 17% used [0x00000000c0000000,0x00000000c0776850,0x00000000c2b00000)
 Metaspace       used 6141K, capacity 7088K, committed 7296K, reserved 1056768K
  class space    used 578K, capacity 616K, committed 640K, reserved 1048576K
}

Deoptimization events (10 events):
Event: 11.042 Thread 0x0000000016842000 Uncommon trap: reason=bimorphic action=maybe_recompile pc=0x0000000002bf34b0 method=com.android.dx.cf.code.RopperMachine.run(Lcom/android/dx/cf/code/Frame;II)V @ 988
Event: 11.042 Thread 0x0000000016842000 Uncommon trap: reason=bimorphic action=maybe_recompile pc=0x0000000002bf34b0 method=com.android.dx.cf.code.RopperMachine.run(Lcom/android/dx/cf/code/Frame;II)V @ 988
Event: 11.071 Thread 0x0000000016842000 Uncommon trap: reason=bimorphic action=maybe_recompile pc=0x0000000002b1fe60 method=com.android.dx.ssa.SCCP.setLatticeValueTo(IILcom/android/dx/rop/cst/Constant;)Z @ 43
Event: 11.071 Thread 0x0000000016842000 Uncommon trap: reason=bimorphic action=maybe_recompile pc=0x0000000002b66fc0 method=com.android.dx.ssa.SCCP.simulatePhi(Lcom/android/dx/ssa/PhiInsn;)V @ 124
Event: 11.071 Thread 0x0000000016842000 Uncommon trap: reason=bimorphic action=maybe_recompile pc=0x0000000002b1fe60 method=com.android.dx.ssa.SCCP.setLatticeValueTo(IILcom/android/dx/rop/cst/Constant;)Z @ 43
Event: 11.071 Thread 0x0000000016842000 Uncommon trap: reason=bimorphic action=maybe_recompile pc=0x0000000002b67084 method=com.android.dx.ssa.SCCP.setLatticeValueTo(IILcom/android/dx/rop/cst/Constant;)Z @ 43
Event: 11.076 Thread 0x0000000016842000 Uncommon trap: reason=bimorphic action=maybe_recompile pc=0x0000000002b1fe60 method=com.android.dx.ssa.SCCP.setLatticeValueTo(IILcom/android/dx/rop/cst/Constant;)Z @ 43
Event: 11.076 Thread 0x0000000016842000 Uncommon trap: reason=bimorphic action=maybe_recompile pc=0x0000000002b66fc0 method=com.android.dx.ssa.SCCP.simulatePhi(Lcom/android/dx/ssa/PhiInsn;)V @ 124
Event: 11.076 Thread 0x0000000016842000 Uncommon trap: reason=bimorphic action=maybe_recompile pc=0x0000000002b67084 method=com.android.dx.ssa.SCCP.setLatticeValueTo(IILcom/android/dx/rop/cst/Constant;)Z @ 43
Event: 11.098 Thread 0x0000000016842000 Uncommon trap: reason=unstable_if action=reinterpret pc=0x0000000002b6fc34 method=com.android.dx.util.MutabilityControl.isImmutable()Z @ 4

Internal exceptions (3 events):
Event: 0.087 Thread 0x0000000002430800 Exception <a 'java/lang/NoSuchMethodError': Method sun.misc.Unsafe.defineClass(Ljava/lang/String;[BII)Ljava/lang/Class; name or signature does not match> (0x00000000eab07cc0) thrown at [C:\src\android\AOSP-openjdk\external\jetbrains\jdk\hotspot\src\share\v¾‹O¦@¶?
Event: 0.087 Thread 0x0000000002430800 Exception <a 'java/lang/NoSuchMethodError': Method sun.misc.Unsafe.prefetchRead(Ljava/lang/Object;J)V name or signature does not match> (0x00000000eab07fa8) thrown at [C:\src\android\AOSP-openjdk\external\jetbrains\jdk\hotspot\src\share\vm\prims\jni.cpp, l=ŒÆà’"@
Event: 9.287 Thread 0x0000000016844800 Implicit null exception at 0x0000000002abdfc4 to 0x0000000002ac0ce9

Events (10 events):
Event: 11.076 Thread 0x0000000016842000 DEOPT UNPACKING pc=0x000000000257556a sp=0x0000000016c3e998 mode 2
Event: 11.076 Thread 0x0000000016842000 Uncommon trap: trap_request=0xffffffc6 fr.pc=0x0000000002b66fc0
Event: 11.076 Thread 0x0000000016842000 DEOPT PACKING pc=0x0000000002b66fc0 sp=0x0000000016c3ea20
Event: 11.076 Thread 0x0000000016842000 DEOPT UNPACKING pc=0x000000000257556a sp=0x0000000016c3e9f8 mode 2
Event: 11.076 Thread 0x0000000016842000 Uncommon trap: trap_request=0xffffffc6 fr.pc=0x0000000002b67084
Event: 11.076 Thread 0x0000000016842000 DEOPT PACKING pc=0x0000000002b67084 sp=0x0000000016c3ea20
Event: 11.076 Thread 0x0000000016842000 DEOPT UNPACKING pc=0x000000000257556a sp=0x0000000016c3e988 mode 2
Event: 11.098 Thread 0x0000000016842000 Uncommon trap: trap_request=0xffffff65 fr.pc=0x0000000002b6fc34
Event: 11.098 Thread 0x0000000016842000 DEOPT PACKING pc=0x0000000002b6fc34 sp=0x0000000016c3eac0
Event: 11.098 Thread 0x0000000016842000 DEOPT UNPACKING pc=0x000000000257556a sp=0x0000000016c3e898 mode 2


Dynamic libraries:
0x00007ff7bbf40000 - 0x00007ff7bbf71000 	C:\Program Files\Android\Android Studio\jre\bin\java.exe
0x00007ff80bf10000 - 0x00007ff80c0bd000 	C:\windows\SYSTEM32\ntdll.dll
0x00007ff809590000 - 0x00007ff8096ce000 	C:\windows\system32\KERNEL32.DLL
0x00007ff809100000 - 0x00007ff809215000 	C:\windows\system32\KERNELBASE.dll
0x00007ff8098e0000 - 0x00007ff80998a000 	C:\windows\system32\ADVAPI32.dll
0x00007ff80b290000 - 0x00007ff80b407000 	C:\windows\system32\USER32.dll
0x00007ff806020000 - 0x00007ff80629b000 	C:\windows\WinSxS\amd64_microsoft.windows.common-controls_6595b64144ccf1df_6.0.9600.18006_none_623f33d3ecbe86e8\COMCTL32.dll
0x00007ff80b420000 - 0x00007ff80b4ca000 	C:\windows\system32\msvcrt.dll
0x00007ff80b6b0000 - 0x00007ff80b709000 	C:\windows\SYSTEM32\sechost.dll
0x00007ff8097a0000 - 0x00007ff8098e0000 	C:\windows\system32\RPCRT4.dll
0x00007ff80b860000 - 0x00007ff80b9af000 	C:\windows\system32\GDI32.dll
0x00007ff809560000 - 0x00007ff80958e000 	C:\windows\system32\SspiCli.dll
0x00007ff80b250000 - 0x00007ff80b286000 	C:\windows\system32\IMM32.DLL
0x00007ff80bdb0000 - 0x00007ff80bf02000 	C:\windows\system32\MSCTF.dll
0x0000000052f60000 - 0x0000000053032000 	C:\Program Files\Android\Android Studio\jre\jre\bin\msvcr100.dll
0x0000000053120000 - 0x0000000053954000 	C:\Program Files\Android\Android Studio\jre\jre\bin\server\jvm.dll
0x00007ff800dc0000 - 0x00007ff800dc9000 	C:\windows\SYSTEM32\WSOCK32.dll
0x00007ff804300000 - 0x00007ff804322000 	C:\windows\SYSTEM32\WINMM.dll
0x00007ff801630000 - 0x00007ff80163a000 	C:\windows\SYSTEM32\VERSION.dll
0x00007ff80b4e0000 - 0x00007ff80b4e7000 	C:\windows\system32\PSAPI.DLL
0x00007ff80ba10000 - 0x00007ff80ba6a000 	C:\windows\system32\WS2_32.dll
0x00007ff8042d0000 - 0x00007ff8042fa000 	C:\windows\SYSTEM32\WINMMBASE.dll
0x00007ff80b4d0000 - 0x00007ff80b4d9000 	C:\windows\system32\NSI.dll
0x00007ff809220000 - 0x00007ff80926f000 	C:\windows\SYSTEM32\cfgmgr32.dll
0x00007ff807e50000 - 0x00007ff807e78000 	C:\windows\SYSTEM32\DEVOBJ.dll
0x00007ff8049b0000 - 0x00007ff8049bf000 	C:\Program Files\Android\Android Studio\jre\jre\bin\verify.dll
0x00007ff803cc0000 - 0x00007ff803ce9000 	C:\Program Files\Android\Android Studio\jre\jre\bin\java.dll
0x00007ff802750000 - 0x00007ff802766000 	C:\Program Files\Android\Android Studio\jre\jre\bin\zip.dll
0x00007ff809b30000 - 0x00007ff80b058000 	C:\windows\system32\SHELL32.dll
0x00007ff80bb90000 - 0x00007ff80bda1000 	C:\windows\SYSTEM32\combase.dll
0x00007ff80b9b0000 - 0x00007ff80ba04000 	C:\windows\system32\SHLWAPI.dll
0x00007ff8073b0000 - 0x00007ff807462000 	C:\windows\SYSTEM32\SHCORE.dll
0x00007ff809030000 - 0x00007ff809045000 	C:\windows\SYSTEM32\profapi.dll

VM Arguments:
jvm_args: -Djava.awt.headless=true -Xmx1024M -Dfile.encoding=windows-1252 -Duser.country=US -Duser.language=en -Duser.variant 
java_command: com.android.dx.command.Main --dex --verbose --force-jumbo --num-threads=4 --multi-dex --output C:\Users\bruh\Desktop\COMP150-MOB\QueueR\app\build\intermediates\transforms\dex\debug\folders\1000\10\com.android.support-appcompat-v7-24.1.1_ebbed52b42f6f05cd04bdfd5166f527c4e1fc9ac C:\Users\bruh\Desktop\COMP150-MOB\QueueR\app\build\intermediates\exploded-aar\com.android.support\appcompat-v7\24.1.1\jars\classes.jar
java_class_path (initial): C:\Users\bruh\AppData\Local\Android\sdk\build-tools\24.0.1\lib\dx.jar
Launcher Type: SUN_STANDARD

Environment Variables:
PATH=C:\Program Files\Java\jdk1.8.0_101\bin\;C:\ProgramData\Oracle\Java\javapath;C:\windows\system32;C:\windows;C:\windows\System32\Wbem;C:\windows\System32\WindowsPowerShell\v1.0\;C:\Program Files\nodejs\;C:\Program Files (x86)\Heroku\bin;C:\Program Files (x86)\git\cmd;C:\Users\bruh\AppData\Roaming\npm;C:\Program Files (x86)\Skype\Phone\;C:\Program Files (x86)\GtkSharp\2.12\bin;C:\Program Files\Java\jdk1.8.0_101\bin\
USERNAME=bruh
OS=Windows_NT
PROCESSOR_IDENTIFIER=Intel64 Family 6 Model 69 Stepping 1, GenuineIntel



---------------  S Y S T E M  ---------------

OS: Windows 8.1 , 64 bit Build 9600 (6.3.9600.17415)

CPU:total 4 (2 cores per cpu, 2 threads per core) family 6 model 69 stepping 1, cmov, cx8, fxsr, mmx, sse, sse2, sse3, ssse3, sse4.1, sse4.2, popcnt, avx, avx2, aes, clmul, erms, lzcnt, ht, tsc, tscinvbit, bmi1, bmi2

Memory: 4k page, physical 4097056k(222324k free), swap 7242784k(5428k free)

vm_info: OpenJDK 64-Bit Server VM (25.76-b03) for windows-amd64 JRE (1.8.0_76-release-b03), built on Jun 29 2016 19:09:20 by "ralucas" with MS VC++ 10.0 (VS2010)

time: Wed Dec 14 18:03:03 2016
elapsed time: 11 seconds (0d 0h 0m 11s)

