#
# There is insufficient memory for the Java Runtime Environment to continue.
# Native memory allocation (malloc) failed to allocate 262160 bytes for Chunk::new
# Possible reasons:
#   The system is out of physical RAM or swap space
#   In 32 bit mode, the process size limit was hit
# Possible solutions:
#   Reduce memory load on the system
#   Increase physical memory or swap space
#   Check if swap backing store is full
#   Use 64 bit Java on a 64 bit OS
#   Decrease Java heap size (-Xmx/-Xms)
#   Decrease number of Java threads
#   Decrease Java thread stack sizes (-Xss)
#   Set larger code cache with -XX:ReservedCodeCacheSize=
# This output file may be truncated or incomplete.
#
#  Out of Memory Error (allocation.cpp:390), pid=6676, tid=0x0000000000000378
#
# JRE version: OpenJDK Runtime Environment (8.0_76-b03) (build 1.8.0_76-release-b03)
# Java VM: OpenJDK 64-Bit Server VM (25.76-b03 mixed mode windows-amd64 compressed oops)
# Failed to write core dump. Minidumps are not enabled by default on client versions of Windows
#

---------------  T H R E A D  ---------------

Current thread (0x00000000146c4800):  JavaThread "C2 CompilerThread1" daemon [_thread_in_native, id=888, stack(0x0000000015db0000,0x0000000015eb0000)]

Stack: [0x0000000015db0000,0x0000000015eb0000]
[error occurred during error reporting (printing stack bounds), id 0xc0000005]

Native frames: (J=compiled Java code, j=interpreted, Vv=VM code, C=native code)


Current CompileTask:
C2:   4037 1521   !   4       com.android.dx.cf.code.BytecodeArray::parseInstruction (2764 bytes)


---------------  P R O C E S S  ---------------

Java Threads: ( => current thread )
  0x0000000016206000 JavaThread "pool-2-thread-4" [_thread_in_Java, id=6008, stack(0x00000000169b0000,0x0000000016ab0000)]
  0x0000000016205800 JavaThread "pool-2-thread-3" [_thread_in_Java, id=4568, stack(0x00000000168b0000,0x00000000169b0000)]
  0x0000000016204800 JavaThread "pool-2-thread-2" [_thread_blocked, id=1944, stack(0x00000000167b0000,0x00000000168b0000)]
  0x00000000161f1800 JavaThread "pool-3-thread-1" [_thread_blocked, id=5144, stack(0x00000000166b0000,0x00000000167b0000)]
  0x00000000161ec800 JavaThread "pool-2-thread-1" [_thread_in_Java, id=6536, stack(0x00000000165b0000,0x00000000166b0000)]
  0x0000000015fbb000 JavaThread "Service Thread" daemon [_thread_blocked, id=4664, stack(0x00000000163b0000,0x00000000164b0000)]
  0x00000000146ca800 JavaThread "C1 CompilerThread2" daemon [_thread_in_vm, id=2980, stack(0x0000000015eb0000,0x0000000015fb0000)]
=>0x00000000146c4800 JavaThread "C2 CompilerThread1" daemon [_thread_in_native, id=888, stack(0x0000000015db0000,0x0000000015eb0000)]
  0x0000000014676800 JavaThread "C2 CompilerThread0" daemon [_thread_in_native, id=2788, stack(0x0000000015cb0000,0x0000000015db0000)]
  0x0000000014675000 JavaThread "Attach Listener" daemon [_thread_blocked, id=2456, stack(0x0000000015bb0000,0x0000000015cb0000)]
  0x0000000014674000 JavaThread "Signal Dispatcher" daemon [_thread_blocked, id=5900, stack(0x0000000015ab0000,0x0000000015bb0000)]
  0x0000000001f9b000 JavaThread "Finalizer" daemon [_thread_blocked, id=1176, stack(0x00000000158d0000,0x00000000159d0000)]
  0x0000000001f90000 JavaThread "Reference Handler" daemon [_thread_blocked, id=3248, stack(0x00000000157d0000,0x00000000158d0000)]
  0x0000000001ea0800 JavaThread "main" [_thread_blocked, id=1380, stack(0x0000000001da0000,0x0000000001ea0000)]

Other Threads:
  0x0000000014635800 VMThread [stack: 0x00000000156d0000,0x00000000157d0000] [id=4476]
  0x0000000015fb0800 WatcherThread [stack: 0x00000000164b0000,0x00000000165b0000] [id=5544]

VM state:not at safepoint (normal execution)

VM Mutex/Monitor currently owned by a thread: None

Heap:
 PSYoungGen      total 35328K, used 5493K [0x00000000eab00000, 0x00000000ed000000, 0x0000000100000000)
  eden space 32768K, 9% used [0x00000000eab00000,0x00000000eade4770,0x00000000ecb00000)
  from space 2560K, 98% used [0x00000000ecb00000,0x00000000ecd78ec0,0x00000000ecd80000)
  to   space 2560K, 0% used [0x00000000ecd80000,0x00000000ecd80000,0x00000000ed000000)
 ParOldGen       total 44032K, used 9199K [0x00000000c0000000, 0x00000000c2b00000, 0x00000000eab00000)
  object space 44032K, 20% used [0x00000000c0000000,0x00000000c08fbed8,0x00000000c2b00000)
 Metaspace       used 6167K, capacity 7088K, committed 7296K, reserved 1056768K
  class space    used 576K, capacity 616K, committed 640K, reserved 1048576K

Card table byte_map: [0x0000000011360000,0x0000000011570000] byte_map_base: 0x0000000010d60000

Marking Bits: (ParMarkBitMap*) 0x00000000538d9d00
 Begin Bits: [0x0000000011ad0000, 0x0000000012ad0000)
 End Bits:   [0x0000000012ad0000, 0x0000000013ad0000)

Polling page: 0x0000000001d20000

CodeCache: size=245760Kb used=6389Kb max_used=6389Kb free=239370Kb
 bounds [0x0000000001fa0000, 0x00000000025f0000, 0x0000000010fa0000]
 total_blobs=1808 nmethods=1539 adapters=182
 compilation: enabled

Compilation events (10 events):
Event: 4.025 Thread 0x00000000146ca800 nmethod 1550 0x00000000025cbc50 code [0x00000000025cbdc0, 0x00000000025cc028]
Event: 4.025 Thread 0x00000000146ca800 1551       1       com.android.dx.rop.cst.CstKnownNull::getType (4 bytes)
Event: 4.025 Thread 0x00000000146ca800 nmethod 1551 0x00000000025dded0 code [0x00000000025de020, 0x00000000025de130]
Event: 4.028 Thread 0x00000000146ca800 1552       2       com.android.dx.rop.code.RegisterSpec::getFrameType (10 bytes)
Event: 4.028 Thread 0x00000000146ca800 nmethod 1552 0x00000000025de190 code [0x00000000025de300, 0x00000000025de488]
Event: 4.028 Thread 0x00000000146ca800 1553       2       com.android.dx.ssa.LiteralOpUpgrader$1::visitPhiInsn (1 bytes)
Event: 4.029 Thread 0x00000000146ca800 nmethod 1553 0x00000000025de510 code [0x00000000025de660, 0x00000000025de7b0]
Event: 4.030 Thread 0x00000000146ca800 1554       2       com.android.dx.ssa.back.FirstFitLocalCombiningAllocator$1::visitPhiInsn (6 bytes)
Event: 4.030 Thread 0x00000000146ca800 nmethod 1554 0x00000000025de850 code [0x00000000025de9c0, 0x00000000025deb28]
Event: 4.031 Thread 0x00000000146ca800 1555       2       com.android.dx.ssa.back.FirstFitLocalCombiningAllocator::processPhiInsn (255 bytes)

GC Heap History (6 events):
Event: 2.523 GC heap before
{Heap before GC invocations=1 (full 0):
 PSYoungGen      total 18944K, used 16384K [0x00000000eab00000, 0x00000000ec000000, 0x0000000100000000)
  eden space 16384K, 100% used [0x00000000eab00000,0x00000000ebb00000,0x00000000ebb00000)
  from space 2560K, 0% used [0x00000000ebd80000,0x00000000ebd80000,0x00000000ec000000)
  to   space 2560K, 0% used [0x00000000ebb00000,0x00000000ebb00000,0x00000000ebd80000)
 ParOldGen       total 44032K, used 0K [0x00000000c0000000, 0x00000000c2b00000, 0x00000000eab00000)
  object space 44032K, 0% used [0x00000000c0000000,0x00000000c0000000,0x00000000c2b00000)
 Metaspace       used 5778K, capacity 6768K, committed 7040K, reserved 1056768K
  class space    used 575K, capacity 616K, committed 640K, reserved 1048576K
Event: 2.558 GC heap after
Heap after GC invocations=1 (full 0):
 PSYoungGen      total 18944K, used 2535K [0x00000000eab00000, 0x00000000ed000000, 0x0000000100000000)
  eden space 16384K, 0% used [0x00000000eab00000,0x00000000eab00000,0x00000000ebb00000)
  from space 2560K, 99% used [0x00000000ebb00000,0x00000000ebd79f80,0x00000000ebd80000)
  to   space 2560K, 0% used [0x00000000ecd80000,0x00000000ecd80000,0x00000000ed000000)
 ParOldGen       total 44032K, used 1760K [0x00000000c0000000, 0x00000000c2b00000, 0x00000000eab00000)
  object space 44032K, 3% used [0x00000000c0000000,0x00000000c01b8020,0x00000000c2b00000)
 Metaspace       used 5778K, capacity 6768K, committed 7040K, reserved 1056768K
  class space    used 575K, capacity 616K, committed 640K, reserved 1048576K
}
Event: 3.257 GC heap before
{Heap before GC invocations=2 (full 0):
 PSYoungGen      total 18944K, used 18919K [0x00000000eab00000, 0x00000000ed000000, 0x0000000100000000)
  eden space 16384K, 100% used [0x00000000eab00000,0x00000000ebb00000,0x00000000ebb00000)
  from space 2560K, 99% used [0x00000000ebb00000,0x00000000ebd79f80,0x00000000ebd80000)
  to   space 2560K, 0% used [0x00000000ecd80000,0x00000000ecd80000,0x00000000ed000000)
 ParOldGen       total 44032K, used 1760K [0x00000000c0000000, 0x00000000c2b00000, 0x00000000eab00000)
  object space 44032K, 3% used [0x00000000c0000000,0x00000000c01b8020,0x00000000c2b00000)
 Metaspace       used 6012K, capacity 6960K, committed 7040K, reserved 1056768K
  class space    used 575K, capacity 616K, committed 640K, reserved 1048576K
Event: 3.325 GC heap after
Heap after GC invocations=2 (full 0):
 PSYoungGen      total 35328K, used 2538K [0x00000000eab00000, 0x00000000ed000000, 0x0000000100000000)
  eden space 32768K, 0% used [0x00000000eab00000,0x00000000eab00000,0x00000000ecb00000)
  from space 2560K, 99% used [0x00000000ecd80000,0x00000000ecffab10,0x00000000ed000000)
  to   space 2560K, 0% used [0x00000000ecb00000,0x00000000ecb00000,0x00000000ecd80000)
 ParOldGen       total 44032K, used 3946K [0x00000000c0000000, 0x00000000c2b00000, 0x00000000eab00000)
  object space 44032K, 8% used [0x00000000c0000000,0x00000000c03daad8,0x00000000c2b00000)
 Metaspace       used 6012K, capacity 6960K, committed 7040K, reserved 1056768K
  class space    used 575K, capacity 616K, committed 640K, reserved 1048576K
}
Event: 3.980 GC heap before
{Heap before GC invocations=3 (full 0):
 PSYoungGen      total 35328K, used 35306K [0x00000000eab00000, 0x00000000ed000000, 0x0000000100000000)
  eden space 32768K, 100% used [0x00000000eab00000,0x00000000ecb00000,0x00000000ecb00000)
  from space 2560K, 99% used [0x00000000ecd80000,0x00000000ecffab10,0x00000000ed000000)
  to   space 2560K, 0% used [0x00000000ecb00000,0x00000000ecb00000,0x00000000ecd80000)
 ParOldGen       total 44032K, used 3946K [0x00000000c0000000, 0x00000000c2b00000, 0x00000000eab00000)
  object space 44032K, 8% used [0x00000000c0000000,0x00000000c03daad8,0x00000000c2b00000)
 Metaspace       used 6162K, capacity 7088K, committed 7296K, reserved 1056768K
  class space    used 576K, capacity 616K, committed 640K, reserved 1048576K
Event: 4.021 GC heap after
Heap after GC invocations=3 (full 0):
 PSYoungGen      total 35328K, used 2531K [0x00000000eab00000, 0x00000000ed000000, 0x0000000100000000)
  eden space 32768K, 0% used [0x00000000eab00000,0x00000000eab00000,0x00000000ecb00000)
  from space 2560K, 98% used [0x00000000ecb00000,0x00000000ecd78ec0,0x00000000ecd80000)
  to   space 2560K, 0% used [0x00000000ecd80000,0x00000000ecd80000,0x00000000ed000000)
 ParOldGen       total 44032K, used 9199K [0x00000000c0000000, 0x00000000c2b00000, 0x00000000eab00000)
  object space 44032K, 20% used [0x00000000c0000000,0x00000000c08fbed8,0x00000000c2b00000)
 Metaspace       used 6162K, capacity 7088K, committed 7296K, reserved 1056768K
  class space    used 576K, capacity 616K, committed 640K, reserved 1048576K
}

Deoptimization events (10 events):
Event: 3.498 Thread 0x0000000016204800 Uncommon trap: reason=unstable_if action=reinterpret pc=0x0000000002405a9c method=com.android.dx.ssa.SsaMethod.updateOneDefinition(Lcom/android/dx/ssa/SsaInsn;Lcom/android/dx/rop/code/RegisterSpec;)V @ 4
Event: 3.521 Thread 0x0000000016204800 Uncommon trap: reason=null_check action=make_not_entrant pc=0x000000000231d0c0 method=com.android.dx.ssa.SsaRenamer.getLocalForNewReg(I)Lcom/android/dx/rop/code/LocalItem; @ 19
Event: 3.701 Thread 0x0000000016206000 Uncommon trap: reason=bimorphic action=maybe_recompile pc=0x00000000025878d8 method=com.android.dx.cf.code.BytecodeArray.parseInstruction(ILcom/android/dx/cf/code/BytecodeArray$Visitor;)I @ 923
Event: 3.701 Thread 0x0000000016206000 Uncommon trap: reason=bimorphic action=maybe_recompile pc=0x0000000002586d2c method=com.android.dx.cf.code.BytecodeArray.parseInstruction(ILcom/android/dx/cf/code/BytecodeArray$Visitor;)I @ 2484
Event: 3.701 Thread 0x0000000016206000 Uncommon trap: reason=bimorphic action=maybe_recompile pc=0x00000000025878d8 method=com.android.dx.cf.code.BytecodeArray.parseInstruction(ILcom/android/dx/cf/code/BytecodeArray$Visitor;)I @ 923
Event: 3.702 Thread 0x0000000016206000 Uncommon trap: reason=bimorphic action=maybe_recompile pc=0x0000000002586d2c method=com.android.dx.cf.code.BytecodeArray.parseInstruction(ILcom/android/dx/cf/code/BytecodeArray$Visitor;)I @ 2484
Event: 3.958 Thread 0x0000000016204800 Uncommon trap: reason=bimorphic action=maybe_recompile pc=0x0000000002237d28 method=java.util.HashMap.getNode(ILjava/lang/Object;)Ljava/util/HashMap$Node; @ 126
Event: 3.958 Thread 0x0000000016204800 Uncommon trap: reason=class_check action=maybe_recompile pc=0x0000000002485d14 method=java.util.HashMap.putVal(ILjava/lang/Object;Ljava/lang/Object;ZZ)Ljava/lang/Object; @ 203
Event: 3.958 Thread 0x0000000016204800 Uncommon trap: reason=bimorphic action=maybe_recompile pc=0x0000000002237d28 method=java.util.HashMap.getNode(ILjava/lang/Object;)Ljava/util/HashMap$Node; @ 126
Event: 3.958 Thread 0x0000000016204800 Uncommon trap: reason=class_check action=maybe_recompile pc=0x0000000002485d14 method=java.util.HashMap.putVal(ILjava/lang/Object;Ljava/lang/Object;ZZ)Ljava/lang/Object; @ 203

Internal exceptions (4 events):
Event: 0.104 Thread 0x0000000001ea0800 Exception <a 'java/lang/NoSuchMethodError': Method sun.misc.Unsafe.defineClass(Ljava/lang/String;[BII)Ljava/lang/Class; name or signature does not match> (0x00000000eab07cc0) thrown at [C:\src\android\AOSP-openjdk\external\jetbrains\jdk\hotspot\src\share\v­ÿy¦º?
Event: 0.104 Thread 0x0000000001ea0800 Exception <a 'java/lang/NoSuchMethodError': Method sun.misc.Unsafe.prefetchRead(Ljava/lang/Object;J)V name or signature does not match> (0x00000000eab07fa8) thrown at [C:\src\android\AOSP-openjdk\external\jetbrains\jdk\hotspot\src\share\vm\prims\jni.cpp, lÀÜÃÃÂ@
Event: 2.720 Thread 0x0000000001ea0800 Implicit null exception at 0x0000000002345822 to 0x000000000234591a
Event: 3.521 Thread 0x0000000016204800 Implicit null exception at 0x000000000231ae31 to 0x000000000231d0a1

Events (10 events):
Event: 3.958 Thread 0x0000000016204800 DEOPT PACKING pc=0x0000000002485d14 sp=0x00000000168ae7c0
Event: 3.958 Thread 0x0000000016204800 DEOPT UNPACKING pc=0x0000000001fe556a sp=0x00000000168ae748 mode 2
Event: 3.958 Thread 0x0000000016204800 Uncommon trap: trap_request=0xffffffc6 fr.pc=0x0000000002237d28
Event: 3.958 Thread 0x0000000016204800 DEOPT PACKING pc=0x0000000002237d28 sp=0x00000000168ae7f0
Event: 3.958 Thread 0x0000000016204800 DEOPT UNPACKING pc=0x0000000001fe556a sp=0x00000000168ae770 mode 2
Event: 3.958 Thread 0x0000000016204800 Uncommon trap: trap_request=0xffffffde fr.pc=0x0000000002485d14
Event: 3.958 Thread 0x0000000016204800 DEOPT PACKING pc=0x0000000002485d14 sp=0x00000000168ae7c0
Event: 3.958 Thread 0x0000000016204800 DEOPT UNPACKING pc=0x0000000001fe556a sp=0x00000000168ae748 mode 2
Event: 3.968 Executing VM operation: ParallelGCFailedAllocation
Event: 4.021 Executing VM operation: ParallelGCFailedAllocation done


Dynamic libraries:
0x00007ff7bbf40000 - 0x00007ff7bbf71000 	C:\Program Files\Android\Android Studio\jre\bin\java.exe
0x00007ff80bf10000 - 0x00007ff80c0bd000 	C:\windows\SYSTEM32\ntdll.dll
0x00007ff809590000 - 0x00007ff8096ce000 	C:\windows\system32\KERNEL32.DLL
0x00007ff809100000 - 0x00007ff809215000 	C:\windows\system32\KERNELBASE.dll
0x00007ff8098e0000 - 0x00007ff80998a000 	C:\windows\system32\ADVAPI32.dll
0x00007ff80b290000 - 0x00007ff80b407000 	C:\windows\system32\USER32.dll
0x00007ff806020000 - 0x00007ff80629b000 	C:\windows\WinSxS\amd64_microsoft.windows.common-controls_6595b64144ccf1df_6.0.9600.18006_none_623f33d3ecbe86e8\COMCTL32.dll
0x00007ff80b420000 - 0x00007ff80b4ca000 	C:\windows\system32\msvcrt.dll
0x00007ff80b6b0000 - 0x00007ff80b709000 	C:\windows\SYSTEM32\sechost.dll
0x00007ff8097a0000 - 0x00007ff8098e0000 	C:\windows\system32\RPCRT4.dll
0x00007ff80b860000 - 0x00007ff80b9af000 	C:\windows\system32\GDI32.dll
0x00007ff809560000 - 0x00007ff80958e000 	C:\windows\system32\SspiCli.dll
0x00007ff80b250000 - 0x00007ff80b286000 	C:\windows\system32\IMM32.DLL
0x00007ff80bdb0000 - 0x00007ff80bf02000 	C:\windows\system32\MSCTF.dll
0x0000000052f60000 - 0x0000000053032000 	C:\Program Files\Android\Android Studio\jre\jre\bin\msvcr100.dll
0x0000000053120000 - 0x0000000053954000 	C:\Program Files\Android\Android Studio\jre\jre\bin\server\jvm.dll
0x00007ff800dc0000 - 0x00007ff800dc9000 	C:\windows\SYSTEM32\WSOCK32.dll
0x00007ff804300000 - 0x00007ff804322000 	C:\windows\SYSTEM32\WINMM.dll
0x00007ff801630000 - 0x00007ff80163a000 	C:\windows\SYSTEM32\VERSION.dll
0x00007ff80b4e0000 - 0x00007ff80b4e7000 	C:\windows\system32\PSAPI.DLL
0x00007ff80ba10000 - 0x00007ff80ba6a000 	C:\windows\system32\WS2_32.dll
0x00007ff8042d0000 - 0x00007ff8042fa000 	C:\windows\SYSTEM32\WINMMBASE.dll
0x00007ff80b4d0000 - 0x00007ff80b4d9000 	C:\windows\system32\NSI.dll
0x00007ff809220000 - 0x00007ff80926f000 	C:\windows\SYSTEM32\cfgmgr32.dll
0x00007ff807e50000 - 0x00007ff807e78000 	C:\windows\SYSTEM32\DEVOBJ.dll
0x00007ff804e20000 - 0x00007ff804e2f000 	C:\Program Files\Android\Android Studio\jre\jre\bin\verify.dll
0x00007ff803cc0000 - 0x00007ff803ce9000 	C:\Program Files\Android\Android Studio\jre\jre\bin\java.dll
0x00007ff802cb0000 - 0x00007ff802cc6000 	C:\Program Files\Android\Android Studio\jre\jre\bin\zip.dll
0x00007ff809b30000 - 0x00007ff80b058000 	C:\windows\system32\SHELL32.dll
0x00007ff80bb90000 - 0x00007ff80bda1000 	C:\windows\SYSTEM32\combase.dll
0x00007ff80b9b0000 - 0x00007ff80ba04000 	C:\windows\system32\SHLWAPI.dll
0x00007ff8073b0000 - 0x00007ff807462000 	C:\windows\SYSTEM32\SHCORE.dll
0x00007ff809030000 - 0x00007ff809045000 	C:\windows\SYSTEM32\profapi.dll

VM Arguments:
jvm_args: -Djava.awt.headless=true -Xmx1024M -Dfile.encoding=windows-1252 -Duser.country=US -Duser.language=en -Duser.variant 
java_command: com.android.dx.command.Main --dex --verbose --force-jumbo --num-threads=4 --multi-dex --output C:\Users\bruh\Desktop\COMP150-MOB\QueueR\app\build\intermediates\transforms\dex\debug\folders\1000\10\com.crashlytics.sdk.android-crashlytics-core-2.3.14_7992c863ea9e61550b0c76cc315750921568091f C:\Users\bruh\Desktop\COMP150-MOB\QueueR\app\build\intermediates\exploded-aar\com.crashlytics.sdk.android\crashlytics-core\2.3.14\jars\classes.jar
java_class_path (initial): C:\Users\bruh\AppData\Local\Android\sdk\build-tools\24.0.1\lib\dx.jar
Launcher Type: SUN_STANDARD

Environment Variables:
PATH=C:\Program Files\Java\jdk1.8.0_101\bin\;C:\ProgramData\Oracle\Java\javapath;C:\windows\system32;C:\windows;C:\windows\System32\Wbem;C:\windows\System32\WindowsPowerShell\v1.0\;C:\Program Files\nodejs\;C:\Program Files (x86)\Heroku\bin;C:\Program Files (x86)\git\cmd;C:\Users\bruh\AppData\Roaming\npm;C:\Program Files (x86)\Skype\Phone\;C:\Program Files (x86)\GtkSharp\2.12\bin;C:\Program Files\Java\jdk1.8.0_101\bin\
USERNAME=bruh
OS=Windows_NT
PROCESSOR_IDENTIFIER=Intel64 Family 6 Model 69 Stepping 1, GenuineIntel



---------------  S Y S T E M  ---------------

OS: Windows 8.1 , 64 bit Build 9600 (6.3.9600.17415)

CPU:total 4 (2 cores per cpu, 2 threads per core) family 6 model 69 stepping 1, cmov, cx8, fxsr, mmx, sse, sse2, sse3, ssse3, sse4.1, sse4.2, popcnt, avx, avx2, aes, clmul, erms, lzcnt, ht, tsc, tscinvbit, bmi1, bmi2

Memory: 4k page, physical 4097056k(101732k free), swap 7242784k(5116k free)

vm_info: OpenJDK 64-Bit Server VM (25.76-b03) for windows-amd64 JRE (1.8.0_76-release-b03), built on Jun 29 2016 19:09:20 by "ralucas" with MS VC++ 10.0 (VS2010)

time: Wed Dec 14 22:43:34 2016
elapsed time: 4 seconds (0d 0h 0m 4s)

