#
# There is insufficient memory for the Java Runtime Environment to continue.
# Native memory allocation (malloc) failed to allocate 111120 bytes for Chunk::new
# Possible reasons:
#   The system is out of physical RAM or swap space
#   In 32 bit mode, the process size limit was hit
# Possible solutions:
#   Reduce memory load on the system
#   Increase physical memory or swap space
#   Check if swap backing store is full
#   Use 64 bit Java on a 64 bit OS
#   Decrease Java heap size (-Xmx/-Xms)
#   Decrease number of Java threads
#   Decrease Java thread stack sizes (-Xss)
#   Set larger code cache with -XX:ReservedCodeCacheSize=
# This output file may be truncated or incomplete.
#
#  Out of Memory Error (allocation.cpp:390), pid=5532, tid=0x00000000000017f0
#
# JRE version: OpenJDK Runtime Environment (8.0_76-b03) (build 1.8.0_76-release-b03)
# Java VM: OpenJDK 64-Bit Server VM (25.76-b03 mixed mode windows-amd64 compressed oops)
# Failed to write core dump. Minidumps are not enabled by default on client versions of Windows
#

---------------  T H R E A D  ---------------

Current thread (0x0000000015322000):  JavaThread "C2 CompilerThread1" daemon [_thread_in_native, id=6128, stack(0x0000000016a80000,0x0000000016b80000)]

Stack: [0x0000000016a80000,0x0000000016b80000]
[error occurred during error reporting (printing stack bounds), id 0xc0000005]

Native frames: (J=compiled Java code, j=interpreted, Vv=VM code, C=native code)


Current CompileTask:
C2:  23212 1727 %     4       com.android.dx.ssa.DeadCodeRemover::run @ 30 (194 bytes)


---------------  P R O C E S S  ---------------

Java Threads: ( => current thread )
  0x0000000016e3c000 JavaThread "pool-2-thread-4" [_thread_in_Java, id=3452, stack(0x0000000017680000,0x0000000017780000)]
  0x0000000016e0a800 JavaThread "pool-2-thread-3" [_thread_blocked, id=5336, stack(0x0000000017580000,0x0000000017680000)]
  0x0000000016d2c800 JavaThread "pool-2-thread-2" [_thread_blocked, id=5840, stack(0x0000000017480000,0x0000000017580000)]
  0x0000000016d00000 JavaThread "pool-3-thread-1" [_thread_blocked, id=1776, stack(0x0000000017380000,0x0000000017480000)]
  0x0000000016cff800 JavaThread "pool-2-thread-1" [_thread_blocked, id=1792, stack(0x0000000017280000,0x0000000017380000)]
  0x000000001537e800 JavaThread "Service Thread" daemon [_thread_blocked, id=5812, stack(0x0000000017080000,0x0000000017180000)]
  0x0000000016b88800 JavaThread "C1 CompilerThread2" daemon [_thread_blocked, id=5328, stack(0x0000000016f80000,0x0000000017080000)]
=>0x0000000015322000 JavaThread "C2 CompilerThread1" daemon [_thread_in_native, id=6128, stack(0x0000000016a80000,0x0000000016b80000)]
  0x0000000015328000 JavaThread "C2 CompilerThread0" daemon [_thread_blocked, id=4624, stack(0x0000000016980000,0x0000000016a80000)]
  0x0000000015326800 JavaThread "Attach Listener" daemon [_thread_blocked, id=2068, stack(0x0000000016880000,0x0000000016980000)]
  0x0000000015323800 JavaThread "Signal Dispatcher" daemon [_thread_blocked, id=4260, stack(0x0000000016780000,0x0000000016880000)]
  0x0000000002c4b000 JavaThread "Finalizer" daemon [_thread_blocked, id=4372, stack(0x00000000165a0000,0x00000000166a0000)]
  0x0000000002c40000 JavaThread "Reference Handler" daemon [_thread_blocked, id=5284, stack(0x00000000164a0000,0x00000000165a0000)]
  0x0000000002b50800 JavaThread "main" [_thread_in_native, id=2500, stack(0x0000000002a50000,0x0000000002b50000)]

Other Threads:
  0x00000000152e5800 VMThread [stack: 0x00000000163a0000,0x00000000164a0000] [id=2852]
  0x0000000016b95800 WatcherThread [stack: 0x0000000017180000,0x0000000017280000] [id=2272]

VM state:not at safepoint (normal execution)

VM Mutex/Monitor currently owned by a thread: None

Heap:
 PSYoungGen      total 68096K, used 8470K [0x00000000eab00000, 0x00000000ef000000, 0x0000000100000000)
  eden space 65536K, 9% used [0x00000000eab00000,0x00000000eb0c6788,0x00000000eeb00000)
  from space 2560K, 99% used [0x00000000eed80000,0x00000000eefff100,0x00000000ef000000)
  to   space 2560K, 0% used [0x00000000eeb00000,0x00000000eeb00000,0x00000000eed80000)
 ParOldGen       total 62464K, used 40200K [0x00000000c0000000, 0x00000000c3d00000, 0x00000000eab00000)
  object space 62464K, 64% used [0x00000000c0000000,0x00000000c2742378,0x00000000c3d00000)
 Metaspace       used 5932K, capacity 7024K, committed 7296K, reserved 1056768K
  class space    used 564K, capacity 616K, committed 640K, reserved 1048576K

Card table byte_map: [0x0000000012010000,0x0000000012220000] byte_map_base: 0x0000000011a10000

Marking Bits: (ParMarkBitMap*) 0x00000000538d9d00
 Begin Bits: [0x0000000012780000, 0x0000000013780000)
 End Bits:   [0x0000000013780000, 0x0000000014780000)

Polling page: 0x0000000002870000

CodeCache: size=245760Kb used=7831Kb max_used=7896Kb free=237928Kb
 bounds [0x0000000002c50000, 0x0000000003420000, 0x0000000011c50000]
 total_blobs=1932 nmethods=1667 adapters=178
 compilation: enabled

Compilation events (10 events):
Event: 22.464 Thread 0x0000000015322000 1724   !   4       com.android.dx.cf.code.RopperMachine::run (1550 bytes)
Event: 22.744 Thread 0x0000000015328000 nmethod 1708 0x00000000033f6d50 code [0x00000000033f7260, 0x00000000033fcfc8]
Event: 22.744 Thread 0x0000000015328000 1725       4       com.android.dx.ssa.Dominators::run (506 bytes)
Event: 22.860 Thread 0x0000000015328000 nmethod 1725 0x00000000033efa50 code [0x00000000033efce0, 0x00000000033f1850]
Event: 22.892 Thread 0x0000000015322000 nmethod 1724 0x0000000003409d90 code [0x000000000340a3e0, 0x000000000340f430]
Event: 22.942 Thread 0x0000000015328000 1726       4       com.android.dx.ssa.SsaMethod::removeFromUseList (57 bytes)
Event: 22.951 Thread 0x0000000015322000 1727 %     4       com.android.dx.ssa.DeadCodeRemover::run @ 30 (194 bytes)
Event: 22.956 Thread 0x0000000015328000 nmethod 1726 0x0000000002d596d0 code [0x0000000002d59820, 0x0000000002d59c98]
Event: 23.164 Thread 0x0000000015328000 1728       4       com.android.dx.ssa.PhiInsn::getSources (95 bytes)
Event: 23.180 Thread 0x0000000015328000 nmethod 1728 0x0000000002d60750 code [0x0000000002d608c0, 0x0000000002d60cd8]

GC Heap History (10 events):
Event: 5.619 GC heap before
{Heap before GC invocations=3 (full 0):
 PSYoungGen      total 35328K, used 35312K [0x00000000eab00000, 0x00000000ed000000, 0x0000000100000000)
  eden space 32768K, 100% used [0x00000000eab00000,0x00000000ecb00000,0x00000000ecb00000)
  from space 2560K, 99% used [0x00000000ecd80000,0x00000000ecffc3e8,0x00000000ed000000)
  to   space 2560K, 0% used [0x00000000ecb00000,0x00000000ecb00000,0x00000000ecd80000)
 ParOldGen       total 44032K, used 7380K [0x00000000c0000000, 0x00000000c2b00000, 0x00000000eab00000)
  object space 44032K, 16% used [0x00000000c0000000,0x00000000c0735028,0x00000000c2b00000)
 Metaspace       used 5721K, capacity 6832K, committed 7040K, reserved 1056768K
  class space    used 557K, capacity 616K, committed 640K, reserved 1048576K
Event: 5.811 GC heap after
Heap after GC invocations=3 (full 0):
 PSYoungGen      total 35328K, used 2544K [0x00000000eab00000, 0x00000000ef000000, 0x0000000100000000)
  eden space 32768K, 0% used [0x00000000eab00000,0x00000000eab00000,0x00000000ecb00000)
  from space 2560K, 99% used [0x00000000ecb00000,0x00000000ecd7c3d8,0x00000000ecd80000)
  to   space 2560K, 0% used [0x00000000eed80000,0x00000000eed80000,0x00000000ef000000)
 ParOldGen       total 44032K, used 20939K [0x00000000c0000000, 0x00000000c2b00000, 0x00000000eab00000)
  object space 44032K, 47% used [0x00000000c0000000,0x00000000c1472d18,0x00000000c2b00000)
 Metaspace       used 5721K, capacity 6832K, committed 7040K, reserved 1056768K
  class space    used 557K, capacity 616K, committed 640K, reserved 1048576K
}
Event: 7.526 GC heap before
{Heap before GC invocations=4 (full 0):
 PSYoungGen      total 35328K, used 35312K [0x00000000eab00000, 0x00000000ef000000, 0x0000000100000000)
  eden space 32768K, 100% used [0x00000000eab00000,0x00000000ecb00000,0x00000000ecb00000)
  from space 2560K, 99% used [0x00000000ecb00000,0x00000000ecd7c3d8,0x00000000ecd80000)
  to   space 2560K, 0% used [0x00000000eed80000,0x00000000eed80000,0x00000000ef000000)
 ParOldGen       total 44032K, used 20939K [0x00000000c0000000, 0x00000000c2b00000, 0x00000000eab00000)
  object space 44032K, 47% used [0x00000000c0000000,0x00000000c1472d18,0x00000000c2b00000)
 Metaspace       used 5751K, capacity 6896K, committed 7040K, reserved 1056768K
  class space    used 559K, capacity 616K, committed 640K, reserved 1048576K
Event: 7.665 GC heap after
Heap after GC invocations=4 (full 0):
 PSYoungGen      total 68096K, used 2544K [0x00000000eab00000, 0x00000000ef000000, 0x0000000100000000)
  eden space 65536K, 0% used [0x00000000eab00000,0x00000000eab00000,0x00000000eeb00000)
  from space 2560K, 99% used [0x00000000eed80000,0x00000000eeffc3d8,0x00000000ef000000)
  to   space 2560K, 0% used [0x00000000eeb00000,0x00000000eeb00000,0x00000000eed80000)
 ParOldGen       total 44032K, used 31967K [0x00000000c0000000, 0x00000000c2b00000, 0x00000000eab00000)
  object space 44032K, 72% used [0x00000000c0000000,0x00000000c1f37f30,0x00000000c2b00000)
 Metaspace       used 5751K, capacity 6896K, committed 7040K, reserved 1056768K
  class space    used 559K, capacity 616K, committed 640K, reserved 1048576K
}
Event: 7.665 GC heap before
{Heap before GC invocations=5 (full 1):
 PSYoungGen      total 68096K, used 2544K [0x00000000eab00000, 0x00000000ef000000, 0x0000000100000000)
  eden space 65536K, 0% used [0x00000000eab00000,0x00000000eab00000,0x00000000eeb00000)
  from space 2560K, 99% used [0x00000000eed80000,0x00000000eeffc3d8,0x00000000ef000000)
  to   space 2560K, 0% used [0x00000000eeb00000,0x00000000eeb00000,0x00000000eed80000)
 ParOldGen       total 44032K, used 31967K [0x00000000c0000000, 0x00000000c2b00000, 0x00000000eab00000)
  object space 44032K, 72% used [0x00000000c0000000,0x00000000c1f37f30,0x00000000c2b00000)
 Metaspace       used 5751K, capacity 6896K, committed 7040K, reserved 1056768K
  class space    used 559K, capacity 616K, committed 640K, reserved 1048576K
Event: 8.468 GC heap after
Heap after GC invocations=5 (full 1):
 PSYoungGen      total 68096K, used 0K [0x00000000eab00000, 0x00000000ef000000, 0x0000000100000000)
  eden space 65536K, 0% used [0x00000000eab00000,0x00000000eab00000,0x00000000eeb00000)
  from space 2560K, 0% used [0x00000000eed80000,0x00000000eed80000,0x00000000ef000000)
  to   space 2560K, 0% used [0x00000000eeb00000,0x00000000eeb00000,0x00000000eed80000)
 ParOldGen       total 62464K, used 18482K [0x00000000c0000000, 0x00000000c3d00000, 0x00000000eab00000)
  object space 62464K, 29% used [0x00000000c0000000,0x00000000c120c830,0x00000000c3d00000)
 Metaspace       used 5751K, capacity 6896K, committed 7040K, reserved 1056768K
  class space    used 559K, capacity 616K, committed 640K, reserved 1048576K
}
Event: 13.720 GC heap before
{Heap before GC invocations=6 (full 1):
 PSYoungGen      total 68096K, used 65536K [0x00000000eab00000, 0x00000000ef000000, 0x0000000100000000)
  eden space 65536K, 100% used [0x00000000eab00000,0x00000000eeb00000,0x00000000eeb00000)
  from space 2560K, 0% used [0x00000000eed80000,0x00000000eed80000,0x00000000ef000000)
  to   space 2560K, 0% used [0x00000000eeb00000,0x00000000eeb00000,0x00000000eed80000)
 ParOldGen       total 62464K, used 18482K [0x00000000c0000000, 0x00000000c3d00000, 0x00000000eab00000)
  object space 62464K, 29% used [0x00000000c0000000,0x00000000c120c830,0x00000000c3d00000)
 Metaspace       used 5873K, capacity 6960K, committed 7040K, reserved 1056768K
  class space    used 563K, capacity 616K, committed 640K, reserved 1048576K
Event: 13.793 GC heap after
Heap after GC invocations=6 (full 1):
 PSYoungGen      total 68096K, used 2532K [0x00000000eab00000, 0x00000000ef000000, 0x0000000100000000)
  eden space 65536K, 0% used [0x00000000eab00000,0x00000000eab00000,0x00000000eeb00000)
  from space 2560K, 98% used [0x00000000eeb00000,0x00000000eed793c0,0x00000000eed80000)
  to   space 2560K, 0% used [0x00000000eed80000,0x00000000eed80000,0x00000000ef000000)
 ParOldGen       total 62464K, used 26400K [0x00000000c0000000, 0x00000000c3d00000, 0x00000000eab00000)
  object space 62464K, 42% used [0x00000000c0000000,0x00000000c19c8020,0x00000000c3d00000)
 Metaspace       used 5873K, capacity 6960K, committed 7040K, reserved 1056768K
  class space    used 563K, capacity 616K, committed 640K, reserved 1048576K
}
Event: 22.961 GC heap before
{Heap before GC invocations=7 (full 1):
 PSYoungGen      total 68096K, used 68068K [0x00000000eab00000, 0x00000000ef000000, 0x0000000100000000)
  eden space 65536K, 100% used [0x00000000eab00000,0x00000000eeb00000,0x00000000eeb00000)
  from space 2560K, 98% used [0x00000000eeb00000,0x00000000eed793c0,0x00000000eed80000)
  to   space 2560K, 0% used [0x00000000eed80000,0x00000000eed80000,0x00000000ef000000)
 ParOldGen       total 62464K, used 26400K [0x00000000c0000000, 0x00000000c3d00000, 0x00000000eab00000)
  object space 62464K, 42% used [0x00000000c0000000,0x00000000c19c8020,0x00000000c3d00000)
 Metaspace       used 5932K, capacity 7024K, committed 7296K, reserved 1056768K
  class space    used 564K, capacity 616K, committed 640K, reserved 1048576K
Event: 23.135 GC heap after
Heap after GC invocations=7 (full 1):
 PSYoungGen      total 68096K, used 2556K [0x00000000eab00000, 0x00000000ef000000, 0x0000000100000000)
  eden space 65536K, 0% used [0x00000000eab00000,0x00000000eab00000,0x00000000eeb00000)
  from space 2560K, 99% used [0x00000000eed80000,0x00000000eefff100,0x00000000ef000000)
  to   space 2560K, 0% used [0x00000000eeb00000,0x00000000eeb00000,0x00000000eed80000)
 ParOldGen       total 62464K, used 40200K [0x00000000c0000000, 0x00000000c3d00000, 0x00000000eab00000)
  object space 62464K, 64% used [0x00000000c0000000,0x00000000c2742378,0x00000000c3d00000)
 Metaspace       used 5932K, capacity 7024K, committed 7296K, reserved 1056768K
  class space    used 564K, capacity 616K, committed 640K, reserved 1048576K
}

Deoptimization events (10 events):
Event: 20.177 Thread 0x0000000016cff800 Uncommon trap: reason=bimorphic action=maybe_recompile pc=0x00000000030b7730 method=com.android.dx.cf.code.BytecodeArray.parseInstruction(ILcom/android/dx/cf/code/BytecodeArray$Visitor;)I @ 907
Event: 20.177 Thread 0x0000000016cff800 Uncommon trap: reason=bimorphic action=maybe_recompile pc=0x00000000030b5e54 method=com.android.dx.cf.code.BytecodeArray.parseInstruction(ILcom/android/dx/cf/code/BytecodeArray$Visitor;)I @ 1224
Event: 20.177 Thread 0x0000000016cff800 Uncommon trap: reason=bimorphic action=maybe_recompile pc=0x00000000030b76b0 method=com.android.dx.cf.code.BytecodeArray.parseInstruction(ILcom/android/dx/cf/code/BytecodeArray$Visitor;)I @ 923
Event: 20.177 Thread 0x0000000016cff800 Uncommon trap: reason=bimorphic action=maybe_recompile pc=0x00000000030b5e54 method=com.android.dx.cf.code.BytecodeArray.parseInstruction(ILcom/android/dx/cf/code/BytecodeArray$Visitor;)I @ 1224
Event: 20.217 Thread 0x0000000016cff800 Uncommon trap: reason=unstable_if action=reinterpret pc=0x0000000003345650 method=com.android.dx.cf.code.OneLocalsArray.<init>(I)V @ 2
Event: 20.217 Thread 0x0000000016cff800 Uncommon trap: reason=unstable_if action=reinterpret pc=0x00000000030f376c method=com.android.dx.cf.code.RopperMachine.run(Lcom/android/dx/cf/code/Frame;II)V @ 1500
Event: 20.469 Thread 0x0000000016cff800 Uncommon trap: reason=unstable_if action=reinterpret pc=0x0000000003287154 method=java.util.BitSet.set(II)V @ 7
Event: 20.469 Thread 0x0000000016cff800 Uncommon trap: reason=unstable_if action=reinterpret pc=0x00000000031d22e4 method=java.util.BitSet.nextClearBit(I)I @ 45
Event: 20.469 Thread 0x0000000016cff800 Uncommon trap: reason=unstable_if action=reinterpret pc=0x00000000031d0a30 method=java.util.BitSet.nextClearBit(I)I @ 45
Event: 20.469 Thread 0x0000000016cff800 Uncommon trap: reason=unstable_if action=reinterpret pc=0x00000000031d0e6c method=java.util.BitSet.nextClearBit(I)I @ 45

Internal exceptions (2 events):
Event: 0.077 Thread 0x0000000002b50800 Exception <a 'java/lang/NoSuchMethodError': Method sun.misc.Unsafe.defineClass(Ljava/lang/String;[BII)Ljava/lang/Class; name or signature does not match> (0x00000000eab07cc0) thrown at [C:\src\android\AOSP-openjdk\external\jetbrains\jdk\hotspot\src\share\vÙ«ÙÚ‹≥?
Event: 0.078 Thread 0x0000000002b50800 Exception <a 'java/lang/NoSuchMethodError': Method sun.misc.Unsafe.prefetchRead(Ljava/lang/Object;J)V name or signature does not match> (0x00000000eab07fa8) thrown at [C:\src\android\AOSP-openjdk\external\jetbrains\jdk\hotspot\src\share\vm\prims\jni.cpp, l

Events (10 events):
Event: 23.139 Executing VM operation: RevokeBias done
Event: 23.139 Executing VM operation: BulkRevokeBias
Event: 23.139 Executing VM operation: BulkRevokeBias done
Event: 23.180 Thread 0x0000000015328000 flushing nmethod 0x0000000002dcec10
Event: 23.180 Thread 0x0000000015328000 flushing nmethod 0x0000000002dd5ed0
Event: 23.180 Thread 0x0000000015328000 flushing nmethod 0x0000000002dd6210
Event: 23.180 Thread 0x0000000015328000 flushing nmethod 0x0000000002dd7a10
Event: 23.180 Thread 0x0000000015328000 flushing nmethod 0x0000000002ddad90
Event: 23.180 Thread 0x0000000015328000 flushing nmethod 0x0000000002de1a90
Event: 23.180 Thread 0x0000000015328000 flushing nmethod 0x0000000002de2e50


Dynamic libraries:
0x00007ff7bbf40000 - 0x00007ff7bbf71000 	C:\Program Files\Android\Android Studio\jre\bin\java.exe
0x00007ff80bf10000 - 0x00007ff80c0bd000 	C:\windows\SYSTEM32\ntdll.dll
0x00007ff809590000 - 0x00007ff8096ce000 	C:\windows\system32\KERNEL32.DLL
0x00007ff809100000 - 0x00007ff809215000 	C:\windows\system32\KERNELBASE.dll
0x00007ff8098e0000 - 0x00007ff80998a000 	C:\windows\system32\ADVAPI32.dll
0x00007ff80b290000 - 0x00007ff80b407000 	C:\windows\system32\USER32.dll
0x00007ff806020000 - 0x00007ff80629b000 	C:\windows\WinSxS\amd64_microsoft.windows.common-controls_6595b64144ccf1df_6.0.9600.18006_none_623f33d3ecbe86e8\COMCTL32.dll
0x00007ff80b420000 - 0x00007ff80b4ca000 	C:\windows\system32\msvcrt.dll
0x00007ff80b6b0000 - 0x00007ff80b709000 	C:\windows\SYSTEM32\sechost.dll
0x00007ff8097a0000 - 0x00007ff8098e0000 	C:\windows\system32\RPCRT4.dll
0x00007ff80b860000 - 0x00007ff80b9af000 	C:\windows\system32\GDI32.dll
0x00007ff809560000 - 0x00007ff80958e000 	C:\windows\system32\SspiCli.dll
0x00007ff80b250000 - 0x00007ff80b286000 	C:\windows\system32\IMM32.DLL
0x00007ff80bdb0000 - 0x00007ff80bf02000 	C:\windows\system32\MSCTF.dll
0x0000000052f60000 - 0x0000000053032000 	C:\Program Files\Android\Android Studio\jre\jre\bin\msvcr100.dll
0x0000000053120000 - 0x0000000053954000 	C:\Program Files\Android\Android Studio\jre\jre\bin\server\jvm.dll
0x00007ff800dc0000 - 0x00007ff800dc9000 	C:\windows\SYSTEM32\WSOCK32.dll
0x00007ff804300000 - 0x00007ff804322000 	C:\windows\SYSTEM32\WINMM.dll
0x00007ff801630000 - 0x00007ff80163a000 	C:\windows\SYSTEM32\VERSION.dll
0x00007ff80b4e0000 - 0x00007ff80b4e7000 	C:\windows\system32\PSAPI.DLL
0x00007ff80ba10000 - 0x00007ff80ba6a000 	C:\windows\system32\WS2_32.dll
0x00007ff8042d0000 - 0x00007ff8042fa000 	C:\windows\SYSTEM32\WINMMBASE.dll
0x00007ff80b4d0000 - 0x00007ff80b4d9000 	C:\windows\system32\NSI.dll
0x00007ff809220000 - 0x00007ff80926f000 	C:\windows\SYSTEM32\cfgmgr32.dll
0x00007ff807e50000 - 0x00007ff807e78000 	C:\windows\SYSTEM32\DEVOBJ.dll
0x00007ff8049b0000 - 0x00007ff8049bf000 	C:\Program Files\Android\Android Studio\jre\jre\bin\verify.dll
0x00007ff803cc0000 - 0x00007ff803ce9000 	C:\Program Files\Android\Android Studio\jre\jre\bin\java.dll
0x00007ff802750000 - 0x00007ff802766000 	C:\Program Files\Android\Android Studio\jre\jre\bin\zip.dll
0x00007ff809b30000 - 0x00007ff80b058000 	C:\windows\system32\SHELL32.dll
0x00007ff80bb90000 - 0x00007ff80bda1000 	C:\windows\SYSTEM32\combase.dll
0x00007ff80b9b0000 - 0x00007ff80ba04000 	C:\windows\system32\SHLWAPI.dll
0x00007ff8073b0000 - 0x00007ff807462000 	C:\windows\SYSTEM32\SHCORE.dll
0x00007ff809030000 - 0x00007ff809045000 	C:\windows\SYSTEM32\profapi.dll

VM Arguments:
jvm_args: -Djava.awt.headless=true -Xmx1024M -Dfile.encoding=windows-1252 -Duser.country=US -Duser.language=en -Duser.variant 
java_command: com.android.dx.command.Main --dex --verbose --force-jumbo --num-threads=4 --multi-dex --output C:\Users\bruh\Desktop\COMP150-MOB\QueueR\app\build\intermediates\transforms\dex\debug\folders\1000\5\slice_4 C:\Users\bruh\Desktop\COMP150-MOB\QueueR\app\build\intermediates\transforms\instantRunSlicer\debug\folders\1\5\slice_4
java_class_path (initial): C:\Users\bruh\AppData\Local\Android\sdk\build-tools\24.0.1\lib\dx.jar
Launcher Type: SUN_STANDARD

Environment Variables:
PATH=C:\Program Files\Java\jdk1.8.0_101\bin\;C:\ProgramData\Oracle\Java\javapath;C:\windows\system32;C:\windows;C:\windows\System32\Wbem;C:\windows\System32\WindowsPowerShell\v1.0\;C:\Program Files\nodejs\;C:\Program Files (x86)\Heroku\bin;C:\Program Files (x86)\git\cmd;C:\Users\bruh\AppData\Roaming\npm;C:\Program Files (x86)\Skype\Phone\;C:\Program Files (x86)\GtkSharp\2.12\bin;C:\Program Files\Java\jdk1.8.0_101\bin\
USERNAME=bruh
OS=Windows_NT
PROCESSOR_IDENTIFIER=Intel64 Family 6 Model 69 Stepping 1, GenuineIntel



---------------  S Y S T E M  ---------------

OS: Windows 8.1 , 64 bit Build 9600 (6.3.9600.17415)

CPU:total 4 (2 cores per cpu, 2 threads per core) family 6 model 69 stepping 1, cmov, cx8, fxsr, mmx, sse, sse2, sse3, ssse3, sse4.1, sse4.2, popcnt, avx, avx2, aes, clmul, erms, lzcnt, ht, tsc, tscinvbit, bmi1, bmi2

Memory: 4k page, physical 4097056k(374484k free), swap 7242784k(5188k free)

vm_info: OpenJDK 64-Bit Server VM (25.76-b03) for windows-amd64 JRE (1.8.0_76-release-b03), built on Jun 29 2016 19:09:20 by "ralucas" with MS VC++ 10.0 (VS2010)

time: Wed Dec 14 18:00:30 2016
elapsed time: 23 seconds (0d 0h 0m 23s)

