#
# There is insufficient memory for the Java Runtime Environment to continue.
# Native memory allocation (malloc) failed to allocate 282256 bytes for Chunk::new
# Possible reasons:
#   The system is out of physical RAM or swap space
#   In 32 bit mode, the process size limit was hit
# Possible solutions:
#   Reduce memory load on the system
#   Increase physical memory or swap space
#   Check if swap backing store is full
#   Use 64 bit Java on a 64 bit OS
#   Decrease Java heap size (-Xmx/-Xms)
#   Decrease number of Java threads
#   Decrease Java thread stack sizes (-Xss)
#   Set larger code cache with -XX:ReservedCodeCacheSize=
# This output file may be truncated or incomplete.
#
#  Out of Memory Error (allocation.cpp:390), pid=4960, tid=0x000000000000180c
#
# JRE version: OpenJDK Runtime Environment (8.0_76-b03) (build 1.8.0_76-release-b03)
# Java VM: OpenJDK 64-Bit Server VM (25.76-b03 mixed mode windows-amd64 compressed oops)
# Failed to write core dump. Minidumps are not enabled by default on client versions of Windows
#

---------------  T H R E A D  ---------------

Current thread (0x0000000014938000):  JavaThread "C2 CompilerThread0" daemon [_thread_in_native, id=6156, stack(0x0000000015f70000,0x0000000016070000)]

Stack: [0x0000000015f70000,0x0000000016070000]
[error occurred during error reporting (printing stack bounds), id 0xc0000005]

Native frames: (J=compiled Java code, j=interpreted, Vv=VM code, C=native code)


Current CompileTask:
C2:  12248 1539       4       com.android.dx.ssa.DeadCodeRemover::isCircularNoSideEffect (140 bytes)


---------------  P R O C E S S  ---------------

Java Threads: ( => current thread )
  0x00000000164bc800 JavaThread "pool-2-thread-4" [_thread_in_Java, id=2852, stack(0x0000000016c70000,0x0000000016d70000)]
  0x00000000164bc000 JavaThread "pool-2-thread-3" [_thread_blocked, id=6484, stack(0x0000000016b70000,0x0000000016c70000)]
  0x00000000164b4000 JavaThread "pool-2-thread-2" [_thread_in_Java, id=4684, stack(0x0000000016a70000,0x0000000016b70000)]
  0x000000001651a800 JavaThread "pool-3-thread-1" [_thread_blocked, id=4528, stack(0x0000000016970000,0x0000000016a70000)]
  0x0000000016519800 JavaThread "pool-2-thread-1" [_thread_blocked, id=4200, stack(0x0000000016870000,0x0000000016970000)]
  0x0000000016271800 JavaThread "Service Thread" daemon [_thread_blocked, id=1968, stack(0x0000000016670000,0x0000000016770000)]
  0x000000001498c000 JavaThread "C1 CompilerThread2" daemon [_thread_blocked, id=6568, stack(0x0000000016170000,0x0000000016270000)]
  0x000000001497d800 JavaThread "C2 CompilerThread1" daemon [_thread_in_native, id=3480, stack(0x0000000016070000,0x0000000016170000)]
=>0x0000000014938000 JavaThread "C2 CompilerThread0" daemon [_thread_in_native, id=6156, stack(0x0000000015f70000,0x0000000016070000)]
  0x0000000014936800 JavaThread "Attach Listener" daemon [_thread_blocked, id=6952, stack(0x0000000015e70000,0x0000000015f70000)]
  0x0000000014933800 JavaThread "Signal Dispatcher" daemon [_thread_blocked, id=6424, stack(0x0000000015d70000,0x0000000015e70000)]
  0x000000000225a800 JavaThread "Finalizer" daemon [_thread_blocked, id=3220, stack(0x0000000015b90000,0x0000000015c90000)]
  0x0000000002250000 JavaThread "Reference Handler" daemon [_thread_blocked, id=5472, stack(0x0000000015a90000,0x0000000015b90000)]
  0x0000000002160800 JavaThread "main" [_thread_blocked, id=2028, stack(0x0000000002020000,0x0000000002120000)]

Other Threads:
  0x00000000148f6800 VMThread [stack: 0x0000000015990000,0x0000000015a90000] [id=6800]
  0x0000000016273000 WatcherThread [stack: 0x0000000016770000,0x0000000016870000] [id=6704]

VM state:not at safepoint (normal execution)

VM Mutex/Monitor currently owned by a thread: None

Heap:
 PSYoungGen      total 35328K, used 11506K [0x00000000eab00000, 0x00000000ef000000, 0x0000000100000000)
  eden space 32768K, 27% used [0x00000000eab00000,0x00000000eb3c4958,0x00000000ecb00000)
  from space 2560K, 98% used [0x00000000ecb00000,0x00000000ecd78028,0x00000000ecd80000)
  to   space 2560K, 0% used [0x00000000eed80000,0x00000000eed80000,0x00000000ef000000)
 ParOldGen       total 44032K, used 8559K [0x00000000c0000000, 0x00000000c2b00000, 0x00000000eab00000)
  object space 44032K, 19% used [0x00000000c0000000,0x00000000c085bd30,0x00000000c2b00000)
 Metaspace       used 6212K, capacity 7026K, committed 7296K, reserved 1056768K
  class space    used 594K, capacity 618K, committed 640K, reserved 1048576K

Card table byte_map: [0x0000000011620000,0x0000000011830000] byte_map_base: 0x0000000011020000

Marking Bits: (ParMarkBitMap*) 0x00000000538d9d00
 Begin Bits: [0x0000000011d90000, 0x0000000012d90000)
 End Bits:   [0x0000000012d90000, 0x0000000013d90000)

Polling page: 0x00000000007c0000

CodeCache: size=245760Kb used=7239Kb max_used=7239Kb free=238521Kb
 bounds [0x0000000002260000, 0x0000000002980000, 0x0000000011260000]
 total_blobs=1883 nmethods=1615 adapters=182
 compilation: enabled

Compilation events (10 events):
Event: 12.212 Thread 0x000000001498c000 1634       3       com.android.dx.ssa.back.FirstFitLocalCombiningAllocator::handleLocalAssociatedParams (132 bytes)
Event: 12.214 Thread 0x000000001498c000 nmethod 1634 0x0000000002967a50 code [0x0000000002967ce0, 0x0000000002968c48]
Event: 12.223 Thread 0x000000001498c000 1635   !   3       com.android.dx.cf.direct.StdAttributeFactory::parseLocalVariables (274 bytes)
Event: 12.232 Thread 0x000000001498c000 nmethod 1635 0x00000000029694d0 code [0x0000000002969c40, 0x000000000296eca8]
Event: 12.234 Thread 0x000000001498c000 1636       3       com.android.dx.cf.iface.StdFieldList::get (9 bytes)
Event: 12.234 Thread 0x000000001498c000 nmethod 1636 0x00000000029746d0 code [0x0000000002974840, 0x0000000002974b48]
Event: 12.234 Thread 0x000000001498c000 1637       3       com.android.dx.dex.file.EncodedField::<init> (25 bytes)
Event: 12.234 Thread 0x000000001498c000 nmethod 1637 0x0000000002974c10 code [0x0000000002974da0, 0x00000000029750c8]
Event: 12.238 Thread 0x000000001498c000 1638       3       com.android.dx.dex.file.ClassDefItem::addVirtualMethod (9 bytes)
Event: 12.239 Thread 0x000000001498c000 nmethod 1638 0x0000000002975210 code [0x00000000029753c0, 0x0000000002975a78]

GC Heap History (6 events):
Event: 2.095 GC heap before
{Heap before GC invocations=1 (full 0):
 PSYoungGen      total 18944K, used 16384K [0x00000000eab00000, 0x00000000ec000000, 0x0000000100000000)
  eden space 16384K, 100% used [0x00000000eab00000,0x00000000ebb00000,0x00000000ebb00000)
  from space 2560K, 0% used [0x00000000ebd80000,0x00000000ebd80000,0x00000000ec000000)
  to   space 2560K, 0% used [0x00000000ebb00000,0x00000000ebb00000,0x00000000ebd80000)
 ParOldGen       total 44032K, used 0K [0x00000000c0000000, 0x00000000c2b00000, 0x00000000eab00000)
  object space 44032K, 0% used [0x00000000c0000000,0x00000000c0000000,0x00000000c2b00000)
 Metaspace       used 5662K, capacity 6704K, committed 6784K, reserved 1056768K
  class space    used 572K, capacity 616K, committed 640K, reserved 1048576K
Event: 2.171 GC heap after
Heap after GC invocations=1 (full 0):
 PSYoungGen      total 18944K, used 2544K [0x00000000eab00000, 0x00000000ed000000, 0x0000000100000000)
  eden space 16384K, 0% used [0x00000000eab00000,0x00000000eab00000,0x00000000ebb00000)
  from space 2560K, 99% used [0x00000000ebb00000,0x00000000ebd7c068,0x00000000ebd80000)
  to   space 2560K, 0% used [0x00000000ecd80000,0x00000000ecd80000,0x00000000ed000000)
 ParOldGen       total 44032K, used 1196K [0x00000000c0000000, 0x00000000c2b00000, 0x00000000eab00000)
  object space 44032K, 2% used [0x00000000c0000000,0x00000000c012b3c8,0x00000000c2b00000)
 Metaspace       used 5662K, capacity 6704K, committed 6784K, reserved 1056768K
  class space    used 572K, capacity 616K, committed 640K, reserved 1048576K
}
Event: 4.408 GC heap before
{Heap before GC invocations=2 (full 0):
 PSYoungGen      total 18944K, used 18928K [0x00000000eab00000, 0x00000000ed000000, 0x0000000100000000)
  eden space 16384K, 100% used [0x00000000eab00000,0x00000000ebb00000,0x00000000ebb00000)
  from space 2560K, 99% used [0x00000000ebb00000,0x00000000ebd7c068,0x00000000ebd80000)
  to   space 2560K, 0% used [0x00000000ecd80000,0x00000000ecd80000,0x00000000ed000000)
 ParOldGen       total 44032K, used 1196K [0x00000000c0000000, 0x00000000c2b00000, 0x00000000eab00000)
  object space 44032K, 2% used [0x00000000c0000000,0x00000000c012b3c8,0x00000000c2b00000)
 Metaspace       used 5969K, capacity 6896K, committed 7040K, reserved 1056768K
  class space    used 574K, capacity 616K, committed 640K, reserved 1048576K
Event: 5.021 GC heap after
Heap after GC invocations=2 (full 0):
 PSYoungGen      total 35328K, used 2554K [0x00000000eab00000, 0x00000000ed000000, 0x0000000100000000)
  eden space 32768K, 0% used [0x00000000eab00000,0x00000000eab00000,0x00000000ecb00000)
  from space 2560K, 99% used [0x00000000ecd80000,0x00000000ecffeaa8,0x00000000ed000000)
  to   space 2560K, 0% used [0x00000000ecb00000,0x00000000ecb00000,0x00000000ecd80000)
 ParOldGen       total 44032K, used 3225K [0x00000000c0000000, 0x00000000c2b00000, 0x00000000eab00000)
  object space 44032K, 7% used [0x00000000c0000000,0x00000000c0326570,0x00000000c2b00000)
 Metaspace       used 5969K, capacity 6896K, committed 7040K, reserved 1056768K
  class space    used 574K, capacity 616K, committed 640K, reserved 1048576K
}
Event: 11.081 GC heap before
{Heap before GC invocations=3 (full 0):
 PSYoungGen      total 35328K, used 35322K [0x00000000eab00000, 0x00000000ed000000, 0x0000000100000000)
  eden space 32768K, 100% used [0x00000000eab00000,0x00000000ecb00000,0x00000000ecb00000)
  from space 2560K, 99% used [0x00000000ecd80000,0x00000000ecffeaa8,0x00000000ed000000)
  to   space 2560K, 0% used [0x00000000ecb00000,0x00000000ecb00000,0x00000000ecd80000)
 ParOldGen       total 44032K, used 3225K [0x00000000c0000000, 0x00000000c2b00000, 0x00000000eab00000)
  object space 44032K, 7% used [0x00000000c0000000,0x00000000c0326570,0x00000000c2b00000)
 Metaspace       used 6106K, capacity 7024K, committed 7296K, reserved 1056768K
  class space    used 575K, capacity 616K, committed 640K, reserved 1048576K
Event: 12.036 GC heap after
Heap after GC invocations=3 (full 0):
 PSYoungGen      total 35328K, used 2528K [0x00000000eab00000, 0x00000000ef000000, 0x0000000100000000)
  eden space 32768K, 0% used [0x00000000eab00000,0x00000000eab00000,0x00000000ecb00000)
  from space 2560K, 98% used [0x00000000ecb00000,0x00000000ecd78028,0x00000000ecd80000)
  to   space 2560K, 0% used [0x00000000eed80000,0x00000000eed80000,0x00000000ef000000)
 ParOldGen       total 44032K, used 8559K [0x00000000c0000000, 0x00000000c2b00000, 0x00000000eab00000)
  object space 44032K, 19% used [0x00000000c0000000,0x00000000c085bd30,0x00000000c2b00000)
 Metaspace       used 6106K, capacity 7024K, committed 7296K, reserved 1056768K
  class space    used 575K, capacity 616K, committed 640K, reserved 1048576K
}

Deoptimization events (10 events):
Event: 8.871 Thread 0x0000000016519800 Uncommon trap: reason=null_check action=make_not_entrant pc=0x0000000002561768 method=com.android.dx.rop.type.Type.equals(Ljava/lang/Object;)Z @ 8
Event: 10.899 Thread 0x00000000164bc800 Uncommon trap: reason=bimorphic action=maybe_recompile pc=0x00000000027e1804 method=com.android.dx.rop.code.RegisterSpec.withSimpleType()Lcom/android/dx/rop/code/RegisterSpec; @ 21
Event: 10.899 Thread 0x00000000164bc800 Uncommon trap: reason=bimorphic action=maybe_recompile pc=0x00000000027e1804 method=com.android.dx.rop.code.RegisterSpec.withSimpleType()Lcom/android/dx/rop/code/RegisterSpec; @ 21
Event: 10.939 Thread 0x00000000164bc800 Uncommon trap: reason=bimorphic action=maybe_recompile pc=0x00000000027e1804 method=com.android.dx.rop.code.RegisterSpec.withSimpleType()Lcom/android/dx/rop/code/RegisterSpec; @ 21
Event: 10.939 Thread 0x00000000164bc800 Uncommon trap: reason=bimorphic action=maybe_recompile pc=0x00000000027e1804 method=com.android.dx.rop.code.RegisterSpec.withSimpleType()Lcom/android/dx/rop/code/RegisterSpec; @ 21
Event: 12.064 Thread 0x0000000016519800 Uncommon trap: reason=bimorphic action=maybe_recompile pc=0x00000000028a833c method=com.android.dx.ssa.SCCP.setLatticeValueTo(IILcom/android/dx/rop/cst/Constant;)Z @ 43
Event: 12.064 Thread 0x0000000016519800 Uncommon trap: reason=bimorphic action=maybe_recompile pc=0x00000000028a833c method=com.android.dx.ssa.SCCP.setLatticeValueTo(IILcom/android/dx/rop/cst/Constant;)Z @ 43
Event: 12.067 Thread 0x0000000016519800 Uncommon trap: reason=bimorphic action=maybe_recompile pc=0x00000000028bc9e4 method=com.android.dx.cf.code.BytecodeArray.parseInstruction(ILcom/android/dx/cf/code/BytecodeArray$Visitor;)I @ 1327
Event: 12.068 Thread 0x0000000016519800 Uncommon trap: reason=bimorphic action=maybe_recompile pc=0x00000000028bc9e4 method=com.android.dx.cf.code.BytecodeArray.parseInstruction(ILcom/android/dx/cf/code/BytecodeArray$Visitor;)I @ 1327
Event: 12.160 Thread 0x00000000164bc800 Uncommon trap: reason=unstable_if action=reinterpret pc=0x000000000256bde0 method=java.util.HashMap.putVal(ILjava/lang/Object;Ljava/lang/Object;ZZ)Ljava/lang/Object; @ 162

Internal exceptions (6 events):
Event: 0.204 Thread 0x0000000002160800 Exception <a 'java/lang/NoSuchMethodError': Method sun.misc.Unsafe.defineClass(Ljava/lang/String;[BII)Ljava/lang/Class; name or signature does not match> (0x00000000eab07cc0) thrown at [C:\src\android\AOSP-openjdk\external\jetbrains\jdk\hotspot\src\share\vŸæáf+Ê?
Event: 0.204 Thread 0x0000000002160800 Exception <a 'java/lang/NoSuchMethodError': Method sun.misc.Unsafe.prefetchRead(Ljava/lang/Object;J)V name or signature does not match> (0x00000000eab07fa8) thrown at [C:\src\android\AOSP-openjdk\external\jetbrains\jdk\hotspot\src\share\vm\prims\jni.cpp, l}©KÒÚ½!@
Event: 8.871 Thread 0x0000000016519800 Implicit null exception at 0x0000000002561662 to 0x000000000256175a
Event: 12.163 Thread 0x00000000164bc800 Exception <a 'java/lang/ArrayIndexOutOfBoundsException': 18> (0x00000000eb08cc30) thrown at [C:\src\android\AOSP-openjdk\external\jetbrains\jdk\hotspot\src\share\vm\interpreter\interpreterRuntime.cpp, line 366]
Event: 12.164 Thread 0x00000000164bc800 Exception <a 'java/lang/ArrayIndexOutOfBoundsException'> (0x00000000eb08e7b0) thrown at [C:\src\android\AOSP-openjdk\external\jetbrains\jdk\hotspot\src\share\vm\runtime\sharedRuntime.cpp, line 605]
Event: 12.168 Thread 0x00000000164bc800 Exception <a 'java/lang/ArrayIndexOutOfBoundsException'> (0x00000000eb08fa98) thrown at [C:\src\android\AOSP-openjdk\external\jetbrains\jdk\hotspot\src\share\vm\runtime\sharedRuntime.cpp, line 605]

Events (10 events):
Event: 12.165 loading class sun/reflect/generics/reflectiveObjects/ParameterizedTypeImpl
Event: 12.165 loading class java/lang/reflect/ParameterizedType
Event: 12.165 loading class java/lang/reflect/ParameterizedType done
Event: 12.165 loading class sun/reflect/generics/reflectiveObjects/ParameterizedTypeImpl done
Event: 12.168 loading class java/lang/reflect/TypeVariable
Event: 12.168 loading class java/lang/reflect/TypeVariable done
Event: 12.168 loading class sun/reflect/generics/reflectiveObjects/TypeVariableImpl
Event: 12.169 loading class sun/reflect/generics/reflectiveObjects/LazyReflectiveObjectGenerator
Event: 12.169 loading class sun/reflect/generics/reflectiveObjects/LazyReflectiveObjectGenerator done
Event: 12.169 loading class sun/reflect/generics/reflectiveObjects/TypeVariableImpl done


Dynamic libraries:
0x00007ff7bbf40000 - 0x00007ff7bbf71000 	C:\Program Files\Android\Android Studio\jre\bin\java.exe
0x00007ff80bf10000 - 0x00007ff80c0bd000 	C:\windows\SYSTEM32\ntdll.dll
0x00007ff809590000 - 0x00007ff8096ce000 	C:\windows\system32\KERNEL32.DLL
0x00007ff809100000 - 0x00007ff809215000 	C:\windows\system32\KERNELBASE.dll
0x00007ff8098e0000 - 0x00007ff80998a000 	C:\windows\system32\ADVAPI32.dll
0x00007ff80b290000 - 0x00007ff80b407000 	C:\windows\system32\USER32.dll
0x00007ff806020000 - 0x00007ff80629b000 	C:\windows\WinSxS\amd64_microsoft.windows.common-controls_6595b64144ccf1df_6.0.9600.18006_none_623f33d3ecbe86e8\COMCTL32.dll
0x00007ff80b420000 - 0x00007ff80b4ca000 	C:\windows\system32\msvcrt.dll
0x00007ff80b6b0000 - 0x00007ff80b709000 	C:\windows\SYSTEM32\sechost.dll
0x00007ff8097a0000 - 0x00007ff8098e0000 	C:\windows\system32\RPCRT4.dll
0x00007ff80b860000 - 0x00007ff80b9af000 	C:\windows\system32\GDI32.dll
0x00007ff809560000 - 0x00007ff80958e000 	C:\windows\system32\SspiCli.dll
0x00007ff80b250000 - 0x00007ff80b286000 	C:\windows\system32\IMM32.DLL
0x00007ff80bdb0000 - 0x00007ff80bf02000 	C:\windows\system32\MSCTF.dll
0x0000000052f60000 - 0x0000000053032000 	C:\Program Files\Android\Android Studio\jre\jre\bin\msvcr100.dll
0x0000000053120000 - 0x0000000053954000 	C:\Program Files\Android\Android Studio\jre\jre\bin\server\jvm.dll
0x00007ff800dc0000 - 0x00007ff800dc9000 	C:\windows\SYSTEM32\WSOCK32.dll
0x00007ff804300000 - 0x00007ff804322000 	C:\windows\SYSTEM32\WINMM.dll
0x00007ff801630000 - 0x00007ff80163a000 	C:\windows\SYSTEM32\VERSION.dll
0x00007ff80b4e0000 - 0x00007ff80b4e7000 	C:\windows\system32\PSAPI.DLL
0x00007ff80ba10000 - 0x00007ff80ba6a000 	C:\windows\system32\WS2_32.dll
0x00007ff8042d0000 - 0x00007ff8042fa000 	C:\windows\SYSTEM32\WINMMBASE.dll
0x00007ff80b4d0000 - 0x00007ff80b4d9000 	C:\windows\system32\NSI.dll
0x00007ff809220000 - 0x00007ff80926f000 	C:\windows\SYSTEM32\cfgmgr32.dll
0x00007ff807e50000 - 0x00007ff807e78000 	C:\windows\SYSTEM32\DEVOBJ.dll
0x00007ff804e20000 - 0x00007ff804e2f000 	C:\Program Files\Android\Android Studio\jre\jre\bin\verify.dll
0x00007ff8049e0000 - 0x00007ff804a09000 	C:\Program Files\Android\Android Studio\jre\jre\bin\java.dll
0x00007ff8049c0000 - 0x00007ff8049d6000 	C:\Program Files\Android\Android Studio\jre\jre\bin\zip.dll
0x00007ff809b30000 - 0x00007ff80b058000 	C:\windows\system32\SHELL32.dll
0x00007ff80bb90000 - 0x00007ff80bda1000 	C:\windows\SYSTEM32\combase.dll
0x00007ff80b9b0000 - 0x00007ff80ba04000 	C:\windows\system32\SHLWAPI.dll
0x00007ff8073b0000 - 0x00007ff807462000 	C:\windows\SYSTEM32\SHCORE.dll
0x00007ff809030000 - 0x00007ff809045000 	C:\windows\SYSTEM32\profapi.dll

VM Arguments:
jvm_args: -Djava.awt.headless=true -Xmx1024M -Dfile.encoding=windows-1252 -Duser.country=US -Duser.language=en -Duser.variant 
java_command: com.android.dx.command.Main --dex --verbose --force-jumbo --num-threads=4 --multi-dex --output C:\Users\bruh\Desktop\COMP150-MOB\QueueR\app\build\intermediates\transforms\dex\debug\folders\1000\10\core-3.2.1_fcae36e118dda71acc618a35b119dad8b85f3b5c C:\Users\bruh\.gradle\caches\modules-2\files-2.1\com.google.zxing\core\3.2.1\2287494d4f5f9f3a9a2bb6980e3f32053721b315\core-3.2.1.jar
java_class_path (initial): C:\Users\bruh\AppData\Local\Android\sdk\build-tools\24.0.1\lib\dx.jar
Launcher Type: SUN_STANDARD

Environment Variables:
PATH=C:\Program Files\Java\jdk1.8.0_101\bin\;C:\ProgramData\Oracle\Java\javapath;C:\windows\system32;C:\windows;C:\windows\System32\Wbem;C:\windows\System32\WindowsPowerShell\v1.0\;C:\Program Files\nodejs\;C:\Program Files (x86)\Heroku\bin;C:\Program Files (x86)\git\cmd;C:\Users\bruh\AppData\Roaming\npm;C:\Program Files (x86)\Skype\Phone\;C:\Program Files (x86)\GtkSharp\2.12\bin;C:\Program Files\Java\jdk1.8.0_101\bin\
USERNAME=bruh
OS=Windows_NT
PROCESSOR_IDENTIFIER=Intel64 Family 6 Model 69 Stepping 1, GenuineIntel



---------------  S Y S T E M  ---------------

OS: Windows 8.1 , 64 bit Build 9600 (6.3.9600.17415)

CPU:total 4 (2 cores per cpu, 2 threads per core) family 6 model 69 stepping 1, cmov, cx8, fxsr, mmx, sse, sse2, sse3, ssse3, sse4.1, sse4.2, popcnt, avx, avx2, aes, clmul, erms, lzcnt, ht, tsc, tscinvbit, bmi1, bmi2

Memory: 4k page, physical 4097056k(245676k free), swap 7242784k(5084k free)

vm_info: OpenJDK 64-Bit Server VM (25.76-b03) for windows-amd64 JRE (1.8.0_76-release-b03), built on Jun 29 2016 19:09:20 by "ralucas" with MS VC++ 10.0 (VS2010)

time: Thu Dec 15 02:54:10 2016
elapsed time: 12 seconds (0d 0h 0m 12s)

