#
# There is insufficient memory for the Java Runtime Environment to continue.
# Native memory allocation (malloc) failed to allocate 38352 bytes for Chunk::new
# Possible reasons:
#   The system is out of physical RAM or swap space
#   In 32 bit mode, the process size limit was hit
# Possible solutions:
#   Reduce memory load on the system
#   Increase physical memory or swap space
#   Check if swap backing store is full
#   Use 64 bit Java on a 64 bit OS
#   Decrease Java heap size (-Xmx/-Xms)
#   Decrease number of Java threads
#   Decrease Java thread stack sizes (-Xss)
#   Set larger code cache with -XX:ReservedCodeCacheSize=
# This output file may be truncated or incomplete.
#
#  Out of Memory Error (allocation.cpp:390), pid=4772, tid=0x0000000000001648
#
# JRE version: OpenJDK Runtime Environment (8.0_76-b03) (build 1.8.0_76-release-b03)
# Java VM: OpenJDK 64-Bit Server VM (25.76-b03 mixed mode windows-amd64 compressed oops)
# Failed to write core dump. Minidumps are not enabled by default on client versions of Windows
#

---------------  T H R E A D  ---------------

Current thread (0x000000001502b000):  JavaThread "C1 CompilerThread2" daemon [_thread_in_native, id=5704, stack(0x0000000016720000,0x0000000016820000)]

Stack: [0x0000000016720000,0x0000000016820000]
[error occurred during error reporting (printing stack bounds), id 0xc0000005]

Native frames: (J=compiled Java code, j=interpreted, Vv=VM code, C=native code)


Current CompileTask:
C1:   3563  661   !   3       com.android.dx.cf.code.RopperMachine::run (1550 bytes)


---------------  P R O C E S S  ---------------

Java Threads: ( => current thread )
  0x0000000016a92800 JavaThread "pool-2-thread-4" [_thread_in_vm, id=4172, stack(0x0000000017220000,0x0000000017320000)]
  0x0000000016a92000 JavaThread "pool-2-thread-3" [_thread_in_Java, id=2980, stack(0x0000000017120000,0x0000000017220000)]
  0x0000000016a91000 JavaThread "pool-2-thread-2" [_thread_in_vm, id=4144, stack(0x0000000017020000,0x0000000017120000)]
  0x0000000016b10800 JavaThread "pool-3-thread-1" [_thread_blocked, id=3236, stack(0x0000000016f20000,0x0000000017020000)]
  0x0000000016b14800 JavaThread "pool-2-thread-1" [_thread_in_vm, id=3192, stack(0x0000000016e20000,0x0000000016f20000)]
  0x0000000016820800 JavaThread "Service Thread" daemon [_thread_blocked, id=6576, stack(0x0000000016c20000,0x0000000016d20000)]
=>0x000000001502b000 JavaThread "C1 CompilerThread2" daemon [_thread_in_native, id=5704, stack(0x0000000016720000,0x0000000016820000)]
  0x0000000014fc7000 JavaThread "C2 CompilerThread1" daemon [_thread_blocked, id=2800, stack(0x0000000016620000,0x0000000016720000)]
  0x0000000014fd6800 JavaThread "C2 CompilerThread0" daemon [_thread_blocked, id=4476, stack(0x0000000016520000,0x0000000016620000)]
  0x0000000014fd5000 JavaThread "Attach Listener" daemon [_thread_blocked, id=3564, stack(0x0000000016420000,0x0000000016520000)]
  0x0000000014fd4000 JavaThread "Signal Dispatcher" daemon [_thread_blocked, id=6476, stack(0x0000000016320000,0x0000000016420000)]
  0x0000000014fb8000 JavaThread "Finalizer" daemon [_thread_blocked, id=1852, stack(0x0000000016220000,0x0000000016320000)]
  0x00000000028f0000 JavaThread "Reference Handler" daemon [_thread_blocked, id=6640, stack(0x0000000016120000,0x0000000016220000)]
  0x0000000002800800 JavaThread "main" [_thread_in_Java, id=3904, stack(0x0000000002700000,0x0000000002800000)]

Other Threads:
  0x0000000014f96800 VMThread [stack: 0x0000000016020000,0x0000000016120000] [id=952]
  0x0000000016822800 WatcherThread [stack: 0x0000000016d20000,0x0000000016e20000] [id=3924]

VM state:not at safepoint (normal execution)

VM Mutex/Monitor currently owned by a thread: None

Heap:
 PSYoungGen      total 18944K, used 12827K [0x00000000eab00000, 0x00000000ec000000, 0x0000000100000000)
  eden space 16384K, 78% used [0x00000000eab00000,0x00000000eb786da8,0x00000000ebb00000)
  from space 2560K, 0% used [0x00000000ebd80000,0x00000000ebd80000,0x00000000ec000000)
  to   space 2560K, 0% used [0x00000000ebb00000,0x00000000ebb00000,0x00000000ebd80000)
 ParOldGen       total 44032K, used 0K [0x00000000c0000000, 0x00000000c2b00000, 0x00000000eab00000)
  object space 44032K, 0% used [0x00000000c0000000,0x00000000c0000000,0x00000000c2b00000)
 Metaspace       used 5532K, capacity 6576K, committed 6784K, reserved 1056768K
  class space    used 570K, capacity 616K, committed 640K, reserved 1048576K

Card table byte_map: [0x0000000011cc0000,0x0000000011ed0000] byte_map_base: 0x00000000116c0000

Marking Bits: (ParMarkBitMap*) 0x00000000538d9d00
 Begin Bits: [0x0000000012430000, 0x0000000013430000)
 End Bits:   [0x0000000013430000, 0x0000000014430000)

Polling page: 0x0000000000d40000

CodeCache: size=245760Kb used=2603Kb max_used=2603Kb free=243156Kb
 bounds [0x0000000002900000, 0x0000000002b90000, 0x0000000011900000]
 total_blobs=928 nmethods=660 adapters=182
 compilation: enabled

Compilation events (10 events):
Event: 3.531 Thread 0x000000001502b000 nmethod 656 0x0000000002b88b10 code [0x0000000002b88c80, 0x0000000002b88f90]
Event: 3.532 Thread 0x000000001502b000  657       1       com.android.dx.cf.iface.StdMember::getAttributes (5 bytes)
Event: 3.532 Thread 0x000000001502b000 nmethod 657 0x0000000002b89090 code [0x0000000002b891e0, 0x0000000002b892f0]
Event: 3.532 Thread 0x000000001502b000  658       1       java.util.TreeMap::size (5 bytes)
Event: 3.532 Thread 0x000000001502b000 nmethod 658 0x0000000002b89350 code [0x0000000002b894a0, 0x0000000002b895b0]
Event: 3.533 Thread 0x000000001502b000  659       3       com.android.dx.rop.code.InsnList::<init> (6 bytes)
Event: 3.533 Thread 0x000000001502b000 nmethod 659 0x0000000002b89610 code [0x0000000002b89780, 0x0000000002b89908]
Event: 3.534 Thread 0x000000001502b000  660       3       com.android.dx.ssa.SsaRenamer$BlockRenamer::process (191 bytes)
Event: 3.537 Thread 0x000000001502b000 nmethod 660 0x0000000002b89990 code [0x0000000002b89d00, 0x0000000002b8bab8]
Event: 3.540 Thread 0x000000001502b000  661   !   3       com.android.dx.cf.code.RopperMachine::run (1550 bytes)

GC Heap History (0 events):
No events

Deoptimization events (2 events):
Event: 2.211 Thread 0x0000000002800800 Uncommon trap: reason=unstable_if action=reinterpret pc=0x0000000002a4d8d8 method=java.lang.String.indexOf(II)I @ 49
Event: 3.437 Thread 0x0000000016a91000 Uncommon trap: reason=unstable_if action=reinterpret pc=0x0000000002b28b04 method=java.util.HashMap.getNode(ILjava/lang/Object;)Ljava/util/HashMap$Node; @ 62

Internal exceptions (2 events):
Event: 1.379 Thread 0x0000000002800800 Exception <a 'java/lang/NoSuchMethodError': Method sun.misc.Unsafe.defineClass(Ljava/lang/String;[BII)Ljava/lang/Class; name or signature does not match> (0x00000000eab07cc0) thrown at [C:\src\android\AOSP-openjdk\external\jetbrains\jdk\hotspot\src\share\v6E±lö?
Event: 1.379 Thread 0x0000000002800800 Exception <a 'java/lang/NoSuchMethodError': Method sun.misc.Unsafe.prefetchRead(Ljava/lang/Object;J)V name or signature does not match> (0x00000000eab07fa8) thrown at [C:\src\android\AOSP-openjdk\external\jetbrains\jdk\hotspot\src\share\vm\prims\jni.cpp, l

Events (10 events):
Event: 3.435 loading class com/android/dx/dex/file/MethodAnnotationStruct done
Event: 3.437 Thread 0x0000000016a91000 Uncommon trap: trap_request=0xffffff65 fr.pc=0x0000000002b28b04
Event: 3.437 Thread 0x0000000016a91000 DEOPT PACKING pc=0x0000000002b28b04 sp=0x000000001711ea30
Event: 3.437 Thread 0x0000000016a91000 DEOPT UNPACKING pc=0x000000000294556a sp=0x000000001711e9a8 mode 2
Event: 3.440 loading class com/android/dx/ssa/back/FirstFitLocalCombiningAllocator$Multiset
Event: 3.440 loading class com/android/dx/ssa/back/FirstFitLocalCombiningAllocator$Multiset done
Event: 3.455 loading class java/util/HashMap$Values
Event: 3.456 loading class java/util/HashMap$Values done
Event: 3.456 loading class java/util/HashMap$ValueIterator
Event: 3.456 loading class java/util/HashMap$ValueIterator done


Dynamic libraries:
0x00007ff7bbf40000 - 0x00007ff7bbf71000 	C:\Program Files\Android\Android Studio\jre\bin\java.exe
0x00007ff80bf10000 - 0x00007ff80c0bd000 	C:\windows\SYSTEM32\ntdll.dll
0x00007ff809590000 - 0x00007ff8096ce000 	C:\windows\system32\KERNEL32.DLL
0x00007ff809100000 - 0x00007ff809215000 	C:\windows\system32\KERNELBASE.dll
0x00007ff8098e0000 - 0x00007ff80998a000 	C:\windows\system32\ADVAPI32.dll
0x00007ff80b290000 - 0x00007ff80b407000 	C:\windows\system32\USER32.dll
0x00007ff806020000 - 0x00007ff80629b000 	C:\windows\WinSxS\amd64_microsoft.windows.common-controls_6595b64144ccf1df_6.0.9600.18006_none_623f33d3ecbe86e8\COMCTL32.dll
0x00007ff80b420000 - 0x00007ff80b4ca000 	C:\windows\system32\msvcrt.dll
0x00007ff80b6b0000 - 0x00007ff80b709000 	C:\windows\SYSTEM32\sechost.dll
0x00007ff8097a0000 - 0x00007ff8098e0000 	C:\windows\system32\RPCRT4.dll
0x00007ff80b860000 - 0x00007ff80b9af000 	C:\windows\system32\GDI32.dll
0x00007ff809560000 - 0x00007ff80958e000 	C:\windows\system32\SspiCli.dll
0x00007ff80b250000 - 0x00007ff80b286000 	C:\windows\system32\IMM32.DLL
0x00007ff80bdb0000 - 0x00007ff80bf02000 	C:\windows\system32\MSCTF.dll
0x0000000052f60000 - 0x0000000053032000 	C:\Program Files\Android\Android Studio\jre\jre\bin\msvcr100.dll
0x0000000053120000 - 0x0000000053954000 	C:\Program Files\Android\Android Studio\jre\jre\bin\server\jvm.dll
0x00007ff800dc0000 - 0x00007ff800dc9000 	C:\windows\SYSTEM32\WSOCK32.dll
0x00007ff804300000 - 0x00007ff804322000 	C:\windows\SYSTEM32\WINMM.dll
0x00007ff801630000 - 0x00007ff80163a000 	C:\windows\SYSTEM32\VERSION.dll
0x00007ff80b4e0000 - 0x00007ff80b4e7000 	C:\windows\system32\PSAPI.DLL
0x00007ff80ba10000 - 0x00007ff80ba6a000 	C:\windows\system32\WS2_32.dll
0x00007ff8042d0000 - 0x00007ff8042fa000 	C:\windows\SYSTEM32\WINMMBASE.dll
0x00007ff80b4d0000 - 0x00007ff80b4d9000 	C:\windows\system32\NSI.dll
0x00007ff809220000 - 0x00007ff80926f000 	C:\windows\SYSTEM32\cfgmgr32.dll
0x00007ff807e50000 - 0x00007ff807e78000 	C:\windows\SYSTEM32\DEVOBJ.dll
0x00007ff804e20000 - 0x00007ff804e2f000 	C:\Program Files\Android\Android Studio\jre\jre\bin\verify.dll
0x00007ff8049e0000 - 0x00007ff804a09000 	C:\Program Files\Android\Android Studio\jre\jre\bin\java.dll
0x00007ff8049c0000 - 0x00007ff8049d6000 	C:\Program Files\Android\Android Studio\jre\jre\bin\zip.dll
0x00007ff809b30000 - 0x00007ff80b058000 	C:\windows\system32\SHELL32.dll
0x00007ff80bb90000 - 0x00007ff80bda1000 	C:\windows\SYSTEM32\combase.dll
0x00007ff80b9b0000 - 0x00007ff80ba04000 	C:\windows\system32\SHLWAPI.dll
0x00007ff8073b0000 - 0x00007ff807462000 	C:\windows\SYSTEM32\SHCORE.dll
0x00007ff809030000 - 0x00007ff809045000 	C:\windows\SYSTEM32\profapi.dll

VM Arguments:
jvm_args: -Djava.awt.headless=true -Xmx1024M -Dfile.encoding=windows-1252 -Duser.country=US -Duser.language=en -Duser.variant 
java_command: com.android.dx.command.Main --dex --verbose --force-jumbo --num-threads=4 --multi-dex --output C:\Users\bruh\Desktop\COMP150-MOB\QueueR\app\build\intermediates\transforms\dex\debug\folders\1000\10\com.android.support-recyclerview-v7-24.1.1_e125edecbc760d9af71aaa5d21f878c169bef4c8 C:\Users\bruh\Desktop\COMP150-MOB\QueueR\app\build\intermediates\exploded-aar\com.android.support\recyclerview-v7\24.1.1\jars\classes.jar
java_class_path (initial): C:\Users\bruh\AppData\Local\Android\sdk\build-tools\24.0.1\lib\dx.jar
Launcher Type: SUN_STANDARD

Environment Variables:
PATH=C:\Program Files\Java\jdk1.8.0_101\bin\;C:\ProgramData\Oracle\Java\javapath;C:\windows\system32;C:\windows;C:\windows\System32\Wbem;C:\windows\System32\WindowsPowerShell\v1.0\;C:\Program Files\nodejs\;C:\Program Files (x86)\Heroku\bin;C:\Program Files (x86)\git\cmd;C:\Users\bruh\AppData\Roaming\npm;C:\Program Files (x86)\Skype\Phone\;C:\Program Files (x86)\GtkSharp\2.12\bin;C:\Program Files\Java\jdk1.8.0_101\bin\
USERNAME=bruh
OS=Windows_NT
PROCESSOR_IDENTIFIER=Intel64 Family 6 Model 69 Stepping 1, GenuineIntel



---------------  S Y S T E M  ---------------

OS: Windows 8.1 , 64 bit Build 9600 (6.3.9600.17415)

CPU:total 4 (2 cores per cpu, 2 threads per core) family 6 model 69 stepping 1, cmov, cx8, fxsr, mmx, sse, sse2, sse3, ssse3, sse4.1, sse4.2, popcnt, avx, avx2, aes, clmul, erms, lzcnt, ht, tsc, tscinvbit, bmi1, bmi2

Memory: 4k page, physical 4097056k(203196k free), swap 7242784k(5092k free)

vm_info: OpenJDK 64-Bit Server VM (25.76-b03) for windows-amd64 JRE (1.8.0_76-release-b03), built on Jun 29 2016 19:09:20 by "ralucas" with MS VC++ 10.0 (VS2010)

time: Thu Dec 15 02:45:47 2016
elapsed time: 3 seconds (0d 0h 0m 3s)

