#
# There is insufficient memory for the Java Runtime Environment to continue.
# Native memory allocation (malloc) failed to allocate 1077456 bytes for Chunk::new
# Possible reasons:
#   The system is out of physical RAM or swap space
#   In 32 bit mode, the process size limit was hit
# Possible solutions:
#   Reduce memory load on the system
#   Increase physical memory or swap space
#   Check if swap backing store is full
#   Use 64 bit Java on a 64 bit OS
#   Decrease Java heap size (-Xmx/-Xms)
#   Decrease number of Java threads
#   Decrease Java thread stack sizes (-Xss)
#   Set larger code cache with -XX:ReservedCodeCacheSize=
# This output file may be truncated or incomplete.
#
#  Out of Memory Error (allocation.cpp:390), pid=3212, tid=0x00000000000019b4
#
# JRE version: OpenJDK Runtime Environment (8.0_76-b03) (build 1.8.0_76-release-b03)
# Java VM: OpenJDK 64-Bit Server VM (25.76-b03 mixed mode windows-amd64 compressed oops)
# Failed to write core dump. Minidumps are not enabled by default on client versions of Windows
#

---------------  T H R E A D  ---------------

Current thread (0x00000000145a4800):  JavaThread "C2 CompilerThread1" daemon [_thread_in_native, id=6580, stack(0x0000000015cc0000,0x0000000015dc0000)]

Stack: [0x0000000015cc0000,0x0000000015dc0000]
[error occurred during error reporting (printing stack bounds), id 0xc0000005]

Native frames: (J=compiled Java code, j=interpreted, Vv=VM code, C=native code)


Current CompileTask:
C2:  14472 1659       4       com.android.dx.dex.code.OutputFinisher::addConstants (93 bytes)


---------------  P R O C E S S  ---------------

Java Threads: ( => current thread )
  0x0000000015f77000 JavaThread "pool-1-thread-1" [_thread_blocked, id=4612, stack(0x00000000164c0000,0x00000000165c0000)]
  0x0000000015dca000 JavaThread "Service Thread" daemon [_thread_blocked, id=6364, stack(0x00000000162c0000,0x00000000163c0000)]
  0x00000000145a7800 JavaThread "C1 CompilerThread2" daemon [_thread_blocked, id=5068, stack(0x00000000161c0000,0x00000000162c0000)]
=>0x00000000145a4800 JavaThread "C2 CompilerThread1" daemon [_thread_in_native, id=6580, stack(0x0000000015cc0000,0x0000000015dc0000)]
  0x0000000014556800 JavaThread "C2 CompilerThread0" daemon [_thread_in_native, id=6568, stack(0x0000000015bc0000,0x0000000015cc0000)]
  0x0000000014555000 JavaThread "Attach Listener" daemon [_thread_blocked, id=5472, stack(0x0000000015ac0000,0x0000000015bc0000)]
  0x0000000014554000 JavaThread "Signal Dispatcher" daemon [_thread_blocked, id=6800, stack(0x00000000159c0000,0x0000000015ac0000)]
  0x0000000001e7b000 JavaThread "Finalizer" daemon [_thread_blocked, id=4832, stack(0x00000000157e0000,0x00000000158e0000)]
  0x0000000001e70000 JavaThread "Reference Handler" daemon [_thread_blocked, id=5116, stack(0x00000000156e0000,0x00000000157e0000)]
  0x0000000001d80800 JavaThread "main" [_thread_blocked, id=5412, stack(0x0000000001c80000,0x0000000001d80000)]

Other Threads:
  0x0000000014516800 VMThread [stack: 0x00000000155e0000,0x00000000156e0000] [id=4260]
  0x0000000015dcc000 WatcherThread [stack: 0x00000000163c0000,0x00000000164c0000] [id=4828]

VM state:not at safepoint (normal execution)

VM Mutex/Monitor currently owned by a thread: None

Heap:
 PSYoungGen      total 35328K, used 33977K [0x00000000eab00000, 0x00000000ed000000, 0x0000000100000000)
  eden space 32768K, 95% used [0x00000000eab00000,0x00000000ec9b2010,0x00000000ecb00000)
  from space 2560K, 99% used [0x00000000ecd80000,0x00000000ecffc6b0,0x00000000ed000000)
  to   space 2560K, 0% used [0x00000000ecb00000,0x00000000ecb00000,0x00000000ecd80000)
 ParOldGen       total 44032K, used 3810K [0x00000000c0000000, 0x00000000c2b00000, 0x00000000eab00000)
  object space 44032K, 8% used [0x00000000c0000000,0x00000000c03b8bf8,0x00000000c2b00000)
 Metaspace       used 6194K, capacity 7088K, committed 7296K, reserved 1056768K
  class space    used 581K, capacity 616K, committed 640K, reserved 1048576K

Card table byte_map: [0x0000000011240000,0x0000000011450000] byte_map_base: 0x0000000010c40000

Marking Bits: (ParMarkBitMap*) 0x00000000538d9d00
 Begin Bits: [0x00000000119b0000, 0x00000000129b0000)
 End Bits:   [0x00000000129b0000, 0x00000000139b0000)

Polling page: 0x0000000000320000

CodeCache: size=245760Kb used=7692Kb max_used=7704Kb free=238067Kb
 bounds [0x0000000001e80000, 0x0000000002610000, 0x0000000010e80000]
 total_blobs=1925 nmethods=1657 adapters=182
 compilation: enabled

Compilation events (10 events):
Event: 14.333 Thread 0x00000000145a7800 nmethod 1668 0x00000000025efb90 code [0x00000000025efd00, 0x00000000025eff68]
Event: 14.333 Thread 0x00000000145a7800 1669       3       java.util.HashMap$KeyIterator::<init> (11 bytes)
Event: 14.333 Thread 0x00000000145a7800 nmethod 1669 0x00000000025e39d0 code [0x00000000025e3b40, 0x00000000025e3ce8]
Event: 14.338 Thread 0x00000000145a7800 1670       3       com.android.dx.dex.file.DebugInfoItem::<init> (36 bytes)
Event: 14.338 Thread 0x00000000145a7800 nmethod 1670 0x00000000025f2610 code [0x00000000025f2780, 0x00000000025f2a58]
Event: 14.343 Thread 0x0000000014556800 1671       4       java.util.HashMap$HashIterator::nextNode (100 bytes)
Event: 14.349 Thread 0x0000000014556800 nmethod 1671 0x00000000025f2190 code [0x00000000025f22e0, 0x00000000025f24d8]
Event: 14.350 Thread 0x0000000014556800 1672       4       java.util.HashMap$HashIterator::hasNext (13 bytes)
Event: 14.351 Thread 0x0000000014556800 nmethod 1672 0x00000000023c5550 code [0x00000000023c5680, 0x00000000023c56f8]
Event: 14.356 Thread 0x0000000014556800 1673       4       com.android.dx.dex.file.DexFile::internIfAppropriate (128 bytes)

GC Heap History (4 events):
Event: 3.185 GC heap before
{Heap before GC invocations=1 (full 0):
 PSYoungGen      total 18944K, used 16384K [0x00000000eab00000, 0x00000000ec000000, 0x0000000100000000)
  eden space 16384K, 100% used [0x00000000eab00000,0x00000000ebb00000,0x00000000ebb00000)
  from space 2560K, 0% used [0x00000000ebd80000,0x00000000ebd80000,0x00000000ec000000)
  to   space 2560K, 0% used [0x00000000ebb00000,0x00000000ebb00000,0x00000000ebd80000)
 ParOldGen       total 44032K, used 0K [0x00000000c0000000, 0x00000000c2b00000, 0x00000000eab00000)
  object space 44032K, 0% used [0x00000000c0000000,0x00000000c0000000,0x00000000c2b00000)
 Metaspace       used 5751K, capacity 6768K, committed 7040K, reserved 1056768K
  class space    used 573K, capacity 616K, committed 640K, reserved 1048576K
Event: 3.370 GC heap after
Heap after GC invocations=1 (full 0):
 PSYoungGen      total 18944K, used 2554K [0x00000000eab00000, 0x00000000ed000000, 0x0000000100000000)
  eden space 16384K, 0% used [0x00000000eab00000,0x00000000eab00000,0x00000000ebb00000)
  from space 2560K, 99% used [0x00000000ebb00000,0x00000000ebd7eaa0,0x00000000ebd80000)
  to   space 2560K, 0% used [0x00000000ecd80000,0x00000000ecd80000,0x00000000ed000000)
 ParOldGen       total 44032K, used 1679K [0x00000000c0000000, 0x00000000c2b00000, 0x00000000eab00000)
  object space 44032K, 3% used [0x00000000c0000000,0x00000000c01a3dc8,0x00000000c2b00000)
 Metaspace       used 5751K, capacity 6768K, committed 7040K, reserved 1056768K
  class space    used 573K, capacity 616K, committed 640K, reserved 1048576K
}
Event: 6.462 GC heap before
{Heap before GC invocations=2 (full 0):
 PSYoungGen      total 18944K, used 18938K [0x00000000eab00000, 0x00000000ed000000, 0x0000000100000000)
  eden space 16384K, 100% used [0x00000000eab00000,0x00000000ebb00000,0x00000000ebb00000)
  from space 2560K, 99% used [0x00000000ebb00000,0x00000000ebd7eaa0,0x00000000ebd80000)
  to   space 2560K, 0% used [0x00000000ecd80000,0x00000000ecd80000,0x00000000ed000000)
 ParOldGen       total 44032K, used 1679K [0x00000000c0000000, 0x00000000c2b00000, 0x00000000eab00000)
  object space 44032K, 3% used [0x00000000c0000000,0x00000000c01a3dc8,0x00000000c2b00000)
 Metaspace       used 5986K, capacity 6960K, committed 7040K, reserved 1056768K
  class space    used 573K, capacity 616K, committed 640K, reserved 1048576K
Event: 7.176 GC heap after
Heap after GC invocations=2 (full 0):
 PSYoungGen      total 35328K, used 2545K [0x00000000eab00000, 0x00000000ed000000, 0x0000000100000000)
  eden space 32768K, 0% used [0x00000000eab00000,0x00000000eab00000,0x00000000ecb00000)
  from space 2560K, 99% used [0x00000000ecd80000,0x00000000ecffc6b0,0x00000000ed000000)
  to   space 2560K, 0% used [0x00000000ecb00000,0x00000000ecb00000,0x00000000ecd80000)
 ParOldGen       total 44032K, used 3810K [0x00000000c0000000, 0x00000000c2b00000, 0x00000000eab00000)
  object space 44032K, 8% used [0x00000000c0000000,0x00000000c03b8bf8,0x00000000c2b00000)
 Metaspace       used 5986K, capacity 6960K, committed 7040K, reserved 1056768K
  class space    used 573K, capacity 616K, committed 640K, reserved 1048576K
}

Deoptimization events (10 events):
Event: 13.394 Thread 0x000000001602b800 Uncommon trap: reason=unstable_if action=reinterpret pc=0x0000000002545800 method=com.android.dx.cf.code.Ropper.processBlock(Lcom/android/dx/cf/code/ByteBlock;Lcom/android/dx/cf/code/Frame;[I)V @ 413
Event: 13.538 Thread 0x0000000015f77000 Uncommon trap: reason=class_check action=maybe_recompile pc=0x00000000022d9708 method=java.util.Arrays.hashCode([Ljava/lang/Object;)I @ 43
Event: 13.538 Thread 0x0000000015f77000 Uncommon trap: reason=class_check action=maybe_recompile pc=0x00000000022d9708 method=java.util.Arrays.hashCode([Ljava/lang/Object;)I @ 43
Event: 13.539 Thread 0x0000000015f77000 Uncommon trap: reason=class_check action=maybe_recompile pc=0x00000000022d9708 method=java.util.Arrays.hashCode([Ljava/lang/Object;)I @ 43
Event: 13.539 Thread 0x0000000015f77000 Uncommon trap: reason=class_check action=maybe_recompile pc=0x00000000022d9708 method=java.util.Arrays.hashCode([Ljava/lang/Object;)I @ 43
Event: 13.543 Thread 0x0000000015f77000 Uncommon trap: reason=bimorphic action=maybe_recompile pc=0x0000000002194fe8 method=java.util.HashMap.getNode(ILjava/lang/Object;)Ljava/util/HashMap$Node; @ 126
Event: 13.544 Thread 0x0000000015f77000 Uncommon trap: reason=bimorphic action=maybe_recompile pc=0x0000000002194fe8 method=java.util.HashMap.getNode(ILjava/lang/Object;)Ljava/util/HashMap$Node; @ 126
Event: 13.554 Thread 0x0000000015f77000 Uncommon trap: reason=bimorphic action=maybe_recompile pc=0x0000000002194fe8 method=java.util.HashMap.getNode(ILjava/lang/Object;)Ljava/util/HashMap$Node; @ 126
Event: 13.555 Thread 0x0000000015f77000 Uncommon trap: reason=class_check action=maybe_recompile pc=0x00000000022c9c04 method=java.util.HashMap.putVal(ILjava/lang/Object;Ljava/lang/Object;ZZ)Ljava/lang/Object; @ 203
Event: 13.557 Thread 0x0000000015f77000 Uncommon trap: reason=unstable_if action=reinterpret pc=0x00000000022c9bc0 method=java.util.HashMap.putVal(ILjava/lang/Object;Ljava/lang/Object;ZZ)Ljava/lang/Object; @ 94

Internal exceptions (4 events):
Event: 0.092 Thread 0x0000000001d80800 Exception <a 'java/lang/NoSuchMethodError': Method sun.misc.Unsafe.defineClass(Ljava/lang/String;[BII)Ljava/lang/Class; name or signature does not match> (0x00000000eab07cc0) thrown at [C:\src\android\AOSP-openjdk\external\jetbrains\jdk\hotspot\src\share\vy÷ûw·?
Event: 0.092 Thread 0x0000000001d80800 Exception <a 'java/lang/NoSuchMethodError': Method sun.misc.Unsafe.prefetchRead(Ljava/lang/Object;J)V name or signature does not match> (0x00000000eab07fa8) thrown at [C:\src\android\AOSP-openjdk\external\jetbrains\jdk\hotspot\src\share\vm\prims\jni.cpp, l³Þ®]ï¬@
Event: 5.919 Thread 0x0000000001d80800 Implicit null exception at 0x0000000002187d64 to 0x000000000218acb5
Event: 5.919 Thread 0x0000000001d80800 Implicit null exception at 0x00000000021979ad to 0x000000000219a0ad

Events (10 events):
Event: 13.554 Thread 0x0000000015f77000 DEOPT PACKING pc=0x0000000002194fe8 sp=0x00000000165bee50
Event: 13.554 Thread 0x0000000015f77000 DEOPT UNPACKING pc=0x0000000001ec556a sp=0x00000000165bedd0 mode 2
Event: 13.555 Thread 0x0000000015f77000 Uncommon trap: trap_request=0xffffffde fr.pc=0x00000000022c9c04
Event: 13.555 Thread 0x0000000015f77000 DEOPT PACKING pc=0x00000000022c9c04 sp=0x00000000165bee50
Event: 13.555 Thread 0x0000000015f77000 DEOPT UNPACKING pc=0x0000000001ec556a sp=0x00000000165bedc8 mode 2
Event: 13.557 Thread 0x0000000015f77000 Uncommon trap: trap_request=0xffffff65 fr.pc=0x00000000022c9bc0
Event: 13.557 Thread 0x0000000015f77000 DEOPT PACKING pc=0x00000000022c9bc0 sp=0x00000000165bed00
Event: 13.557 Thread 0x0000000015f77000 DEOPT UNPACKING pc=0x0000000001ec556a sp=0x00000000165bec80 mode 2
Event: 13.559 loading class com/android/dx/dex/file/CatchStructs
Event: 13.559 loading class com/android/dx/dex/file/CatchStructs done


Dynamic libraries:
0x00007ff7bbf40000 - 0x00007ff7bbf71000 	C:\Program Files\Android\Android Studio\jre\bin\java.exe
0x00007ff80bf10000 - 0x00007ff80c0bd000 	C:\windows\SYSTEM32\ntdll.dll
0x00007ff809590000 - 0x00007ff8096ce000 	C:\windows\system32\KERNEL32.DLL
0x00007ff809100000 - 0x00007ff809215000 	C:\windows\system32\KERNELBASE.dll
0x00007ff8098e0000 - 0x00007ff80998a000 	C:\windows\system32\ADVAPI32.dll
0x00007ff80b290000 - 0x00007ff80b407000 	C:\windows\system32\USER32.dll
0x00007ff806020000 - 0x00007ff80629b000 	C:\windows\WinSxS\amd64_microsoft.windows.common-controls_6595b64144ccf1df_6.0.9600.18006_none_623f33d3ecbe86e8\COMCTL32.dll
0x00007ff80b420000 - 0x00007ff80b4ca000 	C:\windows\system32\msvcrt.dll
0x00007ff80b6b0000 - 0x00007ff80b709000 	C:\windows\SYSTEM32\sechost.dll
0x00007ff8097a0000 - 0x00007ff8098e0000 	C:\windows\system32\RPCRT4.dll
0x00007ff80b860000 - 0x00007ff80b9af000 	C:\windows\system32\GDI32.dll
0x00007ff809560000 - 0x00007ff80958e000 	C:\windows\system32\SspiCli.dll
0x00007ff80b250000 - 0x00007ff80b286000 	C:\windows\system32\IMM32.DLL
0x00007ff80bdb0000 - 0x00007ff80bf02000 	C:\windows\system32\MSCTF.dll
0x0000000052f60000 - 0x0000000053032000 	C:\Program Files\Android\Android Studio\jre\jre\bin\msvcr100.dll
0x0000000053120000 - 0x0000000053954000 	C:\Program Files\Android\Android Studio\jre\jre\bin\server\jvm.dll
0x00007ff800dc0000 - 0x00007ff800dc9000 	C:\windows\SYSTEM32\WSOCK32.dll
0x00007ff804300000 - 0x00007ff804322000 	C:\windows\SYSTEM32\WINMM.dll
0x00007ff801630000 - 0x00007ff80163a000 	C:\windows\SYSTEM32\VERSION.dll
0x00007ff80b4e0000 - 0x00007ff80b4e7000 	C:\windows\system32\PSAPI.DLL
0x00007ff80ba10000 - 0x00007ff80ba6a000 	C:\windows\system32\WS2_32.dll
0x00007ff8042d0000 - 0x00007ff8042fa000 	C:\windows\SYSTEM32\WINMMBASE.dll
0x00007ff80b4d0000 - 0x00007ff80b4d9000 	C:\windows\system32\NSI.dll
0x00007ff809220000 - 0x00007ff80926f000 	C:\windows\SYSTEM32\cfgmgr32.dll
0x00007ff807e50000 - 0x00007ff807e78000 	C:\windows\SYSTEM32\DEVOBJ.dll
0x00007ff804e20000 - 0x00007ff804e2f000 	C:\Program Files\Android\Android Studio\jre\jre\bin\verify.dll
0x00007ff8049e0000 - 0x00007ff804a09000 	C:\Program Files\Android\Android Studio\jre\jre\bin\java.dll
0x00007ff8049c0000 - 0x00007ff8049d6000 	C:\Program Files\Android\Android Studio\jre\jre\bin\zip.dll
0x00007ff809b30000 - 0x00007ff80b058000 	C:\windows\system32\SHELL32.dll
0x00007ff80bb90000 - 0x00007ff80bda1000 	C:\windows\SYSTEM32\combase.dll
0x00007ff80b9b0000 - 0x00007ff80ba04000 	C:\windows\system32\SHLWAPI.dll
0x00007ff8073b0000 - 0x00007ff807462000 	C:\windows\SYSTEM32\SHCORE.dll
0x00007ff809030000 - 0x00007ff809045000 	C:\windows\SYSTEM32\profapi.dll

VM Arguments:
jvm_args: -Djava.awt.headless=true -Xmx1024M -Dfile.encoding=windows-1252 -Duser.country=US -Duser.language=en -Duser.variant 
java_command: com.android.dx.command.Main --dex --verbose --force-jumbo --num-threads=4 --multi-dex --output C:\Users\bruh\Desktop\COMP150-MOB\QueueR\app\build\intermediates\transforms\dex\debug\folders\1000\10\com.journeyapps-zxing-android-embedded-3.2.0_03c606fbd667ef64cb1249819ea12f4b723bd478 C:\Users\bruh\Desktop\COMP150-MOB\QueueR\app\build\intermediates\exploded-aar\com.journeyapps\zxing-android-embedded\3.2.0\jars\classes.jar
java_class_path (initial): C:\Users\bruh\AppData\Local\Android\sdk\build-tools\24.0.1\lib\dx.jar
Launcher Type: SUN_STANDARD

Environment Variables:
PATH=C:\Program Files\Java\jdk1.8.0_101\bin\;C:\ProgramData\Oracle\Java\javapath;C:\windows\system32;C:\windows;C:\windows\System32\Wbem;C:\windows\System32\WindowsPowerShell\v1.0\;C:\Program Files\nodejs\;C:\Program Files (x86)\Heroku\bin;C:\Program Files (x86)\git\cmd;C:\Users\bruh\AppData\Roaming\npm;C:\Program Files (x86)\Skype\Phone\;C:\Program Files (x86)\GtkSharp\2.12\bin;C:\Program Files\Java\jdk1.8.0_101\bin\
USERNAME=bruh
OS=Windows_NT
PROCESSOR_IDENTIFIER=Intel64 Family 6 Model 69 Stepping 1, GenuineIntel



---------------  S Y S T E M  ---------------

OS: Windows 8.1 , 64 bit Build 9600 (6.3.9600.17415)

CPU:total 4 (2 cores per cpu, 2 threads per core) family 6 model 69 stepping 1, cmov, cx8, fxsr, mmx, sse, sse2, sse3, ssse3, sse4.1, sse4.2, popcnt, avx, avx2, aes, clmul, erms, lzcnt, ht, tsc, tscinvbit, bmi1, bmi2

Memory: 4k page, physical 4097056k(609112k free), swap 7242784k(5584k free)

vm_info: OpenJDK 64-Bit Server VM (25.76-b03) for windows-amd64 JRE (1.8.0_76-release-b03), built on Jun 29 2016 19:09:20 by "ralucas" with MS VC++ 10.0 (VS2010)

time: Thu Dec 15 02:55:23 2016
elapsed time: 14 seconds (0d 0h 0m 14s)

