#
# There is insufficient memory for the Java Runtime Environment to continue.
# Native memory allocation (malloc) failed to allocate 375568 bytes for Chunk::new
# Possible reasons:
#   The system is out of physical RAM or swap space
#   In 32 bit mode, the process size limit was hit
# Possible solutions:
#   Reduce memory load on the system
#   Increase physical memory or swap space
#   Check if swap backing store is full
#   Use 64 bit Java on a 64 bit OS
#   Decrease Java heap size (-Xmx/-Xms)
#   Decrease number of Java threads
#   Decrease Java thread stack sizes (-Xss)
#   Set larger code cache with -XX:ReservedCodeCacheSize=
# This output file may be truncated or incomplete.
#
#  Out of Memory Error (allocation.cpp:390), pid=6412, tid=0x00000000000012c0
#
# JRE version: OpenJDK Runtime Environment (8.0_76-b03) (build 1.8.0_76-release-b03)
# Java VM: OpenJDK 64-Bit Server VM (25.76-b03 mixed mode windows-amd64 compressed oops)
# Failed to write core dump. Minidumps are not enabled by default on client versions of Windows
#

---------------  T H R E A D  ---------------

Current thread (0x0000000014e79800):  JavaThread "C2 CompilerThread0" daemon [_thread_in_native, id=4800, stack(0x00000000163c0000,0x00000000164c0000)]

Stack: [0x00000000163c0000,0x00000000164c0000]
[error occurred during error reporting (printing stack bounds), id 0xc0000005]

Native frames: (J=compiled Java code, j=interpreted, Vv=VM code, C=native code)


Current CompileTask:
C2:   5058 1218       4       com.android.dx.ssa.SCCP::simulateStmt (481 bytes)


---------------  P R O C E S S  ---------------

Java Threads: ( => current thread )
  0x0000000016860000 JavaThread "pool-2-thread-4" [_thread_in_vm, id=6564, stack(0x00000000170c0000,0x00000000171c0000)]
  0x000000001685f800 JavaThread "pool-2-thread-3" [_thread_blocked, id=5816, stack(0x0000000016fc0000,0x00000000170c0000)]
  0x0000000016854800 JavaThread "pool-2-thread-2" [_thread_in_Java, id=5544, stack(0x0000000016ec0000,0x0000000016fc0000)]
  0x0000000016850800 JavaThread "pool-3-thread-1" [_thread_blocked, id=6312, stack(0x0000000016dc0000,0x0000000016ec0000)]
  0x000000001684f800 JavaThread "pool-2-thread-1" [_thread_blocked, id=6844, stack(0x0000000016cc0000,0x0000000016dc0000)]
  0x0000000014ece000 JavaThread "Service Thread" daemon [_thread_blocked, id=4340, stack(0x0000000016ac0000,0x0000000016bc0000)]
  0x00000000165c8800 JavaThread "C1 CompilerThread2" daemon [_thread_in_native, id=6684, stack(0x00000000169c0000,0x0000000016ac0000)]
  0x0000000014e69800 JavaThread "C2 CompilerThread1" daemon [_thread_in_vm, id=5828, stack(0x00000000164c0000,0x00000000165c0000)]
=>0x0000000014e79800 JavaThread "C2 CompilerThread0" daemon [_thread_in_native, id=4800, stack(0x00000000163c0000,0x00000000164c0000)]
  0x0000000014e75000 JavaThread "Attach Listener" daemon [_thread_blocked, id=6872, stack(0x00000000162c0000,0x00000000163c0000)]
  0x0000000014e73800 JavaThread "Signal Dispatcher" daemon [_thread_blocked, id=4140, stack(0x00000000161c0000,0x00000000162c0000)]
  0x000000000279b000 JavaThread "Finalizer" daemon [_thread_blocked, id=2208, stack(0x00000000160c0000,0x00000000161c0000)]
  0x0000000002790000 JavaThread "Reference Handler" daemon [_thread_blocked, id=2064, stack(0x0000000015fc0000,0x00000000160c0000)]
  0x00000000026a0800 JavaThread "main" [_thread_blocked, id=624, stack(0x00000000024b0000,0x00000000025b0000)]

Other Threads:
  0x0000000014e36800 VMThread [stack: 0x0000000015ec0000,0x0000000015fc0000] [id=4408]
  0x00000000165c9000 WatcherThread [stack: 0x0000000016bc0000,0x0000000016cc0000] [id=6092]

VM state:not at safepoint (normal execution)

VM Mutex/Monitor currently owned by a thread:  ([mutex/lock_event])
[0x000000000269b720] CodeCache_lock - owner thread: 0x00000000165c8800
[0x000000000269c970] CompiledIC_lock - owner thread: 0x0000000016860000
[0x000000000269e380] Compile_lock - owner thread: 0x00000000165c8800
[0x000000000269e400] MethodCompileQueue_lock - owner thread: 0x00000000165c8800

Heap:
 PSYoungGen      total 35328K, used 3629K [0x00000000eab00000, 0x00000000ed000000, 0x0000000100000000)
  eden space 32768K, 3% used [0x00000000eab00000,0x00000000eac0c9a8,0x00000000ecb00000)
  from space 2560K, 99% used [0x00000000ecd80000,0x00000000ecffea90,0x00000000ed000000)
  to   space 2560K, 0% used [0x00000000ecb00000,0x00000000ecb00000,0x00000000ecd80000)
 ParOldGen       total 44032K, used 3992K [0x00000000c0000000, 0x00000000c2b00000, 0x00000000eab00000)
  object space 44032K, 9% used [0x00000000c0000000,0x00000000c03e6158,0x00000000c2b00000)
 Metaspace       used 5982K, capacity 6960K, committed 7040K, reserved 1056768K
  class space    used 575K, capacity 616K, committed 640K, reserved 1048576K

Card table byte_map: [0x0000000011b60000,0x0000000011d70000] byte_map_base: 0x0000000011560000

Marking Bits: (ParMarkBitMap*) 0x00000000538d9d00
 Begin Bits: [0x00000000122d0000, 0x00000000132d0000)
 End Bits:   [0x00000000132d0000, 0x00000000142d0000)

Polling page: 0x0000000000b70000

CodeCache: size=245760Kb used=5224Kb max_used=5224Kb free=240535Kb
 bounds [0x00000000027a0000, 0x0000000002cd0000, 0x00000000117a0000]
 total_blobs=1542 nmethods=1273 adapters=182
 compilation: enabled

Compilation events (10 events):
Event: 4.684 Thread 0x00000000165c8800 nmethod 1289 0x0000000002cb2710 code [0x0000000002cb2860, 0x0000000002cb2970]
Event: 4.684 Thread 0x00000000165c8800 1288       3       com.android.dx.ssa.BasicRegisterMapper::oldToNew (22 bytes)
Event: 4.684 Thread 0x00000000165c8800 nmethod 1288 0x0000000002cb21d0 code [0x0000000002cb2340, 0x0000000002cb2628]
Event: 4.684 Thread 0x00000000165c8800 1290       3       com.android.dx.util.LabeledList::<init> (57 bytes)
Event: 4.684 Thread 0x0000000014e69800 nmethod 1274 0x0000000002cb1b50 code [0x0000000002cb1ca0, 0x0000000002cb1ec8]
Event: 4.684 Thread 0x0000000014e69800 1275       4       com.android.dx.cf.code.LineNumberList::pcToLine (73 bytes)
Event: 5.051 Thread 0x00000000165c8800 nmethod 1290 0x0000000002cb6e10 code [0x0000000002cb7040, 0x0000000002cb7cf8]
Event: 5.051 Thread 0x00000000165c8800 1292       3       com.android.dx.ssa.DomFront::<init> (60 bytes)
Event: 5.052 Thread 0x00000000165c8800 nmethod 1292 0x0000000002cb6350 code [0x0000000002cb64e0, 0x0000000002cb6b30]
Event: 5.052 Thread 0x00000000165c8800 1293       3       com.android.dx.ssa.DomFront::run (264 bytes)

GC Heap History (4 events):
Event: 3.000 GC heap before
{Heap before GC invocations=1 (full 0):
 PSYoungGen      total 18944K, used 16384K [0x00000000eab00000, 0x00000000ec000000, 0x0000000100000000)
  eden space 16384K, 100% used [0x00000000eab00000,0x00000000ebb00000,0x00000000ebb00000)
  from space 2560K, 0% used [0x00000000ebd80000,0x00000000ebd80000,0x00000000ec000000)
  to   space 2560K, 0% used [0x00000000ebb00000,0x00000000ebb00000,0x00000000ebd80000)
 ParOldGen       total 44032K, used 0K [0x00000000c0000000, 0x00000000c2b00000, 0x00000000eab00000)
  object space 44032K, 0% used [0x00000000c0000000,0x00000000c0000000,0x00000000c2b00000)
 Metaspace       used 5751K, capacity 6768K, committed 7040K, reserved 1056768K
  class space    used 573K, capacity 616K, committed 640K, reserved 1048576K
Event: 3.400 GC heap after
Heap after GC invocations=1 (full 0):
 PSYoungGen      total 18944K, used 2554K [0x00000000eab00000, 0x00000000ed000000, 0x0000000100000000)
  eden space 16384K, 0% used [0x00000000eab00000,0x00000000eab00000,0x00000000ebb00000)
  from space 2560K, 99% used [0x00000000ebb00000,0x00000000ebd7eab8,0x00000000ebd80000)
  to   space 2560K, 0% used [0x00000000ecd80000,0x00000000ecd80000,0x00000000ed000000)
 ParOldGen       total 44032K, used 1682K [0x00000000c0000000, 0x00000000c2b00000, 0x00000000eab00000)
  object space 44032K, 3% used [0x00000000c0000000,0x00000000c01a49e0,0x00000000c2b00000)
 Metaspace       used 5751K, capacity 6768K, committed 7040K, reserved 1056768K
  class space    used 573K, capacity 616K, committed 640K, reserved 1048576K
}
Event: 4.913 GC heap before
{Heap before GC invocations=2 (full 0):
 PSYoungGen      total 18944K, used 18938K [0x00000000eab00000, 0x00000000ed000000, 0x0000000100000000)
  eden space 16384K, 100% used [0x00000000eab00000,0x00000000ebb00000,0x00000000ebb00000)
  from space 2560K, 99% used [0x00000000ebb00000,0x00000000ebd7eab8,0x00000000ebd80000)
  to   space 2560K, 0% used [0x00000000ecd80000,0x00000000ecd80000,0x00000000ed000000)
 ParOldGen       total 44032K, used 1682K [0x00000000c0000000, 0x00000000c2b00000, 0x00000000eab00000)
  object space 44032K, 3% used [0x00000000c0000000,0x00000000c01a49e0,0x00000000c2b00000)
 Metaspace       used 5976K, capacity 6960K, committed 7040K, reserved 1056768K
  class space    used 575K, capacity 616K, committed 640K, reserved 1048576K
Event: 5.049 GC heap after
Heap after GC invocations=2 (full 0):
 PSYoungGen      total 35328K, used 2554K [0x00000000eab00000, 0x00000000ed000000, 0x0000000100000000)
  eden space 32768K, 0% used [0x00000000eab00000,0x00000000eab00000,0x00000000ecb00000)
  from space 2560K, 99% used [0x00000000ecd80000,0x00000000ecffea90,0x00000000ed000000)
  to   space 2560K, 0% used [0x00000000ecb00000,0x00000000ecb00000,0x00000000ecd80000)
 ParOldGen       total 44032K, used 3992K [0x00000000c0000000, 0x00000000c2b00000, 0x00000000eab00000)
  object space 44032K, 9% used [0x00000000c0000000,0x00000000c03e6158,0x00000000c2b00000)
 Metaspace       used 5976K, capacity 6960K, committed 7040K, reserved 1056768K
  class space    used 575K, capacity 616K, committed 640K, reserved 1048576K
}

Deoptimization events (10 events):
Event: 2.246 Thread 0x000000001684f800 Uncommon trap: reason=unstable_if action=reinterpret pc=0x00000000029e0dfc method=java.util.HashMap.getNode(ILjava/lang/Object;)Ljava/util/HashMap$Node; @ 129
Event: 2.600 Thread 0x00000000026a0800 Uncommon trap: reason=class_check action=maybe_recompile pc=0x0000000002acbb20 method=com.android.dx.ssa.NormalSsaInsn.accept(Lcom/android/dx/ssa/SsaInsn$Visitor;)V @ 9
Event: 3.405 Thread 0x000000001684f800 Uncommon trap: reason=unstable_if action=reinterpret pc=0x00000000029d5470 method=java.util.BitSet.nextSetBit(I)I @ 87
Event: 3.427 Thread 0x000000001684f800 Uncommon trap: reason=class_check action=maybe_recompile pc=0x0000000002acbb20 method=com.android.dx.ssa.NormalSsaInsn.accept(Lcom/android/dx/ssa/SsaInsn$Visitor;)V @ 9
Event: 3.427 Thread 0x000000001684f800 Uncommon trap: reason=class_check action=maybe_recompile pc=0x0000000002acbb20 method=com.android.dx.ssa.NormalSsaInsn.accept(Lcom/android/dx/ssa/SsaInsn$Visitor;)V @ 9
Event: 3.427 Thread 0x000000001684f800 Uncommon trap: reason=class_check action=maybe_recompile pc=0x0000000002acbb20 method=com.android.dx.ssa.NormalSsaInsn.accept(Lcom/android/dx/ssa/SsaInsn$Visitor;)V @ 9
Event: 3.439 Thread 0x000000001684f800 Uncommon trap: reason=class_check action=maybe_recompile pc=0x0000000002a0f1f0 method=com.android.dx.ssa.NormalSsaInsn.accept(Lcom/android/dx/ssa/SsaInsn$Visitor;)V @ 9
Event: 4.138 Thread 0x00000000026a0800 Uncommon trap: reason=null_check action=make_not_entrant pc=0x0000000002b9d70c method=com.android.dx.ssa.SsaRenamer.getLocalForNewReg(I)Lcom/android/dx/rop/code/LocalItem; @ 19
Event: 4.138 Thread 0x00000000026a0800 Uncommon trap: reason=null_check action=make_not_entrant pc=0x0000000002ba6024 method=com.android.dx.ssa.SsaRenamer.getLocalForNewReg(I)Lcom/android/dx/rop/code/LocalItem; @ 19
Event: 4.636 Thread 0x000000001685f800 Uncommon trap: reason=unstable_if action=reinterpret pc=0x0000000002b36bdc method=com.android.dx.rop.cst.Constant.compareTo(Lcom/android/dx/rop/cst/Constant;)I @ 12

Internal exceptions (4 events):
Event: 0.119 Thread 0x00000000026a0800 Exception <a 'java/lang/NoSuchMethodError': Method sun.misc.Unsafe.defineClass(Ljava/lang/String;[BII)Ljava/lang/Class; name or signature does not match> (0x00000000eab07cc0) thrown at [C:\src\android\AOSP-openjdk\external\jetbrains\jdk\hotspot\src\share\v1z#rÍÑæ?
Event: 0.119 Thread 0x00000000026a0800 Exception <a 'java/lang/NoSuchMethodError': Method sun.misc.Unsafe.prefetchRead(Ljava/lang/Object;J)V name or signature does not match> (0x00000000eab07fa8) thrown at [C:\src\android\AOSP-openjdk\external\jetbrains\jdk\hotspot\src\share\vm\prims\jni.cpp, lùdçøÏå@
Event: 4.138 Thread 0x00000000026a0800 Implicit null exception at 0x0000000002b9be46 to 0x0000000002b9d6c1
Event: 4.138 Thread 0x00000000026a0800 Implicit null exception at 0x0000000002ba4a6d to 0x0000000002ba5ff1

Events (10 events):
Event: 4.138 Thread 0x00000000026a0800 Uncommon trap: trap_request=0xfffffff4 fr.pc=0x0000000002ba6024
Event: 4.138 Thread 0x00000000026a0800 DEOPT PACKING pc=0x0000000002ba6024 sp=0x00000000025ae3e0
Event: 4.138 Thread 0x00000000026a0800 DEOPT UNPACKING pc=0x00000000027e556a sp=0x00000000025ae248 mode 2
Event: 4.292 Executing VM operation: EnableBiasedLocking
Event: 4.604 Executing VM operation: EnableBiasedLocking done
Event: 4.636 Thread 0x000000001685f800 Uncommon trap: trap_request=0xffffff65 fr.pc=0x0000000002b36bdc
Event: 4.636 Thread 0x000000001685f800 DEOPT PACKING pc=0x0000000002b36bdc sp=0x00000000170be670
Event: 4.636 Thread 0x000000001685f800 DEOPT UNPACKING pc=0x00000000027e556a sp=0x00000000170be610 mode 2
Event: 4.685 Executing VM operation: ParallelGCFailedAllocation
Event: 5.049 Executing VM operation: ParallelGCFailedAllocation done


Dynamic libraries:
0x00007ff7bbf40000 - 0x00007ff7bbf71000 	C:\Program Files\Android\Android Studio\jre\bin\java.exe
0x00007ff80bf10000 - 0x00007ff80c0bd000 	C:\windows\SYSTEM32\ntdll.dll
0x00007ff809590000 - 0x00007ff8096ce000 	C:\windows\system32\KERNEL32.DLL
0x00007ff809100000 - 0x00007ff809215000 	C:\windows\system32\KERNELBASE.dll
0x00007ff8098e0000 - 0x00007ff80998a000 	C:\windows\system32\ADVAPI32.dll
0x00007ff80b290000 - 0x00007ff80b407000 	C:\windows\system32\USER32.dll
0x00007ff806020000 - 0x00007ff80629b000 	C:\windows\WinSxS\amd64_microsoft.windows.common-controls_6595b64144ccf1df_6.0.9600.18006_none_623f33d3ecbe86e8\COMCTL32.dll
0x00007ff80b420000 - 0x00007ff80b4ca000 	C:\windows\system32\msvcrt.dll
0x00007ff80b6b0000 - 0x00007ff80b709000 	C:\windows\SYSTEM32\sechost.dll
0x00007ff8097a0000 - 0x00007ff8098e0000 	C:\windows\system32\RPCRT4.dll
0x00007ff80b860000 - 0x00007ff80b9af000 	C:\windows\system32\GDI32.dll
0x00007ff809560000 - 0x00007ff80958e000 	C:\windows\system32\SspiCli.dll
0x00007ff80b250000 - 0x00007ff80b286000 	C:\windows\system32\IMM32.DLL
0x00007ff80bdb0000 - 0x00007ff80bf02000 	C:\windows\system32\MSCTF.dll
0x0000000052f60000 - 0x0000000053032000 	C:\Program Files\Android\Android Studio\jre\jre\bin\msvcr100.dll
0x0000000053120000 - 0x0000000053954000 	C:\Program Files\Android\Android Studio\jre\jre\bin\server\jvm.dll
0x00007ff800dc0000 - 0x00007ff800dc9000 	C:\windows\SYSTEM32\WSOCK32.dll
0x00007ff804300000 - 0x00007ff804322000 	C:\windows\SYSTEM32\WINMM.dll
0x00007ff801630000 - 0x00007ff80163a000 	C:\windows\SYSTEM32\VERSION.dll
0x00007ff80b4e0000 - 0x00007ff80b4e7000 	C:\windows\system32\PSAPI.DLL
0x00007ff80ba10000 - 0x00007ff80ba6a000 	C:\windows\system32\WS2_32.dll
0x00007ff8042d0000 - 0x00007ff8042fa000 	C:\windows\SYSTEM32\WINMMBASE.dll
0x00007ff80b4d0000 - 0x00007ff80b4d9000 	C:\windows\system32\NSI.dll
0x00007ff809220000 - 0x00007ff80926f000 	C:\windows\SYSTEM32\cfgmgr32.dll
0x00007ff807e50000 - 0x00007ff807e78000 	C:\windows\SYSTEM32\DEVOBJ.dll
0x00007ff804e20000 - 0x00007ff804e2f000 	C:\Program Files\Android\Android Studio\jre\jre\bin\verify.dll
0x00007ff8049c0000 - 0x00007ff8049e9000 	C:\Program Files\Android\Android Studio\jre\jre\bin\java.dll
0x00007ff803cd0000 - 0x00007ff803ce6000 	C:\Program Files\Android\Android Studio\jre\jre\bin\zip.dll
0x00007ff809b30000 - 0x00007ff80b058000 	C:\windows\system32\SHELL32.dll
0x00007ff80bb90000 - 0x00007ff80bda1000 	C:\windows\SYSTEM32\combase.dll
0x00007ff80b9b0000 - 0x00007ff80ba04000 	C:\windows\system32\SHLWAPI.dll
0x00007ff8073b0000 - 0x00007ff807462000 	C:\windows\SYSTEM32\SHCORE.dll
0x00007ff809030000 - 0x00007ff809045000 	C:\windows\SYSTEM32\profapi.dll

VM Arguments:
jvm_args: -Djava.awt.headless=true -Xmx1024M -Dfile.encoding=windows-1252 -Duser.country=US -Duser.language=en -Duser.variant 
java_command: com.android.dx.command.Main --dex --verbose --force-jumbo --num-threads=4 --multi-dex --output C:\Users\bruh\Desktop\COMP150-MOB\QueueR\app\build\intermediates\transforms\dex\debug\folders\1000\10\io.fabric.sdk.android-fabric-1.3.14_b5bbf973bd9b3afceb4fdb893f2c8a13ed151e9a C:\Users\bruh\Desktop\COMP150-MOB\QueueR\app\build\intermediates\exploded-aar\io.fabric.sdk.android\fabric\1.3.14\jars\classes.jar
java_class_path (initial): C:\Users\bruh\AppData\Local\Android\sdk\build-tools\24.0.1\lib\dx.jar
Launcher Type: SUN_STANDARD

Environment Variables:
PATH=C:\Program Files\Java\jdk1.8.0_101\bin\;C:\ProgramData\Oracle\Java\javapath;C:\windows\system32;C:\windows;C:\windows\System32\Wbem;C:\windows\System32\WindowsPowerShell\v1.0\;C:\Program Files\nodejs\;C:\Program Files (x86)\Heroku\bin;C:\Program Files (x86)\git\cmd;C:\Users\bruh\AppData\Roaming\npm;C:\Program Files (x86)\Skype\Phone\;C:\Program Files (x86)\GtkSharp\2.12\bin;C:\Program Files\Java\jdk1.8.0_101\bin\
USERNAME=bruh
OS=Windows_NT
PROCESSOR_IDENTIFIER=Intel64 Family 6 Model 69 Stepping 1, GenuineIntel



---------------  S Y S T E M  ---------------

OS: Windows 8.1 , 64 bit Build 9600 (6.3.9600.17415)

CPU:total 4 (2 cores per cpu, 2 threads per core) family 6 model 69 stepping 1, cmov, cx8, fxsr, mmx, sse, sse2, sse3, ssse3, sse4.1, sse4.2, popcnt, avx, avx2, aes, clmul, erms, lzcnt, ht, tsc, tscinvbit, bmi1, bmi2

Memory: 4k page, physical 4097056k(172168k free), swap 7242784k(5124k free)

vm_info: OpenJDK 64-Bit Server VM (25.76-b03) for windows-amd64 JRE (1.8.0_76-release-b03), built on Jun 29 2016 19:09:20 by "ralucas" with MS VC++ 10.0 (VS2010)

time: Wed Dec 14 23:40:56 2016
elapsed time: 5 seconds (0d 0h 0m 5s)

