#
# There is insufficient memory for the Java Runtime Environment to continue.
# Native memory allocation (malloc) failed to allocate 293136 bytes for Chunk::new
# Possible reasons:
#   The system is out of physical RAM or swap space
#   In 32 bit mode, the process size limit was hit
# Possible solutions:
#   Reduce memory load on the system
#   Increase physical memory or swap space
#   Check if swap backing store is full
#   Use 64 bit Java on a 64 bit OS
#   Decrease Java heap size (-Xmx/-Xms)
#   Decrease number of Java threads
#   Decrease Java thread stack sizes (-Xss)
#   Set larger code cache with -XX:ReservedCodeCacheSize=
# This output file may be truncated or incomplete.
#
#  Out of Memory Error (allocation.cpp:390), pid=3144, tid=0x000000000000104c
#
# JRE version: OpenJDK Runtime Environment (8.0_76-b03) (build 1.8.0_76-release-b03)
# Java VM: OpenJDK 64-Bit Server VM (25.76-b03 mixed mode windows-amd64 compressed oops)
# Failed to write core dump. Minidumps are not enabled by default on client versions of Windows
#

---------------  T H R E A D  ---------------

Current thread (0x000000001495a000):  JavaThread "C2 CompilerThread1" daemon [_thread_in_native, id=4172, stack(0x00000000160a0000,0x00000000161a0000)]

Stack: [0x00000000160a0000,0x00000000161a0000]
[error occurred during error reporting (printing stack bounds), id 0xc0000005]

Native frames: (J=compiled Java code, j=interpreted, Vv=VM code, C=native code)


Current CompileTask:
C2:   8104 1700       4       com.android.dx.cf.code.Simulator$SimVisitor::visitConstant (332 bytes)


---------------  P R O C E S S  ---------------

Java Threads: ( => current thread )
  0x0000000016552000 JavaThread "pool-2-thread-4" [_thread_blocked, id=2152, stack(0x0000000016ca0000,0x0000000016da0000)]
  0x0000000016479800 JavaThread "pool-2-thread-3" [_thread_blocked, id=1696, stack(0x0000000016ba0000,0x0000000016ca0000)]
  0x0000000016478000 JavaThread "pool-2-thread-2" [_thread_blocked, id=2560, stack(0x0000000016aa0000,0x0000000016ba0000)]
  0x0000000016464000 JavaThread "pool-3-thread-1" [_thread_blocked, id=680, stack(0x00000000169a0000,0x0000000016aa0000)]
  0x0000000016461000 JavaThread "pool-2-thread-1" [_thread_blocked, id=5916, stack(0x00000000168a0000,0x00000000169a0000)]
  0x00000000162c0800 JavaThread "Service Thread" daemon [_thread_blocked, id=4344, stack(0x00000000166a0000,0x00000000167a0000)]
  0x0000000014960000 JavaThread "C1 CompilerThread2" daemon [_thread_blocked, id=6972, stack(0x00000000161a0000,0x00000000162a0000)]
=>0x000000001495a000 JavaThread "C2 CompilerThread1" daemon [_thread_in_native, id=4172, stack(0x00000000160a0000,0x00000000161a0000)]
  0x0000000014957000 JavaThread "C2 CompilerThread0" daemon [_thread_in_native, id=5708, stack(0x0000000015fa0000,0x00000000160a0000)]
  0x0000000014965000 JavaThread "Attach Listener" daemon [_thread_blocked, id=5368, stack(0x0000000015ea0000,0x0000000015fa0000)]
  0x0000000014963800 JavaThread "Signal Dispatcher" daemon [_thread_blocked, id=4708, stack(0x0000000015da0000,0x0000000015ea0000)]
  0x000000000228b000 JavaThread "Finalizer" daemon [_thread_blocked, id=5808, stack(0x0000000015bc0000,0x0000000015cc0000)]
  0x0000000002280000 JavaThread "Reference Handler" daemon [_thread_blocked, id=5544, stack(0x0000000015ac0000,0x0000000015bc0000)]
  0x0000000002190800 JavaThread "main" [_thread_in_native, id=5316, stack(0x0000000002090000,0x0000000002190000)]

Other Threads:
  0x0000000014926800 VMThread [stack: 0x00000000159c0000,0x0000000015ac0000] [id=3196]
  0x00000000149bc000 WatcherThread [stack: 0x00000000167a0000,0x00000000168a0000] [id=6152]

VM state:not at safepoint (normal execution)

VM Mutex/Monitor currently owned by a thread: None

Heap:
 PSYoungGen      total 68096K, used 48238K [0x00000000eab00000, 0x00000000ef000000, 0x0000000100000000)
  eden space 65536K, 73% used [0x00000000eab00000,0x00000000eda1ba68,0x00000000eeb00000)
  from space 2560K, 0% used [0x00000000eeb00000,0x00000000eeb00000,0x00000000eed80000)
  to   space 2560K, 0% used [0x00000000eed80000,0x00000000eed80000,0x00000000ef000000)
 ParOldGen       total 92672K, used 23755K [0x00000000c0000000, 0x00000000c5a80000, 0x00000000eab00000)
  object space 92672K, 25% used [0x00000000c0000000,0x00000000c1732f00,0x00000000c5a80000)
 Metaspace       used 5867K, capacity 7024K, committed 7296K, reserved 1056768K
  class space    used 561K, capacity 616K, committed 640K, reserved 1048576K

Card table byte_map: [0x0000000011650000,0x0000000011860000] byte_map_base: 0x0000000011050000

Marking Bits: (ParMarkBitMap*) 0x00000000538d9d00
 Begin Bits: [0x0000000011dc0000, 0x0000000012dc0000)
 End Bits:   [0x0000000012dc0000, 0x0000000013dc0000)

Polling page: 0x00000000008a0000

CodeCache: size=245760Kb used=7648Kb max_used=7672Kb free=238111Kb
 bounds [0x0000000002290000, 0x0000000002a20000, 0x0000000011290000]
 total_blobs=1842 nmethods=1581 adapters=175
 compilation: enabled

Compilation events (10 events):
Event: 7.856 Thread 0x0000000014960000 1731       3       com.android.dx.util.LabeledList::shrinkToFit (9 bytes)
Event: 7.856 Thread 0x0000000014960000 nmethod 1731 0x00000000029fd810 code [0x00000000029fd980, 0x00000000029fdb58]
Event: 7.858 Thread 0x0000000014960000 1733       3       com.android.dx.dex.code.TargetInsn::<init> (29 bytes)
Event: 7.859 Thread 0x0000000014960000 nmethod 1733 0x00000000029fd190 code [0x00000000029fd320, 0x00000000029fd638]
Event: 7.859 Thread 0x0000000014960000 1734       3       com.android.dx.ssa.Dominators::<init> (55 bytes)
Event: 7.860 Thread 0x0000000014960000 nmethod 1734 0x0000000002a05190 code [0x0000000002a05320, 0x0000000002a05870]
Event: 7.950 Thread 0x0000000014960000 1735       3       java.util.concurrent.locks.ReentrantLock$Sync::tryRelease (45 bytes)
Event: 7.951 Thread 0x0000000014960000 nmethod 1735 0x0000000002a03b90 code [0x0000000002a03d20, 0x0000000002a042c8]
Event: 7.989 Thread 0x0000000014957000 nmethod 1726 0x0000000002a0a690 code [0x0000000002a0a960, 0x0000000002a0dcd0]
Event: 7.989 Thread 0x0000000014957000 1729 %     4       com.android.dx.ssa.SsaConverter::placePhiFunctions @ 131 (394 bytes)

GC Heap History (10 events):
Event: 2.737 GC heap before
{Heap before GC invocations=3 (full 0):
 PSYoungGen      total 35328K, used 35312K [0x00000000eab00000, 0x00000000ed000000, 0x0000000100000000)
  eden space 32768K, 100% used [0x00000000eab00000,0x00000000ecb00000,0x00000000ecb00000)
  from space 2560K, 99% used [0x00000000ecd80000,0x00000000ecffc320,0x00000000ed000000)
  to   space 2560K, 0% used [0x00000000ecb00000,0x00000000ecb00000,0x00000000ecd80000)
 ParOldGen       total 44032K, used 7471K [0x00000000c0000000, 0x00000000c2b00000, 0x00000000eab00000)
  object space 44032K, 16% used [0x00000000c0000000,0x00000000c074bc40,0x00000000c2b00000)
 Metaspace       used 5763K, capacity 6896K, committed 7040K, reserved 1056768K
  class space    used 559K, capacity 616K, committed 640K, reserved 1048576K
Event: 2.791 GC heap after
Heap after GC invocations=3 (full 0):
 PSYoungGen      total 35328K, used 2532K [0x00000000eab00000, 0x00000000ef000000, 0x0000000100000000)
  eden space 32768K, 0% used [0x00000000eab00000,0x00000000eab00000,0x00000000ecb00000)
  from space 2560K, 98% used [0x00000000ecb00000,0x00000000ecd790b8,0x00000000ecd80000)
  to   space 2560K, 0% used [0x00000000eed80000,0x00000000eed80000,0x00000000ef000000)
 ParOldGen       total 44032K, used 19595K [0x00000000c0000000, 0x00000000c2b00000, 0x00000000eab00000)
  object space 44032K, 44% used [0x00000000c0000000,0x00000000c1322fa0,0x00000000c2b00000)
 Metaspace       used 5763K, capacity 6896K, committed 7040K, reserved 1056768K
  class space    used 559K, capacity 616K, committed 640K, reserved 1048576K
}
Event: 3.228 GC heap before
{Heap before GC invocations=4 (full 0):
 PSYoungGen      total 35328K, used 35300K [0x00000000eab00000, 0x00000000ef000000, 0x0000000100000000)
  eden space 32768K, 100% used [0x00000000eab00000,0x00000000ecb00000,0x00000000ecb00000)
  from space 2560K, 98% used [0x00000000ecb00000,0x00000000ecd790b8,0x00000000ecd80000)
  to   space 2560K, 0% used [0x00000000eed80000,0x00000000eed80000,0x00000000ef000000)
 ParOldGen       total 44032K, used 19595K [0x00000000c0000000, 0x00000000c2b00000, 0x00000000eab00000)
  object space 44032K, 44% used [0x00000000c0000000,0x00000000c1322fa0,0x00000000c2b00000)
 Metaspace       used 5813K, capacity 6960K, committed 7040K, reserved 1056768K
  class space    used 561K, capacity 616K, committed 640K, reserved 1048576K
Event: 3.285 GC heap after
Heap after GC invocations=4 (full 0):
 PSYoungGen      total 68096K, used 2548K [0x00000000eab00000, 0x00000000ef000000, 0x0000000100000000)
  eden space 65536K, 0% used [0x00000000eab00000,0x00000000eab00000,0x00000000eeb00000)
  from space 2560K, 99% used [0x00000000eed80000,0x00000000eeffd0a8,0x00000000ef000000)
  to   space 2560K, 0% used [0x00000000eeb00000,0x00000000eeb00000,0x00000000eed80000)
 ParOldGen       total 44032K, used 33344K [0x00000000c0000000, 0x00000000c2b00000, 0x00000000eab00000)
  object space 44032K, 75% used [0x00000000c0000000,0x00000000c2090260,0x00000000c2b00000)
 Metaspace       used 5813K, capacity 6960K, committed 7040K, reserved 1056768K
  class space    used 561K, capacity 616K, committed 640K, reserved 1048576K
}
Event: 3.285 GC heap before
{Heap before GC invocations=5 (full 1):
 PSYoungGen      total 68096K, used 2548K [0x00000000eab00000, 0x00000000ef000000, 0x0000000100000000)
  eden space 65536K, 0% used [0x00000000eab00000,0x00000000eab00000,0x00000000eeb00000)
  from space 2560K, 99% used [0x00000000eed80000,0x00000000eeffd0a8,0x00000000ef000000)
  to   space 2560K, 0% used [0x00000000eeb00000,0x00000000eeb00000,0x00000000eed80000)
 ParOldGen       total 44032K, used 33344K [0x00000000c0000000, 0x00000000c2b00000, 0x00000000eab00000)
  object space 44032K, 75% used [0x00000000c0000000,0x00000000c2090260,0x00000000c2b00000)
 Metaspace       used 5813K, capacity 6960K, committed 7040K, reserved 1056768K
  class space    used 561K, capacity 616K, committed 640K, reserved 1048576K
Event: 3.585 GC heap after
Heap after GC invocations=5 (full 1):
 PSYoungGen      total 68096K, used 0K [0x00000000eab00000, 0x00000000ef000000, 0x0000000100000000)
  eden space 65536K, 0% used [0x00000000eab00000,0x00000000eab00000,0x00000000eeb00000)
  from space 2560K, 0% used [0x00000000eed80000,0x00000000eed80000,0x00000000ef000000)
  to   space 2560K, 0% used [0x00000000eeb00000,0x00000000eeb00000,0x00000000eed80000)
 ParOldGen       total 70144K, used 25385K [0x00000000c0000000, 0x00000000c4480000, 0x00000000eab00000)
  object space 70144K, 36% used [0x00000000c0000000,0x00000000c18ca528,0x00000000c4480000)
 Metaspace       used 5813K, capacity 6960K, committed 7040K, reserved 1056768K
  class space    used 561K, capacity 616K, committed 640K, reserved 1048576K
}
Event: 5.217 GC heap before
{Heap before GC invocations=6 (full 1):
 PSYoungGen      total 68096K, used 65536K [0x00000000eab00000, 0x00000000ef000000, 0x0000000100000000)
  eden space 65536K, 100% used [0x00000000eab00000,0x00000000eeb00000,0x00000000eeb00000)
  from space 2560K, 0% used [0x00000000eed80000,0x00000000eed80000,0x00000000ef000000)
  to   space 2560K, 0% used [0x00000000eeb00000,0x00000000eeb00000,0x00000000eed80000)
 ParOldGen       total 70144K, used 25385K [0x00000000c0000000, 0x00000000c4480000, 0x00000000eab00000)
  object space 70144K, 36% used [0x00000000c0000000,0x00000000c18ca528,0x00000000c4480000)
 Metaspace       used 5834K, capacity 6960K, committed 7040K, reserved 1056768K
  class space    used 561K, capacity 616K, committed 640K, reserved 1048576K
Event: 5.360 GC heap after
Heap after GC invocations=6 (full 1):
 PSYoungGen      total 68096K, used 2540K [0x00000000eab00000, 0x00000000ef000000, 0x0000000100000000)
  eden space 65536K, 0% used [0x00000000eab00000,0x00000000eab00000,0x00000000eeb00000)
  from space 2560K, 99% used [0x00000000eeb00000,0x00000000eed7b220,0x00000000eed80000)
  to   space 2560K, 0% used [0x00000000eed80000,0x00000000eed80000,0x00000000ef000000)
 ParOldGen       total 70144K, used 46022K [0x00000000c0000000, 0x00000000c4480000, 0x00000000eab00000)
  object space 70144K, 65% used [0x00000000c0000000,0x00000000c2cf1a08,0x00000000c4480000)
 Metaspace       used 5834K, capacity 6960K, committed 7040K, reserved 1056768K
  class space    used 561K, capacity 616K, committed 640K, reserved 1048576K
}
Event: 5.361 GC heap before
{Heap before GC invocations=7 (full 2):
 PSYoungGen      total 68096K, used 2540K [0x00000000eab00000, 0x00000000ef000000, 0x0000000100000000)
  eden space 65536K, 0% used [0x00000000eab00000,0x00000000eab00000,0x00000000eeb00000)
  from space 2560K, 99% used [0x00000000eeb00000,0x00000000eed7b220,0x00000000eed80000)
  to   space 2560K, 0% used [0x00000000eed80000,0x00000000eed80000,0x00000000ef000000)
 ParOldGen       total 70144K, used 46022K [0x00000000c0000000, 0x00000000c4480000, 0x00000000eab00000)
  object space 70144K, 65% used [0x00000000c0000000,0x00000000c2cf1a08,0x00000000c4480000)
 Metaspace       used 5834K, capacity 6960K, committed 7040K, reserved 1056768K
  class space    used 561K, capacity 616K, committed 640K, reserved 1048576K
Event: 5.770 GC heap after
Heap after GC invocations=7 (full 2):
 PSYoungGen      total 68096K, used 0K [0x00000000eab00000, 0x00000000ef000000, 0x0000000100000000)
  eden space 65536K, 0% used [0x00000000eab00000,0x00000000eab00000,0x00000000eeb00000)
  from space 2560K, 0% used [0x00000000eeb00000,0x00000000eeb00000,0x00000000eed80000)
  to   space 2560K, 0% used [0x00000000eed80000,0x00000000eed80000,0x00000000ef000000)
 ParOldGen       total 92672K, used 23755K [0x00000000c0000000, 0x00000000c5a80000, 0x00000000eab00000)
  object space 92672K, 25% used [0x00000000c0000000,0x00000000c1732f00,0x00000000c5a80000)
 Metaspace       used 5834K, capacity 6960K, committed 7040K, reserved 1056768K
  class space    used 561K, capacity 616K, committed 640K, reserved 1048576K
}

Deoptimization events (10 events):
Event: 2.332 Thread 0x0000000016461000 Uncommon trap: reason=unstable_if action=reinterpret pc=0x00000000025eee38 method=com.android.dx.cf.code.Ropper.labelToResultIndex(I)I @ 34
Event: 2.337 Thread 0x0000000016461000 Uncommon trap: reason=unstable_if action=reinterpret pc=0x000000000271bd60 method=com.android.dx.util.LabeledList.set(ILcom/android/dx/util/LabeledItem;)V @ 16
Event: 2.344 Thread 0x0000000016461000 Uncommon trap: reason=bimorphic action=maybe_recompile pc=0x00000000026b9414 method=com.android.dx.cf.code.BaseMachine.getLocalTarget(Z)Lcom/android/dx/rop/code/RegisterSpec; @ 70
Event: 2.344 Thread 0x0000000016461000 Uncommon trap: reason=bimorphic action=maybe_recompile pc=0x000000000270d4f0 method=com.android.dx.cf.code.BaseMachine.getLocalTarget(Z)Lcom/android/dx/rop/code/RegisterSpec; @ 70
Event: 2.887 Thread 0x0000000016552000 Uncommon trap: reason=class_check action=maybe_recompile pc=0x00000000025f6188 method=com.android.dx.ssa.NormalSsaInsn.accept(Lcom/android/dx/ssa/SsaInsn$Visitor;)V @ 9
Event: 2.887 Thread 0x0000000016552000 Uncommon trap: reason=class_check action=maybe_recompile pc=0x00000000025f6188 method=com.android.dx.ssa.NormalSsaInsn.accept(Lcom/android/dx/ssa/SsaInsn$Visitor;)V @ 9
Event: 2.893 Thread 0x0000000016552000 Uncommon trap: reason=class_check action=maybe_recompile pc=0x00000000025f6188 method=com.android.dx.ssa.NormalSsaInsn.accept(Lcom/android/dx/ssa/SsaInsn$Visitor;)V @ 9
Event: 2.893 Thread 0x0000000016552000 Uncommon trap: reason=class_check action=maybe_recompile pc=0x00000000025f6188 method=com.android.dx.ssa.NormalSsaInsn.accept(Lcom/android/dx/ssa/SsaInsn$Visitor;)V @ 9
Event: 2.895 Thread 0x0000000016552000 Uncommon trap: reason=class_check action=maybe_recompile pc=0x00000000025564cc method=com.android.dx.ssa.NormalSsaInsn.accept(Lcom/android/dx/ssa/SsaInsn$Visitor;)V @ 9
Event: 7.058 Thread 0x0000000016552000 Uncommon trap: reason=unstable_if action=reinterpret pc=0x00000000028f502c method=com.android.dx.cf.code.Ropper.processBlock(Lcom/android/dx/cf/code/ByteBlock;Lcom/android/dx/cf/code/Frame;[I)V @ 940

Internal exceptions (2 events):
Event: 0.108 Thread 0x0000000002190800 Exception <a 'java/lang/NoSuchMethodError': Method sun.misc.Unsafe.defineClass(Ljava/lang/String;[BII)Ljava/lang/Class; name or signature does not match> (0x00000000eab07cc0) thrown at [C:\src\android\AOSP-openjdk\external\jetbrains\jdk\hotspot\src\share\vÛžå3m´»?
Event: 0.108 Thread 0x0000000002190800 Exception <a 'java/lang/NoSuchMethodError': Method sun.misc.Unsafe.prefetchRead(Ljava/lang/Object;J)V name or signature does not match> (0x00000000eab07fa8) thrown at [C:\src\android\AOSP-openjdk\external\jetbrains\jdk\hotspot\src\share\vm\prims\jni.cpp, l

Events (10 events):
Event: 6.337 Thread 0x0000000016478000 DEOPT UNPACKING pc=0x00000000022d75bf sp=0x0000000016b9e5a8 mode 0
Event: 7.058 Thread 0x0000000016552000 Uncommon trap: trap_request=0xffffff65 fr.pc=0x00000000028f502c
Event: 7.058 Thread 0x0000000016552000 DEOPT PACKING pc=0x00000000028f502c sp=0x0000000016d9ef50
Event: 7.058 Thread 0x0000000016552000 DEOPT UNPACKING pc=0x00000000022d556a sp=0x0000000016d9ef18 mode 2
Event: 7.643 Thread 0x0000000016552000 DEOPT PACKING pc=0x00000000026951b5 sp=0x0000000016d9ee30
Event: 7.643 Thread 0x0000000016552000 DEOPT UNPACKING pc=0x00000000022d75bf sp=0x0000000016d9eb10 mode 0
Event: 7.686 loading class com/android/dx/rop/code/RegisterSpec$1
Event: 7.686 loading class com/android/dx/rop/code/RegisterSpec$1 done
Event: 7.694 Thread 0x0000000016478000 DEOPT PACKING pc=0x000000000273c689 sp=0x0000000016b9eae0
Event: 7.694 Thread 0x0000000016478000 DEOPT UNPACKING pc=0x00000000022d75bf sp=0x0000000016b9e868 mode 0


Dynamic libraries:
0x00007ff7bbf40000 - 0x00007ff7bbf71000 	C:\Program Files\Android\Android Studio\jre\bin\java.exe
0x00007ff80bf10000 - 0x00007ff80c0bd000 	C:\windows\SYSTEM32\ntdll.dll
0x00007ff809590000 - 0x00007ff8096ce000 	C:\windows\system32\KERNEL32.DLL
0x00007ff809100000 - 0x00007ff809215000 	C:\windows\system32\KERNELBASE.dll
0x00007ff8098e0000 - 0x00007ff80998a000 	C:\windows\system32\ADVAPI32.dll
0x00007ff80b290000 - 0x00007ff80b407000 	C:\windows\system32\USER32.dll
0x00007ff806020000 - 0x00007ff80629b000 	C:\windows\WinSxS\amd64_microsoft.windows.common-controls_6595b64144ccf1df_6.0.9600.18006_none_623f33d3ecbe86e8\COMCTL32.dll
0x00007ff80b420000 - 0x00007ff80b4ca000 	C:\windows\system32\msvcrt.dll
0x00007ff80b6b0000 - 0x00007ff80b709000 	C:\windows\SYSTEM32\sechost.dll
0x00007ff8097a0000 - 0x00007ff8098e0000 	C:\windows\system32\RPCRT4.dll
0x00007ff80b860000 - 0x00007ff80b9af000 	C:\windows\system32\GDI32.dll
0x00007ff809560000 - 0x00007ff80958e000 	C:\windows\system32\SspiCli.dll
0x00007ff80b250000 - 0x00007ff80b286000 	C:\windows\system32\IMM32.DLL
0x00007ff80bdb0000 - 0x00007ff80bf02000 	C:\windows\system32\MSCTF.dll
0x0000000052f60000 - 0x0000000053032000 	C:\Program Files\Android\Android Studio\jre\jre\bin\msvcr100.dll
0x0000000053120000 - 0x0000000053954000 	C:\Program Files\Android\Android Studio\jre\jre\bin\server\jvm.dll
0x00007ff800dc0000 - 0x00007ff800dc9000 	C:\windows\SYSTEM32\WSOCK32.dll
0x00007ff804300000 - 0x00007ff804322000 	C:\windows\SYSTEM32\WINMM.dll
0x00007ff801630000 - 0x00007ff80163a000 	C:\windows\SYSTEM32\VERSION.dll
0x00007ff80b4e0000 - 0x00007ff80b4e7000 	C:\windows\system32\PSAPI.DLL
0x00007ff80ba10000 - 0x00007ff80ba6a000 	C:\windows\system32\WS2_32.dll
0x00007ff8042d0000 - 0x00007ff8042fa000 	C:\windows\SYSTEM32\WINMMBASE.dll
0x00007ff80b4d0000 - 0x00007ff80b4d9000 	C:\windows\system32\NSI.dll
0x00007ff809220000 - 0x00007ff80926f000 	C:\windows\SYSTEM32\cfgmgr32.dll
0x00007ff807e50000 - 0x00007ff807e78000 	C:\windows\SYSTEM32\DEVOBJ.dll
0x00007ff804e20000 - 0x00007ff804e2f000 	C:\Program Files\Android\Android Studio\jre\jre\bin\verify.dll
0x00007ff8049e0000 - 0x00007ff804a09000 	C:\Program Files\Android\Android Studio\jre\jre\bin\java.dll
0x00007ff8049c0000 - 0x00007ff8049d6000 	C:\Program Files\Android\Android Studio\jre\jre\bin\zip.dll
0x00007ff809b30000 - 0x00007ff80b058000 	C:\windows\system32\SHELL32.dll
0x00007ff80bb90000 - 0x00007ff80bda1000 	C:\windows\SYSTEM32\combase.dll
0x00007ff80b9b0000 - 0x00007ff80ba04000 	C:\windows\system32\SHLWAPI.dll
0x00007ff8073b0000 - 0x00007ff807462000 	C:\windows\SYSTEM32\SHCORE.dll
0x00007ff809030000 - 0x00007ff809045000 	C:\windows\SYSTEM32\profapi.dll

VM Arguments:
jvm_args: -Djava.awt.headless=true -Xmx1024M -Dfile.encoding=windows-1252 -Duser.country=US -Duser.language=en -Duser.variant 
java_command: com.android.dx.command.Main --dex --verbose --force-jumbo --num-threads=4 --multi-dex --output C:\Users\bruh\Desktop\COMP150-MOB\QueueR\app\build\intermediates\transforms\dex\debug\folders\1000\5\slice_4 C:\Users\bruh\Desktop\COMP150-MOB\QueueR\app\build\intermediates\transforms\instantRunSlicer\debug\folders\1\5\slice_4
java_class_path (initial): C:\Users\bruh\AppData\Local\Android\sdk\build-tools\24.0.1\lib\dx.jar
Launcher Type: SUN_STANDARD

Environment Variables:
PATH=C:\Program Files\Java\jdk1.8.0_101\bin\;C:\ProgramData\Oracle\Java\javapath;C:\windows\system32;C:\windows;C:\windows\System32\Wbem;C:\windows\System32\WindowsPowerShell\v1.0\;C:\Program Files\nodejs\;C:\Program Files (x86)\Heroku\bin;C:\Program Files (x86)\git\cmd;C:\Users\bruh\AppData\Roaming\npm;C:\Program Files (x86)\Skype\Phone\;C:\Program Files (x86)\GtkSharp\2.12\bin;C:\Program Files\Java\jdk1.8.0_101\bin\
USERNAME=bruh
OS=Windows_NT
PROCESSOR_IDENTIFIER=Intel64 Family 6 Model 69 Stepping 1, GenuineIntel



---------------  S Y S T E M  ---------------

OS: Windows 8.1 , 64 bit Build 9600 (6.3.9600.17415)

CPU:total 4 (2 cores per cpu, 2 threads per core) family 6 model 69 stepping 1, cmov, cx8, fxsr, mmx, sse, sse2, sse3, ssse3, sse4.1, sse4.2, popcnt, avx, avx2, aes, clmul, erms, lzcnt, ht, tsc, tscinvbit, bmi1, bmi2

Memory: 4k page, physical 4097056k(128976k free), swap 7242784k(5404k free)

vm_info: OpenJDK 64-Bit Server VM (25.76-b03) for windows-amd64 JRE (1.8.0_76-release-b03), built on Jun 29 2016 19:09:20 by "ralucas" with MS VC++ 10.0 (VS2010)

time: Thu Dec 15 02:24:10 2016
elapsed time: 8 seconds (0d 0h 0m 8s)

