#
# There is insufficient memory for the Java Runtime Environment to continue.
# Native memory allocation (malloc) failed to allocate 481616 bytes for Chunk::new
# Possible reasons:
#   The system is out of physical RAM or swap space
#   In 32 bit mode, the process size limit was hit
# Possible solutions:
#   Reduce memory load on the system
#   Increase physical memory or swap space
#   Check if swap backing store is full
#   Use 64 bit Java on a 64 bit OS
#   Decrease Java heap size (-Xmx/-Xms)
#   Decrease number of Java threads
#   Decrease Java thread stack sizes (-Xss)
#   Set larger code cache with -XX:ReservedCodeCacheSize=
# This output file may be truncated or incomplete.
#
#  Out of Memory Error (allocation.cpp:390), pid=5624, tid=0x0000000000001700
#
# JRE version: OpenJDK Runtime Environment (8.0_76-b03) (build 1.8.0_76-release-b03)
# Java VM: OpenJDK 64-Bit Server VM (25.76-b03 mixed mode windows-amd64 compressed oops)
# Failed to write core dump. Minidumps are not enabled by default on client versions of Windows
#

---------------  T H R E A D  ---------------

Current thread (0x0000000014fc7800):  JavaThread "C2 CompilerThread0" daemon [_thread_in_native, id=5888, stack(0x00000000165f0000,0x00000000166f0000)]

Stack: [0x00000000165f0000,0x00000000166f0000]
[error occurred during error reporting (printing stack bounds), id 0xc0000005]

Native frames: (J=compiled Java code, j=interpreted, Vv=VM code, C=native code)


Current CompileTask:
C2:   9034 1509       4       com.android.dx.ssa.SCCP::simulateStmt (481 bytes)


---------------  P R O C E S S  ---------------

Java Threads: ( => current thread )
  0x0000000016b38000 JavaThread "pool-2-thread-4" [_thread_blocked, id=6112, stack(0x00000000172f0000,0x00000000173f0000)]
  0x0000000016b37800 JavaThread "pool-2-thread-3" [_thread_in_Java, id=2960, stack(0x00000000171f0000,0x00000000172f0000)]
  0x0000000016abe000 JavaThread "pool-2-thread-2" [_thread_blocked, id=6096, stack(0x00000000170f0000,0x00000000171f0000)]
  0x0000000016aba800 JavaThread "pool-3-thread-1" [_thread_blocked, id=2216, stack(0x0000000016ff0000,0x00000000170f0000)]
  0x0000000016ab9800 JavaThread "pool-2-thread-1" [_thread_blocked, id=4700, stack(0x0000000016ef0000,0x0000000016ff0000)]
  0x00000000168f1800 JavaThread "Service Thread" daemon [_thread_blocked, id=4148, stack(0x0000000016cf0000,0x0000000016df0000)]
  0x000000001501c000 JavaThread "C1 CompilerThread2" daemon [_thread_blocked, id=2624, stack(0x00000000167f0000,0x00000000168f0000)]
  0x0000000014fc2000 JavaThread "C2 CompilerThread1" daemon [_thread_in_native, id=3264, stack(0x00000000166f0000,0x00000000167f0000)]
=>0x0000000014fc7800 JavaThread "C2 CompilerThread0" daemon [_thread_in_native, id=5888, stack(0x00000000165f0000,0x00000000166f0000)]
  0x0000000014fc6000 JavaThread "Attach Listener" daemon [_thread_blocked, id=5680, stack(0x00000000164f0000,0x00000000165f0000)]
  0x0000000014fc5000 JavaThread "Signal Dispatcher" daemon [_thread_blocked, id=4932, stack(0x00000000163f0000,0x00000000164f0000)]
  0x0000000014fa8800 JavaThread "Finalizer" daemon [_thread_blocked, id=4156, stack(0x0000000016210000,0x0000000016310000)]
  0x00000000028c1000 JavaThread "Reference Handler" daemon [_thread_blocked, id=4956, stack(0x0000000016110000,0x0000000016210000)]
  0x00000000027d0800 JavaThread "main" [_thread_in_Java, id=5408, stack(0x0000000002690000,0x0000000002790000)]

Other Threads:
  0x0000000014f86800 VMThread [stack: 0x0000000016010000,0x0000000016110000] [id=4616]
  0x00000000168f3000 WatcherThread [stack: 0x0000000016df0000,0x0000000016ef0000] [id=4988]

VM state:not at safepoint (normal execution)

VM Mutex/Monitor currently owned by a thread: None

Heap:
 PSYoungGen      total 35328K, used 24766K [0x00000000eab00000, 0x00000000ed000000, 0x0000000100000000)
  eden space 32768K, 67% used [0x00000000eab00000,0x00000000ec0b1040,0x00000000ecb00000)
  from space 2560K, 99% used [0x00000000ecd80000,0x00000000ecffeac8,0x00000000ed000000)
  to   space 2560K, 0% used [0x00000000ecb00000,0x00000000ecb00000,0x00000000ecd80000)
 ParOldGen       total 44032K, used 3998K [0x00000000c0000000, 0x00000000c2b00000, 0x00000000eab00000)
  object space 44032K, 9% used [0x00000000c0000000,0x00000000c03e7b68,0x00000000c2b00000)
 Metaspace       used 6110K, capacity 7024K, committed 7296K, reserved 1056768K
  class space    used 575K, capacity 616K, committed 640K, reserved 1048576K

Card table byte_map: [0x0000000011c90000,0x0000000011ea0000] byte_map_base: 0x0000000011690000

Marking Bits: (ParMarkBitMap*) 0x00000000538d9d00
 Begin Bits: [0x0000000012400000, 0x0000000013400000)
 End Bits:   [0x0000000013400000, 0x0000000014400000)

Polling page: 0x0000000002650000

CodeCache: size=245760Kb used=6576Kb max_used=6576Kb free=239183Kb
 bounds [0x00000000028d0000, 0x0000000002f50000, 0x00000000118d0000]
 total_blobs=1829 nmethods=1561 adapters=182
 compilation: enabled

Compilation events (10 events):
Event: 8.879 Thread 0x000000001501c000 1566       3       java.util.concurrent.locks.AbstractQueuedSynchronizer::release (33 bytes)
Event: 8.880 Thread 0x000000001501c000 nmethod 1566 0x0000000002f3fc90 code [0x0000000002f3fe00, 0x0000000002f40118]
Event: 8.880 Thread 0x000000001501c000 1567       3       java.util.concurrent.locks.AbstractQueuedSynchronizer::compareAndSetState (13 bytes)
Event: 8.880 Thread 0x000000001501c000 nmethod 1567 0x0000000002f40210 code [0x0000000002f40360, 0x0000000002f404d0]
Event: 8.885 Thread 0x000000001501c000 1568       3       com.android.dx.command.dexer.Main::access$1300 (4 bytes)
Event: 8.885 Thread 0x000000001501c000 nmethod 1568 0x0000000002f40550 code [0x0000000002f406a0, 0x0000000002f407f0]
Event: 8.885 Thread 0x000000001501c000 1569       3       java.util.concurrent.ThreadPoolExecutor::workerCountOf (5 bytes)
Event: 8.886 Thread 0x000000001501c000 nmethod 1569 0x0000000002f40850 code [0x0000000002f409a0, 0x0000000002f40ad0]
Event: 8.891 Thread 0x000000001501c000 1570       3       java.util.concurrent.locks.ReentrantLock::unlock (10 bytes)
Event: 8.891 Thread 0x000000001501c000 nmethod 1570 0x0000000002f40b50 code [0x0000000002f40ce0, 0x0000000002f410d8]

GC Heap History (4 events):
Event: 4.782 GC heap before
{Heap before GC invocations=1 (full 0):
 PSYoungGen      total 18944K, used 16384K [0x00000000eab00000, 0x00000000ec000000, 0x0000000100000000)
  eden space 16384K, 100% used [0x00000000eab00000,0x00000000ebb00000,0x00000000ebb00000)
  from space 2560K, 0% used [0x00000000ebd80000,0x00000000ebd80000,0x00000000ec000000)
  to   space 2560K, 0% used [0x00000000ebb00000,0x00000000ebb00000,0x00000000ebd80000)
 ParOldGen       total 44032K, used 0K [0x00000000c0000000, 0x00000000c2b00000, 0x00000000eab00000)
  object space 44032K, 0% used [0x00000000c0000000,0x00000000c0000000,0x00000000c2b00000)
 Metaspace       used 5768K, capacity 6768K, committed 7040K, reserved 1056768K
  class space    used 573K, capacity 616K, committed 640K, reserved 1048576K
Event: 5.029 GC heap after
Heap after GC invocations=1 (full 0):
 PSYoungGen      total 18944K, used 2538K [0x00000000eab00000, 0x00000000ed000000, 0x0000000100000000)
  eden space 16384K, 0% used [0x00000000eab00000,0x00000000eab00000,0x00000000ebb00000)
  from space 2560K, 99% used [0x00000000ebb00000,0x00000000ebd7aaa8,0x00000000ebd80000)
  to   space 2560K, 0% used [0x00000000ecd80000,0x00000000ecd80000,0x00000000ed000000)
 ParOldGen       total 44032K, used 1703K [0x00000000c0000000, 0x00000000c2b00000, 0x00000000eab00000)
  object space 44032K, 3% used [0x00000000c0000000,0x00000000c01a9d28,0x00000000c2b00000)
 Metaspace       used 5768K, capacity 6768K, committed 7040K, reserved 1056768K
  class space    used 573K, capacity 616K, committed 640K, reserved 1048576K
}
Event: 7.401 GC heap before
{Heap before GC invocations=2 (full 0):
 PSYoungGen      total 18944K, used 18922K [0x00000000eab00000, 0x00000000ed000000, 0x0000000100000000)
  eden space 16384K, 100% used [0x00000000eab00000,0x00000000ebb00000,0x00000000ebb00000)
  from space 2560K, 99% used [0x00000000ebb00000,0x00000000ebd7aaa8,0x00000000ebd80000)
  to   space 2560K, 0% used [0x00000000ecd80000,0x00000000ecd80000,0x00000000ed000000)
 ParOldGen       total 44032K, used 1703K [0x00000000c0000000, 0x00000000c2b00000, 0x00000000eab00000)
  object space 44032K, 3% used [0x00000000c0000000,0x00000000c01a9d28,0x00000000c2b00000)
 Metaspace       used 5974K, capacity 6960K, committed 7040K, reserved 1056768K
  class space    used 574K, capacity 616K, committed 640K, reserved 1048576K
Event: 7.566 GC heap after
Heap after GC invocations=2 (full 0):
 PSYoungGen      total 35328K, used 2554K [0x00000000eab00000, 0x00000000ed000000, 0x0000000100000000)
  eden space 32768K, 0% used [0x00000000eab00000,0x00000000eab00000,0x00000000ecb00000)
  from space 2560K, 99% used [0x00000000ecd80000,0x00000000ecffeac8,0x00000000ed000000)
  to   space 2560K, 0% used [0x00000000ecb00000,0x00000000ecb00000,0x00000000ecd80000)
 ParOldGen       total 44032K, used 3998K [0x00000000c0000000, 0x00000000c2b00000, 0x00000000eab00000)
  object space 44032K, 9% used [0x00000000c0000000,0x00000000c03e7b68,0x00000000c2b00000)
 Metaspace       used 5974K, capacity 6960K, committed 7040K, reserved 1056768K
  class space    used 574K, capacity 616K, committed 640K, reserved 1048576K
}

Deoptimization events (10 events):
Event: 6.593 Thread 0x0000000016b37800 Uncommon trap: reason=unstable_if action=reinterpret pc=0x0000000002c1a95c method=com.android.dx.rop.cst.Constant.compareTo(Lcom/android/dx/rop/cst/Constant;)I @ 12
Event: 7.111 Thread 0x0000000016abe000 Uncommon trap: reason=unstable_if action=reinterpret pc=0x0000000002b518f4 method=java.util.BitSet.ensureCapacity(I)V @ 6
Event: 7.116 Thread 0x0000000016abe000 Uncommon trap: reason=unstable_if action=reinterpret pc=0x0000000002d1fdd4 method=com.android.dx.ssa.SCCP.simulateStmt(Lcom/android/dx/ssa/SsaInsn;)V @ 53
Event: 7.746 Thread 0x0000000016b38000 Uncommon trap: reason=null_check action=make_not_entrant pc=0x0000000002bdebe4 method=com.android.dx.ssa.SsaRenamer.getLocalForNewReg(I)Lcom/android/dx/rop/code/LocalItem; @ 19
Event: 8.307 Thread 0x0000000016b38000 Uncommon trap: reason=bimorphic action=maybe_recompile pc=0x0000000002b63960 method=java.util.HashMap.getNode(ILjava/lang/Object;)Ljava/util/HashMap$Node; @ 126
Event: 8.307 Thread 0x0000000016b38000 Uncommon trap: reason=class_check action=maybe_recompile pc=0x0000000002c8cc10 method=java.util.HashMap.putVal(ILjava/lang/Object;Ljava/lang/Object;ZZ)Ljava/lang/Object; @ 203
Event: 8.308 Thread 0x0000000016abe000 Uncommon trap: reason=bimorphic action=maybe_recompile pc=0x0000000002dd93ec method=com.android.dx.cf.code.BytecodeArray.parseInstruction(ILcom/android/dx/cf/code/BytecodeArray$Visitor;)I @ 1501
Event: 8.309 Thread 0x0000000016abe000 Uncommon trap: reason=bimorphic action=maybe_recompile pc=0x0000000002dd93ec method=com.android.dx.cf.code.BytecodeArray.parseInstruction(ILcom/android/dx/cf/code/BytecodeArray$Visitor;)I @ 1501
Event: 8.310 Thread 0x0000000016abe000 Uncommon trap: reason=bimorphic action=maybe_recompile pc=0x0000000002dd93ec method=com.android.dx.cf.code.BytecodeArray.parseInstruction(ILcom/android/dx/cf/code/BytecodeArray$Visitor;)I @ 1501
Event: 8.310 Thread 0x0000000016abe000 Uncommon trap: reason=bimorphic action=maybe_recompile pc=0x0000000002dd93ec method=com.android.dx.cf.code.BytecodeArray.parseInstruction(ILcom/android/dx/cf/code/BytecodeArray$Visitor;)I @ 1501

Internal exceptions (4 events):
Event: 0.543 Thread 0x00000000027d0800 Exception <a 'java/lang/NoSuchMethodError': Method sun.misc.Unsafe.defineClass(Ljava/lang/String;[BII)Ljava/lang/Class; name or signature does not match> (0x00000000eab07cc0) thrown at [C:\src\android\AOSP-openjdk\external\jetbrains\jdk\hotspot\src\share\v{ÖÖ;D]á?
Event: 0.543 Thread 0x00000000027d0800 Exception <a 'java/lang/NoSuchMethodError': Method sun.misc.Unsafe.prefetchRead(Ljava/lang/Object;J)V name or signature does not match> (0x00000000eab07fa8) thrown at [C:\src\android\AOSP-openjdk\external\jetbrains\jdk\hotspot\src\share\vm\prims\jni.cpp, lÝ—˜€þ@
Event: 4.499 Thread 0x00000000027d0800 Implicit null exception at 0x0000000002bff0e2 to 0x0000000002bff1da
Event: 7.746 Thread 0x0000000016b38000 Implicit null exception at 0x0000000002bdbc64 to 0x0000000002bdeba1

Events (10 events):
Event: 8.308 Thread 0x0000000016abe000 DEOPT UNPACKING pc=0x000000000291556a sp=0x00000000171ee790 mode 2
Event: 8.309 Thread 0x0000000016abe000 Uncommon trap: trap_request=0xffffffc6 fr.pc=0x0000000002dd93ec
Event: 8.309 Thread 0x0000000016abe000 DEOPT PACKING pc=0x0000000002dd93ec sp=0x00000000171ee5d0
Event: 8.309 Thread 0x0000000016abe000 DEOPT UNPACKING pc=0x000000000291556a sp=0x00000000171ee550 mode 2
Event: 8.310 Thread 0x0000000016abe000 Uncommon trap: trap_request=0xffffffc6 fr.pc=0x0000000002dd93ec
Event: 8.310 Thread 0x0000000016abe000 DEOPT PACKING pc=0x0000000002dd93ec sp=0x00000000171ee810
Event: 8.310 Thread 0x0000000016abe000 DEOPT UNPACKING pc=0x000000000291556a sp=0x00000000171ee790 mode 2
Event: 8.310 Thread 0x0000000016abe000 Uncommon trap: trap_request=0xffffffc6 fr.pc=0x0000000002dd93ec
Event: 8.310 Thread 0x0000000016abe000 DEOPT PACKING pc=0x0000000002dd93ec sp=0x00000000171ee5d0
Event: 8.310 Thread 0x0000000016abe000 DEOPT UNPACKING pc=0x000000000291556a sp=0x00000000171ee550 mode 2


Dynamic libraries:
0x00007ff7bbf40000 - 0x00007ff7bbf71000 	C:\Program Files\Android\Android Studio\jre\bin\java.exe
0x00007ff80bf10000 - 0x00007ff80c0bd000 	C:\windows\SYSTEM32\ntdll.dll
0x00007ff809590000 - 0x00007ff8096ce000 	C:\windows\system32\KERNEL32.DLL
0x00007ff809100000 - 0x00007ff809215000 	C:\windows\system32\KERNELBASE.dll
0x00007ff8098e0000 - 0x00007ff80998a000 	C:\windows\system32\ADVAPI32.dll
0x00007ff80b290000 - 0x00007ff80b407000 	C:\windows\system32\USER32.dll
0x00007ff806020000 - 0x00007ff80629b000 	C:\windows\WinSxS\amd64_microsoft.windows.common-controls_6595b64144ccf1df_6.0.9600.18006_none_623f33d3ecbe86e8\COMCTL32.dll
0x00007ff80b420000 - 0x00007ff80b4ca000 	C:\windows\system32\msvcrt.dll
0x00007ff80b6b0000 - 0x00007ff80b709000 	C:\windows\SYSTEM32\sechost.dll
0x00007ff8097a0000 - 0x00007ff8098e0000 	C:\windows\system32\RPCRT4.dll
0x00007ff80b860000 - 0x00007ff80b9af000 	C:\windows\system32\GDI32.dll
0x00007ff809560000 - 0x00007ff80958e000 	C:\windows\system32\SspiCli.dll
0x00007ff80b250000 - 0x00007ff80b286000 	C:\windows\system32\IMM32.DLL
0x00007ff80bdb0000 - 0x00007ff80bf02000 	C:\windows\system32\MSCTF.dll
0x0000000052f60000 - 0x0000000053032000 	C:\Program Files\Android\Android Studio\jre\jre\bin\msvcr100.dll
0x0000000053120000 - 0x0000000053954000 	C:\Program Files\Android\Android Studio\jre\jre\bin\server\jvm.dll
0x00007ff800dc0000 - 0x00007ff800dc9000 	C:\windows\SYSTEM32\WSOCK32.dll
0x00007ff804300000 - 0x00007ff804322000 	C:\windows\SYSTEM32\WINMM.dll
0x00007ff801630000 - 0x00007ff80163a000 	C:\windows\SYSTEM32\VERSION.dll
0x00007ff80b4e0000 - 0x00007ff80b4e7000 	C:\windows\system32\PSAPI.DLL
0x00007ff80ba10000 - 0x00007ff80ba6a000 	C:\windows\system32\WS2_32.dll
0x00007ff8042d0000 - 0x00007ff8042fa000 	C:\windows\SYSTEM32\WINMMBASE.dll
0x00007ff80b4d0000 - 0x00007ff80b4d9000 	C:\windows\system32\NSI.dll
0x00007ff809220000 - 0x00007ff80926f000 	C:\windows\SYSTEM32\cfgmgr32.dll
0x00007ff807e50000 - 0x00007ff807e78000 	C:\windows\SYSTEM32\DEVOBJ.dll
0x00007ff8049b0000 - 0x00007ff8049bf000 	C:\Program Files\Android\Android Studio\jre\jre\bin\verify.dll
0x00007ff803cc0000 - 0x00007ff803ce9000 	C:\Program Files\Android\Android Studio\jre\jre\bin\java.dll
0x00007ff802750000 - 0x00007ff802766000 	C:\Program Files\Android\Android Studio\jre\jre\bin\zip.dll
0x00007ff809b30000 - 0x00007ff80b058000 	C:\windows\system32\SHELL32.dll
0x00007ff80bb90000 - 0x00007ff80bda1000 	C:\windows\SYSTEM32\combase.dll
0x00007ff80b9b0000 - 0x00007ff80ba04000 	C:\windows\system32\SHLWAPI.dll
0x00007ff8073b0000 - 0x00007ff807462000 	C:\windows\SYSTEM32\SHCORE.dll
0x00007ff809030000 - 0x00007ff809045000 	C:\windows\SYSTEM32\profapi.dll

VM Arguments:
jvm_args: -Djava.awt.headless=true -Xmx1024M -Dfile.encoding=windows-1252 -Duser.country=US -Duser.language=en -Duser.variant 
java_command: com.android.dx.command.Main --dex --verbose --force-jumbo --num-threads=4 --multi-dex --output C:\Users\bruh\Desktop\COMP150-MOB\QueueR\app\build\intermediates\transforms\dex\debug\folders\1000\10\com.journeyapps-zxing-android-embedded-3.2.0_03c606fbd667ef64cb1249819ea12f4b723bd478 C:\Users\bruh\Desktop\COMP150-MOB\QueueR\app\build\intermediates\exploded-aar\com.journeyapps\zxing-android-embedded\3.2.0\jars\classes.jar
java_class_path (initial): C:\Users\bruh\AppData\Local\Android\sdk\build-tools\24.0.1\lib\dx.jar
Launcher Type: SUN_STANDARD

Environment Variables:
PATH=C:\Program Files\Java\jdk1.8.0_101\bin\;C:\ProgramData\Oracle\Java\javapath;C:\windows\system32;C:\windows;C:\windows\System32\Wbem;C:\windows\System32\WindowsPowerShell\v1.0\;C:\Program Files\nodejs\;C:\Program Files (x86)\Heroku\bin;C:\Program Files (x86)\git\cmd;C:\Users\bruh\AppData\Roaming\npm;C:\Program Files (x86)\Skype\Phone\;C:\Program Files (x86)\GtkSharp\2.12\bin;C:\Program Files\Java\jdk1.8.0_101\bin\
USERNAME=bruh
OS=Windows_NT
PROCESSOR_IDENTIFIER=Intel64 Family 6 Model 69 Stepping 1, GenuineIntel



---------------  S Y S T E M  ---------------

OS: Windows 8.1 , 64 bit Build 9600 (6.3.9600.17415)

CPU:total 4 (2 cores per cpu, 2 threads per core) family 6 model 69 stepping 1, cmov, cx8, fxsr, mmx, sse, sse2, sse3, ssse3, sse4.1, sse4.2, popcnt, avx, avx2, aes, clmul, erms, lzcnt, ht, tsc, tscinvbit, bmi1, bmi2

Memory: 4k page, physical 4097056k(307532k free), swap 7242784k(5204k free)

vm_info: OpenJDK 64-Bit Server VM (25.76-b03) for windows-amd64 JRE (1.8.0_76-release-b03), built on Jun 29 2016 19:09:20 by "ralucas" with MS VC++ 10.0 (VS2010)

time: Wed Dec 14 18:02:50 2016
elapsed time: 9 seconds (0d 0h 0m 9s)

