JvmtiExport can_access_local_variables 0
JvmtiExport can_hotswap_or_post_breakpoint 0
JvmtiExport can_post_on_exceptions 0
# 342 ciObject found
ciMethod java/lang/RuntimeException <init> (Ljava/lang/String;Ljava/lang/Throwable;)V 0 0 1 0 -1
ciMethod java/lang/NullPointerException <init> (Ljava/lang/String;)V 0 0 1 0 -1
ciMethod java/util/ArrayList ensureCapacityInternal (I)V 337 1 17186 0 -1
ciMethod java/util/ArrayList ensureExplicitCapacity (I)V 337 1 16432 0 -1
ciMethod java/util/ArrayList grow (I)V 65 1 3370 0 -1
ciMethod java/util/ArrayList add (Ljava/lang/Object;)Z 337 1 16742 0 -1
ciMethod java/lang/Math max (II)I 225 1 10738 0 -1
ciMethod java/lang/IllegalArgumentException <init> (Ljava/lang/String;)V 0 0 1 0 -1
ciMethodData java/lang/IllegalArgumentException <init> (Ljava/lang/String;)V 1 0 orig 264 8 30 108 83 0 0 0 0 240 204 17 20 0 0 0 0 56 1 0 0 0 0 0 0 0 0 0 0 0 0 0 0 0 0 0 0 0 0 0 0 0 0 0 0 0 0 0 0 0 0 0 0 0 0 0 0 0 0 0 0 0 0 0 0 0 0 0 0 0 0 0 0 0 0 0 0 0 0 0 0 77 68 79 32 101 120 116 114 97 32 100 97 116 97 32 108 111 99 107 0 0 0 0 0 0 0 0 0 0 0 0 0 0 0 0 0 0 0 0 0 0 0 0 0 0 0 0 0 0 0 0 0 0 0 0 0 0 0 0 0 0 0 0 0 0 0 0 0 0 0 0 0 0 0 0 0 0 0 0 0 0 0 0 0 0 0 0 0 0 0 0 0 0 0 0 0 0 0 0 0 0 0 0 0 0 0 0 0 0 0 0 0 0 0 0 0 0 0 0 0 0 0 0 0 0 0 0 0 0 0 0 0 0 0 0 0 0 0 0 0 1 0 0 0 1 0 0 0 0 0 0 0 0 0 0 0 2 0 0 0 0 0 0 0 0 0 0 0 16 0 0 0 255 255 255 255 2 0 2 0 0 0 0 0 data 2 0x20002 0x0 oops 0
ciMethodData java/util/ArrayList add (Ljava/lang/Object;)Z 2 16742 orig 264 8 30 108 83 0 0 0 0 128 236 7 20 0 0 0 0 144 1 0 0 0 0 0 0 0 0 0 0 0 0 0 0 0 0 0 0 0 0 0 0 0 0 0 0 0 0 0 0 0 0 0 0 0 0 0 0 0 0 0 0 0 0 0 0 0 0 0 0 0 0 0 0 0 0 0 0 0 0 0 0 77 68 79 32 101 120 116 114 97 32 100 97 116 97 32 108 111 99 107 0 0 0 0 0 0 0 0 0 0 0 0 0 0 0 0 0 0 0 0 0 0 0 0 0 0 0 0 0 0 0 0 0 0 0 0 0 0 0 0 0 0 0 0 0 0 0 0 0 0 0 0 0 0 0 0 0 0 0 0 0 0 0 0 0 0 0 0 0 0 0 0 0 0 0 0 0 0 0 0 0 0 0 0 0 0 0 0 0 0 0 0 0 0 0 0 0 0 0 0 0 0 0 0 0 0 0 0 0 0 0 0 0 0 0 0 0 42 0 0 0 225 9 2 0 1 0 0 0 0 0 0 0 0 0 0 0 2 0 0 0 0 0 15 0 2 0 0 0 64 0 0 0 255 255 255 255 2 0 7 0 0 0 0 0 data 8 0x70002 0x4227 0x1a0104 0x0 0x16293660 0x131 0x16293710 0xe oops 2 4 java/util/zip/ZipEntry 6 java/util/concurrent/FutureTask
ciMethodData java/util/ArrayList ensureCapacityInternal (I)V 2 17186 orig 264 8 30 108 83 0 0 0 0 248 225 7 20 0 0 0 0 144 1 0 0 32 0 0 0 0 0 0 0 0 0 0 0 0 0 0 0 0 0 0 0 0 0 0 0 0 0 0 0 0 0 0 0 0 0 0 0 0 0 0 0 0 0 0 0 0 0 0 0 0 0 0 0 0 0 0 0 0 0 0 0 77 68 79 32 101 120 116 114 97 32 100 97 116 97 32 108 111 99 107 0 0 0 0 0 0 0 0 0 0 0 0 0 0 0 0 0 0 0 0 0 0 0 0 0 0 0 0 0 0 0 0 0 0 0 0 0 0 0 0 0 0 0 0 0 0 0 0 0 0 0 0 0 0 0 0 0 0 0 0 0 0 0 0 0 0 0 0 0 0 0 0 0 0 0 0 0 0 0 0 0 0 0 0 0 0 0 0 0 0 0 0 0 0 0 0 0 0 0 0 0 0 0 0 0 0 0 0 0 0 0 0 0 0 0 0 0 42 0 0 0 193 23 2 0 1 0 0 0 0 0 0 0 0 0 0 0 2 0 0 0 0 0 14 0 2 0 0 0 64 0 0 0 255 255 255 255 7 0 7 0 0 0 0 0 data 8 0x70007 0x3699 0x30 0xc68 0xd0002 0xc68 0x130002 0x42fa oops 0
ciMethodData java/lang/Math max (II)I 2 10738 orig 264 8 30 108 83 0 0 0 0 104 57 10 20 0 0 0 0 96 1 0 0 0 0 0 0 0 0 0 0 0 0 0 0 0 0 0 0 0 0 0 0 0 0 0 0 0 0 0 0 0 0 0 0 0 0 0 0 0 0 0 0 0 0 0 0 0 0 0 0 0 0 0 0 0 0 0 0 0 0 0 0 77 68 79 32 101 120 116 114 97 32 100 97 116 97 32 108 111 99 107 0 0 0 0 0 0 0 0 0 0 0 0 0 0 0 0 0 0 0 0 0 0 0 0 0 0 0 0 0 0 0 0 0 0 0 0 0 0 0 0 0 0 0 0 0 0 0 0 0 0 0 0 0 0 0 0 0 0 0 0 0 0 0 0 0 0 0 0 0 0 0 0 0 0 0 0 0 0 0 0 0 0 0 0 0 0 0 0 0 0 0 0 0 0 0 0 0 0 0 0 0 0 0 0 0 0 0 0 0 0 0 0 0 0 0 0 0 28 0 0 0 177 78 1 0 1 0 0 0 0 0 0 0 0 0 0 0 2 0 0 0 0 0 6 0 2 0 0 0 56 0 0 0 255 255 255 255 7 0 2 0 0 0 0 0 data 7 0x20007 0xc57 0x38 0x1d81 0x60003 0x1d81 0x18 oops 0
ciMethodData java/util/ArrayList ensureExplicitCapacity (I)V 2 16432 orig 264 8 30 108 83 0 0 0 0 168 226 7 20 0 0 0 0 88 1 0 0 0 0 0 0 0 0 0 0 0 0 0 0 0 0 0 0 0 0 0 0 0 0 0 0 0 0 0 0 0 0 0 0 0 0 0 0 0 0 0 0 0 0 0 0 0 0 0 0 0 0 0 0 0 0 0 0 0 0 0 0 77 68 79 32 101 120 116 114 97 32 100 97 116 97 32 108 111 99 107 0 0 0 0 0 0 0 0 0 0 0 0 0 0 0 0 0 0 0 0 0 0 0 0 0 0 0 0 0 0 0 0 0 0 0 0 0 0 0 0 0 0 0 0 0 0 0 0 0 0 0 0 0 0 0 0 0 0 0 0 0 0 0 0 0 0 0 0 0 0 0 0 0 0 0 0 0 0 0 0 0 0 0 0 0 0 0 0 0 0 0 0 0 0 0 0 0 0 0 0 0 0 0 0 0 0 0 0 0 0 0 0 0 0 0 0 0 42 0 0 0 49 0 2 0 1 0 0 0 0 0 0 0 0 0 0 0 2 0 0 0 0 0 6 0 2 0 0 0 48 0 0 0 255 255 255 255 7 0 17 0 0 0 0 0 data 6 0x110007 0x32e7 0x30 0xd22 0x160002 0xd22 oops 0
ciMethodData java/util/ArrayList grow (I)V 2 3370 orig 264 8 30 108 83 0 0 0 0 112 227 7 20 0 0 0 0 176 1 0 0 64 0 0 0 0 0 0 0 0 0 0 0 0 0 0 0 0 0 0 0 0 0 0 0 0 0 0 0 0 0 0 0 0 0 0 0 0 0 0 0 0 0 0 0 0 0 0 0 0 0 0 0 0 0 0 0 0 0 0 0 77 68 79 32 101 120 116 114 97 32 100 97 116 97 32 108 111 99 107 0 0 0 0 0 0 0 0 0 0 0 0 0 0 0 0 0 0 0 0 0 0 0 0 0 0 0 0 0 0 0 0 0 0 0 0 0 0 0 0 0 0 0 0 0 0 0 0 0 0 0 0 0 0 0 0 0 0 0 0 0 0 0 0 0 0 0 0 0 0 0 0 0 0 0 0 0 0 0 0 0 0 0 0 0 0 0 0 0 0 0 0 0 0 0 0 0 0 0 0 0 0 0 0 0 0 0 0 0 0 0 0 0 0 0 0 0 8 0 0 0 17 105 0 0 1 0 0 0 0 0 0 0 0 0 0 0 2 0 0 0 0 0 15 0 2 0 0 0 96 0 0 0 255 255 255 255 7 0 15 0 0 0 0 0 data 12 0xf0007 0xb5 0x20 0xc6d 0x180007 0xd22 0x30 0x0 0x1c0002 0x0 0x260002 0xd22 oops 0
ciMethodData java/lang/NullPointerException <init> (Ljava/lang/String;)V 1 0 orig 264 8 30 108 83 0 0 0 0 240 170 5 20 0 0 0 0 56 1 0 0 0 0 0 0 0 0 0 0 0 0 0 0 0 0 0 0 0 0 0 0 0 0 0 0 0 0 0 0 0 0 0 0 0 0 0 0 0 0 0 0 0 0 0 0 0 0 0 0 0 0 0 0 0 0 0 0 0 0 0 0 77 68 79 32 101 120 116 114 97 32 100 97 116 97 32 108 111 99 107 0 0 0 0 0 0 0 0 0 0 0 0 0 0 0 0 0 0 0 0 0 0 0 0 0 0 0 0 0 0 0 0 0 0 0 0 0 0 0 0 0 0 0 0 0 0 0 0 0 0 0 0 0 0 0 0 0 0 0 0 0 0 0 0 0 0 0 0 0 0 0 0 0 0 0 0 0 0 0 0 0 0 0 0 0 0 0 0 0 0 0 0 0 0 0 0 0 0 0 0 0 0 0 0 0 0 0 0 0 0 0 0 0 0 0 0 0 0 0 0 0 1 0 0 0 1 0 0 0 0 0 0 0 0 0 0 0 2 0 0 0 0 0 0 0 0 0 0 0 16 0 0 0 255 255 255 255 2 0 2 0 0 0 0 0 data 2 0x20002 0x0 oops 0
ciMethod java/lang/IndexOutOfBoundsException <init> (Ljava/lang/String;)V 0 0 1 0 -1
ciMethodData java/lang/RuntimeException <init> (Ljava/lang/String;Ljava/lang/Throwable;)V 1 0 orig 264 8 30 108 83 0 0 0 0 184 220 252 19 0 0 0 0 64 1 0 0 0 0 0 0 0 0 0 0 0 0 0 0 0 0 0 0 0 0 0 0 0 0 0 0 0 0 0 0 0 0 0 0 0 0 0 0 0 0 0 0 0 0 0 0 0 0 0 0 0 0 0 0 0 0 0 0 0 0 0 0 77 68 79 32 101 120 116 114 97 32 100 97 116 97 32 108 111 99 107 0 0 0 0 0 0 0 0 0 0 0 0 0 0 0 0 0 0 0 0 0 0 0 0 0 0 0 0 0 0 0 0 0 0 0 0 0 0 0 0 0 0 0 0 0 0 0 0 0 0 0 0 0 0 0 0 0 0 0 0 0 0 0 0 0 0 0 0 0 0 0 0 0 0 0 0 0 0 0 0 0 0 0 0 0 0 0 0 0 0 0 0 0 0 0 0 0 0 0 0 0 0 0 0 0 0 0 0 0 0 0 0 0 0 0 0 0 0 0 0 0 1 0 0 0 1 0 0 0 0 0 0 0 0 0 0 0 2 0 0 0 0 0 0 0 0 0 0 0 16 0 0 0 255 255 255 255 2 0 3 0 0 0 0 0 data 2 0x30002 0x0 oops 0
ciMethod com/android/dx/rop/cst/CstType forBoxedPrimitiveType (Lcom/android/dx/rop/type/Type;)Lcom/android/dx/rop/cst/CstType; 0 0 1 0 -1
ciMethod com/android/dx/rop/cst/CstType intern (Lcom/android/dx/rop/type/Type;)Lcom/android/dx/rop/cst/CstType; 289 1 36 0 -1
ciMethod com/android/dx/rop/cst/CstType <init> (Lcom/android/dx/rop/type/Type;)V 289 1 144 0 -1
ciMethod com/android/dx/rop/cst/CstType getClassType ()Lcom/android/dx/rop/type/Type; 1345 1 168 0 -1
ciMethod com/android/dx/rop/type/TypeBearer getType ()Lcom/android/dx/rop/type/Type; 0 0 1 0 -1
ciMethod com/android/dx/rop/type/TypeBearer isConstant ()Z 0 0 1 0 -1
ciMethod com/android/dx/rop/type/TypeList size ()I 0 0 1 0 -1
ciMethod com/android/dx/rop/cst/CstInteger make (I)Lcom/android/dx/rop/cst/CstInteger; 953 1 218 0 -1
ciMethod com/android/dx/rop/cst/CstInteger getValue ()I 1705 1 475 0 -1
ciMethod com/android/dx/rop/cst/CstLiteral32 getIntBits ()I 1833 1 229 0 -1
ciMethod com/android/dx/rop/cst/CstFieldRef forPrimitiveType (Lcom/android/dx/rop/type/Type;)Lcom/android/dx/rop/cst/CstFieldRef; 0 0 1 0 -1
ciMethod com/android/dx/rop/cst/CstFieldRef <init> (Lcom/android/dx/rop/cst/CstType;Lcom/android/dx/rop/cst/CstNat;)V 169 1 155 0 -1
ciMethod com/android/dx/rop/cst/CstMemberRef <init> (Lcom/android/dx/rop/cst/CstType;Lcom/android/dx/rop/cst/CstNat;)V 353 1 345 0 -1
ciMethod com/android/dx/rop/cst/CstBaseMethodRef getPrototype ()Lcom/android/dx/rop/type/Prototype; 1201 1 143 0 -1
ciMethod com/android/dx/util/MutabilityControl throwIfImmutable ()V 2097 1 34043 0 -1
ciMethod com/android/dx/util/MutabilityException <init> (Ljava/lang/String;)V 0 0 1 0 -1
ciMethod com/android/dx/rop/type/Type getType ()Lcom/android/dx/rop/type/Type; 2073 1 1363 0 -1
ciMethod com/android/dx/rop/type/Type getCategory ()I 2049 1 1384 0 -1
ciMethod com/android/dx/rop/type/Type isPrimitive ()Z 0 0 1 0 -1
ciMethod com/android/dx/rop/type/Type getComponentType ()Lcom/android/dx/rop/type/Type; 385 1 102 0 -1
ciMethod com/android/dx/rop/type/Prototype getReturnType ()Lcom/android/dx/rop/type/Type; 1185 1 148 0 -1
ciMethod com/android/dx/rop/type/Prototype getParameterFrameTypes ()Lcom/android/dx/rop/type/StdTypeList; 625 497 134 0 -1
ciMethod com/android/dx/util/FixedSizeList <init> (I)V 3401 1 5589 0 -1
ciMethod com/android/dx/util/FixedSizeList size ()I 3129 1 22871 0 -1
ciMethod com/android/dx/util/FixedSizeList get0 (I)Ljava/lang/Object; 2049 1 6129 0 -1
ciMethod com/android/dx/util/FixedSizeList set0 (ILjava/lang/Object;)V 4097 1 13640 0 -1
ciMethod com/android/dx/util/FixedSizeList throwIndex (I)Ljava/lang/Object; 0 0 1 0 -1
ciMethod com/android/dx/cf/iface/Member getAccessFlags ()I 0 0 1 0 -1
ciMethod com/android/dx/cf/code/SimException <init> (Ljava/lang/String;)V 0 0 1 0 -1
ciMethod com/android/dx/cf/code/LineNumberList pcToLine (I)I 3225 16385 1110 0 -1
ciMethod com/android/dx/cf/attrib/AttCode getMaxStack ()I 1409 1 156 0 -1
ciMethodData com/android/dx/util/MutabilityControl throwIfImmutable ()V 2 34044 orig 264 8 30 108 83 0 0 0 0 80 108 63 20 0 0 0 0 80 1 0 0 0 0 0 0 0 0 0 0 0 0 0 0 0 0 0 0 0 0 0 0 0 0 0 0 0 0 0 0 0 0 0 0 0 0 0 0 0 0 0 0 0 0 0 0 0 0 0 0 0 0 0 0 0 0 0 0 0 0 0 0 77 68 79 32 101 120 116 114 97 32 100 97 116 97 32 108 111 99 107 0 0 0 0 0 0 0 0 0 0 0 0 0 0 0 0 0 0 0 0 0 0 0 0 0 0 0 0 0 0 0 0 0 0 0 0 0 0 0 0 0 0 0 0 0 0 0 0 0 0 0 0 0 0 0 0 0 0 0 0 0 0 0 0 0 0 0 0 0 0 0 0 0 0 0 0 0 0 0 0 0 0 0 0 0 0 0 0 0 0 0 0 0 0 0 0 0 0 0 0 0 0 0 0 0 0 0 0 0 0 0 0 0 0 0 0 0 6 1 0 0 177 31 4 0 1 0 0 0 0 0 0 0 0 0 0 0 2 0 0 0 0 0 5 0 2 0 0 0 48 0 0 0 255 255 255 255 7 0 4 0 0 0 0 0 data 6 0x40007 0x83fb 0x30 0x0 0xd0002 0x0 oops 0
ciMethodData com/android/dx/rop/cst/CstType <init> (Lcom/android/dx/rop/type/Type;)V 1 144 orig 264 8 30 108 83 0 0 0 0 8 144 60 20 0 0 0 0 192 1 0 0 48 0 0 0 0 0 0 0 0 0 0 0 0 0 0 0 0 0 0 0 0 0 0 0 0 0 0 0 0 0 0 0 0 0 0 0 0 0 0 0 0 0 0 0 0 0 0 0 0 0 0 0 0 0 0 0 0 0 0 0 77 68 79 32 101 120 116 114 97 32 100 97 116 97 32 108 111 99 107 0 0 0 0 0 0 0 0 0 0 0 0 0 0 0 0 0 0 0 0 0 0 0 0 0 0 0 0 0 0 0 0 0 0 0 0 0 0 0 0 0 0 0 0 0 0 0 0 0 0 0 0 0 0 0 0 0 0 0 0 0 0 0 0 0 0 0 0 0 0 0 0 0 0 0 0 0 0 0 0 0 0 0 0 0 0 0 0 0 0 0 0 0 0 0 0 0 0 0 0 0 0 0 0 0 0 0 0 0 0 0 0 0 0 0 0 0 36 0 0 0 97 3 0 0 1 0 0 0 0 0 0 0 0 0 0 0 2 0 0 0 0 0 0 0 0 0 0 0 112 0 0 0 255 255 255 255 2 0 1 0 0 0 0 0 data 14 0x10002 0x6c 0x50007 0x6c 0x30 0x0 0xe0002 0x0 0x160007 0x6c 0x30 0x0 0x1f0002 0x0 oops 0
ciMethodData com/android/dx/rop/cst/CstFieldRef <init> (Lcom/android/dx/rop/cst/CstType;Lcom/android/dx/rop/cst/CstNat;)V 1 155 orig 264 8 30 108 83 0 0 0 0 16 37 63 20 0 0 0 0 64 1 0 0 0 0 0 0 0 0 0 0 0 0 0 0 0 0 0 0 0 0 0 0 0 0 0 0 0 0 0 0 0 0 0 0 0 0 0 0 0 0 0 0 0 0 0 0 0 0 0 0 0 0 0 0 0 0 0 0 0 0 0 0 77 68 79 32 101 120 116 114 97 32 100 97 116 97 32 108 111 99 107 0 0 0 0 0 0 0 0 0 0 0 0 0 0 0 0 0 0 0 0 0 0 0 0 0 0 0 0 0 0 0 0 0 0 0 0 0 0 0 0 0 0 0 0 0 0 0 0 0 0 0 0 0 0 0 0 0 0 0 0 0 0 0 0 0 0 0 0 0 0 0 0 0 0 0 0 0 0 0 0 0 0 0 0 0 0 0 0 0 0 0 0 0 0 0 0 0 0 0 0 0 0 0 0 0 0 0 0 0 0 0 0 0 0 0 0 0 21 0 0 0 49 4 0 0 1 0 0 0 0 0 0 0 0 0 0 0 2 0 0 0 0 0 0 0 0 0 0 0 16 0 0 0 255 255 255 255 2 0 3 0 0 0 0 0 data 2 0x30002 0x85 oops 0
ciMethodData com/android/dx/rop/cst/CstMemberRef <init> (Lcom/android/dx/rop/cst/CstType;Lcom/android/dx/rop/cst/CstNat;)V 1 345 orig 264 8 30 108 83 0 0 0 0 248 44 63 20 0 0 0 0 160 1 0 0 48 0 0 0 0 0 0 0 0 0 0 0 0 0 0 0 0 0 0 0 0 0 0 0 0 0 0 0 0 0 0 0 0 0 0 0 0 0 0 0 0 0 0 0 0 0 0 0 0 0 0 0 0 0 0 0 0 0 0 0 77 68 79 32 101 120 116 114 97 32 100 97 116 97 32 108 111 99 107 0 0 0 0 0 0 0 0 0 0 0 0 0 0 0 0 0 0 0 0 0 0 0 0 0 0 0 0 0 0 0 0 0 0 0 0 0 0 0 0 0 0 0 0 0 0 0 0 0 0 0 0 0 0 0 0 0 0 0 0 0 0 0 0 0 0 0 0 0 0 0 0 0 0 0 0 0 0 0 0 0 0 0 0 0 0 0 0 0 0 0 0 0 0 0 0 0 0 0 0 0 0 0 0 0 0 0 0 0 0 0 0 0 0 0 0 0 44 0 0 0 105 9 0 0 1 0 0 0 0 0 0 0 0 0 0 0 2 0 0 0 0 0 0 0 0 0 0 0 112 0 0 0 255 255 255 255 2 0 1 0 0 0 0 0 data 14 0x10002 0x12d 0x50007 0x12c 0x30 0x0 0xe0002 0x0 0x130007 0x12c 0x30 0x0 0x1c0002 0x0 oops 0
ciMethodData com/android/dx/util/FixedSizeList set0 (ILjava/lang/Object;)V 2 13640 orig 264 8 30 108 83 0 0 0 0 8 40 64 20 0 0 0 0 224 1 0 0 0 0 0 0 0 0 0 0 0 0 0 0 0 0 0 0 0 0 0 0 0 0 0 0 0 0 0 0 0 0 0 0 0 0 0 0 0 0 0 0 0 0 0 0 0 0 0 0 0 0 0 0 0 0 0 0 0 0 0 0 77 68 79 32 101 120 116 114 97 32 100 97 116 97 32 108 111 99 107 0 0 0 0 0 0 0 0 0 0 0 0 0 0 0 0 0 0 0 0 0 0 0 0 0 0 0 0 0 0 0 0 0 0 0 0 0 0 0 0 0 0 0 0 0 0 0 0 0 0 0 0 0 0 0 0 0 0 0 0 0 0 0 0 0 0 0 0 0 0 0 0 0 0 0 0 0 0 0 0 0 0 0 0 0 0 0 0 0 0 0 0 0 0 0 0 0 0 0 0 0 0 0 0 0 0 0 0 0 0 0 0 0 0 0 0 0 0 2 0 0 65 154 1 0 1 0 0 0 0 0 0 0 0 0 0 0 2 0 0 0 0 0 11 0 2 0 0 0 136 0 0 0 255 255 255 255 5 0 1 0 0 0 0 0 data 17 0x10005 0x3015 0x16efd270 0xbb 0x16f081e0 0x27d 0xa0104 0x0 0x16efd320 0x32 0x16f07f20 0x27d 0xb0003 0x334e 0x28 0x110002 0x0 oops 4 2 com/android/dx/cf/iface/StdAttributeList 4 com/android/dx/rop/type/StdTypeList 8 com/android/dx/cf/attrib/AttCode 10 com/android/dx/rop/type/Type
ciMethodData com/android/dx/util/FixedSizeList throwIndex (I)Ljava/lang/Object; 1 0 orig 264 8 30 108 83 0 0 0 0 232 40 64 20 0 0 0 0 104 1 0 0 32 0 0 0 0 0 0 0 0 0 0 0 0 0 0 0 0 0 0 0 0 0 0 0 0 0 0 0 0 0 0 0 0 0 0 0 0 0 0 0 0 0 0 0 0 0 0 0 0 0 0 0 0 0 0 0 0 0 0 0 77 68 79 32 101 120 116 114 97 32 100 97 116 97 32 108 111 99 107 0 0 0 0 0 0 0 0 0 0 0 0 0 0 0 0 0 0 0 0 0 0 0 0 0 0 0 0 0 0 0 0 0 0 0 0 0 0 0 0 0 0 0 0 0 0 0 0 0 0 0 0 0 0 0 0 0 0 0 0 0 0 0 0 0 0 0 0 0 0 0 0 0 0 0 0 0 0 0 0 0 0 0 0 0 0 0 0 0 0 0 0 0 0 0 0 0 0 0 0 0 0 0 0 0 0 0 0 0 0 0 0 0 0 0 0 0 0 0 0 0 1 0 0 0 1 0 0 0 0 0 0 0 0 0 0 0 2 0 0 0 0 0 0 0 0 0 0 0 64 0 0 0 255 255 255 255 7 0 1 0 0 0 0 0 data 8 0x10007 0x0 0x30 0x0 0xa0002 0x0 0x140002 0x0 oops 0
ciMethodData com/android/dx/util/FixedSizeList size ()I 2 22871 orig 264 8 30 108 83 0 0 0 0 184 35 64 20 0 0 0 0 32 1 0 0 0 0 0 0 0 0 0 0 0 0 0 0 0 0 0 0 0 0 0 0 0 0 0 0 0 0 0 0 0 0 0 0 0 0 0 0 0 0 0 0 0 0 0 0 0 0 0 0 0 0 0 0 0 0 0 0 0 0 0 0 77 68 79 32 101 120 116 114 97 32 100 97 116 97 32 108 111 99 107 0 0 0 0 0 0 0 0 0 0 0 0 0 0 0 0 0 0 0 0 0 0 0 0 0 0 0 0 0 0 0 0 0 0 0 0 0 0 0 0 0 0 0 0 0 0 0 0 0 0 0 0 0 0 0 0 0 0 0 0 0 0 0 0 0 0 0 0 0 0 0 0 0 0 0 0 0 0 0 0 0 0 0 0 0 0 0 0 0 0 0 0 0 0 0 0 0 0 0 0 0 0 0 0 0 0 0 0 0 0 0 0 0 0 0 0 0 134 1 0 0 129 190 2 0 1 0 0 0 0 0 0 0 0 0 0 0 2 0 0 0 0 0 3 0 1 0 0 0 0 0 0 0 255 255 255 255 0 0 0 0 0 0 0 0 data 0 oops 0
ciMethodData com/android/dx/util/FixedSizeList <init> (I)V 2 5589 orig 264 8 30 108 83 0 0 0 0 192 29 64 20 0 0 0 0 152 1 0 0 56 0 0 0 0 0 0 0 0 0 0 0 0 0 0 0 0 0 0 0 0 0 0 0 0 0 0 0 0 0 0 0 0 0 0 0 0 0 0 0 0 0 0 0 0 0 0 0 0 0 0 0 0 0 0 0 0 0 0 0 77 68 79 32 101 120 116 114 97 32 100 97 116 97 32 108 111 99 107 0 0 0 0 0 0 0 0 0 0 0 0 0 0 0 0 0 0 0 0 0 0 0 0 0 0 0 0 0 0 0 0 0 0 0 0 0 0 0 0 0 0 0 0 0 0 0 0 0 0 0 0 0 0 0 0 0 0 0 0 0 0 0 0 0 0 0 0 0 0 0 0 0 0 0 0 0 0 0 0 0 0 0 0 0 0 0 0 0 0 0 0 0 0 0 0 0 0 0 0 0 0 0 0 0 0 0 0 0 0 0 0 0 0 0 0 0 169 1 0 0 97 161 0 0 1 0 0 0 0 0 0 0 0 0 0 0 2 0 0 0 0 0 10 0 2 0 0 0 112 0 0 0 255 255 255 255 7 0 2 0 0 0 0 0 data 14 0x20007 0x781 0x38 0xcad 0x60003 0xcad 0x18 0xa0002 0x142c 0x150003 0x142d 0x28 0x1f0002 0x0 oops 0
ciMethod com/android/dx/rop/code/TranslationAdvice hasConstantOperation (Lcom/android/dx/rop/code/Rop;Lcom/android/dx/rop/code/RegisterSpec;Lcom/android/dx/rop/code/RegisterSpec;)Z 0 0 1 0 -1
ciMethod com/android/dx/cf/code/ConcreteMethod getAccessFlags ()I 4097 1 848 0 -1
ciMethod com/android/dx/cf/code/ConcreteMethod getMaxStack ()I 1249 1 156 0 -1
ciMethod com/android/dx/cf/code/ConcreteMethod makeSourcePosistion (I)Lcom/android/dx/rop/code/SourcePosition; 4097 1 1111 0 -1
ciMethod com/android/dx/rop/code/DexTranslationAdvice hasConstantOperation (Lcom/android/dx/rop/code/Rop;Lcom/android/dx/rop/code/RegisterSpec;Lcom/android/dx/rop/code/RegisterSpec;)Z 49 1 69 0 -1
ciMethod com/android/dx/cf/code/Ropper getFirstTempStackReg ()I 745 1 93 0 -1
ciMethod com/android/dx/cf/code/Ropper isSynchronized ()Z 4097 1 848 0 -1
ciMethod com/android/dx/cf/code/Ropper getNormalRegCount ()I 745 1 93 0 -1
ciMethodData com/android/dx/util/FixedSizeList get0 (I)Ljava/lang/Object; 2 6129 orig 264 8 30 108 83 0 0 0 0 80 38 64 20 0 0 0 0 48 2 0 0 192 0 0 0 0 0 0 0 0 0 0 0 0 0 0 0 0 0 0 0 0 0 0 0 0 0 0 0 0 0 0 0 0 0 0 0 0 0 0 0 0 0 0 0 0 0 0 0 0 0 0 0 0 0 0 0 0 0 0 0 77 68 79 32 101 120 116 114 97 32 100 97 116 97 32 108 111 99 107 0 0 0 0 0 0 0 0 0 0 0 0 0 0 0 0 0 0 0 0 0 0 0 0 0 0 0 0 0 0 0 0 0 0 0 0 0 0 0 0 0 0 0 0 0 0 0 0 0 0 0 0 0 0 0 0 0 0 0 0 0 0 0 0 0 0 0 0 0 0 0 0 0 0 0 0 0 0 0 0 0 0 0 0 0 0 0 0 0 0 0 0 0 0 0 0 0 0 0 0 0 0 0 0 0 0 0 0 0 0 0 0 0 0 0 0 0 0 1 0 0 137 183 0 0 1 0 0 0 0 0 0 0 0 0 0 0 2 0 0 0 0 0 9 0 2 0 0 0 224 0 0 0 255 255 255 255 7 0 8 0 0 0 0 0 data 28 0x80007 0x16f1 0xd0 0x0 0x130002 0x0 0x180005 0x0 0x0 0x0 0x0 0x0 0x1c0005 0x0 0x0 0x0 0x0 0x0 0x1f0005 0x0 0x0 0x0 0x0 0x0 0x220002 0x0 0x2b0002 0x0 oops 0
ciMethod com/android/dx/rop/code/Insn <init> (Lcom/android/dx/rop/code/Rop;Lcom/android/dx/rop/code/SourcePosition;Lcom/android/dx/rop/code/RegisterSpec;Lcom/android/dx/rop/code/RegisterSpecList;)V 3129 1 5468 0 -1
ciMethod com/android/dx/rop/code/Insn getResult ()Lcom/android/dx/rop/code/RegisterSpec; 1857 1 232 0 -1
ciMethod com/android/dx/rop/code/PlainInsn <init> (Lcom/android/dx/rop/code/Rop;Lcom/android/dx/rop/code/SourcePosition;Lcom/android/dx/rop/code/RegisterSpec;Lcom/android/dx/rop/code/RegisterSpecList;)V 4105 1 3264 0 -1
ciMethod com/android/dx/rop/code/PlainInsn <init> (Lcom/android/dx/rop/code/Rop;Lcom/android/dx/rop/code/SourcePosition;Lcom/android/dx/rop/code/RegisterSpec;Lcom/android/dx/rop/code/RegisterSpec;)V 2537 1 317 0 -1
ciMethod com/android/dx/rop/code/ThrowingInsn <init> (Lcom/android/dx/rop/code/Rop;Lcom/android/dx/rop/code/SourcePosition;Lcom/android/dx/rop/code/RegisterSpecList;Lcom/android/dx/rop/type/TypeList;)V 1961 1 245 0 -1
ciMethod com/android/dx/rop/code/PlainCstInsn <init> (Lcom/android/dx/rop/code/Rop;Lcom/android/dx/rop/code/SourcePosition;Lcom/android/dx/rop/code/RegisterSpec;Lcom/android/dx/rop/code/RegisterSpecList;Lcom/android/dx/rop/cst/Constant;)V 3353 1 418 0 -1
ciMethod com/android/dx/rop/code/CstInsn <init> (Lcom/android/dx/rop/code/Rop;Lcom/android/dx/rop/code/SourcePosition;Lcom/android/dx/rop/code/RegisterSpec;Lcom/android/dx/rop/code/RegisterSpecList;Lcom/android/dx/rop/cst/Constant;)V 4097 1 1892 0 -1
ciMethod com/android/dx/rop/code/ThrowingCstInsn <init> (Lcom/android/dx/rop/code/Rop;Lcom/android/dx/rop/code/SourcePosition;Lcom/android/dx/rop/code/RegisterSpecList;Lcom/android/dx/rop/type/TypeList;Lcom/android/dx/rop/cst/Constant;)V 4097 1 1428 0 -1
ciMethod com/android/dx/util/IntList size ()I 1449 1 181 0 -1
ciMethod com/android/dx/cf/code/RopperMachine run (Lcom/android/dx/cf/code/Frame;II)V 4105 889 1049 0 -1
ciMethod com/android/dx/cf/code/RopperMachine getSources (II)Lcom/android/dx/rop/code/RegisterSpecList; 4105 3073 1051 0 -1
ciMethod com/android/dx/cf/code/RopperMachine updateReturnOp (Lcom/android/dx/rop/code/Rop;Lcom/android/dx/rop/code/SourcePosition;)V 521 1 65 0 -1
ciMethod com/android/dx/cf/code/RopperMachine jopToRopOpcode (ILcom/android/dx/rop/cst/Constant;)I 4097 209 959 0 -1
ciMethod com/android/dx/cf/code/ValueAwareMachine run (Lcom/android/dx/cf/code/Frame;II)V 4105 609 1051 0 -1
ciMethod com/android/dx/cf/code/BaseMachine arg (I)Lcom/android/dx/rop/type/TypeBearer; 4097 1 1496 0 -1
ciMethod com/android/dx/cf/code/BaseMachine getAuxInt ()I 1601 1 186 0 -1
ciMethod com/android/dx/cf/code/BaseMachine getAuxCst ()Lcom/android/dx/rop/cst/Constant; 1025 1 128 0 -1
ciMethod com/android/dx/cf/code/BaseMachine getAuxCases ()Lcom/android/dx/cf/code/SwitchList; 1209 1 151 0 -1
ciMethod com/android/dx/cf/code/BaseMachine getInitValues ()Ljava/util/ArrayList; 1217 1 152 0 -1
ciMethod com/android/dx/cf/code/BaseMachine getLocalTarget (Z)Lcom/android/dx/rop/code/RegisterSpec; 4121 1 1089 0 -1
ciMethod com/android/dx/cf/code/BaseMachine resultCount ()I 4097 1 1051 0 -1
ciMethod com/android/dx/cf/code/BaseMachine result (I)Lcom/android/dx/rop/type/TypeBearer; 4097 1 631 0 -1
ciMethod com/android/dx/rop/code/SwitchInsn <init> (Lcom/android/dx/rop/code/Rop;Lcom/android/dx/rop/code/SourcePosition;Lcom/android/dx/rop/code/RegisterSpec;Lcom/android/dx/rop/code/RegisterSpecList;Lcom/android/dx/util/IntList;)V 0 0 1 0 -1
ciMethod com/android/dx/rop/code/FillArrayDataInsn <init> (Lcom/android/dx/rop/code/Rop;Lcom/android/dx/rop/code/SourcePosition;Lcom/android/dx/rop/code/RegisterSpecList;Ljava/util/ArrayList;Lcom/android/dx/rop/cst/Constant;)V 0 0 1 0 -1
ciMethod com/android/dx/cf/code/Frame getStack ()Lcom/android/dx/cf/code/ExecutionStack; 1585 1 198 0 -1
ciMethod com/android/dx/cf/code/ExecutionStack size ()I 1041 1 130 0 -1
ciMethod com/android/dx/rop/code/SourcePosition <init> (Lcom/android/dx/rop/cst/CstString;II)V 4097 1 1111 0 -1
ciMethod com/android/dx/rop/code/RegisterSpec intern (ILcom/android/dx/rop/type/TypeBearer;Lcom/android/dx/rop/code/LocalItem;)Lcom/android/dx/rop/code/RegisterSpec; 3129 1 6796 0 -1
ciMethod com/android/dx/rop/code/RegisterSpec make (ILcom/android/dx/rop/type/TypeBearer;)Lcom/android/dx/rop/code/RegisterSpec; 2113 1 2174 0 -1
ciMethod com/android/dx/rop/code/RegisterSpec makeLocalOptional (ILcom/android/dx/rop/type/TypeBearer;Lcom/android/dx/rop/code/LocalItem;)Lcom/android/dx/rop/code/RegisterSpec; 3073 1 4782 0 -1
ciMethod com/android/dx/rop/code/RegisterSpec getType ()Lcom/android/dx/rop/type/Type; 4097 1 1126 0 -1
ciMethod com/android/dx/rop/code/RegisterSpec getReg ()I 1361 1 170 0 -1
ciMethod com/android/dx/rop/code/RegisterSpec getTypeBearer ()Lcom/android/dx/rop/type/TypeBearer; 2657 1 332 0 -1
ciMethod com/android/dx/rop/code/RegisterSpec getNextReg ()I 1529 1 3367 0 -1
ciMethod com/android/dx/rop/code/RegisterSpec getCategory ()I 3361 1 10443 0 -1
ciMethod com/android/dx/rop/code/RegisterSpec withReg (I)Lcom/android/dx/rop/code/RegisterSpec; 3409 1 4584 0 -1
ciMethod com/android/dx/rop/code/Rops ropFor (ILcom/android/dx/rop/type/TypeBearer;Lcom/android/dx/rop/type/TypeList;Lcom/android/dx/rop/cst/Constant;)Lcom/android/dx/rop/code/Rop; 4097 1 964 0 -1
ciMethod com/android/dx/rop/code/Rops opMove (Lcom/android/dx/rop/type/TypeBearer;)Lcom/android/dx/rop/code/Rop; 2193 1 545 0 -1
ciMethod com/android/dx/rop/code/Rops opMoveResult (Lcom/android/dx/rop/type/TypeBearer;)Lcom/android/dx/rop/code/Rop; 489 1 61 0 -1
ciMethod com/android/dx/rop/code/Rops opMoveResultPseudo (Lcom/android/dx/rop/type/TypeBearer;)Lcom/android/dx/rop/code/Rop; 2033 1 254 0 -1
ciMethod com/android/dx/rop/code/Rops opFilledNewArray (Lcom/android/dx/rop/type/TypeBearer;I)Lcom/android/dx/rop/code/Rop; 0 0 1 0 -1
ciMethod com/android/dx/rop/code/Rops opInvokeStatic (Lcom/android/dx/rop/type/Prototype;)Lcom/android/dx/rop/code/Rop; 33 1 7 0 -1
ciMethod com/android/dx/rop/code/Rop <init> (ILcom/android/dx/rop/type/Type;Lcom/android/dx/rop/type/TypeList;Lcom/android/dx/rop/type/TypeList;IZLjava/lang/String;)V 2049 1 671 0 -1
ciMethod com/android/dx/rop/code/Rop <init> (ILcom/android/dx/rop/type/Type;Lcom/android/dx/rop/type/TypeList;Ljava/lang/String;)V 2289 1 429 0 -1
ciMethod com/android/dx/rop/code/Rop <init> (ILcom/android/dx/rop/type/TypeList;Lcom/android/dx/rop/type/TypeList;)V 625 1 134 0 -1
ciMethod com/android/dx/rop/code/Rop getOpcode ()I 2729 1 341 0 -1
ciMethod com/android/dx/rop/code/Rop getResult ()Lcom/android/dx/rop/type/Type; 73 1 7 0 -1
ciMethod com/android/dx/rop/code/Rop getBranchingness ()I 1025 1 128 0 -1
ciMethod com/android/dx/rop/code/Rop isCallLike ()Z 1065 1 133 0 -1
ciMethod com/android/dx/rop/code/Rop canThrow ()Z 4097 1 1754 0 -1
ciMethod com/android/dx/rop/code/RegisterSpecList make (Lcom/android/dx/rop/code/RegisterSpec;)Lcom/android/dx/rop/code/RegisterSpecList; 3057 1 382 0 -1
ciMethod com/android/dx/rop/code/RegisterSpecList make (Lcom/android/dx/rop/code/RegisterSpec;Lcom/android/dx/rop/code/RegisterSpec;)Lcom/android/dx/rop/code/RegisterSpecList; 0 0 1 0 -1
ciMethod com/android/dx/rop/code/RegisterSpecList <init> (I)V 2697 1 7257 0 -1
ciMethod com/android/dx/rop/code/RegisterSpecList get (I)Lcom/android/dx/rop/code/RegisterSpec; 2217 1 8422 0 -1
ciMethod com/android/dx/rop/code/RegisterSpecList set (ILcom/android/dx/rop/code/RegisterSpec;)V 1593 1 4566 0 -1
ciMethod com/android/dx/rop/code/RegisterSpecList withoutFirst ()Lcom/android/dx/rop/code/RegisterSpecList; 1 1 2 0 -1
ciMethod com/android/dx/rop/code/RegisterSpecList withoutLast ()Lcom/android/dx/rop/code/RegisterSpecList; 1 1 3 0 -1
ciMethodData com/android/dx/rop/type/Type getType ()Lcom/android/dx/rop/type/Type; 2 1363 orig 264 8 30 108 83 0 0 0 0 16 164 63 20 0 0 0 0 32 1 0 0 0 0 0 0 0 0 0 0 0 0 0 0 0 0 0 0 0 0 0 0 0 0 0 0 0 0 0 0 0 0 0 0 0 0 0 0 0 0 0 0 0 0 0 0 0 0 0 0 0 0 0 0 0 0 0 0 0 0 0 0 77 68 79 32 101 120 116 114 97 32 100 97 116 97 32 108 111 99 107 0 0 0 0 0 0 0 0 0 0 0 0 0 0 0 0 0 0 0 0 0 0 0 0 0 0 0 0 0 0 0 0 0 0 0 0 0 0 0 0 0 0 0 0 0 0 0 0 0 0 0 0 0 0 0 0 0 0 0 0 0 0 0 0 0 0 0 0 0 0 0 0 0 0 0 0 0 0 0 0 0 0 0 0 0 0 0 0 0 0 0 0 0 0 0 0 0 0 0 0 0 0 0 0 0 0 0 0 0 0 0 0 0 0 0 0 0 3 1 0 0 129 34 0 0 1 0 0 0 0 0 0 0 0 0 0 0 2 0 0 0 0 0 3 0 1 0 0 0 0 0 0 0 255 255 255 255 0 0 0 0 0 0 0 0 data 0 oops 0
ciMethodData com/android/dx/rop/code/Rop <init> (ILcom/android/dx/rop/type/Type;Lcom/android/dx/rop/type/TypeList;Lcom/android/dx/rop/type/TypeList;IZLjava/lang/String;)V 1 671 orig 264 8 30 108 83 0 0 0 0 192 93 74 20 0 0 0 0 240 2 0 0 224 0 0 0 0 0 0 0 0 0 0 0 0 0 0 0 0 0 0 0 0 0 0 0 0 0 0 0 0 0 0 0 0 0 0 0 0 0 0 0 0 0 0 0 0 0 0 0 0 0 0 0 0 0 0 0 0 0 0 0 77 68 79 32 101 120 116 114 97 32 100 97 116 97 32 108 111 99 107 0 0 0 0 0 0 0 0 0 0 0 0 0 0 0 0 0 0 0 0 0 0 0 0 0 0 0 0 0 0 0 0 0 0 0 0 0 0 0 0 0 0 0 0 0 0 0 0 0 0 0 0 0 0 0 0 0 0 0 0 0 0 0 0 0 0 0 0 0 0 0 0 0 0 0 0 0 0 0 0 0 0 0 0 0 0 0 0 0 0 0 0 0 0 0 0 0 0 0 0 0 0 0 0 0 0 0 0 0 0 0 0 0 0 0 0 0 0 1 0 0 249 12 0 0 1 0 0 0 0 0 0 0 0 0 0 0 2 0 0 0 0 0 19 0 2 0 0 0 112 1 0 0 255 255 255 255 2 0 1 0 0 0 0 0 data 46 0x10002 0x19f 0x50007 0x19f 0x30 0x0 0xe0002 0x0 0x130007 0x19f 0x30 0x0 0x1c0002 0x0 0x220007 0x19f 0x30 0x0 0x2b0002 0x0 0x320007 0x0 0x40 0x19f 0x390007 0x19f 0x30 0x0 0x420002 0x0 0x480005 0x0 0x16f081e0 0x19f 0x0 0x0 0x4d0007 0x125 0x50 0x7a 0x540007 0x7a 0x30 0x0 0x5d0002 0x0 oops 1 32 com/android/dx/rop/type/StdTypeList
ciMethodData com/android/dx/rop/type/Type getCategory ()I 2 1384 orig 264 8 30 108 83 0 0 0 0 192 169 63 20 0 0 0 0 96 1 0 0 0 0 0 0 0 0 0 0 0 0 0 0 0 0 0 0 0 0 0 0 0 0 0 0 0 0 0 0 0 0 0 0 0 0 0 0 0 0 0 0 0 0 0 0 0 0 0 0 0 0 0 0 0 0 0 0 0 0 0 0 77 68 79 32 101 120 116 114 97 32 100 97 116 97 32 108 111 99 107 0 0 0 0 0 0 0 0 0 0 0 0 0 0 0 0 0 0 0 0 0 0 0 0 0 0 0 0 0 0 0 0 0 0 0 0 0 0 0 0 0 0 0 0 0 0 0 0 0 0 0 0 0 0 0 0 0 0 0 0 0 0 0 0 0 0 0 0 0 0 0 0 0 0 0 0 0 0 0 0 0 0 0 0 0 0 0 0 0 0 0 0 0 0 0 0 0 0 0 0 0 0 0 0 0 0 0 0 0 0 0 0 0 0 0 0 0 0 1 0 0 65 35 0 0 1 0 0 0 0 0 0 0 0 0 0 0 2 0 0 0 0 0 6 0 1 0 0 0 64 0 0 0 255 255 255 255 8 0 4 0 0 0 0 0 data 8 0x40008 0x6 0x3 0x40 0x0 0x40 0x0 0x40 oops 0
ciMethodData com/android/dx/rop/code/RegisterSpec intern (ILcom/android/dx/rop/type/TypeBearer;Lcom/android/dx/rop/code/LocalItem;)Lcom/android/dx/rop/code/RegisterSpec; 2 6796 orig 264 8 30 108 83 0 0 0 0 112 150 73 20 0 0 0 0 104 2 0 0 144 0 0 0 0 0 0 0 0 0 0 0 0 0 0 0 0 0 0 0 0 0 0 0 0 0 0 0 0 0 0 0 0 0 0 0 0 0 0 0 0 0 0 0 0 0 0 0 0 0 0 0 0 0 0 0 0 0 0 0 77 68 79 32 101 120 116 114 97 32 100 97 116 97 32 108 111 99 107 0 0 0 0 0 0 0 0 0 0 0 0 0 0 0 0 0 0 0 0 0 0 0 0 0 0 0 0 0 0 0 0 0 0 0 0 0 0 0 0 0 0 0 0 0 0 0 0 0 0 0 0 0 0 0 0 0 0 0 0 0 0 0 0 0 0 0 0 0 0 0 0 0 0 0 0 0 0 0 0 0 0 0 0 0 0 0 0 0 0 0 0 0 0 0 0 0 0 0 0 0 0 0 0 0 0 0 0 0 0 0 0 0 0 0 0 0 135 1 0 0 41 200 0 0 1 0 0 0 0 0 0 0 0 0 0 0 2 0 0 0 0 0 21 0 2 0 0 0 16 1 0 0 255 255 255 255 5 0 12 0 0 0 0 0 data 34 0xc0005 0x0 0x1628e050 0x190f 0x0 0x0 0x150005 0x0 0x1628e100 0x190f 0x0 0x0 0x180104 0x0 0x16f07e70 0x142d 0x0 0x0 0x1f0007 0x4e2 0x20 0x142d 0x2a0005 0x0 0x1628e050 0x4e2 0x0 0x0 0x360005 0x0 0x1628e100 0x4e2 0x0 0x0 oops 5 2 com/android/dx/rop/code/RegisterSpec$ForComparison 8 java/util/HashMap 14 com/android/dx/rop/code/RegisterSpec 24 com/android/dx/rop/code/RegisterSpec$ForComparison 30 java/util/HashMap
ciMethodData com/android/dx/rop/code/RegisterSpecList <init> (I)V 2 7257 orig 264 8 30 108 83 0 0 0 0 120 135 74 20 0 0 0 0 56 1 0 0 0 0 0 0 0 0 0 0 0 0 0 0 0 0 0 0 0 0 0 0 0 0 0 0 0 0 0 0 0 0 0 0 0 0 0 0 0 0 0 0 0 0 0 0 0 0 0 0 0 0 0 0 0 0 0 0 0 0 0 0 77 68 79 32 101 120 116 114 97 32 100 97 116 97 32 108 111 99 107 0 0 0 0 0 0 0 0 0 0 0 0 0 0 0 0 0 0 0 0 0 0 0 0 0 0 0 0 0 0 0 0 0 0 0 0 0 0 0 0 0 0 0 0 0 0 0 0 0 0 0 0 0 0 0 0 0 0 0 0 0 0 0 0 0 0 0 0 0 0 0 0 0 0 0 0 0 0 0 0 0 0 0 0 0 0 0 0 0 0 0 0 0 0 0 0 0 0 0 0 0 0 0 0 0 0 0 0 0 0 0 0 0 0 0 0 0 81 1 0 0 65 216 0 0 1 0 0 0 0 0 0 0 0 0 0 0 2 0 0 0 0 0 3 0 2 0 0 0 16 0 0 0 255 255 255 255 2 0 2 0 0 0 0 0 data 2 0x20002 0x1b08 oops 0
ciMethodData com/android/dx/rop/code/RegisterSpecList get (I)Lcom/android/dx/rop/code/RegisterSpec; 2 8422 orig 264 8 30 108 83 0 0 0 0 152 138 74 20 0 0 0 0 176 1 0 0 0 0 0 0 0 0 0 0 0 0 0 0 0 0 0 0 0 0 0 0 0 0 0 0 0 0 0 0 0 0 0 0 0 0 0 0 0 0 0 0 0 0 0 0 0 0 0 0 0 0 0 0 0 0 0 0 0 0 0 0 77 68 79 32 101 120 116 114 97 32 100 97 116 97 32 108 111 99 107 0 0 0 0 0 0 0 0 0 0 0 0 0 0 0 0 0 0 0 0 0 0 0 0 0 0 0 0 0 0 0 0 0 0 0 0 0 0 0 0 0 0 0 0 0 0 0 0 0 0 0 0 0 0 0 0 0 0 0 0 0 0 0 0 0 0 0 0 0 0 0 0 0 0 0 0 0 0 0 0 0 0 0 0 0 0 0 0 0 0 0 0 0 0 0 0 0 0 0 0 0 0 0 0 0 0 0 0 0 0 0 0 0 0 0 0 0 21 1 0 0 137 254 0 0 1 0 0 0 0 0 0 0 0 0 0 0 2 0 0 0 0 0 3 0 2 0 0 0 96 0 0 0 255 255 255 255 5 0 2 0 0 0 0 0 data 12 0x20005 0x97 0x16ecd840 0x1f3a 0x0 0x0 0x50004 0x0 0x16f07e70 0x1fd2 0x0 0x0 oops 2 2 com/android/dx/rop/code/RegisterSpecList 8 com/android/dx/rop/code/RegisterSpec
ciMethodData com/android/dx/rop/code/RegisterSpecList set (ILcom/android/dx/rop/code/RegisterSpec;)V 2 4566 orig 264 8 30 108 83 0 0 0 0 136 141 74 20 0 0 0 0 136 1 0 0 0 0 0 0 0 0 0 0 0 0 0 0 0 0 0 0 0 0 0 0 0 0 0 0 0 0 0 0 0 0 0 0 0 0 0 0 0 0 0 0 0 0 0 0 0 0 0 0 0 0 0 0 0 0 0 0 0 0 0 0 77 68 79 32 101 120 116 114 97 32 100 97 116 97 32 108 111 99 107 0 0 0 0 0 0 0 0 0 0 0 0 0 0 0 0 0 0 0 0 0 0 0 0 0 0 0 0 0 0 0 0 0 0 0 0 0 0 0 0 0 0 0 0 0 0 0 0 0 0 0 0 0 0 0 0 0 0 0 0 0 0 0 0 0 0 0 0 0 0 0 0 0 0 0 0 0 0 0 0 0 0 0 0 0 0 0 0 0 0 0 0 0 0 0 0 0 0 0 0 0 0 0 0 0 0 0 0 0 0 0 0 0 0 0 0 0 199 0 0 0 121 136 0 0 1 0 0 0 0 0 0 0 0 0 0 0 2 0 0 0 0 0 12 0 2 0 0 0 48 0 0 0 255 255 255 255 5 0 3 0 0 0 0 0 data 6 0x30005 0x298 0x16ecd840 0xe78 0x0 0x0 oops 1 2 com/android/dx/rop/code/RegisterSpecList
ciMethodData com/android/dx/rop/code/Insn <init> (Lcom/android/dx/rop/code/Rop;Lcom/android/dx/rop/code/SourcePosition;Lcom/android/dx/rop/code/RegisterSpec;Lcom/android/dx/rop/code/RegisterSpecList;)V 2 5468 orig 264 8 30 108 83 0 0 0 0 32 104 70 20 0 0 0 0 224 1 0 0 96 0 0 0 0 0 0 0 0 0 0 0 0 0 0 0 0 0 0 0 0 0 0 0 0 0 0 0 0 0 0 0 0 0 0 0 0 0 0 0 0 0 0 0 0 0 0 0 0 0 0 0 0 0 0 0 0 0 0 0 77 68 79 32 101 120 116 114 97 32 100 97 116 97 32 108 111 99 107 0 0 0 0 0 0 0 0 0 0 0 0 0 0 0 0 0 0 0 0 0 0 0 0 0 0 0 0 0 0 0 0 0 0 0 0 0 0 0 0 0 0 0 0 0 0 0 0 0 0 0 0 0 0 0 0 0 0 0 0 0 0 0 0 0 0 0 0 0 0 0 0 0 0 0 0 0 0 0 0 0 0 0 0 0 0 0 0 0 0 0 0 0 0 0 0 0 0 0 0 0 0 0 0 0 0 0 0 0 0 0 0 0 0 0 0 0 135 1 0 0 169 158 0 0 1 0 0 0 0 0 0 0 0 0 0 0 2 0 0 0 0 0 9 0 2 0 0 0 160 0 0 0 255 255 255 255 2 0 1 0 0 0 0 0 data 20 0x10002 0x13d5 0x50007 0x13d7 0x30 0x0 0xe0002 0x0 0x130007 0x13d7 0x30 0x0 0x1c0002 0x0 0x220007 0x13d7 0x30 0x0 0x2b0002 0x0 oops 0
ciMethodData com/android/dx/rop/code/RegisterSpec getNextReg ()I 2 3367 orig 264 8 30 108 83 0 0 0 0 200 168 73 20 0 0 0 0 120 1 0 0 0 0 0 0 0 0 0 0 0 0 0 0 0 0 0 0 0 0 0 0 0 0 0 0 0 0 0 0 0 0 0 0 0 0 0 0 0 0 0 0 0 0 0 0 0 0 0 0 0 0 0 0 0 0 0 0 0 0 0 0 77 68 79 32 101 120 116 114 97 32 100 97 116 97 32 108 111 99 107 0 0 0 0 0 0 0 0 0 0 0 0 0 0 0 0 0 0 0 0 0 0 0 0 0 0 0 0 0 0 0 0 0 0 0 0 0 0 0 0 0 0 0 0 0 0 0 0 0 0 0 0 0 0 0 0 0 0 0 0 0 0 0 0 0 0 0 0 0 0 0 0 0 0 0 0 0 0 0 0 0 0 0 0 0 0 0 0 0 0 0 0 0 0 0 0 0 0 0 0 0 0 0 0 0 0 0 0 0 0 0 0 0 0 0 0 0 191 0 0 0 65 99 0 0 1 0 0 0 0 0 0 0 0 0 0 0 2 0 0 0 0 0 0 0 0 0 0 0 48 0 0 0 255 255 255 255 5 0 5 0 0 0 0 0 data 6 0x50005 0x6 0x16f07e70 0xc62 0x0 0x0 oops 1 2 com/android/dx/rop/code/RegisterSpec
ciMethodData com/android/dx/rop/code/RegisterSpec getCategory ()I 2 10443 orig 264 8 30 108 83 0 0 0 0 112 169 73 20 0 0 0 0 168 1 0 0 0 0 0 0 0 0 0 0 0 0 0 0 0 0 0 0 0 0 0 0 0 0 0 0 0 0 0 0 0 0 0 0 0 0 0 0 0 0 0 0 0 0 0 0 0 0 0 0 0 0 0 0 0 0 0 0 0 0 0 0 77 68 79 32 101 120 116 114 97 32 100 97 116 97 32 108 111 99 107 0 0 0 0 0 0 0 0 0 0 0 0 0 0 0 0 0 0 0 0 0 0 0 0 0 0 0 0 0 0 0 0 0 0 0 0 0 0 0 0 0 0 0 0 0 0 0 0 0 0 0 0 0 0 0 0 0 0 0 0 0 0 0 0 0 0 0 0 0 0 0 0 0 0 0 0 0 0 0 0 0 0 0 0 0 0 0 0 0 0 0 0 0 0 0 0 0 0 0 0 0 0 0 0 0 0 0 0 0 0 0 0 0 0 0 0 0 164 1 0 0 57 57 1 0 1 0 0 0 0 0 0 0 0 0 0 0 2 0 0 0 0 0 3 0 2 0 0 0 96 0 0 0 255 255 255 255 5 0 4 0 0 0 0 0 data 12 0x40005 0x1e2 0x16f07f20 0x229a 0x16f08080 0x2af 0x90005 0x11 0x16f07f20 0x271e 0x0 0x0 oops 3 2 com/android/dx/rop/type/Type 4 com/android/dx/rop/cst/CstInteger 8 com/android/dx/rop/type/Type
ciMethodData com/android/dx/rop/code/RegisterSpec makeLocalOptional (ILcom/android/dx/rop/type/TypeBearer;Lcom/android/dx/rop/code/LocalItem;)Lcom/android/dx/rop/code/RegisterSpec; 2 4782 orig 264 8 30 108 83 0 0 0 0 240 152 73 20 0 0 0 0 104 1 0 0 0 0 0 0 0 0 0 0 0 0 0 0 0 0 0 0 0 0 0 0 0 0 0 0 0 0 0 0 0 0 0 0 0 0 0 0 0 0 0 0 0 0 0 0 0 0 0 0 0 0 0 0 0 0 0 0 0 0 0 0 77 68 79 32 101 120 116 114 97 32 100 97 116 97 32 108 111 99 107 0 0 0 0 0 0 0 0 0 0 0 0 0 0 0 0 0 0 0 0 0 0 0 0 0 0 0 0 0 0 0 0 0 0 0 0 0 0 0 0 0 0 0 0 0 0 0 0 0 0 0 0 0 0 0 0 0 0 0 0 0 0 0 0 0 0 0 0 0 0 0 0 0 0 0 0 0 0 0 0 0 0 0 0 0 0 0 0 0 0 0 0 0 0 0 0 0 0 0 0 0 0 0 0 0 0 0 0 0 0 0 0 0 0 0 0 0 128 1 0 0 113 137 0 0 1 0 0 0 0 0 0 0 0 0 0 0 2 0 0 0 0 0 3 0 2 0 0 0 16 0 0 0 255 255 255 255 2 0 3 0 0 0 0 0 data 2 0x30002 0x112e oops 0
ciMethodData com/android/dx/rop/code/RegisterSpec withReg (I)Lcom/android/dx/rop/code/RegisterSpec; 2 4584 orig 264 8 30 108 83 0 0 0 0 16 174 73 20 0 0 0 0 128 1 0 0 0 0 0 0 0 0 0 0 0 0 0 0 0 0 0 0 0 0 0 0 0 0 0 0 0 0 0 0 0 0 0 0 0 0 0 0 0 0 0 0 0 0 0 0 0 0 0 0 0 0 0 0 0 0 0 0 0 0 0 0 77 68 79 32 101 120 116 114 97 32 100 97 116 97 32 108 111 99 107 0 0 0 0 0 0 0 0 0 0 0 0 0 0 0 0 0 0 0 0 0 0 0 0 0 0 0 0 0 0 0 0 0 0 0 0 0 0 0 0 0 0 0 0 0 0 0 0 0 0 0 0 0 0 0 0 0 0 0 0 0 0 0 0 0 0 0 0 0 0 0 0 0 0 0 0 0 0 0 0 0 0 0 0 0 0 0 0 0 0 0 0 0 0 0 0 0 0 0 0 0 0 0 0 0 0 0 0 0 0 0 0 0 0 0 0 0 170 1 0 0 241 129 0 0 1 0 0 0 0 0 0 0 0 0 0 0 2 0 0 0 0 0 5 0 2 0 0 0 48 0 0 0 255 255 255 255 7 0 5 0 0 0 0 0 data 6 0x50007 0xe0c 0x20 0x233 0x130002 0xe0d oops 0
ciMethodData com/android/dx/rop/code/RegisterSpec make (ILcom/android/dx/rop/type/TypeBearer;)Lcom/android/dx/rop/code/RegisterSpec; 2 2174 orig 264 8 30 108 83 0 0 0 0 72 151 73 20 0 0 0 0 96 1 0 0 0 0 0 0 0 0 0 0 0 0 0 0 0 0 0 0 0 0 0 0 0 0 0 0 0 0 0 0 0 0 0 0 0 0 0 0 0 0 0 0 0 0 0 0 0 0 0 0 0 0 0 0 0 0 0 0 0 0 0 0 77 68 79 32 101 120 116 114 97 32 100 97 116 97 32 108 111 99 107 0 0 0 0 0 0 0 0 0 0 0 0 0 0 0 0 0 0 0 0 0 0 0 0 0 0 0 0 0 0 0 0 0 0 0 0 0 0 0 0 0 0 0 0 0 0 0 0 0 0 0 0 0 0 0 0 0 0 0 0 0 0 0 0 0 0 0 0 0 0 0 0 0 0 0 0 0 0 0 0 0 0 0 0 0 0 0 0 0 0 0 0 0 0 0 0 0 0 0 0 0 0 0 0 0 0 0 0 0 0 0 0 0 0 0 0 0 8 1 0 0 177 59 0 0 1 0 0 0 0 0 0 0 0 0 0 0 2 0 0 0 0 0 3 0 2 0 0 0 16 0 0 0 255 255 255 255 2 0 3 0 0 0 0 0 data 2 0x30002 0x776 oops 0
ciMethodData com/android/dx/rop/code/PlainInsn <init> (Lcom/android/dx/rop/code/Rop;Lcom/android/dx/rop/code/SourcePosition;Lcom/android/dx/rop/code/RegisterSpec;Lcom/android/dx/rop/code/RegisterSpecList;)V 2 3265 orig 264 8 30 108 83 0 0 0 0 224 128 70 20 0 0 0 0 120 2 0 0 128 0 0 0 0 0 0 0 0 0 0 0 0 0 0 0 0 0 0 0 0 0 0 0 0 0 0 0 0 0 0 0 0 0 0 0 0 0 0 0 0 0 0 0 0 0 0 0 0 0 0 0 0 0 0 0 0 0 0 0 77 68 79 32 101 120 116 114 97 32 100 97 116 97 32 108 111 99 107 0 0 0 0 0 0 0 0 0 0 0 0 0 0 0 0 0 0 0 0 0 0 0 0 0 0 0 0 0 0 0 0 0 0 0 0 0 0 0 0 0 0 0 0 0 0 0 0 0 0 0 0 0 0 0 0 0 0 0 0 0 0 0 0 0 0 0 0 0 0 0 0 0 0 0 0 0 0 0 0 0 0 0 0 0 0 0 0 0 0 0 0 0 0 0 0 0 0 0 0 0 0 0 0 0 0 0 0 0 0 0 0 0 0 0 0 0 1 2 0 0 249 85 0 0 1 0 0 0 0 0 0 0 0 0 0 0 2 0 0 0 0 0 11 0 2 0 0 0 16 1 0 0 255 255 255 255 2 0 6 0 0 0 0 0 data 34 0x60002 0xabf 0xa0005 0x1a0 0x16290920 0x920 0x0 0x0 0xd0008 0x6 0x1a0 0x50 0x0 0x40 0x0 0x40 0x2e0002 0x0 0x330007 0x48e 0x80 0x632 0x370005 0xd0 0x16290920 0x562 0x0 0x0 0x3b0007 0x632 0x30 0x0 0x440002 0x0 oops 2 4 com/android/dx/rop/code/Rop 24 com/android/dx/rop/code/Rop
ciMethodData com/android/dx/rop/code/RegisterSpecList withoutFirst ()Lcom/android/dx/rop/code/RegisterSpecList; 1 2 orig 264 8 30 108 83 0 0 0 0 248 144 74 20 0 0 0 0 192 2 0 0 80 0 0 0 0 0 0 0 0 0 0 0 0 0 0 0 0 0 0 0 0 0 0 0 0 0 0 0 0 0 0 0 0 0 0 0 0 0 0 0 0 0 0 0 0 0 0 0 0 0 0 0 0 0 0 0 0 0 0 0 77 68 79 32 101 120 116 114 97 32 100 97 116 97 32 108 111 99 107 0 0 0 0 0 0 0 0 0 0 0 0 0 0 0 0 0 0 0 0 0 0 0 0 0 0 0 0 0 0 0 0 0 0 0 0 0 0 0 0 0 0 0 0 0 0 0 0 0 0 0 0 0 0 0 0 0 0 0 0 0 0 0 0 0 0 0 0 0 0 0 0 0 0 0 0 0 0 0 0 0 0 0 0 0 0 0 0 0 0 0 0 0 0 0 0 0 0 0 0 0 0 0 0 0 0 0 0 0 0 0 0 0 0 0 0 0 0 0 0 0 17 0 0 0 9 0 0 0 0 0 0 0 0 0 0 0 2 0 0 0 0 0 0 0 0 0 0 0 120 1 0 0 255 255 255 255 5 0 1 0 0 0 0 0 data 47 0x10005 0x2 0x0 0x0 0x0 0x0 0x80007 0x2 0x20 0x0 0x140002 0x2 0x1c0007 0x2 0x98 0x2 0x250005 0x2 0x0 0x0 0x0 0x0 0x280005 0x2 0x0 0x0 0x0 0x0 0x2e0003 0x2 0xffffffffffffff80 0x320005 0x2 0x0 0x0 0x0 0x0 0x350007 0x0 0x50 0x2 0x390005 0x0 0x16ecd840 0x2 0x0 0x0 oops 1 43 com/android/dx/rop/code/RegisterSpecList
ciMethodData com/android/dx/rop/code/RegisterSpecList withoutLast ()Lcom/android/dx/rop/code/RegisterSpecList; 1 3 orig 264 8 30 108 83 0 0 0 0 24 146 74 20 0 0 0 0 192 2 0 0 80 0 0 0 0 0 0 0 0 0 0 0 0 0 0 0 0 0 0 0 0 0 0 0 0 0 0 0 0 0 0 0 0 0 0 0 0 0 0 0 0 0 0 0 0 0 0 0 0 0 0 0 0 0 0 0 0 0 0 0 77 68 79 32 101 120 116 114 97 32 100 97 116 97 32 108 111 99 107 0 0 0 0 0 0 0 0 0 0 0 0 0 0 0 0 0 0 0 0 0 0 0 0 0 0 0 0 0 0 0 0 0 0 0 0 0 0 0 0 0 0 0 0 0 0 0 0 0 0 0 0 0 0 0 0 0 0 0 0 0 0 0 0 0 0 0 0 0 0 0 0 0 0 0 0 0 0 0 0 0 0 0 0 0 0 0 0 0 0 0 0 0 0 0 0 0 0 0 0 0 0 0 0 0 0 0 0 0 0 0 0 0 0 0 0 0 0 0 0 0 25 0 0 0 17 0 0 0 0 0 0 0 0 0 0 0 2 0 0 0 0 0 0 0 0 0 0 0 120 1 0 0 255 255 255 255 5 0 1 0 0 0 0 0 data 47 0x10005 0x3 0x0 0x0 0x0 0x0 0x80007 0x3 0x20 0x0 0x140002 0x3 0x1c0007 0x3 0x98 0x3 0x230005 0x3 0x0 0x0 0x0 0x0 0x260005 0x3 0x0 0x0 0x0 0x0 0x2c0003 0x3 0xffffffffffffff80 0x300005 0x3 0x0 0x0 0x0 0x0 0x330007 0x0 0x50 0x3 0x370005 0x0 0x16ecd840 0x3 0x0 0x0 oops 1 43 com/android/dx/rop/code/RegisterSpecList
ciMethodData com/android/dx/rop/code/DexTranslationAdvice hasConstantOperation (Lcom/android/dx/rop/code/Rop;Lcom/android/dx/rop/code/RegisterSpec;Lcom/android/dx/rop/code/RegisterSpec;)Z 1 69 orig 264 8 30 108 83 0 0 0 0 176 157 69 20 0 0 0 0 208 5 0 0 160 3 0 0 0 0 0 0 0 0 0 0 0 0 0 0 0 0 0 0 0 0 0 0 0 0 0 0 0 0 0 0 0 0 0 0 0 0 0 0 0 0 0 0 0 0 0 0 0 0 0 0 0 0 0 0 0 0 0 0 77 68 79 32 101 120 116 114 97 32 100 97 116 97 32 108 111 99 107 0 0 0 0 0 0 0 0 0 0 0 0 0 0 0 0 0 0 0 0 0 0 0 0 0 0 0 0 0 0 0 0 0 0 0 0 0 0 0 0 0 0 0 0 0 0 0 0 0 0 0 0 0 0 0 0 0 0 0 0 0 0 0 0 0 0 0 0 0 0 0 0 0 0 0 0 0 0 0 0 0 0 0 0 0 0 0 0 0 0 0 0 0 0 0 0 0 0 0 0 0 0 0 0 0 0 0 0 0 0 0 0 0 0 0 0 0 6 0 0 0 249 1 0 0 1 0 0 0 0 0 0 0 0 0 0 0 2 0 0 0 0 0 0 0 0 0 0 0 112 4 0 0 255 255 255 255 5 0 1 0 0 0 0 0 data 142 0x10005 0x3f 0x0 0x0 0x0 0x0 0x70007 0x25 0x20 0x1a 0xd0005 0x25 0x0 0x0 0x0 0x0 0x100004 0xffffffffffffffde 0x16f07f20 0x22 0x16f08080 0x3 0x130007 0x3 0x180 0x22 0x170005 0x22 0x0 0x0 0x0 0x0 0x1a0004 0xffffffffffffffe0 0x16f07f20 0x20 0x16f08080 0x2 0x1d0007 0x20 0x100 0x2 0x210005 0x2 0x0 0x0 0x0 0x0 0x260007 0x0 0xb0 0x2 0x2a0005 0x2 0x0 0x0 0x0 0x0 0x2d0004 0x0 0x16f08080 0x2 0x0 0x0 0x340005 0x0 0x16f08080 0x2 0x0 0x0 0x3b0005 0x3 0x0 0x0 0x0 0x0 0x3e0004 0x0 0x16f08080 0x3 0x0 0x0 0x440005 0x3 0x0 0x0 0x0 0x0 0x470008 0x1a 0x0 0x1b0 0x0 0xe0 0x0 0x140 0x1 0xe0 0x0 0xe0 0x0 0xe0 0x0 0x1b0 0x2 0xe0 0x0 0xe0 0x0 0xe0 0x0 0x110 0x0 0x110 0x0 0x110 0x860005 0x0 0x16f08080 0x3 0x0 0x0 0x8c0005 0x0 0x0 0x0 0x0 0x0 0x920005 0x0 0x0 0x0 0x0 0x0 0x960002 0x0 0x9d0005 0x0 0x0 0x0 0x0 0x0 oops 8 18 com/android/dx/rop/type/Type 20 com/android/dx/rop/cst/CstInteger 34 com/android/dx/rop/type/Type 36 com/android/dx/rop/cst/CstInteger 60 com/android/dx/rop/cst/CstInteger 66 com/android/dx/rop/cst/CstInteger 78 com/android/dx/rop/cst/CstInteger 118 com/android/dx/rop/cst/CstInteger
ciMethodData com/android/dx/rop/code/RegisterSpecList make (Lcom/android/dx/rop/code/RegisterSpec;Lcom/android/dx/rop/code/RegisterSpec;)Lcom/android/dx/rop/code/RegisterSpecList; 1 1 orig 264 8 30 108 83 0 0 0 0 240 132 74 20 0 0 0 0 192 1 0 0 0 0 0 0 0 0 0 0 0 0 0 0 0 0 0 0 0 0 0 0 0 0 0 0 0 0 0 0 0 0 0 0 0 0 0 0 0 0 0 0 0 0 0 0 0 0 0 0 0 0 0 0 0 0 0 0 0 0 0 0 77 68 79 32 101 120 116 114 97 32 100 97 116 97 32 108 111 99 107 0 0 0 0 0 0 0 0 0 0 0 0 0 0 0 0 0 0 0 0 0 0 0 0 0 0 0 0 0 0 0 0 0 0 0 0 0 0 0 0 0 0 0 0 0 0 0 0 0 0 0 0 0 0 0 0 0 0 0 0 0 0 0 0 0 0 0 0 0 0 0 0 0 0 0 0 0 0 0 0 0 0 0 0 0 0 0 0 0 0 0 0 0 0 0 0 0 0 0 0 0 0 0 0 0 0 0 0 0 0 0 0 0 0 0 0 0 0 0 0 0 9 0 0 0 1 0 0 0 0 0 0 0 0 0 0 0 2 0 0 0 0 0 0 0 0 0 0 0 112 0 0 0 255 255 255 255 2 0 5 0 0 0 0 0 data 14 0x50002 0x1 0xc0005 0x1 0x0 0x0 0x0 0x0 0x120005 0x1 0x0 0x0 0x0 0x0 oops 0
ciMethodData com/android/dx/rop/code/CstInsn <init> (Lcom/android/dx/rop/code/Rop;Lcom/android/dx/rop/code/SourcePosition;Lcom/android/dx/rop/code/RegisterSpec;Lcom/android/dx/rop/code/RegisterSpecList;Lcom/android/dx/rop/cst/Constant;)V 2 1892 orig 264 8 30 108 83 0 0 0 0 56 162 70 20 0 0 0 0 136 1 0 0 0 0 0 0 0 0 0 0 0 0 0 0 0 0 0 0 0 0 0 0 0 0 0 0 0 0 0 0 0 0 0 0 0 0 0 0 0 0 0 0 0 0 0 0 0 0 0 0 0 0 0 0 0 0 0 0 0 0 0 0 77 68 79 32 101 120 116 114 97 32 100 97 116 97 32 108 111 99 107 0 0 0 0 0 0 0 0 0 0 0 0 0 0 0 0 0 0 0 0 0 0 0 0 0 0 0 0 0 0 0 0 0 0 0 0 0 0 0 0 0 0 0 0 0 0 0 0 0 0 0 0 0 0 0 0 0 0 0 0 0 0 0 0 0 0 0 0 0 0 0 0 0 0 0 0 0 0 0 0 0 0 0 0 0 0 0 0 0 0 0 0 0 0 0 0 0 0 0 0 0 0 0 0 0 0 0 0 0 0 0 0 0 0 0 0 0 0 2 0 0 33 43 0 0 1 0 0 0 0 0 0 0 0 0 0 0 2 0 0 0 0 0 5 0 2 0 0 0 64 0 0 0 255 255 255 255 2 0 6 0 0 0 0 0 data 8 0x60002 0x564 0xb0007 0x563 0x30 0x0 0x140002 0x0 oops 0
ciMethodData com/android/dx/rop/code/Rop canThrow ()Z 2 1754 orig 264 8 30 108 83 0 0 0 0 80 109 74 20 0 0 0 0 176 1 0 0 0 0 0 0 0 0 0 0 0 0 0 0 0 0 0 0 0 0 0 0 0 0 0 0 0 0 0 0 0 0 0 0 0 0 0 0 0 0 0 0 0 0 0 0 0 0 0 0 0 0 0 0 0 0 0 0 0 0 0 0 77 68 79 32 101 120 116 114 97 32 100 97 116 97 32 108 111 99 107 0 0 0 0 0 0 0 0 0 0 0 0 0 0 0 0 0 0 0 0 0 0 0 0 0 0 0 0 0 0 0 0 0 0 0 0 0 0 0 0 0 0 0 0 0 0 0 0 0 0 0 0 0 0 0 0 0 0 0 0 0 0 0 0 0 0 0 0 0 0 0 0 0 0 0 0 0 0 0 0 0 0 0 0 0 0 0 0 0 0 0 0 0 0 0 0 0 0 0 0 0 0 0 0 0 0 0 0 0 0 0 0 0 0 0 0 0 0 2 0 0 209 38 0 0 1 0 0 0 0 0 0 0 0 0 0 0 2 0 0 0 0 0 6 0 2 0 0 0 104 0 0 0 255 255 255 255 5 0 4 0 0 0 0 0 data 13 0x40005 0x0 0x16f081e0 0x4da 0x0 0x0 0x90007 0x291 0x38 0x249 0xd0003 0x249 0x18 oops 1 2 com/android/dx/rop/type/StdTypeList
ciMethodData com/android/dx/cf/code/LineNumberList pcToLine (I)I 2 8323 orig 264 8 30 108 83 0 0 0 0 112 41 65 20 0 0 0 0 192 2 0 0 0 0 0 0 0 0 0 0 0 0 0 0 0 0 0 0 0 0 0 0 0 0 0 0 0 0 0 0 0 0 0 0 0 0 0 0 0 0 0 0 0 0 0 0 0 0 0 0 0 0 0 0 0 0 0 0 0 0 0 0 77 68 79 32 101 120 116 114 97 32 100 97 116 97 32 108 111 99 107 0 0 0 0 0 0 0 0 0 0 0 0 0 0 0 0 0 0 0 0 0 0 0 0 0 0 0 0 0 0 0 0 0 0 0 0 0 0 0 0 0 0 0 0 0 0 0 0 0 0 0 0 0 0 0 0 0 0 0 0 0 0 0 0 0 0 0 0 0 0 0 0 0 0 0 0 0 0 0 0 0 0 0 0 0 0 0 0 0 0 0 0 0 0 0 0 0 0 0 0 0 0 0 0 0 0 0 0 0 0 0 0 0 0 0 0 0 0 8 0 0 25 22 0 0 25 196 0 0 0 0 0 0 0 0 0 0 2 0 0 0 1 0 14 0 2 0 0 0 112 1 0 0 255 255 255 255 5 0 1 0 0 0 0 0 data 46 0x10005 0x211 0x16ed1d50 0xb2 0x0 0x0 0x100007 0x239 0x140 0x190a 0x160005 0x136d 0x16ed1d50 0x59d 0x0 0x0 0x1d0005 0x0 0x16ed22f0 0x1909 0x0 0x0 0x250007 0x624 0xa8 0x12e4 0x2b0007 0x0 0x88 0x12e6 0x330005 0x0 0x16ed22f0 0x12e6 0x0 0x0 0x3a0007 0x125c 0x38 0x8a 0x3d0003 0x8a 0x30 0x430003 0x187f 0xfffffffffffffed8 oops 4 2 com/android/dx/cf/code/LineNumberList 12 com/android/dx/cf/code/LineNumberList 18 com/android/dx/cf/code/LineNumberList$Item 32 com/android/dx/cf/code/LineNumberList$Item
ciMethodData com/android/dx/cf/code/BaseMachine arg (I)Lcom/android/dx/rop/type/TypeBearer; 1 1496 orig 264 8 30 108 83 0 0 0 0 32 221 71 20 0 0 0 0 104 1 0 0 32 0 0 0 0 0 0 0 0 0 0 0 0 0 0 0 0 0 0 0 0 0 0 0 0 0 0 0 0 0 0 0 0 0 0 0 0 0 0 0 0 0 0 0 0 0 0 0 0 0 0 0 0 0 0 0 0 0 0 0 77 68 79 32 101 120 116 114 97 32 100 97 116 97 32 108 111 99 107 0 0 0 0 0 0 0 0 0 0 0 0 0 0 0 0 0 0 0 0 0 0 0 0 0 0 0 0 0 0 0 0 0 0 0 0 0 0 0 0 0 0 0 0 0 0 0 0 0 0 0 0 0 0 0 0 0 0 0 0 0 0 0 0 0 0 0 0 0 0 0 0 0 0 0 0 0 0 0 0 0 0 0 0 0 0 0 0 0 0 0 0 0 0 0 0 0 0 0 0 0 0 0 0 0 0 0 0 0 0 0 0 0 0 0 0 0 0 2 0 0 193 30 0 0 1 0 0 0 0 0 0 0 0 0 0 0 2 0 0 0 0 0 7 0 2 0 0 0 64 0 0 0 255 255 255 255 7 0 5 0 0 0 0 0 data 8 0x50007 0x3d8 0x30 0x0 0xe0002 0x0 0x200002 0x0 oops 0
ciMethodData com/android/dx/rop/code/ThrowingCstInsn <init> (Lcom/android/dx/rop/code/Rop;Lcom/android/dx/rop/code/SourcePosition;Lcom/android/dx/rop/code/RegisterSpecList;Lcom/android/dx/rop/type/TypeList;Lcom/android/dx/rop/cst/Constant;)V 1 1428 orig 264 8 30 108 83 0 0 0 0 136 171 70 20 0 0 0 0 16 2 0 0 96 0 0 0 0 0 0 0 0 0 0 0 0 0 0 0 0 0 0 0 0 0 0 0 0 0 0 0 0 0 0 0 0 0 0 0 0 0 0 0 0 0 0 0 0 0 0 0 0 0 0 0 0 0 0 0 0 0 0 0 77 68 79 32 101 120 116 114 97 32 100 97 116 97 32 108 111 99 107 0 0 0 0 0 0 0 0 0 0 0 0 0 0 0 0 0 0 0 0 0 0 0 0 0 0 0 0 0 0 0 0 0 0 0 0 0 0 0 0 0 0 0 0 0 0 0 0 0 0 0 0 0 0 0 0 0 0 0 0 0 0 0 0 0 0 0 0 0 0 0 0 0 0 0 0 0 0 0 0 0 0 0 0 0 0 0 0 0 0 0 0 0 0 0 0 0 0 0 0 0 0 0 0 0 0 0 0 0 0 0 0 0 0 0 0 0 0 2 0 0 161 28 0 0 1 0 0 0 0 0 0 0 0 0 0 0 2 0 0 0 0 0 10 0 2 0 0 0 160 0 0 0 255 255 255 255 2 0 7 0 0 0 0 0 data 20 0x70002 0x394 0xb0005 0x1a7 0x16290920 0x1ed 0x0 0x0 0x100007 0x394 0x30 0x0 0x190002 0x0 0x1f0007 0x394 0x30 0x0 0x280002 0x0 oops 1 4 com/android/dx/rop/code/Rop
ciMethodData com/android/dx/rop/cst/CstInteger getValue ()I 1 475 orig 264 8 30 108 83 0 0 0 0 216 237 62 20 0 0 0 0 120 1 0 0 0 0 0 0 0 0 0 0 0 0 0 0 0 0 0 0 0 0 0 0 0 0 0 0 0 0 0 0 0 0 0 0 0 0 0 0 0 0 0 0 0 0 0 0 0 0 0 0 0 0 0 0 0 0 0 0 0 0 0 0 77 68 79 32 101 120 116 114 97 32 100 97 116 97 32 108 111 99 107 0 0 0 0 0 0 0 0 0 0 0 0 0 0 0 0 0 0 0 0 0 0 0 0 0 0 0 0 0 0 0 0 0 0 0 0 0 0 0 0 0 0 0 0 0 0 0 0 0 0 0 0 0 0 0 0 0 0 0 0 0 0 0 0 0 0 0 0 0 0 0 0 0 0 0 0 0 0 0 0 0 0 0 0 0 0 0 0 0 0 0 0 0 0 0 0 0 0 0 0 0 0 0 0 0 0 0 0 0 0 0 0 0 0 0 0 0 213 0 0 0 49 8 0 0 1 0 0 0 0 0 0 0 0 0 0 0 2 0 0 0 0 0 0 0 0 0 0 0 48 0 0 0 255 255 255 255 5 0 1 0 0 0 0 0 data 6 0x10005 0xd5 0x16f08080 0x31 0x0 0x0 oops 1 2 com/android/dx/rop/cst/CstInteger
ciMethodData com/android/dx/cf/code/ConcreteMethod makeSourcePosistion (I)Lcom/android/dx/rop/code/SourcePosition; 1 1111 orig 264 8 30 108 83 0 0 0 0 144 132 69 20 0 0 0 0 144 1 0 0 0 0 0 0 0 0 0 0 0 0 0 0 0 0 0 0 0 0 0 0 0 0 0 0 0 0 0 0 0 0 0 0 0 0 0 0 0 0 0 0 0 0 0 0 0 0 0 0 0 0 0 0 0 0 0 0 0 0 0 0 77 68 79 32 101 120 116 114 97 32 100 97 116 97 32 108 111 99 107 0 0 0 0 0 0 0 0 0 0 0 0 0 0 0 0 0 0 0 0 0 0 0 0 0 0 0 0 0 0 0 0 0 0 0 0 0 0 0 0 0 0 0 0 0 0 0 0 0 0 0 0 0 0 0 0 0 0 0 0 0 0 0 0 0 0 0 0 0 0 0 0 0 0 0 0 0 0 0 0 0 0 0 0 0 0 0 0 0 0 0 0 0 0 0 0 0 0 0 0 0 0 0 0 0 0 0 0 0 0 0 0 0 0 0 0 0 0 2 0 0 185 18 0 0 1 0 0 0 0 0 0 0 0 0 0 0 2 0 0 0 0 0 0 0 0 0 0 0 64 0 0 0 255 255 255 255 5 0 14 0 0 0 0 0 data 8 0xe0005 0x257 0x0 0x0 0x0 0x0 0x110002 0x257 oops 0
ciMethodData com/android/dx/rop/code/SourcePosition <init> (Lcom/android/dx/rop/cst/CstString;II)V 1 1111 orig 264 8 30 108 83 0 0 0 0 224 36 73 20 0 0 0 0 168 1 0 0 48 0 0 0 0 0 0 0 0 0 0 0 0 0 0 0 0 0 0 0 0 0 0 0 0 0 0 0 0 0 0 0 0 0 0 0 0 0 0 0 0 0 0 0 0 0 0 0 0 0 0 0 0 0 0 0 0 0 0 0 77 68 79 32 101 120 116 114 97 32 100 97 116 97 32 108 111 99 107 0 0 0 0 0 0 0 0 0 0 0 0 0 0 0 0 0 0 0 0 0 0 0 0 0 0 0 0 0 0 0 0 0 0 0 0 0 0 0 0 0 0 0 0 0 0 0 0 0 0 0 0 0 0 0 0 0 0 0 0 0 0 0 0 0 0 0 0 0 0 0 0 0 0 0 0 0 0 0 0 0 0 0 0 0 0 0 0 0 0 0 0 0 0 0 0 0 0 0 0 0 0 0 0 0 0 0 0 0 0 0 0 0 0 0 0 0 0 2 0 0 185 18 0 0 1 0 0 0 0 0 0 0 0 0 0 0 2 0 0 0 0 0 0 0 0 0 0 0 112 0 0 0 255 255 255 255 2 0 1 0 0 0 0 0 data 14 0x10002 0x257 0x60007 0x257 0x30 0x0 0xf0002 0x0 0x150007 0x257 0x30 0x0 0x1e0002 0x0 oops 0
ciMethodData com/android/dx/cf/code/BaseMachine getLocalTarget (Z)Lcom/android/dx/rop/code/RegisterSpec; 1 1089 orig 264 8 30 108 83 0 0 0 0 184 227 71 20 0 0 0 0 8 4 0 0 88 2 0 0 0 0 0 0 0 0 0 0 0 0 0 0 0 0 0 0 0 0 0 0 0 0 0 0 0 0 0 0 0 0 0 0 0 0 0 0 0 0 0 0 0 0 0 0 0 0 0 0 0 0 0 0 0 0 0 0 77 68 79 32 101 120 116 114 97 32 100 97 116 97 32 108 111 99 107 0 0 0 0 0 0 0 0 0 0 0 0 0 0 0 0 0 0 0 0 0 0 0 0 0 0 0 0 0 0 0 0 0 0 0 0 0 0 0 0 0 0 0 0 0 0 0 0 0 0 0 0 0 0 0 0 0 0 0 0 0 0 0 0 0 0 0 0 0 0 0 0 0 0 0 0 0 0 0 0 0 0 0 0 0 0 0 0 0 0 0 0 0 0 0 0 0 0 0 0 0 0 0 0 0 0 0 0 0 0 0 0 0 0 0 0 0 3 2 0 0 241 17 0 0 1 0 0 0 0 0 0 0 0 0 0 0 2 0 0 0 0 0 19 0 2 0 0 0 184 2 0 0 255 255 255 255 7 0 4 0 0 0 0 0 data 87 0x40007 0x2a 0x20 0x214 0xe0007 0x2a 0x138 0x0 0x190002 0x0 0x1e0005 0x0 0x0 0x0 0x0 0x0 0x250007 0x0 0x38 0x0 0x2a0003 0x0 0x18 0x2f0005 0x0 0x0 0x0 0x0 0x0 0x340005 0x0 0x0 0x0 0x0 0x0 0x370005 0x0 0x0 0x0 0x0 0x0 0x3a0002 0x0 0x460005 0x6 0x16f07f20 0x22 0x16ed06c0 0x2 0x500005 0xc 0x16f07e70 0x1e 0x0 0x0 0x580007 0x2 0x70 0x28 0x5c0007 0x17 0x50 0x11 0x640005 0x4 0x16f07e70 0xd 0x0 0x0 0x700002 0x2 0x730007 0x2 0x30 0x0 0x790002 0x0 0x830007 0x2 0x50 0x0 0x8c0005 0x0 0x0 0x0 0x0 0x0 oops 4 45 com/android/dx/rop/type/Type 47 com/android/dx/rop/cst/CstType 51 com/android/dx/rop/code/RegisterSpec 65 com/android/dx/rop/code/RegisterSpec
ciMethodData com/android/dx/cf/code/RopperMachine run (Lcom/android/dx/cf/code/Frame;II)V 1 1049 orig 264 8 30 108 83 0 0 0 0 208 163 71 20 0 0 0 0 104 26 0 0 8 24 0 0 0 0 0 0 0 0 0 0 0 0 0 0 0 0 0 0 0 0 0 0 0 0 0 0 0 0 0 0 0 0 0 0 0 0 0 0 0 0 0 0 0 0 0 0 0 0 0 0 0 0 0 0 0 0 0 0 77 68 79 32 101 120 116 114 97 32 100 97 116 97 32 108 111 99 107 0 0 0 0 0 0 0 0 0 0 0 0 0 0 0 0 0 0 0 0 0 0 0 0 0 0 0 0 0 0 0 0 0 0 0 0 0 0 0 0 0 0 0 0 0 0 0 0 0 0 0 0 0 0 0 0 0 0 0 0 0 0 0 0 0 0 0 0 0 0 0 0 0 0 0 0 0 0 0 0 0 0 0 0 0 0 0 0 0 0 0 0 0 0 0 0 0 0 0 0 0 0 0 0 0 0 0 0 0 0 0 0 0 0 0 0 0 1 2 0 0 193 16 0 0 41 5 0 0 0 0 0 0 0 0 0 0 2 0 0 0 0 0 0 0 0 0 0 0 216 24 0 0 255 255 255 255 5 0 5 0 0 0 0 0 data 795 0x50005 0x218 0x0 0x0 0x0 0x0 0x80005 0x218 0x0 0x0 0x0 0x0 0x120002 0x218 0x190005 0x218 0x0 0x0 0x0 0x0 0x220002 0x218 0x2a0005 0x218 0x0 0x0 0x0 0x0 0x330007 0x206 0x38 0x12 0x370003 0x12 0x18 0x3b0005 0x218 0x0 0x0 0x0 0x0 0x410005 0x218 0x0 0x0 0x0 0x0 0x480007 0x190 0x78 0x88 0x4f0008 0x6 0x88 0x40 0x0 0x40 0x0 0x40 0x690003 0x88 0x3e8 0x6e0007 0x17b 0x38 0x15 0x750003 0x15 0x3b0 0x7b0007 0x36 0x78 0x145 0x820005 0x145 0x0 0x0 0x0 0x0 0x850002 0x145 0x8a0003 0x145 0x338 0x910005 0x36 0x0 0x0 0x0 0x0 0xa40007 0x36 0x178 0x36 0xab0005 0x36 0x0 0x0 0x0 0x0 0xb20005 0x36 0x0 0x0 0x0 0x0 0xbb0005 0x36 0x0 0x0 0x0 0x0 0xca0002 0x36 0xd30002 0x36 0xd60005 0x0 0x16f07dc0 0x36 0x0 0x0 0xe00004 0x0 0x16f07e70 0x36 0x0 0x0 0xe50005 0x36 0x0 0x0 0x0 0x0 0xee0003 0x36 0xfffffffffffffea0 0xf20005 0x36 0x0 0x0 0x0 0x0 0xf90007 0x36 0x148 0x6c 0x10e0005 0x6c 0x0 0x0 0x0 0x0 0x11d0002 0x6c 0x1260005 0x6c 0x0 0x0 0x0 0x0 0x12b0002 0x6c 0x12e0005 0x0 0x16f07dc0 0x6c 0x0 0x0 0x1360005 0x0 0x16f07f20 0x6c 0x0 0x0 0x13b0005 0x6c 0x0 0x0 0x0 0x0 0x1470003 0x6c 0xfffffffffffffed0 0x14d0007 0x88 0x38 0x15a 0x1520003 0x15a 0x18 0x15b0005 0x1e2 0x0 0x0 0x0 0x0 0x1640007 0x1e2 0x508 0x0 0x1740005 0x0 0x0 0x0 0x0 0x0 0x17a0002 0x0 0x1840002 0x0 0x19a0002 0x0 0x1a50005 0x0 0x0 0x0 0x0 0x0 0x1ac0002 0x0 0x1be0002 0x0 0x1c90005 0x0 0x0 0x0 0x0 0x0 0x1cf0004 0x0 0x0 0x0 0x0 0x0 0x1d20005 0x0 0x0 0x0 0x0 0x0 0x1de0007 0x0 0x68 0x0 0x1e30005 0x0 0x0 0x0 0x0 0x0 0x1eb0003 0x0 0xffffffffffffffb0 0x1f00005 0x0 0x0 0x0 0x0 0x0 0x1f60002 0x0 0x1fd0005 0x0 0x0 0x0 0x0 0x0 0x2000007 0x0 0x58 0x0 0x2050002 0x0 0x21c0002 0x0 0x2210003 0x0 0x38 0x23a0002 0x0 0x23d0002 0x0 0x2480005 0x0 0x0 0x0 0x0 0x0 0x24e0005 0x0 0x0 0x0 0x0 0x0 0x2510002 0x0 0x2630002 0x0 0x26e0005 0x0 0x0 0x0 0x0 0x0 0x2740005 0x0 0x0 0x0 0x0 0x0 0x27a0002 0x0 0x2860005 0x0 0x0 0x0 0x0 0x0 0x2890002 0x0 0x2920002 0x0 0x29c0002 0x0 0x2a70005 0x0 0x0 0x0 0x0 0x0 0x2ae0005 0x0 0x0 0x0 0x0 0x0 0x2b10005 0x0 0x0 0x0 0x0 0x0 0x2b40002 0x0 0x2c60002 0x0 0x2d10005 0x0 0x0 0x0 0x0 0x0 0x2db0002 0x0 0x2e00003 0x0 0xe0 0x2e70007 0x1e2 0x20 0x0 0x2f40007 0x1e2 0xa8 0x0 0x2fa0005 0x0 0x0 0x0 0x0 0x0 0x2fd0004 0x0 0x0 0x0 0x0 0x0 0x3030003 0x0 0x28 0x3100002 0x0 0x3190002 0x1e2 0x3260002 0x1e2 0x3300007 0x88 0x138 0x15a 0x3350005 0x15a 0x0 0x0 0x0 0x0 0x3380007 0x142 0xe8 0x18 0x34b0004 0x0 0x16f07fd0 0x18 0x0 0x0 0x34e0005 0x18 0x0 0x0 0x0 0x0 0x3510005 0x18 0x0 0x0 0x0 0x0 0x3540002 0x18 0x35e0002 0x18 0x3660003 0x18 0xd8 0x36b0007 0x88 0xc0 0x142 0x3700005 0x142 0x0 0x0 0x0 0x0 0x3730007 0xc3 0x70 0x7f 0x3860005 0x7f 0x0 0x0 0x0 0x0 0x3890002 0x7f 0x3930002 0x7f 0x39f0007 0x1de 0x78 0x4 0x3a40005 0x4 0x0 0x0 0x0 0x0 0x3a70002 0x4 0x3ac0003 0x4 0x460 0x3b10007 0x112 0x448 0xcc 0x3b70007 0xb7 0x428 0x15 0x3bd0005 0x15 0x0 0x0 0x0 0x0 0x3c00005 0x15 0x0 0x0 0x0 0x0 0x3c80005 0x15 0x0 0x0 0x0 0x0 0x3cb0005 0x15 0x0 0x0 0x0 0x0 0x3d20005 0x0 0x16f07f20 0x12 0x16f08080 0x3 0x3d70007 0x3 0x70 0x12 0x3dc0005 0x0 0x16f07f20 0x10 0x16f08080 0x2 0x3e10007 0x10 0x2c8 0x2 0x3ed0005 0x5 0x0 0x0 0x0 0x0 0x3f30005 0x5 0x0 0x0 0x0 0x0 0x3f60005 0x0 0x16f08130 0x5 0x0 0x0 0x3fb0007 0x0 0x218 0x5 0x4000005 0x0 0x16f08080 0x3 0x16f07f20 0x2 0x4050007 0x2 0x158 0x3 0x40a0004 0x0 0x16f08080 0x3 0x0 0x0 0x4110005 0x3 0x0 0x0 0x0 0x0 0x4180005 0x3 0x0 0x0 0x0 0x0 0x41d0007 0x3 0x108 0x0 0x4260004 0x0 0x0 0x0 0x0 0x0 0x42d0005 0x0 0x0 0x0 0x0 0x0 0x4310002 0x0 0x4360003 0x0 0x78 0x43b0004 0x0 0x16f08080 0x2 0x0 0x0 0x4420005 0x2 0x0 0x0 0x0 0x0 0x44f0002 0x5 0x4550005 0x1e2 0x0 0x0 0x0 0x0 0x45b0005 0x1e2 0x0 0x0 0x0 0x0 0x4620005 0x1e2 0x0 0x0 0x0 0x0 0x4740007 0x1e2 0x120 0x0 0x4790005 0x0 0x0 0x0 0x0 0x0 0x47c0007 0x0 0x48 0x0 0x48c0002 0x0 0x4960003 0x0 0x3d8 0x49b0005 0x0 0x0 0x0 0x0 0x0 0x4ae0002 0x0 0x4b60005 0x0 0x0 0x0 0x0 0x0 0x4bc0003 0x0 0x350 0x4c30007 0x1c2 0x1b8 0x20 0x4c80005 0x20 0x0 0x0 0x0 0x0 0x4cb0007 0x8 0x130 0x18 0x4d10005 0x18 0x0 0x0 0x0 0x0 0x4d80005 0x18 0x0 0x0 0x0 0x0 0x4df0005 0x18 0x0 0x0 0x0 0x0 0x4e20007 0x1 0x80 0x17 0x4ef0002 0x17 0x4f70002 0x17 0x4fc0002 0x17 0x4ff0005 0x0 0x16f07dc0 0x17 0x0 0x0 0x5100002 0x20 0x51f0002 0x20 0x5270003 0x20 0x198 0x52c0007 0xa7 0xc0 0x11b 0x5310007 0x49 0x78 0xd2 0x5440002 0xd2 0x5530005 0x0 0x16f081e0 0xd2 0x0 0x0 0x55b0003 0xd2 0x100 0x56c0002 0x49 0x5710003 0x49 0xd8 0x5760007 0x85 0xb0 0x22 0x5870002 0x22 0x5950007 0x21 0x38 0x1 0x59d0003 0x1 0x70 0x5a50005 0x0 0x16f081e0 0x21 0x0 0x0 0x5ad0003 0x21 0x28 0x5bc0002 0x85 0x5c70005 0x0 0x16f07dc0 0x1e2 0x0 0x0 0x5cd0007 0x14b 0x50 0x97 0x5d60005 0x0 0x16f07dc0 0x97 0x0 0x0 0x5dc0007 0x1e2 0xa0 0x0 0x5f40005 0x0 0x0 0x0 0x0 0x0 0x5f70002 0x0 0x5fe0002 0x0 0x6090005 0x0 0x0 0x0 0x0 0x0 oops 19 118 java/util/ArrayList 124 com/android/dx/rop/code/RegisterSpec 165 java/util/ArrayList 171 com/android/dx/rop/type/Type 403 com/android/dx/rop/cst/CstMethodRef 499 com/android/dx/rop/type/Type 501 com/android/dx/rop/cst/CstInteger 509 com/android/dx/rop/type/Type 511 com/android/dx/rop/cst/CstInteger 531 com/android/dx/rop/code/DexTranslationAdvice 541 com/android/dx/rop/cst/CstInteger 543 com/android/dx/rop/type/Type 551 com/android/dx/rop/cst/CstInteger 590 com/android/dx/rop/cst/CstInteger