#
# There is insufficient memory for the Java Runtime Environment to continue.
# Native memory allocation (malloc) failed to allocate 1686096 bytes for Chunk::new
# Possible reasons:
#   The system is out of physical RAM or swap space
#   In 32 bit mode, the process size limit was hit
# Possible solutions:
#   Reduce memory load on the system
#   Increase physical memory or swap space
#   Check if swap backing store is full
#   Use 64 bit Java on a 64 bit OS
#   Decrease Java heap size (-Xmx/-Xms)
#   Decrease number of Java threads
#   Decrease Java thread stack sizes (-Xss)
#   Set larger code cache with -XX:ReservedCodeCacheSize=
# This output file may be truncated or incomplete.
#
#  Out of Memory Error (allocation.cpp:390), pid=365348, tid=0x0000000000058ed4
#
# JRE version: OpenJDK Runtime Environment (8.0_76-b03) (build 1.8.0_76-release-b03)
# Java VM: OpenJDK 64-Bit Server VM (25.76-b03 mixed mode windows-amd64 compressed oops)
# Failed to write core dump. Minidumps are not enabled by default on client versions of Windows
#

---------------  T H R E A D  ---------------

Current thread (0x000000001449e800):  JavaThread "C2 CompilerThread0" daemon [_thread_in_native, id=364244, stack(0x0000000015ad0000,0x0000000015bd0000)]

Stack: [0x0000000015ad0000,0x0000000015bd0000]
[error occurred during error reporting (printing stack bounds), id 0xc0000005]

Native frames: (J=compiled Java code, j=interpreted, Vv=VM code, C=native code)


Current CompileTask:
C2:  21241 3694       4       groovy.lang.MetaClassImpl$1MOPIter::methodNameAction (479 bytes)


---------------  P R O C E S S  ---------------

Java Threads: ( => current thread )
  0x0000000019032800 JavaThread "File lock request listener" [_thread_in_native, id=349068, stack(0x0000000019fc0000,0x000000001a0c0000)]
  0x0000000017142000 JavaThread "Stdin handler" [_thread_blocked, id=364820, stack(0x00000000188f0000,0x00000000189f0000)]
  0x0000000017141800 JavaThread "Asynchronous log dispatcher for org.gradle.launcher.daemon.server.DefaultDaemonConnection@a5a5abc" [_thread_blocked, id=364812, stack(0x00000000187f0000,0x00000000188f0000)]
  0x000000001713c000 JavaThread "Daemon worker" [_thread_in_native, id=365556, stack(0x00000000186f0000,0x00000000187f0000)]
  0x0000000017139800 JavaThread "Cancel handler" [_thread_blocked, id=364736, stack(0x00000000185f0000,0x00000000186f0000)]
  0x0000000016fd2800 JavaThread "Handler for socket connection from /127.0.0.1:62337 to /127.0.0.1:62340" [_thread_in_native, id=364824, stack(0x00000000184f0000,0x00000000185f0000)]
  0x0000000016fd5800 JavaThread "Daemon" [_thread_blocked, id=365100, stack(0x00000000183f0000,0x00000000184f0000)]
  0x00000000178b6800 JavaThread "pool-1-thread-1" [_thread_blocked, id=365560, stack(0x00000000182f0000,0x00000000183f0000)]
  0x0000000017878800 JavaThread "Incoming local TCP Connector on port 62337" [_thread_in_native, id=363648, stack(0x0000000016bd0000,0x0000000016cd0000)]
  0x0000000015df0800 JavaThread "Service Thread" daemon [_thread_blocked, id=365516, stack(0x00000000161d0000,0x00000000162d0000)]
  0x00000000144a5000 JavaThread "C1 CompilerThread2" daemon [_thread_blocked, id=365324, stack(0x0000000015cd0000,0x0000000015dd0000)]
  0x00000000144a1800 JavaThread "C2 CompilerThread1" daemon [_thread_in_native, id=353808, stack(0x0000000015bd0000,0x0000000015cd0000)]
=>0x000000001449e800 JavaThread "C2 CompilerThread0" daemon [_thread_in_native, id=364244, stack(0x0000000015ad0000,0x0000000015bd0000)]
  0x0000000014499800 JavaThread "Attach Listener" daemon [_thread_blocked, id=365344, stack(0x00000000159d0000,0x0000000015ad0000)]
  0x0000000014498800 JavaThread "Signal Dispatcher" daemon [_thread_blocked, id=365320, stack(0x00000000158d0000,0x00000000159d0000)]
  0x0000000014488800 JavaThread "Finalizer" daemon [_thread_blocked, id=364588, stack(0x00000000156f0000,0x00000000157f0000)]
  0x0000000001dc1000 JavaThread "Reference Handler" daemon [_thread_blocked, id=340480, stack(0x00000000155f0000,0x00000000156f0000)]
  0x000000000025e000 JavaThread "main" [_thread_blocked, id=361028, stack(0x0000000000450000,0x0000000000550000)]

Other Threads:
  0x0000000014465800 VMThread [stack: 0x00000000154f0000,0x00000000155f0000] [id=362780]
  0x00000000144b9000 WatcherThread [stack: 0x00000000162d0000,0x00000000163d0000] [id=365492]

VM state:not at safepoint (normal execution)

VM Mutex/Monitor currently owned by a thread: None

Heap:
 PSYoungGen      total 70144K, used 19334K [0x00000000eab00000, 0x00000000f0a80000, 0x0000000100000000)
  eden space 61952K, 31% used [0x00000000eab00000,0x00000000ebde1828,0x00000000ee780000)
  from space 8192K, 0% used [0x00000000ee780000,0x00000000ee780000,0x00000000eef80000)
  to   space 9728K, 0% used [0x00000000f0100000,0x00000000f0100000,0x00000000f0a80000)
 ParOldGen       total 63488K, used 17502K [0x00000000c0000000, 0x00000000c3e00000, 0x00000000eab00000)
  object space 63488K, 27% used [0x00000000c0000000,0x00000000c1117ba0,0x00000000c3e00000)
 Metaspace       used 37028K, capacity 37870K, committed 38272K, reserved 1083392K
  class space    used 4934K, capacity 5189K, committed 5248K, reserved 1048576K

Card table byte_map: [0x0000000011190000,0x00000000113a0000] byte_map_base: 0x0000000010b90000

Marking Bits: (ParMarkBitMap*) 0x0000000063c29d00
 Begin Bits: [0x0000000011900000, 0x0000000012900000)
 End Bits:   [0x0000000012900000, 0x0000000013900000)

Polling page: 0x00000000002c0000

CodeCache: size=245760Kb used=12794Kb max_used=13354Kb free=232965Kb
 bounds [0x0000000001dd0000, 0x0000000002af0000, 0x0000000010dd0000]
 total_blobs=4143 nmethods=3434 adapters=622
 compilation: enabled

Compilation events (10 events):
Event: 21.111 Thread 0x00000000144a5000 3751       3       java.lang.invoke.MethodType::insertParameterTypes (106 bytes)
Event: 21.113 Thread 0x00000000144a5000 nmethod 3751 0x00000000022addd0 code [0x00000000022ae080, 0x00000000022af388]
Event: 21.114 Thread 0x00000000144a5000 3753       3       java.lang.invoke.MethodType::toMethodDescriptorString (21 bytes)
Event: 21.115 Thread 0x00000000144a5000 nmethod 3753 0x0000000002202690 code [0x00000000022028a0, 0x0000000002203398]
Event: 21.116 Thread 0x00000000144a5000 3754       3       java.lang.invoke.LambdaForm::internArgument (84 bytes)
Event: 21.117 Thread 0x00000000144a5000 nmethod 3754 0x00000000021f82d0 code [0x00000000021f8460, 0x00000000021f88c8]
Event: 21.118 Thread 0x00000000144a5000 3755       3       jdk.internal.org.objectweb.asm.Item::<init> (5 bytes)
Event: 21.118 Thread 0x00000000144a5000 nmethod 3755 0x0000000001f123d0 code [0x0000000001f12520, 0x0000000001f126d0]
Event: 21.119 Thread 0x00000000144a5000 3756       3       jdk.internal.org.objectweb.asm.AnnotationWriter::<init> (34 bytes)
Event: 21.119 Thread 0x00000000144a5000 nmethod 3756 0x0000000002664490 code [0x0000000002664600, 0x0000000002664888]

GC Heap History (10 events):
Event: 10.189 GC heap before
{Heap before GC invocations=9 (full 1):
 PSYoungGen      total 39936K, used 32768K [0x00000000eab00000, 0x00000000efa00000, 0x0000000100000000)
  eden space 32768K, 100% used [0x00000000eab00000,0x00000000ecb00000,0x00000000ecb00000)
  from space 7168K, 0% used [0x00000000ecb00000,0x00000000ecb00000,0x00000000ed200000)
  to   space 7680K, 0% used [0x00000000ef280000,0x00000000ef280000,0x00000000efa00000)
 ParOldGen       total 38912K, used 9051K [0x00000000c0000000, 0x00000000c2600000, 0x00000000eab00000)
  object space 38912K, 23% used [0x00000000c0000000,0x00000000c08d6d90,0x00000000c2600000)
 Metaspace       used 23283K, capacity 23844K, committed 24064K, reserved 1071104K
  class space    used 3123K, capacity 3279K, committed 3328K, reserved 1048576K
Event: 10.202 GC heap after
Heap after GC invocations=9 (full 1):
 PSYoungGen      total 52224K, used 4522K [0x00000000eab00000, 0x00000000ef700000, 0x0000000100000000)
  eden space 47616K, 0% used [0x00000000eab00000,0x00000000eab00000,0x00000000ed980000)
  from space 4608K, 98% used [0x00000000ef280000,0x00000000ef6eaa40,0x00000000ef700000)
  to   space 7168K, 0% used [0x00000000ee900000,0x00000000ee900000,0x00000000ef000000)
 ParOldGen       total 38912K, used 9059K [0x00000000c0000000, 0x00000000c2600000, 0x00000000eab00000)
  object space 38912K, 23% used [0x00000000c0000000,0x00000000c08d8d90,0x00000000c2600000)
 Metaspace       used 23283K, capacity 23844K, committed 24064K, reserved 1071104K
  class space    used 3123K, capacity 3279K, committed 3328K, reserved 1048576K
}
Event: 11.373 GC heap before
{Heap before GC invocations=10 (full 1):
 PSYoungGen      total 52224K, used 52138K [0x00000000eab00000, 0x00000000ef700000, 0x0000000100000000)
  eden space 47616K, 100% used [0x00000000eab00000,0x00000000ed980000,0x00000000ed980000)
  from space 4608K, 98% used [0x00000000ef280000,0x00000000ef6eaa40,0x00000000ef700000)
  to   space 7168K, 0% used [0x00000000ee900000,0x00000000ee900000,0x00000000ef000000)
 ParOldGen       total 38912K, used 9059K [0x00000000c0000000, 0x00000000c2600000, 0x00000000eab00000)
  object space 38912K, 23% used [0x00000000c0000000,0x00000000c08d8d90,0x00000000c2600000)
 Metaspace       used 27084K, capacity 27710K, committed 27776K, reserved 1073152K
  class space    used 3738K, capacity 3903K, committed 3968K, reserved 1048576K
Event: 11.390 GC heap after
Heap after GC invocations=10 (full 1):
 PSYoungGen      total 67584K, used 6611K [0x00000000eab00000, 0x00000000ef580000, 0x0000000100000000)
  eden space 60928K, 0% used [0x00000000eab00000,0x00000000eab00000,0x00000000ee680000)
  from space 6656K, 99% used [0x00000000ee900000,0x00000000eef74f68,0x00000000eef80000)
  to   space 6144K, 0% used [0x00000000eef80000,0x00000000eef80000,0x00000000ef580000)
 ParOldGen       total 38912K, used 9059K [0x00000000c0000000, 0x00000000c2600000, 0x00000000eab00000)
  object space 38912K, 23% used [0x00000000c0000000,0x00000000c08d8d90,0x00000000c2600000)
 Metaspace       used 27084K, capacity 27710K, committed 27776K, reserved 1073152K
  class space    used 3738K, capacity 3903K, committed 3968K, reserved 1048576K
}
Event: 14.597 GC heap before
{Heap before GC invocations=11 (full 1):
 PSYoungGen      total 67584K, used 67539K [0x00000000eab00000, 0x00000000ef580000, 0x0000000100000000)
  eden space 60928K, 100% used [0x00000000eab00000,0x00000000ee680000,0x00000000ee680000)
  from space 6656K, 99% used [0x00000000ee900000,0x00000000eef74f68,0x00000000eef80000)
  to   space 6144K, 0% used [0x00000000eef80000,0x00000000eef80000,0x00000000ef580000)
 ParOldGen       total 38912K, used 9059K [0x00000000c0000000, 0x00000000c2600000, 0x00000000eab00000)
  object space 38912K, 23% used [0x00000000c0000000,0x00000000c08d8d90,0x00000000c2600000)
 Metaspace       used 28710K, capacity 29340K, committed 29568K, reserved 1075200K
  class space    used 3910K, capacity 4100K, committed 4224K, reserved 1048576K
Event: 14.651 GC heap after
Heap after GC invocations=11 (full 1):
 PSYoungGen      total 68096K, used 5543K [0x00000000eab00000, 0x00000000f0780000, 0x0000000100000000)
  eden space 61952K, 0% used [0x00000000eab00000,0x00000000eab00000,0x00000000ee780000)
  from space 6144K, 90% used [0x00000000eef80000,0x00000000ef4e9de0,0x00000000ef580000)
  to   space 8192K, 0% used [0x00000000ee780000,0x00000000ee780000,0x00000000eef80000)
 ParOldGen       total 38912K, used 9067K [0x00000000c0000000, 0x00000000c2600000, 0x00000000eab00000)
  object space 38912K, 23% used [0x00000000c0000000,0x00000000c08dad90,0x00000000c2600000)
 Metaspace       used 28710K, capacity 29340K, committed 29568K, reserved 1075200K
  class space    used 3910K, capacity 4100K, committed 4224K, reserved 1048576K
}
Event: 20.420 GC heap before
{Heap before GC invocations=12 (full 1):
 PSYoungGen      total 68096K, used 67495K [0x00000000eab00000, 0x00000000f0780000, 0x0000000100000000)
  eden space 61952K, 100% used [0x00000000eab00000,0x00000000ee780000,0x00000000ee780000)
  from space 6144K, 90% used [0x00000000eef80000,0x00000000ef4e9de0,0x00000000ef580000)
  to   space 8192K, 0% used [0x00000000ee780000,0x00000000ee780000,0x00000000eef80000)
 ParOldGen       total 38912K, used 9067K [0x00000000c0000000, 0x00000000c2600000, 0x00000000eab00000)
  object space 38912K, 23% used [0x00000000c0000000,0x00000000c08dad90,0x00000000c2600000)
 Metaspace       used 34413K, capacity 35252K, committed 35496K, reserved 1079296K
  class space    used 4610K, capacity 4848K, committed 4864K, reserved 1048576K
Event: 20.464 GC heap after
Heap after GC invocations=12 (full 1):
 PSYoungGen      total 70144K, used 8174K [0x00000000eab00000, 0x00000000f0a80000, 0x0000000100000000)
  eden space 61952K, 0% used [0x00000000eab00000,0x00000000eab00000,0x00000000ee780000)
  from space 8192K, 99% used [0x00000000ee780000,0x00000000eef7b960,0x00000000eef80000)
  to   space 9728K, 0% used [0x00000000f0100000,0x00000000f0100000,0x00000000f0a80000)
 ParOldGen       total 38912K, used 10920K [0x00000000c0000000, 0x00000000c2600000, 0x00000000eab00000)
  object space 38912K, 28% used [0x00000000c0000000,0x00000000c0aaa390,0x00000000c2600000)
 Metaspace       used 34413K, capacity 35252K, committed 35496K, reserved 1079296K
  class space    used 4610K, capacity 4848K, committed 4864K, reserved 1048576K
}
Event: 20.464 GC heap before
{Heap before GC invocations=13 (full 2):
 PSYoungGen      total 70144K, used 8174K [0x00000000eab00000, 0x00000000f0a80000, 0x0000000100000000)
  eden space 61952K, 0% used [0x00000000eab00000,0x00000000eab00000,0x00000000ee780000)
  from space 8192K, 99% used [0x00000000ee780000,0x00000000eef7b960,0x00000000eef80000)
  to   space 9728K, 0% used [0x00000000f0100000,0x00000000f0100000,0x00000000f0a80000)
 ParOldGen       total 38912K, used 10920K [0x00000000c0000000, 0x00000000c2600000, 0x00000000eab00000)
  object space 38912K, 28% used [0x00000000c0000000,0x00000000c0aaa390,0x00000000c2600000)
 Metaspace       used 34413K, capacity 35252K, committed 35496K, reserved 1079296K
  class space    used 4610K, capacity 4848K, committed 4864K, reserved 1048576K
Event: 20.752 GC heap after
Heap after GC invocations=13 (full 2):
 PSYoungGen      total 70144K, used 0K [0x00000000eab00000, 0x00000000f0a80000, 0x0000000100000000)
  eden space 61952K, 0% used [0x00000000eab00000,0x00000000eab00000,0x00000000ee780000)
  from space 8192K, 0% used [0x00000000ee780000,0x00000000ee780000,0x00000000eef80000)
  to   space 9728K, 0% used [0x00000000f0100000,0x00000000f0100000,0x00000000f0a80000)
 ParOldGen       total 63488K, used 17502K [0x00000000c0000000, 0x00000000c3e00000, 0x00000000eab00000)
  object space 63488K, 27% used [0x00000000c0000000,0x00000000c1117ba0,0x00000000c3e00000)
 Metaspace       used 34413K, capacity 35252K, committed 35496K, reserved 1079296K
  class space    used 4610K, capacity 4848K, committed 4864K, reserved 1048576K
}

Deoptimization events (10 events):
Event: 19.531 Thread 0x000000001713c000 Uncommon trap: reason=class_check action=maybe_recompile pc=0x00000000028035bc method=java.util.Hashtable.addEntry(ILjava/lang/Object;Ljava/lang/Object;I)V @ 38
Event: 19.584 Thread 0x000000001713c000 Uncommon trap: reason=bimorphic action=maybe_recompile pc=0x00000000029e5944 method=java.security.MessageDigest$Delegate.engineUpdate([BII)V @ 7
Event: 19.590 Thread 0x000000001713c000 Uncommon trap: reason=bimorphic action=maybe_recompile pc=0x00000000029e5944 method=java.security.MessageDigest$Delegate.engineUpdate([BII)V @ 7
Event: 19.612 Thread 0x000000001713c000 Uncommon trap: reason=bimorphic action=maybe_recompile pc=0x00000000029e4b8c method=sun.security.provider.DigestBase.engineUpdate([BII)V @ 128
Event: 19.617 Thread 0x000000001713c000 Uncommon trap: reason=bimorphic action=maybe_recompile pc=0x00000000029e4b8c method=sun.security.provider.DigestBase.engineUpdate([BII)V @ 128
Event: 19.626 Thread 0x000000001713c000 Uncommon trap: reason=bimorphic action=maybe_recompile pc=0x00000000029e4b8c method=sun.security.provider.DigestBase.engineUpdate([BII)V @ 128
Event: 19.795 Thread 0x000000001713c000 Uncommon trap: reason=unstable_if action=reinterpret pc=0x000000000231cfdc method=java.math.BigInteger.addOne([IIII)I @ 55
Event: 19.873 Thread 0x000000001713c000 Uncommon trap: reason=unstable_if action=reinterpret pc=0x0000000002aaec50 method=java.lang.CharacterDataLatin1.digit(II)I @ 60
Event: 19.876 Thread 0x000000001713c000 Uncommon trap: reason=unstable_if action=reinterpret pc=0x000000000208db6c method=java.lang.CharacterDataLatin1.digit(II)I @ 60
Event: 20.759 Thread 0x0000000014488800 Uncommon trap: reason=unstable_if action=reinterpret pc=0x000000000298c08c method=java.util.HashMap$HashIterator.<init>(Ljava/util/HashMap;)V @ 45

Internal exceptions (10 events):
Event: 18.229 Thread 0x000000001713c000 Exception <a 'java/lang/ClassNotFoundException': org/gradle/api/internal/AbstractTaskCustomizer> (0x00000000ec6134b8) thrown at [C:\src\android\AOSP-openjdk\external\jetbrains\jdk\hotspot\src\share\vm\classfile\systemDictionary.cpp, line 210]
Event: 18.235 Thread 0x000000001713c000 Exception <a 'java/lang/ClassNotFoundException': org/gradle/api/DefaultTaskCustomizer> (0x00000000ec68e978) thrown at [C:\src\android\AOSP-openjdk\external\jetbrains\jdk\hotspot\src\share\vm\classfile\systemDictionary.cpp, line 210]
Event: 18.237 Thread 0x000000001713c000 Exception <a 'java/lang/ClassNotFoundException': org/gradle/api/internal/ConventionTaskCustomizer> (0x00000000ec6c0388) thrown at [C:\src\android\AOSP-openjdk\external\jetbrains\jdk\hotspot\src\share\vm\classfile\systemDictionary.cpp, line 210]
Event: 18.239 Thread 0x000000001713c000 Exception <a 'java/lang/ClassNotFoundException': org/gradle/api/tasks/DeleteCustomizer> (0x00000000ec6f0450) thrown at [C:\src\android\AOSP-openjdk\external\jetbrains\jdk\hotspot\src\share\vm\classfile\systemDictionary.cpp, line 210]
Event: 18.242 Thread 0x000000001713c000 Exception <a 'java/lang/ClassNotFoundException': org/gradle/api/tasks/Delete_DecoratedCustomizer> (0x00000000ec729a20) thrown at [C:\src\android\AOSP-openjdk\external\jetbrains\jdk\hotspot\src\share\vm\classfile\systemDictionary.cpp, line 210]
Event: 18.250 Thread 0x0000000017141800 Implicit null exception at 0x00000000029b4330 to 0x00000000029b45e5
Event: 18.356 Thread 0x000000001713c000 Exception <a 'java/lang/ClassNotFoundException': build_ef6tub9nvgl5hr3u8ra3or967BeanInfo> (0x00000000ec7d7468) thrown at [C:\src\android\AOSP-openjdk\external\jetbrains\jdk\hotspot\src\share\vm\classfile\systemDictionary.cpp, line 210]
Event: 18.357 Thread 0x000000001713c000 Exception <a 'java/lang/ClassNotFoundException': build_ef6tub9nvgl5hr3u8ra3or967Customizer> (0x00000000ec7e07c8) thrown at [C:\src\android\AOSP-openjdk\external\jetbrains\jdk\hotspot\src\share\vm\classfile\systemDictionary.cpp, line 210]
Event: 20.302 Thread 0x000000001713c000 Exception <a 'java/lang/ClassNotFoundException': build_ef6tub9nvgl5hr3u8ra3or967BeanInfo> (0x00000000ee4802d0) thrown at [C:\src\android\AOSP-openjdk\external\jetbrains\jdk\hotspot\src\share\vm\classfile\systemDictionary.cpp, line 210]
Event: 20.302 Thread 0x000000001713c000 Exception <a 'java/lang/ClassNotFoundException': build_ef6tub9nvgl5hr3u8ra3or967Customizer> (0x00000000ee48ec90) thrown at [C:\src\android\AOSP-openjdk\external\jetbrains\jdk\hotspot\src\share\vm\classfile\systemDictionary.cpp, line 210]

Events (10 events):
Event: 21.224 loading class com/android/repository/api/RepoManager
Event: 21.224 loading class com/android/repository/api/RepoManager done
Event: 21.226 loading class com/android/repository/impl/manager/RepoManagerImpl
Event: 21.226 loading class com/android/repository/impl/manager/RepoManagerImpl done
Event: 21.228 loading class com/android/repository/api/ProgressRunner
Event: 21.228 loading class com/android/repository/api/ProgressRunner done
Event: 21.229 loading class com/android/repository/api/SchemaModule
Event: 21.229 loading class com/android/repository/api/SchemaModule done
Event: 21.230 loading class com/android/repository/impl/generated/v1/ObjectFactory
Event: 21.230 loading class com/android/repository/impl/generated/v1/ObjectFactory done


Dynamic libraries:
0x00007ff644870000 - 0x00007ff6448a1000 	C:\Program Files\Android\Android Studio\jre\bin\java.exe
0x00007ffbcbde0000 - 0x00007ffbcbf8d000 	C:\windows\SYSTEM32\ntdll.dll
0x00007ffbc9fb0000 - 0x00007ffbca0ee000 	C:\windows\system32\KERNEL32.DLL
0x00007ffbc9260000 - 0x00007ffbc9375000 	C:\windows\system32\KERNELBASE.dll
0x00007ffbc9660000 - 0x00007ffbc970a000 	C:\windows\system32\ADVAPI32.dll
0x00007ffbc9a20000 - 0x00007ffbc9b97000 	C:\windows\system32\USER32.dll
0x00007ffbc6970000 - 0x00007ffbc6beb000 	C:\windows\WinSxS\amd64_microsoft.windows.common-controls_6595b64144ccf1df_6.0.9600.18006_none_623f33d3ecbe86e8\COMCTL32.dll
0x00007ffbca800000 - 0x00007ffbca8aa000 	C:\windows\system32\msvcrt.dll
0x00007ffbc94c0000 - 0x00007ffbc9519000 	C:\windows\SYSTEM32\sechost.dll
0x00007ffbc9520000 - 0x00007ffbc9660000 	C:\windows\system32\RPCRT4.dll
0x00007ffbc98d0000 - 0x00007ffbc9a1f000 	C:\windows\system32\GDI32.dll
0x00007ffbc93e0000 - 0x00007ffbc940e000 	C:\windows\system32\SspiCli.dll
0x00007ffbca6c0000 - 0x00007ffbca6f6000 	C:\windows\system32\IMM32.DLL
0x00007ffbca310000 - 0x00007ffbca462000 	C:\windows\system32\MSCTF.dll
0x00000000632b0000 - 0x0000000063382000 	C:\Program Files\Android\Android Studio\jre\jre\bin\msvcr100.dll
0x0000000063470000 - 0x0000000063ca4000 	C:\Program Files\Android\Android Studio\jre\jre\bin\server\jvm.dll
0x00007ffbc0460000 - 0x00007ffbc0469000 	C:\windows\SYSTEM32\WSOCK32.dll
0x00007ffbbbe30000 - 0x00007ffbbbe52000 	C:\windows\SYSTEM32\WINMM.dll
0x00007ffbc1040000 - 0x00007ffbc104a000 	C:\windows\SYSTEM32\VERSION.dll
0x00007ffbc9c70000 - 0x00007ffbc9c77000 	C:\windows\system32\PSAPI.DLL
0x00007ffbc9460000 - 0x00007ffbc94ba000 	C:\windows\system32\WS2_32.dll
0x00007ffbbb960000 - 0x00007ffbbb98a000 	C:\windows\SYSTEM32\WINMMBASE.dll
0x00007ffbc9c60000 - 0x00007ffbc9c69000 	C:\windows\system32\NSI.dll
0x00007ffbc9410000 - 0x00007ffbc945f000 	C:\windows\SYSTEM32\cfgmgr32.dll
0x00007ffbc7d20000 - 0x00007ffbc7d48000 	C:\windows\SYSTEM32\DEVOBJ.dll
0x00007ffbc5e20000 - 0x00007ffbc5e2f000 	C:\Program Files\Android\Android Studio\jre\jre\bin\verify.dll
0x00007ffbc4000000 - 0x00007ffbc4029000 	C:\Program Files\Android\Android Studio\jre\jre\bin\java.dll
0x00007ffbc4600000 - 0x00007ffbc4616000 	C:\Program Files\Android\Android Studio\jre\jre\bin\zip.dll
0x00007ffbca8b0000 - 0x00007ffbcbdd8000 	C:\windows\system32\SHELL32.dll
0x00007ffbca0f0000 - 0x00007ffbca301000 	C:\windows\SYSTEM32\combase.dll
0x00007ffbca650000 - 0x00007ffbca6a4000 	C:\windows\system32\SHLWAPI.dll
0x00007ffbc72f0000 - 0x00007ffbc73a2000 	C:\windows\SYSTEM32\SHCORE.dll
0x00007ffbc8f00000 - 0x00007ffbc8f15000 	C:\windows\SYSTEM32\profapi.dll
0x00007ffbc3fe0000 - 0x00007ffbc3ffa000 	C:\Program Files\Android\Android Studio\jre\jre\bin\net.dll
0x00007ffbc8810000 - 0x00007ffbc8869000 	C:\windows\system32\mswsock.dll
0x00007ffbc3fc0000 - 0x00007ffbc3fd1000 	C:\Program Files\Android\Android Studio\jre\jre\bin\nio.dll
0x00007ffbc3ad0000 - 0x00007ffbc3ae2000 	C:\Users\bruh\.gradle\native\19\windows-amd64\native-platform.dll
0x00007ffbc8870000 - 0x00007ffbc8890000 	C:\windows\SYSTEM32\CRYPTSP.dll
0x00007ffbc8440000 - 0x00007ffbc8476000 	C:\windows\system32\rsaenh.dll
0x00007ffbc8ac0000 - 0x00007ffbc8ae6000 	C:\windows\SYSTEM32\bcrypt.dll
0x00007ffbc8550000 - 0x00007ffbc8571000 	C:\windows\SYSTEM32\USERENV.dll
0x00007ffbc8dd0000 - 0x00007ffbc8e33000 	C:\windows\system32\bcryptprimitives.dll
0x00007ffbc8e40000 - 0x00007ffbc8e4b000 	C:\windows\SYSTEM32\CRYPTBASE.dll
0x00007ffbc42e0000 - 0x00007ffbc430a000 	C:\windows\SYSTEM32\IPHLPAPI.DLL
0x00007ffbc42c0000 - 0x00007ffbc42ca000 	C:\windows\SYSTEM32\WINNSI.DLL
0x00007ffbc4080000 - 0x00007ffbc4096000 	C:\windows\SYSTEM32\dhcpcsvc6.DLL
0x00007ffbc3ed0000 - 0x00007ffbc3eea000 	C:\windows\SYSTEM32\dhcpcsvc.DLL
0x00007ffbc3fb0000 - 0x00007ffbc3fbd000 	C:\Program Files\Android\Android Studio\jre\jre\bin\management.dll
0x00007ffbbe840000 - 0x00007ffbbe864000 	C:\Program Files\Android\Android Studio\jre\jre\bin\sunec.dll
0x00007ffbc8610000 - 0x00007ffbc86b4000 	C:\windows\SYSTEM32\DNSAPI.dll
0x0000000064220000 - 0x0000000064246000 	C:\Program Files\Bonjour\mdnsNSP.dll
0x00007ffbbf1a0000 - 0x00007ffbbf1aa000 	C:\Windows\System32\rasadhlp.dll
0x00007ffbc40b0000 - 0x00007ffbc411b000 	C:\windows\System32\fwpuclnt.dll

VM Arguments:
jvm_args: -XX:MaxPermSize=256m -XX:+HeapDumpOnOutOfMemoryError -Xmx1024m -Dfile.encoding=windows-1252 -Duser.country=US -Duser.language=en -Duser.variant 
java_command: org.gradle.launcher.daemon.bootstrap.GradleDaemon 2.14.1
java_class_path (initial): C:\Users\bruh\.gradle\wrapper\dists\gradle-2.14.1-all\8bnwg5hd3w55iofp58khbp6yv\gradle-2.14.1\lib\gradle-launcher-2.14.1.jar
Launcher Type: SUN_STANDARD

Environment Variables:
PATH=C:\Program Files\Java\jdk1.8.0_101\bin\;C:\ProgramData\Oracle\Java\javapath;C:\windows\system32;C:\windows;C:\windows\System32\Wbem;C:\windows\System32\WindowsPowerShell\v1.0\;C:\Program Files\nodejs\;C:\Program Files (x86)\Heroku\bin;C:\Program Files (x86)\git\cmd;C:\Users\bruh\AppData\Roaming\npm;C:\Program Files (x86)\Skype\Phone\;C:\Program Files (x86)\GtkSharp\2.12\bin;C:\Program Files\Java\jdk1.8.0_101\bin\
USERNAME=bruh
OS=Windows_NT
PROCESSOR_IDENTIFIER=Intel64 Family 6 Model 69 Stepping 1, GenuineIntel



---------------  S Y S T E M  ---------------

OS: Windows 8.1 , 64 bit Build 9600 (6.3.9600.17415)

CPU:total 4 (2 cores per cpu, 2 threads per core) family 6 model 69 stepping 1, cmov, cx8, fxsr, mmx, sse, sse2, sse3, ssse3, sse4.1, sse4.2, popcnt, avx, avx2, aes, clmul, erms, lzcnt, ht, tsc, tscinvbit, bmi1, bmi2

Memory: 4k page, physical 4097056k(111856k free), swap 7242784k(6200k free)

vm_info: OpenJDK 64-Bit Server VM (25.76-b03) for windows-amd64 JRE (1.8.0_76-release-b03), built on Jun 29 2016 19:09:20 by "ralucas" with MS VC++ 10.0 (VS2010)

time: Wed Dec 14 15:48:26 2016
elapsed time: 21 seconds (0d 0h 0m 21s)

